040 (11139799.005.000) 2023-07-19 21:18:22 Started transferring input files
	Transferring to host: <128.105.69.191:9618?addrs=128.105.69.191-9618+[2607-f388-2200-100-1270-fdff-fe56-3d4c]-9618&alias=e4044.chtc.wisc.edu&noUDP&sock=slot1_64_3137063_6ce9_21013>
...
040 (11139799.005.000) 2023-07-19 21:18:24 Finished transferring input files
...
001 (11139799.005.000) 2023-07-19 21:18:25 Job executing on host: <128.105.69.191:9618?addrs=128.105.69.191-9618+[2607-f388-2200-100-1270-fdff-fe56-3d4c]-9618&alias=e4044.chtc.wisc.edu&noUDP&sock=startd_15861_e7bc>
	SlotName: slot1_64@e4044.chtc.wisc.edu
	CondorScratchDir = "/var/lib/condor/execute/slot1/dir_1245865"
	Cpus = 1
	Disk = 1208198
	IoHeavy = 0
	Memory = 512
...
006 (11139799.005.000) 2023-07-19 21:18:33 Image size of job updated: 382768
	329  -  MemoryUsage of job (MB)
	336184  -  ResidentSetSize of job (KB)
...
006 (11139799.005.000) 2023-07-19 21:18:45 Image size of job updated: 508312
	329  -  MemoryUsage of job (MB)
	336184  -  ResidentSetSize of job (KB)
...
040 (11139799.005.000) 2023-07-19 21:18:46 Started transferring output files
...
040 (11139799.005.000) 2023-07-19 21:18:46 Finished transferring output files
...
005 (11139799.005.000) 2023-07-19 21:18:48 Job terminated.
	(1) Normal termination (return value 1)
		Usr 0 00:00:15, Sys 0 00:00:03  -  Run Remote Usage
		Usr 0 00:00:00, Sys 0 00:00:00  -  Run Local Usage
		Usr 0 00:00:15, Sys 0 00:00:03  -  Total Remote Usage
		Usr 0 00:00:00, Sys 0 00:00:00  -  Total Local Usage
	3154  -  Run Bytes Sent By Job
	32725180  -  Run Bytes Received By Job
	3154  -  Total Bytes Sent By Job
	32725180  -  Total Bytes Received By Job
	Partitionable Resources :     Usage  Request Allocated 
	   Cpus                 :      0.89        1         1 
	   Disk (KB)            : 256128      524288   1208198 
	   IoHeavy              :                            0 
	   Memory (MB)          :    329         512       512 

	Job terminated of its own accord at 2023-07-20T02:18:45Z with exit-code 1.
...
