000 (11178184.014.000) 2023-07-26 21:10:59 Job submitted from host: <128.104.101.92:9618?addrs=128.104.101.92-9618+[2607-f388-107c-501-a236-9fff-fe3c-caa8]-9618&alias=submit2.chtc.wisc.edu&noUDP&sock=schedd_1879732_618e>
...
040 (11178184.014.000) 2023-07-26 21:13:23 Started transferring input files
	Transferring to host: <128.105.69.92:9618?addrs=128.105.69.92-9618+[2607-f388-2200-100-1270-fdff-fe56-689c]-9618&alias=e4003.chtc.wisc.edu&noUDP&sock=slot1_98_3137456_5459_47842>
...
040 (11178184.014.000) 2023-07-26 21:13:25 Finished transferring input files
...
001 (11178184.014.000) 2023-07-26 21:13:26 Job executing on host: <128.105.69.92:9618?addrs=128.105.69.92-9618+[2607-f388-2200-100-1270-fdff-fe56-689c]-9618&alias=e4003.chtc.wisc.edu&noUDP&sock=startd_14115_4b60>
	SlotName: slot1_98@e4003.chtc.wisc.edu
	CondorScratchDir = "/var/lib/condor/execute/slot1/dir_241768"
	Cpus = 1
	Disk = 1268229
	IoHeavy = 0
	Memory = 512
...
006 (11178184.014.000) 2023-07-26 21:13:35 Image size of job updated: 387536
	249  -  MemoryUsage of job (MB)
	254316  -  ResidentSetSize of job (KB)
...
006 (11178184.014.000) 2023-07-26 21:18:36 Image size of job updated: 524288
	498  -  MemoryUsage of job (MB)
	509744  -  ResidentSetSize of job (KB)
...
040 (11178184.014.000) 2023-07-26 21:18:51 Started transferring output files
...
040 (11178184.014.000) 2023-07-26 21:18:51 Finished transferring output files
...
005 (11178184.014.000) 2023-07-26 21:18:51 Job terminated.
	(1) Normal termination (return value 0)
		Usr 0 00:05:15, Sys 0 00:00:04  -  Run Remote Usage
		Usr 0 00:00:00, Sys 0 00:00:00  -  Run Local Usage
		Usr 0 00:05:15, Sys 0 00:00:04  -  Total Remote Usage
		Usr 0 00:00:00, Sys 0 00:00:00  -  Total Local Usage
	56934  -  Run Bytes Sent By Job
	32726544  -  Run Bytes Received By Job
	56934  -  Total Bytes Sent By Job
	32726544  -  Total Bytes Received By Job
	Partitionable Resources :     Usage  Request Allocated 
	   Cpus                 :      0.99        1         1 
	   Disk (KB)            : 255215      524288   1268229 
	   IoHeavy              :                            0 
	   Memory (MB)          :    498         512       512 

	Job terminated of its own accord at 2023-07-27T02:18:51Z with exit-code 0.
...
