000 (11392261.003.000) 2023-08-02 21:08:52 Job submitted from host: <128.104.101.92:9618?addrs=128.104.101.92-9618+[2607-f388-107c-501-a236-9fff-fe3c-caa8]-9618&alias=submit2.chtc.wisc.edu&noUDP&sock=schedd_1879732_618e>
...
040 (11392261.003.000) 2023-08-02 21:09:35 Started transferring input files
	Transferring to host: <128.105.69.132:9618?addrs=128.105.69.132-9618+[2607-f388-2200-100-1270-fdff-fe56-673c]-9618&alias=e4081.chtc.wisc.edu&noUDP&sock=slot1_159_1581918_1681_68138>
...
040 (11392261.003.000) 2023-08-02 21:09:37 Finished transferring input files
...
001 (11392261.003.000) 2023-08-02 21:09:38 Job executing on host: <128.105.69.132:9618?addrs=128.105.69.132-9618+[2607-f388-2200-100-1270-fdff-fe56-673c]-9618&alias=e4081.chtc.wisc.edu&noUDP&sock=startd_16631_0fa8>
	SlotName: slot1_159@e4081.chtc.wisc.edu
	CondorScratchDir = "/var/lib/condor/execute/slot1/dir_2398576"
	Cpus = 1
	Disk = 1208198
	IoHeavy = 0
	Memory = 512
...
006 (11392261.003.000) 2023-08-02 21:09:47 Image size of job updated: 281368
	142  -  MemoryUsage of job (MB)
	145272  -  ResidentSetSize of job (KB)
...
006 (11392261.003.000) 2023-08-02 21:14:48 Image size of job updated: 524288
	478  -  MemoryUsage of job (MB)
	489400  -  ResidentSetSize of job (KB)
...
006 (11392261.003.000) 2023-08-02 21:19:48 Image size of job updated: 524288
	509  -  MemoryUsage of job (MB)
	520876  -  ResidentSetSize of job (KB)
...
040 (11392261.003.000) 2023-08-02 22:49:55 Started transferring output files
...
040 (11392261.003.000) 2023-08-02 22:49:55 Finished transferring output files
...
005 (11392261.003.000) 2023-08-02 22:49:55 Job terminated.
	(1) Normal termination (return value 0)
		Usr 0 01:38:35, Sys 0 00:00:26  -  Run Remote Usage
		Usr 0 00:00:00, Sys 0 00:00:00  -  Run Local Usage
		Usr 0 01:38:35, Sys 0 00:00:26  -  Total Remote Usage
		Usr 0 00:00:00, Sys 0 00:00:00  -  Total Local Usage
	56900  -  Run Bytes Sent By Job
	32727852  -  Run Bytes Received By Job
	56900  -  Total Bytes Sent By Job
	32727852  -  Total Bytes Received By Job
	Partitionable Resources :     Usage  Request Allocated 
	   Cpus                 :      0.99        1         1 
	   Disk (KB)            : 255233      524288   1208198 
	   IoHeavy              :                            0 
	   Memory (MB)          :    509         512       512 

	Job terminated of its own accord at 2023-08-03T03:49:55Z with exit-code 0.
...
