000 (11139883.085.000) 2023-07-20 06:17:26 Job submitted from host: <128.104.101.92:9618?addrs=128.104.101.92-9618+[2607-f388-107c-501-a236-9fff-fe3c-caa8]-9618&alias=submit2.chtc.wisc.edu&noUDP&sock=schedd_1879732_618e>
...
040 (11139883.085.000) 2023-07-20 06:21:21 Started transferring input files
	Transferring to host: <128.105.69.244:9618?addrs=128.105.69.244-9618+[2607-f388-2200-100-eaeb-d3ff-fe40-205c]-9618&alias=e2627.chtc.wisc.edu&noUDP&sock=slot1_54_165726_b58c_24242>
...
040 (11139883.085.000) 2023-07-20 06:21:23 Finished transferring input files
...
001 (11139883.085.000) 2023-07-20 06:21:24 Job executing on host: <128.105.69.244:9618?addrs=128.105.69.244-9618+[2607-f388-2200-100-eaeb-d3ff-fe40-205c]-9618&alias=e2627.chtc.wisc.edu&noUDP&sock=startd_18898_08dc>
	SlotName: slot1_54@e2627.chtc.wisc.edu
	CondorScratchDir = "/var/lib/condor/execute/slot1/dir_2227832"
	Cpus = 1
	Disk = 1458998
	IoHeavy = 0
	Memory = 512
...
006 (11139883.085.000) 2023-07-20 06:21:32 Image size of job updated: 524288
	512  -  MemoryUsage of job (MB)
	524156  -  ResidentSetSize of job (KB)
...
040 (11139883.085.000) 2023-07-20 06:48:42 Started transferring output files
...
040 (11139883.085.000) 2023-07-20 06:48:42 Finished transferring output files
...
005 (11139883.085.000) 2023-07-20 06:48:42 Job terminated.
	(1) Normal termination (return value 0)
		Usr 0 00:26:55, Sys 0 00:00:10  -  Run Remote Usage
		Usr 0 00:00:00, Sys 0 00:00:00  -  Run Local Usage
		Usr 0 00:26:55, Sys 0 00:00:10  -  Total Remote Usage
		Usr 0 00:00:00, Sys 0 00:00:00  -  Total Local Usage
	57840  -  Run Bytes Sent By Job
	32725918  -  Run Bytes Received By Job
	57840  -  Total Bytes Sent By Job
	32725918  -  Total Bytes Received By Job
	Partitionable Resources :     Usage  Request Allocated 
	   Cpus                 :      0.99        1         1 
	   Disk (KB)            : 255232      524288   1458998 
	   IoHeavy              :                            0 
	   Memory (MB)          :    512         512       512 

	Job terminated of its own accord at 2023-07-20T11:48:42Z with exit-code 0.
...
