000 (11174994.001.000) 2023-07-26 11:51:45 Job submitted from host: <128.104.101.92:9618?addrs=128.104.101.92-9618+[2607-f388-107c-501-a236-9fff-fe3c-caa8]-9618&alias=submit2.chtc.wisc.edu&noUDP&sock=schedd_1879732_618e>
...
040 (11174994.001.000) 2023-07-26 11:54:23 Started transferring input files
	Transferring to host: <128.105.69.189:9618?addrs=128.105.69.189-9618+[2607-f388-2200-100-1270-fdff-fe56-644c]-9618&alias=e4042.chtc.wisc.edu&noUDP&sock=slot1_35_2084910_7467_34327>
...
040 (11174994.001.000) 2023-07-26 11:54:25 Finished transferring input files
...
001 (11174994.001.000) 2023-07-26 11:54:26 Job executing on host: <128.105.69.189:9618?addrs=128.105.69.189-9618+[2607-f388-2200-100-1270-fdff-fe56-644c]-9618&alias=e4042.chtc.wisc.edu&noUDP&sock=startd_15959_2004>
	SlotName: slot1_35@e4042.chtc.wisc.edu
	CondorScratchDir = "/var/lib/condor/execute/slot1/dir_3344559"
	Cpus = 1
	Disk = 1208198
	IoHeavy = 0
	Memory = 512
...
006 (11174994.001.000) 2023-07-26 11:54:34 Image size of job updated: 277392
	225  -  MemoryUsage of job (MB)
	230400  -  ResidentSetSize of job (KB)
...
006 (11174994.001.000) 2023-07-26 11:59:34 Image size of job updated: 443556
	426  -  MemoryUsage of job (MB)
	436084  -  ResidentSetSize of job (KB)
...
040 (11174994.001.000) 2023-07-26 12:01:23 Started transferring output files
...
040 (11174994.001.000) 2023-07-26 12:01:23 Finished transferring output files
...
005 (11174994.001.000) 2023-07-26 12:01:23 Job terminated.
	(1) Normal termination (return value 0)
		Usr 0 00:06:46, Sys 0 00:00:02  -  Run Remote Usage
		Usr 0 00:00:00, Sys 0 00:00:00  -  Run Local Usage
		Usr 0 00:06:46, Sys 0 00:00:02  -  Total Remote Usage
		Usr 0 00:00:00, Sys 0 00:00:00  -  Total Local Usage
	56905  -  Run Bytes Sent By Job
	32726248  -  Run Bytes Received By Job
	56905  -  Total Bytes Sent By Job
	32726248  -  Total Bytes Received By Job
	Partitionable Resources :     Usage  Request Allocated 
	   Cpus                 :      0.99        1         1 
	   Disk (KB)            : 256400      524288   1208198 
	   IoHeavy              :                            0 
	   Memory (MB)          :    426         512       512 

	Job terminated of its own accord at 2023-07-26T17:01:23Z with exit-code 0.
...
