000 (11143209.039.000) 2023-07-20 21:06:51 Job submitted from host: <128.104.101.92:9618?addrs=128.104.101.92-9618+[2607-f388-107c-501-a236-9fff-fe3c-caa8]-9618&alias=submit2.chtc.wisc.edu&noUDP&sock=schedd_1879732_618e>
...
040 (11143209.039.000) 2023-07-20 21:08:22 Started transferring input files
	Transferring to host: <128.105.69.137:9618?addrs=128.105.69.137-9618+[2607-f388-2200-100-1270-fdff-fe56-d12c]-9618&alias=e4014.chtc.wisc.edu&noUDP&sock=slot1_165_3520931_2863_17314>
...
040 (11143209.039.000) 2023-07-20 21:08:46 Finished transferring input files
...
001 (11143209.039.000) 2023-07-20 21:08:47 Job executing on host: <128.105.69.137:9618?addrs=128.105.69.137-9618+[2607-f388-2200-100-1270-fdff-fe56-d12c]-9618&alias=e4014.chtc.wisc.edu&noUDP&sock=startd_15862_9754>
	SlotName: slot1_165@e4014.chtc.wisc.edu
	CondorScratchDir = "/var/lib/condor/execute/slot1/dir_1742506"
	Cpus = 1
	Disk = 1208198
	IoHeavy = 0
	Memory = 512
...
006 (11143209.039.000) 2023-07-20 21:08:55 Image size of job updated: 387668
	333  -  MemoryUsage of job (MB)
	340908  -  ResidentSetSize of job (KB)
...
006 (11143209.039.000) 2023-07-20 21:12:22 Image size of job updated: 524288
	336  -  MemoryUsage of job (MB)
	343724  -  ResidentSetSize of job (KB)
...
040 (11143209.039.000) 2023-07-20 21:12:22 Started transferring output files
...
040 (11143209.039.000) 2023-07-20 21:12:22 Finished transferring output files
...
005 (11143209.039.000) 2023-07-20 21:12:22 Job terminated.
	(1) Normal termination (return value 0)
		Usr 0 00:03:27, Sys 0 00:00:04  -  Run Remote Usage
		Usr 0 00:00:00, Sys 0 00:00:00  -  Run Local Usage
		Usr 0 00:03:27, Sys 0 00:00:04  -  Total Remote Usage
		Usr 0 00:00:00, Sys 0 00:00:00  -  Total Local Usage
	57087  -  Run Bytes Sent By Job
	32725816  -  Run Bytes Received By Job
	57087  -  Total Bytes Sent By Job
	32725816  -  Total Bytes Received By Job
	Partitionable Resources :     Usage  Request Allocated 
	   Cpus                 :      0.99        1         1 
	   Disk (KB)            : 256093      524288   1208198 
	   IoHeavy              :                            0 
	   Memory (MB)          :    336         512       512 

	Job terminated of its own accord at 2023-07-21T02:12:22Z with exit-code 0.
...
