000 (11143179.002.000) 2023-07-20 20:15:22 Job submitted from host: <128.104.101.92:9618?addrs=128.104.101.92-9618+[2607-f388-107c-501-a236-9fff-fe3c-caa8]-9618&alias=submit2.chtc.wisc.edu&noUDP&sock=schedd_1879732_618e>
...
040 (11143179.002.000) 2023-07-20 20:17:20 Started transferring input files
	Transferring to host: <128.105.69.173:9618?addrs=128.105.69.173-9618+[2607-f388-2200-100-1270-fdff-fe56-6fbc]-9618&alias=e2556.chtc.wisc.edu&noUDP&sock=slot1_10_2705793_b227_13648>
...
040 (11143179.002.000) 2023-07-20 20:17:24 Finished transferring input files
...
001 (11143179.002.000) 2023-07-20 20:17:25 Job executing on host: <128.105.69.173:9618?addrs=128.105.69.173-9618+[2607-f388-2200-100-1270-fdff-fe56-6fbc]-9618&alias=e2556.chtc.wisc.edu&noUDP&sock=startd_13671_bf53>
	SlotName: slot1_10@e2556.chtc.wisc.edu
	CondorScratchDir = "/var/lib/condor/execute/slot1/dir_112813"
	Cpus = 1
	Disk = 1208198
	IoHeavy = 0
	Memory = 512
...
006 (11143179.002.000) 2023-07-20 20:17:34 Image size of job updated: 341384
	325  -  MemoryUsage of job (MB)
	332140  -  ResidentSetSize of job (KB)
...
006 (11143179.002.000) 2023-07-20 20:18:11 Image size of job updated: 514136
	325  -  MemoryUsage of job (MB)
	332588  -  ResidentSetSize of job (KB)
...
040 (11143179.002.000) 2023-07-20 20:18:11 Started transferring output files
...
040 (11143179.002.000) 2023-07-20 20:18:11 Finished transferring output files
...
005 (11143179.002.000) 2023-07-20 20:18:11 Job terminated.
	(1) Normal termination (return value 1)
		Usr 0 00:00:32, Sys 0 00:00:10  -  Run Remote Usage
		Usr 0 00:00:00, Sys 0 00:00:00  -  Run Local Usage
		Usr 0 00:00:32, Sys 0 00:00:10  -  Total Remote Usage
		Usr 0 00:00:00, Sys 0 00:00:00  -  Total Local Usage
	3379  -  Run Bytes Sent By Job
	32725816  -  Run Bytes Received By Job
	3379  -  Total Bytes Sent By Job
	32725816  -  Total Bytes Received By Job
	Partitionable Resources :    Usage  Request Allocated 
	   Cpus                 :                 1         1 
	   Disk (KB)            :   255995   524288   1208198 
	   IoHeavy              :                           0 
	   Memory (MB)          :      325      512       512 

	Job terminated of its own accord at 2023-07-21T01:18:11Z with exit-code 1.
...
