000 (11178197.012.000) 2023-07-26 22:31:45 Job submitted from host: <128.104.101.92:9618?addrs=128.104.101.92-9618+[2607-f388-107c-501-a236-9fff-fe3c-caa8]-9618&alias=submit2.chtc.wisc.edu&noUDP&sock=schedd_1879732_618e>
...
040 (11178197.012.000) 2023-07-26 22:32:42 Started transferring input files
	Transferring to host: <128.105.69.226:9618?addrs=128.105.69.226-9618+[2607-f388-2200-100-eaeb-d3ff-fe40-10fc]-9618&alias=e2609.chtc.wisc.edu&noUDP&sock=slot1_220_3529673_b006_46477>
...
040 (11178197.012.000) 2023-07-26 22:32:45 Finished transferring input files
...
001 (11178197.012.000) 2023-07-26 22:32:46 Job executing on host: <128.105.69.226:9618?addrs=128.105.69.226-9618+[2607-f388-2200-100-eaeb-d3ff-fe40-10fc]-9618&alias=e2609.chtc.wisc.edu&noUDP&sock=startd_17158_8a11>
	SlotName: slot1_220@e2609.chtc.wisc.edu
	CondorScratchDir = "/var/lib/condor/execute/slot1/dir_508636"
	Cpus = 1
	Disk = 1458998
	IoHeavy = 0
	Memory = 512
...
006 (11178197.012.000) 2023-07-26 22:32:54 Image size of job updated: 332496
	325  -  MemoryUsage of job (MB)
	332496  -  ResidentSetSize of job (KB)
...
006 (11178197.012.000) 2023-07-26 22:37:38 Image size of job updated: 516620
	326  -  MemoryUsage of job (MB)
	333052  -  ResidentSetSize of job (KB)
...
040 (11178197.012.000) 2023-07-26 22:37:38 Started transferring output files
...
040 (11178197.012.000) 2023-07-26 22:37:38 Finished transferring output files
...
005 (11178197.012.000) 2023-07-26 22:37:38 Job terminated.
	(1) Normal termination (return value 0)
		Usr 0 00:04:35, Sys 0 00:00:10  -  Run Remote Usage
		Usr 0 00:00:00, Sys 0 00:00:00  -  Run Local Usage
		Usr 0 00:04:35, Sys 0 00:00:10  -  Total Remote Usage
		Usr 0 00:00:00, Sys 0 00:00:00  -  Total Local Usage
	56495  -  Run Bytes Sent By Job
	32726832  -  Run Bytes Received By Job
	56495  -  Total Bytes Sent By Job
	32726832  -  Total Bytes Received By Job
	Partitionable Resources :     Usage  Request Allocated 
	   Cpus                 :      0.99        1         1 
	   Disk (KB)            : 255906      524288   1458998 
	   IoHeavy              :                            0 
	   Memory (MB)          :    326         512       512 

	Job terminated of its own accord at 2023-07-27T03:37:38Z with exit-code 0.
...
