000 (11178197.011.000) 2023-07-26 22:31:45 Job submitted from host: <128.104.101.92:9618?addrs=128.104.101.92-9618+[2607-f388-107c-501-a236-9fff-fe3c-caa8]-9618&alias=submit2.chtc.wisc.edu&noUDP&sock=schedd_1879732_618e>
...
040 (11178197.011.000) 2023-07-26 22:32:41 Started transferring input files
	Transferring to host: <128.105.69.162:9618?addrs=128.105.69.162-9618+[2607-f388-2200-100-1270-fdff-fe56-bd0c]-9618&alias=e4095.chtc.wisc.edu&noUDP&sock=slot1_31_3408026_5f13_51469>
...
040 (11178197.011.000) 2023-07-26 22:32:43 Finished transferring input files
...
001 (11178197.011.000) 2023-07-26 22:32:44 Job executing on host: <128.105.69.162:9618?addrs=128.105.69.162-9618+[2607-f388-2200-100-1270-fdff-fe56-bd0c]-9618&alias=e4095.chtc.wisc.edu&noUDP&sock=startd_17175_332e>
	SlotName: slot1_31@e4095.chtc.wisc.edu
	CondorScratchDir = "/var/lib/condor/execute/slot1/dir_2906628"
	Cpus = 1
	Disk = 1208198
	IoHeavy = 0
	Memory = 512
...
006 (11178197.011.000) 2023-07-26 22:32:53 Image size of job updated: 382800
	328  -  MemoryUsage of job (MB)
	335764  -  ResidentSetSize of job (KB)
...
006 (11178197.011.000) 2023-07-26 22:35:48 Image size of job updated: 518208
	329  -  MemoryUsage of job (MB)
	336256  -  ResidentSetSize of job (KB)
...
040 (11178197.011.000) 2023-07-26 22:35:48 Started transferring output files
...
040 (11178197.011.000) 2023-07-26 22:35:48 Finished transferring output files
...
005 (11178197.011.000) 2023-07-26 22:35:48 Job terminated.
	(1) Normal termination (return value 0)
		Usr 0 00:02:54, Sys 0 00:00:05  -  Run Remote Usage
		Usr 0 00:00:00, Sys 0 00:00:00  -  Run Local Usage
		Usr 0 00:02:54, Sys 0 00:00:05  -  Total Remote Usage
		Usr 0 00:00:00, Sys 0 00:00:00  -  Total Local Usage
	56516  -  Run Bytes Sent By Job
	32726832  -  Run Bytes Received By Job
	56516  -  Total Bytes Sent By Job
	32726832  -  Total Bytes Received By Job
	Partitionable Resources :     Usage  Request Allocated 
	   Cpus                 :      0.99        1         1 
	   Disk (KB)            : 256084      524288   1208198 
	   IoHeavy              :                            0 
	   Memory (MB)          :    329         512       512 

	Job terminated of its own accord at 2023-07-27T03:35:48Z with exit-code 0.
...
