000 (11139883.149.000) 2023-07-20 06:17:26 Job submitted from host: <128.104.101.92:9618?addrs=128.104.101.92-9618+[2607-f388-107c-501-a236-9fff-fe3c-caa8]-9618&alias=submit2.chtc.wisc.edu&noUDP&sock=schedd_1879732_618e>
...
040 (11139883.149.000) 2023-07-20 06:20:52 Started transferring input files
	Transferring to host: <128.105.69.105:9618?addrs=128.105.69.105-9618+[2607-f388-2200-100-1270-fdff-fe56-460c]-9618&alias=e4054.chtc.wisc.edu&noUDP&sock=slot1_71_3569719_b7a3_14092>
...
040 (11139883.149.000) 2023-07-20 06:20:53 Finished transferring input files
...
001 (11139883.149.000) 2023-07-20 06:20:55 Job executing on host: <128.105.69.105:9618?addrs=128.105.69.105-9618+[2607-f388-2200-100-1270-fdff-fe56-460c]-9618&alias=e4054.chtc.wisc.edu&noUDP&sock=startd_11813_505c>
	SlotName: slot1_71@e4054.chtc.wisc.edu
	CondorScratchDir = "/var/lib/condor/execute/slot1/dir_4016202"
	Cpus = 1
	Disk = 1208198
	IoHeavy = 0
	Memory = 512
...
006 (11139883.149.000) 2023-07-20 06:21:03 Image size of job updated: 463896
	429  -  MemoryUsage of job (MB)
	438520  -  ResidentSetSize of job (KB)
...
006 (11139883.149.000) 2023-07-20 06:22:15 Image size of job updated: 516868
	448  -  MemoryUsage of job (MB)
	457976  -  ResidentSetSize of job (KB)
...
040 (11139883.149.000) 2023-07-20 06:22:15 Started transferring output files
...
040 (11139883.149.000) 2023-07-20 06:22:15 Finished transferring output files
...
005 (11139883.149.000) 2023-07-20 06:22:15 Job terminated.
	(1) Normal termination (return value 0)
		Usr 0 00:01:16, Sys 0 00:00:01  -  Run Remote Usage
		Usr 0 00:00:00, Sys 0 00:00:00  -  Run Local Usage
		Usr 0 00:01:16, Sys 0 00:00:01  -  Total Remote Usage
		Usr 0 00:00:00, Sys 0 00:00:00  -  Total Local Usage
	57034  -  Run Bytes Sent By Job
	32725918  -  Run Bytes Received By Job
	57034  -  Total Bytes Sent By Job
	32725918  -  Total Bytes Received By Job
	Partitionable Resources :    Usage  Request Allocated 
	   Cpus                 :                 1         1 
	   Disk (KB)            :   255222   524288   1208198 
	   IoHeavy              :                           0 
	   Memory (MB)          :      448      512       512 

	Job terminated of its own accord at 2023-07-20T11:22:15Z with exit-code 0.
...
