000 (11174994.015.000) 2023-07-26 11:51:45 Job submitted from host: <128.104.101.92:9618?addrs=128.104.101.92-9618+[2607-f388-107c-501-a236-9fff-fe3c-caa8]-9618&alias=submit2.chtc.wisc.edu&noUDP&sock=schedd_1879732_618e>
...
040 (11174994.015.000) 2023-07-26 11:54:28 Started transferring input files
	Transferring to host: <128.105.69.168:9618?addrs=128.105.69.168-9618+[2607-f388-2200-100-1270-fdff-fe56-768c]-9618&alias=e2551.chtc.wisc.edu&noUDP&sock=slot1_44_2837716_623c_47802>
...
040 (11174994.015.000) 2023-07-26 11:54:30 Finished transferring input files
...
001 (11174994.015.000) 2023-07-26 11:54:32 Job executing on host: <128.105.69.168:9618?addrs=128.105.69.168-9618+[2607-f388-2200-100-1270-fdff-fe56-768c]-9618&alias=e2551.chtc.wisc.edu&noUDP&sock=startd_12968_8c3f>
	SlotName: slot1_44@e2551.chtc.wisc.edu
	CondorScratchDir = "/var/lib/condor/execute/slot1/dir_3431736"
	Cpus = 1
	Disk = 1208198
	IoHeavy = 0
	Memory = 512
...
006 (11174994.015.000) 2023-07-26 11:54:41 Image size of job updated: 524288
	501  -  MemoryUsage of job (MB)
	512892  -  ResidentSetSize of job (KB)
...
006 (11174994.015.000) 2023-07-26 11:59:42 Image size of job updated: 524292
	502  -  MemoryUsage of job (MB)
	513776  -  ResidentSetSize of job (KB)
...
006 (11174994.015.000) 2023-07-26 12:09:43 Image size of job updated: 524292
	508  -  MemoryUsage of job (MB)
	519236  -  ResidentSetSize of job (KB)
...
040 (11174994.015.000) 2023-07-26 12:10:14 Started transferring output files
...
040 (11174994.015.000) 2023-07-26 12:10:14 Finished transferring output files
...
005 (11174994.015.000) 2023-07-26 12:10:14 Job terminated.
	(1) Normal termination (return value 0)
		Usr 0 00:15:31, Sys 0 00:00:03  -  Run Remote Usage
		Usr 0 00:00:00, Sys 0 00:00:00  -  Run Local Usage
		Usr 0 00:15:31, Sys 0 00:00:03  -  Total Remote Usage
		Usr 0 00:00:00, Sys 0 00:00:00  -  Total Local Usage
	56994  -  Run Bytes Sent By Job
	32726248  -  Run Bytes Received By Job
	56994  -  Total Bytes Sent By Job
	32726248  -  Total Bytes Received By Job
	Partitionable Resources :     Usage  Request Allocated 
	   Cpus                 :      0.99        1         1 
	   Disk (KB)            : 255232      524288   1208198 
	   IoHeavy              :                            0 
	   Memory (MB)          :    508         512       512 

	Job terminated of its own accord at 2023-07-26T17:10:14Z with exit-code 0.
...
