000 (11143209.041.000) 2023-07-20 21:06:51 Job submitted from host: <128.104.101.92:9618?addrs=128.104.101.92-9618+[2607-f388-107c-501-a236-9fff-fe3c-caa8]-9618&alias=submit2.chtc.wisc.edu&noUDP&sock=schedd_1879732_618e>
...
040 (11143209.041.000) 2023-07-20 21:08:22 Started transferring input files
	Transferring to host: <128.105.69.133:9618?addrs=128.105.69.133-9618+[2607-f388-2200-100-1270-fdff-fe56-70f4]-9618&alias=e4082.chtc.wisc.edu&noUDP&sock=slot1_148_1181635_80cc_16357>
...
040 (11143209.041.000) 2023-07-20 21:08:25 Finished transferring input files
...
001 (11143209.041.000) 2023-07-20 21:08:29 Job executing on host: <128.105.69.133:9618?addrs=128.105.69.133-9618+[2607-f388-2200-100-1270-fdff-fe56-70f4]-9618&alias=e4082.chtc.wisc.edu&noUDP&sock=startd_11675_a84a>
	SlotName: slot1_148@e4082.chtc.wisc.edu
	CondorScratchDir = "/var/lib/condor/execute/slot1/dir_2519808"
	Cpus = 1
	Disk = 1208198
	IoHeavy = 0
	Memory = 512
...
006 (11143209.041.000) 2023-07-20 21:08:37 Image size of job updated: 390712
	335  -  MemoryUsage of job (MB)
	342944  -  ResidentSetSize of job (KB)
...
006 (11143209.041.000) 2023-07-20 21:12:24 Image size of job updated: 524288
	339  -  MemoryUsage of job (MB)
	346272  -  ResidentSetSize of job (KB)
...
040 (11143209.041.000) 2023-07-20 21:12:24 Started transferring output files
...
040 (11143209.041.000) 2023-07-20 21:12:24 Finished transferring output files
...
005 (11143209.041.000) 2023-07-20 21:12:24 Job terminated.
	(1) Normal termination (return value 0)
		Usr 0 00:03:45, Sys 0 00:00:06  -  Run Remote Usage
		Usr 0 00:00:00, Sys 0 00:00:00  -  Run Local Usage
		Usr 0 00:03:45, Sys 0 00:00:06  -  Total Remote Usage
		Usr 0 00:00:00, Sys 0 00:00:00  -  Total Local Usage
	58014  -  Run Bytes Sent By Job
	32725816  -  Run Bytes Received By Job
	58014  -  Total Bytes Sent By Job
	32725816  -  Total Bytes Received By Job
	Partitionable Resources :     Usage  Request Allocated 
	   Cpus                 :      0.99        1         1 
	   Disk (KB)            : 256164      524288   1208198 
	   IoHeavy              :                            0 
	   Memory (MB)          :    339         512       512 

	Job terminated of its own accord at 2023-07-21T02:12:24Z with exit-code 0.
...
