000 (11139883.020.000) 2023-07-20 06:17:26 Job submitted from host: <128.104.101.92:9618?addrs=128.104.101.92-9618+[2607-f388-107c-501-a236-9fff-fe3c-caa8]-9618&alias=submit2.chtc.wisc.edu&noUDP&sock=schedd_1879732_618e>
...
040 (11139883.020.000) 2023-07-20 06:21:25 Started transferring input files
	Transferring to host: <128.105.69.109:9618?addrs=128.105.69.109-9618+[2607-f388-2200-100-1270-fdff-fe56-bf64]-9618&alias=e4058.chtc.wisc.edu&noUDP&sock=slot1_20_22731_cbb5_12836>
...
040 (11139883.020.000) 2023-07-20 06:21:27 Finished transferring input files
...
001 (11139883.020.000) 2023-07-20 06:21:28 Job executing on host: <128.105.69.109:9618?addrs=128.105.69.109-9618+[2607-f388-2200-100-1270-fdff-fe56-bf64]-9618&alias=e4058.chtc.wisc.edu&noUDP&sock=startd_16529_18ff>
	SlotName: slot1_20@e4058.chtc.wisc.edu
	CondorScratchDir = "/var/lib/condor/execute/slot1/dir_4010468"
	Cpus = 1
	Disk = 1208198
	IoHeavy = 0
	Memory = 512
...
006 (11139883.020.000) 2023-07-20 06:21:36 Image size of job updated: 390276
	242  -  MemoryUsage of job (MB)
	247012  -  ResidentSetSize of job (KB)
...
006 (11139883.020.000) 2023-07-20 06:26:21 Image size of job updated: 524288
	242  -  MemoryUsage of job (MB)
	247268  -  ResidentSetSize of job (KB)
...
040 (11139883.020.000) 2023-07-20 06:26:21 Started transferring output files
...
040 (11139883.020.000) 2023-07-20 06:26:21 Finished transferring output files
...
005 (11139883.020.000) 2023-07-20 06:26:41 Job terminated.
	(1) Normal termination (return value 0)
		Usr 0 00:04:45, Sys 0 00:00:02  -  Run Remote Usage
		Usr 0 00:00:00, Sys 0 00:00:00  -  Run Local Usage
		Usr 0 00:04:45, Sys 0 00:00:02  -  Total Remote Usage
		Usr 0 00:00:00, Sys 0 00:00:00  -  Total Local Usage
	58009  -  Run Bytes Sent By Job
	32725918  -  Run Bytes Received By Job
	58009  -  Total Bytes Sent By Job
	32725918  -  Total Bytes Received By Job
	Partitionable Resources :     Usage  Request Allocated 
	   Cpus                 :      0.98        1         1 
	   Disk (KB)            : 255232      524288   1208198 
	   IoHeavy              :                            0 
	   Memory (MB)          :    242         512       512 

	Job terminated of its own accord at 2023-07-20T11:26:21Z with exit-code 0.
...
