000 (11392261.056.000) 2023-08-02 21:08:52 Job submitted from host: <128.104.101.92:9618?addrs=128.104.101.92-9618+[2607-f388-107c-501-a236-9fff-fe3c-caa8]-9618&alias=submit2.chtc.wisc.edu&noUDP&sock=schedd_1879732_618e>
...
040 (11392261.056.000) 2023-08-02 21:10:06 Started transferring input files
	Transferring to host: <128.105.68.91:9618?addrs=128.105.68.91-9618+[2607-f388-2200-100-1270-fdff-fe56-c2c4]-9618&alias=e4053.chtc.wisc.edu&noUDP&sock=slot1_66_1788002_e8be_82802>
...
040 (11392261.056.000) 2023-08-02 21:10:08 Finished transferring input files
...
001 (11392261.056.000) 2023-08-02 21:10:09 Job executing on host: <128.105.68.91:9618?addrs=128.105.68.91-9618+[2607-f388-2200-100-1270-fdff-fe56-c2c4]-9618&alias=e4053.chtc.wisc.edu&noUDP&sock=startd_11752_7915>
	SlotName: slot1_66@e4053.chtc.wisc.edu
	CondorScratchDir = "/var/lib/condor/execute/slot1/dir_3698987"
	Cpus = 1
	Disk = 1208198
	IoHeavy = 0
	Memory = 512
...
006 (11392261.056.000) 2023-08-02 21:10:17 Image size of job updated: 277064
	218  -  MemoryUsage of job (MB)
	222480  -  ResidentSetSize of job (KB)
...
006 (11392261.056.000) 2023-08-02 21:12:04 Image size of job updated: 411924
	232  -  MemoryUsage of job (MB)
	237192  -  ResidentSetSize of job (KB)
...
040 (11392261.056.000) 2023-08-02 21:12:04 Started transferring output files
...
040 (11392261.056.000) 2023-08-02 21:12:04 Finished transferring output files
...
005 (11392261.056.000) 2023-08-02 21:12:04 Job terminated.
	(1) Normal termination (return value 0)
		Usr 0 00:01:48, Sys 0 00:00:03  -  Run Remote Usage
		Usr 0 00:00:00, Sys 0 00:00:00  -  Run Local Usage
		Usr 0 00:01:48, Sys 0 00:00:03  -  Total Remote Usage
		Usr 0 00:00:00, Sys 0 00:00:00  -  Total Local Usage
	57854  -  Run Bytes Sent By Job
	32727852  -  Run Bytes Received By Job
	57854  -  Total Bytes Sent By Job
	32727852  -  Total Bytes Received By Job
	Partitionable Resources :    Usage  Request Allocated 
	   Cpus                 :                 1         1 
	   Disk (KB)            :   256401   524288   1208198 
	   IoHeavy              :                           0 
	   Memory (MB)          :      232      512       512 

	Job terminated of its own accord at 2023-08-03T02:12:04Z with exit-code 0.
...
