000 (11143179.036.000) 2023-07-20 20:15:22 Job submitted from host: <128.104.101.92:9618?addrs=128.104.101.92-9618+[2607-f388-107c-501-a236-9fff-fe3c-caa8]-9618&alias=submit2.chtc.wisc.edu&noUDP&sock=schedd_1879732_618e>
...
040 (11143179.036.000) 2023-07-20 20:17:28 Started transferring input files
	Transferring to host: <128.105.69.183:9618?addrs=128.105.69.183-9618+[2607-f388-2200-100-1270-fdff-fe56-b9c4]-9618&alias=e2566.chtc.wisc.edu&noUDP&sock=slot1_153_574966_4f8e_38510>
...
040 (11143179.036.000) 2023-07-20 20:17:30 Finished transferring input files
...
001 (11143179.036.000) 2023-07-20 20:17:31 Job executing on host: <128.105.69.183:9618?addrs=128.105.69.183-9618+[2607-f388-2200-100-1270-fdff-fe56-b9c4]-9618&alias=e2566.chtc.wisc.edu&noUDP&sock=startd_13813_25c6>
	SlotName: slot1_153@e2566.chtc.wisc.edu
...
006 (11143179.036.000) 2023-07-20 20:17:40 Image size of job updated: 617940
	166  -  MemoryUsage of job (MB)
	169560  -  ResidentSetSize of job (KB)
...
006 (11143179.036.000) 2023-07-20 20:18:00 Image size of job updated: 794220
	166  -  MemoryUsage of job (MB)
	169560  -  ResidentSetSize of job (KB)
...
040 (11143179.036.000) 2023-07-20 20:18:01 Started transferring output files
...
040 (11143179.036.000) 2023-07-20 20:18:01 Finished transferring output files
...
005 (11143179.036.000) 2023-07-20 20:18:01 Job terminated.
	(1) Normal termination (return value 1)
		Usr 0 00:00:21, Sys 0 00:00:06  -  Run Remote Usage
		Usr 0 00:00:00, Sys 0 00:00:00  -  Run Local Usage
		Usr 0 00:00:21, Sys 0 00:00:06  -  Total Remote Usage
		Usr 0 00:00:00, Sys 0 00:00:00  -  Total Local Usage
	3388  -  Run Bytes Sent By Job
	32725816  -  Run Bytes Received By Job
	3388  -  Total Bytes Sent By Job
	32725816  -  Total Bytes Received By Job
	Partitionable Resources :    Usage  Request Allocated 
	   Cpus                 :                 1         1 
	   Disk (KB)            :   256375   524288   1208198 
	   IoHeavy              :                           0 
	   Memory (MB)          :      166      512       512 

	Job terminated of its own accord at 2023-07-21T01:18:00Z with exit-code 1.
...
