000 (11392261.052.000) 2023-08-02 21:08:52 Job submitted from host: <128.104.101.92:9618?addrs=128.104.101.92-9618+[2607-f388-107c-501-a236-9fff-fe3c-caa8]-9618&alias=submit2.chtc.wisc.edu&noUDP&sock=schedd_1879732_618e>
...
040 (11392261.052.000) 2023-08-02 21:10:05 Started transferring input files
	Transferring to host: <128.105.69.192:9618?addrs=128.105.69.192-9618+[2607-f388-2200-100-1270-fdff-fe56-bc04]-9618&alias=build4002.chtc.wisc.edu&noUDP&sock=slot3_42_862941_bfec_70124>
...
040 (11392261.052.000) 2023-08-02 21:10:07 Finished transferring input files
...
001 (11392261.052.000) 2023-08-02 21:10:08 Job executing on host: <128.105.69.192:9618?addrs=128.105.69.192-9618+[2607-f388-2200-100-1270-fdff-fe56-bc04]-9618&alias=build4002.chtc.wisc.edu&noUDP&sock=startd_15801_c00d>
	SlotName: slot3_42@build4002.chtc.wisc.edu
	CondorScratchDir = "/var/lib/condor/execute/slot3/dir_3733876"
	Cpus = 1
	Disk = 1208198
	IoHeavy = 0
	Memory = 512
...
006 (11392261.052.000) 2023-08-02 21:10:17 Image size of job updated: 383316
	219  -  MemoryUsage of job (MB)
	223308  -  ResidentSetSize of job (KB)
...
006 (11392261.052.000) 2023-08-02 21:12:00 Image size of job updated: 517468
	224  -  MemoryUsage of job (MB)
	228372  -  ResidentSetSize of job (KB)
...
040 (11392261.052.000) 2023-08-02 21:12:01 Started transferring output files
...
040 (11392261.052.000) 2023-08-02 21:12:01 Finished transferring output files
...
005 (11392261.052.000) 2023-08-02 21:12:01 Job terminated.
	(1) Normal termination (return value 0)
		Usr 0 00:01:46, Sys 0 00:00:03  -  Run Remote Usage
		Usr 0 00:00:00, Sys 0 00:00:00  -  Run Local Usage
		Usr 0 00:01:46, Sys 0 00:00:03  -  Total Remote Usage
		Usr 0 00:00:00, Sys 0 00:00:00  -  Total Local Usage
	58037  -  Run Bytes Sent By Job
	32727852  -  Run Bytes Received By Job
	58037  -  Total Bytes Sent By Job
	32727852  -  Total Bytes Received By Job
	Partitionable Resources :     Usage  Request Allocated 
	   Cpus                 :      0.21        1         1 
	   Disk (KB)            : 255234      524288   1208198 
	   IoHeavy              :                            0 
	   Memory (MB)          :    224         512       512 

	Job terminated of its own accord at 2023-08-03T02:12:00Z with exit-code 0.
...
