000 (11392261.111.000) 2023-08-02 21:08:53 Job submitted from host: <128.104.101.92:9618?addrs=128.104.101.92-9618+[2607-f388-107c-501-a236-9fff-fe3c-caa8]-9618&alias=submit2.chtc.wisc.edu&noUDP&sock=schedd_1879732_618e>
...
040 (11392261.111.000) 2023-08-02 21:10:13 Started transferring input files
	Transferring to host: <128.105.69.178:9618?addrs=128.105.69.178-9618+[2607-f388-2200-100-1270-fdff-fe56-c31c]-9618&alias=e2561.chtc.wisc.edu&noUDP&sock=slot1_141_3305409_6966_78937>
...
040 (11392261.111.000) 2023-08-02 21:10:17 Finished transferring input files
...
001 (11392261.111.000) 2023-08-02 21:10:18 Job executing on host: <128.105.69.178:9618?addrs=128.105.69.178-9618+[2607-f388-2200-100-1270-fdff-fe56-c31c]-9618&alias=e2561.chtc.wisc.edu&noUDP&sock=startd_13913_bd3e>
	SlotName: slot1_141@e2561.chtc.wisc.edu
	CondorScratchDir = "/var/lib/condor/execute/slot1/dir_3029689"
	Cpus = 1
	Disk = 1208198
	IoHeavy = 0
	Memory = 512
...
006 (11392261.111.000) 2023-08-02 21:10:27 Image size of job updated: 276740
	134  -  MemoryUsage of job (MB)
	136944  -  ResidentSetSize of job (KB)
...
006 (11392261.111.000) 2023-08-02 21:11:00 Image size of job updated: 399112
	135  -  MemoryUsage of job (MB)
	138160  -  ResidentSetSize of job (KB)
...
040 (11392261.111.000) 2023-08-02 21:11:00 Started transferring output files
...
040 (11392261.111.000) 2023-08-02 21:11:00 Finished transferring output files
...
005 (11392261.111.000) 2023-08-02 21:11:00 Job terminated.
	(1) Normal termination (return value 0)
		Usr 0 00:00:36, Sys 0 00:00:02  -  Run Remote Usage
		Usr 0 00:00:00, Sys 0 00:00:00  -  Run Local Usage
		Usr 0 00:00:36, Sys 0 00:00:02  -  Total Remote Usage
		Usr 0 00:00:00, Sys 0 00:00:00  -  Total Local Usage
	53189  -  Run Bytes Sent By Job
	32727852  -  Run Bytes Received By Job
	53189  -  Total Bytes Sent By Job
	32727852  -  Total Bytes Received By Job
	Partitionable Resources :    Usage  Request Allocated 
	   Cpus                 :                 1         1 
	   Disk (KB)            :   255220   524288   1208198 
	   IoHeavy              :                           0 
	   Memory (MB)          :      135      512       512 

	Job terminated of its own accord at 2023-08-03T02:11:00Z with exit-code 0.
...
