000 (11178184.021.000) 2023-07-26 21:10:59 Job submitted from host: <128.104.101.92:9618?addrs=128.104.101.92-9618+[2607-f388-107c-501-a236-9fff-fe3c-caa8]-9618&alias=submit2.chtc.wisc.edu&noUDP&sock=schedd_1879732_618e>
...
040 (11178184.021.000) 2023-07-26 21:13:20 Started transferring input files
	Transferring to host: <128.105.69.168:9618?addrs=128.105.69.168-9618+[2607-f388-2200-100-1270-fdff-fe56-768c]-9618&alias=e2551.chtc.wisc.edu&noUDP&sock=slot1_18_2837716_623c_49736>
...
040 (11178184.021.000) 2023-07-26 21:13:23 Finished transferring input files
...
001 (11178184.021.000) 2023-07-26 21:13:24 Job executing on host: <128.105.69.168:9618?addrs=128.105.69.168-9618+[2607-f388-2200-100-1270-fdff-fe56-768c]-9618&alias=e2551.chtc.wisc.edu&noUDP&sock=startd_12968_8c3f>
	SlotName: slot1_18@e2551.chtc.wisc.edu
	CondorScratchDir = "/var/lib/condor/execute/slot1/dir_1473074"
	Cpus = 1
	Disk = 1208198
	IoHeavy = 0
	Memory = 512
...
006 (11178184.021.000) 2023-07-26 21:13:32 Image size of job updated: 388736
	380  -  MemoryUsage of job (MB)
	388448  -  ResidentSetSize of job (KB)
...
006 (11178184.021.000) 2023-07-26 21:15:43 Image size of job updated: 524288
	380  -  MemoryUsage of job (MB)
	388448  -  ResidentSetSize of job (KB)
...
040 (11178184.021.000) 2023-07-26 21:15:43 Started transferring output files
...
040 (11178184.021.000) 2023-07-26 21:15:43 Finished transferring output files
...
005 (11178184.021.000) 2023-07-26 21:15:43 Job terminated.
	(1) Normal termination (return value 0)
		Usr 0 00:02:13, Sys 0 00:00:03  -  Run Remote Usage
		Usr 0 00:00:00, Sys 0 00:00:00  -  Run Local Usage
		Usr 0 00:02:13, Sys 0 00:00:03  -  Total Remote Usage
		Usr 0 00:00:00, Sys 0 00:00:00  -  Total Local Usage
	57917  -  Run Bytes Sent By Job
	32726544  -  Run Bytes Received By Job
	57917  -  Total Bytes Sent By Job
	32726544  -  Total Bytes Received By Job
	Partitionable Resources :     Usage  Request Allocated 
	   Cpus                 :      0.99        1         1 
	   Disk (KB)            : 256390      524288   1208198 
	   IoHeavy              :                            0 
	   Memory (MB)          :    380         512       512 

	Job terminated of its own accord at 2023-07-27T02:15:43Z with exit-code 0.
...
