000 (11392261.013.000) 2023-08-02 21:08:52 Job submitted from host: <128.104.101.92:9618?addrs=128.104.101.92-9618+[2607-f388-107c-501-a236-9fff-fe3c-caa8]-9618&alias=submit2.chtc.wisc.edu&noUDP&sock=schedd_1879732_618e>
...
040 (11392261.013.000) 2023-08-02 21:09:58 Started transferring input files
	Transferring to host: <128.105.69.195:9618?addrs=128.105.69.195-9618+[2607-f388-2200-100-1270-fdff-fe56-6f44]-9618&alias=e4048.chtc.wisc.edu&noUDP&sock=slot1_72_1616382_17fb_72589>
...
040 (11392261.013.000) 2023-08-02 21:10:00 Finished transferring input files
...
001 (11392261.013.000) 2023-08-02 21:10:02 Job executing on host: <128.105.69.195:9618?addrs=128.105.69.195-9618+[2607-f388-2200-100-1270-fdff-fe56-6f44]-9618&alias=e4048.chtc.wisc.edu&noUDP&sock=startd_16481_2c74>
	SlotName: slot1_72@e4048.chtc.wisc.edu
	CondorScratchDir = "/var/lib/condor/execute/slot1/dir_3580855"
	Cpus = 1
	Disk = 1208198
	IoHeavy = 0
	Memory = 512
...
006 (11392261.013.000) 2023-08-02 21:10:11 Image size of job updated: 306728
	296  -  MemoryUsage of job (MB)
	302816  -  ResidentSetSize of job (KB)
...
006 (11392261.013.000) 2023-08-02 21:15:12 Image size of job updated: 524288
	511  -  MemoryUsage of job (MB)
	523176  -  ResidentSetSize of job (KB)
...
040 (11392261.013.000) 2023-08-02 21:28:29 Started transferring output files
...
040 (11392261.013.000) 2023-08-02 21:28:29 Finished transferring output files
...
005 (11392261.013.000) 2023-08-02 21:28:30 Job terminated.
	(1) Normal termination (return value 0)
		Usr 0 00:17:58, Sys 0 00:00:11  -  Run Remote Usage
		Usr 0 00:00:00, Sys 0 00:00:00  -  Run Local Usage
		Usr 0 00:17:58, Sys 0 00:00:11  -  Total Remote Usage
		Usr 0 00:00:00, Sys 0 00:00:00  -  Total Local Usage
	57850  -  Run Bytes Sent By Job
	32727852  -  Run Bytes Received By Job
	57850  -  Total Bytes Sent By Job
	32727852  -  Total Bytes Received By Job
	Partitionable Resources :     Usage  Request Allocated 
	   Cpus                 :      0.99        1         1 
	   Disk (KB)            : 255850      524288   1208198 
	   IoHeavy              :                            0 
	   Memory (MB)          :    511         512       512 

	Job terminated of its own accord at 2023-08-03T02:28:29Z with exit-code 0.
...
