000 (11143179.017.000) 2023-07-20 20:15:22 Job submitted from host: <128.104.101.92:9618?addrs=128.104.101.92-9618+[2607-f388-107c-501-a236-9fff-fe3c-caa8]-9618&alias=submit2.chtc.wisc.edu&noUDP&sock=schedd_1879732_618e>
...
040 (11143179.017.000) 2023-07-20 20:17:27 Started transferring input files
	Transferring to host: <128.105.69.114:9618?addrs=128.105.69.114-9618+[2607-f388-2200-100-1270-fdff-fe56-470c]-9618&alias=e4063.chtc.wisc.edu&noUDP&sock=slot1_88_433666_ad9c_37379>
...
040 (11143179.017.000) 2023-07-20 20:17:29 Finished transferring input files
...
001 (11143179.017.000) 2023-07-20 20:17:30 Job executing on host: <128.105.69.114:9618?addrs=128.105.69.114-9618+[2607-f388-2200-100-1270-fdff-fe56-470c]-9618&alias=e4063.chtc.wisc.edu&noUDP&sock=startd_18888_2ce9>
	SlotName: slot1_88@e4063.chtc.wisc.edu
	CondorScratchDir = "/var/lib/condor/execute/slot1/dir_3991576"
	Cpus = 1
	Disk = 1208198
	IoHeavy = 0
	Memory = 512
...
006 (11143179.017.000) 2023-07-20 20:17:39 Image size of job updated: 311124
	304  -  MemoryUsage of job (MB)
	310868  -  ResidentSetSize of job (KB)
...
006 (11143179.017.000) 2023-07-20 20:18:02 Image size of job updated: 442108
	304  -  MemoryUsage of job (MB)
	310868  -  ResidentSetSize of job (KB)
...
040 (11143179.017.000) 2023-07-20 20:18:02 Started transferring output files
...
040 (11143179.017.000) 2023-07-20 20:18:02 Finished transferring output files
...
005 (11143179.017.000) 2023-07-20 20:18:02 Job terminated.
	(1) Normal termination (return value 1)
		Usr 0 00:00:22, Sys 0 00:00:06  -  Run Remote Usage
		Usr 0 00:00:00, Sys 0 00:00:00  -  Run Local Usage
		Usr 0 00:00:22, Sys 0 00:00:06  -  Total Remote Usage
		Usr 0 00:00:00, Sys 0 00:00:00  -  Total Local Usage
	3388  -  Run Bytes Sent By Job
	32725816  -  Run Bytes Received By Job
	3388  -  Total Bytes Sent By Job
	32725816  -  Total Bytes Received By Job
	Partitionable Resources :    Usage  Request Allocated 
	   Cpus                 :                 1         1 
	   Disk (KB)            :   256071   524288   1208198 
	   IoHeavy              :                           0 
	   Memory (MB)          :      304      512       512 

	Job terminated of its own accord at 2023-07-21T01:18:02Z with exit-code 1.
...
