000 (11139883.008.000) 2023-07-20 06:17:26 Job submitted from host: <128.104.101.92:9618?addrs=128.104.101.92-9618+[2607-f388-107c-501-a236-9fff-fe3c-caa8]-9618&alias=submit2.chtc.wisc.edu&noUDP&sock=schedd_1879732_618e>
...
040 (11139883.008.000) 2023-07-20 06:20:52 Started transferring input files
	Transferring to host: <128.105.69.140:9618?addrs=128.105.69.140-9618+[2607-f388-2200-100-1270-fdff-fe56-ca7c]-9618&alias=e4017.chtc.wisc.edu&noUDP&sock=slot1_35_417353_b1a5_18547>
...
040 (11139883.008.000) 2023-07-20 06:20:53 Finished transferring input files
...
001 (11139883.008.000) 2023-07-20 06:20:55 Job executing on host: <128.105.69.140:9618?addrs=128.105.69.140-9618+[2607-f388-2200-100-1270-fdff-fe56-ca7c]-9618&alias=e4017.chtc.wisc.edu&noUDP&sock=startd_11656_9ffe>
	SlotName: slot1_35@e4017.chtc.wisc.edu
	CondorScratchDir = "/var/lib/condor/execute/slot1/dir_671462"
	Cpus = 1
	Disk = 1208198
	IoHeavy = 0
	Memory = 512
...
006 (11139883.008.000) 2023-07-20 06:21:03 Image size of job updated: 283660
	146  -  MemoryUsage of job (MB)
	149044  -  ResidentSetSize of job (KB)
...
006 (11139883.008.000) 2023-07-20 06:26:03 Image size of job updated: 524288
	473  -  MemoryUsage of job (MB)
	483920  -  ResidentSetSize of job (KB)
...
006 (11139883.008.000) 2023-07-20 07:51:12 Image size of job updated: 524288
	475  -  MemoryUsage of job (MB)
	485728  -  ResidentSetSize of job (KB)
...
006 (11139883.008.000) 2023-07-20 08:06:14 Image size of job updated: 524288
	479  -  MemoryUsage of job (MB)
	490096  -  ResidentSetSize of job (KB)
...
040 (11139883.008.000) 2023-07-20 08:22:04 Started transferring output files
...
040 (11139883.008.000) 2023-07-20 08:22:04 Finished transferring output files
...
005 (11139883.008.000) 2023-07-20 08:22:04 Job terminated.
	(1) Normal termination (return value 0)
		Usr 0 01:59:07, Sys 0 00:00:40  -  Run Remote Usage
		Usr 0 00:00:00, Sys 0 00:00:00  -  Run Local Usage
		Usr 0 01:59:07, Sys 0 00:00:40  -  Total Remote Usage
		Usr 0 00:00:00, Sys 0 00:00:00  -  Total Local Usage
	56855  -  Run Bytes Sent By Job
	32725918  -  Run Bytes Received By Job
	56855  -  Total Bytes Sent By Job
	32725918  -  Total Bytes Received By Job
	Partitionable Resources :     Usage  Request Allocated 
	   Cpus                 :      0.99        1         1 
	   Disk (KB)            : 255231      524288   1208198 
	   IoHeavy              :                            0 
	   Memory (MB)          :    479         512       512 

	Job terminated of its own accord at 2023-07-20T13:22:04Z with exit-code 0.
...
