035 (11174994.-01.000) 2023-07-26 11:51:45 Cluster submitted from host: <128.104.101.92:9618?addrs=128.104.101.92-9618+[2607-f388-107c-501-a236-9fff-fe3c-caa8]-9618&alias=submit2.chtc.wisc.edu&noUDP&sock=schedd_1879732_618e>
...
000 (11174994.000.000) 2023-07-26 11:51:45 Job submitted from host: <128.104.101.92:9618?addrs=128.104.101.92-9618+[2607-f388-107c-501-a236-9fff-fe3c-caa8]-9618&alias=submit2.chtc.wisc.edu&noUDP&sock=schedd_1879732_618e>
...
040 (11174994.000.000) 2023-07-26 11:54:23 Started transferring input files
	Transferring to host: <128.105.69.162:9618?addrs=128.105.69.162-9618+[2607-f388-2200-100-1270-fdff-fe56-bd0c]-9618&alias=e4095.chtc.wisc.edu&noUDP&sock=slot1_98_3408026_5f13_49351>
...
040 (11174994.000.000) 2023-07-26 11:54:25 Finished transferring input files
...
001 (11174994.000.000) 2023-07-26 11:54:26 Job executing on host: <128.105.69.162:9618?addrs=128.105.69.162-9618+[2607-f388-2200-100-1270-fdff-fe56-bd0c]-9618&alias=e4095.chtc.wisc.edu&noUDP&sock=startd_17175_332e>
	SlotName: slot1_98@e4095.chtc.wisc.edu
	CondorScratchDir = "/var/lib/condor/execute/slot1/dir_2180614"
	Cpus = 1
	Disk = 1208198
	IoHeavy = 0
	Memory = 512
...
006 (11174994.000.000) 2023-07-26 11:54:34 Image size of job updated: 388280
	380  -  MemoryUsage of job (MB)
	388280  -  ResidentSetSize of job (KB)
...
006 (11174994.000.000) 2023-07-26 11:59:34 Image size of job updated: 524288
	491  -  MemoryUsage of job (MB)
	502376  -  ResidentSetSize of job (KB)
...
006 (11174994.000.000) 2023-07-26 12:04:35 Image size of job updated: 524288
	499  -  MemoryUsage of job (MB)
	510288  -  ResidentSetSize of job (KB)
...
040 (11174994.000.000) 2023-07-26 12:09:12 Started transferring output files
...
040 (11174994.000.000) 2023-07-26 12:09:12 Finished transferring output files
...
005 (11174994.000.000) 2023-07-26 12:09:14 Job terminated.
	(1) Normal termination (return value 0)
		Usr 0 00:14:25, Sys 0 00:00:09  -  Run Remote Usage
		Usr 0 00:00:00, Sys 0 00:00:00  -  Run Local Usage
		Usr 0 00:14:25, Sys 0 00:00:09  -  Total Remote Usage
		Usr 0 00:00:00, Sys 0 00:00:00  -  Total Local Usage
	56855  -  Run Bytes Sent By Job
	32726248  -  Run Bytes Received By Job
	56855  -  Total Bytes Sent By Job
	32726248  -  Total Bytes Received By Job
	Partitionable Resources :     Usage  Request Allocated 
	   Cpus                 :      0.99        1         1 
	   Disk (KB)            : 256378      524288   1208198 
	   IoHeavy              :                            0 
	   Memory (MB)          :    499         512       512 

	Job terminated of its own accord at 2023-07-26T17:09:12Z with exit-code 0.
...
036 (11174994.-01.000) 2023-07-26 12:29:55 Cluster removed
	Materialized 42 jobs from -1 items.	Complete
...
