000 (11392261.016.000) 2023-08-02 21:08:52 Job submitted from host: <128.104.101.92:9618?addrs=128.104.101.92-9618+[2607-f388-107c-501-a236-9fff-fe3c-caa8]-9618&alias=submit2.chtc.wisc.edu&noUDP&sock=schedd_1879732_618e>
...
040 (11392261.016.000) 2023-08-02 21:10:04 Started transferring input files
	Transferring to host: <128.105.69.123:9618?addrs=128.105.69.123-9618+[2607-f388-2200-100-1270-fdff-fe56-7324]-9618&alias=e4072.chtc.wisc.edu&noUDP&sock=slot1_46_1822831_1726_74599>
...
040 (11392261.016.000) 2023-08-02 21:10:06 Finished transferring input files
...
001 (11392261.016.000) 2023-08-02 21:10:08 Job executing on host: <128.105.69.123:9618?addrs=128.105.69.123-9618+[2607-f388-2200-100-1270-fdff-fe56-7324]-9618&alias=e4072.chtc.wisc.edu&noUDP&sock=startd_17358_b902>
	SlotName: slot1_46@e4072.chtc.wisc.edu
	CondorScratchDir = "/var/lib/condor/execute/slot1/dir_908498"
	Cpus = 1
	Disk = 1208198
	IoHeavy = 0
	Memory = 512
...
006 (11392261.016.000) 2023-08-02 21:10:16 Image size of job updated: 277992
	253  -  MemoryUsage of job (MB)
	259012  -  ResidentSetSize of job (KB)
...
006 (11392261.016.000) 2023-08-02 21:15:16 Image size of job updated: 440072
	406  -  MemoryUsage of job (MB)
	415128  -  ResidentSetSize of job (KB)
...
006 (11392261.016.000) 2023-08-02 21:20:18 Image size of job updated: 441188
	426  -  MemoryUsage of job (MB)
	435616  -  ResidentSetSize of job (KB)
...
006 (11392261.016.000) 2023-08-02 21:24:15 Image size of job updated: 441220
	426  -  MemoryUsage of job (MB)
	435616  -  ResidentSetSize of job (KB)
...
040 (11392261.016.000) 2023-08-02 21:24:15 Started transferring output files
...
040 (11392261.016.000) 2023-08-02 21:24:15 Finished transferring output files
...
005 (11392261.016.000) 2023-08-02 21:24:15 Job terminated.
	(1) Normal termination (return value 0)
		Usr 0 00:13:43, Sys 0 00:00:07  -  Run Remote Usage
		Usr 0 00:00:00, Sys 0 00:00:00  -  Run Local Usage
		Usr 0 00:13:43, Sys 0 00:00:07  -  Total Remote Usage
		Usr 0 00:00:00, Sys 0 00:00:00  -  Total Local Usage
	57910  -  Run Bytes Sent By Job
	32727852  -  Run Bytes Received By Job
	57910  -  Total Bytes Sent By Job
	32727852  -  Total Bytes Received By Job
	Partitionable Resources :     Usage  Request Allocated 
	   Cpus                 :      0.99        1         1 
	   Disk (KB)            : 256096      524288   1208198 
	   IoHeavy              :                            0 
	   Memory (MB)          :    426         512       512 

	Job terminated of its own accord at 2023-08-03T02:24:15Z with exit-code 0.
...
