000 (11392261.048.000) 2023-08-02 21:08:52 Job submitted from host: <128.104.101.92:9618?addrs=128.104.101.92-9618+[2607-f388-107c-501-a236-9fff-fe3c-caa8]-9618&alias=submit2.chtc.wisc.edu&noUDP&sock=schedd_1879732_618e>
...
040 (11392261.048.000) 2023-08-02 21:10:05 Started transferring input files
	Transferring to host: <128.105.69.171:9618?addrs=128.105.69.171-9618+[2607-f388-2200-100-1270-fdff-fe56-76ac]-9618&alias=e2554.chtc.wisc.edu&noUDP&sock=slot1_30_2358843_08cb_76613>
...
040 (11392261.048.000) 2023-08-02 21:10:07 Finished transferring input files
...
001 (11392261.048.000) 2023-08-02 21:10:08 Job executing on host: <128.105.69.171:9618?addrs=128.105.69.171-9618+[2607-f388-2200-100-1270-fdff-fe56-76ac]-9618&alias=e2554.chtc.wisc.edu&noUDP&sock=startd_14106_1f06>
	SlotName: slot1_30@e2554.chtc.wisc.edu
	CondorScratchDir = "/var/lib/condor/execute/slot1/dir_3219000"
	Cpus = 1
	Disk = 1208198
	IoHeavy = 0
	Memory = 512
...
006 (11392261.048.000) 2023-08-02 21:10:17 Image size of job updated: 278664
	272  -  MemoryUsage of job (MB)
	278392  -  ResidentSetSize of job (KB)
...
006 (11392261.048.000) 2023-08-02 21:11:52 Image size of job updated: 411300
	272  -  MemoryUsage of job (MB)
	278392  -  ResidentSetSize of job (KB)
...
040 (11392261.048.000) 2023-08-02 21:11:52 Started transferring output files
...
040 (11392261.048.000) 2023-08-02 21:11:52 Finished transferring output files
...
005 (11392261.048.000) 2023-08-02 21:11:52 Job terminated.
	(1) Normal termination (return value 0)
		Usr 0 00:01:34, Sys 0 00:00:02  -  Run Remote Usage
		Usr 0 00:00:00, Sys 0 00:00:00  -  Run Local Usage
		Usr 0 00:01:34, Sys 0 00:00:02  -  Total Remote Usage
		Usr 0 00:00:00, Sys 0 00:00:00  -  Total Local Usage
	57992  -  Run Bytes Sent By Job
	32727852  -  Run Bytes Received By Job
	57992  -  Total Bytes Sent By Job
	32727852  -  Total Bytes Received By Job
	Partitionable Resources :    Usage  Request Allocated 
	   Cpus                 :                 1         1 
	   Disk (KB)            :   256386   524288   1208198 
	   IoHeavy              :                           0 
	   Memory (MB)          :      272      512       512 

	Job terminated of its own accord at 2023-08-03T02:11:52Z with exit-code 0.
...
