000 (11178184.023.000) 2023-07-26 21:10:59 Job submitted from host: <128.104.101.92:9618?addrs=128.104.101.92-9618+[2607-f388-107c-501-a236-9fff-fe3c-caa8]-9618&alias=submit2.chtc.wisc.edu&noUDP&sock=schedd_1879732_618e>
...
040 (11178184.023.000) 2023-07-26 21:13:20 Started transferring input files
	Transferring to host: <128.105.69.148:9618?addrs=128.105.69.148-9618+[2607-f388-2200-100-1270-fdff-fe56-ceec]-9618&alias=build4001.chtc.wisc.edu&noUDP&sock=slot3_104_3662029_768c_46366>
...
040 (11178184.023.000) 2023-07-26 21:13:22 Finished transferring input files
...
001 (11178184.023.000) 2023-07-26 21:13:24 Job executing on host: <128.105.69.148:9618?addrs=128.105.69.148-9618+[2607-f388-2200-100-1270-fdff-fe56-ceec]-9618&alias=build4001.chtc.wisc.edu&noUDP&sock=startd_16163_0d56>
	SlotName: slot3_104@build4001.chtc.wisc.edu
	CondorScratchDir = "/var/lib/condor/execute/slot3/dir_1825402"
	Cpus = 1
	Disk = 1208198
	IoHeavy = 0
	Memory = 512
...
006 (11178184.023.000) 2023-07-26 21:13:32 Image size of job updated: 277128
	131  -  MemoryUsage of job (MB)
	133616  -  ResidentSetSize of job (KB)
...
006 (11178184.023.000) 2023-07-26 21:16:30 Image size of job updated: 419428
	132  -  MemoryUsage of job (MB)
	135060  -  ResidentSetSize of job (KB)
...
040 (11178184.023.000) 2023-07-26 21:16:30 Started transferring output files
...
040 (11178184.023.000) 2023-07-26 21:16:30 Finished transferring output files
...
005 (11178184.023.000) 2023-07-26 21:16:30 Job terminated.
	(1) Normal termination (return value 0)
		Usr 0 00:03:00, Sys 0 00:00:04  -  Run Remote Usage
		Usr 0 00:00:00, Sys 0 00:00:00  -  Run Local Usage
		Usr 0 00:03:00, Sys 0 00:00:04  -  Total Remote Usage
		Usr 0 00:00:00, Sys 0 00:00:00  -  Total Local Usage
	57914  -  Run Bytes Sent By Job
	32726544  -  Run Bytes Received By Job
	57914  -  Total Bytes Sent By Job
	32726544  -  Total Bytes Received By Job
	Partitionable Resources :    Usage  Request Allocated 
	   Cpus                 :                 1         1 
	   Disk (KB)            :   255224   524288   1208198 
	   IoHeavy              :                           0 
	   Memory (MB)          :      132      512       512 

	Job terminated of its own accord at 2023-07-27T02:16:30Z with exit-code 0.
...
