000 (11392341.054.000) 2023-08-03 09:09:59 Job submitted from host: <128.104.101.92:9618?addrs=128.104.101.92-9618+[2607-f388-107c-501-a236-9fff-fe3c-caa8]-9618&alias=submit2.chtc.wisc.edu&noUDP&sock=schedd_1879732_618e>
...
040 (11392341.054.000) 2023-08-03 09:10:31 Started transferring input files
	Transferring to host: <128.105.69.237:9618?addrs=128.105.69.237-9618+[2607-f388-2200-100-eaeb-d3ff-fe40-230c]-9618&alias=e2620.chtc.wisc.edu&noUDP&sock=slot1_6_1960490_4f24_70022>
...
040 (11392341.054.000) 2023-08-03 09:10:33 Finished transferring input files
...
001 (11392341.054.000) 2023-08-03 09:10:34 Job executing on host: <128.105.69.237:9618?addrs=128.105.69.237-9618+[2607-f388-2200-100-eaeb-d3ff-fe40-230c]-9618&alias=e2620.chtc.wisc.edu&noUDP&sock=startd_11763_04a0>
	SlotName: slot1_6@e2620.chtc.wisc.edu
	CondorScratchDir = "/var/lib/condor/execute/slot1/dir_2605336"
	Cpus = 1
	Disk = 1458998
	IoHeavy = 0
	Memory = 512
...
006 (11392341.054.000) 2023-08-03 09:10:42 Image size of job updated: 463452
	395  -  MemoryUsage of job (MB)
	404028  -  ResidentSetSize of job (KB)
...
006 (11392341.054.000) 2023-08-03 09:14:46 Image size of job updated: 524288
	409  -  MemoryUsage of job (MB)
	418108  -  ResidentSetSize of job (KB)
...
040 (11392341.054.000) 2023-08-03 09:14:46 Started transferring output files
...
040 (11392341.054.000) 2023-08-03 09:14:46 Finished transferring output files
...
005 (11392341.054.000) 2023-08-03 09:14:46 Job terminated.
	(1) Normal termination (return value 0)
		Usr 0 00:04:06, Sys 0 00:00:02  -  Run Remote Usage
		Usr 0 00:00:00, Sys 0 00:00:00  -  Run Local Usage
		Usr 0 00:04:06, Sys 0 00:00:02  -  Total Remote Usage
		Usr 0 00:00:00, Sys 0 00:00:00  -  Total Local Usage
	57889  -  Run Bytes Sent By Job
	32727736  -  Run Bytes Received By Job
	57889  -  Total Bytes Sent By Job
	32727736  -  Total Bytes Received By Job
	Partitionable Resources :     Usage  Request Allocated 
	   Cpus                 :      0.99        1         1 
	   Disk (KB)            : 255234      524288   1458998 
	   IoHeavy              :                            0 
	   Memory (MB)          :    409         512       512 

	Job terminated of its own accord at 2023-08-03T14:14:46Z with exit-code 0.
...
