000 (11174994.033.000) 2023-07-26 11:51:45 Job submitted from host: <128.104.101.92:9618?addrs=128.104.101.92-9618+[2607-f388-107c-501-a236-9fff-fe3c-caa8]-9618&alias=submit2.chtc.wisc.edu&noUDP&sock=schedd_1879732_618e>
...
040 (11174994.033.000) 2023-07-26 11:54:31 Started transferring input files
	Transferring to host: <128.105.69.240:9618?addrs=128.105.69.240-9618+[2607-f388-2200-100-eaeb-d3ff-fe40-1544]-9618&alias=e2623.chtc.wisc.edu&noUDP&sock=slot1_56_69960_e616_47902>
...
040 (11174994.033.000) 2023-07-26 11:54:33 Finished transferring input files
...
001 (11174994.033.000) 2023-07-26 11:54:34 Job executing on host: <128.105.69.240:9618?addrs=128.105.69.240-9618+[2607-f388-2200-100-eaeb-d3ff-fe40-1544]-9618&alias=e2623.chtc.wisc.edu&noUDP&sock=startd_18675_133d>
	SlotName: slot1_56@e2623.chtc.wisc.edu
	CondorScratchDir = "/var/lib/condor/execute/slot1/dir_2104309"
	Cpus = 1
	Disk = 1458998
	IoHeavy = 0
	Memory = 512
...
006 (11174994.033.000) 2023-07-26 11:54:43 Image size of job updated: 524288
	495  -  MemoryUsage of job (MB)
	506160  -  ResidentSetSize of job (KB)
...
040 (11174994.033.000) 2023-07-26 11:55:43 Started transferring output files
...
040 (11174994.033.000) 2023-07-26 11:55:43 Finished transferring output files
...
005 (11174994.033.000) 2023-07-26 11:55:43 Job terminated.
	(1) Normal termination (return value 0)
		Usr 0 00:01:03, Sys 0 00:00:02  -  Run Remote Usage
		Usr 0 00:00:00, Sys 0 00:00:00  -  Run Local Usage
		Usr 0 00:01:03, Sys 0 00:00:02  -  Total Remote Usage
		Usr 0 00:00:00, Sys 0 00:00:00  -  Total Local Usage
	57434  -  Run Bytes Sent By Job
	32726248  -  Run Bytes Received By Job
	57434  -  Total Bytes Sent By Job
	32726248  -  Total Bytes Received By Job
	Partitionable Resources :     Usage  Request Allocated 
	   Cpus                 :      0.99        1         1 
	   Disk (KB)            : 255232      524288   1458998 
	   IoHeavy              :                            0 
	   Memory (MB)          :    495         512       512 

	Job terminated of its own accord at 2023-07-26T16:55:42Z with exit-code 0.
...
