000 (11174994.026.000) 2023-07-26 11:51:45 Job submitted from host: <128.104.101.92:9618?addrs=128.104.101.92-9618+[2607-f388-107c-501-a236-9fff-fe3c-caa8]-9618&alias=submit2.chtc.wisc.edu&noUDP&sock=schedd_1879732_618e>
...
040 (11174994.026.000) 2023-07-26 11:54:29 Started transferring input files
	Transferring to host: <128.105.69.195:9618?addrs=128.105.69.195-9618+[2607-f388-2200-100-1270-fdff-fe56-6f44]-9618&alias=e4048.chtc.wisc.edu&noUDP&sock=slot1_39_1616382_17fb_46628>
...
040 (11174994.026.000) 2023-07-26 11:54:30 Finished transferring input files
...
001 (11174994.026.000) 2023-07-26 11:54:32 Job executing on host: <128.105.69.195:9618?addrs=128.105.69.195-9618+[2607-f388-2200-100-1270-fdff-fe56-6f44]-9618&alias=e4048.chtc.wisc.edu&noUDP&sock=startd_16481_2c74>
	SlotName: slot1_39@e4048.chtc.wisc.edu
	CondorScratchDir = "/var/lib/condor/execute/slot1/dir_112055"
	Cpus = 1
	Disk = 1208198
	IoHeavy = 0
	Memory = 512
...
006 (11174994.026.000) 2023-07-26 11:54:40 Image size of job updated: 524288
	489  -  MemoryUsage of job (MB)
	500180  -  ResidentSetSize of job (KB)
...
006 (11174994.026.000) 2023-07-26 11:56:40 Image size of job updated: 524288
	504  -  MemoryUsage of job (MB)
	515540  -  ResidentSetSize of job (KB)
...
040 (11174994.026.000) 2023-07-26 11:56:40 Started transferring output files
...
040 (11174994.026.000) 2023-07-26 11:56:40 Finished transferring output files
...
005 (11174994.026.000) 2023-07-26 11:56:40 Job terminated.
	(1) Normal termination (return value 0)
		Usr 0 00:02:03, Sys 0 00:00:01  -  Run Remote Usage
		Usr 0 00:00:00, Sys 0 00:00:00  -  Run Local Usage
		Usr 0 00:02:03, Sys 0 00:00:01  -  Total Remote Usage
		Usr 0 00:00:00, Sys 0 00:00:00  -  Total Local Usage
	57853  -  Run Bytes Sent By Job
	32726248  -  Run Bytes Received By Job
	57853  -  Total Bytes Sent By Job
	32726248  -  Total Bytes Received By Job
	Partitionable Resources :     Usage  Request Allocated 
	   Cpus                 :      0.99        1         1 
	   Disk (KB)            : 255232      524288   1208198 
	   IoHeavy              :                            0 
	   Memory (MB)          :    504         512       512 

	Job terminated of its own accord at 2023-07-26T16:56:40Z with exit-code 0.
...
