000 (11392341.025.000) 2023-08-03 09:09:59 Job submitted from host: <128.104.101.92:9618?addrs=128.104.101.92-9618+[2607-f388-107c-501-a236-9fff-fe3c-caa8]-9618&alias=submit2.chtc.wisc.edu&noUDP&sock=schedd_1879732_618e>
...
040 (11392341.025.000) 2023-08-03 09:10:28 Started transferring input files
	Transferring to host: <128.105.69.156:9618?addrs=128.105.69.156-9618+[2607-f388-2200-100-1270-fdff-fe56-45ec]-9618&alias=e4089.chtc.wisc.edu&noUDP&sock=slot1_39_809546_2451_68944>
...
040 (11392341.025.000) 2023-08-03 09:10:30 Finished transferring input files
...
001 (11392341.025.000) 2023-08-03 09:10:31 Job executing on host: <128.105.69.156:9618?addrs=128.105.69.156-9618+[2607-f388-2200-100-1270-fdff-fe56-45ec]-9618&alias=e4089.chtc.wisc.edu&noUDP&sock=startd_17196_9aab>
	SlotName: slot1_39@e4089.chtc.wisc.edu
	CondorScratchDir = "/var/lib/condor/execute/slot1/dir_54054"
	Cpus = 1
	Disk = 1208198
	IoHeavy = 0
	Memory = 512
...
006 (11392341.025.000) 2023-08-03 09:10:40 Image size of job updated: 275848
	223  -  MemoryUsage of job (MB)
	228272  -  ResidentSetSize of job (KB)
...
006 (11392341.025.000) 2023-08-03 09:11:58 Image size of job updated: 403036
	225  -  MemoryUsage of job (MB)
	230268  -  ResidentSetSize of job (KB)
...
040 (11392341.025.000) 2023-08-03 09:11:58 Started transferring output files
...
040 (11392341.025.000) 2023-08-03 09:11:58 Finished transferring output files
...
005 (11392341.025.000) 2023-08-03 09:11:58 Job terminated.
	(1) Normal termination (return value 0)
		Usr 0 00:01:18, Sys 0 00:00:05  -  Run Remote Usage
		Usr 0 00:00:00, Sys 0 00:00:00  -  Run Local Usage
		Usr 0 00:01:18, Sys 0 00:00:05  -  Total Remote Usage
		Usr 0 00:00:00, Sys 0 00:00:00  -  Total Local Usage
	56382  -  Run Bytes Sent By Job
	32727736  -  Run Bytes Received By Job
	56382  -  Total Bytes Sent By Job
	32727736  -  Total Bytes Received By Job
	Partitionable Resources :     Usage  Request Allocated 
	   Cpus                 :      0.98        1         1 
	   Disk (KB)            : 256077      524288   1208198 
	   IoHeavy              :                            0 
	   Memory (MB)          :    225         512       512 

	Job terminated of its own accord at 2023-08-03T14:11:58Z with exit-code 0.
...
