000 (11143209.014.000) 2023-07-20 21:06:51 Job submitted from host: <128.104.101.92:9618?addrs=128.104.101.92-9618+[2607-f388-107c-501-a236-9fff-fe3c-caa8]-9618&alias=submit2.chtc.wisc.edu&noUDP&sock=schedd_1879732_618e>
...
040 (11143209.014.000) 2023-07-20 21:08:18 Started transferring input files
	Transferring to host: <128.105.69.113:9618?addrs=128.105.69.113-9618+[2607-f388-2200-100-1270-fdff-fe56-6dbc]-9618&alias=e4062.chtc.wisc.edu&noUDP&sock=slot1_138_2078716_38ab_15158>
...
040 (11143209.014.000) 2023-07-20 21:08:21 Finished transferring input files
...
001 (11143209.014.000) 2023-07-20 21:08:22 Job executing on host: <128.105.69.113:9618?addrs=128.105.69.113-9618+[2607-f388-2200-100-1270-fdff-fe56-6dbc]-9618&alias=e4062.chtc.wisc.edu&noUDP&sock=startd_16747_a0a5>
	SlotName: slot1_138@e4062.chtc.wisc.edu
	CondorScratchDir = "/var/lib/condor/execute/slot1/dir_2503735"
	Cpus = 1
	Disk = 1208198
	IoHeavy = 0
	Memory = 512
...
006 (11143209.014.000) 2023-07-20 21:08:31 Image size of job updated: 368200
	355  -  MemoryUsage of job (MB)
	362604  -  ResidentSetSize of job (KB)
...
006 (11143209.014.000) 2023-07-20 21:13:31 Image size of job updated: 524288
	512  -  MemoryUsage of job (MB)
	523912  -  ResidentSetSize of job (KB)
...
040 (11143209.014.000) 2023-07-20 21:15:43 Started transferring output files
...
040 (11143209.014.000) 2023-07-20 21:15:43 Finished transferring output files
...
005 (11143209.014.000) 2023-07-20 21:15:43 Job terminated.
	(1) Normal termination (return value 0)
		Usr 0 00:06:51, Sys 0 00:00:07  -  Run Remote Usage
		Usr 0 00:00:00, Sys 0 00:00:00  -  Run Local Usage
		Usr 0 00:06:51, Sys 0 00:00:07  -  Total Remote Usage
		Usr 0 00:00:00, Sys 0 00:00:00  -  Total Local Usage
	57468  -  Run Bytes Sent By Job
	32725816  -  Run Bytes Received By Job
	57468  -  Total Bytes Sent By Job
	32725816  -  Total Bytes Received By Job
	Partitionable Resources :     Usage  Request Allocated 
	   Cpus                 :      0.98        1         1 
	   Disk (KB)            : 256061      524288   1208198 
	   IoHeavy              :                            0 
	   Memory (MB)          :    512         512       512 

	Job terminated of its own accord at 2023-07-21T02:15:43Z with exit-code 0.
...
