000 (11392261.020.000) 2023-08-02 21:08:52 Job submitted from host: <128.104.101.92:9618?addrs=128.104.101.92-9618+[2607-f388-107c-501-a236-9fff-fe3c-caa8]-9618&alias=submit2.chtc.wisc.edu&noUDP&sock=schedd_1879732_618e>
...
040 (11392261.020.000) 2023-08-02 21:09:59 Started transferring input files
	Transferring to host: <128.105.69.175:9618?addrs=128.105.69.175-9618+[2607-f388-2200-100-1270-fdff-fe56-63d4]-9618&alias=e2558.chtc.wisc.edu&noUDP&sock=slot1_31_2375588_66d4_75997>
...
040 (11392261.020.000) 2023-08-02 21:10:02 Finished transferring input files
...
001 (11392261.020.000) 2023-08-02 21:10:03 Job executing on host: <128.105.69.175:9618?addrs=128.105.69.175-9618+[2607-f388-2200-100-1270-fdff-fe56-63d4]-9618&alias=e2558.chtc.wisc.edu&noUDP&sock=startd_13980_b217>
	SlotName: slot1_31@e2558.chtc.wisc.edu
	CondorScratchDir = "/var/lib/condor/execute/slot1/dir_3369909"
	Cpus = 1
	Disk = 1208198
	IoHeavy = 0
	Memory = 512
...
006 (11392261.020.000) 2023-08-02 21:10:12 Image size of job updated: 280984
	256  -  MemoryUsage of job (MB)
	261564  -  ResidentSetSize of job (KB)
...
006 (11392261.020.000) 2023-08-02 21:15:13 Image size of job updated: 431260
	422  -  MemoryUsage of job (MB)
	431204  -  ResidentSetSize of job (KB)
...
006 (11392261.020.000) 2023-08-02 21:15:55 Image size of job updated: 434484
	422  -  MemoryUsage of job (MB)
	431204  -  ResidentSetSize of job (KB)
...
040 (11392261.020.000) 2023-08-02 21:15:55 Started transferring output files
...
040 (11392261.020.000) 2023-08-02 21:15:55 Finished transferring output files
...
005 (11392261.020.000) 2023-08-02 21:15:55 Job terminated.
	(1) Normal termination (return value 0)
		Usr 0 00:05:31, Sys 0 00:00:02  -  Run Remote Usage
		Usr 0 00:00:00, Sys 0 00:00:00  -  Run Local Usage
		Usr 0 00:05:31, Sys 0 00:00:02  -  Total Remote Usage
		Usr 0 00:00:00, Sys 0 00:00:00  -  Total Local Usage
	57857  -  Run Bytes Sent By Job
	32727852  -  Run Bytes Received By Job
	57857  -  Total Bytes Sent By Job
	32727852  -  Total Bytes Received By Job
	Partitionable Resources :     Usage  Request Allocated 
	   Cpus                 :      0.97        1         1 
	   Disk (KB)            : 256409      524288   1208198 
	   IoHeavy              :                            0 
	   Memory (MB)          :    422         512       512 

	Job terminated of its own accord at 2023-08-03T02:15:55Z with exit-code 0.
...
