000 (11392261.036.000) 2023-08-02 21:08:52 Job submitted from host: <128.104.101.92:9618?addrs=128.104.101.92-9618+[2607-f388-107c-501-a236-9fff-fe3c-caa8]-9618&alias=submit2.chtc.wisc.edu&noUDP&sock=schedd_1879732_618e>
...
040 (11392261.036.000) 2023-08-02 21:10:03 Started transferring input files
	Transferring to host: <128.105.69.178:9618?addrs=128.105.69.178-9618+[2607-f388-2200-100-1270-fdff-fe56-c31c]-9618&alias=e2561.chtc.wisc.edu&noUDP&sock=slot1_9_3305409_6966_78933>
...
040 (11392261.036.000) 2023-08-02 21:10:05 Finished transferring input files
...
001 (11392261.036.000) 2023-08-02 21:10:06 Job executing on host: <128.105.69.178:9618?addrs=128.105.69.178-9618+[2607-f388-2200-100-1270-fdff-fe56-c31c]-9618&alias=e2561.chtc.wisc.edu&noUDP&sock=startd_13913_bd3e>
	SlotName: slot1_9@e2561.chtc.wisc.edu
	CondorScratchDir = "/var/lib/condor/execute/slot1/dir_3028947"
	Cpus = 1
	Disk = 1208198
	IoHeavy = 0
	Memory = 512
...
006 (11392261.036.000) 2023-08-02 21:10:15 Image size of job updated: 382928
	318  -  MemoryUsage of job (MB)
	324808  -  ResidentSetSize of job (KB)
...
006 (11392261.036.000) 2023-08-02 21:13:19 Image size of job updated: 524288
	325  -  MemoryUsage of job (MB)
	332208  -  ResidentSetSize of job (KB)
...
040 (11392261.036.000) 2023-08-02 21:13:19 Started transferring output files
...
040 (11392261.036.000) 2023-08-02 21:13:19 Finished transferring output files
...
005 (11392261.036.000) 2023-08-02 21:13:19 Job terminated.
	(1) Normal termination (return value 0)
		Usr 0 00:03:04, Sys 0 00:00:04  -  Run Remote Usage
		Usr 0 00:00:00, Sys 0 00:00:00  -  Run Local Usage
		Usr 0 00:03:04, Sys 0 00:00:04  -  Total Remote Usage
		Usr 0 00:00:00, Sys 0 00:00:00  -  Total Local Usage
	57608  -  Run Bytes Sent By Job
	32727852  -  Run Bytes Received By Job
	57608  -  Total Bytes Sent By Job
	32727852  -  Total Bytes Received By Job
	Partitionable Resources :     Usage  Request Allocated 
	   Cpus                 :      0.99        1         1 
	   Disk (KB)            : 256395      524288   1208198 
	   IoHeavy              :                            0 
	   Memory (MB)          :    325         512       512 

	Job terminated of its own accord at 2023-08-03T02:13:19Z with exit-code 0.
...
