000 (11139805.006.000) 2023-07-19 21:31:36 Job submitted from host: <128.104.101.92:9618?addrs=128.104.101.92-9618+[2607-f388-107c-501-a236-9fff-fe3c-caa8]-9618&alias=submit2.chtc.wisc.edu&noUDP&sock=schedd_1879732_618e>
...
040 (11139805.006.000) 2023-07-19 21:33:56 Started transferring input files
	Transferring to host: <128.105.69.174:9618?addrs=128.105.69.174-9618+[2607-f388-2200-100-1270-fdff-fe56-74dc]-9618&alias=e2557.chtc.wisc.edu&noUDP&sock=slot1_14_1809463_2006_26154>
...
040 (11139805.006.000) 2023-07-19 21:33:57 Finished transferring input files
...
001 (11139805.006.000) 2023-07-19 21:33:58 Job executing on host: <128.105.69.174:9618?addrs=128.105.69.174-9618+[2607-f388-2200-100-1270-fdff-fe56-74dc]-9618&alias=e2557.chtc.wisc.edu&noUDP&sock=startd_13083_6da3>
	SlotName: slot1_14@e2557.chtc.wisc.edu
	CondorScratchDir = "/var/lib/condor/execute/slot1/dir_934439"
	Cpus = 1
	Disk = 1208198
	IoHeavy = 0
	Memory = 512
...
006 (11139805.006.000) 2023-07-19 21:34:07 Image size of job updated: 506564
	467  -  MemoryUsage of job (MB)
	478128  -  ResidentSetSize of job (KB)
...
006 (11139805.006.000) 2023-07-19 21:34:30 Image size of job updated: 524288
	467  -  MemoryUsage of job (MB)
	478128  -  ResidentSetSize of job (KB)
...
040 (11139805.006.000) 2023-07-19 21:34:31 Started transferring output files
...
040 (11139805.006.000) 2023-07-19 21:34:32 Finished transferring output files
...
005 (11139805.006.000) 2023-07-19 21:34:33 Job terminated.
	(1) Normal termination (return value 0)
		Usr 0 00:00:28, Sys 0 00:00:02  -  Run Remote Usage
		Usr 0 00:00:00, Sys 0 00:00:00  -  Run Local Usage
		Usr 0 00:00:28, Sys 0 00:00:02  -  Total Remote Usage
		Usr 0 00:00:00, Sys 0 00:00:00  -  Total Local Usage
	3464  -  Run Bytes Sent By Job
	32725172  -  Run Bytes Received By Job
	3464  -  Total Bytes Sent By Job
	32725172  -  Total Bytes Received By Job
	Partitionable Resources :    Usage  Request Allocated 
	   Cpus                 :                 1         1 
	   Disk (KB)            :   255169   524288   1208198 
	   IoHeavy              :                           0 
	   Memory (MB)          :      467      512       512 

	Job terminated of its own accord at 2023-07-20T02:34:30Z with exit-code 0.
...
