000 (11139883.126.000) 2023-07-20 06:17:26 Job submitted from host: <128.104.101.92:9618?addrs=128.104.101.92-9618+[2607-f388-107c-501-a236-9fff-fe3c-caa8]-9618&alias=submit2.chtc.wisc.edu&noUDP&sock=schedd_1879732_618e>
...
040 (11139883.126.000) 2023-07-20 06:20:49 Started transferring input files
	Transferring to host: <128.105.69.235:9618?addrs=128.105.69.235-9618+[2607-f388-2200-100-eaeb-d3ff-fe40-1eec]-9618&alias=e2618.chtc.wisc.edu&noUDP&sock=slot1_42_3591035_c485_13139>
...
040 (11139883.126.000) 2023-07-20 06:20:52 Finished transferring input files
...
001 (11139883.126.000) 2023-07-20 06:20:53 Job executing on host: <128.105.69.235:9618?addrs=128.105.69.235-9618+[2607-f388-2200-100-eaeb-d3ff-fe40-1eec]-9618&alias=e2618.chtc.wisc.edu&noUDP&sock=startd_18889_dc81>
	SlotName: slot1_42@e2618.chtc.wisc.edu
	CondorScratchDir = "/var/lib/condor/execute/slot1/dir_2519820"
	Cpus = 1
	Disk = 1458998
	IoHeavy = 0
	Memory = 512
...
006 (11139883.126.000) 2023-07-20 06:21:01 Image size of job updated: 505176
	406  -  MemoryUsage of job (MB)
	415676  -  ResidentSetSize of job (KB)
...
006 (11139883.126.000) 2023-07-20 06:24:55 Image size of job updated: 524288
	417  -  MemoryUsage of job (MB)
	426172  -  ResidentSetSize of job (KB)
...
040 (11139883.126.000) 2023-07-20 06:24:56 Started transferring output files
...
040 (11139883.126.000) 2023-07-20 06:24:56 Finished transferring output files
...
005 (11139883.126.000) 2023-07-20 06:24:57 Job terminated.
	(1) Normal termination (return value 0)
		Usr 0 00:03:56, Sys 0 00:00:01  -  Run Remote Usage
		Usr 0 00:00:00, Sys 0 00:00:00  -  Run Local Usage
		Usr 0 00:03:56, Sys 0 00:00:01  -  Total Remote Usage
		Usr 0 00:00:00, Sys 0 00:00:00  -  Total Local Usage
	57967  -  Run Bytes Sent By Job
	32725918  -  Run Bytes Received By Job
	57967  -  Total Bytes Sent By Job
	32725918  -  Total Bytes Received By Job
	Partitionable Resources :     Usage  Request Allocated 
	   Cpus                 :      0.99        1         1 
	   Disk (KB)            : 255231      524288   1458998 
	   IoHeavy              :                            0 
	   Memory (MB)          :    417         512       512 

	Job terminated of its own accord at 2023-07-20T11:24:55Z with exit-code 0.
...
