000 (11139883.026.000) 2023-07-20 06:17:26 Job submitted from host: <128.104.101.92:9618?addrs=128.104.101.92-9618+[2607-f388-107c-501-a236-9fff-fe3c-caa8]-9618&alias=submit2.chtc.wisc.edu&noUDP&sock=schedd_1879732_618e>
...
040 (11139883.026.000) 2023-07-20 06:20:36 Started transferring input files
	Transferring to host: <128.105.69.196:9618?addrs=128.105.69.196-9618+[2607-f388-2200-100-1270-fdff-fe56-bf74]-9618&alias=e4049.chtc.wisc.edu&noUDP&sock=slot1_92_3460697_db11_18308>
...
040 (11139883.026.000) 2023-07-20 06:20:38 Finished transferring input files
...
001 (11139883.026.000) 2023-07-20 06:20:39 Job executing on host: <128.105.69.196:9618?addrs=128.105.69.196-9618+[2607-f388-2200-100-1270-fdff-fe56-bf74]-9618&alias=e4049.chtc.wisc.edu&noUDP&sock=startd_16763_9a29>
	SlotName: slot1_92@e4049.chtc.wisc.edu
	CondorScratchDir = "/var/lib/condor/execute/slot1/dir_2701694"
	Cpus = 1
	Disk = 1208198
	IoHeavy = 0
	Memory = 512
...
006 (11139883.026.000) 2023-07-20 06:20:48 Image size of job updated: 274764
	193  -  MemoryUsage of job (MB)
	197388  -  ResidentSetSize of job (KB)
...
006 (11139883.026.000) 2023-07-20 06:25:49 Image size of job updated: 444512
	433  -  MemoryUsage of job (MB)
	442480  -  ResidentSetSize of job (KB)
...
006 (11139883.026.000) 2023-07-20 06:30:49 Image size of job updated: 445032
	433  -  MemoryUsage of job (MB)
	442480  -  ResidentSetSize of job (KB)
...
006 (11139883.026.000) 2023-07-20 06:35:50 Image size of job updated: 446740
	433  -  MemoryUsage of job (MB)
	442480  -  ResidentSetSize of job (KB)
...
006 (11139883.026.000) 2023-07-20 06:43:55 Image size of job updated: 453944
	433  -  MemoryUsage of job (MB)
	442480  -  ResidentSetSize of job (KB)
...
040 (11139883.026.000) 2023-07-20 06:43:55 Started transferring output files
...
040 (11139883.026.000) 2023-07-20 06:43:55 Finished transferring output files
...
005 (11139883.026.000) 2023-07-20 06:43:55 Job terminated.
	(1) Normal termination (return value 0)
		Usr 0 00:22:48, Sys 0 00:00:11  -  Run Remote Usage
		Usr 0 00:00:00, Sys 0 00:00:00  -  Run Local Usage
		Usr 0 00:22:48, Sys 0 00:00:11  -  Total Remote Usage
		Usr 0 00:00:00, Sys 0 00:00:00  -  Total Local Usage
	58011  -  Run Bytes Sent By Job
	32725918  -  Run Bytes Received By Job
	58011  -  Total Bytes Sent By Job
	32725918  -  Total Bytes Received By Job
	Partitionable Resources :     Usage  Request Allocated 
	   Cpus                 :      0.99        1         1 
	   Disk (KB)            : 255951      524288   1208198 
	   IoHeavy              :                            0 
	   Memory (MB)          :    433         512       512 

	Job terminated of its own accord at 2023-07-20T11:43:55Z with exit-code 0.
...
