000 (11392336.073.000) 2023-08-03 08:17:14 Job submitted from host: <128.104.101.92:9618?addrs=128.104.101.92-9618+[2607-f388-107c-501-a236-9fff-fe3c-caa8]-9618&alias=submit2.chtc.wisc.edu&noUDP&sock=schedd_1879732_618e>
...
040 (11392336.073.000) 2023-08-03 08:17:36 Started transferring input files
	Transferring to host: <128.105.69.210:9618?addrs=128.105.69.210-9618+[2607-f388-2200-100-eaeb-d3ff-fe40-88c]-9618&alias=e2593.chtc.wisc.edu&noUDP&sock=slot1_1_2196243_9ff7_75318>
...
040 (11392336.073.000) 2023-08-03 08:17:38 Finished transferring input files
...
001 (11392336.073.000) 2023-08-03 08:17:39 Job executing on host: <128.105.69.210:9618?addrs=128.105.69.210-9618+[2607-f388-2200-100-eaeb-d3ff-fe40-88c]-9618&alias=e2593.chtc.wisc.edu&noUDP&sock=startd_18721_a098>
	SlotName: slot1_1@e2593.chtc.wisc.edu
	CondorScratchDir = "/var/lib/condor/execute/slot1/dir_2176508"
	Cpus = 1
	Disk = 1458998
	IoHeavy = 0
	Memory = 512
...
006 (11392336.073.000) 2023-08-03 08:17:47 Image size of job updated: 465832
	422  -  MemoryUsage of job (MB)
	431496  -  ResidentSetSize of job (KB)
...
006 (11392336.073.000) 2023-08-03 08:18:59 Image size of job updated: 524288
	430  -  MemoryUsage of job (MB)
	439944  -  ResidentSetSize of job (KB)
...
040 (11392336.073.000) 2023-08-03 08:18:59 Started transferring output files
...
040 (11392336.073.000) 2023-08-03 08:18:59 Finished transferring output files
...
005 (11392336.073.000) 2023-08-03 08:18:59 Job terminated.
	(1) Normal termination (return value 0)
		Usr 0 00:01:15, Sys 0 00:00:02  -  Run Remote Usage
		Usr 0 00:00:00, Sys 0 00:00:00  -  Run Local Usage
		Usr 0 00:01:15, Sys 0 00:00:02  -  Total Remote Usage
		Usr 0 00:00:00, Sys 0 00:00:00  -  Total Local Usage
	58137  -  Run Bytes Sent By Job
	32727852  -  Run Bytes Received By Job
	58137  -  Total Bytes Sent By Job
	32727852  -  Total Bytes Received By Job
	Partitionable Resources :    Usage  Request Allocated 
	   Cpus                 :                 1         1 
	   Disk (KB)            :   255225   524288   1458998 
	   IoHeavy              :                           0 
	   Memory (MB)          :      430      512       512 

	Job terminated of its own accord at 2023-08-03T13:18:58Z with exit-code 0.
...
