000 (11174826.024.000) 2023-07-25 19:31:08 Job submitted from host: <128.104.101.92:9618?addrs=128.104.101.92-9618+[2607-f388-107c-501-a236-9fff-fe3c-caa8]-9618&alias=submit2.chtc.wisc.edu&noUDP&sock=schedd_1879732_618e>
...
040 (11174826.024.000) 2023-07-25 19:32:58 Started transferring input files
	Transferring to host: <128.105.69.170:9618?addrs=128.105.69.170-9618+[2607-f388-2200-100-1270-fdff-fe56-6a0c]-9618&alias=e2553.chtc.wisc.edu&noUDP&sock=slot1_100_1771035_1f6c_50193>
...
040 (11174826.024.000) 2023-07-25 19:33:00 Finished transferring input files
...
001 (11174826.024.000) 2023-07-25 19:33:01 Job executing on host: <128.105.69.170:9618?addrs=128.105.69.170-9618+[2607-f388-2200-100-1270-fdff-fe56-6a0c]-9618&alias=e2553.chtc.wisc.edu&noUDP&sock=startd_12924_5e14>
	SlotName: slot1_100@e2553.chtc.wisc.edu
	CondorScratchDir = "/var/lib/condor/execute/slot1/dir_2500452"
	Cpus = 1
	Disk = 1208198
	IoHeavy = 0
	Memory = 512
...
006 (11174826.024.000) 2023-07-25 19:33:09 Image size of job updated: 310152
	303  -  MemoryUsage of job (MB)
	310152  -  ResidentSetSize of job (KB)
...
006 (11174826.024.000) 2023-07-25 19:38:09 Image size of job updated: 490768
	467  -  MemoryUsage of job (MB)
	478052  -  ResidentSetSize of job (KB)
...
006 (11174826.024.000) 2023-07-25 19:43:10 Image size of job updated: 490768
	470  -  MemoryUsage of job (MB)
	480288  -  ResidentSetSize of job (KB)
...
040 (11174826.024.000) 2023-07-25 19:48:32 Started transferring output files
...
040 (11174826.024.000) 2023-07-25 19:48:32 Finished transferring output files
...
005 (11174826.024.000) 2023-07-25 19:48:32 Job terminated.
	(1) Normal termination (return value 0)
		Usr 0 00:15:15, Sys 0 00:00:05  -  Run Remote Usage
		Usr 0 00:00:00, Sys 0 00:00:00  -  Run Local Usage
		Usr 0 00:15:15, Sys 0 00:00:05  -  Total Remote Usage
		Usr 0 00:00:00, Sys 0 00:00:00  -  Total Local Usage
	56999  -  Run Bytes Sent By Job
	32725816  -  Run Bytes Received By Job
	56999  -  Total Bytes Sent By Job
	32725816  -  Total Bytes Received By Job
	Partitionable Resources :     Usage  Request Allocated 
	   Cpus                 :      0.99        1         1 
	   Disk (KB)            : 256393      524288   1208198 
	   IoHeavy              :                            0 
	   Memory (MB)          :    470         512       512 

	Job terminated of its own accord at 2023-07-26T00:48:32Z with exit-code 0.
...
