000 (11139805.014.000) 2023-07-19 21:31:36 Job submitted from host: <128.104.101.92:9618?addrs=128.104.101.92-9618+[2607-f388-107c-501-a236-9fff-fe3c-caa8]-9618&alias=submit2.chtc.wisc.edu&noUDP&sock=schedd_1879732_618e>
...
040 (11139805.014.000) 2023-07-19 21:33:57 Started transferring input files
	Transferring to host: <128.105.69.211:9618?addrs=128.105.69.211-9618+[2607-f388-2200-100-eaeb-d3ff-fe40-8bc]-9618&alias=e2594.chtc.wisc.edu&noUDP&sock=slot1_200_1970157_95cd_21842>
...
040 (11139805.014.000) 2023-07-19 21:34:02 Finished transferring input files
...
001 (11139805.014.000) 2023-07-19 21:34:03 Job executing on host: <128.105.69.211:9618?addrs=128.105.69.211-9618+[2607-f388-2200-100-eaeb-d3ff-fe40-8bc]-9618&alias=e2594.chtc.wisc.edu&noUDP&sock=startd_18787_e5d8>
	SlotName: slot1_200@e2594.chtc.wisc.edu
	CondorScratchDir = "/var/lib/condor/execute/slot1/dir_2328577"
	Cpus = 1
	Disk = 1458998
	IoHeavy = 0
	Memory = 512
...
006 (11139805.014.000) 2023-07-19 21:34:11 Image size of job updated: 383476
	330  -  MemoryUsage of job (MB)
	337852  -  ResidentSetSize of job (KB)
...
006 (11139805.014.000) 2023-07-19 21:34:24 Image size of job updated: 524288
	339  -  MemoryUsage of job (MB)
	347068  -  ResidentSetSize of job (KB)
...
040 (11139805.014.000) 2023-07-19 21:34:26 Started transferring output files
...
040 (11139805.014.000) 2023-07-19 21:34:27 Finished transferring output files
...
005 (11139805.014.000) 2023-07-19 21:34:30 Job terminated.
	(1) Normal termination (return value 0)
		Usr 0 00:00:17, Sys 0 00:00:02  -  Run Remote Usage
		Usr 0 00:00:00, Sys 0 00:00:00  -  Run Local Usage
		Usr 0 00:00:17, Sys 0 00:00:02  -  Total Remote Usage
		Usr 0 00:00:00, Sys 0 00:00:00  -  Total Local Usage
	3476  -  Run Bytes Sent By Job
	32725172  -  Run Bytes Received By Job
	3476  -  Total Bytes Sent By Job
	32725172  -  Total Bytes Received By Job
	Partitionable Resources :    Usage  Request Allocated 
	   Cpus                 :                 1         1 
	   Disk (KB)            :   256399   524288   1458998 
	   IoHeavy              :                           0 
	   Memory (MB)          :      339      512       512 

	Job terminated of its own accord at 2023-07-20T02:34:24Z with exit-code 0.
...
