000 (11174994.018.000) 2023-07-26 11:51:45 Job submitted from host: <128.104.101.92:9618?addrs=128.104.101.92-9618+[2607-f388-107c-501-a236-9fff-fe3c-caa8]-9618&alias=submit2.chtc.wisc.edu&noUDP&sock=schedd_1879732_618e>
...
040 (11174994.018.000) 2023-07-26 11:54:28 Started transferring input files
	Transferring to host: <128.105.69.124:9618?addrs=128.105.69.124-9618+[2607-f388-2200-100-1270-fdff-fe56-7b5c]-9618&alias=e4073.chtc.wisc.edu&noUDP&sock=slot1_77_2379618_e6b7_45768>
...
040 (11174994.018.000) 2023-07-26 11:54:30 Finished transferring input files
...
001 (11174994.018.000) 2023-07-26 11:54:32 Job executing on host: <128.105.69.124:9618?addrs=128.105.69.124-9618+[2607-f388-2200-100-1270-fdff-fe56-7b5c]-9618&alias=e4073.chtc.wisc.edu&noUDP&sock=startd_16825_2108>
	SlotName: slot1_77@e4073.chtc.wisc.edu
	CondorScratchDir = "/var/lib/condor/execute/slot1/dir_3922566"
	Cpus = 1
	Disk = 1208198
	IoHeavy = 0
	Memory = 512
...
006 (11174994.018.000) 2023-07-26 11:54:41 Image size of job updated: 524288
	512  -  MemoryUsage of job (MB)
	524048  -  ResidentSetSize of job (KB)
...
040 (11174994.018.000) 2023-07-26 12:02:53 Started transferring output files
...
040 (11174994.018.000) 2023-07-26 12:02:53 Finished transferring output files
...
005 (11174994.018.000) 2023-07-26 12:02:53 Job terminated.
	(1) Normal termination (return value 0)
		Usr 0 00:08:12, Sys 0 00:00:02  -  Run Remote Usage
		Usr 0 00:00:00, Sys 0 00:00:00  -  Run Local Usage
		Usr 0 00:08:12, Sys 0 00:00:02  -  Total Remote Usage
		Usr 0 00:00:00, Sys 0 00:00:00  -  Total Local Usage
	57041  -  Run Bytes Sent By Job
	32726248  -  Run Bytes Received By Job
	57041  -  Total Bytes Sent By Job
	32726248  -  Total Bytes Received By Job
	Partitionable Resources :     Usage  Request Allocated 
	   Cpus                 :      0.99        1         1 
	   Disk (KB)            : 255231      524288   1208198 
	   IoHeavy              :                            0 
	   Memory (MB)          :    512         512       512 

	Job terminated of its own accord at 2023-07-26T17:02:53Z with exit-code 0.
...
