000 (11139883.150.000) 2023-07-20 06:17:26 Job submitted from host: <128.104.101.92:9618?addrs=128.104.101.92-9618+[2607-f388-107c-501-a236-9fff-fe3c-caa8]-9618&alias=submit2.chtc.wisc.edu&noUDP&sock=schedd_1879732_618e>
...
040 (11139883.150.000) 2023-07-20 06:20:52 Started transferring input files
	Transferring to host: <128.105.69.214:9618?addrs=128.105.69.214-9618+[2607-f388-2200-100-eaeb-d3ff-fe3f-fbf4]-9618&alias=e2597.chtc.wisc.edu&noUDP&sock=slot1_58_4076455_1221_29464>
...
040 (11139883.150.000) 2023-07-20 06:20:55 Finished transferring input files
...
001 (11139883.150.000) 2023-07-20 06:20:56 Job executing on host: <128.105.69.214:9618?addrs=128.105.69.214-9618+[2607-f388-2200-100-eaeb-d3ff-fe3f-fbf4]-9618&alias=e2597.chtc.wisc.edu&noUDP&sock=startd_18862_5773>
	SlotName: slot1_58@e2597.chtc.wisc.edu
	CondorScratchDir = "/var/lib/condor/execute/slot1/dir_2918220"
	Cpus = 1
	Disk = 1458998
	IoHeavy = 0
	Memory = 512
...
006 (11139883.150.000) 2023-07-20 06:21:04 Image size of job updated: 463160
	393  -  MemoryUsage of job (MB)
	402308  -  ResidentSetSize of job (KB)
...
006 (11139883.150.000) 2023-07-20 06:22:10 Image size of job updated: 517548
	416  -  MemoryUsage of job (MB)
	425348  -  ResidentSetSize of job (KB)
...
040 (11139883.150.000) 2023-07-20 06:22:10 Started transferring output files
...
040 (11139883.150.000) 2023-07-20 06:22:10 Finished transferring output files
...
005 (11139883.150.000) 2023-07-20 06:22:10 Job terminated.
	(1) Normal termination (return value 0)
		Usr 0 00:01:10, Sys 0 00:00:01  -  Run Remote Usage
		Usr 0 00:00:00, Sys 0 00:00:00  -  Run Local Usage
		Usr 0 00:01:10, Sys 0 00:00:01  -  Total Remote Usage
		Usr 0 00:00:00, Sys 0 00:00:00  -  Total Local Usage
	57542  -  Run Bytes Sent By Job
	32725918  -  Run Bytes Received By Job
	57542  -  Total Bytes Sent By Job
	32725918  -  Total Bytes Received By Job
	Partitionable Resources :    Usage  Request Allocated 
	   Cpus                 :                 1         1 
	   Disk (KB)            :   255222   524288   1458998 
	   IoHeavy              :                           0 
	   Memory (MB)          :      416      512       512 

	Job terminated of its own accord at 2023-07-20T11:22:10Z with exit-code 0.
...
