Installing packages into '/var/lib/condor/execute/slot1/dir_2212140/packages'
(as 'lib' is unspecified)
trying URL 'https://cloud.r-project.org/src/contrib/wbs_1.4.tar.gz'
Content type 'application/x-gzip' length 14147 bytes (13 KB)
==================================================
downloaded 13 KB

trying URL 'https://cloud.r-project.org/src/contrib/not_1.5.tar.gz'
Content type 'application/x-gzip' length 22949 bytes (22 KB)
==================================================
downloaded 22 KB

* installing *source* package 'wbs' ...
** package 'wbs' successfully unpacked and MD5 sums checked
** using staged installation
** libs
installing to /var/lib/condor/execute/slot1/dir_2212140/packages/00LOCK-wbs/00new/wbs/libs
** R
** byte-compile and prepare package for lazy loading
** help
*** installing help indices
** building package indices
** testing if installed package can be loaded from temporary location
** checking absolute paths in shared objects and dynamic libraries
** testing if installed package can be loaded from final location
** testing if installed package keeps a record of temporary installation path
* DONE (wbs)
* installing *source* package 'not' ...
** package 'not' successfully unpacked and MD5 sums checked
** using staged installation
** libs
installing to /var/lib/condor/execute/slot1/dir_2212140/packages/00LOCK-not/00new/not/libs
** R
** byte-compile and prepare package for lazy loading
** help
*** installing help indices
** building package indices
** testing if installed package can be loaded from temporary location
** checking absolute paths in shared objects and dynamic libraries
** testing if installed package can be loaded from final location
** testing if installed package keeps a record of temporary installation path
* DONE (not)

The downloaded source packages are in
	'/tmp/RtmpxsJDW3/downloaded_packages'

Attaching package: 'igraph'

The following objects are masked from 'package:stats':

    decompose, spectrum

The following object is masked from 'package:base':

    union

Error in readChar(con, 5L, useBytes = TRUE) : cannot open the connection
Calls: get -> load -> readChar
In addition: Warning message:
In readChar(con, 5L, useBytes = TRUE) :
  cannot open compressed file 'rand_I_96_232.Rdata', probable reason 'No such file or directory'
Execution halted
