000 (11178184.007.000) 2023-07-26 21:10:59 Job submitted from host: <128.104.101.92:9618?addrs=128.104.101.92-9618+[2607-f388-107c-501-a236-9fff-fe3c-caa8]-9618&alias=submit2.chtc.wisc.edu&noUDP&sock=schedd_1879732_618e>
...
040 (11178184.007.000) 2023-07-26 21:13:03 Started transferring input files
	Transferring to host: <128.105.69.120:9618?addrs=128.105.69.120-9618+[2607-f388-2200-100-1270-fdff-fe56-67bc]-9618&alias=e4069.chtc.wisc.edu&noUDP&sock=slot1_87_340513_f670_43454>
...
040 (11178184.007.000) 2023-07-26 21:13:05 Finished transferring input files
...
001 (11178184.007.000) 2023-07-26 21:13:06 Job executing on host: <128.105.69.120:9618?addrs=128.105.69.120-9618+[2607-f388-2200-100-1270-fdff-fe56-67bc]-9618&alias=e4069.chtc.wisc.edu&noUDP&sock=startd_16955_4c58>
	SlotName: slot1_87@e4069.chtc.wisc.edu
	CondorScratchDir = "/var/lib/condor/execute/slot1/dir_2235876"
	Cpus = 1
	Disk = 1208198
	IoHeavy = 0
	Memory = 512
...
006 (11178184.007.000) 2023-07-26 21:13:15 Image size of job updated: 342492
	335  -  MemoryUsage of job (MB)
	342492  -  ResidentSetSize of job (KB)
...
006 (11178184.007.000) 2023-07-26 21:18:16 Image size of job updated: 454140
	441  -  MemoryUsage of job (MB)
	450956  -  ResidentSetSize of job (KB)
...
006 (11178184.007.000) 2023-07-26 21:23:16 Image size of job updated: 455516
	442  -  MemoryUsage of job (MB)
	451896  -  ResidentSetSize of job (KB)
...
006 (11178184.007.000) 2023-07-26 21:28:16 Image size of job updated: 457188
	442  -  MemoryUsage of job (MB)
	451896  -  ResidentSetSize of job (KB)
...
006 (11178184.007.000) 2023-07-26 21:28:37 Image size of job updated: 459840
	442  -  MemoryUsage of job (MB)
	451896  -  ResidentSetSize of job (KB)
...
040 (11178184.007.000) 2023-07-26 21:28:37 Started transferring output files
...
040 (11178184.007.000) 2023-07-26 21:28:37 Finished transferring output files
...
005 (11178184.007.000) 2023-07-26 21:28:37 Job terminated.
	(1) Normal termination (return value 0)
		Usr 0 00:15:13, Sys 0 00:00:04  -  Run Remote Usage
		Usr 0 00:00:00, Sys 0 00:00:00  -  Run Local Usage
		Usr 0 00:15:13, Sys 0 00:00:04  -  Total Remote Usage
		Usr 0 00:00:00, Sys 0 00:00:00  -  Total Local Usage
	56982  -  Run Bytes Sent By Job
	32726544  -  Run Bytes Received By Job
	56982  -  Total Bytes Sent By Job
	32726544  -  Total Bytes Received By Job
	Partitionable Resources :     Usage  Request Allocated 
	   Cpus                 :      0.99        1         1 
	   Disk (KB)            : 255232      524288   1208198 
	   IoHeavy              :                            0 
	   Memory (MB)          :    442         512       512 

	Job terminated of its own accord at 2023-07-27T02:28:37Z with exit-code 0.
...
