000 (11392341.047.000) 2023-08-03 09:09:59 Job submitted from host: <128.104.101.92:9618?addrs=128.104.101.92-9618+[2607-f388-107c-501-a236-9fff-fe3c-caa8]-9618&alias=submit2.chtc.wisc.edu&noUDP&sock=schedd_1879732_618e>
...
040 (11392341.047.000) 2023-08-03 09:10:30 Started transferring input files
	Transferring to host: <128.105.69.95:9618?addrs=128.105.69.95-9618+[2607-f388-2200-100-1270-fdff-fe56-bff4]-9618&alias=e4006.chtc.wisc.edu&noUDP&sock=slot1_4_3683970_e1e9_71073>
...
040 (11392341.047.000) 2023-08-03 09:10:32 Finished transferring input files
...
001 (11392341.047.000) 2023-08-03 09:10:33 Job executing on host: <128.105.69.95:9618?addrs=128.105.69.95-9618+[2607-f388-2200-100-1270-fdff-fe56-bff4]-9618&alias=e4006.chtc.wisc.edu&noUDP&sock=startd_2383497_450b>
	SlotName: slot1_4@e4006.chtc.wisc.edu
	CondorScratchDir = "/var/lib/condor/execute/slot1/dir_1451894"
	Cpus = 1
	Disk = 1208198
	IoHeavy = 0
	Memory = 512
...
006 (11392341.047.000) 2023-08-03 09:10:42 Image size of job updated: 278396
	251  -  MemoryUsage of job (MB)
	256332  -  ResidentSetSize of job (KB)
...
006 (11392341.047.000) 2023-08-03 09:15:42 Image size of job updated: 495952
	472  -  MemoryUsage of job (MB)
	482992  -  ResidentSetSize of job (KB)
...
006 (11392341.047.000) 2023-08-03 09:20:42 Image size of job updated: 497180
	481  -  MemoryUsage of job (MB)
	491696  -  ResidentSetSize of job (KB)
...
006 (11392341.047.000) 2023-08-03 09:25:43 Image size of job updated: 498632
	485  -  MemoryUsage of job (MB)
	495644  -  ResidentSetSize of job (KB)
...
006 (11392341.047.000) 2023-08-03 09:27:06 Image size of job updated: 499472
	485  -  MemoryUsage of job (MB)
	495644  -  ResidentSetSize of job (KB)
...
040 (11392341.047.000) 2023-08-03 09:27:06 Started transferring output files
...
040 (11392341.047.000) 2023-08-03 09:27:06 Finished transferring output files
...
005 (11392341.047.000) 2023-08-03 09:27:06 Job terminated.
	(1) Normal termination (return value 0)
		Usr 0 00:16:18, Sys 0 00:00:07  -  Run Remote Usage
		Usr 0 00:00:00, Sys 0 00:00:00  -  Run Local Usage
		Usr 0 00:16:18, Sys 0 00:00:07  -  Total Remote Usage
		Usr 0 00:00:00, Sys 0 00:00:00  -  Total Local Usage
	56994  -  Run Bytes Sent By Job
	32727736  -  Run Bytes Received By Job
	56994  -  Total Bytes Sent By Job
	32727736  -  Total Bytes Received By Job
	Partitionable Resources :     Usage  Request Allocated 
	   Cpus                 :      0.99        1         1 
	   Disk (KB)            : 256399      524288   1208198 
	   IoHeavy              :                            0 
	   Memory (MB)          :    485         512       512 

	Job terminated of its own accord at 2023-08-03T14:27:06Z with exit-code 0.
...
