000 (11139883.034.000) 2023-07-20 06:17:26 Job submitted from host: <128.104.101.92:9618?addrs=128.104.101.92-9618+[2607-f388-107c-501-a236-9fff-fe3c-caa8]-9618&alias=submit2.chtc.wisc.edu&noUDP&sock=schedd_1879732_618e>
...
040 (11139883.034.000) 2023-07-20 06:20:40 Started transferring input files
	Transferring to host: <128.105.69.234:9618?addrs=128.105.69.234-9618+[2607-f388-2200-100-eaeb-d3ff-fe40-1efc]-9618&alias=e2617.chtc.wisc.edu&noUDP&sock=slot1_135_403651_6537_19731>
...
040 (11139883.034.000) 2023-07-20 06:20:41 Finished transferring input files
...
001 (11139883.034.000) 2023-07-20 06:20:43 Job executing on host: <128.105.69.234:9618?addrs=128.105.69.234-9618+[2607-f388-2200-100-eaeb-d3ff-fe40-1efc]-9618&alias=e2617.chtc.wisc.edu&noUDP&sock=startd_18732_2c23>
	SlotName: slot1_135@e2617.chtc.wisc.edu
	CondorScratchDir = "/var/lib/condor/execute/slot1/dir_3925512"
	Cpus = 1
	Disk = 1458998
	IoHeavy = 0
	Memory = 512
...
006 (11139883.034.000) 2023-07-20 06:20:51 Image size of job updated: 274680
	238  -  MemoryUsage of job (MB)
	243412  -  ResidentSetSize of job (KB)
...
006 (11139883.034.000) 2023-07-20 06:25:51 Image size of job updated: 511472
	471  -  MemoryUsage of job (MB)
	481956  -  ResidentSetSize of job (KB)
...
006 (11139883.034.000) 2023-07-20 06:30:52 Image size of job updated: 517812
	494  -  MemoryUsage of job (MB)
	505056  -  ResidentSetSize of job (KB)
...
006 (11139883.034.000) 2023-07-20 06:45:53 Image size of job updated: 518452
	507  -  MemoryUsage of job (MB)
	518452  -  ResidentSetSize of job (KB)
...
006 (11139883.034.000) 2023-07-20 06:50:54 Image size of job updated: 518464
	507  -  MemoryUsage of job (MB)
	518452  -  ResidentSetSize of job (KB)
...
040 (11139883.034.000) 2023-07-20 06:57:04 Started transferring output files
...
040 (11139883.034.000) 2023-07-20 06:57:04 Finished transferring output files
...
005 (11139883.034.000) 2023-07-20 06:57:04 Job terminated.
	(1) Normal termination (return value 0)
		Usr 0 00:35:39, Sys 0 00:00:09  -  Run Remote Usage
		Usr 0 00:00:00, Sys 0 00:00:00  -  Run Local Usage
		Usr 0 00:35:39, Sys 0 00:00:09  -  Total Remote Usage
		Usr 0 00:00:00, Sys 0 00:00:00  -  Total Local Usage
	58008  -  Run Bytes Sent By Job
	32725918  -  Run Bytes Received By Job
	58008  -  Total Bytes Sent By Job
	32725918  -  Total Bytes Received By Job
	Partitionable Resources :     Usage  Request Allocated 
	   Cpus                 :      0.99        1         1 
	   Disk (KB)            : 256397      524288   1458998 
	   IoHeavy              :                            0 
	   Memory (MB)          :    507         512       512 

	Job terminated of its own accord at 2023-07-20T11:57:04Z with exit-code 0.
...
