000 (11392261.096.000) 2023-08-02 21:08:53 Job submitted from host: <128.104.101.92:9618?addrs=128.104.101.92-9618+[2607-f388-107c-501-a236-9fff-fe3c-caa8]-9618&alias=submit2.chtc.wisc.edu&noUDP&sock=schedd_1879732_618e>
...
040 (11392261.096.000) 2023-08-02 21:10:12 Started transferring input files
	Transferring to host: <128.105.69.99:9618?addrs=128.105.69.99-9618+[2607-f388-2200-100-1270-fdff-fe56-7674]-9618&alias=e4010.chtc.wisc.edu&noUDP&sock=slot1_209_1775110_5431_72825>
...
040 (11392261.096.000) 2023-08-02 21:10:14 Finished transferring input files
...
001 (11392261.096.000) 2023-08-02 21:10:15 Job executing on host: <128.105.69.99:9618?addrs=128.105.69.99-9618+[2607-f388-2200-100-1270-fdff-fe56-7674]-9618&alias=e4010.chtc.wisc.edu&noUDP&sock=startd_15877_e140>
	SlotName: slot1_209@e4010.chtc.wisc.edu
	CondorScratchDir = "/var/lib/condor/execute/slot1/dir_4136821"
	Cpus = 1
	Disk = 1208198
	IoHeavy = 0
	Memory = 512
...
006 (11392261.096.000) 2023-08-02 21:10:23 Image size of job updated: 204152
	200  -  MemoryUsage of job (MB)
	204152  -  ResidentSetSize of job (KB)
...
006 (11392261.096.000) 2023-08-02 21:12:12 Image size of job updated: 407488
	202  -  MemoryUsage of job (MB)
	206456  -  ResidentSetSize of job (KB)
...
040 (11392261.096.000) 2023-08-02 21:12:12 Started transferring output files
...
040 (11392261.096.000) 2023-08-02 21:12:12 Finished transferring output files
...
005 (11392261.096.000) 2023-08-02 21:12:12 Job terminated.
	(1) Normal termination (return value 0)
		Usr 0 00:01:46, Sys 0 00:00:06  -  Run Remote Usage
		Usr 0 00:00:00, Sys 0 00:00:00  -  Run Local Usage
		Usr 0 00:01:46, Sys 0 00:00:06  -  Total Remote Usage
		Usr 0 00:00:00, Sys 0 00:00:00  -  Total Local Usage
	57464  -  Run Bytes Sent By Job
	32727852  -  Run Bytes Received By Job
	57464  -  Total Bytes Sent By Job
	32727852  -  Total Bytes Received By Job
	Partitionable Resources :     Usage  Request Allocated 
	   Cpus                 :      0.75        1         1 
	   Disk (KB)            : 255850      524288   1208198 
	   IoHeavy              :                            0 
	   Memory (MB)          :    202         512       512 

	Job terminated of its own accord at 2023-08-03T02:12:12Z with exit-code 0.
...
