000 (11392336.068.000) 2023-08-03 08:17:14 Job submitted from host: <128.104.101.92:9618?addrs=128.104.101.92-9618+[2607-f388-107c-501-a236-9fff-fe3c-caa8]-9618&alias=submit2.chtc.wisc.edu&noUDP&sock=schedd_1879732_618e>
...
040 (11392336.068.000) 2023-08-03 08:17:36 Started transferring input files
	Transferring to host: <128.105.69.170:9618?addrs=128.105.69.170-9618+[2607-f388-2200-100-1270-fdff-fe56-6a0c]-9618&alias=e2553.chtc.wisc.edu&noUDP&sock=slot1_9_1771035_1f6c_82513>
...
040 (11392336.068.000) 2023-08-03 08:17:37 Finished transferring input files
...
001 (11392336.068.000) 2023-08-03 08:17:38 Job executing on host: <128.105.69.170:9618?addrs=128.105.69.170-9618+[2607-f388-2200-100-1270-fdff-fe56-6a0c]-9618&alias=e2553.chtc.wisc.edu&noUDP&sock=startd_12924_5e14>
	SlotName: slot1_9@e2553.chtc.wisc.edu
	CondorScratchDir = "/var/lib/condor/execute/slot1/dir_3988782"
	Cpus = 1
	Disk = 1208198
	IoHeavy = 0
	Memory = 512
...
006 (11392336.068.000) 2023-08-03 08:17:47 Image size of job updated: 402060
	390  -  MemoryUsage of job (MB)
	398936  -  ResidentSetSize of job (KB)
...
006 (11392336.068.000) 2023-08-03 08:18:47 Image size of job updated: 415624
	390  -  MemoryUsage of job (MB)
	398936  -  ResidentSetSize of job (KB)
...
040 (11392336.068.000) 2023-08-03 08:18:47 Started transferring output files
...
040 (11392336.068.000) 2023-08-03 08:18:47 Finished transferring output files
...
005 (11392336.068.000) 2023-08-03 08:18:47 Job terminated.
	(1) Normal termination (return value 0)
		Usr 0 00:01:04, Sys 0 00:00:02  -  Run Remote Usage
		Usr 0 00:00:00, Sys 0 00:00:00  -  Run Local Usage
		Usr 0 00:01:04, Sys 0 00:00:02  -  Total Remote Usage
		Usr 0 00:00:00, Sys 0 00:00:00  -  Total Local Usage
	58131  -  Run Bytes Sent By Job
	32727852  -  Run Bytes Received By Job
	58131  -  Total Bytes Sent By Job
	32727852  -  Total Bytes Received By Job
	Partitionable Resources :    Usage  Request Allocated 
	   Cpus                 :                 1         1 
	   Disk (KB)            :   255225   524288   1208198 
	   IoHeavy              :                           0 
	   Memory (MB)          :      390      512       512 

	Job terminated of its own accord at 2023-08-03T13:18:47Z with exit-code 0.
...
