000 (11139883.033.000) 2023-07-20 06:17:26 Job submitted from host: <128.104.101.92:9618?addrs=128.104.101.92-9618+[2607-f388-107c-501-a236-9fff-fe3c-caa8]-9618&alias=submit2.chtc.wisc.edu&noUDP&sock=schedd_1879732_618e>
...
040 (11139883.033.000) 2023-07-20 06:20:36 Started transferring input files
	Transferring to host: <128.105.69.135:9618?addrs=128.105.69.135-9618+[2607-f388-2200-100-1270-fdff-fe56-635c]-9618&alias=e4084.chtc.wisc.edu&noUDP&sock=slot1_232_2131345_1ce8_22606>
...
040 (11139883.033.000) 2023-07-20 06:20:39 Finished transferring input files
...
001 (11139883.033.000) 2023-07-20 06:20:40 Job executing on host: <128.105.69.135:9618?addrs=128.105.69.135-9618+[2607-f388-2200-100-1270-fdff-fe56-635c]-9618&alias=e4084.chtc.wisc.edu&noUDP&sock=startd_17181_50bf>
	SlotName: slot1_232@e4084.chtc.wisc.edu
	CondorScratchDir = "/var/lib/condor/execute/slot1/dir_1156784"
	Cpus = 1
	Disk = 1208198
	IoHeavy = 0
	Memory = 512
...
006 (11139883.033.000) 2023-07-20 06:20:48 Image size of job updated: 274288
	246  -  MemoryUsage of job (MB)
	251452  -  ResidentSetSize of job (KB)
...
006 (11139883.033.000) 2023-07-20 06:24:56 Image size of job updated: 413956
	246  -  MemoryUsage of job (MB)
	251452  -  ResidentSetSize of job (KB)
...
040 (11139883.033.000) 2023-07-20 06:24:56 Started transferring output files
...
040 (11139883.033.000) 2023-07-20 06:24:57 Finished transferring output files
...
005 (11139883.033.000) 2023-07-20 06:25:00 Job terminated.
	(1) Normal termination (return value 0)
		Usr 0 00:04:02, Sys 0 00:00:07  -  Run Remote Usage
		Usr 0 00:00:00, Sys 0 00:00:00  -  Run Local Usage
		Usr 0 00:04:02, Sys 0 00:00:07  -  Total Remote Usage
		Usr 0 00:00:00, Sys 0 00:00:00  -  Total Local Usage
	57261  -  Run Bytes Sent By Job
	32725918  -  Run Bytes Received By Job
	57261  -  Total Bytes Sent By Job
	32725918  -  Total Bytes Received By Job
	Partitionable Resources :     Usage  Request Allocated 
	   Cpus                 :      0.99        1         1 
	   Disk (KB)            : 256095      524288   1208198 
	   IoHeavy              :                            0 
	   Memory (MB)          :    246         512       512 

	Job terminated of its own accord at 2023-07-20T11:24:56Z with exit-code 0.
...
