000 (11174826.027.000) 2023-07-25 19:31:08 Job submitted from host: <128.104.101.92:9618?addrs=128.104.101.92-9618+[2607-f388-107c-501-a236-9fff-fe3c-caa8]-9618&alias=submit2.chtc.wisc.edu&noUDP&sock=schedd_1879732_618e>
...
040 (11174826.027.000) 2023-07-25 19:32:58 Started transferring input files
	Transferring to host: <128.105.69.89:9618?addrs=128.105.69.89-9618+[2607-f388-2200-100-1270-fdff-fe56-41cc]-9618&alias=build4000.chtc.wisc.edu&noUDP&sock=slot3_120_2515835_19bb_34837>
...
040 (11174826.027.000) 2023-07-25 19:33:00 Finished transferring input files
...
001 (11174826.027.000) 2023-07-25 19:33:01 Job executing on host: <128.105.69.89:9618?addrs=128.105.69.89-9618+[2607-f388-2200-100-1270-fdff-fe56-41cc]-9618&alias=build4000.chtc.wisc.edu&noUDP&sock=startd_16084_dd5a>
	SlotName: slot3_120@build4000.chtc.wisc.edu
	CondorScratchDir = "/var/lib/condor/execute/slot3/dir_3639188"
	Cpus = 1
	Disk = 1208198
	IoHeavy = 0
	Memory = 512
...
006 (11174826.027.000) 2023-07-25 19:33:09 Image size of job updated: 382788
	351  -  MemoryUsage of job (MB)
	359328  -  ResidentSetSize of job (KB)
...
006 (11174826.027.000) 2023-07-25 19:38:09 Image size of job updated: 524288
	469  -  MemoryUsage of job (MB)
	479792  -  ResidentSetSize of job (KB)
...
040 (11174826.027.000) 2023-07-25 19:42:25 Started transferring output files
...
040 (11174826.027.000) 2023-07-25 19:42:25 Finished transferring output files
...
005 (11174826.027.000) 2023-07-25 19:42:25 Job terminated.
	(1) Normal termination (return value 0)
		Usr 0 00:09:11, Sys 0 00:00:03  -  Run Remote Usage
		Usr 0 00:00:00, Sys 0 00:00:00  -  Run Local Usage
		Usr 0 00:09:11, Sys 0 00:00:03  -  Total Remote Usage
		Usr 0 00:00:00, Sys 0 00:00:00  -  Total Local Usage
	56939  -  Run Bytes Sent By Job
	32725816  -  Run Bytes Received By Job
	56939  -  Total Bytes Sent By Job
	32725816  -  Total Bytes Received By Job
	Partitionable Resources :     Usage  Request Allocated 
	   Cpus                 :      0.99        1         1 
	   Disk (KB)            : 256400      524288   1208198 
	   IoHeavy              :                            0 
	   Memory (MB)          :    469         512       512 

	Job terminated of its own accord at 2023-07-26T00:42:25Z with exit-code 0.
...
