000 (11139883.101.000) 2023-07-20 06:17:26 Job submitted from host: <128.104.101.92:9618?addrs=128.104.101.92-9618+[2607-f388-107c-501-a236-9fff-fe3c-caa8]-9618&alias=submit2.chtc.wisc.edu&noUDP&sock=schedd_1879732_618e>
...
040 (11139883.101.000) 2023-07-20 06:20:47 Started transferring input files
	Transferring to host: <128.105.69.244:9618?addrs=128.105.69.244-9618+[2607-f388-2200-100-eaeb-d3ff-fe40-205c]-9618&alias=e2627.chtc.wisc.edu&noUDP&sock=slot1_54_165726_b58c_24239>
...
040 (11139883.101.000) 2023-07-20 06:20:49 Finished transferring input files
...
001 (11139883.101.000) 2023-07-20 06:20:50 Job executing on host: <128.105.69.244:9618?addrs=128.105.69.244-9618+[2607-f388-2200-100-eaeb-d3ff-fe40-205c]-9618&alias=e2627.chtc.wisc.edu&noUDP&sock=startd_18898_08dc>
	SlotName: slot1_54@e2627.chtc.wisc.edu
	CondorScratchDir = "/var/lib/condor/execute/slot1/dir_2226091"
	Cpus = 1
	Disk = 1458998
	IoHeavy = 0
	Memory = 512
...
006 (11139883.101.000) 2023-07-20 06:20:59 Image size of job updated: 486492
	471  -  MemoryUsage of job (MB)
	481332  -  ResidentSetSize of job (KB)
...
006 (11139883.101.000) 2023-07-20 06:21:21 Image size of job updated: 524288
	471  -  MemoryUsage of job (MB)
	481332  -  ResidentSetSize of job (KB)
...
007 (11139883.101.000) 2023-07-20 06:21:21 Shadow exception!
	Error from slot1_54@e2627.chtc.wisc.edu: Job has gone over memory limit of 512 megabytes. Peak usage: 512 megabytes.
	0  -  Run Bytes Sent By Job
	32725918  -  Run Bytes Received By Job
...
012 (11139883.101.000) 2023-07-20 06:21:21 Job was held.
	Error from slot1_54@e2627.chtc.wisc.edu: Job has gone over memory limit of 512 megabytes. Peak usage: 512 megabytes.
	Code 34 Subcode 0
...
