000 (11174826.018.000) 2023-07-25 19:31:08 Job submitted from host: <128.104.101.92:9618?addrs=128.104.101.92-9618+[2607-f388-107c-501-a236-9fff-fe3c-caa8]-9618&alias=submit2.chtc.wisc.edu&noUDP&sock=schedd_1879732_618e>
...
040 (11174826.018.000) 2023-07-25 19:32:58 Started transferring input files
	Transferring to host: <128.105.69.175:9618?addrs=128.105.69.175-9618+[2607-f388-2200-100-1270-fdff-fe56-63d4]-9618&alias=e2558.chtc.wisc.edu&noUDP&sock=slot1_2_2375588_66d4_45600>
...
040 (11174826.018.000) 2023-07-25 19:33:01 Finished transferring input files
...
001 (11174826.018.000) 2023-07-25 19:33:02 Job executing on host: <128.105.69.175:9618?addrs=128.105.69.175-9618+[2607-f388-2200-100-1270-fdff-fe56-63d4]-9618&alias=e2558.chtc.wisc.edu&noUDP&sock=startd_13980_b217>
	SlotName: slot1_2@e2558.chtc.wisc.edu
	CondorScratchDir = "/var/lib/condor/execute/slot1/dir_3277103"
	Cpus = 1
	Disk = 1208198
	IoHeavy = 0
	Memory = 512
...
006 (11174826.018.000) 2023-07-25 19:33:10 Image size of job updated: 416812
	368  -  MemoryUsage of job (MB)
	376256  -  ResidentSetSize of job (KB)
...
006 (11174826.018.000) 2023-07-25 19:37:01 Image size of job updated: 524288
	368  -  MemoryUsage of job (MB)
	376744  -  ResidentSetSize of job (KB)
...
040 (11174826.018.000) 2023-07-25 19:37:02 Started transferring output files
...
040 (11174826.018.000) 2023-07-25 19:37:02 Finished transferring output files
...
005 (11174826.018.000) 2023-07-25 19:37:02 Job terminated.
	(1) Normal termination (return value 0)
		Usr 0 00:03:51, Sys 0 00:00:04  -  Run Remote Usage
		Usr 0 00:00:00, Sys 0 00:00:00  -  Run Local Usage
		Usr 0 00:03:51, Sys 0 00:00:04  -  Total Remote Usage
		Usr 0 00:00:00, Sys 0 00:00:00  -  Total Local Usage
	57318  -  Run Bytes Sent By Job
	32725816  -  Run Bytes Received By Job
	57318  -  Total Bytes Sent By Job
	32725816  -  Total Bytes Received By Job
	Partitionable Resources :     Usage  Request Allocated 
	   Cpus                 :      0.99        1         1 
	   Disk (KB)            : 256096      524288   1208198 
	   IoHeavy              :                            0 
	   Memory (MB)          :    368         512       512 

	Job terminated of its own accord at 2023-07-26T00:37:01Z with exit-code 0.
...
