040 (11139799.017.000) 2023-07-19 21:18:22 Started transferring input files
	Transferring to host: <128.105.69.165:9618?addrs=128.105.69.165-9618+[2607-f388-2200-100-1270-fdff-fe56-7194]-9618&alias=e2548.chtc.wisc.edu&noUDP&sock=slot1_126_2989058_8386_11755>
...
040 (11139799.017.000) 2023-07-19 21:18:24 Finished transferring input files
...
001 (11139799.017.000) 2023-07-19 21:18:25 Job executing on host: <128.105.69.165:9618?addrs=128.105.69.165-9618+[2607-f388-2200-100-1270-fdff-fe56-7194]-9618&alias=e2548.chtc.wisc.edu&noUDP&sock=startd_13958_9b02>
	SlotName: slot1_126@e2548.chtc.wisc.edu
	CondorScratchDir = "/var/lib/condor/execute/slot1/dir_2885215"
	Cpus = 1
	Disk = 1208198
	IoHeavy = 0
	Memory = 512
...
006 (11139799.017.000) 2023-07-19 21:18:34 Image size of job updated: 433156
	414  -  MemoryUsage of job (MB)
	423148  -  ResidentSetSize of job (KB)
...
006 (11139799.017.000) 2023-07-19 21:18:37 Image size of job updated: 505980
	420  -  MemoryUsage of job (MB)
	429292  -  ResidentSetSize of job (KB)
...
040 (11139799.017.000) 2023-07-19 21:18:37 Started transferring output files
...
040 (11139799.017.000) 2023-07-19 21:18:37 Finished transferring output files
...
005 (11139799.017.000) 2023-07-19 21:18:37 Job terminated.
	(1) Normal termination (return value 1)
		Usr 0 00:00:08, Sys 0 00:00:02  -  Run Remote Usage
		Usr 0 00:00:00, Sys 0 00:00:00  -  Run Local Usage
		Usr 0 00:00:08, Sys 0 00:00:02  -  Total Remote Usage
		Usr 0 00:00:00, Sys 0 00:00:00  -  Total Local Usage
	3154  -  Run Bytes Sent By Job
	32725180  -  Run Bytes Received By Job
	3154  -  Total Bytes Sent By Job
	32725180  -  Total Bytes Received By Job
	Partitionable Resources :    Usage  Request Allocated 
	   Cpus                 :                 1         1 
	   Disk (KB)            :   255168   524288   1208198 
	   IoHeavy              :                           0 
	   Memory (MB)          :      420      512       512 

	Job terminated of its own accord at 2023-07-20T02:18:37Z with exit-code 1.
...
