000 (11143179.008.000) 2023-07-20 20:15:22 Job submitted from host: <128.104.101.92:9618?addrs=128.104.101.92-9618+[2607-f388-107c-501-a236-9fff-fe3c-caa8]-9618&alias=submit2.chtc.wisc.edu&noUDP&sock=schedd_1879732_618e>
...
040 (11143179.008.000) 2023-07-20 20:17:21 Started transferring input files
	Transferring to host: <128.105.69.213:9618?addrs=128.105.69.213-9618+[2607-f388-2200-100-eaeb-d3ff-fe40-894]-9618&alias=e2596.chtc.wisc.edu&noUDP&sock=slot1_171_2277354_a979_16279>
...
040 (11143179.008.000) 2023-07-20 20:17:26 Finished transferring input files
...
001 (11143179.008.000) 2023-07-20 20:17:27 Job executing on host: <128.105.69.213:9618?addrs=128.105.69.213-9618+[2607-f388-2200-100-eaeb-d3ff-fe40-894]-9618&alias=e2596.chtc.wisc.edu&noUDP&sock=startd_17297_e1bb>
	SlotName: slot1_171@e2596.chtc.wisc.edu
	CondorScratchDir = "/var/lib/condor/execute/slot1/dir_3212380"
	Cpus = 1
	Disk = 1458998
	IoHeavy = 0
	Memory = 512
...
006 (11143179.008.000) 2023-07-20 20:17:35 Image size of job updated: 310956
	280  -  MemoryUsage of job (MB)
	286388  -  ResidentSetSize of job (KB)
...
006 (11143179.008.000) 2023-07-20 20:17:51 Image size of job updated: 434180
	286  -  MemoryUsage of job (MB)
	292788  -  ResidentSetSize of job (KB)
...
040 (11143179.008.000) 2023-07-20 20:17:56 Started transferring output files
...
040 (11143179.008.000) 2023-07-20 20:17:56 Finished transferring output files
...
005 (11143179.008.000) 2023-07-20 20:17:58 Job terminated.
	(1) Normal termination (return value 1)
		Usr 0 00:00:17, Sys 0 00:00:04  -  Run Remote Usage
		Usr 0 00:00:00, Sys 0 00:00:00  -  Run Local Usage
		Usr 0 00:00:17, Sys 0 00:00:04  -  Total Remote Usage
		Usr 0 00:00:00, Sys 0 00:00:00  -  Total Local Usage
	3388  -  Run Bytes Sent By Job
	32725816  -  Run Bytes Received By Job
	3388  -  Total Bytes Sent By Job
	32725816  -  Total Bytes Received By Job
	Partitionable Resources :    Usage  Request Allocated 
	   Cpus                 :                 1         1 
	   Disk (KB)            :   256093   524288   1458998 
	   IoHeavy              :                           0 
	   Memory (MB)          :      286      512       512 

	Job terminated of its own accord at 2023-07-21T01:17:51Z with exit-code 1.
...
