000 (11139883.041.000) 2023-07-20 06:17:26 Job submitted from host: <128.104.101.92:9618?addrs=128.104.101.92-9618+[2607-f388-107c-501-a236-9fff-fe3c-caa8]-9618&alias=submit2.chtc.wisc.edu&noUDP&sock=schedd_1879732_618e>
...
040 (11139883.041.000) 2023-07-20 06:20:40 Started transferring input files
	Transferring to host: <128.105.69.234:9618?addrs=128.105.69.234-9618+[2607-f388-2200-100-eaeb-d3ff-fe40-1efc]-9618&alias=e2617.chtc.wisc.edu&noUDP&sock=slot1_191_403651_6537_19732>
...
040 (11139883.041.000) 2023-07-20 06:20:42 Finished transferring input files
...
001 (11139883.041.000) 2023-07-20 06:20:43 Job executing on host: <128.105.69.234:9618?addrs=128.105.69.234-9618+[2607-f388-2200-100-eaeb-d3ff-fe40-1efc]-9618&alias=e2617.chtc.wisc.edu&noUDP&sock=startd_18732_2c23>
	SlotName: slot1_191@e2617.chtc.wisc.edu
	CondorScratchDir = "/var/lib/condor/execute/slot1/dir_3925525"
	Cpus = 1
	Disk = 1458998
	IoHeavy = 0
	Memory = 512
...
006 (11139883.041.000) 2023-07-20 06:20:53 Image size of job updated: 274880
	147  -  MemoryUsage of job (MB)
	149768  -  ResidentSetSize of job (KB)
...
006 (11139883.041.000) 2023-07-20 06:25:53 Image size of job updated: 524288
	434  -  MemoryUsage of job (MB)
	444184  -  ResidentSetSize of job (KB)
...
006 (11139883.041.000) 2023-07-20 06:30:53 Image size of job updated: 524288
	462  -  MemoryUsage of job (MB)
	472764  -  ResidentSetSize of job (KB)
...
006 (11139883.041.000) 2023-07-20 06:35:54 Image size of job updated: 524288
	471  -  MemoryUsage of job (MB)
	481588  -  ResidentSetSize of job (KB)
...
006 (11139883.041.000) 2023-07-20 06:55:55 Image size of job updated: 524288
	474  -  MemoryUsage of job (MB)
	484360  -  ResidentSetSize of job (KB)
...
006 (11139883.041.000) 2023-07-20 08:31:07 Image size of job updated: 524288
	497  -  MemoryUsage of job (MB)
	508100  -  ResidentSetSize of job (KB)
...
040 (11139883.041.000) 2023-07-20 08:59:09 Started transferring output files
...
040 (11139883.041.000) 2023-07-20 08:59:09 Finished transferring output files
...
005 (11139883.041.000) 2023-07-20 08:59:09 Job terminated.
	(1) Normal termination (return value 0)
		Usr 0 02:35:24, Sys 0 00:00:50  -  Run Remote Usage
		Usr 0 00:00:00, Sys 0 00:00:00  -  Run Local Usage
		Usr 0 02:35:24, Sys 0 00:00:50  -  Total Remote Usage
		Usr 0 00:00:00, Sys 0 00:00:00  -  Total Local Usage
	57823  -  Run Bytes Sent By Job
	32725918  -  Run Bytes Received By Job
	57823  -  Total Bytes Sent By Job
	32725918  -  Total Bytes Received By Job
	Partitionable Resources :     Usage  Request Allocated 
	   Cpus                 :      0.99        1         1 
	   Disk (KB)            : 255231      524288   1458998 
	   IoHeavy              :                            0 
	   Memory (MB)          :    497         512       512 

	Job terminated of its own accord at 2023-07-20T13:59:08Z with exit-code 0.
...
