000 (11139805.009.000) 2023-07-19 21:31:36 Job submitted from host: <128.104.101.92:9618?addrs=128.104.101.92-9618+[2607-f388-107c-501-a236-9fff-fe3c-caa8]-9618&alias=submit2.chtc.wisc.edu&noUDP&sock=schedd_1879732_618e>
...
040 (11139805.009.000) 2023-07-19 21:33:57 Started transferring input files
	Transferring to host: <128.105.69.243:9618?addrs=128.105.69.243-9618+[2607-f388-2200-100-eaeb-d3ff-fe40-8c4]-9618&alias=e2626.chtc.wisc.edu&noUDP&sock=slot1_12_1734773_4369_31713>
...
040 (11139805.009.000) 2023-07-19 21:34:00 Finished transferring input files
...
001 (11139805.009.000) 2023-07-19 21:34:01 Job executing on host: <128.105.69.243:9618?addrs=128.105.69.243-9618+[2607-f388-2200-100-eaeb-d3ff-fe40-8c4]-9618&alias=e2626.chtc.wisc.edu&noUDP&sock=startd_19089_0b72>
	SlotName: slot1_12@e2626.chtc.wisc.edu
	CondorScratchDir = "/var/lib/condor/execute/slot1/dir_1084248"
	Cpus = 1
	Disk = 1458998
	IoHeavy = 0
	Memory = 512
...
006 (11139805.009.000) 2023-07-19 21:34:09 Image size of job updated: 276024
	269  -  MemoryUsage of job (MB)
	275424  -  ResidentSetSize of job (KB)
...
006 (11139805.009.000) 2023-07-19 21:34:21 Image size of job updated: 416112
	269  -  MemoryUsage of job (MB)
	275424  -  ResidentSetSize of job (KB)
...
040 (11139805.009.000) 2023-07-19 21:34:22 Started transferring output files
...
040 (11139805.009.000) 2023-07-19 21:34:23 Finished transferring output files
...
005 (11139805.009.000) 2023-07-19 21:34:25 Job terminated.
	(1) Normal termination (return value 0)
		Usr 0 00:00:15, Sys 0 00:00:02  -  Run Remote Usage
		Usr 0 00:00:00, Sys 0 00:00:00  -  Run Local Usage
		Usr 0 00:00:15, Sys 0 00:00:02  -  Total Remote Usage
		Usr 0 00:00:00, Sys 0 00:00:00  -  Total Local Usage
	3481  -  Run Bytes Sent By Job
	32725172  -  Run Bytes Received By Job
	3481  -  Total Bytes Sent By Job
	32725172  -  Total Bytes Received By Job
	Partitionable Resources :     Usage  Request Allocated 
	   Cpus                 :      0.02        1         1 
	   Disk (KB)            : 256397      524288   1458998 
	   IoHeavy              :                            0 
	   Memory (MB)          :    269         512       512 

	Job terminated of its own accord at 2023-07-20T02:34:21Z with exit-code 0.
...
