000 (11139883.081.000) 2023-07-20 06:17:26 Job submitted from host: <128.104.101.92:9618?addrs=128.104.101.92-9618+[2607-f388-107c-501-a236-9fff-fe3c-caa8]-9618&alias=submit2.chtc.wisc.edu&noUDP&sock=schedd_1879732_618e>
...
040 (11139883.081.000) 2023-07-20 06:20:46 Started transferring input files
	Transferring to host: <128.105.69.157:9618?addrs=128.105.69.157-9618+[2607-f388-2200-100-1270-fdff-fe56-c3a4]-9618&alias=e4090.chtc.wisc.edu&noUDP&sock=slot1_54_654182_2623_12929>
...
040 (11139883.081.000) 2023-07-20 06:20:47 Finished transferring input files
...
001 (11139883.081.000) 2023-07-20 06:20:48 Job executing on host: <128.105.69.157:9618?addrs=128.105.69.157-9618+[2607-f388-2200-100-1270-fdff-fe56-c3a4]-9618&alias=e4090.chtc.wisc.edu&noUDP&sock=startd_18322_f24e>
	SlotName: slot1_54@e4090.chtc.wisc.edu
	CondorScratchDir = "/var/lib/condor/execute/slot1/dir_4174360"
	Cpus = 1
	Disk = 1208198
	IoHeavy = 0
	Memory = 512
...
006 (11139883.081.000) 2023-07-20 06:20:57 Image size of job updated: 442672
	431  -  MemoryUsage of job (MB)
	441252  -  ResidentSetSize of job (KB)
...
006 (11139883.081.000) 2023-07-20 06:25:58 Image size of job updated: 524288
	505  -  MemoryUsage of job (MB)
	516724  -  ResidentSetSize of job (KB)
...
040 (11139883.081.000) 2023-07-20 06:35:44 Started transferring output files
...
040 (11139883.081.000) 2023-07-20 06:35:44 Finished transferring output files
...
005 (11139883.081.000) 2023-07-20 06:35:44 Job terminated.
	(1) Normal termination (return value 0)
		Usr 0 00:14:41, Sys 0 00:00:03  -  Run Remote Usage
		Usr 0 00:00:00, Sys 0 00:00:00  -  Run Local Usage
		Usr 0 00:14:41, Sys 0 00:00:03  -  Total Remote Usage
		Usr 0 00:00:00, Sys 0 00:00:00  -  Total Local Usage
	58036  -  Run Bytes Sent By Job
	32725918  -  Run Bytes Received By Job
	58036  -  Total Bytes Sent By Job
	32725918  -  Total Bytes Received By Job
	Partitionable Resources :     Usage  Request Allocated 
	   Cpus                 :      0.99        1         1 
	   Disk (KB)            : 255232      524288   1208198 
	   IoHeavy              :                            0 
	   Memory (MB)          :    505         512       512 

	Job terminated of its own accord at 2023-07-20T11:35:43Z with exit-code 0.
...
