000 (11392341.019.000) 2023-08-03 09:09:59 Job submitted from host: <128.104.101.92:9618?addrs=128.104.101.92-9618+[2607-f388-107c-501-a236-9fff-fe3c-caa8]-9618&alias=submit2.chtc.wisc.edu&noUDP&sock=schedd_1879732_618e>
...
040 (11392341.019.000) 2023-08-03 09:10:27 Started transferring input files
	Transferring to host: <128.105.69.187:9618?addrs=128.105.69.187-9618+[2607-f388-2200-100-1270-fdff-fe56-b86c]-9618&alias=e4039.chtc.wisc.edu&noUDP&sock=slot1_18_3589331_2540_77129>
...
040 (11392341.019.000) 2023-08-03 09:10:30 Finished transferring input files
...
001 (11392341.019.000) 2023-08-03 09:10:32 Job executing on host: <128.105.69.187:9618?addrs=128.105.69.187-9618+[2607-f388-2200-100-1270-fdff-fe56-b86c]-9618&alias=e4039.chtc.wisc.edu&noUDP&sock=startd_15786_7621>
	SlotName: slot1_18@e4039.chtc.wisc.edu
	CondorScratchDir = "/var/lib/condor/execute/slot1/dir_3720897"
	Cpus = 1
	Disk = 1208198
	IoHeavy = 0
	Memory = 512
...
006 (11392341.019.000) 2023-08-03 09:10:40 Image size of job updated: 312340
	306  -  MemoryUsage of job (MB)
	312340  -  ResidentSetSize of job (KB)
...
006 (11392341.019.000) 2023-08-03 09:12:16 Image size of job updated: 505688
	317  -  MemoryUsage of job (MB)
	323884  -  ResidentSetSize of job (KB)
...
040 (11392341.019.000) 2023-08-03 09:12:16 Started transferring output files
...
040 (11392341.019.000) 2023-08-03 09:12:16 Finished transferring output files
...
005 (11392341.019.000) 2023-08-03 09:12:16 Job terminated.
	(1) Normal termination (return value 0)
		Usr 0 00:01:32, Sys 0 00:00:08  -  Run Remote Usage
		Usr 0 00:00:00, Sys 0 00:00:00  -  Run Local Usage
		Usr 0 00:01:32, Sys 0 00:00:08  -  Total Remote Usage
		Usr 0 00:00:00, Sys 0 00:00:00  -  Total Local Usage
	53425  -  Run Bytes Sent By Job
	32727736  -  Run Bytes Received By Job
	53425  -  Total Bytes Sent By Job
	32727736  -  Total Bytes Received By Job
	Partitionable Resources :     Usage  Request Allocated 
	   Cpus                 :      0.68        1         1 
	   Disk (KB)            : 255858      524288   1208198 
	   IoHeavy              :                            0 
	   Memory (MB)          :    317         512       512 

	Job terminated of its own accord at 2023-08-03T14:12:16Z with exit-code 0.
...
