000 (11139883.077.000) 2023-07-20 06:17:26 Job submitted from host: <128.104.101.92:9618?addrs=128.104.101.92-9618+[2607-f388-107c-501-a236-9fff-fe3c-caa8]-9618&alias=submit2.chtc.wisc.edu&noUDP&sock=schedd_1879732_618e>
...
040 (11139883.077.000) 2023-07-20 06:20:45 Started transferring input files
	Transferring to host: <128.105.69.106:9618?addrs=128.105.69.106-9618+[2607-f388-2200-100-1270-fdff-fe56-4724]-9618&alias=e4055.chtc.wisc.edu&noUDP&sock=slot1_56_3034833_246c_30821>
...
040 (11139883.077.000) 2023-07-20 06:20:47 Finished transferring input files
...
001 (11139883.077.000) 2023-07-20 06:20:48 Job executing on host: <128.105.69.106:9618?addrs=128.105.69.106-9618+[2607-f388-2200-100-1270-fdff-fe56-4724]-9618&alias=e4055.chtc.wisc.edu&noUDP&sock=startd_17017_d337>
	SlotName: slot1_56@e4055.chtc.wisc.edu
	CondorScratchDir = "/var/lib/condor/execute/slot1/dir_622697"
	Cpus = 1
	Disk = 1208198
	IoHeavy = 0
	Memory = 512
...
006 (11139883.077.000) 2023-07-20 06:20:56 Image size of job updated: 398896
	342  -  MemoryUsage of job (MB)
	349572  -  ResidentSetSize of job (KB)
...
006 (11139883.077.000) 2023-07-20 06:25:56 Image size of job updated: 524288
	459  -  MemoryUsage of job (MB)
	469140  -  ResidentSetSize of job (KB)
...
006 (11139883.077.000) 2023-07-20 06:30:57 Image size of job updated: 524288
	471  -  MemoryUsage of job (MB)
	481292  -  ResidentSetSize of job (KB)
...
006 (11139883.077.000) 2023-07-20 07:16:02 Image size of job updated: 524288
	478  -  MemoryUsage of job (MB)
	488648  -  ResidentSetSize of job (KB)
...
040 (11139883.077.000) 2023-07-20 08:03:23 Started transferring output files
...
040 (11139883.077.000) 2023-07-20 08:03:23 Finished transferring output files
...
005 (11139883.077.000) 2023-07-20 08:03:23 Job terminated.
	(1) Normal termination (return value 0)
		Usr 0 01:40:43, Sys 0 00:00:36  -  Run Remote Usage
		Usr 0 00:00:00, Sys 0 00:00:00  -  Run Local Usage
		Usr 0 01:40:43, Sys 0 00:00:36  -  Total Remote Usage
		Usr 0 00:00:00, Sys 0 00:00:00  -  Total Local Usage
	57825  -  Run Bytes Sent By Job
	32725918  -  Run Bytes Received By Job
	57825  -  Total Bytes Sent By Job
	32725918  -  Total Bytes Received By Job
	Partitionable Resources :     Usage  Request Allocated 
	   Cpus                 :      0.99        1         1 
	   Disk (KB)            : 255232      524288   1208198 
	   IoHeavy              :                            0 
	   Memory (MB)          :    478         512       512 

	Job terminated of its own accord at 2023-07-20T13:03:23Z with exit-code 0.
...
