000 (11392341.011.000) 2023-08-03 09:09:59 Job submitted from host: <128.104.101.92:9618?addrs=128.104.101.92-9618+[2607-f388-107c-501-a236-9fff-fe3c-caa8]-9618&alias=submit2.chtc.wisc.edu&noUDP&sock=schedd_1879732_618e>
...
040 (11392341.011.000) 2023-08-03 09:10:24 Started transferring input files
	Transferring to host: <128.105.69.180:9618?addrs=128.105.69.180-9618+[2607-f388-2200-100-1270-fdff-fe56-6844]-9618&alias=e2563.chtc.wisc.edu&noUDP&sock=slot1_31_1638361_4998_74728>
...
040 (11392341.011.000) 2023-08-03 09:10:26 Finished transferring input files
...
001 (11392341.011.000) 2023-08-03 09:10:27 Job executing on host: <128.105.69.180:9618?addrs=128.105.69.180-9618+[2607-f388-2200-100-1270-fdff-fe56-6844]-9618&alias=e2563.chtc.wisc.edu&noUDP&sock=startd_13448_c9b5>
	SlotName: slot1_31@e2563.chtc.wisc.edu
	CondorScratchDir = "/var/lib/condor/execute/slot1/dir_908067"
	Cpus = 1
	Disk = 1208198
	IoHeavy = 0
	Memory = 512
...
006 (11392341.011.000) 2023-08-03 09:10:36 Image size of job updated: 382968
	371  -  MemoryUsage of job (MB)
	379784  -  ResidentSetSize of job (KB)
...
006 (11392341.011.000) 2023-08-03 09:12:23 Image size of job updated: 518736
	372  -  MemoryUsage of job (MB)
	380552  -  ResidentSetSize of job (KB)
...
040 (11392341.011.000) 2023-08-03 09:12:23 Started transferring output files
...
040 (11392341.011.000) 2023-08-03 09:12:23 Finished transferring output files
...
005 (11392341.011.000) 2023-08-03 09:12:23 Job terminated.
	(1) Normal termination (return value 0)
		Usr 0 00:01:50, Sys 0 00:00:02  -  Run Remote Usage
		Usr 0 00:00:00, Sys 0 00:00:00  -  Run Local Usage
		Usr 0 00:01:50, Sys 0 00:00:02  -  Total Remote Usage
		Usr 0 00:00:00, Sys 0 00:00:00  -  Total Local Usage
	57987  -  Run Bytes Sent By Job
	32727736  -  Run Bytes Received By Job
	57987  -  Total Bytes Sent By Job
	32727736  -  Total Bytes Received By Job
	Partitionable Resources :    Usage  Request Allocated 
	   Cpus                 :        0        1         1 
	   Disk (KB)            :   255234   524288   1208198 
	   IoHeavy              :                           0 
	   Memory (MB)          :      372      512       512 

	Job terminated of its own accord at 2023-08-03T14:12:23Z with exit-code 0.
...
