000 (11139883.055.000) 2023-07-20 06:17:26 Job submitted from host: <128.104.101.92:9618?addrs=128.104.101.92-9618+[2607-f388-107c-501-a236-9fff-fe3c-caa8]-9618&alias=submit2.chtc.wisc.edu&noUDP&sock=schedd_1879732_618e>
...
040 (11139883.055.000) 2023-07-20 06:20:44 Started transferring input files
	Transferring to host: <128.105.69.89:9618?addrs=128.105.69.89-9618+[2607-f388-2200-100-1270-fdff-fe56-41cc]-9618&alias=build4000.chtc.wisc.edu&noUDP&sock=slot3_49_2515835_19bb_13710>
...
040 (11139883.055.000) 2023-07-20 06:20:46 Finished transferring input files
...
001 (11139883.055.000) 2023-07-20 06:20:47 Job executing on host: <128.105.69.89:9618?addrs=128.105.69.89-9618+[2607-f388-2200-100-1270-fdff-fe56-41cc]-9618&alias=build4000.chtc.wisc.edu&noUDP&sock=startd_16084_dd5a>
	SlotName: slot3_49@build4000.chtc.wisc.edu
	CondorScratchDir = "/var/lib/condor/execute/slot3/dir_1926811"
	Cpus = 1
	Disk = 1208198
	IoHeavy = 0
	Memory = 512
...
006 (11139883.055.000) 2023-07-20 06:20:55 Image size of job updated: 511704
	494  -  MemoryUsage of job (MB)
	505204  -  ResidentSetSize of job (KB)
...
006 (11139883.055.000) 2023-07-20 06:25:55 Image size of job updated: 524288
	494  -  MemoryUsage of job (MB)
	505204  -  ResidentSetSize of job (KB)
...
006 (11139883.055.000) 2023-07-20 06:40:57 Image size of job updated: 524288
	497  -  MemoryUsage of job (MB)
	508000  -  ResidentSetSize of job (KB)
...
040 (11139883.055.000) 2023-07-20 07:10:12 Started transferring output files
...
040 (11139883.055.000) 2023-07-20 07:10:12 Finished transferring output files
...
005 (11139883.055.000) 2023-07-20 07:10:12 Job terminated.
	(1) Normal termination (return value 0)
		Usr 0 00:48:39, Sys 0 00:00:13  -  Run Remote Usage
		Usr 0 00:00:00, Sys 0 00:00:00  -  Run Local Usage
		Usr 0 00:48:39, Sys 0 00:00:13  -  Total Remote Usage
		Usr 0 00:00:00, Sys 0 00:00:00  -  Total Local Usage
	57874  -  Run Bytes Sent By Job
	32725918  -  Run Bytes Received By Job
	57874  -  Total Bytes Sent By Job
	32725918  -  Total Bytes Received By Job
	Partitionable Resources :     Usage  Request Allocated 
	   Cpus                 :      0.99        1         1 
	   Disk (KB)            : 255232      524288   1208198 
	   IoHeavy              :                            0 
	   Memory (MB)          :    497         512       512 

	Job terminated of its own accord at 2023-07-20T12:10:12Z with exit-code 0.
...
