000 (11392261.045.000) 2023-08-02 21:08:52 Job submitted from host: <128.104.101.92:9618?addrs=128.104.101.92-9618+[2607-f388-107c-501-a236-9fff-fe3c-caa8]-9618&alias=submit2.chtc.wisc.edu&noUDP&sock=schedd_1879732_618e>
...
040 (11392261.045.000) 2023-08-02 21:10:04 Started transferring input files
	Transferring to host: <128.105.69.184:9618?addrs=128.105.69.184-9618+[2607-f388-2200-100-1270-fdff-fe56-bbfc]-9618&alias=e4036.chtc.wisc.edu&noUDP&sock=slot1_89_2525334_015d_73423>
...
040 (11392261.045.000) 2023-08-02 21:10:06 Finished transferring input files
...
001 (11392261.045.000) 2023-08-02 21:10:08 Job executing on host: <128.105.69.184:9618?addrs=128.105.69.184-9618+[2607-f388-2200-100-1270-fdff-fe56-bbfc]-9618&alias=e4036.chtc.wisc.edu&noUDP&sock=startd_15747_b5f0>
	SlotName: slot1_89@e4036.chtc.wisc.edu
	CondorScratchDir = "/var/lib/condor/execute/slot1/dir_436781"
	Cpus = 1
	Disk = 1208198
	IoHeavy = 0
	Memory = 512
...
006 (11392261.045.000) 2023-08-02 21:10:16 Image size of job updated: 276184
	233  -  MemoryUsage of job (MB)
	238480  -  ResidentSetSize of job (KB)
...
006 (11392261.045.000) 2023-08-02 21:12:51 Image size of job updated: 421156
	242  -  MemoryUsage of job (MB)
	247752  -  ResidentSetSize of job (KB)
...
040 (11392261.045.000) 2023-08-02 21:12:51 Started transferring output files
...
040 (11392261.045.000) 2023-08-02 21:12:51 Finished transferring output files
...
005 (11392261.045.000) 2023-08-02 21:12:51 Job terminated.
	(1) Normal termination (return value 0)
		Usr 0 00:02:37, Sys 0 00:00:03  -  Run Remote Usage
		Usr 0 00:00:00, Sys 0 00:00:00  -  Run Local Usage
		Usr 0 00:02:37, Sys 0 00:00:03  -  Total Remote Usage
		Usr 0 00:00:00, Sys 0 00:00:00  -  Total Local Usage
	57990  -  Run Bytes Sent By Job
	32727852  -  Run Bytes Received By Job
	57990  -  Total Bytes Sent By Job
	32727852  -  Total Bytes Received By Job
	Partitionable Resources :     Usage  Request Allocated 
	   Cpus                 :      0.99        1         1 
	   Disk (KB)            : 256401      524288   1208198 
	   IoHeavy              :                            0 
	   Memory (MB)          :    242         512       512 

	Job terminated of its own accord at 2023-08-03T02:12:51Z with exit-code 0.
...
