000 (11392261.117.000) 2023-08-02 21:08:53 Job submitted from host: <128.104.101.92:9618?addrs=128.104.101.92-9618+[2607-f388-107c-501-a236-9fff-fe3c-caa8]-9618&alias=submit2.chtc.wisc.edu&noUDP&sock=schedd_1879732_618e>
...
040 (11392261.117.000) 2023-08-02 21:10:14 Started transferring input files
	Transferring to host: <128.105.69.139:9618?addrs=128.105.69.139-9618+[2607-f388-2200-100-1270-fdff-fe56-79fc]-9618&alias=e4016.chtc.wisc.edu&noUDP&sock=slot1_171_1794997_84fa_74047>
...
040 (11392261.117.000) 2023-08-02 21:10:17 Finished transferring input files
...
001 (11392261.117.000) 2023-08-02 21:10:18 Job executing on host: <128.105.69.139:9618?addrs=128.105.69.139-9618+[2607-f388-2200-100-1270-fdff-fe56-79fc]-9618&alias=e4016.chtc.wisc.edu&noUDP&sock=startd_15800_1075>
	SlotName: slot1_171@e4016.chtc.wisc.edu
	CondorScratchDir = "/var/lib/condor/execute/slot1/dir_1282420"
	Cpus = 1
	Disk = 1208198
	IoHeavy = 0
	Memory = 512
...
006 (11392261.117.000) 2023-08-02 21:10:27 Image size of job updated: 383072
	360  -  MemoryUsage of job (MB)
	368168  -  ResidentSetSize of job (KB)
...
006 (11392261.117.000) 2023-08-02 21:11:24 Image size of job updated: 506524
	360  -  MemoryUsage of job (MB)
	368168  -  ResidentSetSize of job (KB)
...
040 (11392261.117.000) 2023-08-02 21:11:24 Started transferring output files
...
040 (11392261.117.000) 2023-08-02 21:11:24 Finished transferring output files
...
005 (11392261.117.000) 2023-08-02 21:11:24 Job terminated.
	(1) Normal termination (return value 0)
		Usr 0 00:00:54, Sys 0 00:00:05  -  Run Remote Usage
		Usr 0 00:00:00, Sys 0 00:00:00  -  Run Local Usage
		Usr 0 00:00:54, Sys 0 00:00:05  -  Total Remote Usage
		Usr 0 00:00:00, Sys 0 00:00:00  -  Total Local Usage
	53030  -  Run Bytes Sent By Job
	32727852  -  Run Bytes Received By Job
	53030  -  Total Bytes Sent By Job
	32727852  -  Total Bytes Received By Job
	Partitionable Resources :    Usage  Request Allocated 
	   Cpus                 :                 1         1 
	   Disk (KB)            :   256095   524288   1208198 
	   IoHeavy              :                           0 
	   Memory (MB)          :      360      512       512 

	Job terminated of its own accord at 2023-08-03T02:11:24Z with exit-code 0.
...
