000 (11178197.013.000) 2023-07-26 22:31:45 Job submitted from host: <128.104.101.92:9618?addrs=128.104.101.92-9618+[2607-f388-107c-501-a236-9fff-fe3c-caa8]-9618&alias=submit2.chtc.wisc.edu&noUDP&sock=schedd_1879732_618e>
...
040 (11178197.013.000) 2023-07-26 22:32:41 Started transferring input files
	Transferring to host: <128.105.69.162:9618?addrs=128.105.69.162-9618+[2607-f388-2200-100-1270-fdff-fe56-bd0c]-9618&alias=e4095.chtc.wisc.edu&noUDP&sock=slot1_39_3408026_5f13_51470>
...
040 (11178197.013.000) 2023-07-26 22:32:44 Finished transferring input files
...
001 (11178197.013.000) 2023-07-26 22:32:45 Job executing on host: <128.105.69.162:9618?addrs=128.105.69.162-9618+[2607-f388-2200-100-1270-fdff-fe56-bd0c]-9618&alias=e4095.chtc.wisc.edu&noUDP&sock=startd_17175_332e>
	SlotName: slot1_39@e4095.chtc.wisc.edu
	CondorScratchDir = "/var/lib/condor/execute/slot1/dir_2906630"
	Cpus = 1
	Disk = 1208198
	IoHeavy = 0
	Memory = 512
...
006 (11178197.013.000) 2023-07-26 22:32:53 Image size of job updated: 275296
	189  -  MemoryUsage of job (MB)
	192948  -  ResidentSetSize of job (KB)
...
006 (11178197.013.000) 2023-07-26 22:35:49 Image size of job updated: 410924
	189  -  MemoryUsage of job (MB)
	193180  -  ResidentSetSize of job (KB)
...
040 (11178197.013.000) 2023-07-26 22:35:49 Started transferring output files
...
040 (11178197.013.000) 2023-07-26 22:35:49 Finished transferring output files
...
005 (11178197.013.000) 2023-07-26 22:35:49 Job terminated.
	(1) Normal termination (return value 0)
		Usr 0 00:02:56, Sys 0 00:00:04  -  Run Remote Usage
		Usr 0 00:00:00, Sys 0 00:00:00  -  Run Local Usage
		Usr 0 00:02:56, Sys 0 00:00:04  -  Total Remote Usage
		Usr 0 00:00:00, Sys 0 00:00:00  -  Total Local Usage
	57234  -  Run Bytes Sent By Job
	32726832  -  Run Bytes Received By Job
	57234  -  Total Bytes Sent By Job
	32726832  -  Total Bytes Received By Job
	Partitionable Resources :     Usage  Request Allocated 
	   Cpus                 :      0.99        1         1 
	   Disk (KB)            : 255953      524288   1208198 
	   IoHeavy              :                            0 
	   Memory (MB)          :    189         512       512 

	Job terminated of its own accord at 2023-07-27T03:35:49Z with exit-code 0.
...
