000 (11392341.004.000) 2023-08-03 09:09:59 Job submitted from host: <128.104.101.92:9618?addrs=128.104.101.92-9618+[2607-f388-107c-501-a236-9fff-fe3c-caa8]-9618&alias=submit2.chtc.wisc.edu&noUDP&sock=schedd_1879732_618e>
...
040 (11392341.004.000) 2023-08-03 09:10:24 Started transferring input files
	Transferring to host: <128.105.69.98:9618?addrs=128.105.69.98-9618+[2607-f388-2200-100-1270-fdff-fe56-45f4]-9618&alias=e4009.chtc.wisc.edu&noUDP&sock=slot1_115_3988814_0ed5_78546>
...
040 (11392341.004.000) 2023-08-03 09:10:30 Finished transferring input files
...
001 (11392341.004.000) 2023-08-03 09:10:32 Job executing on host: <128.105.69.98:9618?addrs=128.105.69.98-9618+[2607-f388-2200-100-1270-fdff-fe56-45f4]-9618&alias=e4009.chtc.wisc.edu&noUDP&sock=startd_15856_79c2>
	SlotName: slot1_115@e4009.chtc.wisc.edu
	CondorScratchDir = "/var/lib/condor/execute/slot1/dir_3387615"
	Cpus = 1
	Disk = 1208198
	IoHeavy = 0
	Memory = 512
...
006 (11392341.004.000) 2023-08-03 09:10:40 Image size of job updated: 264196
	256  -  MemoryUsage of job (MB)
	261544  -  ResidentSetSize of job (KB)
...
006 (11392341.004.000) 2023-08-03 09:15:41 Image size of job updated: 524288
	512  -  MemoryUsage of job (MB)
	524084  -  ResidentSetSize of job (KB)
...
006 (11392341.004.000) 2023-08-03 09:20:41 Image size of job updated: 524288
	512  -  MemoryUsage of job (MB)
	524096  -  ResidentSetSize of job (KB)
...
006 (11392341.004.000) 2023-08-03 09:30:41 Image size of job updated: 524288
	512  -  MemoryUsage of job (MB)
	524108  -  ResidentSetSize of job (KB)
...
040 (11392341.004.000) 2023-08-03 09:34:24 Started transferring output files
...
040 (11392341.004.000) 2023-08-03 09:34:24 Finished transferring output files
...
005 (11392341.004.000) 2023-08-03 09:34:24 Job terminated.
	(1) Normal termination (return value 0)
		Usr 0 00:23:05, Sys 0 00:00:21  -  Run Remote Usage
		Usr 0 00:00:00, Sys 0 00:00:00  -  Run Local Usage
		Usr 0 00:23:05, Sys 0 00:00:21  -  Total Remote Usage
		Usr 0 00:00:00, Sys 0 00:00:00  -  Total Local Usage
	56782  -  Run Bytes Sent By Job
	32727736  -  Run Bytes Received By Job
	56782  -  Total Bytes Sent By Job
	32727736  -  Total Bytes Received By Job
	Partitionable Resources :     Usage  Request Allocated 
	   Cpus                 :      0.98        1         1 
	   Disk (KB)            : 255810      524288   1208198 
	   IoHeavy              :                            0 
	   Memory (MB)          :    512         512       512 

	Job terminated of its own accord at 2023-08-03T14:34:23Z with exit-code 0.
...
