000 (11139883.090.000) 2023-07-20 06:17:26 Job submitted from host: <128.104.101.92:9618?addrs=128.104.101.92-9618+[2607-f388-107c-501-a236-9fff-fe3c-caa8]-9618&alias=submit2.chtc.wisc.edu&noUDP&sock=schedd_1879732_618e>
...
040 (11139883.090.000) 2023-07-20 06:20:46 Started transferring input files
	Transferring to host: <128.105.69.194:9618?addrs=128.105.69.194-9618+[2607-f388-2200-100-1270-fdff-fe56-c444]-9618&alias=e4047.chtc.wisc.edu&noUDP&sock=slot1_67_1879399_5d22_30991>
...
040 (11139883.090.000) 2023-07-20 06:20:48 Finished transferring input files
...
001 (11139883.090.000) 2023-07-20 06:20:49 Job executing on host: <128.105.69.194:9618?addrs=128.105.69.194-9618+[2607-f388-2200-100-1270-fdff-fe56-c444]-9618&alias=e4047.chtc.wisc.edu&noUDP&sock=startd_16703_727a>
	SlotName: slot1_67@e4047.chtc.wisc.edu
	CondorScratchDir = "/var/lib/condor/execute/slot1/dir_3869173"
	Cpus = 1
	Disk = 1208198
	IoHeavy = 0
	Memory = 512
...
006 (11139883.090.000) 2023-07-20 06:20:57 Image size of job updated: 524292
	448  -  MemoryUsage of job (MB)
	458636  -  ResidentSetSize of job (KB)
...
006 (11139883.090.000) 2023-07-20 06:22:55 Image size of job updated: 524292
	464  -  MemoryUsage of job (MB)
	475020  -  ResidentSetSize of job (KB)
...
040 (11139883.090.000) 2023-07-20 06:22:55 Started transferring output files
...
040 (11139883.090.000) 2023-07-20 06:22:55 Finished transferring output files
...
005 (11139883.090.000) 2023-07-20 06:22:55 Job terminated.
	(1) Normal termination (return value 0)
		Usr 0 00:02:02, Sys 0 00:00:01  -  Run Remote Usage
		Usr 0 00:00:00, Sys 0 00:00:00  -  Run Local Usage
		Usr 0 00:02:02, Sys 0 00:00:01  -  Total Remote Usage
		Usr 0 00:00:00, Sys 0 00:00:00  -  Total Local Usage
	57804  -  Run Bytes Sent By Job
	32725918  -  Run Bytes Received By Job
	57804  -  Total Bytes Sent By Job
	32725918  -  Total Bytes Received By Job
	Partitionable Resources :     Usage  Request Allocated 
	   Cpus                 :      0.99        1         1 
	   Disk (KB)            : 255232      524288   1208198 
	   IoHeavy              :                            0 
	   Memory (MB)          :    464         512       512 

	Job terminated of its own accord at 2023-07-20T11:22:55Z with exit-code 0.
...
