000 (11139883.091.000) 2023-07-20 06:17:26 Job submitted from host: <128.104.101.92:9618?addrs=128.104.101.92-9618+[2607-f388-107c-501-a236-9fff-fe3c-caa8]-9618&alias=submit2.chtc.wisc.edu&noUDP&sock=schedd_1879732_618e>
...
040 (11139883.091.000) 2023-07-20 06:20:46 Started transferring input files
	Transferring to host: <128.105.69.235:9618?addrs=128.105.69.235-9618+[2607-f388-2200-100-eaeb-d3ff-fe40-1eec]-9618&alias=e2618.chtc.wisc.edu&noUDP&sock=slot1_9_3591035_c485_13138>
...
040 (11139883.091.000) 2023-07-20 06:20:48 Finished transferring input files
...
001 (11139883.091.000) 2023-07-20 06:20:49 Job executing on host: <128.105.69.235:9618?addrs=128.105.69.235-9618+[2607-f388-2200-100-eaeb-d3ff-fe40-1eec]-9618&alias=e2618.chtc.wisc.edu&noUDP&sock=startd_18889_dc81>
	SlotName: slot1_9@e2618.chtc.wisc.edu
	CondorScratchDir = "/var/lib/condor/execute/slot1/dir_2519780"
	Cpus = 1
	Disk = 1458998
	IoHeavy = 0
	Memory = 512
...
006 (11139883.091.000) 2023-07-20 06:20:58 Image size of job updated: 524288
	512  -  MemoryUsage of job (MB)
	524176  -  ResidentSetSize of job (KB)
...
006 (11139883.091.000) 2023-07-20 06:25:59 Image size of job updated: 524292
	512  -  MemoryUsage of job (MB)
	524176  -  ResidentSetSize of job (KB)
...
040 (11139883.091.000) 2023-07-20 06:27:09 Started transferring output files
...
040 (11139883.091.000) 2023-07-20 06:27:10 Finished transferring output files
...
005 (11139883.091.000) 2023-07-20 06:27:16 Job terminated.
	(1) Normal termination (return value 0)
		Usr 0 00:06:13, Sys 0 00:00:02  -  Run Remote Usage
		Usr 0 00:00:00, Sys 0 00:00:00  -  Run Local Usage
		Usr 0 00:06:13, Sys 0 00:00:02  -  Total Remote Usage
		Usr 0 00:00:00, Sys 0 00:00:00  -  Total Local Usage
	57778  -  Run Bytes Sent By Job
	32725918  -  Run Bytes Received By Job
	57778  -  Total Bytes Sent By Job
	32725918  -  Total Bytes Received By Job
	Partitionable Resources :     Usage  Request Allocated 
	   Cpus                 :      0.99        1         1 
	   Disk (KB)            : 255231      524288   1458998 
	   IoHeavy              :                            0 
	   Memory (MB)          :    512         512       512 

	Job terminated of its own accord at 2023-07-20T11:27:09Z with exit-code 0.
...
