gcc -I"/var/lib/condor/execute/slot1/dir_2597353/R/lib64/R/include" -DNDEBUG   -I/usr/local/include   -fpic  -g -O2  -c wbs.c -o wbs.o
gcc -I"/var/lib/condor/execute/slot1/dir_2597353/R/lib64/R/include" -DNDEBUG   -I/usr/local/include   -fpic  -g -O2  -c wbs_init.c -o wbs_init.o
gcc -shared -L/usr/local/lib64 -o wbs.so wbs.o wbs_init.o
gcc -I"/var/lib/condor/execute/slot1/dir_2597353/R/lib64/R/include" -DNDEBUG   -I/usr/local/include  -fopenmp -fpic  -g -O2  -c changepoints_tree.c -o changepoints_tree.o
gcc -I"/var/lib/condor/execute/slot1/dir_2597353/R/lib64/R/include" -DNDEBUG   -I/usr/local/include  -fopenmp -fpic  -g -O2  -c contrasts.c -o contrasts.o
gcc -I"/var/lib/condor/execute/slot1/dir_2597353/R/lib64/R/include" -DNDEBUG   -I/usr/local/include  -fopenmp -fpic  -g -O2  -c not.c -o not.o
gcc -I"/var/lib/condor/execute/slot1/dir_2597353/R/lib64/R/include" -DNDEBUG   -I/usr/local/include  -fopenmp -fpic  -g -O2  -c not_init.c -o not_init.o
gcc -shared -L/usr/local/lib64 -o not.so changepoints_tree.o contrasts.o not.o not_init.o -fopenmp
4 th interval 0 permutation 
4 th interval 1 permutation 
4 th interval 2 permutation 
4 th interval 3 permutation 
4 th interval 4 permutation 
4 th interval 5 permutation 
4 th interval 6 permutation 
4 th interval 7 permutation 
4 th interval 8 permutation 
4 th interval 9 permutation 
4 th interval 10 permutation 
4 th interval 11 permutation 
4 th interval 12 permutation 
4 th interval 13 permutation 
4 th interval 14 permutation 
4 th interval 15 permutation 
4 th interval 16 permutation 
4 th interval 17 permutation 
4 th interval 18 permutation 
4 th interval 19 permutation 
4 th interval 20 permutation 
4 th interval 21 permutation 
4 th interval 22 permutation 
4 th interval 23 permutation 
4 th interval 24 permutation 
4 th interval 25 permutation 
4 th interval 26 permutation 
4 th interval 27 permutation 
4 th interval 28 permutation 
4 th interval 29 permutation 
4 th interval 30 permutation 
4 th interval 31 permutation 
4 th interval 32 permutation 
4 th interval 33 permutation 
4 th interval 34 permutation 
4 th interval 35 permutation 
4 th interval 36 permutation 
4 th interval 37 permutation 
4 th interval 38 permutation 
4 th interval 39 permutation 
4 th interval 40 permutation 
4 th interval 41 permutation 
4 th interval 42 permutation 
4 th interval 43 permutation 
4 th interval 44 permutation 
4 th interval 45 permutation 
4 th interval 46 permutation 
4 th interval 47 permutation 
4 th interval 48 permutation 
4 th interval 49 permutation 
4 th interval 50 permutation 
4 th interval 51 permutation 
4 th interval 52 permutation 
4 th interval 53 permutation 
4 th interval 54 permutation 
4 th interval 55 permutation 
4 th interval 56 permutation 
4 th interval 57 permutation 
4 th interval 58 permutation 
4 th interval 59 permutation 
4 th interval 60 permutation 
4 th interval 61 permutation 
4 th interval 62 permutation 
4 th interval 63 permutation 
4 th interval 64 permutation 
4 th interval 65 permutation 
4 th interval 66 permutation 
4 th interval 67 permutation 
4 th interval 68 permutation 
4 th interval 69 permutation 
4 th interval 70 permutation 
4 th interval 71 permutation 
4 th interval 72 permutation 
4 th interval 73 permutation 
4 th interval 74 permutation 
4 th interval 75 permutation 
4 th interval 76 permutation 
4 th interval 77 permutation 
4 th interval 78 permutation 
4 th interval 79 permutation 
4 th interval 80 permutation 
4 th interval 81 permutation 
4 th interval 82 permutation 
4 th interval 83 permutation 
4 th interval 84 permutation 
4 th interval 85 permutation 
4 th interval 86 permutation 
4 th interval 87 permutation 
4 th interval 88 permutation 
4 th interval 89 permutation 
4 th interval 90 permutation 
4 th interval 91 permutation 
4 th interval 92 permutation 
4 th interval 93 permutation 
4 th interval 94 permutation 
4 th interval 95 permutation 
4 th interval 96 permutation 
4 th interval 97 permutation 
4 th interval 98 permutation 
4 th interval 99 permutation 
4 th interval 100 permutation 
4 th interval 101 permutation 
4 th interval 102 permutation 
4 th interval 103 permutation 
4 th interval 104 permutation 
4 th interval 105 permutation 
4 th interval 106 permutation 
4 th interval 107 permutation 
4 th interval 108 permutation 
4 th interval 109 permutation 
4 th interval 110 permutation 
4 th interval 111 permutation 
4 th interval 112 permutation 
4 th interval 113 permutation 
4 th interval 114 permutation 
4 th interval 115 permutation 
4 th interval 116 permutation 
4 th interval 117 permutation 
4 th interval 118 permutation 
4 th interval 119 permutation 
4 th interval 120 permutation 
4 th interval 121 permutation 
4 th interval 122 permutation 
4 th interval 123 permutation 
4 th interval 124 permutation 
4 th interval 125 permutation 
4 th interval 126 permutation 
4 th interval 127 permutation 
4 th interval 128 permutation 
4 th interval 129 permutation 
4 th interval 130 permutation 
4 th interval 131 permutation 
4 th interval 132 permutation 
4 th interval 133 permutation 
4 th interval 134 permutation 
4 th interval 135 permutation 
4 th interval 136 permutation 
4 th interval 137 permutation 
4 th interval 138 permutation 
4 th interval 139 permutation 
4 th interval 140 permutation 
4 th interval 141 permutation 
4 th interval 142 permutation 
4 th interval 143 permutation 
4 th interval 144 permutation 
4 th interval 145 permutation 
4 th interval 146 permutation 
4 th interval 147 permutation 
4 th interval 148 permutation 
4 th interval 149 permutation 
4 th interval 150 permutation 
4 th interval 151 permutation 
4 th interval 152 permutation 
4 th interval 153 permutation 
4 th interval 154 permutation 
4 th interval 155 permutation 
4 th interval 156 permutation 
4 th interval 157 permutation 
4 th interval 158 permutation 
4 th interval 159 permutation 
4 th interval 160 permutation 
4 th interval 161 permutation 
4 th interval 162 permutation 
4 th interval 163 permutation 
4 th interval 164 permutation 
4 th interval 165 permutation 
4 th interval 166 permutation 
4 th interval 167 permutation 
4 th interval 168 permutation 
4 th interval 169 permutation 
4 th interval 170 permutation 
4 th interval 171 permutation 
4 th interval 172 permutation 
4 th interval 173 permutation 
4 th interval 174 permutation 
4 th interval 175 permutation 
4 th interval 176 permutation 
4 th interval 177 permutation 
4 th interval 178 permutation 
4 th interval 179 permutation 
4 th interval 180 permutation 
4 th interval 181 permutation 
4 th interval 182 permutation 
4 th interval 183 permutation 
4 th interval 184 permutation 
4 th interval 185 permutation 
4 th interval 186 permutation 
4 th interval 187 permutation 
4 th interval 188 permutation 
4 th interval 189 permutation 
4 th interval 190 permutation 
4 th interval 191 permutation 
4 th interval 192 permutation 
4 th interval 193 permutation 
4 th interval 194 permutation 
4 th interval 195 permutation 
4 th interval 196 permutation 
4 th interval 197 permutation 
4 th interval 198 permutation 
4 th interval 199 permutation 
4 th interval 200 permutation 
4 th interval 201 permutation 
4 th interval 202 permutation 
4 th interval 203 permutation 
4 th interval 204 permutation 
4 th interval 205 permutation 
4 th interval 206 permutation 
4 th interval 207 permutation 
4 th interval 208 permutation 
4 th interval 209 permutation 
4 th interval 210 permutation 
4 th interval 211 permutation 
4 th interval 212 permutation 
4 th interval 213 permutation 
4 th interval 214 permutation 
4 th interval 215 permutation 
4 th interval 216 permutation 
4 th interval 217 permutation 
4 th interval 218 permutation 
4 th interval 219 permutation 
4 th interval 220 permutation 
4 th interval 221 permutation 
4 th interval 222 permutation 
4 th interval 223 permutation 
4 th interval 224 permutation 
4 th interval 225 permutation 
4 th interval 226 permutation 
4 th interval 227 permutation 
4 th interval 228 permutation 
4 th interval 229 permutation 
4 th interval 230 permutation 
4 th interval 231 permutation 
4 th interval 232 permutation 
4 th interval 233 permutation 
4 th interval 234 permutation 
4 th interval 235 permutation 
4 th interval 236 permutation 
4 th interval 237 permutation 
4 th interval 238 permutation 
4 th interval 239 permutation 
4 th interval 240 permutation 
4 th interval 241 permutation 
4 th interval 242 permutation 
4 th interval 243 permutation 
4 th interval 244 permutation 
4 th interval 245 permutation 
4 th interval 246 permutation 
4 th interval 247 permutation 
4 th interval 248 permutation 
4 th interval 249 permutation 
4 th interval 250 permutation 
4 th interval 251 permutation 
4 th interval 252 permutation 
4 th interval 253 permutation 
4 th interval 254 permutation 
4 th interval 255 permutation 
4 th interval 256 permutation 
4 th interval 257 permutation 
4 th interval 258 permutation 
4 th interval 259 permutation 
4 th interval 260 permutation 
4 th interval 261 permutation 
4 th interval 262 permutation 
4 th interval 263 permutation 
4 th interval 264 permutation 
4 th interval 265 permutation 
4 th interval 266 permutation 
4 th interval 267 permutation 
4 th interval 268 permutation 
4 th interval 269 permutation 
4 th interval 270 permutation 
4 th interval 271 permutation 
4 th interval 272 permutation 
4 th interval 273 permutation 
4 th interval 274 permutation 
4 th interval 275 permutation 
4 th interval 276 permutation 
4 th interval 277 permutation 
4 th interval 278 permutation 
4 th interval 279 permutation 
4 th interval 280 permutation 
4 th interval 281 permutation 
4 th interval 282 permutation 
4 th interval 283 permutation 
4 th interval 284 permutation 
4 th interval 285 permutation 
4 th interval 286 permutation 
4 th interval 287 permutation 
4 th interval 288 permutation 
4 th interval 289 permutation 
4 th interval 290 permutation 
4 th interval 291 permutation 
4 th interval 292 permutation 
4 th interval 293 permutation 
4 th interval 294 permutation 
4 th interval 295 permutation 
4 th interval 296 permutation 
4 th interval 297 permutation 
4 th interval 298 permutation 
4 th interval 299 permutation 
4 th interval 300 permutation 
4 th interval 301 permutation 
4 th interval 302 permutation 
4 th interval 303 permutation 
4 th interval 304 permutation 
4 th interval 305 permutation 
4 th interval 306 permutation 
4 th interval 307 permutation 
4 th interval 308 permutation 
4 th interval 309 permutation 
4 th interval 310 permutation 
4 th interval 311 permutation 
4 th interval 312 permutation 
4 th interval 313 permutation 
4 th interval 314 permutation 
4 th interval 315 permutation 
4 th interval 316 permutation 
4 th interval 317 permutation 
4 th interval 318 permutation 
4 th interval 319 permutation 
4 th interval 320 permutation 
4 th interval 321 permutation 
4 th interval 322 permutation 
4 th interval 323 permutation 
4 th interval 324 permutation 
4 th interval 325 permutation 
4 th interval 326 permutation 
4 th interval 327 permutation 
4 th interval 328 permutation 
4 th interval 329 permutation 
4 th interval 330 permutation 
4 th interval 331 permutation 
4 th interval 332 permutation 
4 th interval 333 permutation 
4 th interval 334 permutation 
4 th interval 335 permutation 
4 th interval 336 permutation 
4 th interval 337 permutation 
4 th interval 338 permutation 
4 th interval 339 permutation 
4 th interval 340 permutation 
4 th interval 341 permutation 
4 th interval 342 permutation 
4 th interval 343 permutation 
4 th interval 344 permutation 
4 th interval 345 permutation 
4 th interval 346 permutation 
4 th interval 347 permutation 
4 th interval 348 permutation 
4 th interval 349 permutation 
4 th interval 350 permutation 
4 th interval 351 permutation 
4 th interval 352 permutation 
4 th interval 353 permutation 
4 th interval 354 permutation 
4 th interval 355 permutation 
4 th interval 356 permutation 
4 th interval 357 permutation 
4 th interval 358 permutation 
4 th interval 359 permutation 
4 th interval 360 permutation 
4 th interval 361 permutation 
4 th interval 362 permutation 
4 th interval 363 permutation 
4 th interval 364 permutation 
4 th interval 365 permutation 
4 th interval 366 permutation 
4 th interval 367 permutation 
4 th interval 368 permutation 
4 th interval 369 permutation 
4 th interval 370 permutation 
4 th interval 371 permutation 
4 th interval 372 permutation 
4 th interval 373 permutation 
4 th interval 374 permutation 
4 th interval 375 permutation 
4 th interval 376 permutation 
4 th interval 377 permutation 
4 th interval 378 permutation 
4 th interval 379 permutation 
4 th interval 380 permutation 
4 th interval 381 permutation 
4 th interval 382 permutation 
4 th interval 383 permutation 
4 th interval 384 permutation 
4 th interval 385 permutation 
4 th interval 386 permutation 
4 th interval 387 permutation 
4 th interval 388 permutation 
4 th interval 389 permutation 
4 th interval 390 permutation 
4 th interval 391 permutation 
4 th interval 392 permutation 
4 th interval 393 permutation 
4 th interval 394 permutation 
4 th interval 395 permutation 
4 th interval 396 permutation 
4 th interval 397 permutation 
4 th interval 398 permutation 
4 th interval 399 permutation 
4 th interval 400 permutation 
4 th interval 401 permutation 
4 th interval 402 permutation 
4 th interval 403 permutation 
4 th interval 404 permutation 
4 th interval 405 permutation 
4 th interval 406 permutation 
4 th interval 407 permutation 
4 th interval 408 permutation 
4 th interval 409 permutation 
4 th interval 410 permutation 
4 th interval 411 permutation 
4 th interval 412 permutation 
4 th interval 413 permutation 
4 th interval 414 permutation 
4 th interval 415 permutation 
4 th interval 416 permutation 
4 th interval 417 permutation 
4 th interval 418 permutation 
4 th interval 419 permutation 
4 th interval 420 permutation 
4 th interval 421 permutation 
4 th interval 422 permutation 
4 th interval 423 permutation 
4 th interval 424 permutation 
4 th interval 425 permutation 
4 th interval 426 permutation 
4 th interval 427 permutation 
4 th interval 428 permutation 
4 th interval 429 permutation 
4 th interval 430 permutation 
4 th interval 431 permutation 
4 th interval 432 permutation 
4 th interval 433 permutation 
4 th interval 434 permutation 
4 th interval 435 permutation 
4 th interval 436 permutation 
4 th interval 437 permutation 
4 th interval 438 permutation 
4 th interval 439 permutation 
4 th interval 440 permutation 
4 th interval 441 permutation 
4 th interval 442 permutation 
4 th interval 443 permutation 
4 th interval 444 permutation 
4 th interval 445 permutation 
4 th interval 446 permutation 
4 th interval 447 permutation 
4 th interval 448 permutation 
4 th interval 449 permutation 
4 th interval 450 permutation 
4 th interval 451 permutation 
4 th interval 452 permutation 
4 th interval 453 permutation 
4 th interval 454 permutation 
4 th interval 455 permutation 
4 th interval 456 permutation 
4 th interval 457 permutation 
4 th interval 458 permutation 
4 th interval 459 permutation 
4 th interval 460 permutation 
4 th interval 461 permutation 
4 th interval 462 permutation 
4 th interval 463 permutation 
4 th interval 464 permutation 
4 th interval 465 permutation 
4 th interval 466 permutation 
4 th interval 467 permutation 
4 th interval 468 permutation 
4 th interval 469 permutation 
4 th interval 470 permutation 
4 th interval 471 permutation 
4 th interval 472 permutation 
4 th interval 473 permutation 
4 th interval 474 permutation 
4 th interval 475 permutation 
4 th interval 476 permutation 
4 th interval 477 permutation 
4 th interval 478 permutation 
4 th interval 479 permutation 
4 th interval 480 permutation 
4 th interval 481 permutation 
4 th interval 482 permutation 
4 th interval 483 permutation 
4 th interval 484 permutation 
4 th interval 485 permutation 
4 th interval 486 permutation 
4 th interval 487 permutation 
4 th interval 488 permutation 
4 th interval 489 permutation 
4 th interval 490 permutation 
4 th interval 491 permutation 
4 th interval 492 permutation 
4 th interval 493 permutation 
4 th interval 494 permutation 
4 th interval 495 permutation 
4 th interval 496 permutation 
4 th interval 497 permutation 
4 th interval 498 permutation 
4 th interval 499 permutation 
4 th interval 500 permutation 
4 th interval 501 permutation 
4 th interval 502 permutation 
4 th interval 503 permutation 
4 th interval 504 permutation 
4 th interval 505 permutation 
4 th interval 506 permutation 
4 th interval 507 permutation 
4 th interval 508 permutation 
4 th interval 509 permutation 
4 th interval 510 permutation 
4 th interval 511 permutation 
4 th interval 512 permutation 
4 th interval 513 permutation 
4 th interval 514 permutation 
4 th interval 515 permutation 
4 th interval 516 permutation 
4 th interval 517 permutation 
4 th interval 518 permutation 
4 th interval 519 permutation 
4 th interval 520 permutation 
4 th interval 521 permutation 
4 th interval 522 permutation 
4 th interval 523 permutation 
4 th interval 524 permutation 
4 th interval 525 permutation 
4 th interval 526 permutation 
4 th interval 527 permutation 
4 th interval 528 permutation 
4 th interval 529 permutation 
4 th interval 530 permutation 
4 th interval 531 permutation 
4 th interval 532 permutation 
4 th interval 533 permutation 
4 th interval 534 permutation 
4 th interval 535 permutation 
4 th interval 536 permutation 
4 th interval 537 permutation 
4 th interval 538 permutation 
4 th interval 539 permutation 
4 th interval 540 permutation 
4 th interval 541 permutation 
4 th interval 542 permutation 
4 th interval 543 permutation 
4 th interval 544 permutation 
4 th interval 545 permutation 
4 th interval 546 permutation 
4 th interval 547 permutation 
4 th interval 548 permutation 
4 th interval 549 permutation 
4 th interval 550 permutation 
4 th interval 551 permutation 
4 th interval 552 permutation 
4 th interval 553 permutation 
4 th interval 554 permutation 
4 th interval 555 permutation 
4 th interval 556 permutation 
4 th interval 557 permutation 
4 th interval 558 permutation 
4 th interval 559 permutation 
4 th interval 560 permutation 
4 th interval 561 permutation 
4 th interval 562 permutation 
4 th interval 563 permutation 
4 th interval 564 permutation 
4 th interval 565 permutation 
4 th interval 566 permutation 
4 th interval 567 permutation 
4 th interval 568 permutation 
4 th interval 569 permutation 
4 th interval 570 permutation 
4 th interval 571 permutation 
4 th interval 572 permutation 
4 th interval 573 permutation 
4 th interval 574 permutation 
4 th interval 575 permutation 
4 th interval 576 permutation 
4 th interval 577 permutation 
4 th interval 578 permutation 
4 th interval 579 permutation 
4 th interval 580 permutation 
4 th interval 581 permutation 
4 th interval 582 permutation 
4 th interval 583 permutation 
4 th interval 584 permutation 
4 th interval 585 permutation 
4 th interval 586 permutation 
4 th interval 587 permutation 
4 th interval 588 permutation 
4 th interval 589 permutation 
4 th interval 590 permutation 
4 th interval 591 permutation 
4 th interval 592 permutation 
4 th interval 593 permutation 
4 th interval 594 permutation 
4 th interval 595 permutation 
4 th interval 596 permutation 
4 th interval 597 permutation 
4 th interval 598 permutation 
4 th interval 599 permutation 
4 th interval 600 permutation 
4 th interval 601 permutation 
4 th interval 602 permutation 
4 th interval 603 permutation 
4 th interval 604 permutation 
4 th interval 605 permutation 
4 th interval 606 permutation 
4 th interval 607 permutation 
4 th interval 608 permutation 
4 th interval 609 permutation 
4 th interval 610 permutation 
4 th interval 611 permutation 
4 th interval 612 permutation 
4 th interval 613 permutation 
4 th interval 614 permutation 
4 th interval 615 permutation 
4 th interval 616 permutation 
4 th interval 617 permutation 
4 th interval 618 permutation 
4 th interval 619 permutation 
4 th interval 620 permutation 
4 th interval 621 permutation 
4 th interval 622 permutation 
4 th interval 623 permutation 
4 th interval 624 permutation 
4 th interval 625 permutation 
4 th interval 626 permutation 
4 th interval 627 permutation 
4 th interval 628 permutation 
4 th interval 629 permutation 
4 th interval 630 permutation 
4 th interval 631 permutation 
4 th interval 632 permutation 
4 th interval 633 permutation 
4 th interval 634 permutation 
4 th interval 635 permutation 
4 th interval 636 permutation 
4 th interval 637 permutation 
4 th interval 638 permutation 
4 th interval 639 permutation 
4 th interval 640 permutation 
4 th interval 641 permutation 
4 th interval 642 permutation 
4 th interval 643 permutation 
4 th interval 644 permutation 
4 th interval 645 permutation 
4 th interval 646 permutation 
4 th interval 647 permutation 
4 th interval 648 permutation 
4 th interval 649 permutation 
4 th interval 650 permutation 
4 th interval 651 permutation 
4 th interval 652 permutation 
4 th interval 653 permutation 
4 th interval 654 permutation 
4 th interval 655 permutation 
4 th interval 656 permutation 
4 th interval 657 permutation 
4 th interval 658 permutation 
4 th interval 659 permutation 
4 th interval 660 permutation 
4 th interval 661 permutation 
4 th interval 662 permutation 
4 th interval 663 permutation 
4 th interval 664 permutation 
4 th interval 665 permutation 
4 th interval 666 permutation 
4 th interval 667 permutation 
4 th interval 668 permutation 
4 th interval 669 permutation 
4 th interval 670 permutation 
4 th interval 671 permutation 
4 th interval 672 permutation 
4 th interval 673 permutation 
4 th interval 674 permutation 
4 th interval 675 permutation 
4 th interval 676 permutation 
4 th interval 677 permutation 
4 th interval 678 permutation 
4 th interval 679 permutation 
4 th interval 680 permutation 
4 th interval 681 permutation 
4 th interval 682 permutation 
4 th interval 683 permutation 
4 th interval 684 permutation 
4 th interval 685 permutation 
4 th interval 686 permutation 
4 th interval 687 permutation 
4 th interval 688 permutation 
4 th interval 689 permutation 
4 th interval 690 permutation 
4 th interval 691 permutation 
4 th interval 692 permutation 
4 th interval 693 permutation 
4 th interval 694 permutation 
4 th interval 695 permutation 
4 th interval 696 permutation 
4 th interval 697 permutation 
4 th interval 698 permutation 
4 th interval 699 permutation 
4 th interval 700 permutation 
4 th interval 701 permutation 
4 th interval 702 permutation 
4 th interval 703 permutation 
4 th interval 704 permutation 
4 th interval 705 permutation 
4 th interval 706 permutation 
4 th interval 707 permutation 
4 th interval 708 permutation 
4 th interval 709 permutation 
4 th interval 710 permutation 
4 th interval 711 permutation 
4 th interval 712 permutation 
4 th interval 713 permutation 
4 th interval 714 permutation 
4 th interval 715 permutation 
4 th interval 716 permutation 
4 th interval 717 permutation 
4 th interval 718 permutation 
4 th interval 719 permutation 
4 th interval 720 permutation 
4 th interval 721 permutation 
4 th interval 722 permutation 
4 th interval 723 permutation 
4 th interval 724 permutation 
4 th interval 725 permutation 
4 th interval 726 permutation 
4 th interval 727 permutation 
4 th interval 728 permutation 
4 th interval 729 permutation 
4 th interval 730 permutation 
4 th interval 731 permutation 
4 th interval 732 permutation 
4 th interval 733 permutation 
4 th interval 734 permutation 
4 th interval 735 permutation 
4 th interval 736 permutation 
4 th interval 737 permutation 
4 th interval 738 permutation 
4 th interval 739 permutation 
4 th interval 740 permutation 
4 th interval 741 permutation 
4 th interval 742 permutation 
4 th interval 743 permutation 
4 th interval 744 permutation 
4 th interval 745 permutation 
4 th interval 746 permutation 
4 th interval 747 permutation 
4 th interval 748 permutation 
4 th interval 749 permutation 
4 th interval 750 permutation 
4 th interval 751 permutation 
4 th interval 752 permutation 
4 th interval 753 permutation 
4 th interval 754 permutation 
4 th interval 755 permutation 
4 th interval 756 permutation 
4 th interval 757 permutation 
4 th interval 758 permutation 
4 th interval 759 permutation 
4 th interval 760 permutation 
4 th interval 761 permutation 
4 th interval 762 permutation 
4 th interval 763 permutation 
4 th interval 764 permutation 
4 th interval 765 permutation 
4 th interval 766 permutation 
4 th interval 767 permutation 
4 th interval 768 permutation 
4 th interval 769 permutation 
4 th interval 770 permutation 
4 th interval 771 permutation 
4 th interval 772 permutation 
4 th interval 773 permutation 
4 th interval 774 permutation 
4 th interval 775 permutation 
4 th interval 776 permutation 
4 th interval 777 permutation 
4 th interval 778 permutation 
4 th interval 779 permutation 
4 th interval 780 permutation 
4 th interval 781 permutation 
4 th interval 782 permutation 
4 th interval 783 permutation 
4 th interval 784 permutation 
4 th interval 785 permutation 
4 th interval 786 permutation 
4 th interval 787 permutation 
4 th interval 788 permutation 
4 th interval 789 permutation 
4 th interval 790 permutation 
4 th interval 791 permutation 
4 th interval 792 permutation 
4 th interval 793 permutation 
4 th interval 794 permutation 
4 th interval 795 permutation 
4 th interval 796 permutation 
4 th interval 797 permutation 
4 th interval 798 permutation 
4 th interval 799 permutation 
4 th interval 800 permutation 
4 th interval 801 permutation 
4 th interval 802 permutation 
4 th interval 803 permutation 
4 th interval 804 permutation 
4 th interval 805 permutation 
4 th interval 806 permutation 
4 th interval 807 permutation 
4 th interval 808 permutation 
4 th interval 809 permutation 
4 th interval 810 permutation 
4 th interval 811 permutation 
4 th interval 812 permutation 
4 th interval 813 permutation 
4 th interval 814 permutation 
4 th interval 815 permutation 
4 th interval 816 permutation 
4 th interval 817 permutation 
4 th interval 818 permutation 
4 th interval 819 permutation 
4 th interval 820 permutation 
4 th interval 821 permutation 
4 th interval 822 permutation 
4 th interval 823 permutation 
4 th interval 824 permutation 
4 th interval 825 permutation 
4 th interval 826 permutation 
4 th interval 827 permutation 
4 th interval 828 permutation 
4 th interval 829 permutation 
4 th interval 830 permutation 
4 th interval 831 permutation 
4 th interval 832 permutation 
4 th interval 833 permutation 
4 th interval 834 permutation 
4 th interval 835 permutation 
4 th interval 836 permutation 
4 th interval 837 permutation 
4 th interval 838 permutation 
4 th interval 839 permutation 
4 th interval 840 permutation 
4 th interval 841 permutation 
4 th interval 842 permutation 
4 th interval 843 permutation 
4 th interval 844 permutation 
4 th interval 845 permutation 
4 th interval 846 permutation 
4 th interval 847 permutation 
4 th interval 848 permutation 
4 th interval 849 permutation 
4 th interval 850 permutation 
4 th interval 851 permutation 
4 th interval 852 permutation 
4 th interval 853 permutation 
4 th interval 854 permutation 
4 th interval 855 permutation 
4 th interval 856 permutation 
4 th interval 857 permutation 
4 th interval 858 permutation 
4 th interval 859 permutation 
4 th interval 860 permutation 
4 th interval 861 permutation 
4 th interval 862 permutation 
4 th interval 863 permutation 
4 th interval 864 permutation 
4 th interval 865 permutation 
4 th interval 866 permutation 
4 th interval 867 permutation 
4 th interval 868 permutation 
4 th interval 869 permutation 
4 th interval 870 permutation 
4 th interval 871 permutation 
4 th interval 872 permutation 
4 th interval 873 permutation 
4 th interval 874 permutation 
4 th interval 875 permutation 
4 th interval 876 permutation 
4 th interval 877 permutation 
4 th interval 878 permutation 
4 th interval 879 permutation 
4 th interval 880 permutation 
4 th interval 881 permutation 
4 th interval 882 permutation 
4 th interval 883 permutation 
4 th interval 884 permutation 
4 th interval 885 permutation 
4 th interval 886 permutation 
4 th interval 887 permutation 
4 th interval 888 permutation 
4 th interval 889 permutation 
4 th interval 890 permutation 
4 th interval 891 permutation 
4 th interval 892 permutation 
4 th interval 893 permutation 
4 th interval 894 permutation 
4 th interval 895 permutation 
4 th interval 896 permutation 
4 th interval 897 permutation 
4 th interval 898 permutation 
4 th interval 899 permutation 
4 th interval 900 permutation 
4 th interval 901 permutation 
4 th interval 902 permutation 
4 th interval 903 permutation 
4 th interval 904 permutation 
4 th interval 905 permutation 
4 th interval 906 permutation 
4 th interval 907 permutation 
4 th interval 908 permutation 
4 th interval 909 permutation 
4 th interval 910 permutation 
4 th interval 911 permutation 
4 th interval 912 permutation 
4 th interval 913 permutation 
4 th interval 914 permutation 
4 th interval 915 permutation 
4 th interval 916 permutation 
4 th interval 917 permutation 
4 th interval 918 permutation 
4 th interval 919 permutation 
4 th interval 920 permutation 
4 th interval 921 permutation 
4 th interval 922 permutation 
4 th interval 923 permutation 
4 th interval 924 permutation 
4 th interval 925 permutation 
4 th interval 926 permutation 
4 th interval 927 permutation 
4 th interval 928 permutation 
4 th interval 929 permutation 
4 th interval 930 permutation 
4 th interval 931 permutation 
4 th interval 932 permutation 
4 th interval 933 permutation 
4 th interval 934 permutation 
4 th interval 935 permutation 
4 th interval 936 permutation 
4 th interval 937 permutation 
4 th interval 938 permutation 
4 th interval 939 permutation 
4 th interval 940 permutation 
4 th interval 941 permutation 
4 th interval 942 permutation 
4 th interval 943 permutation 
4 th interval 944 permutation 
4 th interval 945 permutation 
4 th interval 946 permutation 
4 th interval 947 permutation 
4 th interval 948 permutation 
4 th interval 949 permutation 
4 th interval 950 permutation 
4 th interval 951 permutation 
4 th interval 952 permutation 
4 th interval 953 permutation 
4 th interval 954 permutation 
4 th interval 955 permutation 
4 th interval 956 permutation 
4 th interval 957 permutation 
4 th interval 958 permutation 
4 th interval 959 permutation 
4 th interval 960 permutation 
4 th interval 961 permutation 
4 th interval 962 permutation 
4 th interval 963 permutation 
4 th interval 964 permutation 
4 th interval 965 permutation 
4 th interval 966 permutation 
4 th interval 967 permutation 
4 th interval 968 permutation 
4 th interval 969 permutation 
4 th interval 970 permutation 
4 th interval 971 permutation 
4 th interval 972 permutation 
4 th interval 973 permutation 
4 th interval 974 permutation 
4 th interval 975 permutation 
4 th interval 976 permutation 
4 th interval 977 permutation 
4 th interval 978 permutation 
4 th interval 979 permutation 
4 th interval 980 permutation 
4 th interval 981 permutation 
4 th interval 982 permutation 
4 th interval 983 permutation 
4 th interval 984 permutation 
4 th interval 985 permutation 
4 th interval 986 permutation 
4 th interval 987 permutation 
4 th interval 988 permutation 
4 th interval 989 permutation 
4 th interval 990 permutation 
4 th interval 991 permutation 
4 th interval 992 permutation 
4 th interval 993 permutation 
4 th interval 994 permutation 
4 th interval 995 permutation 
4 th interval 996 permutation 
4 th interval 997 permutation 
4 th interval 998 permutation 
4 th interval 999 permutation 
4 th interval 1000 permutation 
