000 (11392336.062.000) 2023-08-03 08:17:14 Job submitted from host: <128.104.101.92:9618?addrs=128.104.101.92-9618+[2607-f388-107c-501-a236-9fff-fe3c-caa8]-9618&alias=submit2.chtc.wisc.edu&noUDP&sock=schedd_1879732_618e>
...
040 (11392336.062.000) 2023-08-03 08:17:35 Started transferring input files
	Transferring to host: <128.105.69.205:9618?addrs=128.105.69.205-9618+[2607-f388-2200-100-eaeb-d3ff-fe40-294c]-9618&alias=e2588.chtc.wisc.edu&noUDP&sock=slot1_2_3681644_014a_67275>
...
040 (11392336.062.000) 2023-08-03 08:17:37 Finished transferring input files
...
001 (11392336.062.000) 2023-08-03 08:17:38 Job executing on host: <128.105.69.205:9618?addrs=128.105.69.205-9618+[2607-f388-2200-100-eaeb-d3ff-fe40-294c]-9618&alias=e2588.chtc.wisc.edu&noUDP&sock=startd_16569_88c9>
	SlotName: slot1_2@e2588.chtc.wisc.edu
	CondorScratchDir = "/var/lib/condor/execute/slot1/dir_2492057"
	Cpus = 1
	Disk = 1458998
	IoHeavy = 0
	Memory = 512
...
006 (11392336.062.000) 2023-08-03 08:17:47 Image size of job updated: 420640
	394  -  MemoryUsage of job (MB)
	402596  -  ResidentSetSize of job (KB)
...
006 (11392336.062.000) 2023-08-03 08:21:30 Image size of job updated: 524288
	397  -  MemoryUsage of job (MB)
	405668  -  ResidentSetSize of job (KB)
...
040 (11392336.062.000) 2023-08-03 08:21:30 Started transferring output files
...
040 (11392336.062.000) 2023-08-03 08:21:30 Finished transferring output files
...
005 (11392336.062.000) 2023-08-03 08:21:30 Job terminated.
	(1) Normal termination (return value 0)
		Usr 0 00:03:43, Sys 0 00:00:04  -  Run Remote Usage
		Usr 0 00:00:00, Sys 0 00:00:00  -  Run Local Usage
		Usr 0 00:03:43, Sys 0 00:00:04  -  Total Remote Usage
		Usr 0 00:00:00, Sys 0 00:00:00  -  Total Local Usage
	57871  -  Run Bytes Sent By Job
	32727852  -  Run Bytes Received By Job
	57871  -  Total Bytes Sent By Job
	32727852  -  Total Bytes Received By Job
	Partitionable Resources :     Usage  Request Allocated 
	   Cpus                 :      0.99        1         1 
	   Disk (KB)            : 256400      524288   1458998 
	   IoHeavy              :                            0 
	   Memory (MB)          :    397         512       512 

	Job terminated of its own accord at 2023-08-03T13:21:30Z with exit-code 0.
...
