000 (11174994.007.000) 2023-07-26 11:51:45 Job submitted from host: <128.104.101.92:9618?addrs=128.104.101.92-9618+[2607-f388-107c-501-a236-9fff-fe3c-caa8]-9618&alias=submit2.chtc.wisc.edu&noUDP&sock=schedd_1879732_618e>
...
040 (11174994.007.000) 2023-07-26 11:54:23 Started transferring input files
	Transferring to host: <128.105.69.162:9618?addrs=128.105.69.162-9618+[2607-f388-2200-100-1270-fdff-fe56-bd0c]-9618&alias=e4095.chtc.wisc.edu&noUDP&sock=slot1_99_3408026_5f13_49352>
...
040 (11174994.007.000) 2023-07-26 11:54:25 Finished transferring input files
...
001 (11174994.007.000) 2023-07-26 11:54:27 Job executing on host: <128.105.69.162:9618?addrs=128.105.69.162-9618+[2607-f388-2200-100-1270-fdff-fe56-bd0c]-9618&alias=e4095.chtc.wisc.edu&noUDP&sock=startd_17175_332e>
	SlotName: slot1_99@e4095.chtc.wisc.edu
	CondorScratchDir = "/var/lib/condor/execute/slot1/dir_2180616"
	Cpus = 1
	Disk = 1208198
	IoHeavy = 0
	Memory = 512
...
006 (11174994.007.000) 2023-07-26 11:54:36 Image size of job updated: 382996
	341  -  MemoryUsage of job (MB)
	348276  -  ResidentSetSize of job (KB)
...
006 (11174994.007.000) 2023-07-26 11:57:28 Image size of job updated: 517012
	348  -  MemoryUsage of job (MB)
	355376  -  ResidentSetSize of job (KB)
...
040 (11174994.007.000) 2023-07-26 11:57:28 Started transferring output files
...
040 (11174994.007.000) 2023-07-26 11:57:28 Finished transferring output files
...
005 (11174994.007.000) 2023-07-26 11:57:29 Job terminated.
	(1) Normal termination (return value 0)
		Usr 0 00:02:53, Sys 0 00:00:03  -  Run Remote Usage
		Usr 0 00:00:00, Sys 0 00:00:00  -  Run Local Usage
		Usr 0 00:02:53, Sys 0 00:00:03  -  Total Remote Usage
		Usr 0 00:00:00, Sys 0 00:00:00  -  Total Local Usage
	56337  -  Run Bytes Sent By Job
	32726248  -  Run Bytes Received By Job
	56337  -  Total Bytes Sent By Job
	32726248  -  Total Bytes Received By Job
	Partitionable Resources :     Usage  Request Allocated 
	   Cpus                 :      0.78        1         1 
	   Disk (KB)            : 256398      524288   1208198 
	   IoHeavy              :                            0 
	   Memory (MB)          :    348         512       512 

	Job terminated of its own accord at 2023-07-26T16:57:28Z with exit-code 0.
...
