000 (11392261.053.000) 2023-08-02 21:08:52 Job submitted from host: <128.104.101.92:9618?addrs=128.104.101.92-9618+[2607-f388-107c-501-a236-9fff-fe3c-caa8]-9618&alias=submit2.chtc.wisc.edu&noUDP&sock=schedd_1879732_618e>
...
040 (11392261.053.000) 2023-08-02 21:10:05 Started transferring input files
	Transferring to host: <128.105.69.119:9618?addrs=128.105.69.119-9618+[2607-f388-2200-100-1270-fdff-fe56-ccdc]-9618&alias=e4068.chtc.wisc.edu&noUDP&sock=slot1_25_1718799_229f_77306>
...
040 (11392261.053.000) 2023-08-02 21:10:08 Finished transferring input files
...
001 (11392261.053.000) 2023-08-02 21:10:10 Job executing on host: <128.105.69.119:9618?addrs=128.105.69.119-9618+[2607-f388-2200-100-1270-fdff-fe56-ccdc]-9618&alias=e4068.chtc.wisc.edu&noUDP&sock=startd_17009_5675>
	SlotName: slot1_25@e4068.chtc.wisc.edu
	CondorScratchDir = "/var/lib/condor/execute/slot1/dir_4095610"
	Cpus = 1
	Disk = 1208198
	IoHeavy = 0
	Memory = 512
...
006 (11392261.053.000) 2023-08-02 21:10:18 Image size of job updated: 277420
	214  -  MemoryUsage of job (MB)
	219100  -  ResidentSetSize of job (KB)
...
006 (11392261.053.000) 2023-08-02 21:12:10 Image size of job updated: 411044
	215  -  MemoryUsage of job (MB)
	219304  -  ResidentSetSize of job (KB)
...
040 (11392261.053.000) 2023-08-02 21:12:10 Started transferring output files
...
040 (11392261.053.000) 2023-08-02 21:12:10 Finished transferring output files
...
005 (11392261.053.000) 2023-08-02 21:12:10 Job terminated.
	(1) Normal termination (return value 0)
		Usr 0 00:01:49, Sys 0 00:00:02  -  Run Remote Usage
		Usr 0 00:00:00, Sys 0 00:00:00  -  Run Local Usage
		Usr 0 00:01:49, Sys 0 00:00:02  -  Total Remote Usage
		Usr 0 00:00:00, Sys 0 00:00:00  -  Total Local Usage
	57928  -  Run Bytes Sent By Job
	32727852  -  Run Bytes Received By Job
	57928  -  Total Bytes Sent By Job
	32727852  -  Total Bytes Received By Job
	Partitionable Resources :     Usage  Request Allocated 
	   Cpus                 :      0.99        1         1 
	   Disk (KB)            : 256397      524288   1208198 
	   IoHeavy              :                            0 
	   Memory (MB)          :    215         512       512 

	Job terminated of its own accord at 2023-08-03T02:12:10Z with exit-code 0.
...
