000 (11392341.026.000) 2023-08-03 09:09:59 Job submitted from host: <128.104.101.92:9618?addrs=128.104.101.92-9618+[2607-f388-107c-501-a236-9fff-fe3c-caa8]-9618&alias=submit2.chtc.wisc.edu&noUDP&sock=schedd_1879732_618e>
...
040 (11392341.026.000) 2023-08-03 09:10:29 Started transferring input files
	Transferring to host: <128.105.69.101:9618?addrs=128.105.69.101-9618+[2607-f388-2200-100-1270-fdff-fe56-bae4]-9618&alias=e4012.chtc.wisc.edu&noUDP&sock=slot1_52_3576311_60af_64362>
...
040 (11392341.026.000) 2023-08-03 09:10:35 Finished transferring input files
...
001 (11392341.026.000) 2023-08-03 09:10:36 Job executing on host: <128.105.69.101:9618?addrs=128.105.69.101-9618+[2607-f388-2200-100-1270-fdff-fe56-bae4]-9618&alias=e4012.chtc.wisc.edu&noUDP&sock=startd_15697_6a33>
	SlotName: slot1_52@e4012.chtc.wisc.edu
	CondorScratchDir = "/var/lib/condor/execute/slot1/dir_1250333"
	Cpus = 1
	Disk = 1208198
	IoHeavy = 0
	Memory = 512
...
006 (11392341.026.000) 2023-08-03 09:10:44 Image size of job updated: 265012
	259  -  MemoryUsage of job (MB)
	264976  -  ResidentSetSize of job (KB)
...
006 (11392341.026.000) 2023-08-03 09:12:39 Image size of job updated: 506312
	259  -  MemoryUsage of job (MB)
	264976  -  ResidentSetSize of job (KB)
...
040 (11392341.026.000) 2023-08-03 09:12:39 Started transferring output files
...
040 (11392341.026.000) 2023-08-03 09:12:40 Finished transferring output files
...
005 (11392341.026.000) 2023-08-03 09:12:40 Job terminated.
	(1) Normal termination (return value 0)
		Usr 0 00:01:47, Sys 0 00:00:12  -  Run Remote Usage
		Usr 0 00:00:00, Sys 0 00:00:00  -  Run Local Usage
		Usr 0 00:01:47, Sys 0 00:00:12  -  Total Remote Usage
		Usr 0 00:00:00, Sys 0 00:00:00  -  Total Local Usage
	55097  -  Run Bytes Sent By Job
	32727736  -  Run Bytes Received By Job
	55097  -  Total Bytes Sent By Job
	32727736  -  Total Bytes Received By Job
	Partitionable Resources :     Usage  Request Allocated 
	   Cpus                 :      0.98        1         1 
	   Disk (KB)            : 255813      524288   1208198 
	   IoHeavy              :                            0 
	   Memory (MB)          :    259         512       512 

	Job terminated of its own accord at 2023-08-03T14:12:39Z with exit-code 0.
...
