000 (11139883.089.000) 2023-07-20 06:17:26 Job submitted from host: <128.104.101.92:9618?addrs=128.104.101.92-9618+[2607-f388-107c-501-a236-9fff-fe3c-caa8]-9618&alias=submit2.chtc.wisc.edu&noUDP&sock=schedd_1879732_618e>
...
040 (11139883.089.000) 2023-07-20 06:20:46 Started transferring input files
	Transferring to host: <128.105.69.209:9618?addrs=128.105.69.209-9618+[2607-f388-2200-100-eaeb-d3ff-fe40-1564]-9618&alias=e2592.chtc.wisc.edu&noUDP&sock=slot1_51_280612_4a0c_12950>
...
040 (11139883.089.000) 2023-07-20 06:20:48 Finished transferring input files
...
001 (11139883.089.000) 2023-07-20 06:20:49 Job executing on host: <128.105.69.209:9618?addrs=128.105.69.209-9618+[2607-f388-2200-100-eaeb-d3ff-fe40-1564]-9618&alias=e2592.chtc.wisc.edu&noUDP&sock=startd_11725_f407>
	SlotName: slot1_51@e2592.chtc.wisc.edu
	CondorScratchDir = "/var/lib/condor/execute/slot1/dir_4071209"
	Cpus = 1
	Disk = 1458998
	IoHeavy = 0
	Memory = 512
...
006 (11139883.089.000) 2023-07-20 06:20:57 Image size of job updated: 514444
	437  -  MemoryUsage of job (MB)
	447404  -  ResidentSetSize of job (KB)
...
006 (11139883.089.000) 2023-07-20 06:25:57 Image size of job updated: 524288
	465  -  MemoryUsage of job (MB)
	475308  -  ResidentSetSize of job (KB)
...
006 (11139883.089.000) 2023-07-20 06:30:59 Image size of job updated: 524288
	475  -  MemoryUsage of job (MB)
	485632  -  ResidentSetSize of job (KB)
...
006 (11139883.089.000) 2023-07-20 06:51:00 Image size of job updated: 524288
	489  -  MemoryUsage of job (MB)
	500004  -  ResidentSetSize of job (KB)
...
040 (11139883.089.000) 2023-07-20 07:23:31 Started transferring output files
...
040 (11139883.089.000) 2023-07-20 07:23:31 Finished transferring output files
...
005 (11139883.089.000) 2023-07-20 07:23:31 Job terminated.
	(1) Normal termination (return value 0)
		Usr 0 01:01:45, Sys 0 00:00:18  -  Run Remote Usage
		Usr 0 00:00:00, Sys 0 00:00:00  -  Run Local Usage
		Usr 0 01:01:45, Sys 0 00:00:18  -  Total Remote Usage
		Usr 0 00:00:00, Sys 0 00:00:00  -  Total Local Usage
	57830  -  Run Bytes Sent By Job
	32725918  -  Run Bytes Received By Job
	57830  -  Total Bytes Sent By Job
	32725918  -  Total Bytes Received By Job
	Partitionable Resources :     Usage  Request Allocated 
	   Cpus                 :      0.99        1         1 
	   Disk (KB)            : 255231      524288   1458998 
	   IoHeavy              :                            0 
	   Memory (MB)          :    489         512       512 

	Job terminated of its own accord at 2023-07-20T12:23:31Z with exit-code 0.
...
