000 (11392261.058.000) 2023-08-02 21:08:52 Job submitted from host: <128.104.101.92:9618?addrs=128.104.101.92-9618+[2607-f388-107c-501-a236-9fff-fe3c-caa8]-9618&alias=submit2.chtc.wisc.edu&noUDP&sock=schedd_1879732_618e>
...
040 (11392261.058.000) 2023-08-02 21:10:06 Started transferring input files
	Transferring to host: <128.105.69.166:9618?addrs=128.105.69.166-9618+[2607-f388-2200-100-1270-fdff-fe56-717c]-9618&alias=e2549.chtc.wisc.edu&noUDP&sock=slot1_78_2966415_78cd_76079>
...
040 (11392261.058.000) 2023-08-02 21:10:08 Finished transferring input files
...
001 (11392261.058.000) 2023-08-02 21:10:09 Job executing on host: <128.105.69.166:9618?addrs=128.105.69.166-9618+[2607-f388-2200-100-1270-fdff-fe56-717c]-9618&alias=e2549.chtc.wisc.edu&noUDP&sock=startd_12925_0dac>
	SlotName: slot1_78@e2549.chtc.wisc.edu
	CondorScratchDir = "/var/lib/condor/execute/slot1/dir_3876113"
	Cpus = 1
	Disk = 1208198
	IoHeavy = 0
	Memory = 512
...
006 (11392261.058.000) 2023-08-02 21:10:17 Image size of job updated: 279112
	240  -  MemoryUsage of job (MB)
	245696  -  ResidentSetSize of job (KB)
...
006 (11392261.058.000) 2023-08-02 21:11:47 Image size of job updated: 411728
	251  -  MemoryUsage of job (MB)
	256436  -  ResidentSetSize of job (KB)
...
040 (11392261.058.000) 2023-08-02 21:11:48 Started transferring output files
...
040 (11392261.058.000) 2023-08-02 21:11:48 Finished transferring output files
...
005 (11392261.058.000) 2023-08-02 21:11:48 Job terminated.
	(1) Normal termination (return value 0)
		Usr 0 00:01:32, Sys 0 00:00:02  -  Run Remote Usage
		Usr 0 00:00:00, Sys 0 00:00:00  -  Run Local Usage
		Usr 0 00:01:32, Sys 0 00:00:02  -  Total Remote Usage
		Usr 0 00:00:00, Sys 0 00:00:00  -  Total Local Usage
	57907  -  Run Bytes Sent By Job
	32727852  -  Run Bytes Received By Job
	57907  -  Total Bytes Sent By Job
	32727852  -  Total Bytes Received By Job
	Partitionable Resources :     Usage  Request Allocated 
	   Cpus                 :      0.22        1         1 
	   Disk (KB)            : 256411      524288   1208198 
	   IoHeavy              :                            0 
	   Memory (MB)          :    251         512       512 

	Job terminated of its own accord at 2023-08-03T02:11:47Z with exit-code 0.
...
