040 (11139799.006.000) 2023-07-19 21:18:22 Started transferring input files
	Transferring to host: <128.105.69.140:9618?addrs=128.105.69.140-9618+[2607-f388-2200-100-1270-fdff-fe56-ca7c]-9618&alias=e4017.chtc.wisc.edu&noUDP&sock=slot1_91_417353_b1a5_16513>
...
040 (11139799.006.000) 2023-07-19 21:18:24 Finished transferring input files
...
001 (11139799.006.000) 2023-07-19 21:18:25 Job executing on host: <128.105.69.140:9618?addrs=128.105.69.140-9618+[2607-f388-2200-100-1270-fdff-fe56-ca7c]-9618&alias=e4017.chtc.wisc.edu&noUDP&sock=startd_11656_9ffe>
	SlotName: slot1_91@e4017.chtc.wisc.edu
	CondorScratchDir = "/var/lib/condor/execute/slot1/dir_169378"
	Cpus = 1
	Disk = 1208198
	IoHeavy = 0
	Memory = 512
...
006 (11139799.006.000) 2023-07-19 21:18:34 Image size of job updated: 288052
	209  -  MemoryUsage of job (MB)
	213664  -  ResidentSetSize of job (KB)
...
006 (11139799.006.000) 2023-07-19 21:18:48 Image size of job updated: 420272
	217  -  MemoryUsage of job (MB)
	222060  -  ResidentSetSize of job (KB)
...
040 (11139799.006.000) 2023-07-19 21:18:48 Started transferring output files
...
040 (11139799.006.000) 2023-07-19 21:18:49 Finished transferring output files
...
005 (11139799.006.000) 2023-07-19 21:18:50 Job terminated.
	(1) Normal termination (return value 1)
		Usr 0 00:00:15, Sys 0 00:00:04  -  Run Remote Usage
		Usr 0 00:00:00, Sys 0 00:00:00  -  Run Local Usage
		Usr 0 00:00:15, Sys 0 00:00:04  -  Total Remote Usage
		Usr 0 00:00:00, Sys 0 00:00:00  -  Total Local Usage
	3145  -  Run Bytes Sent By Job
	32725180  -  Run Bytes Received By Job
	3145  -  Total Bytes Sent By Job
	32725180  -  Total Bytes Received By Job
	Partitionable Resources :    Usage  Request Allocated 
	   Cpus                 :                 1         1 
	   Disk (KB)            :   255950   524288   1208198 
	   IoHeavy              :                           0 
	   Memory (MB)          :      217      512       512 

	Job terminated of its own accord at 2023-07-20T02:18:48Z with exit-code 1.
...
