000 (11392336.102.000) 2023-08-03 08:17:14 Job submitted from host: <128.104.101.92:9618?addrs=128.104.101.92-9618+[2607-f388-107c-501-a236-9fff-fe3c-caa8]-9618&alias=submit2.chtc.wisc.edu&noUDP&sock=schedd_1879732_618e>
...
040 (11392336.102.000) 2023-08-03 08:17:39 Started transferring input files
	Transferring to host: <128.105.69.107:9618?addrs=128.105.69.107-9618+[2607-f388-2200-100-1270-fdff-fe56-bfe4]-9618&alias=e4056.chtc.wisc.edu&noUDP&sock=slot1_2_830381_48c0_73679>
...
040 (11392336.102.000) 2023-08-03 08:17:40 Finished transferring input files
...
001 (11392336.102.000) 2023-08-03 08:17:41 Job executing on host: <128.105.69.107:9618?addrs=128.105.69.107-9618+[2607-f388-2200-100-1270-fdff-fe56-bfe4]-9618&alias=e4056.chtc.wisc.edu&noUDP&sock=startd_18765_cec3>
	SlotName: slot1_2@e4056.chtc.wisc.edu
	CondorScratchDir = "/var/lib/condor/execute/slot1/dir_153505"
	Cpus = 1
	Disk = 1208198
	IoHeavy = 0
	Memory = 512
...
006 (11392336.102.000) 2023-08-03 08:17:50 Image size of job updated: 508780
	497  -  MemoryUsage of job (MB)
	508776  -  ResidentSetSize of job (KB)
...
040 (11392336.102.000) 2023-08-03 08:18:03 Started transferring output files
...
040 (11392336.102.000) 2023-08-03 08:18:04 Finished transferring output files
...
005 (11392336.102.000) 2023-08-03 08:18:04 Job terminated.
	(1) Normal termination (return value 0)
		Usr 0 00:00:19, Sys 0 00:00:01  -  Run Remote Usage
		Usr 0 00:00:00, Sys 0 00:00:00  -  Run Local Usage
		Usr 0 00:00:19, Sys 0 00:00:01  -  Total Remote Usage
		Usr 0 00:00:00, Sys 0 00:00:00  -  Total Local Usage
	55572  -  Run Bytes Sent By Job
	32727852  -  Run Bytes Received By Job
	55572  -  Total Bytes Sent By Job
	32727852  -  Total Bytes Received By Job
	Partitionable Resources :    Usage  Request Allocated 
	   Cpus                 :                 1         1 
	   Disk (KB)            :   255222   524288   1208198 
	   IoHeavy              :                           0 
	   Memory (MB)          :      497      512       512 

	Job terminated of its own accord at 2023-08-03T13:18:03Z with exit-code 0.
...
