000 (11392261.022.000) 2023-08-02 21:08:52 Job submitted from host: <128.104.101.92:9618?addrs=128.104.101.92-9618+[2607-f388-107c-501-a236-9fff-fe3c-caa8]-9618&alias=submit2.chtc.wisc.edu&noUDP&sock=schedd_1879732_618e>
...
040 (11392261.022.000) 2023-08-02 21:10:01 Started transferring input files
	Transferring to host: <128.105.69.115:9618?addrs=128.105.69.115-9618+[2607-f388-2200-100-1270-fdff-fe56-ced4]-9618&alias=e4064.chtc.wisc.edu&noUDP&sock=slot1_41_941896_b097_72480>
...
040 (11392261.022.000) 2023-08-02 21:10:03 Finished transferring input files
...
001 (11392261.022.000) 2023-08-02 21:10:04 Job executing on host: <128.105.69.115:9618?addrs=128.105.69.115-9618+[2607-f388-2200-100-1270-fdff-fe56-ced4]-9618&alias=e4064.chtc.wisc.edu&noUDP&sock=startd_18943_e69f>
	SlotName: slot1_41@e4064.chtc.wisc.edu
	CondorScratchDir = "/var/lib/condor/execute/slot1/dir_2214152"
	Cpus = 1
	Disk = 1208198
	IoHeavy = 0
	Memory = 512
...
006 (11392261.022.000) 2023-08-02 21:10:13 Image size of job updated: 276456
	249  -  MemoryUsage of job (MB)
	254468  -  ResidentSetSize of job (KB)
...
006 (11392261.022.000) 2023-08-02 21:15:14 Image size of job updated: 429856
	420  -  MemoryUsage of job (MB)
	429604  -  ResidentSetSize of job (KB)
...
006 (11392261.022.000) 2023-08-02 21:16:11 Image size of job updated: 429864
	420  -  MemoryUsage of job (MB)
	429604  -  ResidentSetSize of job (KB)
...
040 (11392261.022.000) 2023-08-02 21:16:11 Started transferring output files
...
040 (11392261.022.000) 2023-08-02 21:16:11 Finished transferring output files
...
005 (11392261.022.000) 2023-08-02 21:16:11 Job terminated.
	(1) Normal termination (return value 0)
		Usr 0 00:05:54, Sys 0 00:00:03  -  Run Remote Usage
		Usr 0 00:00:00, Sys 0 00:00:00  -  Run Local Usage
		Usr 0 00:05:54, Sys 0 00:00:03  -  Total Remote Usage
		Usr 0 00:00:00, Sys 0 00:00:00  -  Total Local Usage
	57667  -  Run Bytes Sent By Job
	32727852  -  Run Bytes Received By Job
	57667  -  Total Bytes Sent By Job
	32727852  -  Total Bytes Received By Job
	Partitionable Resources :     Usage  Request Allocated 
	   Cpus                 :      0.98        1         1 
	   Disk (KB)            : 256402      524288   1208198 
	   IoHeavy              :                            0 
	   Memory (MB)          :    420         512       512 

	Job terminated of its own accord at 2023-08-03T02:16:11Z with exit-code 0.
...
