000 (11392261.050.000) 2023-08-02 21:08:52 Job submitted from host: <128.104.101.92:9618?addrs=128.104.101.92-9618+[2607-f388-107c-501-a236-9fff-fe3c-caa8]-9618&alias=submit2.chtc.wisc.edu&noUDP&sock=schedd_1879732_618e>
...
040 (11392261.050.000) 2023-08-02 21:10:05 Started transferring input files
	Transferring to host: <128.105.69.136:9618?addrs=128.105.69.136-9618+[2607-f388-2200-100-1270-fdff-fe56-c8dc]-9618&alias=e4041.chtc.wisc.edu&noUDP&sock=slot1_3_1608905_deeb_69856>
...
040 (11392261.050.000) 2023-08-02 21:10:07 Finished transferring input files
...
001 (11392261.050.000) 2023-08-02 21:10:08 Job executing on host: <128.105.69.136:9618?addrs=128.105.69.136-9618+[2607-f388-2200-100-1270-fdff-fe56-c8dc]-9618&alias=e4041.chtc.wisc.edu&noUDP&sock=startd_15863_46ec>
	SlotName: slot1_3@e4041.chtc.wisc.edu
	CondorScratchDir = "/var/lib/condor/execute/slot1/dir_2694046"
	Cpus = 1
	Disk = 1208198
	IoHeavy = 0
	Memory = 512
...
006 (11392261.050.000) 2023-08-02 21:10:17 Image size of job updated: 276220
	247  -  MemoryUsage of job (MB)
	252100  -  ResidentSetSize of job (KB)
...
006 (11392261.050.000) 2023-08-02 21:12:32 Image size of job updated: 413416
	249  -  MemoryUsage of job (MB)
	254404  -  ResidentSetSize of job (KB)
...
040 (11392261.050.000) 2023-08-02 21:12:32 Started transferring output files
...
040 (11392261.050.000) 2023-08-02 21:12:32 Finished transferring output files
...
005 (11392261.050.000) 2023-08-02 21:12:32 Job terminated.
	(1) Normal termination (return value 0)
		Usr 0 00:02:16, Sys 0 00:00:03  -  Run Remote Usage
		Usr 0 00:00:00, Sys 0 00:00:00  -  Run Local Usage
		Usr 0 00:02:16, Sys 0 00:00:03  -  Total Remote Usage
		Usr 0 00:00:00, Sys 0 00:00:00  -  Total Local Usage
	58001  -  Run Bytes Sent By Job
	32727852  -  Run Bytes Received By Job
	58001  -  Total Bytes Sent By Job
	32727852  -  Total Bytes Received By Job
	Partitionable Resources :     Usage  Request Allocated 
	   Cpus                 :      0.87        1         1 
	   Disk (KB)            : 256401      524288   1208198 
	   IoHeavy              :                            0 
	   Memory (MB)          :    249         512       512 

	Job terminated of its own accord at 2023-08-03T02:12:32Z with exit-code 0.
...
