000 (11392261.112.000) 2023-08-02 21:08:53 Job submitted from host: <128.104.101.92:9618?addrs=128.104.101.92-9618+[2607-f388-107c-501-a236-9fff-fe3c-caa8]-9618&alias=submit2.chtc.wisc.edu&noUDP&sock=schedd_1879732_618e>
...
040 (11392261.112.000) 2023-08-02 21:10:13 Started transferring input files
	Transferring to host: <128.105.69.197:9618?addrs=128.105.69.197-9618+[2607-f388-2200-100-1270-fdff-fe56-6efc]-9618&alias=e4050.chtc.wisc.edu&noUDP&sock=slot1_147_3416771_03d7_61237>
...
040 (11392261.112.000) 2023-08-02 21:10:15 Finished transferring input files
...
001 (11392261.112.000) 2023-08-02 21:10:16 Job executing on host: <128.105.69.197:9618?addrs=128.105.69.197-9618+[2607-f388-2200-100-1270-fdff-fe56-6efc]-9618&alias=e4050.chtc.wisc.edu&noUDP&sock=startd_11754_d846>
	SlotName: slot1_147@e4050.chtc.wisc.edu
	CondorScratchDir = "/var/lib/condor/execute/slot1/dir_1686959"
	Cpus = 1
	Disk = 1208198
	IoHeavy = 0
	Memory = 512
...
006 (11392261.112.000) 2023-08-02 21:10:25 Image size of job updated: 276744
	252  -  MemoryUsage of job (MB)
	257052  -  ResidentSetSize of job (KB)
...
006 (11392261.112.000) 2023-08-02 21:11:04 Image size of job updated: 399212
	252  -  MemoryUsage of job (MB)
	257052  -  ResidentSetSize of job (KB)
...
040 (11392261.112.000) 2023-08-02 21:11:04 Started transferring output files
...
040 (11392261.112.000) 2023-08-02 21:11:04 Finished transferring output files
...
005 (11392261.112.000) 2023-08-02 21:11:04 Job terminated.
	(1) Normal termination (return value 0)
		Usr 0 00:00:42, Sys 0 00:00:02  -  Run Remote Usage
		Usr 0 00:00:00, Sys 0 00:00:00  -  Run Local Usage
		Usr 0 00:00:42, Sys 0 00:00:02  -  Total Remote Usage
		Usr 0 00:00:00, Sys 0 00:00:00  -  Total Local Usage
	54208  -  Run Bytes Sent By Job
	32727852  -  Run Bytes Received By Job
	54208  -  Total Bytes Sent By Job
	32727852  -  Total Bytes Received By Job
	Partitionable Resources :    Usage  Request Allocated 
	   Cpus                 :                 1         1 
	   Disk (KB)            :   256400   524288   1208198 
	   IoHeavy              :                           0 
	   Memory (MB)          :      252      512       512 

	Job terminated of its own accord at 2023-08-03T02:11:04Z with exit-code 0.
...
