000 (11392336.057.000) 2023-08-03 08:17:14 Job submitted from host: <128.104.101.92:9618?addrs=128.104.101.92-9618+[2607-f388-107c-501-a236-9fff-fe3c-caa8]-9618&alias=submit2.chtc.wisc.edu&noUDP&sock=schedd_1879732_618e>
...
040 (11392336.057.000) 2023-08-03 08:17:34 Started transferring input files
	Transferring to host: <128.105.69.148:9618?addrs=128.105.69.148-9618+[2607-f388-2200-100-1270-fdff-fe56-ceec]-9618&alias=build4001.chtc.wisc.edu&noUDP&sock=slot3_4_3662029_768c_73265>
...
040 (11392336.057.000) 2023-08-03 08:17:37 Finished transferring input files
...
001 (11392336.057.000) 2023-08-03 08:17:38 Job executing on host: <128.105.69.148:9618?addrs=128.105.69.148-9618+[2607-f388-2200-100-1270-fdff-fe56-ceec]-9618&alias=build4001.chtc.wisc.edu&noUDP&sock=startd_16163_0d56>
	SlotName: slot3_4@build4001.chtc.wisc.edu
	CondorScratchDir = "/var/lib/condor/execute/slot3/dir_1236461"
	Cpus = 1
	Disk = 1208198
	IoHeavy = 0
	Memory = 512
...
006 (11392336.057.000) 2023-08-03 08:17:48 Image size of job updated: 384492
	243  -  MemoryUsage of job (MB)
	247852  -  ResidentSetSize of job (KB)
...
006 (11392336.057.000) 2023-08-03 08:20:48 Image size of job updated: 524288
	243  -  MemoryUsage of job (MB)
	247852  -  ResidentSetSize of job (KB)
...
040 (11392336.057.000) 2023-08-03 08:20:48 Started transferring output files
...
040 (11392336.057.000) 2023-08-03 08:20:48 Finished transferring output files
...
005 (11392336.057.000) 2023-08-03 08:20:48 Job terminated.
	(1) Normal termination (return value 0)
		Usr 0 00:03:03, Sys 0 00:00:03  -  Run Remote Usage
		Usr 0 00:00:00, Sys 0 00:00:00  -  Run Local Usage
		Usr 0 00:03:03, Sys 0 00:00:03  -  Total Remote Usage
		Usr 0 00:00:00, Sys 0 00:00:00  -  Total Local Usage
	57949  -  Run Bytes Sent By Job
	32727852  -  Run Bytes Received By Job
	57949  -  Total Bytes Sent By Job
	32727852  -  Total Bytes Received By Job
	Partitionable Resources :     Usage  Request Allocated 
	   Cpus                 :      0.99        1         1 
	   Disk (KB)            : 255234      524288   1208198 
	   IoHeavy              :                            0 
	   Memory (MB)          :    243         512       512 

	Job terminated of its own accord at 2023-08-03T13:20:48Z with exit-code 0.
...
