035 (11139874.-01.000) 2023-07-20 03:16:35 Cluster submitted from host: <128.104.101.92:9618?addrs=128.104.101.92-9618+[2607-f388-107c-501-a236-9fff-fe3c-caa8]-9618&alias=submit2.chtc.wisc.edu&noUDP&sock=schedd_1879732_618e>
...
000 (11139874.000.000) 2023-07-20 03:16:35 Job submitted from host: <128.104.101.92:9618?addrs=128.104.101.92-9618+[2607-f388-107c-501-a236-9fff-fe3c-caa8]-9618&alias=submit2.chtc.wisc.edu&noUDP&sock=schedd_1879732_618e>
...
040 (11139874.000.000) 2023-07-20 03:17:56 Started transferring input files
	Transferring to host: <128.105.69.192:9618?addrs=128.105.69.192-9618+[2607-f388-2200-100-1270-fdff-fe56-bc04]-9618&alias=build4002.chtc.wisc.edu&noUDP&sock=interactive2_1_862941_bfec_19371>
...
040 (11139874.000.000) 2023-07-20 03:17:58 Finished transferring input files
...
001 (11139874.000.000) 2023-07-20 03:17:59 Job executing on host: <128.105.69.192:9618?addrs=128.105.69.192-9618+[2607-f388-2200-100-1270-fdff-fe56-bc04]-9618&alias=build4002.chtc.wisc.edu&noUDP&sock=startd_15801_c00d>
	SlotName: interactive2_1@build4002.chtc.wisc.edu
	CondorScratchDir = "/var/lib/condor/execute/slot2/dir_363259"
	Cpus = 1
	Disk = 1208198
	IoHeavy = 0
	Memory = 512
...
006 (11139874.000.000) 2023-07-20 03:18:03 Image size of job updated: 3260
	5  -  MemoryUsage of job (MB)
	4548  -  ResidentSetSize of job (KB)
...
006 (11139874.000.000) 2023-07-20 03:18:08 Image size of job updated: 12528
	5  -  MemoryUsage of job (MB)
	4548  -  ResidentSetSize of job (KB)
...
006 (11139874.000.000) 2023-07-20 03:21:00 Image size of job updated: 225736
	180  -  MemoryUsage of job (MB)
	184016  -  ResidentSetSize of job (KB)
...
040 (11139874.000.000) 2023-07-20 03:21:00 Started transferring output files
...
040 (11139874.000.000) 2023-07-20 03:21:00 Finished transferring output files
...
005 (11139874.000.000) 2023-07-20 03:21:00 Job terminated.
	(1) Normal termination (return value 255)
		Usr 0 00:00:02, Sys 0 00:00:01  -  Run Remote Usage
		Usr 0 00:00:00, Sys 0 00:00:00  -  Run Local Usage
		Usr 0 00:00:02, Sys 0 00:00:01  -  Total Remote Usage
		Usr 0 00:00:00, Sys 0 00:00:00  -  Total Local Usage
	249  -  Run Bytes Sent By Job
	32724784  -  Run Bytes Received By Job
	249  -  Total Bytes Sent By Job
	32724784  -  Total Bytes Received By Job
	Partitionable Resources :    Usage  Request Allocated 
	   Cpus                 :        0        1         1 
	   Disk (KB)            :   254928   524288   1208198 
	   IoHeavy              :                           0 
	   Memory (MB)          :      180      512       512 

	Job terminated of its own accord at 2023-07-20T08:18:03Z with signal 15.
...
036 (11139874.-01.000) 2023-07-20 03:24:36 Cluster removed
	Materialized 20 jobs from -1 items.	Incomplete
...
