000 (11392336.038.000) 2023-08-03 08:17:13 Job submitted from host: <128.104.101.92:9618?addrs=128.104.101.92-9618+[2607-f388-107c-501-a236-9fff-fe3c-caa8]-9618&alias=submit2.chtc.wisc.edu&noUDP&sock=schedd_1879732_618e>
...
040 (11392336.038.000) 2023-08-03 08:17:33 Started transferring input files
	Transferring to host: <128.105.69.179:9618?addrs=128.105.69.179-9618+[2607-f388-2200-100-1270-fdff-fe56-778c]-9618&alias=e2562.chtc.wisc.edu&noUDP&sock=slot1_63_51823_bdd4_84657>
...
040 (11392336.038.000) 2023-08-03 08:17:35 Finished transferring input files
...
001 (11392336.038.000) 2023-08-03 08:17:36 Job executing on host: <128.105.69.179:9618?addrs=128.105.69.179-9618+[2607-f388-2200-100-1270-fdff-fe56-778c]-9618&alias=e2562.chtc.wisc.edu&noUDP&sock=startd_14077_3ac7>
	SlotName: slot1_63@e2562.chtc.wisc.edu
	CondorScratchDir = "/var/lib/condor/execute/slot1/dir_3350796"
	Cpus = 1
	Disk = 1208198
	IoHeavy = 0
	Memory = 512
...
006 (11392336.038.000) 2023-08-03 08:17:44 Image size of job updated: 275016
	235  -  MemoryUsage of job (MB)
	239900  -  ResidentSetSize of job (KB)
...
006 (11392336.038.000) 2023-08-03 08:18:22 Image size of job updated: 400312
	246  -  MemoryUsage of job (MB)
	251164  -  ResidentSetSize of job (KB)
...
040 (11392336.038.000) 2023-08-03 08:18:23 Started transferring output files
...
040 (11392336.038.000) 2023-08-03 08:18:23 Finished transferring output files
...
005 (11392336.038.000) 2023-08-03 08:18:23 Job terminated.
	(1) Normal termination (return value 0)
		Usr 0 00:00:39, Sys 0 00:00:02  -  Run Remote Usage
		Usr 0 00:00:00, Sys 0 00:00:00  -  Run Local Usage
		Usr 0 00:00:39, Sys 0 00:00:02  -  Total Remote Usage
		Usr 0 00:00:00, Sys 0 00:00:00  -  Total Local Usage
	55184  -  Run Bytes Sent By Job
	32727852  -  Run Bytes Received By Job
	55184  -  Total Bytes Sent By Job
	32727852  -  Total Bytes Received By Job
	Partitionable Resources :    Usage  Request Allocated 
	   Cpus                 :                 1         1 
	   Disk (KB)            :   256378   524288   1208198 
	   IoHeavy              :                           0 
	   Memory (MB)          :      246      512       512 

	Job terminated of its own accord at 2023-08-03T13:18:22Z with exit-code 0.
...
