000 (11392336.078.000) 2023-08-03 08:17:14 Job submitted from host: <128.104.101.92:9618?addrs=128.104.101.92-9618+[2607-f388-107c-501-a236-9fff-fe3c-caa8]-9618&alias=submit2.chtc.wisc.edu&noUDP&sock=schedd_1879732_618e>
...
040 (11392336.078.000) 2023-08-03 08:17:37 Started transferring input files
	Transferring to host: <128.105.69.175:9618?addrs=128.105.69.175-9618+[2607-f388-2200-100-1270-fdff-fe56-63d4]-9618&alias=e2558.chtc.wisc.edu&noUDP&sock=slot1_1_2375588_66d4_77464>
...
040 (11392336.078.000) 2023-08-03 08:17:38 Finished transferring input files
...
001 (11392336.078.000) 2023-08-03 08:17:39 Job executing on host: <128.105.69.175:9618?addrs=128.105.69.175-9618+[2607-f388-2200-100-1270-fdff-fe56-63d4]-9618&alias=e2558.chtc.wisc.edu&noUDP&sock=startd_13980_b217>
	SlotName: slot1_1@e2558.chtc.wisc.edu
	CondorScratchDir = "/var/lib/condor/execute/slot1/dir_1746783"
	Cpus = 1
	Disk = 1208198
	IoHeavy = 0
	Memory = 512
...
006 (11392336.078.000) 2023-08-03 08:17:48 Image size of job updated: 514996
	501  -  MemoryUsage of job (MB)
	512692  -  ResidentSetSize of job (KB)
...
006 (11392336.078.000) 2023-08-03 08:18:15 Image size of job updated: 522916
	501  -  MemoryUsage of job (MB)
	512692  -  ResidentSetSize of job (KB)
...
040 (11392336.078.000) 2023-08-03 08:18:15 Started transferring output files
...
040 (11392336.078.000) 2023-08-03 08:18:15 Finished transferring output files
...
005 (11392336.078.000) 2023-08-03 08:18:15 Job terminated.
	(1) Normal termination (return value 0)
		Usr 0 00:00:32, Sys 0 00:00:01  -  Run Remote Usage
		Usr 0 00:00:00, Sys 0 00:00:00  -  Run Local Usage
		Usr 0 00:00:32, Sys 0 00:00:01  -  Total Remote Usage
		Usr 0 00:00:00, Sys 0 00:00:00  -  Total Local Usage
	57480  -  Run Bytes Sent By Job
	32727852  -  Run Bytes Received By Job
	57480  -  Total Bytes Sent By Job
	32727852  -  Total Bytes Received By Job
	Partitionable Resources :     Usage  Request Allocated 
	   Cpus                 :      0.99        1         1 
	   Disk (KB)            : 255233      524288   1208198 
	   IoHeavy              :                            0 
	   Memory (MB)          :    501         512       512 

	Job terminated of its own accord at 2023-08-03T13:18:15Z with exit-code 0.
...
