000 (11392336.087.000) 2023-08-03 08:17:14 Job submitted from host: <128.104.101.92:9618?addrs=128.104.101.92-9618+[2607-f388-107c-501-a236-9fff-fe3c-caa8]-9618&alias=submit2.chtc.wisc.edu&noUDP&sock=schedd_1879732_618e>
...
040 (11392336.087.000) 2023-08-03 08:17:37 Started transferring input files
	Transferring to host: <128.105.69.223:9618?addrs=128.105.69.223-9618+[2607-f388-2200-100-eaeb-d3ff-fe3f-fef4]-9618&alias=e2606.chtc.wisc.edu&noUDP&sock=slot1_2_1358996_5f58_70732>
...
040 (11392336.087.000) 2023-08-03 08:17:39 Finished transferring input files
...
001 (11392336.087.000) 2023-08-03 08:17:40 Job executing on host: <128.105.69.223:9618?addrs=128.105.69.223-9618+[2607-f388-2200-100-eaeb-d3ff-fe3f-fef4]-9618&alias=e2606.chtc.wisc.edu&noUDP&sock=startd_18848_bd1f>
	SlotName: slot1_2@e2606.chtc.wisc.edu
	CondorScratchDir = "/var/lib/condor/execute/slot1/dir_837461"
	Cpus = 1
	Disk = 1458998
	IoHeavy = 0
	Memory = 512
...
006 (11392336.087.000) 2023-08-03 08:17:48 Image size of job updated: 411504
	319  -  MemoryUsage of job (MB)
	326104  -  ResidentSetSize of job (KB)
...
006 (11392336.087.000) 2023-08-03 08:18:18 Image size of job updated: 420160
	333  -  MemoryUsage of job (MB)
	340952  -  ResidentSetSize of job (KB)
...
040 (11392336.087.000) 2023-08-03 08:18:18 Started transferring output files
...
040 (11392336.087.000) 2023-08-03 08:18:18 Finished transferring output files
...
005 (11392336.087.000) 2023-08-03 08:18:18 Job terminated.
	(1) Normal termination (return value 0)
		Usr 0 00:00:34, Sys 0 00:00:01  -  Run Remote Usage
		Usr 0 00:00:00, Sys 0 00:00:00  -  Run Local Usage
		Usr 0 00:00:34, Sys 0 00:00:01  -  Total Remote Usage
		Usr 0 00:00:00, Sys 0 00:00:00  -  Total Local Usage
	57473  -  Run Bytes Sent By Job
	32727852  -  Run Bytes Received By Job
	57473  -  Total Bytes Sent By Job
	32727852  -  Total Bytes Received By Job
	Partitionable Resources :    Usage  Request Allocated 
	   Cpus                 :                 1         1 
	   Disk (KB)            :   255224   524288   1458998 
	   IoHeavy              :                           0 
	   Memory (MB)          :      333      512       512 

	Job terminated of its own accord at 2023-08-03T13:18:18Z with exit-code 0.
...
