000 (11392341.097.000) 2023-08-03 09:09:59 Job submitted from host: <128.104.101.92:9618?addrs=128.104.101.92-9618+[2607-f388-107c-501-a236-9fff-fe3c-caa8]-9618&alias=submit2.chtc.wisc.edu&noUDP&sock=schedd_1879732_618e>
...
040 (11392341.097.000) 2023-08-03 09:10:35 Started transferring input files
	Transferring to host: <128.105.69.116:9618?addrs=128.105.69.116-9618+[2607-f388-2200-100-1270-fdff-fe56-ccbc]-9618&alias=e4065.chtc.wisc.edu&noUDP&sock=slot1_2_1403375_6485_73176>
...
040 (11392341.097.000) 2023-08-03 09:10:37 Finished transferring input files
...
001 (11392341.097.000) 2023-08-03 09:10:38 Job executing on host: <128.105.69.116:9618?addrs=128.105.69.116-9618+[2607-f388-2200-100-1270-fdff-fe56-ccbc]-9618&alias=e4065.chtc.wisc.edu&noUDP&sock=startd_16975_043d>
	SlotName: slot1_2@e4065.chtc.wisc.edu
	CondorScratchDir = "/var/lib/condor/execute/slot1/dir_2449397"
	Cpus = 1
	Disk = 1208198
	IoHeavy = 0
	Memory = 512
...
006 (11392341.097.000) 2023-08-03 09:10:46 Image size of job updated: 406360
	385  -  MemoryUsage of job (MB)
	393896  -  ResidentSetSize of job (KB)
...
040 (11392341.097.000) 2023-08-03 09:10:59 Started transferring output files
...
040 (11392341.097.000) 2023-08-03 09:10:59 Finished transferring output files
...
005 (11392341.097.000) 2023-08-03 09:10:59 Job terminated.
	(1) Normal termination (return value 0)
		Usr 0 00:00:18, Sys 0 00:00:01  -  Run Remote Usage
		Usr 0 00:00:00, Sys 0 00:00:00  -  Run Local Usage
		Usr 0 00:00:18, Sys 0 00:00:01  -  Total Remote Usage
		Usr 0 00:00:00, Sys 0 00:00:00  -  Total Local Usage
	53480  -  Run Bytes Sent By Job
	32727736  -  Run Bytes Received By Job
	53480  -  Total Bytes Sent By Job
	32727736  -  Total Bytes Received By Job
	Partitionable Resources :    Usage  Request Allocated 
	   Cpus                 :                 1         1 
	   Disk (KB)            :   255220   524288   1208198 
	   IoHeavy              :                           0 
	   Memory (MB)          :      385      512       512 

	Job terminated of its own accord at 2023-08-03T14:10:59Z with exit-code 0.
...
