000 (11139883.010.000) 2023-07-20 06:17:26 Job submitted from host: <128.104.101.92:9618?addrs=128.104.101.92-9618+[2607-f388-107c-501-a236-9fff-fe3c-caa8]-9618&alias=submit2.chtc.wisc.edu&noUDP&sock=schedd_1879732_618e>
...
040 (11139883.010.000) 2023-07-20 06:20:34 Started transferring input files
	Transferring to host: <128.105.69.136:9618?addrs=128.105.69.136-9618+[2607-f388-2200-100-1270-fdff-fe56-c8dc]-9618&alias=e4041.chtc.wisc.edu&noUDP&sock=slot1_3_1608905_deeb_20190>
...
040 (11139883.010.000) 2023-07-20 06:20:37 Finished transferring input files
...
001 (11139883.010.000) 2023-07-20 06:20:38 Job executing on host: <128.105.69.136:9618?addrs=128.105.69.136-9618+[2607-f388-2200-100-1270-fdff-fe56-c8dc]-9618&alias=e4041.chtc.wisc.edu&noUDP&sock=startd_15863_46ec>
	SlotName: slot1_3@e4041.chtc.wisc.edu
	CondorScratchDir = "/var/lib/condor/execute/slot1/dir_3691587"
	Cpus = 1
	Disk = 1208198
	IoHeavy = 0
	Memory = 512
...
006 (11139883.010.000) 2023-07-20 06:20:48 Image size of job updated: 286688
	280  -  MemoryUsage of job (MB)
	286688  -  ResidentSetSize of job (KB)
...
006 (11139883.010.000) 2023-07-20 06:25:48 Image size of job updated: 524292
	497  -  MemoryUsage of job (MB)
	508340  -  ResidentSetSize of job (KB)
...
006 (11139883.010.000) 2023-07-20 06:35:49 Image size of job updated: 524292
	500  -  MemoryUsage of job (MB)
	511092  -  ResidentSetSize of job (KB)
...
006 (11139883.010.000) 2023-07-20 07:45:57 Image size of job updated: 524292
	500  -  MemoryUsage of job (MB)
	512000  -  ResidentSetSize of job (KB)
...
040 (11139883.010.000) 2023-07-20 08:09:36 Started transferring output files
...
040 (11139883.010.000) 2023-07-20 08:09:36 Finished transferring output files
...
005 (11139883.010.000) 2023-07-20 08:09:36 Job terminated.
	(1) Normal termination (return value 0)
		Usr 0 01:45:00, Sys 0 00:01:14  -  Run Remote Usage
		Usr 0 00:00:00, Sys 0 00:00:00  -  Run Local Usage
		Usr 0 01:45:00, Sys 0 00:01:14  -  Total Remote Usage
		Usr 0 00:00:00, Sys 0 00:00:00  -  Total Local Usage
	57967  -  Run Bytes Sent By Job
	32725918  -  Run Bytes Received By Job
	57967  -  Total Bytes Sent By Job
	32725918  -  Total Bytes Received By Job
	Partitionable Resources :     Usage  Request Allocated 
	   Cpus                 :      0.98        1         1 
	   Disk (KB)            : 255847      524288   1208198 
	   IoHeavy              :                            0 
	   Memory (MB)          :    500         512       512 

	Job terminated of its own accord at 2023-07-20T13:09:36Z with exit-code 0.
...
