000 (11392261.066.000) 2023-08-02 21:08:52 Job submitted from host: <128.104.101.92:9618?addrs=128.104.101.92-9618+[2607-f388-107c-501-a236-9fff-fe3c-caa8]-9618&alias=submit2.chtc.wisc.edu&noUDP&sock=schedd_1879732_618e>
...
040 (11392261.066.000) 2023-08-02 21:10:07 Started transferring input files
	Transferring to host: <128.105.69.177:9618?addrs=128.105.69.177-9618+[2607-f388-2200-100-1270-fdff-fe56-7684]-9618&alias=e2560.chtc.wisc.edu&noUDP&sock=slot1_197_3055978_b527_71246>
...
040 (11392261.066.000) 2023-08-02 21:10:09 Finished transferring input files
...
001 (11392261.066.000) 2023-08-02 21:10:10 Job executing on host: <128.105.69.177:9618?addrs=128.105.69.177-9618+[2607-f388-2200-100-1270-fdff-fe56-7684]-9618&alias=e2560.chtc.wisc.edu&noUDP&sock=startd_13864_211a>
	SlotName: slot1_197@e2560.chtc.wisc.edu
	CondorScratchDir = "/var/lib/condor/execute/slot1/dir_3048525"
	Cpus = 1
	Disk = 1208198
	IoHeavy = 0
	Memory = 512
...
006 (11392261.066.000) 2023-08-02 21:10:18 Image size of job updated: 277076
	253  -  MemoryUsage of job (MB)
	258912  -  ResidentSetSize of job (KB)
...
006 (11392261.066.000) 2023-08-02 21:12:04 Image size of job updated: 413256
	253  -  MemoryUsage of job (MB)
	258912  -  ResidentSetSize of job (KB)
...
040 (11392261.066.000) 2023-08-02 21:12:04 Started transferring output files
...
040 (11392261.066.000) 2023-08-02 21:12:04 Finished transferring output files
...
005 (11392261.066.000) 2023-08-02 21:12:05 Job terminated.
	(1) Normal termination (return value 0)
		Usr 0 00:01:47, Sys 0 00:00:02  -  Run Remote Usage
		Usr 0 00:00:00, Sys 0 00:00:00  -  Run Local Usage
		Usr 0 00:01:47, Sys 0 00:00:02  -  Total Remote Usage
		Usr 0 00:00:00, Sys 0 00:00:00  -  Total Local Usage
	57833  -  Run Bytes Sent By Job
	32727852  -  Run Bytes Received By Job
	57833  -  Total Bytes Sent By Job
	32727852  -  Total Bytes Received By Job
	Partitionable Resources :     Usage  Request Allocated 
	   Cpus                 :      0.98        1         1 
	   Disk (KB)            : 256378      524288   1208198 
	   IoHeavy              :                            0 
	   Memory (MB)          :    253         512       512 

	Job terminated of its own accord at 2023-08-03T02:12:04Z with exit-code 0.
...
