000 (11392261.094.000) 2023-08-02 21:08:53 Job submitted from host: <128.104.101.92:9618?addrs=128.104.101.92-9618+[2607-f388-107c-501-a236-9fff-fe3c-caa8]-9618&alias=submit2.chtc.wisc.edu&noUDP&sock=schedd_1879732_618e>
...
040 (11392261.094.000) 2023-08-02 21:10:10 Started transferring input files
	Transferring to host: <128.105.69.107:9618?addrs=128.105.69.107-9618+[2607-f388-2200-100-1270-fdff-fe56-bfe4]-9618&alias=e4056.chtc.wisc.edu&noUDP&sock=slot1_119_830381_48c0_71920>
...
040 (11392261.094.000) 2023-08-02 21:10:12 Finished transferring input files
...
001 (11392261.094.000) 2023-08-02 21:10:13 Job executing on host: <128.105.69.107:9618?addrs=128.105.69.107-9618+[2607-f388-2200-100-1270-fdff-fe56-bfe4]-9618&alias=e4056.chtc.wisc.edu&noUDP&sock=startd_18765_cec3>
	SlotName: slot1_119@e4056.chtc.wisc.edu
	CondorScratchDir = "/var/lib/condor/execute/slot1/dir_3312262"
	Cpus = 1
	Disk = 1208198
	IoHeavy = 0
	Memory = 512
...
006 (11392261.094.000) 2023-08-02 21:10:22 Image size of job updated: 277800
	89  -  MemoryUsage of job (MB)
	90292  -  ResidentSetSize of job (KB)
...
006 (11392261.094.000) 2023-08-02 21:11:18 Image size of job updated: 406300
	100  -  MemoryUsage of job (MB)
	102044  -  ResidentSetSize of job (KB)
...
040 (11392261.094.000) 2023-08-02 21:11:18 Started transferring output files
...
040 (11392261.094.000) 2023-08-02 21:11:18 Finished transferring output files
...
005 (11392261.094.000) 2023-08-02 21:11:18 Job terminated.
	(1) Normal termination (return value 0)
		Usr 0 00:00:55, Sys 0 00:00:02  -  Run Remote Usage
		Usr 0 00:00:00, Sys 0 00:00:00  -  Run Local Usage
		Usr 0 00:00:55, Sys 0 00:00:02  -  Total Remote Usage
		Usr 0 00:00:00, Sys 0 00:00:00  -  Total Local Usage
	57601  -  Run Bytes Sent By Job
	32727852  -  Run Bytes Received By Job
	57601  -  Total Bytes Sent By Job
	32727852  -  Total Bytes Received By Job
	Partitionable Resources :    Usage  Request Allocated 
	   Cpus                 :                 1         1 
	   Disk (KB)            :   256402   524288   1208198 
	   IoHeavy              :                           0 
	   Memory (MB)          :      100      512       512 

	Job terminated of its own accord at 2023-08-03T02:11:18Z with exit-code 0.
...
