000 (11188614.005.000) 2023-07-28 02:48:38 Job submitted from host: <128.104.101.92:9618?addrs=128.104.101.92-9618+[2607-f388-107c-501-a236-9fff-fe3c-caa8]-9618&alias=submit2.chtc.wisc.edu&noUDP&sock=schedd_1879732_618e>
...
040 (11188614.005.000) 2023-07-28 02:49:00 Started transferring input files
	Transferring to host: <128.105.69.195:9618?addrs=128.105.69.195-9618+[2607-f388-2200-100-1270-fdff-fe56-6f44]-9618&alias=e4048.chtc.wisc.edu&noUDP&sock=slot1_84_1616382_17fb_53596>
...
001 (11188614.005.000) 2023-07-28 02:49:06 Job executing on host: <128.105.69.195:9618?addrs=128.105.69.195-9618+[2607-f388-2200-100-1270-fdff-fe56-6f44]-9618&alias=e4048.chtc.wisc.edu&noUDP&sock=startd_16481_2c74>
	SlotName: slot1_84@e4048.chtc.wisc.edu
	CondorScratchDir = "/var/lib/condor/execute/slot1/dir_1960786"
	Cpus = 1
	Disk = 1208198
	IoHeavy = 0
	Memory = 512
...
040 (11188614.005.000) 2023-07-28 02:49:06 Finished transferring input files
...
006 (11188614.005.000) 2023-07-28 02:49:16 Image size of job updated: 277360
	77  -  MemoryUsage of job (MB)
	78532  -  ResidentSetSize of job (KB)
...
004 (11188614.005.000) 2023-07-28 02:49:18 Job was evicted.
	(0) CPU times
		Usr 0 00:00:04, Sys 0 00:00:01  -  Run Remote Usage
		Usr 0 00:00:00, Sys 0 00:00:00  -  Run Local Usage
	0  -  Run Bytes Sent By Job
	32726832  -  Run Bytes Received By Job
	Partitionable Resources :    Usage  Request Allocated 
	   Cpus                 :                 1         1 
	   Disk (KB)            :   255170   524288   1208198 
	   IoHeavy              :                           0 
	   Memory (MB)          :       77      512       512 
...
009 (11188614.005.000) 2023-07-28 02:49:20 Job was aborted.
	via condor_rm (by user mzheng54)
...
