000 (11392261.077.000) 2023-08-02 21:08:53 Job submitted from host: <128.104.101.92:9618?addrs=128.104.101.92-9618+[2607-f388-107c-501-a236-9fff-fe3c-caa8]-9618&alias=submit2.chtc.wisc.edu&noUDP&sock=schedd_1879732_618e>
...
040 (11392261.077.000) 2023-08-02 21:10:09 Started transferring input files
	Transferring to host: <128.105.69.107:9618?addrs=128.105.69.107-9618+[2607-f388-2200-100-1270-fdff-fe56-bfe4]-9618&alias=e4056.chtc.wisc.edu&noUDP&sock=slot1_101_830381_48c0_71919>
...
040 (11392261.077.000) 2023-08-02 21:10:11 Finished transferring input files
...
001 (11392261.077.000) 2023-08-02 21:10:12 Job executing on host: <128.105.69.107:9618?addrs=128.105.69.107-9618+[2607-f388-2200-100-1270-fdff-fe56-bfe4]-9618&alias=e4056.chtc.wisc.edu&noUDP&sock=startd_18765_cec3>
	SlotName: slot1_101@e4056.chtc.wisc.edu
	CondorScratchDir = "/var/lib/condor/execute/slot1/dir_3312161"
	Cpus = 1
	Disk = 1208198
	IoHeavy = 0
	Memory = 512
...
006 (11392261.077.000) 2023-08-02 21:10:21 Image size of job updated: 276708
	101  -  MemoryUsage of job (MB)
	102500  -  ResidentSetSize of job (KB)
...
006 (11392261.077.000) 2023-08-02 21:11:10 Image size of job updated: 404808
	109  -  MemoryUsage of job (MB)
	111256  -  ResidentSetSize of job (KB)
...
040 (11392261.077.000) 2023-08-02 21:11:10 Started transferring output files
...
040 (11392261.077.000) 2023-08-02 21:11:10 Finished transferring output files
...
005 (11392261.077.000) 2023-08-02 21:11:11 Job terminated.
	(1) Normal termination (return value 0)
		Usr 0 00:00:52, Sys 0 00:00:02  -  Run Remote Usage
		Usr 0 00:00:00, Sys 0 00:00:00  -  Run Local Usage
		Usr 0 00:00:52, Sys 0 00:00:02  -  Total Remote Usage
		Usr 0 00:00:00, Sys 0 00:00:00  -  Total Local Usage
	57530  -  Run Bytes Sent By Job
	32727852  -  Run Bytes Received By Job
	57530  -  Total Bytes Sent By Job
	32727852  -  Total Bytes Received By Job
	Partitionable Resources :    Usage  Request Allocated 
	   Cpus                 :                 1         1 
	   Disk (KB)            :   255224   524288   1208198 
	   IoHeavy              :                           0 
	   Memory (MB)          :      109      512       512 

	Job terminated of its own accord at 2023-08-03T02:11:10Z with exit-code 0.
...
