000 (11139883.136.000) 2023-07-20 06:17:26 Job submitted from host: <128.104.101.92:9618?addrs=128.104.101.92-9618+[2607-f388-107c-501-a236-9fff-fe3c-caa8]-9618&alias=submit2.chtc.wisc.edu&noUDP&sock=schedd_1879732_618e>
...
040 (11139883.136.000) 2023-07-20 06:20:51 Started transferring input files
	Transferring to host: <128.105.69.99:9618?addrs=128.105.69.99-9618+[2607-f388-2200-100-1270-fdff-fe56-7674]-9618&alias=e4010.chtc.wisc.edu&noUDP&sock=slot1_6_1775110_5431_25194>
...
040 (11139883.136.000) 2023-07-20 06:20:52 Finished transferring input files
...
001 (11139883.136.000) 2023-07-20 06:20:53 Job executing on host: <128.105.69.99:9618?addrs=128.105.69.99-9618+[2607-f388-2200-100-1270-fdff-fe56-7674]-9618&alias=e4010.chtc.wisc.edu&noUDP&sock=startd_15877_e140>
	SlotName: slot1_6@e4010.chtc.wisc.edu
	CondorScratchDir = "/var/lib/condor/execute/slot1/dir_216941"
	Cpus = 1
	Disk = 1208198
	IoHeavy = 0
	Memory = 512
...
006 (11139883.136.000) 2023-07-20 06:21:02 Image size of job updated: 517964
	495  -  MemoryUsage of job (MB)
	506628  -  ResidentSetSize of job (KB)
...
006 (11139883.136.000) 2023-07-20 06:22:51 Image size of job updated: 524288
	495  -  MemoryUsage of job (MB)
	506628  -  ResidentSetSize of job (KB)
...
040 (11139883.136.000) 2023-07-20 06:22:51 Started transferring output files
...
040 (11139883.136.000) 2023-07-20 06:22:51 Finished transferring output files
...
005 (11139883.136.000) 2023-07-20 06:22:51 Job terminated.
	(1) Normal termination (return value 0)
		Usr 0 00:01:55, Sys 0 00:00:01  -  Run Remote Usage
		Usr 0 00:00:00, Sys 0 00:00:00  -  Run Local Usage
		Usr 0 00:01:55, Sys 0 00:00:01  -  Total Remote Usage
		Usr 0 00:00:00, Sys 0 00:00:00  -  Total Local Usage
	57373  -  Run Bytes Sent By Job
	32725918  -  Run Bytes Received By Job
	57373  -  Total Bytes Sent By Job
	32725918  -  Total Bytes Received By Job
	Partitionable Resources :     Usage  Request Allocated 
	   Cpus                 :      0.99        1         1 
	   Disk (KB)            : 255231      524288   1208198 
	   IoHeavy              :                            0 
	   Memory (MB)          :    495         512       512 

	Job terminated of its own accord at 2023-07-20T11:22:51Z with exit-code 0.
...
