000 (11392336.006.000) 2023-08-03 08:17:13 Job submitted from host: <128.104.101.92:9618?addrs=128.104.101.92-9618+[2607-f388-107c-501-a236-9fff-fe3c-caa8]-9618&alias=submit2.chtc.wisc.edu&noUDP&sock=schedd_1879732_618e>
...
040 (11392336.006.000) 2023-08-03 08:17:28 Started transferring input files
	Transferring to host: <128.105.69.171:9618?addrs=128.105.69.171-9618+[2607-f388-2200-100-1270-fdff-fe56-76ac]-9618&alias=e2554.chtc.wisc.edu&noUDP&sock=slot1_18_2358843_08cb_78031>
...
040 (11392336.006.000) 2023-08-03 08:17:30 Finished transferring input files
...
001 (11392336.006.000) 2023-08-03 08:17:32 Job executing on host: <128.105.69.171:9618?addrs=128.105.69.171-9618+[2607-f388-2200-100-1270-fdff-fe56-76ac]-9618&alias=e2554.chtc.wisc.edu&noUDP&sock=startd_14106_1f06>
	SlotName: slot1_18@e2554.chtc.wisc.edu
	CondorScratchDir = "/var/lib/condor/execute/slot1/dir_1460074"
	Cpus = 1
	Disk = 1208198
	IoHeavy = 0
	Memory = 512
...
006 (11392336.006.000) 2023-08-03 08:17:40 Image size of job updated: 423180
	399  -  MemoryUsage of job (MB)
	407880  -  ResidentSetSize of job (KB)
...
006 (11392336.006.000) 2023-08-03 08:22:40 Image size of job updated: 524288
	512  -  MemoryUsage of job (MB)
	524260  -  ResidentSetSize of job (KB)
...
040 (11392336.006.000) 2023-08-03 08:23:21 Started transferring output files
...
040 (11392336.006.000) 2023-08-03 08:23:21 Finished transferring output files
...
005 (11392336.006.000) 2023-08-03 08:23:21 Job terminated.
	(1) Normal termination (return value 0)
		Usr 0 00:05:42, Sys 0 00:00:03  -  Run Remote Usage
		Usr 0 00:00:00, Sys 0 00:00:00  -  Run Local Usage
		Usr 0 00:05:42, Sys 0 00:00:03  -  Total Remote Usage
		Usr 0 00:00:00, Sys 0 00:00:00  -  Total Local Usage
	56985  -  Run Bytes Sent By Job
	32727852  -  Run Bytes Received By Job
	56985  -  Total Bytes Sent By Job
	32727852  -  Total Bytes Received By Job
	Partitionable Resources :     Usage  Request Allocated 
	   Cpus                 :      0.99        1         1 
	   Disk (KB)            : 256402      524288   1208198 
	   IoHeavy              :                            0 
	   Memory (MB)          :    512         512       512 

	Job terminated of its own accord at 2023-08-03T13:23:21Z with exit-code 0.
...
