000 (11143209.031.000) 2023-07-20 21:06:51 Job submitted from host: <128.104.101.92:9618?addrs=128.104.101.92-9618+[2607-f388-107c-501-a236-9fff-fe3c-caa8]-9618&alias=submit2.chtc.wisc.edu&noUDP&sock=schedd_1879732_618e>
...
040 (11143209.031.000) 2023-07-20 21:08:22 Started transferring input files
	Transferring to host: <128.105.69.128:9618?addrs=128.105.69.128-9618+[2607-f388-2200-100-1270-fdff-fe56-642c]-9618&alias=e4077.chtc.wisc.edu&noUDP&sock=slot1_188_356625_52ff_21896>
...
040 (11143209.031.000) 2023-07-20 21:08:28 Finished transferring input files
...
001 (11143209.031.000) 2023-07-20 21:08:32 Job executing on host: <128.105.69.128:9618?addrs=128.105.69.128-9618+[2607-f388-2200-100-1270-fdff-fe56-642c]-9618&alias=e4077.chtc.wisc.edu&noUDP&sock=startd_17017_d337>
	SlotName: slot1_188@e4077.chtc.wisc.edu
	CondorScratchDir = "/var/lib/condor/execute/slot1/dir_1985014"
	Cpus = 1
	Disk = 1208198
	IoHeavy = 0
	Memory = 512
...
006 (11143209.031.000) 2023-07-20 21:08:40 Image size of job updated: 389580
	288  -  MemoryUsage of job (MB)
	294912  -  ResidentSetSize of job (KB)
...
006 (11143209.031.000) 2023-07-20 21:13:40 Image size of job updated: 524288
	512  -  MemoryUsage of job (MB)
	524240  -  ResidentSetSize of job (KB)
...
040 (11143209.031.000) 2023-07-20 21:16:17 Started transferring output files
...
040 (11143209.031.000) 2023-07-20 21:16:17 Finished transferring output files
...
005 (11143209.031.000) 2023-07-20 21:16:17 Job terminated.
	(1) Normal termination (return value 0)
		Usr 0 00:07:32, Sys 0 00:00:05  -  Run Remote Usage
		Usr 0 00:00:00, Sys 0 00:00:00  -  Run Local Usage
		Usr 0 00:07:32, Sys 0 00:00:05  -  Total Remote Usage
		Usr 0 00:00:00, Sys 0 00:00:00  -  Total Local Usage
	57765  -  Run Bytes Sent By Job
	32725816  -  Run Bytes Received By Job
	57765  -  Total Bytes Sent By Job
	32725816  -  Total Bytes Received By Job
	Partitionable Resources :     Usage  Request Allocated 
	   Cpus                 :      0.99        1         1 
	   Disk (KB)            : 255951      524288   1208198 
	   IoHeavy              :                            0 
	   Memory (MB)          :    512         512       512 

	Job terminated of its own accord at 2023-07-21T02:16:17Z with exit-code 0.
...
