000 (11188614.008.000) 2023-07-28 02:48:38 Job submitted from host: <128.104.101.92:9618?addrs=128.104.101.92-9618+[2607-f388-107c-501-a236-9fff-fe3c-caa8]-9618&alias=submit2.chtc.wisc.edu&noUDP&sock=schedd_1879732_618e>
...
040 (11188614.008.000) 2023-07-28 02:49:01 Started transferring input files
	Transferring to host: <128.105.69.165:9618?addrs=128.105.69.165-9618+[2607-f388-2200-100-1270-fdff-fe56-7194]-9618&alias=e2548.chtc.wisc.edu&noUDP&sock=slot1_33_2989058_8386_44665>
...
040 (11188614.008.000) 2023-07-28 02:49:04 Finished transferring input files
...
001 (11188614.008.000) 2023-07-28 02:49:13 Job executing on host: <128.105.69.165:9618?addrs=128.105.69.165-9618+[2607-f388-2200-100-1270-fdff-fe56-7194]-9618&alias=e2548.chtc.wisc.edu&noUDP&sock=startd_13958_9b02>
	SlotName: slot1_33@e2548.chtc.wisc.edu
	CondorScratchDir = "/var/lib/condor/execute/slot1/dir_339671"
	Cpus = 1
	Disk = 1208198
	IoHeavy = 0
	Memory = 512
...
006 (11188614.008.000) 2023-07-28 02:49:16 Image size of job updated: 107796
	104  -  MemoryUsage of job (MB)
	106428  -  ResidentSetSize of job (KB)
...
004 (11188614.008.000) 2023-07-28 02:49:19 Job was evicted.
	(0) CPU times
		Usr 0 00:00:00, Sys 0 00:00:00  -  Run Remote Usage
		Usr 0 00:00:00, Sys 0 00:00:00  -  Run Local Usage
	0  -  Run Bytes Sent By Job
	32726832  -  Run Bytes Received By Job
	Partitionable Resources :    Usage  Request Allocated 
	   Cpus                 :                 1         1 
	   Disk (KB)            :   186219   524288   1208198 
	   IoHeavy              :                           0 
	   Memory (MB)          :      104      512       512 
...
009 (11188614.008.000) 2023-07-28 02:49:20 Job was aborted.
	via condor_rm (by user mzheng54)
...
