000 (11139883.167.000) 2023-07-20 06:17:26 Job submitted from host: <128.104.101.92:9618?addrs=128.104.101.92-9618+[2607-f388-107c-501-a236-9fff-fe3c-caa8]-9618&alias=submit2.chtc.wisc.edu&noUDP&sock=schedd_1879732_618e>
...
040 (11139883.167.000) 2023-07-20 06:20:53 Started transferring input files
	Transferring to host: <128.105.69.223:9618?addrs=128.105.69.223-9618+[2607-f388-2200-100-eaeb-d3ff-fe3f-fef4]-9618&alias=e2606.chtc.wisc.edu&noUDP&sock=slot1_76_1358996_5f58_20420>
...
040 (11139883.167.000) 2023-07-20 06:20:55 Finished transferring input files
...
001 (11139883.167.000) 2023-07-20 06:20:56 Job executing on host: <128.105.69.223:9618?addrs=128.105.69.223-9618+[2607-f388-2200-100-eaeb-d3ff-fe3f-fef4]-9618&alias=e2606.chtc.wisc.edu&noUDP&sock=startd_18848_bd1f>
	SlotName: slot1_76@e2606.chtc.wisc.edu
	CondorScratchDir = "/var/lib/condor/execute/slot1/dir_2775339"
	Cpus = 1
	Disk = 1458998
	IoHeavy = 0
	Memory = 512
...
006 (11139883.167.000) 2023-07-20 06:21:05 Image size of job updated: 383896
	374  -  MemoryUsage of job (MB)
	382344  -  ResidentSetSize of job (KB)
...
006 (11139883.167.000) 2023-07-20 06:22:23 Image size of job updated: 518108
	375  -  MemoryUsage of job (MB)
	383108  -  ResidentSetSize of job (KB)
...
040 (11139883.167.000) 2023-07-20 06:22:23 Started transferring output files
...
040 (11139883.167.000) 2023-07-20 06:22:23 Finished transferring output files
...
005 (11139883.167.000) 2023-07-20 06:22:23 Job terminated.
	(1) Normal termination (return value 0)
		Usr 0 00:01:21, Sys 0 00:00:02  -  Run Remote Usage
		Usr 0 00:00:00, Sys 0 00:00:00  -  Run Local Usage
		Usr 0 00:01:21, Sys 0 00:00:02  -  Total Remote Usage
		Usr 0 00:00:00, Sys 0 00:00:00  -  Total Local Usage
	57301  -  Run Bytes Sent By Job
	32725918  -  Run Bytes Received By Job
	57301  -  Total Bytes Sent By Job
	32725918  -  Total Bytes Received By Job
	Partitionable Resources :     Usage  Request Allocated 
	   Cpus                 :      0.98        1         1 
	   Disk (KB)            : 255231      524288   1458998 
	   IoHeavy              :                            0 
	   Memory (MB)          :    375         512       512 

	Job terminated of its own accord at 2023-07-20T11:22:23Z with exit-code 0.
...
