000 (11178197.009.000) 2023-07-26 22:31:45 Job submitted from host: <128.104.101.92:9618?addrs=128.104.101.92-9618+[2607-f388-107c-501-a236-9fff-fe3c-caa8]-9618&alias=submit2.chtc.wisc.edu&noUDP&sock=schedd_1879732_618e>
...
040 (11178197.009.000) 2023-07-26 22:32:41 Started transferring input files
	Transferring to host: <128.105.69.133:9618?addrs=128.105.69.133-9618+[2607-f388-2200-100-1270-fdff-fe56-70f4]-9618&alias=e4082.chtc.wisc.edu&noUDP&sock=slot1_177_1181635_80cc_44815>
...
040 (11178197.009.000) 2023-07-26 22:32:44 Finished transferring input files
...
001 (11178197.009.000) 2023-07-26 22:32:45 Job executing on host: <128.105.69.133:9618?addrs=128.105.69.133-9618+[2607-f388-2200-100-1270-fdff-fe56-70f4]-9618&alias=e4082.chtc.wisc.edu&noUDP&sock=startd_11675_a84a>
	SlotName: slot1_177@e4082.chtc.wisc.edu
	CondorScratchDir = "/var/lib/condor/execute/slot1/dir_2405837"
	Cpus = 1
	Disk = 1208198
	IoHeavy = 0
	Memory = 512
...
006 (11178197.009.000) 2023-07-26 22:32:53 Image size of job updated: 276400
	225  -  MemoryUsage of job (MB)
	229824  -  ResidentSetSize of job (KB)
...
006 (11178197.009.000) 2023-07-26 22:36:24 Image size of job updated: 423992
	226  -  MemoryUsage of job (MB)
	230496  -  ResidentSetSize of job (KB)
...
040 (11178197.009.000) 2023-07-26 22:36:25 Started transferring output files
...
040 (11178197.009.000) 2023-07-26 22:36:25 Finished transferring output files
...
005 (11178197.009.000) 2023-07-26 22:36:25 Job terminated.
	(1) Normal termination (return value 0)
		Usr 0 00:03:30, Sys 0 00:00:04  -  Run Remote Usage
		Usr 0 00:00:00, Sys 0 00:00:00  -  Run Local Usage
		Usr 0 00:03:30, Sys 0 00:00:04  -  Total Remote Usage
		Usr 0 00:00:00, Sys 0 00:00:00  -  Total Local Usage
	56374  -  Run Bytes Sent By Job
	32726832  -  Run Bytes Received By Job
	56374  -  Total Bytes Sent By Job
	32726832  -  Total Bytes Received By Job
	Partitionable Resources :     Usage  Request Allocated 
	   Cpus                 :      0.98        1         1 
	   Disk (KB)            : 256098      524288   1208198 
	   IoHeavy              :                            0 
	   Memory (MB)          :    226         512       512 

	Job terminated of its own accord at 2023-07-27T03:36:24Z with exit-code 0.
...
