000 (11143209.046.000) 2023-07-20 21:06:51 Job submitted from host: <128.104.101.92:9618?addrs=128.104.101.92-9618+[2607-f388-107c-501-a236-9fff-fe3c-caa8]-9618&alias=submit2.chtc.wisc.edu&noUDP&sock=schedd_1879732_618e>
...
040 (11143209.046.000) 2023-07-20 21:08:23 Started transferring input files
	Transferring to host: <128.105.69.206:9618?addrs=128.105.69.206-9618+[2607-f388-2200-100-eaeb-d3ff-fe40-2844]-9618&alias=e2589.chtc.wisc.edu&noUDP&sock=slot1_11_12425_4952_32011>
...
040 (11143209.046.000) 2023-07-20 21:08:25 Finished transferring input files
...
001 (11143209.046.000) 2023-07-20 21:08:29 Job executing on host: <128.105.69.206:9618?addrs=128.105.69.206-9618+[2607-f388-2200-100-eaeb-d3ff-fe40-2844]-9618&alias=e2589.chtc.wisc.edu&noUDP&sock=startd_18780_18af>
	SlotName: slot1_11@e2589.chtc.wisc.edu
	CondorScratchDir = "/var/lib/condor/execute/slot1/dir_4038977"
	Cpus = 1
	Disk = 1458998
	IoHeavy = 0
	Memory = 512
...
006 (11143209.046.000) 2023-07-20 21:08:38 Image size of job updated: 382884
	356  -  MemoryUsage of job (MB)
	363916  -  ResidentSetSize of job (KB)
...
006 (11143209.046.000) 2023-07-20 21:13:01 Image size of job updated: 522996
	356  -  MemoryUsage of job (MB)
	363916  -  ResidentSetSize of job (KB)
...
040 (11143209.046.000) 2023-07-20 21:13:01 Started transferring output files
...
040 (11143209.046.000) 2023-07-20 21:13:01 Finished transferring output files
...
005 (11143209.046.000) 2023-07-20 21:13:01 Job terminated.
	(1) Normal termination (return value 0)
		Usr 0 00:04:21, Sys 0 00:00:05  -  Run Remote Usage
		Usr 0 00:00:00, Sys 0 00:00:00  -  Run Local Usage
		Usr 0 00:04:21, Sys 0 00:00:05  -  Total Remote Usage
		Usr 0 00:00:00, Sys 0 00:00:00  -  Total Local Usage
	57939  -  Run Bytes Sent By Job
	32725816  -  Run Bytes Received By Job
	57939  -  Total Bytes Sent By Job
	32725816  -  Total Bytes Received By Job
	Partitionable Resources :     Usage  Request Allocated 
	   Cpus                 :      0.99        1         1 
	   Disk (KB)            : 256385      524288   1458998 
	   IoHeavy              :                            0 
	   Memory (MB)          :    356         512       512 

	Job terminated of its own accord at 2023-07-21T02:13:01Z with exit-code 0.
...
