000 (11143179.009.000) 2023-07-20 20:15:22 Job submitted from host: <128.104.101.92:9618?addrs=128.104.101.92-9618+[2607-f388-107c-501-a236-9fff-fe3c-caa8]-9618&alias=submit2.chtc.wisc.edu&noUDP&sock=schedd_1879732_618e>
...
040 (11143179.009.000) 2023-07-20 20:17:21 Started transferring input files
	Transferring to host: <128.105.69.113:9618?addrs=128.105.69.113-9618+[2607-f388-2200-100-1270-fdff-fe56-6dbc]-9618&alias=e4062.chtc.wisc.edu&noUDP&sock=slot1_148_2078716_38ab_14976>
...
040 (11143179.009.000) 2023-07-20 20:17:24 Finished transferring input files
...
001 (11143179.009.000) 2023-07-20 20:17:25 Job executing on host: <128.105.69.113:9618?addrs=128.105.69.113-9618+[2607-f388-2200-100-1270-fdff-fe56-6dbc]-9618&alias=e4062.chtc.wisc.edu&noUDP&sock=startd_16747_a0a5>
	SlotName: slot1_148@e4062.chtc.wisc.edu
	CondorScratchDir = "/var/lib/condor/execute/slot1/dir_2466728"
	Cpus = 1
	Disk = 1208198
	IoHeavy = 0
	Memory = 512
...
006 (11143179.009.000) 2023-07-20 20:17:33 Image size of job updated: 318536
	312  -  MemoryUsage of job (MB)
	318536  -  ResidentSetSize of job (KB)
...
006 (11143179.009.000) 2023-07-20 20:18:01 Image size of job updated: 524288
	314  -  MemoryUsage of job (MB)
	320840  -  ResidentSetSize of job (KB)
...
040 (11143179.009.000) 2023-07-20 20:18:01 Started transferring output files
...
040 (11143179.009.000) 2023-07-20 20:18:01 Finished transferring output files
...
005 (11143179.009.000) 2023-07-20 20:18:01 Job terminated.
	(1) Normal termination (return value 1)
		Usr 0 00:00:21, Sys 0 00:00:05  -  Run Remote Usage
		Usr 0 00:00:00, Sys 0 00:00:00  -  Run Local Usage
		Usr 0 00:00:21, Sys 0 00:00:05  -  Total Remote Usage
		Usr 0 00:00:00, Sys 0 00:00:00  -  Total Local Usage
	3388  -  Run Bytes Sent By Job
	32725816  -  Run Bytes Received By Job
	3388  -  Total Bytes Sent By Job
	32725816  -  Total Bytes Received By Job
	Partitionable Resources :    Usage  Request Allocated 
	   Cpus                 :                 1         1 
	   Disk (KB)            :   255886   524288   1208198 
	   IoHeavy              :                           0 
	   Memory (MB)          :      314      512       512 

	Job terminated of its own accord at 2023-07-21T01:18:01Z with exit-code 1.
...
