000 (11178197.002.000) 2023-07-26 22:31:45 Job submitted from host: <128.104.101.92:9618?addrs=128.104.101.92-9618+[2607-f388-107c-501-a236-9fff-fe3c-caa8]-9618&alias=submit2.chtc.wisc.edu&noUDP&sock=schedd_1879732_618e>
...
040 (11178197.002.000) 2023-07-26 22:32:41 Started transferring input files
	Transferring to host: <128.105.69.237:9618?addrs=128.105.69.237-9618+[2607-f388-2200-100-eaeb-d3ff-fe40-230c]-9618&alias=e2620.chtc.wisc.edu&noUDP&sock=slot1_73_1960490_4f24_44289>
...
040 (11178197.002.000) 2023-07-26 22:32:43 Finished transferring input files
...
001 (11178197.002.000) 2023-07-26 22:32:44 Job executing on host: <128.105.69.237:9618?addrs=128.105.69.237-9618+[2607-f388-2200-100-eaeb-d3ff-fe40-230c]-9618&alias=e2620.chtc.wisc.edu&noUDP&sock=startd_11763_04a0>
	SlotName: slot1_73@e2620.chtc.wisc.edu
	CondorScratchDir = "/var/lib/condor/execute/slot1/dir_2483718"
	Cpus = 1
	Disk = 1458998
	IoHeavy = 0
	Memory = 512
...
006 (11178197.002.000) 2023-07-26 22:32:54 Image size of job updated: 384532
	325  -  MemoryUsage of job (MB)
	332780  -  ResidentSetSize of job (KB)
...
006 (11178197.002.000) 2023-07-26 22:37:54 Image size of job updated: 524288
	512  -  MemoryUsage of job (MB)
	524172  -  ResidentSetSize of job (KB)
...
040 (11178197.002.000) 2023-07-26 22:41:55 Started transferring output files
...
040 (11178197.002.000) 2023-07-26 22:41:55 Finished transferring output files
...
005 (11178197.002.000) 2023-07-26 22:41:55 Job terminated.
	(1) Normal termination (return value 0)
		Usr 0 00:08:55, Sys 0 00:00:09  -  Run Remote Usage
		Usr 0 00:00:00, Sys 0 00:00:00  -  Run Local Usage
		Usr 0 00:08:55, Sys 0 00:00:09  -  Total Remote Usage
		Usr 0 00:00:00, Sys 0 00:00:00  -  Total Local Usage
	56842  -  Run Bytes Sent By Job
	32726832  -  Run Bytes Received By Job
	56842  -  Total Bytes Sent By Job
	32726832  -  Total Bytes Received By Job
	Partitionable Resources :     Usage  Request Allocated 
	   Cpus                 :      0.99        1         1 
	   Disk (KB)            : 256049      524288   1458998 
	   IoHeavy              :                            0 
	   Memory (MB)          :    512         512       512 

	Job terminated of its own accord at 2023-07-27T03:41:55Z with exit-code 0.
...
