000 (11139883.053.000) 2023-07-20 06:17:26 Job submitted from host: <128.104.101.92:9618?addrs=128.104.101.92-9618+[2607-f388-107c-501-a236-9fff-fe3c-caa8]-9618&alias=submit2.chtc.wisc.edu&noUDP&sock=schedd_1879732_618e>
...
040 (11139883.053.000) 2023-07-20 06:20:44 Started transferring input files
	Transferring to host: <128.105.69.101:9618?addrs=128.105.69.101-9618+[2607-f388-2200-100-1270-fdff-fe56-bae4]-9618&alias=e4012.chtc.wisc.edu&noUDP&sock=slot1_78_3576311_60af_14335>
...
040 (11139883.053.000) 2023-07-20 06:20:46 Finished transferring input files
...
001 (11139883.053.000) 2023-07-20 06:20:47 Job executing on host: <128.105.69.101:9618?addrs=128.105.69.101-9618+[2607-f388-2200-100-1270-fdff-fe56-bae4]-9618&alias=e4012.chtc.wisc.edu&noUDP&sock=startd_15697_6a33>
	SlotName: slot1_78@e4012.chtc.wisc.edu
	CondorScratchDir = "/var/lib/condor/execute/slot1/dir_660103"
	Cpus = 1
	Disk = 1208198
	IoHeavy = 0
	Memory = 512
...
006 (11139883.053.000) 2023-07-20 06:20:56 Image size of job updated: 389628
	348  -  MemoryUsage of job (MB)
	355968  -  ResidentSetSize of job (KB)
...
006 (11139883.053.000) 2023-07-20 06:25:58 Image size of job updated: 524288
	451  -  MemoryUsage of job (MB)
	461036  -  ResidentSetSize of job (KB)
...
006 (11139883.053.000) 2023-07-20 06:30:58 Image size of job updated: 524288
	492  -  MemoryUsage of job (MB)
	503668  -  ResidentSetSize of job (KB)
...
006 (11139883.053.000) 2023-07-20 06:40:59 Image size of job updated: 524288
	505  -  MemoryUsage of job (MB)
	517060  -  ResidentSetSize of job (KB)
...
006 (11139883.053.000) 2023-07-20 07:56:07 Image size of job updated: 524288
	512  -  MemoryUsage of job (MB)
	524288  -  ResidentSetSize of job (KB)
...
006 (11139883.053.000) 2023-07-20 08:01:07 Image size of job updated: 524292
	512  -  MemoryUsage of job (MB)
	524288  -  ResidentSetSize of job (KB)
...
040 (11139883.053.000) 2023-07-20 08:02:00 Started transferring output files
...
040 (11139883.053.000) 2023-07-20 08:02:00 Finished transferring output files
...
005 (11139883.053.000) 2023-07-20 08:02:00 Job terminated.
	(1) Normal termination (return value 0)
		Usr 0 01:38:50, Sys 0 00:01:02  -  Run Remote Usage
		Usr 0 00:00:00, Sys 0 00:00:00  -  Run Local Usage
		Usr 0 01:38:50, Sys 0 00:01:02  -  Total Remote Usage
		Usr 0 00:00:00, Sys 0 00:00:00  -  Total Local Usage
	57864  -  Run Bytes Sent By Job
	32725918  -  Run Bytes Received By Job
	57864  -  Total Bytes Sent By Job
	32725918  -  Total Bytes Received By Job
	Partitionable Resources :     Usage  Request Allocated 
	   Cpus                 :      0.99        1         1 
	   Disk (KB)            : 255231      524288   1208198 
	   IoHeavy              :                            0 
	   Memory (MB)          :    512         512       512 

	Job terminated of its own accord at 2023-07-20T13:02:00Z with exit-code 0.
...
