000 (11392341.062.000) 2023-08-03 09:09:59 Job submitted from host: <128.104.101.92:9618?addrs=128.104.101.92-9618+[2607-f388-107c-501-a236-9fff-fe3c-caa8]-9618&alias=submit2.chtc.wisc.edu&noUDP&sock=schedd_1879732_618e>
...
040 (11392341.062.000) 2023-08-03 09:10:32 Started transferring input files
	Transferring to host: <128.105.69.173:9618?addrs=128.105.69.173-9618+[2607-f388-2200-100-1270-fdff-fe56-6fbc]-9618&alias=e2556.chtc.wisc.edu&noUDP&sock=slot1_2_2705793_b227_65197>
...
040 (11392341.062.000) 2023-08-03 09:10:33 Finished transferring input files
...
001 (11392341.062.000) 2023-08-03 09:10:35 Job executing on host: <128.105.69.173:9618?addrs=128.105.69.173-9618+[2607-f388-2200-100-1270-fdff-fe56-6fbc]-9618&alias=e2556.chtc.wisc.edu&noUDP&sock=startd_13671_bf53>
	SlotName: slot1_2@e2556.chtc.wisc.edu
	CondorScratchDir = "/var/lib/condor/execute/slot1/dir_1172062"
	Cpus = 1
	Disk = 1208198
	IoHeavy = 0
	Memory = 512
...
006 (11392341.062.000) 2023-08-03 09:10:43 Image size of job updated: 506320
	459  -  MemoryUsage of job (MB)
	469388  -  ResidentSetSize of job (KB)
...
006 (11392341.062.000) 2023-08-03 09:12:07 Image size of job updated: 522600
	459  -  MemoryUsage of job (MB)
	469388  -  ResidentSetSize of job (KB)
...
040 (11392341.062.000) 2023-08-03 09:12:07 Started transferring output files
...
040 (11392341.062.000) 2023-08-03 09:12:07 Finished transferring output files
...
005 (11392341.062.000) 2023-08-03 09:12:07 Job terminated.
	(1) Normal termination (return value 0)
		Usr 0 00:01:28, Sys 0 00:00:01  -  Run Remote Usage
		Usr 0 00:00:00, Sys 0 00:00:00  -  Run Local Usage
		Usr 0 00:01:28, Sys 0 00:00:01  -  Total Remote Usage
		Usr 0 00:00:00, Sys 0 00:00:00  -  Total Local Usage
	57919  -  Run Bytes Sent By Job
	32727736  -  Run Bytes Received By Job
	57919  -  Total Bytes Sent By Job
	32727736  -  Total Bytes Received By Job
	Partitionable Resources :     Usage  Request Allocated 
	   Cpus                 :      0.99        1         1 
	   Disk (KB)            : 255234      524288   1208198 
	   IoHeavy              :                            0 
	   Memory (MB)          :    459         512       512 

	Job terminated of its own accord at 2023-08-03T14:12:07Z with exit-code 0.
...
