000 (11174826.017.000) 2023-07-25 19:31:08 Job submitted from host: <128.104.101.92:9618?addrs=128.104.101.92-9618+[2607-f388-107c-501-a236-9fff-fe3c-caa8]-9618&alias=submit2.chtc.wisc.edu&noUDP&sock=schedd_1879732_618e>
...
040 (11174826.017.000) 2023-07-25 19:32:57 Started transferring input files
	Transferring to host: <128.105.69.178:9618?addrs=128.105.69.178-9618+[2607-f388-2200-100-1270-fdff-fe56-c31c]-9618&alias=e2561.chtc.wisc.edu&noUDP&sock=slot1_65_3305409_6966_49232>
...
040 (11174826.017.000) 2023-07-25 19:33:00 Finished transferring input files
...
001 (11174826.017.000) 2023-07-25 19:33:01 Job executing on host: <128.105.69.178:9618?addrs=128.105.69.178-9618+[2607-f388-2200-100-1270-fdff-fe56-c31c]-9618&alias=e2561.chtc.wisc.edu&noUDP&sock=startd_13913_bd3e>
	SlotName: slot1_65@e2561.chtc.wisc.edu
	CondorScratchDir = "/var/lib/condor/execute/slot1/dir_368208"
	Cpus = 1
	Disk = 1208198
	IoHeavy = 0
	Memory = 512
...
006 (11174826.017.000) 2023-07-25 19:33:10 Image size of job updated: 295792
	289  -  MemoryUsage of job (MB)
	295764  -  ResidentSetSize of job (KB)
...
006 (11174826.017.000) 2023-07-25 19:36:03 Image size of job updated: 442784
	289  -  MemoryUsage of job (MB)
	295764  -  ResidentSetSize of job (KB)
...
040 (11174826.017.000) 2023-07-25 19:36:03 Started transferring output files
...
040 (11174826.017.000) 2023-07-25 19:36:03 Finished transferring output files
...
005 (11174826.017.000) 2023-07-25 19:36:03 Job terminated.
	(1) Normal termination (return value 0)
		Usr 0 00:02:54, Sys 0 00:00:03  -  Run Remote Usage
		Usr 0 00:00:00, Sys 0 00:00:00  -  Run Local Usage
		Usr 0 00:02:54, Sys 0 00:00:03  -  Total Remote Usage
		Usr 0 00:00:00, Sys 0 00:00:00  -  Total Local Usage
	57776  -  Run Bytes Sent By Job
	32725816  -  Run Bytes Received By Job
	57776  -  Total Bytes Sent By Job
	32725816  -  Total Bytes Received By Job
	Partitionable Resources :     Usage  Request Allocated 
	   Cpus                 :      0.98        1         1 
	   Disk (KB)            : 256388      524288   1208198 
	   IoHeavy              :                            0 
	   Memory (MB)          :    289         512       512 

	Job terminated of its own accord at 2023-07-26T00:36:03Z with exit-code 0.
...
