000 (11392261.114.000) 2023-08-02 21:08:53 Job submitted from host: <128.104.101.92:9618?addrs=128.104.101.92-9618+[2607-f388-107c-501-a236-9fff-fe3c-caa8]-9618&alias=submit2.chtc.wisc.edu&noUDP&sock=schedd_1879732_618e>
...
040 (11392261.114.000) 2023-08-02 21:10:13 Started transferring input files
	Transferring to host: <128.105.68.91:9618?addrs=128.105.68.91-9618+[2607-f388-2200-100-1270-fdff-fe56-c2c4]-9618&alias=e4053.chtc.wisc.edu&noUDP&sock=slot1_216_1788002_e8be_82806>
...
040 (11392261.114.000) 2023-08-02 21:10:15 Finished transferring input files
...
001 (11392261.114.000) 2023-08-02 21:10:16 Job executing on host: <128.105.68.91:9618?addrs=128.105.68.91-9618+[2607-f388-2200-100-1270-fdff-fe56-c2c4]-9618&alias=e4053.chtc.wisc.edu&noUDP&sock=startd_11752_7915>
	SlotName: slot1_216@e4053.chtc.wisc.edu
	CondorScratchDir = "/var/lib/condor/execute/slot1/dir_3699250"
	Cpus = 1
	Disk = 1208198
	IoHeavy = 0
	Memory = 512
...
006 (11392261.114.000) 2023-08-02 21:10:25 Image size of job updated: 276108
	248  -  MemoryUsage of job (MB)
	253820  -  ResidentSetSize of job (KB)
...
006 (11392261.114.000) 2023-08-02 21:10:57 Image size of job updated: 398684
	255  -  MemoryUsage of job (MB)
	260964  -  ResidentSetSize of job (KB)
...
040 (11392261.114.000) 2023-08-02 21:10:57 Started transferring output files
...
040 (11392261.114.000) 2023-08-02 21:10:57 Finished transferring output files
...
005 (11392261.114.000) 2023-08-02 21:10:57 Job terminated.
	(1) Normal termination (return value 0)
		Usr 0 00:00:36, Sys 0 00:00:02  -  Run Remote Usage
		Usr 0 00:00:00, Sys 0 00:00:00  -  Run Local Usage
		Usr 0 00:00:36, Sys 0 00:00:02  -  Total Remote Usage
		Usr 0 00:00:00, Sys 0 00:00:00  -  Total Local Usage
	54114  -  Run Bytes Sent By Job
	32727852  -  Run Bytes Received By Job
	54114  -  Total Bytes Sent By Job
	32727852  -  Total Bytes Received By Job
	Partitionable Resources :    Usage  Request Allocated 
	   Cpus                 :                 1         1 
	   Disk (KB)            :   256402   524288   1208198 
	   IoHeavy              :                           0 
	   Memory (MB)          :      255      512       512 

	Job terminated of its own accord at 2023-08-03T02:10:57Z with exit-code 0.
...
