000 (11139883.098.000) 2023-07-20 06:17:26 Job submitted from host: <128.104.101.92:9618?addrs=128.104.101.92-9618+[2607-f388-107c-501-a236-9fff-fe3c-caa8]-9618&alias=submit2.chtc.wisc.edu&noUDP&sock=schedd_1879732_618e>
...
040 (11139883.098.000) 2023-07-20 06:20:58 Started transferring input files
	Transferring to host: <128.105.69.140:9618?addrs=128.105.69.140-9618+[2607-f388-2200-100-1270-fdff-fe56-ca7c]-9618&alias=e4017.chtc.wisc.edu&noUDP&sock=slot1_90_417353_b1a5_18551>
...
040 (11139883.098.000) 2023-07-20 06:21:00 Finished transferring input files
...
001 (11139883.098.000) 2023-07-20 06:21:01 Job executing on host: <128.105.69.140:9618?addrs=128.105.69.140-9618+[2607-f388-2200-100-1270-fdff-fe56-ca7c]-9618&alias=e4017.chtc.wisc.edu&noUDP&sock=startd_11656_9ffe>
	SlotName: slot1_90@e4017.chtc.wisc.edu
	CondorScratchDir = "/var/lib/condor/execute/slot1/dir_671757"
	Cpus = 1
	Disk = 1208198
	IoHeavy = 0
	Memory = 512
...
006 (11139883.098.000) 2023-07-20 06:21:10 Image size of job updated: 274956
	183  -  MemoryUsage of job (MB)
	186456  -  ResidentSetSize of job (KB)
...
006 (11139883.098.000) 2023-07-20 06:26:12 Image size of job updated: 524288
	457  -  MemoryUsage of job (MB)
	467756  -  ResidentSetSize of job (KB)
...
006 (11139883.098.000) 2023-07-20 06:36:12 Image size of job updated: 524288
	498  -  MemoryUsage of job (MB)
	509480  -  ResidentSetSize of job (KB)
...
040 (11139883.098.000) 2023-07-20 08:12:11 Started transferring output files
...
040 (11139883.098.000) 2023-07-20 08:12:11 Finished transferring output files
...
005 (11139883.098.000) 2023-07-20 08:12:11 Job terminated.
	(1) Normal termination (return value 0)
		Usr 0 01:49:39, Sys 0 00:00:19  -  Run Remote Usage
		Usr 0 00:00:00, Sys 0 00:00:00  -  Run Local Usage
		Usr 0 01:49:39, Sys 0 00:00:19  -  Total Remote Usage
		Usr 0 00:00:00, Sys 0 00:00:00  -  Total Local Usage
	57838  -  Run Bytes Sent By Job
	32725918  -  Run Bytes Received By Job
	57838  -  Total Bytes Sent By Job
	32725918  -  Total Bytes Received By Job
	Partitionable Resources :     Usage  Request Allocated 
	   Cpus                 :      1.00        1         1 
	   Disk (KB)            : 255231      524288   1208198 
	   IoHeavy              :                            0 
	   Memory (MB)          :    498         512       512 

	Job terminated of its own accord at 2023-07-20T13:12:11Z with exit-code 0.
...
