000 (11392261.088.000) 2023-08-02 21:08:53 Job submitted from host: <128.104.101.92:9618?addrs=128.104.101.92-9618+[2607-f388-107c-501-a236-9fff-fe3c-caa8]-9618&alias=submit2.chtc.wisc.edu&noUDP&sock=schedd_1879732_618e>
...
040 (11392261.088.000) 2023-08-02 21:10:10 Started transferring input files
	Transferring to host: <128.105.69.203:9618?addrs=128.105.69.203-9618+[2607-f388-2200-100-1270-fdff-fe56-c37c]-9618&alias=e4034.chtc.wisc.edu&noUDP&sock=slot1_252_1090648_ee38_78049>
...
040 (11392261.088.000) 2023-08-02 21:10:12 Finished transferring input files
...
001 (11392261.088.000) 2023-08-02 21:10:13 Job executing on host: <128.105.69.203:9618?addrs=128.105.69.203-9618+[2607-f388-2200-100-1270-fdff-fe56-c37c]-9618&alias=e4034.chtc.wisc.edu&noUDP&sock=startd_15838_210e>
	SlotName: slot1_252@e4034.chtc.wisc.edu
	CondorScratchDir = "/var/lib/condor/execute/slot1/dir_3625801"
	Cpus = 1
	Disk = 1208198
	IoHeavy = 0
	Memory = 512
...
006 (11392261.088.000) 2023-08-02 21:10:22 Image size of job updated: 278772
	221  -  MemoryUsage of job (MB)
	225808  -  ResidentSetSize of job (KB)
...
006 (11392261.088.000) 2023-08-02 21:11:37 Image size of job updated: 410512
	236  -  MemoryUsage of job (MB)
	240912  -  ResidentSetSize of job (KB)
...
040 (11392261.088.000) 2023-08-02 21:11:38 Started transferring output files
...
040 (11392261.088.000) 2023-08-02 21:11:38 Finished transferring output files
...
005 (11392261.088.000) 2023-08-02 21:11:38 Job terminated.
	(1) Normal termination (return value 0)
		Usr 0 00:01:14, Sys 0 00:00:03  -  Run Remote Usage
		Usr 0 00:00:00, Sys 0 00:00:00  -  Run Local Usage
		Usr 0 00:01:14, Sys 0 00:00:03  -  Total Remote Usage
		Usr 0 00:00:00, Sys 0 00:00:00  -  Total Local Usage
	57595  -  Run Bytes Sent By Job
	32727852  -  Run Bytes Received By Job
	57595  -  Total Bytes Sent By Job
	32727852  -  Total Bytes Received By Job
	Partitionable Resources :    Usage  Request Allocated 
	   Cpus                 :                 1         1 
	   Disk (KB)            :   256342   524288   1208198 
	   IoHeavy              :                           0 
	   Memory (MB)          :      236      512       512 

	Job terminated of its own accord at 2023-08-03T02:11:37Z with exit-code 0.
...
