000 (11139805.015.000) 2023-07-19 21:31:36 Job submitted from host: <128.104.101.92:9618?addrs=128.104.101.92-9618+[2607-f388-107c-501-a236-9fff-fe3c-caa8]-9618&alias=submit2.chtc.wisc.edu&noUDP&sock=schedd_1879732_618e>
...
040 (11139805.015.000) 2023-07-19 21:33:58 Started transferring input files
	Transferring to host: <128.105.68.91:9618?addrs=128.105.68.91-9618+[2607-f388-2200-100-1270-fdff-fe56-c2c4]-9618&alias=e4053.chtc.wisc.edu&noUDP&sock=slot1_158_1788002_e8be_18906>
...
040 (11139805.015.000) 2023-07-19 21:34:01 Finished transferring input files
...
001 (11139805.015.000) 2023-07-19 21:34:02 Job executing on host: <128.105.68.91:9618?addrs=128.105.68.91-9618+[2607-f388-2200-100-1270-fdff-fe56-c2c4]-9618&alias=e4053.chtc.wisc.edu&noUDP&sock=startd_11752_7915>
	SlotName: slot1_158@e4053.chtc.wisc.edu
	CondorScratchDir = "/var/lib/condor/execute/slot1/dir_2834830"
	Cpus = 1
	Disk = 1208198
	IoHeavy = 0
	Memory = 512
...
006 (11139805.015.000) 2023-07-19 21:34:12 Image size of job updated: 276496
	237  -  MemoryUsage of job (MB)
	242500  -  ResidentSetSize of job (KB)
...
006 (11139805.015.000) 2023-07-19 21:35:08 Image size of job updated: 519896
	248  -  MemoryUsage of job (MB)
	253252  -  ResidentSetSize of job (KB)
...
040 (11139805.015.000) 2023-07-19 21:35:08 Started transferring output files
...
040 (11139805.015.000) 2023-07-19 21:35:08 Finished transferring output files
...
005 (11139805.015.000) 2023-07-19 21:35:08 Job terminated.
	(1) Normal termination (return value 0)
		Usr 0 00:00:58, Sys 0 00:00:05  -  Run Remote Usage
		Usr 0 00:00:00, Sys 0 00:00:00  -  Run Local Usage
		Usr 0 00:00:58, Sys 0 00:00:05  -  Total Remote Usage
		Usr 0 00:00:00, Sys 0 00:00:00  -  Total Local Usage
	3473  -  Run Bytes Sent By Job
	32725172  -  Run Bytes Received By Job
	3473  -  Total Bytes Sent By Job
	32725172  -  Total Bytes Received By Job
	Partitionable Resources :    Usage  Request Allocated 
	   Cpus                 :                 1         1 
	   Disk (KB)            :   256375   524288   1208198 
	   IoHeavy              :                           0 
	   Memory (MB)          :      248      512       512 

	Job terminated of its own accord at 2023-07-20T02:35:08Z with exit-code 0.
...
