000 (11392336.096.000) 2023-08-03 08:17:14 Job submitted from host: <128.104.101.92:9618?addrs=128.104.101.92-9618+[2607-f388-107c-501-a236-9fff-fe3c-caa8]-9618&alias=submit2.chtc.wisc.edu&noUDP&sock=schedd_1879732_618e>
...
040 (11392336.096.000) 2023-08-03 08:17:38 Started transferring input files
	Transferring to host: <128.105.69.124:9618?addrs=128.105.69.124-9618+[2607-f388-2200-100-1270-fdff-fe56-7b5c]-9618&alias=e4073.chtc.wisc.edu&noUDP&sock=slot1_1_2379618_e6b7_71630>
...
040 (11392336.096.000) 2023-08-03 08:17:40 Finished transferring input files
...
001 (11392336.096.000) 2023-08-03 08:17:41 Job executing on host: <128.105.69.124:9618?addrs=128.105.69.124-9618+[2607-f388-2200-100-1270-fdff-fe56-7b5c]-9618&alias=e4073.chtc.wisc.edu&noUDP&sock=startd_16825_2108>
	SlotName: slot1_1@e4073.chtc.wisc.edu
	CondorScratchDir = "/var/lib/condor/execute/slot1/dir_929887"
	Cpus = 1
	Disk = 1208198
	IoHeavy = 0
	Memory = 512
...
006 (11392336.096.000) 2023-08-03 08:17:49 Image size of job updated: 519032
	486  -  MemoryUsage of job (MB)
	497428  -  ResidentSetSize of job (KB)
...
040 (11392336.096.000) 2023-08-03 08:18:03 Started transferring output files
...
040 (11392336.096.000) 2023-08-03 08:18:03 Finished transferring output files
...
005 (11392336.096.000) 2023-08-03 08:18:03 Job terminated.
	(1) Normal termination (return value 0)
		Usr 0 00:00:19, Sys 0 00:00:01  -  Run Remote Usage
		Usr 0 00:00:00, Sys 0 00:00:00  -  Run Local Usage
		Usr 0 00:00:19, Sys 0 00:00:01  -  Total Remote Usage
		Usr 0 00:00:00, Sys 0 00:00:00  -  Total Local Usage
	52774  -  Run Bytes Sent By Job
	32727852  -  Run Bytes Received By Job
	52774  -  Total Bytes Sent By Job
	32727852  -  Total Bytes Received By Job
	Partitionable Resources :    Usage  Request Allocated 
	   Cpus                 :                 1         1 
	   Disk (KB)            :   255220   524288   1208198 
	   IoHeavy              :                           0 
	   Memory (MB)          :      486      512       512 

	Job terminated of its own accord at 2023-08-03T13:18:03Z with exit-code 0.
...
