000 (11392336.060.000) 2023-08-03 08:17:14 Job submitted from host: <128.104.101.92:9618?addrs=128.104.101.92-9618+[2607-f388-107c-501-a236-9fff-fe3c-caa8]-9618&alias=submit2.chtc.wisc.edu&noUDP&sock=schedd_1879732_618e>
...
040 (11392336.060.000) 2023-08-03 08:17:35 Started transferring input files
	Transferring to host: <128.105.68.91:9618?addrs=128.105.68.91-9618+[2607-f388-2200-100-1270-fdff-fe56-c2c4]-9618&alias=e4053.chtc.wisc.edu&noUDP&sock=slot1_2_1788002_e8be_84196>
...
040 (11392336.060.000) 2023-08-03 08:17:37 Finished transferring input files
...
001 (11392336.060.000) 2023-08-03 08:17:38 Job executing on host: <128.105.68.91:9618?addrs=128.105.68.91-9618+[2607-f388-2200-100-1270-fdff-fe56-c2c4]-9618&alias=e4053.chtc.wisc.edu&noUDP&sock=startd_11752_7915>
	SlotName: slot1_2@e4053.chtc.wisc.edu
	CondorScratchDir = "/var/lib/condor/execute/slot1/dir_184617"
	Cpus = 1
	Disk = 1208198
	IoHeavy = 0
	Memory = 512
...
006 (11392336.060.000) 2023-08-03 08:17:47 Image size of job updated: 289916
	194  -  MemoryUsage of job (MB)
	198620  -  ResidentSetSize of job (KB)
...
006 (11392336.060.000) 2023-08-03 08:20:31 Image size of job updated: 438000
	199  -  MemoryUsage of job (MB)
	202972  -  ResidentSetSize of job (KB)
...
040 (11392336.060.000) 2023-08-03 08:20:31 Started transferring output files
...
040 (11392336.060.000) 2023-08-03 08:20:31 Finished transferring output files
...
005 (11392336.060.000) 2023-08-03 08:20:32 Job terminated.
	(1) Normal termination (return value 0)
		Usr 0 00:02:47, Sys 0 00:00:02  -  Run Remote Usage
		Usr 0 00:00:00, Sys 0 00:00:00  -  Run Local Usage
		Usr 0 00:02:47, Sys 0 00:00:02  -  Total Remote Usage
		Usr 0 00:00:00, Sys 0 00:00:00  -  Total Local Usage
	57861  -  Run Bytes Sent By Job
	32727852  -  Run Bytes Received By Job
	57861  -  Total Bytes Sent By Job
	32727852  -  Total Bytes Received By Job
	Partitionable Resources :     Usage  Request Allocated 
	   Cpus                 :      0.99        1         1 
	   Disk (KB)            : 255234      524288   1208198 
	   IoHeavy              :                            0 
	   Memory (MB)          :    199         512       512 

	Job terminated of its own accord at 2023-08-03T13:20:31Z with exit-code 0.
...
