000 (11392336.110.000) 2023-08-03 08:17:14 Job submitted from host: <128.104.101.92:9618?addrs=128.104.101.92-9618+[2607-f388-107c-501-a236-9fff-fe3c-caa8]-9618&alias=submit2.chtc.wisc.edu&noUDP&sock=schedd_1879732_618e>
...
040 (11392336.110.000) 2023-08-03 08:17:43 Started transferring input files
	Transferring to host: <128.105.69.94:9618?addrs=128.105.69.94-9618+[2607-f388-2200-100-1270-fdff-fe56-3dcc]-9618&alias=e4005.chtc.wisc.edu&noUDP&sock=slot1_58_1730252_cf51_79131>
...
040 (11392336.110.000) 2023-08-03 08:17:45 Finished transferring input files
...
001 (11392336.110.000) 2023-08-03 08:17:46 Job executing on host: <128.105.69.94:9618?addrs=128.105.69.94-9618+[2607-f388-2200-100-1270-fdff-fe56-3dcc]-9618&alias=e4005.chtc.wisc.edu&noUDP&sock=startd_14681_85fb>
	SlotName: slot1_58@e4005.chtc.wisc.edu
	CondorScratchDir = "/var/lib/condor/execute/slot1/dir_3162108"
	Cpus = 1
	Disk = 1268229
	IoHeavy = 0
	Memory = 512
...
006 (11392336.110.000) 2023-08-03 08:17:54 Image size of job updated: 278780
	173  -  MemoryUsage of job (MB)
	176820  -  ResidentSetSize of job (KB)
...
006 (11392336.110.000) 2023-08-03 08:18:21 Image size of job updated: 401828
	176  -  MemoryUsage of job (MB)
	180148  -  ResidentSetSize of job (KB)
...
040 (11392336.110.000) 2023-08-03 08:18:21 Started transferring output files
...
040 (11392336.110.000) 2023-08-03 08:18:21 Finished transferring output files
...
005 (11392336.110.000) 2023-08-03 08:18:21 Job terminated.
	(1) Normal termination (return value 0)
		Usr 0 00:00:31, Sys 0 00:00:02  -  Run Remote Usage
		Usr 0 00:00:00, Sys 0 00:00:00  -  Run Local Usage
		Usr 0 00:00:31, Sys 0 00:00:02  -  Total Remote Usage
		Usr 0 00:00:00, Sys 0 00:00:00  -  Total Local Usage
	55760  -  Run Bytes Sent By Job
	32727852  -  Run Bytes Received By Job
	55760  -  Total Bytes Sent By Job
	32727852  -  Total Bytes Received By Job
	Partitionable Resources :    Usage  Request Allocated 
	   Cpus                 :                 1         1 
	   Disk (KB)            :   255206   524288   1268229 
	   IoHeavy              :                           0 
	   Memory (MB)          :      176      512       512 

	Job terminated of its own accord at 2023-08-03T13:18:21Z with exit-code 0.
...
