000 (11392341.052.000) 2023-08-03 09:09:59 Job submitted from host: <128.104.101.92:9618?addrs=128.104.101.92-9618+[2607-f388-107c-501-a236-9fff-fe3c-caa8]-9618&alias=submit2.chtc.wisc.edu&noUDP&sock=schedd_1879732_618e>
...
040 (11392341.052.000) 2023-08-03 09:10:31 Started transferring input files
	Transferring to host: <128.105.69.201:9618?addrs=128.105.69.201-9618+[2607-f388-2200-100-1270-fdff-fe56-62e4]-9618&alias=e4030.chtc.wisc.edu&noUDP&sock=slot1_2_1163599_826e_64593>
...
040 (11392341.052.000) 2023-08-03 09:10:33 Finished transferring input files
...
001 (11392341.052.000) 2023-08-03 09:10:34 Job executing on host: <128.105.69.201:9618?addrs=128.105.69.201-9618+[2607-f388-2200-100-1270-fdff-fe56-62e4]-9618&alias=e4030.chtc.wisc.edu&noUDP&sock=startd_15524_c051>
	SlotName: slot1_2@e4030.chtc.wisc.edu
	CondorScratchDir = "/var/lib/condor/execute/slot1/dir_3411219"
	Cpus = 1
	Disk = 1208198
	IoHeavy = 0
	Memory = 512
...
006 (11392341.052.000) 2023-08-03 09:10:42 Image size of job updated: 382564
	242  -  MemoryUsage of job (MB)
	247332  -  ResidentSetSize of job (KB)
...
006 (11392341.052.000) 2023-08-03 09:15:42 Image size of job updated: 524288
	512  -  MemoryUsage of job (MB)
	524084  -  ResidentSetSize of job (KB)
...
040 (11392341.052.000) 2023-08-03 09:16:00 Started transferring output files
...
040 (11392341.052.000) 2023-08-03 09:16:00 Finished transferring output files
...
005 (11392341.052.000) 2023-08-03 09:16:00 Job terminated.
	(1) Normal termination (return value 0)
		Usr 0 00:05:19, Sys 0 00:00:03  -  Run Remote Usage
		Usr 0 00:00:00, Sys 0 00:00:00  -  Run Local Usage
		Usr 0 00:05:19, Sys 0 00:00:03  -  Total Remote Usage
		Usr 0 00:00:00, Sys 0 00:00:00  -  Total Local Usage
	56847  -  Run Bytes Sent By Job
	32727736  -  Run Bytes Received By Job
	56847  -  Total Bytes Sent By Job
	32727736  -  Total Bytes Received By Job
	Partitionable Resources :     Usage  Request Allocated 
	   Cpus                 :      0.99        1         1 
	   Disk (KB)            : 255233      524288   1208198 
	   IoHeavy              :                            0 
	   Memory (MB)          :    512         512       512 

	Job terminated of its own accord at 2023-08-03T14:16:00Z with exit-code 0.
...
