000 (11392261.006.000) 2023-08-02 21:08:52 Job submitted from host: <128.104.101.92:9618?addrs=128.104.101.92-9618+[2607-f388-107c-501-a236-9fff-fe3c-caa8]-9618&alias=submit2.chtc.wisc.edu&noUDP&sock=schedd_1879732_618e>
...
040 (11392261.006.000) 2023-08-02 21:09:35 Started transferring input files
	Transferring to host: <128.105.69.171:9618?addrs=128.105.69.171-9618+[2607-f388-2200-100-1270-fdff-fe56-76ac]-9618&alias=e2554.chtc.wisc.edu&noUDP&sock=slot1_14_2358843_08cb_76611>
...
040 (11392261.006.000) 2023-08-02 21:09:37 Finished transferring input files
...
001 (11392261.006.000) 2023-08-02 21:09:38 Job executing on host: <128.105.69.171:9618?addrs=128.105.69.171-9618+[2607-f388-2200-100-1270-fdff-fe56-76ac]-9618&alias=e2554.chtc.wisc.edu&noUDP&sock=startd_14106_1f06>
	SlotName: slot1_14@e2554.chtc.wisc.edu
	CondorScratchDir = "/var/lib/condor/execute/slot1/dir_3218015"
	Cpus = 1
	Disk = 1208198
	IoHeavy = 0
	Memory = 512
...
006 (11392261.006.000) 2023-08-02 21:09:48 Image size of job updated: 282744
	263  -  MemoryUsage of job (MB)
	269256  -  ResidentSetSize of job (KB)
...
006 (11392261.006.000) 2023-08-02 21:14:48 Image size of job updated: 521636
	504  -  MemoryUsage of job (MB)
	515252  -  ResidentSetSize of job (KB)
...
006 (11392261.006.000) 2023-08-02 21:24:49 Image size of job updated: 524288
	504  -  MemoryUsage of job (MB)
	515252  -  ResidentSetSize of job (KB)
...
040 (11392261.006.000) 2023-08-02 22:07:30 Started transferring output files
...
040 (11392261.006.000) 2023-08-02 22:07:30 Finished transferring output files
...
005 (11392261.006.000) 2023-08-02 22:07:30 Job terminated.
	(1) Normal termination (return value 0)
		Usr 0 00:56:51, Sys 0 00:00:18  -  Run Remote Usage
		Usr 0 00:00:00, Sys 0 00:00:00  -  Run Local Usage
		Usr 0 00:56:51, Sys 0 00:00:18  -  Total Remote Usage
		Usr 0 00:00:00, Sys 0 00:00:00  -  Total Local Usage
	56975  -  Run Bytes Sent By Job
	32727852  -  Run Bytes Received By Job
	56975  -  Total Bytes Sent By Job
	32727852  -  Total Bytes Received By Job
	Partitionable Resources :     Usage  Request Allocated 
	   Cpus                 :      0.99        1         1 
	   Disk (KB)            : 256411      524288   1208198 
	   IoHeavy              :                            0 
	   Memory (MB)          :    504         512       512 

	Job terminated of its own accord at 2023-08-03T03:07:30Z with exit-code 0.
...
