035 (11174826.-01.000) 2023-07-25 19:31:07 Cluster submitted from host: <128.104.101.92:9618?addrs=128.104.101.92-9618+[2607-f388-107c-501-a236-9fff-fe3c-caa8]-9618&alias=submit2.chtc.wisc.edu&noUDP&sock=schedd_1879732_618e>
...
000 (11174826.000.000) 2023-07-25 19:31:08 Job submitted from host: <128.104.101.92:9618?addrs=128.104.101.92-9618+[2607-f388-107c-501-a236-9fff-fe3c-caa8]-9618&alias=submit2.chtc.wisc.edu&noUDP&sock=schedd_1879732_618e>
...
040 (11174826.000.000) 2023-07-25 19:32:56 Started transferring input files
	Transferring to host: <128.105.69.151:9618?addrs=128.105.69.151-9618+[2607-f388-2200-100-1270-fdff-fe56-7334]-9618&alias=e4028.chtc.wisc.edu&noUDP&sock=slot1_184_466780_7c9f_45101>
...
040 (11174826.000.000) 2023-07-25 19:32:59 Finished transferring input files
...
001 (11174826.000.000) 2023-07-25 19:33:00 Job executing on host: <128.105.69.151:9618?addrs=128.105.69.151-9618+[2607-f388-2200-100-1270-fdff-fe56-7334]-9618&alias=e4028.chtc.wisc.edu&noUDP&sock=startd_15849_ac99>
	SlotName: slot1_184@e4028.chtc.wisc.edu
	CondorScratchDir = "/var/lib/condor/execute/slot1/dir_3589543"
	Cpus = 1
	Disk = 1208198
	IoHeavy = 0
	Memory = 512
...
006 (11174826.000.000) 2023-07-25 19:33:09 Image size of job updated: 287924
	262  -  MemoryUsage of job (MB)
	268008  -  ResidentSetSize of job (KB)
...
006 (11174826.000.000) 2023-07-25 19:38:10 Image size of job updated: 524288
	509  -  MemoryUsage of job (MB)
	521144  -  ResidentSetSize of job (KB)
...
006 (11174826.000.000) 2023-07-25 19:43:10 Image size of job updated: 524288
	509  -  MemoryUsage of job (MB)
	521148  -  ResidentSetSize of job (KB)
...
006 (11174826.000.000) 2023-07-25 19:58:12 Image size of job updated: 524288
	510  -  MemoryUsage of job (MB)
	522060  -  ResidentSetSize of job (KB)
...
006 (11174826.000.000) 2023-07-25 20:03:12 Image size of job updated: 524288
	512  -  MemoryUsage of job (MB)
	524108  -  ResidentSetSize of job (KB)
...
006 (11174826.000.000) 2023-07-25 20:35:23 Image size of job updated: 524292
	512  -  MemoryUsage of job (MB)
	524108  -  ResidentSetSize of job (KB)
...
040 (11174826.000.000) 2023-07-25 20:35:24 Started transferring output files
...
040 (11174826.000.000) 2023-07-25 20:35:24 Finished transferring output files
...
005 (11174826.000.000) 2023-07-25 20:35:24 Job terminated.
	(1) Normal termination (return value 0)
		Usr 0 01:01:18, Sys 0 00:00:06  -  Run Remote Usage
		Usr 0 00:00:00, Sys 0 00:00:00  -  Run Local Usage
		Usr 0 01:01:18, Sys 0 00:00:06  -  Total Remote Usage
		Usr 0 00:00:00, Sys 0 00:00:00  -  Total Local Usage
	56878  -  Run Bytes Sent By Job
	32725816  -  Run Bytes Received By Job
	56878  -  Total Bytes Sent By Job
	32725816  -  Total Bytes Received By Job
	Partitionable Resources :     Usage  Request Allocated 
	   Cpus                 :      0.98        1         1 
	   Disk (KB)            : 256398      524288   1208198 
	   IoHeavy              :                            0 
	   Memory (MB)          :    512         512       512 

	Job terminated of its own accord at 2023-07-26T01:35:23Z with exit-code 0.
...
036 (11174826.-01.000) 2023-07-25 21:02:06 Cluster removed
	Materialized 49 jobs from -1 items.	Complete
...
