000 (11178197.006.000) 2023-07-26 22:31:45 Job submitted from host: <128.104.101.92:9618?addrs=128.104.101.92-9618+[2607-f388-107c-501-a236-9fff-fe3c-caa8]-9618&alias=submit2.chtc.wisc.edu&noUDP&sock=schedd_1879732_618e>
...
040 (11178197.006.000) 2023-07-26 22:32:41 Started transferring input files
	Transferring to host: <128.105.69.120:9618?addrs=128.105.69.120-9618+[2607-f388-2200-100-1270-fdff-fe56-67bc]-9618&alias=e4069.chtc.wisc.edu&noUDP&sock=slot1_63_340513_f670_43935>
...
040 (11178197.006.000) 2023-07-26 22:32:43 Finished transferring input files
...
001 (11178197.006.000) 2023-07-26 22:32:44 Job executing on host: <128.105.69.120:9618?addrs=128.105.69.120-9618+[2607-f388-2200-100-1270-fdff-fe56-67bc]-9618&alias=e4069.chtc.wisc.edu&noUDP&sock=startd_16955_4c58>
	SlotName: slot1_63@e4069.chtc.wisc.edu
	CondorScratchDir = "/var/lib/condor/execute/slot1/dir_2278236"
	Cpus = 1
	Disk = 1208198
	IoHeavy = 0
	Memory = 512
...
006 (11178197.006.000) 2023-07-26 22:32:52 Image size of job updated: 387620
	356  -  MemoryUsage of job (MB)
	363604  -  ResidentSetSize of job (KB)
...
006 (11178197.006.000) 2023-07-26 22:37:52 Image size of job updated: 524288
	506  -  MemoryUsage of job (MB)
	518084  -  ResidentSetSize of job (KB)
...
040 (11178197.006.000) 2023-07-26 22:38:45 Started transferring output files
...
040 (11178197.006.000) 2023-07-26 22:38:45 Finished transferring output files
...
005 (11178197.006.000) 2023-07-26 22:38:45 Job terminated.
	(1) Normal termination (return value 0)
		Usr 0 00:05:52, Sys 0 00:00:02  -  Run Remote Usage
		Usr 0 00:00:00, Sys 0 00:00:00  -  Run Local Usage
		Usr 0 00:05:52, Sys 0 00:00:02  -  Total Remote Usage
		Usr 0 00:00:00, Sys 0 00:00:00  -  Total Local Usage
	56977  -  Run Bytes Sent By Job
	32726832  -  Run Bytes Received By Job
	56977  -  Total Bytes Sent By Job
	32726832  -  Total Bytes Received By Job
	Partitionable Resources :     Usage  Request Allocated 
	   Cpus                 :      0.99        1         1 
	   Disk (KB)            : 256401      524288   1208198 
	   IoHeavy              :                            0 
	   Memory (MB)          :    506         512       512 

	Job terminated of its own accord at 2023-07-27T03:38:45Z with exit-code 0.
...
