000 (11139883.013.000) 2023-07-20 06:17:26 Job submitted from host: <128.104.101.92:9618?addrs=128.104.101.92-9618+[2607-f388-107c-501-a236-9fff-fe3c-caa8]-9618&alias=submit2.chtc.wisc.edu&noUDP&sock=schedd_1879732_618e>
...
040 (11139883.013.000) 2023-07-20 06:20:35 Started transferring input files
	Transferring to host: <128.105.69.135:9618?addrs=128.105.69.135-9618+[2607-f388-2200-100-1270-fdff-fe56-635c]-9618&alias=e4084.chtc.wisc.edu&noUDP&sock=slot1_127_2131345_1ce8_22604>
...
040 (11139883.013.000) 2023-07-20 06:20:38 Finished transferring input files
...
001 (11139883.013.000) 2023-07-20 06:20:39 Job executing on host: <128.105.69.135:9618?addrs=128.105.69.135-9618+[2607-f388-2200-100-1270-fdff-fe56-635c]-9618&alias=e4084.chtc.wisc.edu&noUDP&sock=startd_17181_50bf>
	SlotName: slot1_127@e4084.chtc.wisc.edu
	CondorScratchDir = "/var/lib/condor/execute/slot1/dir_1156768"
	Cpus = 1
	Disk = 1208198
	IoHeavy = 0
	Memory = 512
...
006 (11139883.013.000) 2023-07-20 06:20:47 Image size of job updated: 308728
	302  -  MemoryUsage of job (MB)
	308712  -  ResidentSetSize of job (KB)
...
006 (11139883.013.000) 2023-07-20 06:25:47 Image size of job updated: 495756
	467  -  MemoryUsage of job (MB)
	477764  -  ResidentSetSize of job (KB)
...
006 (11139883.013.000) 2023-07-20 06:30:48 Image size of job updated: 495756
	473  -  MemoryUsage of job (MB)
	483600  -  ResidentSetSize of job (KB)
...
006 (11139883.013.000) 2023-07-20 06:35:48 Image size of job updated: 498924
	473  -  MemoryUsage of job (MB)
	484148  -  ResidentSetSize of job (KB)
...
006 (11139883.013.000) 2023-07-20 06:40:49 Image size of job updated: 498924
	485  -  MemoryUsage of job (MB)
	496412  -  ResidentSetSize of job (KB)
...
006 (11139883.013.000) 2023-07-20 06:45:50 Image size of job updated: 500840
	485  -  MemoryUsage of job (MB)
	496412  -  ResidentSetSize of job (KB)
...
040 (11139883.013.000) 2023-07-20 06:59:54 Started transferring output files
...
040 (11139883.013.000) 2023-07-20 06:59:54 Finished transferring output files
...
005 (11139883.013.000) 2023-07-20 06:59:54 Job terminated.
	(1) Normal termination (return value 0)
		Usr 0 00:38:21, Sys 0 00:00:16  -  Run Remote Usage
		Usr 0 00:00:00, Sys 0 00:00:00  -  Run Local Usage
		Usr 0 00:38:21, Sys 0 00:00:16  -  Total Remote Usage
		Usr 0 00:00:00, Sys 0 00:00:00  -  Total Local Usage
	57913  -  Run Bytes Sent By Job
	32725918  -  Run Bytes Received By Job
	57913  -  Total Bytes Sent By Job
	32725918  -  Total Bytes Received By Job
	Partitionable Resources :     Usage  Request Allocated 
	   Cpus                 :      0.99        1         1 
	   Disk (KB)            : 256079      524288   1208198 
	   IoHeavy              :                            0 
	   Memory (MB)          :    485         512       512 

	Job terminated of its own accord at 2023-07-20T11:59:53Z with exit-code 0.
...
