000 (11188614.012.000) 2023-07-28 02:48:38 Job submitted from host: <128.104.101.92:9618?addrs=128.104.101.92-9618+[2607-f388-107c-501-a236-9fff-fe3c-caa8]-9618&alias=submit2.chtc.wisc.edu&noUDP&sock=schedd_1879732_618e>
...
040 (11188614.012.000) 2023-07-28 02:49:02 Started transferring input files
	Transferring to host: <128.105.69.125:9618?addrs=128.105.69.125-9618+[2607-f388-2200-100-1270-fdff-fe56-79f4]-9618&alias=e4074.chtc.wisc.edu&noUDP&sock=slot1_134_932987_7e4d_44829>
...
040 (11188614.012.000) 2023-07-28 02:49:08 Finished transferring input files
...
001 (11188614.012.000) 2023-07-28 02:49:16 Job executing on host: <128.105.69.125:9618?addrs=128.105.69.125-9618+[2607-f388-2200-100-1270-fdff-fe56-79f4]-9618&alias=e4074.chtc.wisc.edu&noUDP&sock=startd_17118_1a48>
	SlotName: slot1_134@e4074.chtc.wisc.edu
	CondorScratchDir = "/var/lib/condor/execute/slot1/dir_713752"
	Cpus = 1
	Disk = 1208198
	IoHeavy = 0
	Memory = 512
...
006 (11188614.012.000) 2023-07-28 02:49:18 Image size of job updated: 1
	0  -  MemoryUsage of job (MB)
	0  -  ResidentSetSize of job (KB)
...
004 (11188614.012.000) 2023-07-28 02:49:20 Job was evicted.
	(0) CPU times
		Usr 0 00:00:00, Sys 0 00:00:00  -  Run Remote Usage
		Usr 0 00:00:00, Sys 0 00:00:00  -  Run Local Usage
	0  -  Run Bytes Sent By Job
	32726832  -  Run Bytes Received By Job
	Partitionable Resources :    Usage  Request Allocated 
	   Cpus                 :        0        1         1 
	   Disk (KB)            :   154307   524288   1208198 
	   IoHeavy              :                           0 
	   Memory (MB)          :        0      512       512 
...
009 (11188614.012.000) 2023-07-28 02:49:21 Job was aborted.
	via condor_rm (by user mzheng54)
...
