000 (11392336.080.000) 2023-08-03 08:17:14 Job submitted from host: <128.104.101.92:9618?addrs=128.104.101.92-9618+[2607-f388-107c-501-a236-9fff-fe3c-caa8]-9618&alias=submit2.chtc.wisc.edu&noUDP&sock=schedd_1879732_618e>
...
040 (11392336.080.000) 2023-08-03 08:17:37 Started transferring input files
	Transferring to host: <128.105.69.163:9618?addrs=128.105.69.163-9618+[2607-f388-2200-100-1270-fdff-fe56-c6f4]-9618&alias=e4096.chtc.wisc.edu&noUDP&sock=slot1_11_2295814_66e8_75757>
...
040 (11392336.080.000) 2023-08-03 08:17:38 Finished transferring input files
...
001 (11392336.080.000) 2023-08-03 08:17:39 Job executing on host: <128.105.69.163:9618?addrs=128.105.69.163-9618+[2607-f388-2200-100-1270-fdff-fe56-c6f4]-9618&alias=e4096.chtc.wisc.edu&noUDP&sock=startd_18840_405d>
	SlotName: slot1_11@e4096.chtc.wisc.edu
	CondorScratchDir = "/var/lib/condor/execute/slot1/dir_2482704"
	Cpus = 1
	Disk = 1208198
	IoHeavy = 0
	Memory = 512
...
006 (11392336.080.000) 2023-08-03 08:17:48 Image size of job updated: 463760
	391  -  MemoryUsage of job (MB)
	400364  -  ResidentSetSize of job (KB)
...
006 (11392336.080.000) 2023-08-03 08:18:31 Image size of job updated: 514376
	394  -  MemoryUsage of job (MB)
	402924  -  ResidentSetSize of job (KB)
...
040 (11392336.080.000) 2023-08-03 08:18:31 Started transferring output files
...
040 (11392336.080.000) 2023-08-03 08:18:31 Finished transferring output files
...
005 (11392336.080.000) 2023-08-03 08:18:31 Job terminated.
	(1) Normal termination (return value 0)
		Usr 0 00:00:48, Sys 0 00:00:02  -  Run Remote Usage
		Usr 0 00:00:00, Sys 0 00:00:00  -  Run Local Usage
		Usr 0 00:00:48, Sys 0 00:00:02  -  Total Remote Usage
		Usr 0 00:00:00, Sys 0 00:00:00  -  Total Local Usage
	57420  -  Run Bytes Sent By Job
	32727852  -  Run Bytes Received By Job
	57420  -  Total Bytes Sent By Job
	32727852  -  Total Bytes Received By Job
	Partitionable Resources :    Usage  Request Allocated 
	   Cpus                 :                 1         1 
	   Disk (KB)            :   255224   524288   1208198 
	   IoHeavy              :                           0 
	   Memory (MB)          :      394      512       512 

	Job terminated of its own accord at 2023-08-03T13:18:31Z with exit-code 0.
...
