000 (11139883.125.000) 2023-07-20 06:17:26 Job submitted from host: <128.104.101.92:9618?addrs=128.104.101.92-9618+[2607-f388-107c-501-a236-9fff-fe3c-caa8]-9618&alias=submit2.chtc.wisc.edu&noUDP&sock=schedd_1879732_618e>
...
040 (11139883.125.000) 2023-07-20 06:20:49 Started transferring input files
	Transferring to host: <128.105.69.209:9618?addrs=128.105.69.209-9618+[2607-f388-2200-100-eaeb-d3ff-fe40-1564]-9618&alias=e2592.chtc.wisc.edu&noUDP&sock=slot1_52_280612_4a0c_12951>
...
040 (11139883.125.000) 2023-07-20 06:20:52 Finished transferring input files
...
001 (11139883.125.000) 2023-07-20 06:20:53 Job executing on host: <128.105.69.209:9618?addrs=128.105.69.209-9618+[2607-f388-2200-100-eaeb-d3ff-fe40-1564]-9618&alias=e2592.chtc.wisc.edu&noUDP&sock=startd_11725_f407>
	SlotName: slot1_52@e2592.chtc.wisc.edu
	CondorScratchDir = "/var/lib/condor/execute/slot1/dir_4071240"
	Cpus = 1
	Disk = 1458998
	IoHeavy = 0
	Memory = 512
...
006 (11139883.125.000) 2023-07-20 06:21:01 Image size of job updated: 505504
	466  -  MemoryUsage of job (MB)
	477080  -  ResidentSetSize of job (KB)
...
006 (11139883.125.000) 2023-07-20 06:24:56 Image size of job updated: 524288
	473  -  MemoryUsage of job (MB)
	483480  -  ResidentSetSize of job (KB)
...
040 (11139883.125.000) 2023-07-20 06:24:57 Started transferring output files
...
040 (11139883.125.000) 2023-07-20 06:24:57 Finished transferring output files
...
005 (11139883.125.000) 2023-07-20 06:24:57 Job terminated.
	(1) Normal termination (return value 0)
		Usr 0 00:03:57, Sys 0 00:00:02  -  Run Remote Usage
		Usr 0 00:00:00, Sys 0 00:00:00  -  Run Local Usage
		Usr 0 00:03:57, Sys 0 00:00:02  -  Total Remote Usage
		Usr 0 00:00:00, Sys 0 00:00:00  -  Total Local Usage
	57752  -  Run Bytes Sent By Job
	32725918  -  Run Bytes Received By Job
	57752  -  Total Bytes Sent By Job
	32725918  -  Total Bytes Received By Job
	Partitionable Resources :     Usage  Request Allocated 
	   Cpus                 :      0.99        1         1 
	   Disk (KB)            : 255231      524288   1458998 
	   IoHeavy              :                            0 
	   Memory (MB)          :    473         512       512 

	Job terminated of its own accord at 2023-07-20T11:24:56Z with exit-code 0.
...
