000 (11139883.001.000) 2023-07-20 06:17:26 Job submitted from host: <128.104.101.92:9618?addrs=128.104.101.92-9618+[2607-f388-107c-501-a236-9fff-fe3c-caa8]-9618&alias=submit2.chtc.wisc.edu&noUDP&sock=schedd_1879732_618e>
...
040 (11139883.001.000) 2023-07-20 06:20:33 Started transferring input files
	Transferring to host: <128.105.69.188:9618?addrs=128.105.69.188-9618+[2607-f388-2200-100-1270-fdff-fe56-bf54]-9618&alias=e4040.chtc.wisc.edu&noUDP&sock=slot1_211_940684_b9e6_20964>
...
040 (11139883.001.000) 2023-07-20 06:20:35 Finished transferring input files
...
001 (11139883.001.000) 2023-07-20 06:20:36 Job executing on host: <128.105.69.188:9618?addrs=128.105.69.188-9618+[2607-f388-2200-100-1270-fdff-fe56-bf54]-9618&alias=e4040.chtc.wisc.edu&noUDP&sock=startd_15998_e035>
	SlotName: slot1_211@e4040.chtc.wisc.edu
	CondorScratchDir = "/var/lib/condor/execute/slot1/dir_2519422"
	Cpus = 1
	Disk = 1208198
	IoHeavy = 0
	Memory = 512
...
006 (11139883.001.000) 2023-07-20 06:20:45 Image size of job updated: 315764
	285  -  MemoryUsage of job (MB)
	291620  -  ResidentSetSize of job (KB)
...
006 (11139883.001.000) 2023-07-20 06:25:46 Image size of job updated: 524288
	468  -  MemoryUsage of job (MB)
	478844  -  ResidentSetSize of job (KB)
...
006 (11139883.001.000) 2023-07-20 06:30:46 Image size of job updated: 524288
	489  -  MemoryUsage of job (MB)
	499900  -  ResidentSetSize of job (KB)
...
006 (11139883.001.000) 2023-07-20 07:20:50 Image size of job updated: 524288
	493  -  MemoryUsage of job (MB)
	504284  -  ResidentSetSize of job (KB)
...
040 (11139883.001.000) 2023-07-20 07:29:11 Started transferring output files
...
040 (11139883.001.000) 2023-07-20 07:29:11 Finished transferring output files
...
005 (11139883.001.000) 2023-07-20 07:29:12 Job terminated.
	(1) Normal termination (return value 0)
		Usr 0 01:07:26, Sys 0 00:00:20  -  Run Remote Usage
		Usr 0 00:00:00, Sys 0 00:00:00  -  Run Local Usage
		Usr 0 01:07:26, Sys 0 00:00:20  -  Total Remote Usage
		Usr 0 00:00:00, Sys 0 00:00:00  -  Total Local Usage
	56840  -  Run Bytes Sent By Job
	32725918  -  Run Bytes Received By Job
	56840  -  Total Bytes Sent By Job
	32725918  -  Total Bytes Received By Job
	Partitionable Resources :     Usage  Request Allocated 
	   Cpus                 :      0.99        1         1 
	   Disk (KB)            : 256399      524288   1208198 
	   IoHeavy              :                            0 
	   Memory (MB)          :    493         512       512 

	Job terminated of its own accord at 2023-07-20T12:29:10Z with exit-code 0.
...
