000 (11392261.042.000) 2023-08-02 21:08:52 Job submitted from host: <128.104.101.92:9618?addrs=128.104.101.92-9618+[2607-f388-107c-501-a236-9fff-fe3c-caa8]-9618&alias=submit2.chtc.wisc.edu&noUDP&sock=schedd_1879732_618e>
...
040 (11392261.042.000) 2023-08-02 21:10:04 Started transferring input files
	Transferring to host: <128.105.69.100:9618?addrs=128.105.69.100-9618+[2607-f388-2200-100-1270-fdff-fe56-4634]-9618&alias=e4011.chtc.wisc.edu&noUDP&sock=slot1_29_3570163_8e35_70456>
...
040 (11392261.042.000) 2023-08-02 21:10:07 Finished transferring input files
...
001 (11392261.042.000) 2023-08-02 21:10:09 Job executing on host: <128.105.69.100:9618?addrs=128.105.69.100-9618+[2607-f388-2200-100-1270-fdff-fe56-4634]-9618&alias=e4011.chtc.wisc.edu&noUDP&sock=startd_15799_60dc>
	SlotName: slot1_29@e4011.chtc.wisc.edu
	CondorScratchDir = "/var/lib/condor/execute/slot1/dir_476925"
	Cpus = 1
	Disk = 1208198
	IoHeavy = 0
	Memory = 512
...
006 (11392261.042.000) 2023-08-02 21:10:17 Image size of job updated: 277248
	271  -  MemoryUsage of job (MB)
	277248  -  ResidentSetSize of job (KB)
...
006 (11392261.042.000) 2023-08-02 21:15:17 Image size of job updated: 524288
	510  -  MemoryUsage of job (MB)
	521816  -  ResidentSetSize of job (KB)
...
040 (11392261.042.000) 2023-08-02 21:15:30 Started transferring output files
...
040 (11392261.042.000) 2023-08-02 21:15:30 Finished transferring output files
...
005 (11392261.042.000) 2023-08-02 21:15:30 Job terminated.
	(1) Normal termination (return value 0)
		Usr 0 00:05:04, Sys 0 00:00:07  -  Run Remote Usage
		Usr 0 00:00:00, Sys 0 00:00:00  -  Run Local Usage
		Usr 0 00:05:04, Sys 0 00:00:07  -  Total Remote Usage
		Usr 0 00:00:00, Sys 0 00:00:00  -  Total Local Usage
	57857  -  Run Bytes Sent By Job
	32727852  -  Run Bytes Received By Job
	57857  -  Total Bytes Sent By Job
	32727852  -  Total Bytes Received By Job
	Partitionable Resources :     Usage  Request Allocated 
	   Cpus                 :      0.98        1         1 
	   Disk (KB)            : 255849      524288   1208198 
	   IoHeavy              :                            0 
	   Memory (MB)          :    510         512       512 

	Job terminated of its own accord at 2023-08-03T02:15:29Z with exit-code 0.
...
