000 (11139883.122.000) 2023-07-20 06:17:26 Job submitted from host: <128.104.101.92:9618?addrs=128.104.101.92-9618+[2607-f388-107c-501-a236-9fff-fe3c-caa8]-9618&alias=submit2.chtc.wisc.edu&noUDP&sock=schedd_1879732_618e>
...
040 (11139883.122.000) 2023-07-20 06:20:49 Started transferring input files
	Transferring to host: <128.105.69.193:9618?addrs=128.105.69.193-9618+[2607-f388-2200-100-1270-fdff-fe56-4604]-9618&alias=e4046.chtc.wisc.edu&noUDP&sock=slot1_72_1422684_5476_14354>
...
040 (11139883.122.000) 2023-07-20 06:20:52 Finished transferring input files
...
001 (11139883.122.000) 2023-07-20 06:20:53 Job executing on host: <128.105.69.193:9618?addrs=128.105.69.193-9618+[2607-f388-2200-100-1270-fdff-fe56-4604]-9618&alias=e4046.chtc.wisc.edu&noUDP&sock=startd_15967_9cc6>
	SlotName: slot1_72@e4046.chtc.wisc.edu
	CondorScratchDir = "/var/lib/condor/execute/slot1/dir_1290188"
	Cpus = 1
	Disk = 1208198
	IoHeavy = 0
	Memory = 512
...
006 (11139883.122.000) 2023-07-20 06:21:01 Image size of job updated: 390180
	380  -  MemoryUsage of job (MB)
	388896  -  ResidentSetSize of job (KB)
...
006 (11139883.122.000) 2023-07-20 06:25:08 Image size of job updated: 437516
	380  -  MemoryUsage of job (MB)
	388896  -  ResidentSetSize of job (KB)
...
040 (11139883.122.000) 2023-07-20 06:25:08 Started transferring output files
...
040 (11139883.122.000) 2023-07-20 06:25:08 Finished transferring output files
...
005 (11139883.122.000) 2023-07-20 06:25:28 Job terminated.
	(1) Normal termination (return value 0)
		Usr 0 00:04:08, Sys 0 00:00:02  -  Run Remote Usage
		Usr 0 00:00:00, Sys 0 00:00:00  -  Run Local Usage
		Usr 0 00:04:08, Sys 0 00:00:02  -  Total Remote Usage
		Usr 0 00:00:00, Sys 0 00:00:00  -  Total Local Usage
	57864  -  Run Bytes Sent By Job
	32725918  -  Run Bytes Received By Job
	57864  -  Total Bytes Sent By Job
	32725918  -  Total Bytes Received By Job
	Partitionable Resources :     Usage  Request Allocated 
	   Cpus                 :      0.99        1         1 
	   Disk (KB)            : 255231      524288   1208198 
	   IoHeavy              :                            0 
	   Memory (MB)          :    380         512       512 

	Job terminated of its own accord at 2023-07-20T11:25:08Z with exit-code 0.
...
