000 (11143209.028.000) 2023-07-20 21:06:51 Job submitted from host: <128.104.101.92:9618?addrs=128.104.101.92-9618+[2607-f388-107c-501-a236-9fff-fe3c-caa8]-9618&alias=submit2.chtc.wisc.edu&noUDP&sock=schedd_1879732_618e>
...
040 (11143209.028.000) 2023-07-20 21:08:22 Started transferring input files
	Transferring to host: <128.105.69.109:9618?addrs=128.105.69.109-9618+[2607-f388-2200-100-1270-fdff-fe56-bf64]-9618&alias=e4058.chtc.wisc.edu&noUDP&sock=slot1_199_22731_cbb5_15094>
...
040 (11143209.028.000) 2023-07-20 21:08:26 Finished transferring input files
...
001 (11143209.028.000) 2023-07-20 21:08:30 Job executing on host: <128.105.69.109:9618?addrs=128.105.69.109-9618+[2607-f388-2200-100-1270-fdff-fe56-bf64]-9618&alias=e4058.chtc.wisc.edu&noUDP&sock=startd_16529_18ff>
	SlotName: slot1_199@e4058.chtc.wisc.edu
	CondorScratchDir = "/var/lib/condor/execute/slot1/dir_332870"
	Cpus = 1
	Disk = 1208198
	IoHeavy = 0
	Memory = 512
...
006 (11143209.028.000) 2023-07-20 21:08:38 Image size of job updated: 276152
	261  -  MemoryUsage of job (MB)
	266364  -  ResidentSetSize of job (KB)
...
006 (11143209.028.000) 2023-07-20 21:13:38 Image size of job updated: 442848
	428  -  MemoryUsage of job (MB)
	437624  -  ResidentSetSize of job (KB)
...
006 (11143209.028.000) 2023-07-20 21:18:39 Image size of job updated: 448380
	428  -  MemoryUsage of job (MB)
	437624  -  ResidentSetSize of job (KB)
...
006 (11143209.028.000) 2023-07-20 21:23:39 Image size of job updated: 448380
	432  -  MemoryUsage of job (MB)
	441452  -  ResidentSetSize of job (KB)
...
040 (11143209.028.000) 2023-07-20 21:32:17 Started transferring output files
...
040 (11143209.028.000) 2023-07-20 21:32:17 Finished transferring output files
...
005 (11143209.028.000) 2023-07-20 21:32:17 Job terminated.
	(1) Normal termination (return value 0)
		Usr 0 00:23:22, Sys 0 00:00:09  -  Run Remote Usage
		Usr 0 00:00:00, Sys 0 00:00:00  -  Run Local Usage
		Usr 0 00:23:22, Sys 0 00:00:09  -  Total Remote Usage
		Usr 0 00:00:00, Sys 0 00:00:00  -  Total Local Usage
	57978  -  Run Bytes Sent By Job
	32725816  -  Run Bytes Received By Job
	57978  -  Total Bytes Sent By Job
	32725816  -  Total Bytes Received By Job
	Partitionable Resources :     Usage  Request Allocated 
	   Cpus                 :      0.99        1         1 
	   Disk (KB)            : 256093      524288   1208198 
	   IoHeavy              :                            0 
	   Memory (MB)          :    432         512       512 

	Job terminated of its own accord at 2023-07-21T02:32:17Z with exit-code 0.
...
