000 (11392261.110.000) 2023-08-02 21:08:53 Job submitted from host: <128.104.101.92:9618?addrs=128.104.101.92-9618+[2607-f388-107c-501-a236-9fff-fe3c-caa8]-9618&alias=submit2.chtc.wisc.edu&noUDP&sock=schedd_1879732_618e>
...
040 (11392261.110.000) 2023-08-02 21:10:13 Started transferring input files
	Transferring to host: <128.105.69.136:9618?addrs=128.105.69.136-9618+[2607-f388-2200-100-1270-fdff-fe56-c8dc]-9618&alias=e4041.chtc.wisc.edu&noUDP&sock=slot1_126_1608905_deeb_69860>
...
040 (11392261.110.000) 2023-08-02 21:10:15 Finished transferring input files
...
001 (11392261.110.000) 2023-08-02 21:10:16 Job executing on host: <128.105.69.136:9618?addrs=128.105.69.136-9618+[2607-f388-2200-100-1270-fdff-fe56-c8dc]-9618&alias=e4041.chtc.wisc.edu&noUDP&sock=startd_15863_46ec>
	SlotName: slot1_126@e4041.chtc.wisc.edu
	CondorScratchDir = "/var/lib/condor/execute/slot1/dir_2694465"
	Cpus = 1
	Disk = 1208198
	IoHeavy = 0
	Memory = 512
...
006 (11392261.110.000) 2023-08-02 21:10:25 Image size of job updated: 277556
	258  -  MemoryUsage of job (MB)
	263440  -  ResidentSetSize of job (KB)
...
006 (11392261.110.000) 2023-08-02 21:11:06 Image size of job updated: 399048
	258  -  MemoryUsage of job (MB)
	263440  -  ResidentSetSize of job (KB)
...
040 (11392261.110.000) 2023-08-02 21:11:06 Started transferring output files
...
040 (11392261.110.000) 2023-08-02 21:11:06 Finished transferring output files
...
005 (11392261.110.000) 2023-08-02 21:11:06 Job terminated.
	(1) Normal termination (return value 0)
		Usr 0 00:00:43, Sys 0 00:00:03  -  Run Remote Usage
		Usr 0 00:00:00, Sys 0 00:00:00  -  Run Local Usage
		Usr 0 00:00:43, Sys 0 00:00:03  -  Total Remote Usage
		Usr 0 00:00:00, Sys 0 00:00:00  -  Total Local Usage
	53703  -  Run Bytes Sent By Job
	32727852  -  Run Bytes Received By Job
	53703  -  Total Bytes Sent By Job
	32727852  -  Total Bytes Received By Job
	Partitionable Resources :     Usage  Request Allocated 
	   Cpus                 :      0.61        1         1 
	   Disk (KB)            : 256401      524288   1208198 
	   IoHeavy              :                            0 
	   Memory (MB)          :    258         512       512 

	Job terminated of its own accord at 2023-08-03T02:11:06Z with exit-code 0.
...
