000 (11392336.030.000) 2023-08-03 08:17:13 Job submitted from host: <128.104.101.92:9618?addrs=128.104.101.92-9618+[2607-f388-107c-501-a236-9fff-fe3c-caa8]-9618&alias=submit2.chtc.wisc.edu&noUDP&sock=schedd_1879732_618e>
...
040 (11392336.030.000) 2023-08-03 08:17:32 Started transferring input files
	Transferring to host: <128.105.69.187:9618?addrs=128.105.69.187-9618+[2607-f388-2200-100-1270-fdff-fe56-b86c]-9618&alias=e4039.chtc.wisc.edu&noUDP&sock=slot1_53_3589331_2540_77033>
...
040 (11392336.030.000) 2023-08-03 08:17:36 Finished transferring input files
...
001 (11392336.030.000) 2023-08-03 08:17:37 Job executing on host: <128.105.69.187:9618?addrs=128.105.69.187-9618+[2607-f388-2200-100-1270-fdff-fe56-b86c]-9618&alias=e4039.chtc.wisc.edu&noUDP&sock=startd_15786_7621>
	SlotName: slot1_53@e4039.chtc.wisc.edu
	CondorScratchDir = "/var/lib/condor/execute/slot1/dir_3712400"
	Cpus = 1
	Disk = 1208198
	IoHeavy = 0
	Memory = 512
...
006 (11392336.030.000) 2023-08-03 08:17:46 Image size of job updated: 275116
	214  -  MemoryUsage of job (MB)
	218592  -  ResidentSetSize of job (KB)
...
006 (11392336.030.000) 2023-08-03 08:19:20 Image size of job updated: 398808
	221  -  MemoryUsage of job (MB)
	225444  -  ResidentSetSize of job (KB)
...
040 (11392336.030.000) 2023-08-03 08:19:20 Started transferring output files
...
040 (11392336.030.000) 2023-08-03 08:19:20 Finished transferring output files
...
005 (11392336.030.000) 2023-08-03 08:19:20 Job terminated.
	(1) Normal termination (return value 0)
		Usr 0 00:01:30, Sys 0 00:00:09  -  Run Remote Usage
		Usr 0 00:00:00, Sys 0 00:00:00  -  Run Local Usage
		Usr 0 00:01:30, Sys 0 00:00:09  -  Total Remote Usage
		Usr 0 00:00:00, Sys 0 00:00:00  -  Total Local Usage
	53274  -  Run Bytes Sent By Job
	32727852  -  Run Bytes Received By Job
	53274  -  Total Bytes Sent By Job
	32727852  -  Total Bytes Received By Job
	Partitionable Resources :    Usage  Request Allocated 
	   Cpus                 :                 1         1 
	   Disk (KB)            :   256098   524288   1208198 
	   IoHeavy              :                           0 
	   Memory (MB)          :      221      512       512 

	Job terminated of its own accord at 2023-08-03T13:19:20Z with exit-code 0.
...
