000 (11143209.017.000) 2023-07-20 21:06:51 Job submitted from host: <128.104.101.92:9618?addrs=128.104.101.92-9618+[2607-f388-107c-501-a236-9fff-fe3c-caa8]-9618&alias=submit2.chtc.wisc.edu&noUDP&sock=schedd_1879732_618e>
...
040 (11143209.017.000) 2023-07-20 21:08:20 Started transferring input files
	Transferring to host: <128.105.69.196:9618?addrs=128.105.69.196-9618+[2607-f388-2200-100-1270-fdff-fe56-bf74]-9618&alias=e4049.chtc.wisc.edu&noUDP&sock=slot1_246_3460697_db11_20444>
...
040 (11143209.017.000) 2023-07-20 21:08:28 Finished transferring input files
...
001 (11143209.017.000) 2023-07-20 21:08:32 Job executing on host: <128.105.69.196:9618?addrs=128.105.69.196-9618+[2607-f388-2200-100-1270-fdff-fe56-bf74]-9618&alias=e4049.chtc.wisc.edu&noUDP&sock=startd_16763_9a29>
	SlotName: slot1_246@e4049.chtc.wisc.edu
	CondorScratchDir = "/var/lib/condor/execute/slot1/dir_3188159"
	Cpus = 1
	Disk = 1208198
	IoHeavy = 0
	Memory = 512
...
006 (11143209.017.000) 2023-07-20 21:08:40 Image size of job updated: 275284
	269  -  MemoryUsage of job (MB)
	274908  -  ResidentSetSize of job (KB)
...
006 (11143209.017.000) 2023-07-20 21:13:07 Image size of job updated: 418912
	269  -  MemoryUsage of job (MB)
	274908  -  ResidentSetSize of job (KB)
...
040 (11143209.017.000) 2023-07-20 21:13:07 Started transferring output files
...
040 (11143209.017.000) 2023-07-20 21:13:07 Finished transferring output files
...
005 (11143209.017.000) 2023-07-20 21:13:08 Job terminated.
	(1) Normal termination (return value 0)
		Usr 0 00:04:21, Sys 0 00:00:07  -  Run Remote Usage
		Usr 0 00:00:00, Sys 0 00:00:00  -  Run Local Usage
		Usr 0 00:04:21, Sys 0 00:00:07  -  Total Remote Usage
		Usr 0 00:00:00, Sys 0 00:00:00  -  Total Local Usage
	57826  -  Run Bytes Sent By Job
	32725816  -  Run Bytes Received By Job
	57826  -  Total Bytes Sent By Job
	32725816  -  Total Bytes Received By Job
	Partitionable Resources :     Usage  Request Allocated 
	   Cpus                 :      0.99        1         1 
	   Disk (KB)            : 256072      524288   1208198 
	   IoHeavy              :                            0 
	   Memory (MB)          :    269         512       512 

	Job terminated of its own accord at 2023-07-21T02:13:07Z with exit-code 0.
...
