000 (11392341.053.000) 2023-08-03 09:09:59 Job submitted from host: <128.104.101.92:9618?addrs=128.104.101.92-9618+[2607-f388-107c-501-a236-9fff-fe3c-caa8]-9618&alias=submit2.chtc.wisc.edu&noUDP&sock=schedd_1879732_618e>
...
040 (11392341.053.000) 2023-08-03 09:10:35 Started transferring input files
	Transferring to host: <128.105.69.92:9618?addrs=128.105.69.92-9618+[2607-f388-2200-100-1270-fdff-fe56-689c]-9618&alias=e4003.chtc.wisc.edu&noUDP&sock=slot1_10_3137456_5459_76964>
...
040 (11392341.053.000) 2023-08-03 09:10:36 Finished transferring input files
...
001 (11392341.053.000) 2023-08-03 09:10:37 Job executing on host: <128.105.69.92:9618?addrs=128.105.69.92-9618+[2607-f388-2200-100-1270-fdff-fe56-689c]-9618&alias=e4003.chtc.wisc.edu&noUDP&sock=startd_14115_4b60>
	SlotName: slot1_10@e4003.chtc.wisc.edu
	CondorScratchDir = "/var/lib/condor/execute/slot1/dir_2231150"
	Cpus = 1
	Disk = 1268229
	IoHeavy = 0
	Memory = 512
...
006 (11392341.053.000) 2023-08-03 09:10:47 Image size of job updated: 522148
	499  -  MemoryUsage of job (MB)
	510516  -  ResidentSetSize of job (KB)
...
006 (11392341.053.000) 2023-08-03 09:13:15 Image size of job updated: 524288
	499  -  MemoryUsage of job (MB)
	510516  -  ResidentSetSize of job (KB)
...
040 (11392341.053.000) 2023-08-03 09:13:15 Started transferring output files
...
040 (11392341.053.000) 2023-08-03 09:13:15 Finished transferring output files
...
005 (11392341.053.000) 2023-08-03 09:13:15 Job terminated.
	(1) Normal termination (return value 0)
		Usr 0 00:02:33, Sys 0 00:00:02  -  Run Remote Usage
		Usr 0 00:00:00, Sys 0 00:00:00  -  Run Local Usage
		Usr 0 00:02:33, Sys 0 00:00:02  -  Total Remote Usage
		Usr 0 00:00:00, Sys 0 00:00:00  -  Total Local Usage
	57020  -  Run Bytes Sent By Job
	32727736  -  Run Bytes Received By Job
	57020  -  Total Bytes Sent By Job
	32727736  -  Total Bytes Received By Job
	Partitionable Resources :    Usage  Request Allocated 
	   Cpus                 :                 1         1 
	   Disk (KB)            :   255207   524288   1268229 
	   IoHeavy              :                           0 
	   Memory (MB)          :      499      512       512 

	Job terminated of its own accord at 2023-08-03T14:13:15Z with exit-code 0.
...
