000 (11174826.033.000) 2023-07-25 19:31:08 Job submitted from host: <128.104.101.92:9618?addrs=128.104.101.92-9618+[2607-f388-107c-501-a236-9fff-fe3c-caa8]-9618&alias=submit2.chtc.wisc.edu&noUDP&sock=schedd_1879732_618e>
...
040 (11174826.033.000) 2023-07-25 19:32:58 Started transferring input files
	Transferring to host: <128.105.69.162:9618?addrs=128.105.69.162-9618+[2607-f388-2200-100-1270-fdff-fe56-bd0c]-9618&alias=e4095.chtc.wisc.edu&noUDP&sock=slot1_136_3408026_5f13_46786>
...
040 (11174826.033.000) 2023-07-25 19:33:01 Finished transferring input files
...
001 (11174826.033.000) 2023-07-25 19:33:02 Job executing on host: <128.105.69.162:9618?addrs=128.105.69.162-9618+[2607-f388-2200-100-1270-fdff-fe56-bd0c]-9618&alias=e4095.chtc.wisc.edu&noUDP&sock=startd_17175_332e>
	SlotName: slot1_136@e4095.chtc.wisc.edu
	CondorScratchDir = "/var/lib/condor/execute/slot1/dir_1703224"
	Cpus = 1
	Disk = 1208198
	IoHeavy = 0
	Memory = 512
...
006 (11174826.033.000) 2023-07-25 19:33:11 Image size of job updated: 381568
	329  -  MemoryUsage of job (MB)
	336256  -  ResidentSetSize of job (KB)
...
006 (11174826.033.000) 2023-07-25 19:38:12 Image size of job updated: 524288
	512  -  MemoryUsage of job (MB)
	524224  -  ResidentSetSize of job (KB)
...
040 (11174826.033.000) 2023-07-25 19:41:29 Started transferring output files
...
040 (11174826.033.000) 2023-07-25 19:41:29 Finished transferring output files
...
005 (11174826.033.000) 2023-07-25 19:41:29 Job terminated.
	(1) Normal termination (return value 0)
		Usr 0 00:08:08, Sys 0 00:00:08  -  Run Remote Usage
		Usr 0 00:00:00, Sys 0 00:00:00  -  Run Local Usage
		Usr 0 00:08:08, Sys 0 00:00:08  -  Total Remote Usage
		Usr 0 00:00:00, Sys 0 00:00:00  -  Total Local Usage
	58071  -  Run Bytes Sent By Job
	32725816  -  Run Bytes Received By Job
	58071  -  Total Bytes Sent By Job
	32725816  -  Total Bytes Received By Job
	Partitionable Resources :     Usage  Request Allocated 
	   Cpus                 :      0.99        1         1 
	   Disk (KB)            : 256376      524288   1208198 
	   IoHeavy              :                            0 
	   Memory (MB)          :    512         512       512 

	Job terminated of its own accord at 2023-07-26T00:41:29Z with exit-code 0.
...
