000 (11139883.157.000) 2023-07-20 06:17:26 Job submitted from host: <128.104.101.92:9618?addrs=128.104.101.92-9618+[2607-f388-107c-501-a236-9fff-fe3c-caa8]-9618&alias=submit2.chtc.wisc.edu&noUDP&sock=schedd_1879732_618e>
...
040 (11139883.157.000) 2023-07-20 06:20:53 Started transferring input files
	Transferring to host: <128.105.69.216:9618?addrs=128.105.69.216-9618&alias=e2599.chtc.wisc.edu&noUDP&sock=slot1_39_1030921_db1b_22819>
...
040 (11139883.157.000) 2023-07-20 06:20:55 Finished transferring input files
...
001 (11139883.157.000) 2023-07-20 06:20:56 Job executing on host: <128.105.69.216:9618?addrs=128.105.69.216-9618&alias=e2599.chtc.wisc.edu&noUDP&sock=startd_18846_5def>
	SlotName: slot1_39@e2599.chtc.wisc.edu
	CondorScratchDir = "/var/lib/condor/execute/slot1/dir_2312429"
	Cpus = 1
	Disk = 749021
	IoHeavy = 0
	Memory = 512
...
006 (11139883.157.000) 2023-07-20 06:21:05 Image size of job updated: 509512
	491  -  MemoryUsage of job (MB)
	501944  -  ResidentSetSize of job (KB)
...
006 (11139883.157.000) 2023-07-20 06:22:06 Image size of job updated: 520264
	491  -  MemoryUsage of job (MB)
	501944  -  ResidentSetSize of job (KB)
...
040 (11139883.157.000) 2023-07-20 06:22:06 Started transferring output files
...
040 (11139883.157.000) 2023-07-20 06:22:06 Finished transferring output files
...
005 (11139883.157.000) 2023-07-20 06:22:06 Job terminated.
	(1) Normal termination (return value 0)
		Usr 0 00:01:06, Sys 0 00:00:01  -  Run Remote Usage
		Usr 0 00:00:00, Sys 0 00:00:00  -  Run Local Usage
		Usr 0 00:01:06, Sys 0 00:00:01  -  Total Remote Usage
		Usr 0 00:00:00, Sys 0 00:00:00  -  Total Local Usage
	57477  -  Run Bytes Sent By Job
	32725918  -  Run Bytes Received By Job
	57477  -  Total Bytes Sent By Job
	32725918  -  Total Bytes Received By Job
	Partitionable Resources :     Usage  Request Allocated 
	   Cpus                 :      1.00        1         1 
	   Disk (KB)            : 255230      524288    749021 
	   IoHeavy              :                            0 
	   Memory (MB)          :    491         512       512 

	Job terminated of its own accord at 2023-07-20T11:22:06Z with exit-code 0.
...
