000 (11143179.018.000) 2023-07-20 20:15:22 Job submitted from host: <128.104.101.92:9618?addrs=128.104.101.92-9618+[2607-f388-107c-501-a236-9fff-fe3c-caa8]-9618&alias=submit2.chtc.wisc.edu&noUDP&sock=schedd_1879732_618e>
...
040 (11143179.018.000) 2023-07-20 20:17:27 Started transferring input files
	Transferring to host: <128.105.69.188:9618?addrs=128.105.69.188-9618+[2607-f388-2200-100-1270-fdff-fe56-bf54]-9618&alias=e4040.chtc.wisc.edu&noUDP&sock=slot1_207_940684_b9e6_23571>
...
040 (11143179.018.000) 2023-07-20 20:17:30 Finished transferring input files
...
001 (11143179.018.000) 2023-07-20 20:17:31 Job executing on host: <128.105.69.188:9618?addrs=128.105.69.188-9618+[2607-f388-2200-100-1270-fdff-fe56-bf54]-9618&alias=e4040.chtc.wisc.edu&noUDP&sock=startd_15998_e035>
	SlotName: slot1_207@e4040.chtc.wisc.edu
	CondorScratchDir = "/var/lib/condor/execute/slot1/dir_3412402"
	Cpus = 1
	Disk = 1208198
	IoHeavy = 0
	Memory = 512
...
006 (11143179.018.000) 2023-07-20 20:17:40 Image size of job updated: 389172
	361  -  MemoryUsage of job (MB)
	369188  -  ResidentSetSize of job (KB)
...
006 (11143179.018.000) 2023-07-20 20:17:58 Image size of job updated: 513792
	361  -  MemoryUsage of job (MB)
	369188  -  ResidentSetSize of job (KB)
...
040 (11143179.018.000) 2023-07-20 20:17:58 Started transferring output files
...
040 (11143179.018.000) 2023-07-20 20:17:59 Finished transferring output files
...
005 (11143179.018.000) 2023-07-20 20:17:59 Job terminated.
	(1) Normal termination (return value 1)
		Usr 0 00:00:18, Sys 0 00:00:05  -  Run Remote Usage
		Usr 0 00:00:00, Sys 0 00:00:00  -  Run Local Usage
		Usr 0 00:00:18, Sys 0 00:00:05  -  Total Remote Usage
		Usr 0 00:00:00, Sys 0 00:00:00  -  Total Local Usage
	3388  -  Run Bytes Sent By Job
	32725816  -  Run Bytes Received By Job
	3388  -  Total Bytes Sent By Job
	32725816  -  Total Bytes Received By Job
	Partitionable Resources :    Usage  Request Allocated 
	   Cpus                 :                 1         1 
	   Disk (KB)            :   256093   524288   1208198 
	   IoHeavy              :                           0 
	   Memory (MB)          :      361      512       512 

	Job terminated of its own accord at 2023-07-21T01:17:58Z with exit-code 1.
...
