000 (11178184.004.000) 2023-07-26 21:10:59 Job submitted from host: <128.104.101.92:9618?addrs=128.104.101.92-9618+[2607-f388-107c-501-a236-9fff-fe3c-caa8]-9618&alias=submit2.chtc.wisc.edu&noUDP&sock=schedd_1879732_618e>
...
040 (11178184.004.000) 2023-07-26 21:13:03 Started transferring input files
	Transferring to host: <128.105.69.175:9618?addrs=128.105.69.175-9618+[2607-f388-2200-100-1270-fdff-fe56-63d4]-9618&alias=e2558.chtc.wisc.edu&noUDP&sock=slot1_84_2375588_66d4_49763>
...
040 (11178184.004.000) 2023-07-26 21:13:05 Finished transferring input files
...
001 (11178184.004.000) 2023-07-26 21:13:06 Job executing on host: <128.105.69.175:9618?addrs=128.105.69.175-9618+[2607-f388-2200-100-1270-fdff-fe56-63d4]-9618&alias=e2558.chtc.wisc.edu&noUDP&sock=startd_13980_b217>
	SlotName: slot1_84@e2558.chtc.wisc.edu
	CondorScratchDir = "/var/lib/condor/execute/slot1/dir_2396059"
	Cpus = 1
	Disk = 1208198
	IoHeavy = 0
	Memory = 512
...
006 (11178184.004.000) 2023-07-26 21:13:15 Image size of job updated: 383296
	236  -  MemoryUsage of job (MB)
	241476  -  ResidentSetSize of job (KB)
...
006 (11178184.004.000) 2023-07-26 21:14:51 Image size of job updated: 517852
	237  -  MemoryUsage of job (MB)
	242500  -  ResidentSetSize of job (KB)
...
040 (11178184.004.000) 2023-07-26 21:14:51 Started transferring output files
...
040 (11178184.004.000) 2023-07-26 21:14:51 Finished transferring output files
...
005 (11178184.004.000) 2023-07-26 21:14:51 Job terminated.
	(1) Normal termination (return value 0)
		Usr 0 00:01:39, Sys 0 00:00:02  -  Run Remote Usage
		Usr 0 00:00:00, Sys 0 00:00:00  -  Run Local Usage
		Usr 0 00:01:39, Sys 0 00:00:02  -  Total Remote Usage
		Usr 0 00:00:00, Sys 0 00:00:00  -  Total Local Usage
	56462  -  Run Bytes Sent By Job
	32726544  -  Run Bytes Received By Job
	56462  -  Total Bytes Sent By Job
	32726544  -  Total Bytes Received By Job
	Partitionable Resources :    Usage  Request Allocated 
	   Cpus                 :                 1         1 
	   Disk (KB)            :   255222   524288   1208198 
	   IoHeavy              :                           0 
	   Memory (MB)          :      237      512       512 

	Job terminated of its own accord at 2023-07-27T02:14:51Z with exit-code 0.
...
