040 (11139799.001.000) 2023-07-19 21:18:22 Started transferring input files
	Transferring to host: <128.105.69.173:9618?addrs=128.105.69.173-9618+[2607-f388-2200-100-1270-fdff-fe56-6fbc]-9618&alias=e2556.chtc.wisc.edu&noUDP&sock=slot1_180_2705793_b227_10416>
...
040 (11139799.001.000) 2023-07-19 21:18:26 Finished transferring input files
...
001 (11139799.001.000) 2023-07-19 21:18:27 Job executing on host: <128.105.69.173:9618?addrs=128.105.69.173-9618+[2607-f388-2200-100-1270-fdff-fe56-6fbc]-9618&alias=e2556.chtc.wisc.edu&noUDP&sock=startd_13671_bf53>
	SlotName: slot1_180@e2556.chtc.wisc.edu
	CondorScratchDir = "/var/lib/condor/execute/slot1/dir_1326565"
	Cpus = 1
	Disk = 1208198
	IoHeavy = 0
	Memory = 512
...
006 (11139799.001.000) 2023-07-19 21:18:36 Image size of job updated: 267700
	262  -  MemoryUsage of job (MB)
	267368  -  ResidentSetSize of job (KB)
...
006 (11139799.001.000) 2023-07-19 21:19:13 Image size of job updated: 524288
	267  -  MemoryUsage of job (MB)
	273176  -  ResidentSetSize of job (KB)
...
040 (11139799.001.000) 2023-07-19 21:19:16 Started transferring output files
...
040 (11139799.001.000) 2023-07-19 21:19:16 Finished transferring output files
...
005 (11139799.001.000) 2023-07-19 21:19:17 Job terminated.
	(1) Normal termination (return value 1)
		Usr 0 00:00:29, Sys 0 00:00:09  -  Run Remote Usage
		Usr 0 00:00:00, Sys 0 00:00:00  -  Run Local Usage
		Usr 0 00:00:29, Sys 0 00:00:09  -  Total Remote Usage
		Usr 0 00:00:00, Sys 0 00:00:00  -  Total Local Usage
	3154  -  Run Bytes Sent By Job
	32725180  -  Run Bytes Received By Job
	3154  -  Total Bytes Sent By Job
	32725180  -  Total Bytes Received By Job
	Partitionable Resources :    Usage  Request Allocated 
	   Cpus                 :                 1         1 
	   Disk (KB)            :   255846   524288   1208198 
	   IoHeavy              :                           0 
	   Memory (MB)          :      267      512       512 

	Job terminated of its own accord at 2023-07-20T02:19:13Z with exit-code 1.
...
