000 (11174994.009.000) 2023-07-26 11:51:45 Job submitted from host: <128.104.101.92:9618?addrs=128.104.101.92-9618+[2607-f388-107c-501-a236-9fff-fe3c-caa8]-9618&alias=submit2.chtc.wisc.edu&noUDP&sock=schedd_1879732_618e>
...
040 (11174994.009.000) 2023-07-26 11:54:23 Started transferring input files
	Transferring to host: <128.105.69.175:9618?addrs=128.105.69.175-9618+[2607-f388-2200-100-1270-fdff-fe56-63d4]-9618&alias=e2558.chtc.wisc.edu&noUDP&sock=slot1_62_2375588_66d4_48267>
...
040 (11174994.009.000) 2023-07-26 11:54:25 Finished transferring input files
...
001 (11174994.009.000) 2023-07-26 11:54:27 Job executing on host: <128.105.69.175:9618?addrs=128.105.69.175-9618+[2607-f388-2200-100-1270-fdff-fe56-63d4]-9618&alias=e2558.chtc.wisc.edu&noUDP&sock=startd_13980_b217>
	SlotName: slot1_62@e2558.chtc.wisc.edu
	CondorScratchDir = "/var/lib/condor/execute/slot1/dir_783138"
	Cpus = 1
	Disk = 1208198
	IoHeavy = 0
	Memory = 512
...
006 (11174994.009.000) 2023-07-26 11:54:36 Image size of job updated: 382512
	284  -  MemoryUsage of job (MB)
	290100  -  ResidentSetSize of job (KB)
...
006 (11174994.009.000) 2023-07-26 11:56:29 Image size of job updated: 521580
	288  -  MemoryUsage of job (MB)
	293940  -  ResidentSetSize of job (KB)
...
040 (11174994.009.000) 2023-07-26 11:56:29 Started transferring output files
...
040 (11174994.009.000) 2023-07-26 11:56:29 Finished transferring output files
...
005 (11174994.009.000) 2023-07-26 11:56:29 Job terminated.
	(1) Normal termination (return value 0)
		Usr 0 00:01:56, Sys 0 00:00:02  -  Run Remote Usage
		Usr 0 00:00:00, Sys 0 00:00:00  -  Run Local Usage
		Usr 0 00:01:56, Sys 0 00:00:02  -  Total Remote Usage
		Usr 0 00:00:00, Sys 0 00:00:00  -  Total Local Usage
	57455  -  Run Bytes Sent By Job
	32726248  -  Run Bytes Received By Job
	57455  -  Total Bytes Sent By Job
	32726248  -  Total Bytes Received By Job
	Partitionable Resources :     Usage  Request Allocated 
	   Cpus                 :      0.99        1         1 
	   Disk (KB)            : 255232      524288   1208198 
	   IoHeavy              :                            0 
	   Memory (MB)          :    288         512       512 

	Job terminated of its own accord at 2023-07-26T16:56:29Z with exit-code 0.
...
