000 (11143179.041.000) 2023-07-20 20:15:22 Job submitted from host: <128.104.101.92:9618?addrs=128.104.101.92-9618+[2607-f388-107c-501-a236-9fff-fe3c-caa8]-9618&alias=submit2.chtc.wisc.edu&noUDP&sock=schedd_1879732_618e>
...
040 (11143179.041.000) 2023-07-20 20:17:29 Started transferring input files
	Transferring to host: <128.105.69.120:9618?addrs=128.105.69.120-9618+[2607-f388-2200-100-1270-fdff-fe56-67bc]-9618&alias=e4069.chtc.wisc.edu&noUDP&sock=slot1_147_340513_f670_21745>
...
040 (11143179.041.000) 2023-07-20 20:17:31 Finished transferring input files
...
001 (11143179.041.000) 2023-07-20 20:17:32 Job executing on host: <128.105.69.120:9618?addrs=128.105.69.120-9618+[2607-f388-2200-100-1270-fdff-fe56-67bc]-9618&alias=e4069.chtc.wisc.edu&noUDP&sock=startd_16955_4c58>
	SlotName: slot1_147@e4069.chtc.wisc.edu
	CondorScratchDir = "/var/lib/condor/execute/slot1/dir_3414465"
	Cpus = 1
	Disk = 1208198
	IoHeavy = 0
	Memory = 512
...
006 (11143179.041.000) 2023-07-20 20:17:42 Image size of job updated: 401876
	376  -  MemoryUsage of job (MB)
	384916  -  ResidentSetSize of job (KB)
...
006 (11143179.041.000) 2023-07-20 20:17:50 Image size of job updated: 524264
	379  -  MemoryUsage of job (MB)
	387988  -  ResidentSetSize of job (KB)
...
040 (11143179.041.000) 2023-07-20 20:17:55 Started transferring output files
...
040 (11143179.041.000) 2023-07-20 20:17:56 Finished transferring output files
...
005 (11143179.041.000) 2023-07-20 20:17:58 Job terminated.
	(1) Normal termination (return value 1)
		Usr 0 00:00:13, Sys 0 00:00:02  -  Run Remote Usage
		Usr 0 00:00:00, Sys 0 00:00:00  -  Run Local Usage
		Usr 0 00:00:13, Sys 0 00:00:02  -  Total Remote Usage
		Usr 0 00:00:00, Sys 0 00:00:00  -  Total Local Usage
	3388  -  Run Bytes Sent By Job
	32725816  -  Run Bytes Received By Job
	3388  -  Total Bytes Sent By Job
	32725816  -  Total Bytes Received By Job
	Partitionable Resources :    Usage  Request Allocated 
	   Cpus                 :                 1         1 
	   Disk (KB)            :   256399   524288   1208198 
	   IoHeavy              :                           0 
	   Memory (MB)          :      379      512       512 

	Job terminated of its own accord at 2023-07-21T01:17:50Z with exit-code 1.
...
