000 (11392261.021.000) 2023-08-02 21:08:52 Job submitted from host: <128.104.101.92:9618?addrs=128.104.101.92-9618+[2607-f388-107c-501-a236-9fff-fe3c-caa8]-9618&alias=submit2.chtc.wisc.edu&noUDP&sock=schedd_1879732_618e>
...
040 (11392261.021.000) 2023-08-02 21:10:03 Started transferring input files
	Transferring to host: <128.105.69.93:9618?addrs=128.105.69.93-9618+[2607-f388-2200-100-1270-fdff-fe56-ba3c]-9618&alias=e4004.chtc.wisc.edu&noUDP&sock=slot1_50_2078089_7172_64447>
...
040 (11392261.021.000) 2023-08-02 21:10:05 Finished transferring input files
...
001 (11392261.021.000) 2023-08-02 21:10:06 Job executing on host: <128.105.69.93:9618?addrs=128.105.69.93-9618+[2607-f388-2200-100-1270-fdff-fe56-ba3c]-9618&alias=e4004.chtc.wisc.edu&noUDP&sock=startd_13312_80d3>
	SlotName: slot1_50@e4004.chtc.wisc.edu
	CondorScratchDir = "/var/lib/condor/execute/slot1/dir_2276301"
	Cpus = 1
	Disk = 1268229
	IoHeavy = 0
	Memory = 512
...
006 (11392261.021.000) 2023-08-02 21:10:15 Image size of job updated: 280780
	224  -  MemoryUsage of job (MB)
	228968  -  ResidentSetSize of job (KB)
...
006 (11392261.021.000) 2023-08-02 21:15:15 Image size of job updated: 430268
	421  -  MemoryUsage of job (MB)
	430268  -  ResidentSetSize of job (KB)
...
006 (11392261.021.000) 2023-08-02 21:16:36 Image size of job updated: 432044
	421  -  MemoryUsage of job (MB)
	430268  -  ResidentSetSize of job (KB)
...
040 (11392261.021.000) 2023-08-02 21:16:36 Started transferring output files
...
040 (11392261.021.000) 2023-08-02 21:16:36 Finished transferring output files
...
005 (11392261.021.000) 2023-08-02 21:16:36 Job terminated.
	(1) Normal termination (return value 0)
		Usr 0 00:05:57, Sys 0 00:00:02  -  Run Remote Usage
		Usr 0 00:00:00, Sys 0 00:00:00  -  Run Local Usage
		Usr 0 00:05:57, Sys 0 00:00:02  -  Total Remote Usage
		Usr 0 00:00:00, Sys 0 00:00:00  -  Total Local Usage
	57760  -  Run Bytes Sent By Job
	32727852  -  Run Bytes Received By Job
	57760  -  Total Bytes Sent By Job
	32727852  -  Total Bytes Received By Job
	Partitionable Resources :     Usage  Request Allocated 
	   Cpus                 :      0.99        1         1 
	   Disk (KB)            : 256081      524288   1268229 
	   IoHeavy              :                            0 
	   Memory (MB)          :    421         512       512 

	Job terminated of its own accord at 2023-08-03T02:16:36Z with exit-code 0.
...
