000 (11139883.003.000) 2023-07-20 06:17:26 Job submitted from host: <128.104.101.92:9618?addrs=128.104.101.92-9618+[2607-f388-107c-501-a236-9fff-fe3c-caa8]-9618&alias=submit2.chtc.wisc.edu&noUDP&sock=schedd_1879732_618e>
...
040 (11139883.003.000) 2023-07-20 06:20:49 Started transferring input files
	Transferring to host: <128.105.69.200:9618?addrs=128.105.69.200-9618+[2607-f388-2200-100-1270-fdff-fe36-581c]-9618&alias=e4029.chtc.wisc.edu&noUDP&sock=slot1_216_3542147_bfc1_18204>
...
040 (11139883.003.000) 2023-07-20 06:20:51 Finished transferring input files
...
001 (11139883.003.000) 2023-07-20 06:20:52 Job executing on host: <128.105.69.200:9618?addrs=128.105.69.200-9618+[2607-f388-2200-100-1270-fdff-fe36-581c]-9618&alias=e4029.chtc.wisc.edu&noUDP&sock=startd_15873_22df>
	SlotName: slot1_216@e4029.chtc.wisc.edu
	CondorScratchDir = "/var/lib/condor/execute/slot1/dir_1494254"
	Cpus = 1
	Disk = 1208198
	IoHeavy = 0
	Memory = 512
...
006 (11139883.003.000) 2023-07-20 06:21:01 Image size of job updated: 276572
	270  -  MemoryUsage of job (MB)
	276400  -  ResidentSetSize of job (KB)
...
006 (11139883.003.000) 2023-07-20 06:26:01 Image size of job updated: 523072
	498  -  MemoryUsage of job (MB)
	509388  -  ResidentSetSize of job (KB)
...
006 (11139883.003.000) 2023-07-20 06:31:02 Image size of job updated: 524288
	504  -  MemoryUsage of job (MB)
	515964  -  ResidentSetSize of job (KB)
...
040 (11139883.003.000) 2023-07-20 07:02:20 Started transferring output files
...
040 (11139883.003.000) 2023-07-20 07:02:20 Finished transferring output files
...
005 (11139883.003.000) 2023-07-20 07:02:20 Job terminated.
	(1) Normal termination (return value 0)
		Usr 0 00:40:19, Sys 0 00:00:19  -  Run Remote Usage
		Usr 0 00:00:00, Sys 0 00:00:00  -  Run Local Usage
		Usr 0 00:40:19, Sys 0 00:00:19  -  Total Remote Usage
		Usr 0 00:00:00, Sys 0 00:00:00  -  Total Local Usage
	57004  -  Run Bytes Sent By Job
	32725918  -  Run Bytes Received By Job
	57004  -  Total Bytes Sent By Job
	32725918  -  Total Bytes Received By Job
	Partitionable Resources :     Usage  Request Allocated 
	   Cpus                 :      0.99        1         1 
	   Disk (KB)            : 256070      524288   1208198 
	   IoHeavy              :                            0 
	   Memory (MB)          :    504         512       512 

	Job terminated of its own accord at 2023-07-20T12:02:20Z with exit-code 0.
...
