000 (11392341.006.000) 2023-08-03 09:09:59 Job submitted from host: <128.104.101.92:9618?addrs=128.104.101.92-9618+[2607-f388-107c-501-a236-9fff-fe3c-caa8]-9618&alias=submit2.chtc.wisc.edu&noUDP&sock=schedd_1879732_618e>
...
040 (11392341.006.000) 2023-08-03 09:10:24 Started transferring input files
	Transferring to host: <128.105.69.101:9618?addrs=128.105.69.101-9618+[2607-f388-2200-100-1270-fdff-fe56-bae4]-9618&alias=e4012.chtc.wisc.edu&noUDP&sock=slot1_27_3576311_60af_64355>
...
040 (11392341.006.000) 2023-08-03 09:10:29 Finished transferring input files
...
001 (11392341.006.000) 2023-08-03 09:10:30 Job executing on host: <128.105.69.101:9618?addrs=128.105.69.101-9618+[2607-f388-2200-100-1270-fdff-fe56-bae4]-9618&alias=e4012.chtc.wisc.edu&noUDP&sock=startd_15697_6a33>
	SlotName: slot1_27@e4012.chtc.wisc.edu
	CondorScratchDir = "/var/lib/condor/execute/slot1/dir_1250269"
	Cpus = 1
	Disk = 1208198
	IoHeavy = 0
	Memory = 512
...
006 (11392341.006.000) 2023-08-03 09:10:39 Image size of job updated: 157732
	152  -  MemoryUsage of job (MB)
	155232  -  ResidentSetSize of job (KB)
...
006 (11392341.006.000) 2023-08-03 09:15:40 Image size of job updated: 419196
	410  -  MemoryUsage of job (MB)
	419196  -  ResidentSetSize of job (KB)
...
006 (11392341.006.000) 2023-08-03 09:20:39 Image size of job updated: 421484
	410  -  MemoryUsage of job (MB)
	419196  -  ResidentSetSize of job (KB)
...
040 (11392341.006.000) 2023-08-03 09:20:39 Started transferring output files
...
040 (11392341.006.000) 2023-08-03 09:20:39 Finished transferring output files
...
005 (11392341.006.000) 2023-08-03 09:20:40 Job terminated.
	(1) Normal termination (return value 0)
		Usr 0 00:09:43, Sys 0 00:00:13  -  Run Remote Usage
		Usr 0 00:00:00, Sys 0 00:00:00  -  Run Local Usage
		Usr 0 00:09:43, Sys 0 00:00:13  -  Total Remote Usage
		Usr 0 00:00:00, Sys 0 00:00:00  -  Total Local Usage
	56999  -  Run Bytes Sent By Job
	32727736  -  Run Bytes Received By Job
	56999  -  Total Bytes Sent By Job
	32727736  -  Total Bytes Received By Job
	Partitionable Resources :     Usage  Request Allocated 
	   Cpus                 :      0.99        1         1 
	   Disk (KB)            : 255810      524288   1208198 
	   IoHeavy              :                            0 
	   Memory (MB)          :    410         512       512 

	Job terminated of its own accord at 2023-08-03T14:20:39Z with exit-code 0.
...
