000 (11143209.002.000) 2023-07-20 21:06:51 Job submitted from host: <128.104.101.92:9618?addrs=128.104.101.92-9618+[2607-f388-107c-501-a236-9fff-fe3c-caa8]-9618&alias=submit2.chtc.wisc.edu&noUDP&sock=schedd_1879732_618e>
...
040 (11143209.002.000) 2023-07-20 21:07:53 Started transferring input files
	Transferring to host: <128.105.69.117:9618?addrs=128.105.69.117-9618+[2607-f388-2200-100-1270-fdff-fe56-7b34]-9618&alias=e4066.chtc.wisc.edu&noUDP&sock=slot1_31_2463415_77e7_35077>
...
040 (11143209.002.000) 2023-07-20 21:08:21 Finished transferring input files
...
001 (11143209.002.000) 2023-07-20 21:08:23 Job executing on host: <128.105.69.117:9618?addrs=128.105.69.117-9618+[2607-f388-2200-100-1270-fdff-fe56-7b34]-9618&alias=e4066.chtc.wisc.edu&noUDP&sock=startd_18717_e237>
	SlotName: slot1_31@e4066.chtc.wisc.edu
	CondorScratchDir = "/var/lib/condor/execute/slot1/dir_3680540"
	Cpus = 1
	Disk = 1208198
	IoHeavy = 0
	Memory = 512
...
006 (11143209.002.000) 2023-07-20 21:08:31 Image size of job updated: 294092
	282  -  MemoryUsage of job (MB)
	288448  -  ResidentSetSize of job (KB)
...
006 (11143209.002.000) 2023-07-20 21:13:31 Image size of job updated: 492376
	455  -  MemoryUsage of job (MB)
	464988  -  ResidentSetSize of job (KB)
...
006 (11143209.002.000) 2023-07-20 21:18:33 Image size of job updated: 496848
	476  -  MemoryUsage of job (MB)
	486584  -  ResidentSetSize of job (KB)
...
006 (11143209.002.000) 2023-07-20 21:23:33 Image size of job updated: 496848
	484  -  MemoryUsage of job (MB)
	494800  -  ResidentSetSize of job (KB)
...
