000 (11392341.045.000) 2023-08-03 09:09:59 Job submitted from host: <128.104.101.92:9618?addrs=128.104.101.92-9618+[2607-f388-107c-501-a236-9fff-fe3c-caa8]-9618&alias=submit2.chtc.wisc.edu&noUDP&sock=schedd_1879732_618e>
...
040 (11392341.045.000) 2023-08-03 09:10:30 Started transferring input files
	Transferring to host: <128.105.69.205:9618?addrs=128.105.69.205-9618+[2607-f388-2200-100-eaeb-d3ff-fe40-294c]-9618&alias=e2588.chtc.wisc.edu&noUDP&sock=slot1_2_3681644_014a_67373>
...
040 (11392341.045.000) 2023-08-03 09:10:33 Finished transferring input files
...
001 (11392341.045.000) 2023-08-03 09:10:34 Job executing on host: <128.105.69.205:9618?addrs=128.105.69.205-9618+[2607-f388-2200-100-eaeb-d3ff-fe40-294c]-9618&alias=e2588.chtc.wisc.edu&noUDP&sock=startd_16569_88c9>
	SlotName: slot1_2@e2588.chtc.wisc.edu
	CondorScratchDir = "/var/lib/condor/execute/slot1/dir_2558560"
	Cpus = 1
	Disk = 1458998
	IoHeavy = 0
	Memory = 512
...
006 (11392341.045.000) 2023-08-03 09:10:42 Image size of job updated: 506588
	461  -  MemoryUsage of job (MB)
	471076  -  ResidentSetSize of job (KB)
...
006 (11392341.045.000) 2023-08-03 09:15:42 Image size of job updated: 524288
	497  -  MemoryUsage of job (MB)
	508312  -  ResidentSetSize of job (KB)
...
006 (11392341.045.000) 2023-08-03 09:30:43 Image size of job updated: 524288
	498  -  MemoryUsage of job (MB)
	509228  -  ResidentSetSize of job (KB)
...
040 (11392341.045.000) 2023-08-03 09:32:30 Started transferring output files
...
040 (11392341.045.000) 2023-08-03 09:32:30 Finished transferring output files
...
005 (11392341.045.000) 2023-08-03 09:32:30 Job terminated.
	(1) Normal termination (return value 0)
		Usr 0 00:21:32, Sys 0 00:00:12  -  Run Remote Usage
		Usr 0 00:00:00, Sys 0 00:00:00  -  Run Local Usage
		Usr 0 00:21:32, Sys 0 00:00:12  -  Total Remote Usage
		Usr 0 00:00:00, Sys 0 00:00:00  -  Total Local Usage
	57040  -  Run Bytes Sent By Job
	32727736  -  Run Bytes Received By Job
	57040  -  Total Bytes Sent By Job
	32727736  -  Total Bytes Received By Job
	Partitionable Resources :     Usage  Request Allocated 
	   Cpus                 :      0.99        1         1 
	   Disk (KB)            : 255233      524288   1458998 
	   IoHeavy              :                            0 
	   Memory (MB)          :    498         512       512 

	Job terminated of its own accord at 2023-08-03T14:32:30Z with exit-code 0.
...
