000 (11139805.002.000) 2023-07-19 21:31:36 Job submitted from host: <128.104.101.92:9618?addrs=128.104.101.92-9618+[2607-f388-107c-501-a236-9fff-fe3c-caa8]-9618&alias=submit2.chtc.wisc.edu&noUDP&sock=schedd_1879732_618e>
...
040 (11139805.002.000) 2023-07-19 21:33:57 Started transferring input files
	Transferring to host: <128.105.69.208:9618?addrs=128.105.69.208-9618+[2607-f388-2200-100-eaeb-d3ff-fe3f-fbcc]-9618&alias=e2591.chtc.wisc.edu&noUDP&sock=slot1_64_1507060_dadd_18397>
...
040 (11139805.002.000) 2023-07-19 21:34:00 Finished transferring input files
...
001 (11139805.002.000) 2023-07-19 21:34:01 Job executing on host: <128.105.69.208:9618?addrs=128.105.69.208-9618+[2607-f388-2200-100-eaeb-d3ff-fe3f-fbcc]-9618&alias=e2591.chtc.wisc.edu&noUDP&sock=startd_18801_802c>
	SlotName: slot1_64@e2591.chtc.wisc.edu
	CondorScratchDir = "/var/lib/condor/execute/slot1/dir_1290641"
	Cpus = 1
	Disk = 1458998
	IoHeavy = 0
	Memory = 512
...
006 (11139805.002.000) 2023-07-19 21:34:11 Image size of job updated: 229608
	218  -  MemoryUsage of job (MB)
	222364  -  ResidentSetSize of job (KB)
...
006 (11139805.002.000) 2023-07-19 21:35:38 Image size of job updated: 523504
	218  -  MemoryUsage of job (MB)
	222364  -  ResidentSetSize of job (KB)
...
040 (11139805.002.000) 2023-07-19 21:35:38 Started transferring output files
...
040 (11139805.002.000) 2023-07-19 21:35:38 Finished transferring output files
...
005 (11139805.002.000) 2023-07-19 21:35:38 Job terminated.
	(1) Normal termination (return value 0)
		Usr 0 00:01:23, Sys 0 00:00:07  -  Run Remote Usage
		Usr 0 00:00:00, Sys 0 00:00:00  -  Run Local Usage
		Usr 0 00:01:23, Sys 0 00:00:07  -  Total Remote Usage
		Usr 0 00:00:00, Sys 0 00:00:00  -  Total Local Usage
	3477  -  Run Bytes Sent By Job
	32725172  -  Run Bytes Received By Job
	3477  -  Total Bytes Sent By Job
	32725172  -  Total Bytes Received By Job
	Partitionable Resources :    Usage  Request Allocated 
	   Cpus                 :                 1         1 
	   Disk (KB)            :   255947   524288   1458998 
	   IoHeavy              :                           0 
	   Memory (MB)          :      218      512       512 

	Job terminated of its own accord at 2023-07-20T02:35:38Z with exit-code 0.
...
