000 (11139883.063.000) 2023-07-20 06:17:26 Job submitted from host: <128.104.101.92:9618?addrs=128.104.101.92-9618+[2607-f388-107c-501-a236-9fff-fe3c-caa8]-9618&alias=submit2.chtc.wisc.edu&noUDP&sock=schedd_1879732_618e>
...
040 (11139883.063.000) 2023-07-20 06:20:58 Started transferring input files
	Transferring to host: <128.105.69.116:9618?addrs=128.105.69.116-9618+[2607-f388-2200-100-1270-fdff-fe56-ccbc]-9618&alias=e4065.chtc.wisc.edu&noUDP&sock=slot1_88_1403375_6485_21726>
...
040 (11139883.063.000) 2023-07-20 06:21:00 Finished transferring input files
...
001 (11139883.063.000) 2023-07-20 06:21:01 Job executing on host: <128.105.69.116:9618?addrs=128.105.69.116-9618+[2607-f388-2200-100-1270-fdff-fe56-ccbc]-9618&alias=e4065.chtc.wisc.edu&noUDP&sock=startd_16975_043d>
	SlotName: slot1_88@e4065.chtc.wisc.edu
	CondorScratchDir = "/var/lib/condor/execute/slot1/dir_1344560"
	Cpus = 1
	Disk = 1208198
	IoHeavy = 0
	Memory = 512
...
006 (11139883.063.000) 2023-07-20 06:21:10 Image size of job updated: 422888
	413  -  MemoryUsage of job (MB)
	422224  -  ResidentSetSize of job (KB)
...
006 (11139883.063.000) 2023-07-20 06:26:11 Image size of job updated: 524288
	490  -  MemoryUsage of job (MB)
	501108  -  ResidentSetSize of job (KB)
...
040 (11139883.063.000) 2023-07-20 06:54:40 Started transferring output files
...
040 (11139883.063.000) 2023-07-20 06:54:40 Finished transferring output files
...
005 (11139883.063.000) 2023-07-20 06:54:40 Job terminated.
	(1) Normal termination (return value 0)
		Usr 0 00:32:59, Sys 0 00:00:10  -  Run Remote Usage
		Usr 0 00:00:00, Sys 0 00:00:00  -  Run Local Usage
		Usr 0 00:32:59, Sys 0 00:00:10  -  Total Remote Usage
		Usr 0 00:00:00, Sys 0 00:00:00  -  Total Local Usage
	57855  -  Run Bytes Sent By Job
	32725918  -  Run Bytes Received By Job
	57855  -  Total Bytes Sent By Job
	32725918  -  Total Bytes Received By Job
	Partitionable Resources :     Usage  Request Allocated 
	   Cpus                 :      0.98        1         1 
	   Disk (KB)            : 255231      524288   1208198 
	   IoHeavy              :                            0 
	   Memory (MB)          :    490         512       512 

	Job terminated of its own accord at 2023-07-20T11:54:40Z with exit-code 0.
...
