000 (11139805.005.000) 2023-07-19 21:31:36 Job submitted from host: <128.104.101.92:9618?addrs=128.104.101.92-9618+[2607-f388-107c-501-a236-9fff-fe3c-caa8]-9618&alias=submit2.chtc.wisc.edu&noUDP&sock=schedd_1879732_618e>
...
040 (11139805.005.000) 2023-07-19 21:33:57 Started transferring input files
	Transferring to host: <128.105.69.119:9618?addrs=128.105.69.119-9618+[2607-f388-2200-100-1270-fdff-fe56-ccdc]-9618&alias=e4068.chtc.wisc.edu&noUDP&sock=slot1_246_1718799_229f_22062>
...
040 (11139805.005.000) 2023-07-19 21:33:59 Finished transferring input files
...
001 (11139805.005.000) 2023-07-19 21:34:00 Job executing on host: <128.105.69.119:9618?addrs=128.105.69.119-9618+[2607-f388-2200-100-1270-fdff-fe56-ccdc]-9618&alias=e4068.chtc.wisc.edu&noUDP&sock=startd_17009_5675>
	SlotName: slot1_246@e4068.chtc.wisc.edu
	CondorScratchDir = "/var/lib/condor/execute/slot1/dir_1804647"
	Cpus = 1
	Disk = 1208198
	IoHeavy = 0
	Memory = 512
...
006 (11139805.005.000) 2023-07-19 21:34:08 Image size of job updated: 276112
	228  -  MemoryUsage of job (MB)
	232900  -  ResidentSetSize of job (KB)
...
006 (11139805.005.000) 2023-07-19 21:34:33 Image size of job updated: 520604
	236  -  MemoryUsage of job (MB)
	241092  -  ResidentSetSize of job (KB)
...
040 (11139805.005.000) 2023-07-19 21:34:34 Started transferring output files
...
040 (11139805.005.000) 2023-07-19 21:34:34 Finished transferring output files
...
005 (11139805.005.000) 2023-07-19 21:34:36 Job terminated.
	(1) Normal termination (return value 0)
		Usr 0 00:00:29, Sys 0 00:00:02  -  Run Remote Usage
		Usr 0 00:00:00, Sys 0 00:00:00  -  Run Local Usage
		Usr 0 00:00:29, Sys 0 00:00:02  -  Total Remote Usage
		Usr 0 00:00:00, Sys 0 00:00:00  -  Total Local Usage
	3470  -  Run Bytes Sent By Job
	32725172  -  Run Bytes Received By Job
	3470  -  Total Bytes Sent By Job
	32725172  -  Total Bytes Received By Job
	Partitionable Resources :    Usage  Request Allocated 
	   Cpus                 :                 1         1 
	   Disk (KB)            :   256396   524288   1208198 
	   IoHeavy              :                           0 
	   Memory (MB)          :      236      512       512 

	Job terminated of its own accord at 2023-07-20T02:34:33Z with exit-code 0.
...
