000 (11143209.045.000) 2023-07-20 21:06:51 Job submitted from host: <128.104.101.92:9618?addrs=128.104.101.92-9618+[2607-f388-107c-501-a236-9fff-fe3c-caa8]-9618&alias=submit2.chtc.wisc.edu&noUDP&sock=schedd_1879732_618e>
...
040 (11143209.045.000) 2023-07-20 21:08:23 Started transferring input files
	Transferring to host: <128.105.69.231:9618?addrs=128.105.69.231-9618+[2607-f388-2200-100-eaeb-d3ff-fe3f-fbfc]-9618&alias=e2614.chtc.wisc.edu&noUDP&sock=slot1_153_1949178_fb58_16050>
...
040 (11143209.045.000) 2023-07-20 21:08:45 Finished transferring input files
...
001 (11143209.045.000) 2023-07-20 21:08:46 Job executing on host: <128.105.69.231:9618?addrs=128.105.69.231-9618+[2607-f388-2200-100-eaeb-d3ff-fe3f-fbfc]-9618&alias=e2614.chtc.wisc.edu&noUDP&sock=startd_11686_33d5>
	SlotName: slot1_153@e2614.chtc.wisc.edu
	CondorScratchDir = "/var/lib/condor/execute/slot1/dir_2116954"
	Cpus = 1
	Disk = 1458998
	IoHeavy = 0
	Memory = 512
...
006 (11143209.045.000) 2023-07-20 21:08:56 Image size of job updated: 394800
	386  -  MemoryUsage of job (MB)
	394800  -  ResidentSetSize of job (KB)
...
006 (11143209.045.000) 2023-07-20 21:12:32 Image size of job updated: 524288
	386  -  MemoryUsage of job (MB)
	394800  -  ResidentSetSize of job (KB)
...
040 (11143209.045.000) 2023-07-20 21:12:32 Started transferring output files
...
040 (11143209.045.000) 2023-07-20 21:12:32 Finished transferring output files
...
005 (11143209.045.000) 2023-07-20 21:12:32 Job terminated.
	(1) Normal termination (return value 0)
		Usr 0 00:03:38, Sys 0 00:00:04  -  Run Remote Usage
		Usr 0 00:00:00, Sys 0 00:00:00  -  Run Local Usage
		Usr 0 00:03:38, Sys 0 00:00:04  -  Total Remote Usage
		Usr 0 00:00:00, Sys 0 00:00:00  -  Total Local Usage
	58052  -  Run Bytes Sent By Job
	32725816  -  Run Bytes Received By Job
	58052  -  Total Bytes Sent By Job
	32725816  -  Total Bytes Received By Job
	Partitionable Resources :     Usage  Request Allocated 
	   Cpus                 :      0.99        1         1 
	   Disk (KB)            : 256377      524288   1458998 
	   IoHeavy              :                            0 
	   Memory (MB)          :    386         512       512 

	Job terminated of its own accord at 2023-07-21T02:12:32Z with exit-code 0.
...
