000 (11392336.052.000) 2023-08-03 08:17:14 Job submitted from host: <128.104.101.92:9618?addrs=128.104.101.92-9618+[2607-f388-107c-501-a236-9fff-fe3c-caa8]-9618&alias=submit2.chtc.wisc.edu&noUDP&sock=schedd_1879732_618e>
...
040 (11392336.052.000) 2023-08-03 08:17:34 Started transferring input files
	Transferring to host: <128.105.69.139:9618?addrs=128.105.69.139-9618+[2607-f388-2200-100-1270-fdff-fe56-79fc]-9618&alias=e4016.chtc.wisc.edu&noUDP&sock=slot1_58_1794997_84fa_75544>
...
040 (11392336.052.000) 2023-08-03 08:17:36 Finished transferring input files
...
001 (11392336.052.000) 2023-08-03 08:17:37 Job executing on host: <128.105.69.139:9618?addrs=128.105.69.139-9618+[2607-f388-2200-100-1270-fdff-fe56-79fc]-9618&alias=e4016.chtc.wisc.edu&noUDP&sock=startd_15800_1075>
	SlotName: slot1_58@e4016.chtc.wisc.edu
	CondorScratchDir = "/var/lib/condor/execute/slot1/dir_2288657"
	Cpus = 1
	Disk = 1208198
	IoHeavy = 0
	Memory = 512
...
006 (11392336.052.000) 2023-08-03 08:17:46 Image size of job updated: 384272
	376  -  MemoryUsage of job (MB)
	384220  -  ResidentSetSize of job (KB)
...
006 (11392336.052.000) 2023-08-03 08:22:47 Image size of job updated: 524288
	508  -  MemoryUsage of job (MB)
	519352  -  ResidentSetSize of job (KB)
...
040 (11392336.052.000) 2023-08-03 08:25:50 Started transferring output files
...
040 (11392336.052.000) 2023-08-03 08:25:50 Finished transferring output files
...
005 (11392336.052.000) 2023-08-03 08:25:50 Job terminated.
	(1) Normal termination (return value 0)
		Usr 0 00:07:59, Sys 0 00:00:05  -  Run Remote Usage
		Usr 0 00:00:00, Sys 0 00:00:00  -  Run Local Usage
		Usr 0 00:07:59, Sys 0 00:00:05  -  Total Remote Usage
		Usr 0 00:00:00, Sys 0 00:00:00  -  Total Local Usage
	56998  -  Run Bytes Sent By Job
	32727852  -  Run Bytes Received By Job
	56998  -  Total Bytes Sent By Job
	32727852  -  Total Bytes Received By Job
	Partitionable Resources :     Usage  Request Allocated 
	   Cpus                 :      0.99        1         1 
	   Disk (KB)            : 256383      524288   1208198 
	   IoHeavy              :                            0 
	   Memory (MB)          :    508         512       512 

	Job terminated of its own accord at 2023-08-03T13:25:50Z with exit-code 0.
...
