000 (11139883.074.000) 2023-07-20 06:17:26 Job submitted from host: <128.104.101.92:9618?addrs=128.104.101.92-9618+[2607-f388-107c-501-a236-9fff-fe3c-caa8]-9618&alias=submit2.chtc.wisc.edu&noUDP&sock=schedd_1879732_618e>
...
040 (11139883.074.000) 2023-07-20 06:21:20 Started transferring input files
	Transferring to host: <128.105.69.225:9618?addrs=128.105.69.225-9618+[2607-f388-2200-100-eaeb-d3ff-fe40-112c]-9618&alias=e2608.chtc.wisc.edu&noUDP&sock=slot1_39_1600247_86cb_29392>
...
040 (11139883.074.000) 2023-07-20 06:21:22 Finished transferring input files
...
001 (11139883.074.000) 2023-07-20 06:21:24 Job executing on host: <128.105.69.225:9618?addrs=128.105.69.225-9618+[2607-f388-2200-100-eaeb-d3ff-fe40-112c]-9618&alias=e2608.chtc.wisc.edu&noUDP&sock=startd_18726_0e91>
	SlotName: slot1_39@e2608.chtc.wisc.edu
	CondorScratchDir = "/var/lib/condor/execute/slot1/dir_791236"
	Cpus = 1
	Disk = 1458998
	IoHeavy = 0
	Memory = 512
...
006 (11139883.074.000) 2023-07-20 06:21:33 Image size of job updated: 407984
	345  -  MemoryUsage of job (MB)
	352412  -  ResidentSetSize of job (KB)
...
006 (11139883.074.000) 2023-07-20 06:26:34 Image size of job updated: 457108
	445  -  MemoryUsage of job (MB)
	454824  -  ResidentSetSize of job (KB)
...
040 (11139883.074.000) 2023-07-20 06:30:03 Started transferring output files
...
040 (11139883.074.000) 2023-07-20 06:30:03 Finished transferring output files
...
005 (11139883.074.000) 2023-07-20 06:30:03 Job terminated.
	(1) Normal termination (return value 0)
		Usr 0 00:08:27, Sys 0 00:00:03  -  Run Remote Usage
		Usr 0 00:00:00, Sys 0 00:00:00  -  Run Local Usage
		Usr 0 00:08:27, Sys 0 00:00:03  -  Total Remote Usage
		Usr 0 00:00:00, Sys 0 00:00:00  -  Total Local Usage
	57995  -  Run Bytes Sent By Job
	32725918  -  Run Bytes Received By Job
	57995  -  Total Bytes Sent By Job
	32725918  -  Total Bytes Received By Job
	Partitionable Resources :     Usage  Request Allocated 
	   Cpus                 :      0.99        1         1 
	   Disk (KB)            : 255231      524288   1458998 
	   IoHeavy              :                            0 
	   Memory (MB)          :    445         512       512 

	Job terminated of its own accord at 2023-07-20T11:30:03Z with exit-code 0.
...
