000 (11174826.042.000) 2023-07-25 19:31:08 Job submitted from host: <128.104.101.92:9618?addrs=128.104.101.92-9618+[2607-f388-107c-501-a236-9fff-fe3c-caa8]-9618&alias=submit2.chtc.wisc.edu&noUDP&sock=schedd_1879732_618e>
...
040 (11174826.042.000) 2023-07-25 19:32:59 Started transferring input files
	Transferring to host: <128.105.69.236:9618?addrs=128.105.69.236-9618+[2607-f388-2200-100-eaeb-d3ff-fe40-2044]-9618&alias=e2619.chtc.wisc.edu&noUDP&sock=slot1_162_3347923_5ee7_51214>
...
040 (11174826.042.000) 2023-07-25 19:33:01 Finished transferring input files
...
001 (11174826.042.000) 2023-07-25 19:33:02 Job executing on host: <128.105.69.236:9618?addrs=128.105.69.236-9618+[2607-f388-2200-100-eaeb-d3ff-fe40-2044]-9618&alias=e2619.chtc.wisc.edu&noUDP&sock=startd_18724_af61>
	SlotName: slot1_162@e2619.chtc.wisc.edu
	CondorScratchDir = "/var/lib/condor/execute/slot1/dir_1838538"
	Cpus = 1
	Disk = 1458998
	IoHeavy = 0
	Memory = 512
...
006 (11174826.042.000) 2023-07-25 19:33:11 Image size of job updated: 382520
	208  -  MemoryUsage of job (MB)
	212328  -  ResidentSetSize of job (KB)
...
006 (11174826.042.000) 2023-07-25 19:36:02 Image size of job updated: 523432
	216  -  MemoryUsage of job (MB)
	220520  -  ResidentSetSize of job (KB)
...
040 (11174826.042.000) 2023-07-25 19:36:02 Started transferring output files
...
040 (11174826.042.000) 2023-07-25 19:36:02 Finished transferring output files
...
005 (11174826.042.000) 2023-07-25 19:36:02 Job terminated.
	(1) Normal termination (return value 0)
		Usr 0 00:02:53, Sys 0 00:00:02  -  Run Remote Usage
		Usr 0 00:00:00, Sys 0 00:00:00  -  Run Local Usage
		Usr 0 00:02:53, Sys 0 00:00:02  -  Total Remote Usage
		Usr 0 00:00:00, Sys 0 00:00:00  -  Total Local Usage
	57966  -  Run Bytes Sent By Job
	32725816  -  Run Bytes Received By Job
	57966  -  Total Bytes Sent By Job
	32725816  -  Total Bytes Received By Job
	Partitionable Resources :    Usage  Request Allocated 
	   Cpus                 :                 1         1 
	   Disk (KB)            :   255223   524288   1458998 
	   IoHeavy              :                           0 
	   Memory (MB)          :      216      512       512 

	Job terminated of its own accord at 2023-07-26T00:36:02Z with exit-code 0.
...
