000 (11392261.072.000) 2023-08-02 21:08:53 Job submitted from host: <128.104.101.92:9618?addrs=128.104.101.92-9618+[2607-f388-107c-501-a236-9fff-fe3c-caa8]-9618&alias=submit2.chtc.wisc.edu&noUDP&sock=schedd_1879732_618e>
...
040 (11392261.072.000) 2023-08-02 21:10:08 Started transferring input files
	Transferring to host: <128.105.69.222:9618?addrs=128.105.69.222-9618+[2607-f388-2200-100-eaeb-d3ff-fe40-1d3c]-9618&alias=e2605.chtc.wisc.edu&noUDP&sock=slot1_206_2354722_6ac3_72526>
...
040 (11392261.072.000) 2023-08-02 21:10:10 Finished transferring input files
...
001 (11392261.072.000) 2023-08-02 21:10:12 Job executing on host: <128.105.69.222:9618?addrs=128.105.69.222-9618+[2607-f388-2200-100-eaeb-d3ff-fe40-1d3c]-9618&alias=e2605.chtc.wisc.edu&noUDP&sock=startd_11791_3947>
	SlotName: slot1_206@e2605.chtc.wisc.edu
	CondorScratchDir = "/var/lib/condor/execute/slot1/dir_3382358"
	Cpus = 1
	Disk = 1458998
	IoHeavy = 0
	Memory = 512
...
006 (11392261.072.000) 2023-08-02 21:10:21 Image size of job updated: 278384
	249  -  MemoryUsage of job (MB)
	254788  -  ResidentSetSize of job (KB)
...
006 (11392261.072.000) 2023-08-02 21:11:14 Image size of job updated: 407420
	256  -  MemoryUsage of job (MB)
	261608  -  ResidentSetSize of job (KB)
...
040 (11392261.072.000) 2023-08-02 21:11:14 Started transferring output files
...
040 (11392261.072.000) 2023-08-02 21:11:14 Finished transferring output files
...
005 (11392261.072.000) 2023-08-02 21:11:14 Job terminated.
	(1) Normal termination (return value 0)
		Usr 0 00:00:56, Sys 0 00:00:02  -  Run Remote Usage
		Usr 0 00:00:00, Sys 0 00:00:00  -  Run Local Usage
		Usr 0 00:00:56, Sys 0 00:00:02  -  Total Remote Usage
		Usr 0 00:00:00, Sys 0 00:00:00  -  Total Local Usage
	57828  -  Run Bytes Sent By Job
	32727852  -  Run Bytes Received By Job
	57828  -  Total Bytes Sent By Job
	32727852  -  Total Bytes Received By Job
	Partitionable Resources :     Usage  Request Allocated 
	   Cpus                 :      0.99        1         1 
	   Disk (KB)            : 256402      524288   1458998 
	   IoHeavy              :                            0 
	   Memory (MB)          :    256         512       512 

	Job terminated of its own accord at 2023-08-03T02:11:14Z with exit-code 0.
...
