000 (11139883.032.000) 2023-07-20 06:17:26 Job submitted from host: <128.104.101.92:9618?addrs=128.104.101.92-9618+[2607-f388-107c-501-a236-9fff-fe3c-caa8]-9618&alias=submit2.chtc.wisc.edu&noUDP&sock=schedd_1879732_618e>
...
040 (11139883.032.000) 2023-07-20 06:20:36 Started transferring input files
	Transferring to host: <128.105.69.196:9618?addrs=128.105.69.196-9618+[2607-f388-2200-100-1270-fdff-fe56-bf74]-9618&alias=e4049.chtc.wisc.edu&noUDP&sock=slot1_98_3460697_db11_18309>
...
040 (11139883.032.000) 2023-07-20 06:20:40 Finished transferring input files
...
001 (11139883.032.000) 2023-07-20 06:20:41 Job executing on host: <128.105.69.196:9618?addrs=128.105.69.196-9618+[2607-f388-2200-100-1270-fdff-fe56-bf74]-9618&alias=e4049.chtc.wisc.edu&noUDP&sock=startd_16763_9a29>
	SlotName: slot1_98@e4049.chtc.wisc.edu
	CondorScratchDir = "/var/lib/condor/execute/slot1/dir_2701709"
	Cpus = 1
	Disk = 1208198
	IoHeavy = 0
	Memory = 512
...
006 (11139883.032.000) 2023-07-20 06:20:49 Image size of job updated: 273420
	268  -  MemoryUsage of job (MB)
	273416  -  ResidentSetSize of job (KB)
...
006 (11139883.032.000) 2023-07-20 06:25:49 Image size of job updated: 443028
	433  -  MemoryUsage of job (MB)
	443028  -  ResidentSetSize of job (KB)
...
006 (11139883.032.000) 2023-07-20 06:30:50 Image size of job updated: 444768
	433  -  MemoryUsage of job (MB)
	443028  -  ResidentSetSize of job (KB)
...
006 (11139883.032.000) 2023-07-20 06:35:50 Image size of job updated: 448952
	433  -  MemoryUsage of job (MB)
	443028  -  ResidentSetSize of job (KB)
...
040 (11139883.032.000) 2023-07-20 06:36:36 Started transferring output files
...
040 (11139883.032.000) 2023-07-20 06:36:36 Finished transferring output files
...
005 (11139883.032.000) 2023-07-20 06:36:36 Job terminated.
	(1) Normal termination (return value 0)
		Usr 0 00:15:32, Sys 0 00:00:12  -  Run Remote Usage
		Usr 0 00:00:00, Sys 0 00:00:00  -  Run Local Usage
		Usr 0 00:15:32, Sys 0 00:00:12  -  Total Remote Usage
		Usr 0 00:00:00, Sys 0 00:00:00  -  Total Local Usage
	57843  -  Run Bytes Sent By Job
	32725918  -  Run Bytes Received By Job
	57843  -  Total Bytes Sent By Job
	32725918  -  Total Bytes Received By Job
	Partitionable Resources :     Usage  Request Allocated 
	   Cpus                 :      0.99        1         1 
	   Disk (KB)            : 256079      524288   1208198 
	   IoHeavy              :                            0 
	   Memory (MB)          :    433         512       512 

	Job terminated of its own accord at 2023-07-20T11:36:36Z with exit-code 0.
...
