000 (11392261.027.000) 2023-08-02 21:08:52 Job submitted from host: <128.104.101.92:9618?addrs=128.104.101.92-9618+[2607-f388-107c-501-a236-9fff-fe3c-caa8]-9618&alias=submit2.chtc.wisc.edu&noUDP&sock=schedd_1879732_618e>
...
040 (11392261.027.000) 2023-08-02 21:10:02 Started transferring input files
	Transferring to host: <128.105.69.222:9618?addrs=128.105.69.222-9618+[2607-f388-2200-100-eaeb-d3ff-fe40-1d3c]-9618&alias=e2605.chtc.wisc.edu&noUDP&sock=slot1_189_2354722_6ac3_72524>
...
040 (11392261.027.000) 2023-08-02 21:10:04 Finished transferring input files
...
001 (11392261.027.000) 2023-08-02 21:10:05 Job executing on host: <128.105.69.222:9618?addrs=128.105.69.222-9618+[2607-f388-2200-100-eaeb-d3ff-fe40-1d3c]-9618&alias=e2605.chtc.wisc.edu&noUDP&sock=startd_11791_3947>
	SlotName: slot1_189@e2605.chtc.wisc.edu
	CondorScratchDir = "/var/lib/condor/execute/slot1/dir_3382083"
	Cpus = 1
	Disk = 1458998
	IoHeavy = 0
	Memory = 512
...
006 (11392261.027.000) 2023-08-02 21:10:13 Image size of job updated: 277892
	254  -  MemoryUsage of job (MB)
	259840  -  ResidentSetSize of job (KB)
...
006 (11392261.027.000) 2023-08-02 21:15:13 Image size of job updated: 429612
	415  -  MemoryUsage of job (MB)
	424656  -  ResidentSetSize of job (KB)
...
040 (11392261.027.000) 2023-08-02 21:16:39 Started transferring output files
...
040 (11392261.027.000) 2023-08-02 21:16:39 Finished transferring output files
...
005 (11392261.027.000) 2023-08-02 21:16:39 Job terminated.
	(1) Normal termination (return value 0)
		Usr 0 00:06:23, Sys 0 00:00:03  -  Run Remote Usage
		Usr 0 00:00:00, Sys 0 00:00:00  -  Run Local Usage
		Usr 0 00:06:23, Sys 0 00:00:03  -  Total Remote Usage
		Usr 0 00:00:00, Sys 0 00:00:00  -  Total Local Usage
	57922  -  Run Bytes Sent By Job
	32727852  -  Run Bytes Received By Job
	57922  -  Total Bytes Sent By Job
	32727852  -  Total Bytes Received By Job
	Partitionable Resources :     Usage  Request Allocated 
	   Cpus                 :      0.99        1         1 
	   Disk (KB)            : 256400      524288   1458998 
	   IoHeavy              :                            0 
	   Memory (MB)          :    415         512       512 

	Job terminated of its own accord at 2023-08-03T02:16:39Z with exit-code 0.
...
