000 (11174994.032.000) 2023-07-26 11:51:45 Job submitted from host: <128.104.101.92:9618?addrs=128.104.101.92-9618+[2607-f388-107c-501-a236-9fff-fe3c-caa8]-9618&alias=submit2.chtc.wisc.edu&noUDP&sock=schedd_1879732_618e>
...
040 (11174994.032.000) 2023-07-26 11:54:29 Started transferring input files
	Transferring to host: <128.105.69.191:9618?addrs=128.105.69.191-9618+[2607-f388-2200-100-1270-fdff-fe56-3d4c]-9618&alias=e4044.chtc.wisc.edu&noUDP&sock=slot1_37_3137063_6ce9_47415>
...
040 (11174994.032.000) 2023-07-26 11:54:31 Finished transferring input files
...
001 (11174994.032.000) 2023-07-26 11:54:33 Job executing on host: <128.105.69.191:9618?addrs=128.105.69.191-9618+[2607-f388-2200-100-1270-fdff-fe56-3d4c]-9618&alias=e4044.chtc.wisc.edu&noUDP&sock=startd_15861_e7bc>
	SlotName: slot1_37@e4044.chtc.wisc.edu
	CondorScratchDir = "/var/lib/condor/execute/slot1/dir_907430"
	Cpus = 1
	Disk = 1208198
	IoHeavy = 0
	Memory = 512
...
006 (11174994.032.000) 2023-07-26 11:54:41 Image size of job updated: 478044
	467  -  MemoryUsage of job (MB)
	478044  -  ResidentSetSize of job (KB)
...
006 (11174994.032.000) 2023-07-26 11:55:54 Image size of job updated: 524288
	477  -  MemoryUsage of job (MB)
	488284  -  ResidentSetSize of job (KB)
...
040 (11174994.032.000) 2023-07-26 11:55:54 Started transferring output files
...
040 (11174994.032.000) 2023-07-26 11:55:54 Finished transferring output files
...
005 (11174994.032.000) 2023-07-26 11:55:54 Job terminated.
	(1) Normal termination (return value 0)
		Usr 0 00:01:16, Sys 0 00:00:02  -  Run Remote Usage
		Usr 0 00:00:00, Sys 0 00:00:00  -  Run Local Usage
		Usr 0 00:01:16, Sys 0 00:00:02  -  Total Remote Usage
		Usr 0 00:00:00, Sys 0 00:00:00  -  Total Local Usage
	57386  -  Run Bytes Sent By Job
	32726248  -  Run Bytes Received By Job
	57386  -  Total Bytes Sent By Job
	32726248  -  Total Bytes Received By Job
	Partitionable Resources :     Usage  Request Allocated 
	   Cpus                 :      0.99        1         1 
	   Disk (KB)            : 255232      524288   1208198 
	   IoHeavy              :                            0 
	   Memory (MB)          :    477         512       512 

	Job terminated of its own accord at 2023-07-26T16:55:54Z with exit-code 0.
...
