000 (11178184.017.000) 2023-07-26 21:10:59 Job submitted from host: <128.104.101.92:9618?addrs=128.104.101.92-9618+[2607-f388-107c-501-a236-9fff-fe3c-caa8]-9618&alias=submit2.chtc.wisc.edu&noUDP&sock=schedd_1879732_618e>
...
040 (11178184.017.000) 2023-07-26 21:13:20 Started transferring input files
	Transferring to host: <128.105.69.226:9618?addrs=128.105.69.226-9618+[2607-f388-2200-100-eaeb-d3ff-fe40-10fc]-9618&alias=e2609.chtc.wisc.edu&noUDP&sock=slot1_40_3529673_b006_46233>
...
040 (11178184.017.000) 2023-07-26 21:13:23 Finished transferring input files
...
001 (11178184.017.000) 2023-07-26 21:13:24 Job executing on host: <128.105.69.226:9618?addrs=128.105.69.226-9618+[2607-f388-2200-100-eaeb-d3ff-fe40-10fc]-9618&alias=e2609.chtc.wisc.edu&noUDP&sock=startd_17158_8a11>
	SlotName: slot1_40@e2609.chtc.wisc.edu
	CondorScratchDir = "/var/lib/condor/execute/slot1/dir_453978"
	Cpus = 1
	Disk = 1458998
	IoHeavy = 0
	Memory = 512
...
006 (11178184.017.000) 2023-07-26 21:13:33 Image size of job updated: 415220
	350  -  MemoryUsage of job (MB)
	357652  -  ResidentSetSize of job (KB)
...
006 (11178184.017.000) 2023-07-26 21:18:35 Image size of job updated: 524288
	509  -  MemoryUsage of job (MB)
	520952  -  ResidentSetSize of job (KB)
...
040 (11178184.017.000) 2023-07-26 21:20:44 Started transferring output files
...
040 (11178184.017.000) 2023-07-26 21:20:44 Finished transferring output files
...
005 (11178184.017.000) 2023-07-26 21:20:45 Job terminated.
	(1) Normal termination (return value 0)
		Usr 0 00:07:06, Sys 0 00:00:07  -  Run Remote Usage
		Usr 0 00:00:00, Sys 0 00:00:00  -  Run Local Usage
		Usr 0 00:07:06, Sys 0 00:00:07  -  Total Remote Usage
		Usr 0 00:00:00, Sys 0 00:00:00  -  Total Local Usage
	57998  -  Run Bytes Sent By Job
	32726544  -  Run Bytes Received By Job
	57998  -  Total Bytes Sent By Job
	32726544  -  Total Bytes Received By Job
	Partitionable Resources :     Usage  Request Allocated 
	   Cpus                 :      0.99        1         1 
	   Disk (KB)            : 256088      524288   1458998 
	   IoHeavy              :                            0 
	   Memory (MB)          :    509         512       512 

	Job terminated of its own accord at 2023-07-27T02:20:44Z with exit-code 0.
...
