000 (11392341.013.000) 2023-08-03 09:09:59 Job submitted from host: <128.104.101.92:9618?addrs=128.104.101.92-9618+[2607-f388-107c-501-a236-9fff-fe3c-caa8]-9618&alias=submit2.chtc.wisc.edu&noUDP&sock=schedd_1879732_618e>
...
040 (11392341.013.000) 2023-08-03 09:10:25 Started transferring input files
	Transferring to host: <128.105.69.187:9618?addrs=128.105.69.187-9618+[2607-f388-2200-100-1270-fdff-fe56-b86c]-9618&alias=e4039.chtc.wisc.edu&noUDP&sock=slot1_9_3589331_2540_77128>
...
040 (11392341.013.000) 2023-08-03 09:10:29 Finished transferring input files
...
001 (11392341.013.000) 2023-08-03 09:10:30 Job executing on host: <128.105.69.187:9618?addrs=128.105.69.187-9618+[2607-f388-2200-100-1270-fdff-fe56-b86c]-9618&alias=e4039.chtc.wisc.edu&noUDP&sock=startd_15786_7621>
	SlotName: slot1_9@e4039.chtc.wisc.edu
	CondorScratchDir = "/var/lib/condor/execute/slot1/dir_3720843"
	Cpus = 1
	Disk = 1208198
	IoHeavy = 0
	Memory = 512
...
006 (11392341.013.000) 2023-08-03 09:10:38 Image size of job updated: 157700
	152  -  MemoryUsage of job (MB)
	155020  -  ResidentSetSize of job (KB)
...
006 (11392341.013.000) 2023-08-03 09:12:32 Image size of job updated: 407584
	152  -  MemoryUsage of job (MB)
	155020  -  ResidentSetSize of job (KB)
...
040 (11392341.013.000) 2023-08-03 09:12:32 Started transferring output files
...
040 (11392341.013.000) 2023-08-03 09:12:32 Finished transferring output files
...
005 (11392341.013.000) 2023-08-03 09:12:32 Job terminated.
	(1) Normal termination (return value 0)
		Usr 0 00:01:50, Sys 0 00:00:07  -  Run Remote Usage
		Usr 0 00:00:00, Sys 0 00:00:00  -  Run Local Usage
		Usr 0 00:01:50, Sys 0 00:00:07  -  Total Remote Usage
		Usr 0 00:00:00, Sys 0 00:00:00  -  Total Local Usage
	57354  -  Run Bytes Sent By Job
	32727736  -  Run Bytes Received By Job
	57354  -  Total Bytes Sent By Job
	32727736  -  Total Bytes Received By Job
	Partitionable Resources :    Usage  Request Allocated 
	   Cpus                 :        0        1         1 
	   Disk (KB)            :   255810   524288   1208198 
	   IoHeavy              :                           0 
	   Memory (MB)          :      152      512       512 

	Job terminated of its own accord at 2023-08-03T14:12:32Z with exit-code 0.
...
