000 (11143209.005.000) 2023-07-20 21:06:51 Job submitted from host: <128.104.101.92:9618?addrs=128.104.101.92-9618+[2607-f388-107c-501-a236-9fff-fe3c-caa8]-9618&alias=submit2.chtc.wisc.edu&noUDP&sock=schedd_1879732_618e>
...
040 (11143209.005.000) 2023-07-20 21:07:53 Started transferring input files
	Transferring to host: <128.105.69.212:9618?addrs=128.105.69.212-9618+[2607-f388-2200-100-eaeb-d3ff-fe40-1554]-9618&alias=e2595.chtc.wisc.edu&noUDP&sock=slot1_237_3219426_9c1e_21358>
...
040 (11143209.005.000) 2023-07-20 21:07:56 Finished transferring input files
...
001 (11143209.005.000) 2023-07-20 21:08:18 Job executing on host: <128.105.69.212:9618?addrs=128.105.69.212-9618+[2607-f388-2200-100-eaeb-d3ff-fe40-1554]-9618&alias=e2595.chtc.wisc.edu&noUDP&sock=startd_22738_f488>
	SlotName: slot1_237@e2595.chtc.wisc.edu
	CondorScratchDir = "/var/lib/condor/execute/slot1/dir_1344159"
	Cpus = 1
	Disk = 1458998
	IoHeavy = 0
	Memory = 512
...
006 (11143209.005.000) 2023-07-20 21:08:27 Image size of job updated: 280356
	257  -  MemoryUsage of job (MB)
	262308  -  ResidentSetSize of job (KB)
...
006 (11143209.005.000) 2023-07-20 21:13:28 Image size of job updated: 446932
	437  -  MemoryUsage of job (MB)
	446668  -  ResidentSetSize of job (KB)
...
006 (11143209.005.000) 2023-07-20 21:18:28 Image size of job updated: 450532
	440  -  MemoryUsage of job (MB)
	450532  -  ResidentSetSize of job (KB)
...
006 (11143209.005.000) 2023-07-20 21:26:55 Image size of job updated: 450912
	440  -  MemoryUsage of job (MB)
	450532  -  ResidentSetSize of job (KB)
...
040 (11143209.005.000) 2023-07-20 21:26:55 Started transferring output files
...
040 (11143209.005.000) 2023-07-20 21:26:55 Finished transferring output files
...
005 (11143209.005.000) 2023-07-20 21:26:55 Job terminated.
	(1) Normal termination (return value 0)
		Usr 0 00:18:05, Sys 0 00:00:09  -  Run Remote Usage
		Usr 0 00:00:00, Sys 0 00:00:00  -  Run Local Usage
		Usr 0 00:18:05, Sys 0 00:00:09  -  Total Remote Usage
		Usr 0 00:00:00, Sys 0 00:00:00  -  Total Local Usage
	56837  -  Run Bytes Sent By Job
	32725816  -  Run Bytes Received By Job
	56837  -  Total Bytes Sent By Job
	32725816  -  Total Bytes Received By Job
	Partitionable Resources :     Usage  Request Allocated 
	   Cpus                 :      0.97        1         1 
	   Disk (KB)            : 256096      524288   1458998 
	   IoHeavy              :                            0 
	   Memory (MB)          :    440         512       512 

	Job terminated of its own accord at 2023-07-21T02:26:55Z with exit-code 0.
...
