000 (11174826.009.000) 2023-07-25 19:31:08 Job submitted from host: <128.104.101.92:9618?addrs=128.104.101.92-9618+[2607-f388-107c-501-a236-9fff-fe3c-caa8]-9618&alias=submit2.chtc.wisc.edu&noUDP&sock=schedd_1879732_618e>
...
040 (11174826.009.000) 2023-07-25 19:32:56 Started transferring input files
	Transferring to host: <128.105.69.188:9618?addrs=128.105.69.188-9618+[2607-f388-2200-100-1270-fdff-fe56-bf54]-9618&alias=e4040.chtc.wisc.edu&noUDP&sock=slot1_103_940684_b9e6_41153>
...
040 (11174826.009.000) 2023-07-25 19:32:58 Finished transferring input files
...
001 (11174826.009.000) 2023-07-25 19:32:59 Job executing on host: <128.105.69.188:9618?addrs=128.105.69.188-9618+[2607-f388-2200-100-1270-fdff-fe56-bf54]-9618&alias=e4040.chtc.wisc.edu&noUDP&sock=startd_15998_e035>
	SlotName: slot1_103@e4040.chtc.wisc.edu
	CondorScratchDir = "/var/lib/condor/execute/slot1/dir_3581397"
	Cpus = 1
	Disk = 1208198
	IoHeavy = 0
	Memory = 512
...
006 (11174826.009.000) 2023-07-25 19:33:07 Image size of job updated: 394316
	330  -  MemoryUsage of job (MB)
	337716  -  ResidentSetSize of job (KB)
...
006 (11174826.009.000) 2023-07-25 19:38:07 Image size of job updated: 524288
	511  -  MemoryUsage of job (MB)
	522632  -  ResidentSetSize of job (KB)
...
040 (11174826.009.000) 2023-07-25 19:39:56 Started transferring output files
...
040 (11174826.009.000) 2023-07-25 19:39:56 Finished transferring output files
...
005 (11174826.009.000) 2023-07-25 19:39:56 Job terminated.
	(1) Normal termination (return value 0)
		Usr 0 00:06:46, Sys 0 00:00:04  -  Run Remote Usage
		Usr 0 00:00:00, Sys 0 00:00:00  -  Run Local Usage
		Usr 0 00:06:46, Sys 0 00:00:04  -  Total Remote Usage
		Usr 0 00:00:00, Sys 0 00:00:00  -  Total Local Usage
	57810  -  Run Bytes Sent By Job
	32725816  -  Run Bytes Received By Job
	57810  -  Total Bytes Sent By Job
	32725816  -  Total Bytes Received By Job
	Partitionable Resources :     Usage  Request Allocated 
	   Cpus                 :      0.99        1         1 
	   Disk (KB)            : 256400      524288   1208198 
	   IoHeavy              :                            0 
	   Memory (MB)          :    511         512       512 

	Job terminated of its own accord at 2023-07-26T00:39:56Z with exit-code 0.
...
