000 (11392261.034.000) 2023-08-02 21:08:52 Job submitted from host: <128.104.101.92:9618?addrs=128.104.101.92-9618+[2607-f388-107c-501-a236-9fff-fe3c-caa8]-9618&alias=submit2.chtc.wisc.edu&noUDP&sock=schedd_1879732_618e>
...
040 (11392261.034.000) 2023-08-02 21:10:03 Started transferring input files
	Transferring to host: <128.105.69.99:9618?addrs=128.105.69.99-9618+[2607-f388-2200-100-1270-fdff-fe56-7674]-9618&alias=e4010.chtc.wisc.edu&noUDP&sock=slot1_123_1775110_5431_72822>
...
040 (11392261.034.000) 2023-08-02 21:10:06 Finished transferring input files
...
001 (11392261.034.000) 2023-08-02 21:10:07 Job executing on host: <128.105.69.99:9618?addrs=128.105.69.99-9618+[2607-f388-2200-100-1270-fdff-fe56-7674]-9618&alias=e4010.chtc.wisc.edu&noUDP&sock=startd_15877_e140>
	SlotName: slot1_123@e4010.chtc.wisc.edu
	CondorScratchDir = "/var/lib/condor/execute/slot1/dir_4136415"
	Cpus = 1
	Disk = 1208198
	IoHeavy = 0
	Memory = 512
...
006 (11392261.034.000) 2023-08-02 21:10:15 Image size of job updated: 382852
	350  -  MemoryUsage of job (MB)
	358164  -  ResidentSetSize of job (KB)
...
006 (11392261.034.000) 2023-08-02 21:15:15 Image size of job updated: 523976
	512  -  MemoryUsage of job (MB)
	523724  -  ResidentSetSize of job (KB)
...
006 (11392261.034.000) 2023-08-02 21:16:47 Image size of job updated: 524288
	512  -  MemoryUsage of job (MB)
	523724  -  ResidentSetSize of job (KB)
...
040 (11392261.034.000) 2023-08-02 21:16:47 Started transferring output files
...
040 (11392261.034.000) 2023-08-02 21:16:47 Finished transferring output files
...
005 (11392261.034.000) 2023-08-02 21:16:47 Job terminated.
	(1) Normal termination (return value 0)
		Usr 0 00:06:26, Sys 0 00:00:06  -  Run Remote Usage
		Usr 0 00:00:00, Sys 0 00:00:00  -  Run Local Usage
		Usr 0 00:06:26, Sys 0 00:00:06  -  Total Remote Usage
		Usr 0 00:00:00, Sys 0 00:00:00  -  Total Local Usage
	57674  -  Run Bytes Sent By Job
	32727852  -  Run Bytes Received By Job
	57674  -  Total Bytes Sent By Job
	32727852  -  Total Bytes Received By Job
	Partitionable Resources :     Usage  Request Allocated 
	   Cpus                 :      0.99        1         1 
	   Disk (KB)            : 256099      524288   1208198 
	   IoHeavy              :                            0 
	   Memory (MB)          :    512         512       512 

	Job terminated of its own accord at 2023-08-03T02:16:47Z with exit-code 0.
...
