000 (11392341.048.000) 2023-08-03 09:09:59 Job submitted from host: <128.104.101.92:9618?addrs=128.104.101.92-9618+[2607-f388-107c-501-a236-9fff-fe3c-caa8]-9618&alias=submit2.chtc.wisc.edu&noUDP&sock=schedd_1879732_618e>
...
040 (11392341.048.000) 2023-08-03 09:10:30 Started transferring input files
	Transferring to host: <128.105.69.170:9618?addrs=128.105.69.170-9618+[2607-f388-2200-100-1270-fdff-fe56-6a0c]-9618&alias=e2553.chtc.wisc.edu&noUDP&sock=slot1_11_1771035_1f6c_82616>
...
040 (11392341.048.000) 2023-08-03 09:10:32 Finished transferring input files
...
001 (11392341.048.000) 2023-08-03 09:10:33 Job executing on host: <128.105.69.170:9618?addrs=128.105.69.170-9618+[2607-f388-2200-100-1270-fdff-fe56-6a0c]-9618&alias=e2553.chtc.wisc.edu&noUDP&sock=startd_12924_5e14>
	SlotName: slot1_11@e2553.chtc.wisc.edu
	CondorScratchDir = "/var/lib/condor/execute/slot1/dir_4175847"
	Cpus = 1
	Disk = 1208198
	IoHeavy = 0
	Memory = 512
...
006 (11392341.048.000) 2023-08-03 09:10:42 Image size of job updated: 522256
	499  -  MemoryUsage of job (MB)
	510916  -  ResidentSetSize of job (KB)
...
006 (11392341.048.000) 2023-08-03 09:15:43 Image size of job updated: 524288
	510  -  MemoryUsage of job (MB)
	521840  -  ResidentSetSize of job (KB)
...
040 (11392341.048.000) 2023-08-03 09:21:38 Started transferring output files
...
040 (11392341.048.000) 2023-08-03 09:21:38 Finished transferring output files
...
005 (11392341.048.000) 2023-08-03 09:21:38 Job terminated.
	(1) Normal termination (return value 0)
		Usr 0 00:10:53, Sys 0 00:00:03  -  Run Remote Usage
		Usr 0 00:00:00, Sys 0 00:00:00  -  Run Local Usage
		Usr 0 00:10:53, Sys 0 00:00:03  -  Total Remote Usage
		Usr 0 00:00:00, Sys 0 00:00:00  -  Total Local Usage
	57027  -  Run Bytes Sent By Job
	32727736  -  Run Bytes Received By Job
	57027  -  Total Bytes Sent By Job
	32727736  -  Total Bytes Received By Job
	Partitionable Resources :     Usage  Request Allocated 
	   Cpus                 :      0.99        1         1 
	   Disk (KB)            : 255233      524288   1208198 
	   IoHeavy              :                            0 
	   Memory (MB)          :    510         512       512 

	Job terminated of its own accord at 2023-08-03T14:21:38Z with exit-code 0.
...
