000 (11392261.041.000) 2023-08-02 21:08:52 Job submitted from host: <128.104.101.92:9618?addrs=128.104.101.92-9618+[2607-f388-107c-501-a236-9fff-fe3c-caa8]-9618&alias=submit2.chtc.wisc.edu&noUDP&sock=schedd_1879732_618e>
...
040 (11392261.041.000) 2023-08-02 21:10:06 Started transferring input files
	Transferring to host: <128.105.69.195:9618?addrs=128.105.69.195-9618+[2607-f388-2200-100-1270-fdff-fe56-6f44]-9618&alias=e4048.chtc.wisc.edu&noUDP&sock=slot1_75_1616382_17fb_72590>
...
040 (11392261.041.000) 2023-08-02 21:10:08 Finished transferring input files
...
001 (11392261.041.000) 2023-08-02 21:10:10 Job executing on host: <128.105.69.195:9618?addrs=128.105.69.195-9618+[2607-f388-2200-100-1270-fdff-fe56-6f44]-9618&alias=e4048.chtc.wisc.edu&noUDP&sock=startd_16481_2c74>
	SlotName: slot1_75@e4048.chtc.wisc.edu
	CondorScratchDir = "/var/lib/condor/execute/slot1/dir_3580931"
	Cpus = 1
	Disk = 1208198
	IoHeavy = 0
	Memory = 512
...
006 (11392261.041.000) 2023-08-02 21:10:18 Image size of job updated: 159756
	157  -  MemoryUsage of job (MB)
	159752  -  ResidentSetSize of job (KB)
...
006 (11392261.041.000) 2023-08-02 21:15:18 Image size of job updated: 416748
	407  -  MemoryUsage of job (MB)
	416748  -  ResidentSetSize of job (KB)
...
006 (11392261.041.000) 2023-08-02 21:16:45 Image size of job updated: 417504
	407  -  MemoryUsage of job (MB)
	416748  -  ResidentSetSize of job (KB)
...
040 (11392261.041.000) 2023-08-02 21:16:45 Started transferring output files
...
040 (11392261.041.000) 2023-08-02 21:16:46 Finished transferring output files
...
005 (11392261.041.000) 2023-08-02 21:16:46 Job terminated.
	(1) Normal termination (return value 0)
		Usr 0 00:06:13, Sys 0 00:00:11  -  Run Remote Usage
		Usr 0 00:00:00, Sys 0 00:00:00  -  Run Local Usage
		Usr 0 00:06:13, Sys 0 00:00:11  -  Total Remote Usage
		Usr 0 00:00:00, Sys 0 00:00:00  -  Total Local Usage
	57978  -  Run Bytes Sent By Job
	32727852  -  Run Bytes Received By Job
	57978  -  Total Bytes Sent By Job
	32727852  -  Total Bytes Received By Job
	Partitionable Resources :     Usage  Request Allocated 
	   Cpus                 :      0.98        1         1 
	   Disk (KB)            : 255827      524288   1208198 
	   IoHeavy              :                            0 
	   Memory (MB)          :    407         512       512 

	Job terminated of its own accord at 2023-08-03T02:16:45Z with exit-code 0.
...
