000 (11174826.037.000) 2023-07-25 19:31:08 Job submitted from host: <128.104.101.92:9618?addrs=128.104.101.92-9618+[2607-f388-107c-501-a236-9fff-fe3c-caa8]-9618&alias=submit2.chtc.wisc.edu&noUDP&sock=schedd_1879732_618e>
...
040 (11174826.037.000) 2023-07-25 19:32:59 Started transferring input files
	Transferring to host: <128.105.69.196:9618?addrs=128.105.69.196-9618+[2607-f388-2200-100-1270-fdff-fe56-bf74]-9618&alias=e4049.chtc.wisc.edu&noUDP&sock=slot1_224_3460697_db11_37355>
...
040 (11174826.037.000) 2023-07-25 19:33:01 Finished transferring input files
...
001 (11174826.037.000) 2023-07-25 19:33:02 Job executing on host: <128.105.69.196:9618?addrs=128.105.69.196-9618+[2607-f388-2200-100-1270-fdff-fe56-bf74]-9618&alias=e4049.chtc.wisc.edu&noUDP&sock=startd_16763_9a29>
	SlotName: slot1_224@e4049.chtc.wisc.edu
	CondorScratchDir = "/var/lib/condor/execute/slot1/dir_2366782"
	Cpus = 1
	Disk = 1208198
	IoHeavy = 0
	Memory = 512
...
006 (11174826.037.000) 2023-07-25 19:33:10 Image size of job updated: 276072
	270  -  MemoryUsage of job (MB)
	275928  -  ResidentSetSize of job (KB)
...
006 (11174826.037.000) 2023-07-25 19:38:10 Image size of job updated: 431388
	419  -  MemoryUsage of job (MB)
	428232  -  ResidentSetSize of job (KB)
...
040 (11174826.037.000) 2023-07-25 19:40:23 Started transferring output files
...
040 (11174826.037.000) 2023-07-25 19:40:23 Finished transferring output files
...
005 (11174826.037.000) 2023-07-25 19:40:23 Job terminated.
	(1) Normal termination (return value 0)
		Usr 0 00:07:08, Sys 0 00:00:05  -  Run Remote Usage
		Usr 0 00:00:00, Sys 0 00:00:00  -  Run Local Usage
		Usr 0 00:07:08, Sys 0 00:00:05  -  Total Remote Usage
		Usr 0 00:00:00, Sys 0 00:00:00  -  Total Local Usage
	58135  -  Run Bytes Sent By Job
	32725816  -  Run Bytes Received By Job
	58135  -  Total Bytes Sent By Job
	32725816  -  Total Bytes Received By Job
	Partitionable Resources :     Usage  Request Allocated 
	   Cpus                 :      0.99        1         1 
	   Disk (KB)            : 256381      524288   1208198 
	   IoHeavy              :                            0 
	   Memory (MB)          :    419         512       512 

	Job terminated of its own accord at 2023-07-26T00:40:23Z with exit-code 0.
...
