000 (11392336.039.000) 2023-08-03 08:17:13 Job submitted from host: <128.104.101.92:9618?addrs=128.104.101.92-9618+[2607-f388-107c-501-a236-9fff-fe3c-caa8]-9618&alias=submit2.chtc.wisc.edu&noUDP&sock=schedd_1879732_618e>
...
040 (11392336.039.000) 2023-08-03 08:17:33 Started transferring input files
	Transferring to host: <128.105.69.187:9618?addrs=128.105.69.187-9618+[2607-f388-2200-100-1270-fdff-fe56-b86c]-9618&alias=e4039.chtc.wisc.edu&noUDP&sock=slot1_62_3589331_2540_77035>
...
040 (11392336.039.000) 2023-08-03 08:17:37 Finished transferring input files
...
001 (11392336.039.000) 2023-08-03 08:17:38 Job executing on host: <128.105.69.187:9618?addrs=128.105.69.187-9618+[2607-f388-2200-100-1270-fdff-fe56-b86c]-9618&alias=e4039.chtc.wisc.edu&noUDP&sock=startd_15786_7621>
	SlotName: slot1_62@e4039.chtc.wisc.edu
	CondorScratchDir = "/var/lib/condor/execute/slot1/dir_3712424"
	Cpus = 1
	Disk = 1208198
	IoHeavy = 0
	Memory = 512
...
006 (11392336.039.000) 2023-08-03 08:17:46 Image size of job updated: 275552
	250  -  MemoryUsage of job (MB)
	255928  -  ResidentSetSize of job (KB)
...
006 (11392336.039.000) 2023-08-03 08:18:42 Image size of job updated: 399016
	250  -  MemoryUsage of job (MB)
	255928  -  ResidentSetSize of job (KB)
...
040 (11392336.039.000) 2023-08-03 08:18:42 Started transferring output files
...
040 (11392336.039.000) 2023-08-03 08:18:42 Finished transferring output files
...
005 (11392336.039.000) 2023-08-03 08:18:42 Job terminated.
	(1) Normal termination (return value 0)
		Usr 0 00:00:55, Sys 0 00:00:05  -  Run Remote Usage
		Usr 0 00:00:00, Sys 0 00:00:00  -  Run Local Usage
		Usr 0 00:00:55, Sys 0 00:00:05  -  Total Remote Usage
		Usr 0 00:00:00, Sys 0 00:00:00  -  Total Local Usage
	53161  -  Run Bytes Sent By Job
	32727852  -  Run Bytes Received By Job
	53161  -  Total Bytes Sent By Job
	32727852  -  Total Bytes Received By Job
	Partitionable Resources :    Usage  Request Allocated 
	   Cpus                 :                 1         1 
	   Disk (KB)            :   256095   524288   1208198 
	   IoHeavy              :                           0 
	   Memory (MB)          :      250      512       512 

	Job terminated of its own accord at 2023-08-03T13:18:42Z with exit-code 0.
...
