000 (11392261.044.000) 2023-08-02 21:08:52 Job submitted from host: <128.104.101.92:9618?addrs=128.104.101.92-9618+[2607-f388-107c-501-a236-9fff-fe3c-caa8]-9618&alias=submit2.chtc.wisc.edu&noUDP&sock=schedd_1879732_618e>
...
040 (11392261.044.000) 2023-08-02 21:10:05 Started transferring input files
	Transferring to host: <128.105.69.156:9618?addrs=128.105.69.156-9618+[2607-f388-2200-100-1270-fdff-fe56-45ec]-9618&alias=e4089.chtc.wisc.edu&noUDP&sock=slot1_255_809546_2451_67601>
...
040 (11392261.044.000) 2023-08-02 21:10:10 Finished transferring input files
...
001 (11392261.044.000) 2023-08-02 21:10:12 Job executing on host: <128.105.69.156:9618?addrs=128.105.69.156-9618+[2607-f388-2200-100-1270-fdff-fe56-45ec]-9618&alias=e4089.chtc.wisc.edu&noUDP&sock=startd_17196_9aab>
	SlotName: slot1_255@e4089.chtc.wisc.edu
	CondorScratchDir = "/var/lib/condor/execute/slot1/dir_3966878"
	Cpus = 1
	Disk = 1208198
	IoHeavy = 0
	Memory = 512
...
006 (11392261.044.000) 2023-08-02 21:10:20 Image size of job updated: 265436
	257  -  MemoryUsage of job (MB)
	262772  -  ResidentSetSize of job (KB)
...
006 (11392261.044.000) 2023-08-02 21:15:20 Image size of job updated: 524288
	511  -  MemoryUsage of job (MB)
	522656  -  ResidentSetSize of job (KB)
...
006 (11392261.044.000) 2023-08-02 21:20:20 Image size of job updated: 524288
	512  -  MemoryUsage of job (MB)
	524144  -  ResidentSetSize of job (KB)
...
040 (11392261.044.000) 2023-08-02 21:23:42 Started transferring output files
...
040 (11392261.044.000) 2023-08-02 21:23:42 Finished transferring output files
...
005 (11392261.044.000) 2023-08-02 21:23:43 Job terminated.
	(1) Normal termination (return value 0)
		Usr 0 00:12:58, Sys 0 00:00:14  -  Run Remote Usage
		Usr 0 00:00:00, Sys 0 00:00:00  -  Run Local Usage
		Usr 0 00:12:58, Sys 0 00:00:14  -  Total Remote Usage
		Usr 0 00:00:00, Sys 0 00:00:00  -  Total Local Usage
	57928  -  Run Bytes Sent By Job
	32727852  -  Run Bytes Received By Job
	57928  -  Total Bytes Sent By Job
	32727852  -  Total Bytes Received By Job
	Partitionable Resources :     Usage  Request Allocated 
	   Cpus                 :      0.99        1         1 
	   Disk (KB)            : 255810      524288   1208198 
	   IoHeavy              :                            0 
	   Memory (MB)          :    512         512       512 

	Job terminated of its own accord at 2023-08-03T02:23:42Z with exit-code 0.
...
