000 (11139883.061.000) 2023-07-20 06:17:26 Job submitted from host: <128.104.101.92:9618?addrs=128.104.101.92-9618+[2607-f388-107c-501-a236-9fff-fe3c-caa8]-9618&alias=submit2.chtc.wisc.edu&noUDP&sock=schedd_1879732_618e>
...
040 (11139883.061.000) 2023-07-20 06:20:45 Started transferring input files
	Transferring to host: <128.105.69.158:9618?addrs=128.105.69.158-9618+[2607-f388-2200-100-1270-fdff-fe56-4684]-9618&alias=e4091.chtc.wisc.edu&noUDP&sock=slot1_77_689974_d9d3_30466>
...
040 (11139883.061.000) 2023-07-20 06:20:46 Finished transferring input files
...
001 (11139883.061.000) 2023-07-20 06:20:47 Job executing on host: <128.105.69.158:9618?addrs=128.105.69.158-9618+[2607-f388-2200-100-1270-fdff-fe56-4684]-9618&alias=e4091.chtc.wisc.edu&noUDP&sock=startd_11628_6b57>
	SlotName: slot1_77@e4091.chtc.wisc.edu
	CondorScratchDir = "/var/lib/condor/execute/slot1/dir_2420003"
	Cpus = 1
	Disk = 1208198
	IoHeavy = 0
	Memory = 512
...
006 (11139883.061.000) 2023-07-20 06:20:56 Image size of job updated: 423144
	334  -  MemoryUsage of job (MB)
	341452  -  ResidentSetSize of job (KB)
...
006 (11139883.061.000) 2023-07-20 06:25:57 Image size of job updated: 524288
	477  -  MemoryUsage of job (MB)
	487912  -  ResidentSetSize of job (KB)
...
006 (11139883.061.000) 2023-07-20 06:40:58 Image size of job updated: 524288
	505  -  MemoryUsage of job (MB)
	517084  -  ResidentSetSize of job (KB)
...
040 (11139883.061.000) 2023-07-20 07:02:56 Started transferring output files
...
040 (11139883.061.000) 2023-07-20 07:02:56 Finished transferring output files
...
005 (11139883.061.000) 2023-07-20 07:02:57 Job terminated.
	(1) Normal termination (return value 0)
		Usr 0 00:41:18, Sys 0 00:00:15  -  Run Remote Usage
		Usr 0 00:00:00, Sys 0 00:00:00  -  Run Local Usage
		Usr 0 00:41:18, Sys 0 00:00:15  -  Total Remote Usage
		Usr 0 00:00:00, Sys 0 00:00:00  -  Total Local Usage
	57835  -  Run Bytes Sent By Job
	32725918  -  Run Bytes Received By Job
	57835  -  Total Bytes Sent By Job
	32725918  -  Total Bytes Received By Job
	Partitionable Resources :     Usage  Request Allocated 
	   Cpus                 :      0.99        1         1 
	   Disk (KB)            : 255232      524288   1208198 
	   IoHeavy              :                            0 
	   Memory (MB)          :    505         512       512 

	Job terminated of its own accord at 2023-07-20T12:02:56Z with exit-code 0.
...
