000 (11392261.068.000) 2023-08-02 21:08:52 Job submitted from host: <128.104.101.92:9618?addrs=128.104.101.92-9618+[2607-f388-107c-501-a236-9fff-fe3c-caa8]-9618&alias=submit2.chtc.wisc.edu&noUDP&sock=schedd_1879732_618e>
...
040 (11392261.068.000) 2023-08-02 21:10:07 Started transferring input files
	Transferring to host: <128.105.69.115:9618?addrs=128.105.69.115-9618+[2607-f388-2200-100-1270-fdff-fe56-ced4]-9618&alias=e4064.chtc.wisc.edu&noUDP&sock=slot1_74_941896_b097_72482>
...
040 (11392261.068.000) 2023-08-02 21:10:09 Finished transferring input files
...
001 (11392261.068.000) 2023-08-02 21:10:10 Job executing on host: <128.105.69.115:9618?addrs=128.105.69.115-9618+[2607-f388-2200-100-1270-fdff-fe56-ced4]-9618&alias=e4064.chtc.wisc.edu&noUDP&sock=startd_18943_e69f>
	SlotName: slot1_74@e4064.chtc.wisc.edu
	CondorScratchDir = "/var/lib/condor/execute/slot1/dir_2214380"
	Cpus = 1
	Disk = 1208198
	IoHeavy = 0
	Memory = 512
...
006 (11392261.068.000) 2023-08-02 21:10:19 Image size of job updated: 276816
	98  -  MemoryUsage of job (MB)
	99980  -  ResidentSetSize of job (KB)
...
006 (11392261.068.000) 2023-08-02 21:11:59 Image size of job updated: 411416
	109  -  MemoryUsage of job (MB)
	110624  -  ResidentSetSize of job (KB)
...
040 (11392261.068.000) 2023-08-02 21:11:59 Started transferring output files
...
040 (11392261.068.000) 2023-08-02 21:11:59 Finished transferring output files
...
005 (11392261.068.000) 2023-08-02 21:11:59 Job terminated.
	(1) Normal termination (return value 0)
		Usr 0 00:01:41, Sys 0 00:00:02  -  Run Remote Usage
		Usr 0 00:00:00, Sys 0 00:00:00  -  Run Local Usage
		Usr 0 00:01:41, Sys 0 00:00:02  -  Total Remote Usage
		Usr 0 00:00:00, Sys 0 00:00:00  -  Total Local Usage
	57904  -  Run Bytes Sent By Job
	32727852  -  Run Bytes Received By Job
	57904  -  Total Bytes Sent By Job
	32727852  -  Total Bytes Received By Job
	Partitionable Resources :     Usage  Request Allocated 
	   Cpus                 :      0.97        1         1 
	   Disk (KB)            : 255233      524288   1208198 
	   IoHeavy              :                            0 
	   Memory (MB)          :    109         512       512 

	Job terminated of its own accord at 2023-08-03T02:11:59Z with exit-code 0.
...
