000 (11392261.047.000) 2023-08-02 21:08:52 Job submitted from host: <128.104.101.92:9618?addrs=128.104.101.92-9618+[2607-f388-107c-501-a236-9fff-fe3c-caa8]-9618&alias=submit2.chtc.wisc.edu&noUDP&sock=schedd_1879732_618e>
...
040 (11392261.047.000) 2023-08-02 21:10:05 Started transferring input files
	Transferring to host: <128.105.69.115:9618?addrs=128.105.69.115-9618+[2607-f388-2200-100-1270-fdff-fe56-ced4]-9618&alias=e4064.chtc.wisc.edu&noUDP&sock=slot1_65_941896_b097_72481>
...
040 (11392261.047.000) 2023-08-02 21:10:08 Finished transferring input files
...
001 (11392261.047.000) 2023-08-02 21:10:09 Job executing on host: <128.105.69.115:9618?addrs=128.105.69.115-9618+[2607-f388-2200-100-1270-fdff-fe56-ced4]-9618&alias=e4064.chtc.wisc.edu&noUDP&sock=startd_18943_e69f>
	SlotName: slot1_65@e4064.chtc.wisc.edu
	CondorScratchDir = "/var/lib/condor/execute/slot1/dir_2214291"
	Cpus = 1
	Disk = 1208198
	IoHeavy = 0
	Memory = 512
...
006 (11392261.047.000) 2023-08-02 21:10:17 Image size of job updated: 276760
	270  -  MemoryUsage of job (MB)
	275708  -  ResidentSetSize of job (KB)
...
006 (11392261.047.000) 2023-08-02 21:11:47 Image size of job updated: 412384
	270  -  MemoryUsage of job (MB)
	275708  -  ResidentSetSize of job (KB)
...
040 (11392261.047.000) 2023-08-02 21:11:47 Started transferring output files
...
040 (11392261.047.000) 2023-08-02 21:11:47 Finished transferring output files
...
005 (11392261.047.000) 2023-08-02 21:11:47 Job terminated.
	(1) Normal termination (return value 0)
		Usr 0 00:01:31, Sys 0 00:00:02  -  Run Remote Usage
		Usr 0 00:00:00, Sys 0 00:00:00  -  Run Local Usage
		Usr 0 00:01:31, Sys 0 00:00:02  -  Total Remote Usage
		Usr 0 00:00:00, Sys 0 00:00:00  -  Total Local Usage
	57739  -  Run Bytes Sent By Job
	32727852  -  Run Bytes Received By Job
	57739  -  Total Bytes Sent By Job
	32727852  -  Total Bytes Received By Job
	Partitionable Resources :     Usage  Request Allocated 
	   Cpus                 :      0.98        1         1 
	   Disk (KB)            : 256395      524288   1208198 
	   IoHeavy              :                            0 
	   Memory (MB)          :    270         512       512 

	Job terminated of its own accord at 2023-08-03T02:11:47Z with exit-code 0.
...
