000 (11139883.024.000) 2023-07-20 06:17:26 Job submitted from host: <128.104.101.92:9618?addrs=128.104.101.92-9618+[2607-f388-107c-501-a236-9fff-fe3c-caa8]-9618&alias=submit2.chtc.wisc.edu&noUDP&sock=schedd_1879732_618e>
...
040 (11139883.024.000) 2023-07-20 06:20:35 Started transferring input files
	Transferring to host: <128.105.69.171:9618?addrs=128.105.69.171-9618+[2607-f388-2200-100-1270-fdff-fe56-76ac]-9618&alias=e2554.chtc.wisc.edu&noUDP&sock=slot1_90_2358843_08cb_25012>
...
040 (11139883.024.000) 2023-07-20 06:20:37 Finished transferring input files
...
001 (11139883.024.000) 2023-07-20 06:20:38 Job executing on host: <128.105.69.171:9618?addrs=128.105.69.171-9618+[2607-f388-2200-100-1270-fdff-fe56-76ac]-9618&alias=e2554.chtc.wisc.edu&noUDP&sock=startd_14106_1f06>
	SlotName: slot1_90@e2554.chtc.wisc.edu
	CondorScratchDir = "/var/lib/condor/execute/slot1/dir_587430"
	Cpus = 1
	Disk = 1208198
	IoHeavy = 0
	Memory = 512
...
006 (11139883.024.000) 2023-07-20 06:20:46 Image size of job updated: 275148
	194  -  MemoryUsage of job (MB)
	198252  -  ResidentSetSize of job (KB)
...
006 (11139883.024.000) 2023-07-20 06:25:46 Image size of job updated: 449776
	433  -  MemoryUsage of job (MB)
	443204  -  ResidentSetSize of job (KB)
...
040 (11139883.024.000) 2023-07-20 06:29:27 Started transferring output files
...
040 (11139883.024.000) 2023-07-20 06:29:27 Finished transferring output files
...
005 (11139883.024.000) 2023-07-20 06:29:27 Job terminated.
	(1) Normal termination (return value 0)
		Usr 0 00:08:37, Sys 0 00:00:03  -  Run Remote Usage
		Usr 0 00:00:00, Sys 0 00:00:00  -  Run Local Usage
		Usr 0 00:08:37, Sys 0 00:00:03  -  Total Remote Usage
		Usr 0 00:00:00, Sys 0 00:00:00  -  Total Local Usage
	57864  -  Run Bytes Sent By Job
	32725918  -  Run Bytes Received By Job
	57864  -  Total Bytes Sent By Job
	32725918  -  Total Bytes Received By Job
	Partitionable Resources :     Usage  Request Allocated 
	   Cpus                 :      0.99        1         1 
	   Disk (KB)            : 255232      524288   1208198 
	   IoHeavy              :                            0 
	   Memory (MB)          :    433         512       512 

	Job terminated of its own accord at 2023-07-20T11:29:27Z with exit-code 0.
...
