000 (11392261.008.000) 2023-08-02 21:08:52 Job submitted from host: <128.104.101.92:9618?addrs=128.104.101.92-9618+[2607-f388-107c-501-a236-9fff-fe3c-caa8]-9618&alias=submit2.chtc.wisc.edu&noUDP&sock=schedd_1879732_618e>
...
040 (11392261.008.000) 2023-08-02 21:09:36 Started transferring input files
	Transferring to host: <128.105.69.95:9618?addrs=128.105.69.95-9618+[2607-f388-2200-100-1270-fdff-fe56-bff4]-9618&alias=e4006.chtc.wisc.edu&noUDP&sock=slot1_11_3683970_e1e9_69625>
...
040 (11392261.008.000) 2023-08-02 21:09:40 Finished transferring input files
...
001 (11392261.008.000) 2023-08-02 21:09:41 Job executing on host: <128.105.69.95:9618?addrs=128.105.69.95-9618+[2607-f388-2200-100-1270-fdff-fe56-bff4]-9618&alias=e4006.chtc.wisc.edu&noUDP&sock=startd_2383497_450b>
	SlotName: slot1_11@e4006.chtc.wisc.edu
	CondorScratchDir = "/var/lib/condor/execute/slot1/dir_577269"
	Cpus = 1
	Disk = 1208198
	IoHeavy = 0
	Memory = 512
...
006 (11392261.008.000) 2023-08-02 21:09:49 Image size of job updated: 289848
	284  -  MemoryUsage of job (MB)
	289848  -  ResidentSetSize of job (KB)
...
006 (11392261.008.000) 2023-08-02 21:14:49 Image size of job updated: 524288
	509  -  MemoryUsage of job (MB)
	520200  -  ResidentSetSize of job (KB)
...
006 (11392261.008.000) 2023-08-02 21:19:50 Image size of job updated: 524288
	512  -  MemoryUsage of job (MB)
	524244  -  ResidentSetSize of job (KB)
...
040 (11392261.008.000) 2023-08-02 22:11:53 Started transferring output files
...
040 (11392261.008.000) 2023-08-02 22:11:54 Finished transferring output files
...
005 (11392261.008.000) 2023-08-02 22:12:09 Job terminated.
	(1) Normal termination (return value 0)
		Usr 0 01:00:40, Sys 0 00:00:38  -  Run Remote Usage
		Usr 0 00:00:00, Sys 0 00:00:00  -  Run Local Usage
		Usr 0 01:00:40, Sys 0 00:00:38  -  Total Remote Usage
		Usr 0 00:00:00, Sys 0 00:00:00  -  Total Local Usage
	56733  -  Run Bytes Sent By Job
	32727852  -  Run Bytes Received By Job
	56733  -  Total Bytes Sent By Job
	32727852  -  Total Bytes Received By Job
	Partitionable Resources :     Usage  Request Allocated 
	   Cpus                 :      0.99        1         1 
	   Disk (KB)            : 255850      524288   1208198 
	   IoHeavy              :                            0 
	   Memory (MB)          :    512         512       512 

	Job terminated of its own accord at 2023-08-03T03:11:51Z with exit-code 0.
...
