000 (11392336.076.000) 2023-08-03 08:17:14 Job submitted from host: <128.104.101.92:9618?addrs=128.104.101.92-9618+[2607-f388-107c-501-a236-9fff-fe3c-caa8]-9618&alias=submit2.chtc.wisc.edu&noUDP&sock=schedd_1879732_618e>
...
040 (11392336.076.000) 2023-08-03 08:17:36 Started transferring input files
	Transferring to host: <128.105.69.96:9618?addrs=128.105.69.96-9618+[2607-f388-2200-100-1270-fdff-fe56-c75c]-9618&alias=e4007.chtc.wisc.edu&noUDP&sock=slot1_4_3191673_1c55_70868>
...
040 (11392336.076.000) 2023-08-03 08:17:38 Finished transferring input files
...
001 (11392336.076.000) 2023-08-03 08:17:39 Job executing on host: <128.105.69.96:9618?addrs=128.105.69.96-9618+[2607-f388-2200-100-1270-fdff-fe56-c75c]-9618&alias=e4007.chtc.wisc.edu&noUDP&sock=startd_15642_b07e>
	SlotName: slot1_4@e4007.chtc.wisc.edu
	CondorScratchDir = "/var/lib/condor/execute/slot1/dir_993228"
	Cpus = 1
	Disk = 1208198
	IoHeavy = 0
	Memory = 512
...
006 (11392336.076.000) 2023-08-03 08:17:48 Image size of job updated: 510872
	433  -  MemoryUsage of job (MB)
	442436  -  ResidentSetSize of job (KB)
...
006 (11392336.076.000) 2023-08-03 08:18:19 Image size of job updated: 518688
	455  -  MemoryUsage of job (MB)
	464964  -  ResidentSetSize of job (KB)
...
040 (11392336.076.000) 2023-08-03 08:18:19 Started transferring output files
...
040 (11392336.076.000) 2023-08-03 08:18:19 Finished transferring output files
...
005 (11392336.076.000) 2023-08-03 08:18:19 Job terminated.
	(1) Normal termination (return value 0)
		Usr 0 00:00:36, Sys 0 00:00:02  -  Run Remote Usage
		Usr 0 00:00:00, Sys 0 00:00:00  -  Run Local Usage
		Usr 0 00:00:36, Sys 0 00:00:02  -  Total Remote Usage
		Usr 0 00:00:00, Sys 0 00:00:00  -  Total Local Usage
	57333  -  Run Bytes Sent By Job
	32727852  -  Run Bytes Received By Job
	57333  -  Total Bytes Sent By Job
	32727852  -  Total Bytes Received By Job
	Partitionable Resources :    Usage  Request Allocated 
	   Cpus                 :                 1         1 
	   Disk (KB)            :   255224   524288   1208198 
	   IoHeavy              :                           0 
	   Memory (MB)          :      455      512       512 

	Job terminated of its own accord at 2023-08-03T13:18:19Z with exit-code 0.
...
