000 (11139883.002.000) 2023-07-20 06:17:26 Job submitted from host: <128.104.101.92:9618?addrs=128.104.101.92-9618+[2607-f388-107c-501-a236-9fff-fe3c-caa8]-9618&alias=submit2.chtc.wisc.edu&noUDP&sock=schedd_1879732_618e>
...
040 (11139883.002.000) 2023-07-20 06:20:35 Started transferring input files
	Transferring to host: <128.105.69.132:9618?addrs=128.105.69.132-9618+[2607-f388-2200-100-1270-fdff-fe56-673c]-9618&alias=e4081.chtc.wisc.edu&noUDP&sock=slot1_197_1581918_1681_18750>
...
040 (11139883.002.000) 2023-07-20 06:20:39 Finished transferring input files
...
001 (11139883.002.000) 2023-07-20 06:20:40 Job executing on host: <128.105.69.132:9618?addrs=128.105.69.132-9618+[2607-f388-2200-100-1270-fdff-fe56-673c]-9618&alias=e4081.chtc.wisc.edu&noUDP&sock=startd_16631_0fa8>
	SlotName: slot1_197@e4081.chtc.wisc.edu
	CondorScratchDir = "/var/lib/condor/execute/slot1/dir_290601"
	Cpus = 1
	Disk = 1208198
	IoHeavy = 0
	Memory = 512
...
006 (11139883.002.000) 2023-07-20 06:20:48 Image size of job updated: 365184
	347  -  MemoryUsage of job (MB)
	354780  -  ResidentSetSize of job (KB)
...
006 (11139883.002.000) 2023-07-20 06:25:48 Image size of job updated: 524288
	494  -  MemoryUsage of job (MB)
	505252  -  ResidentSetSize of job (KB)
...
006 (11139883.002.000) 2023-07-20 06:30:49 Image size of job updated: 524288
	512  -  MemoryUsage of job (MB)
	524168  -  ResidentSetSize of job (KB)
...
040 (11139883.002.000) 2023-07-20 10:11:31 Started transferring output files
...
040 (11139883.002.000) 2023-07-20 10:11:31 Finished transferring output files
...
005 (11139883.002.000) 2023-07-20 10:11:32 Job terminated.
	(1) Normal termination (return value 0)
		Usr 0 03:42:45, Sys 0 00:03:04  -  Run Remote Usage
		Usr 0 00:00:00, Sys 0 00:00:00  -  Run Local Usage
		Usr 0 03:42:45, Sys 0 00:03:04  -  Total Remote Usage
		Usr 0 00:00:00, Sys 0 00:00:00  -  Total Local Usage
	56829  -  Run Bytes Sent By Job
	32725918  -  Run Bytes Received By Job
	56829  -  Total Bytes Sent By Job
	32725918  -  Total Bytes Received By Job
	Partitionable Resources :     Usage  Request Allocated 
	   Cpus                 :      0.98        1         1 
	   Disk (KB)            : 255989      524288   1208198 
	   IoHeavy              :                            0 
	   Memory (MB)          :    512         512       512 

	Job terminated of its own accord at 2023-07-20T15:11:31Z with exit-code 0.
...
