000 (11392336.013.000) 2023-08-03 08:17:13 Job submitted from host: <128.104.101.92:9618?addrs=128.104.101.92-9618+[2607-f388-107c-501-a236-9fff-fe3c-caa8]-9618&alias=submit2.chtc.wisc.edu&noUDP&sock=schedd_1879732_618e>
...
040 (11392336.013.000) 2023-08-03 08:17:30 Started transferring input files
	Transferring to host: <128.105.69.171:9618?addrs=128.105.69.171-9618+[2607-f388-2200-100-1270-fdff-fe56-76ac]-9618&alias=e2554.chtc.wisc.edu&noUDP&sock=slot1_19_2358843_08cb_78032>
...
040 (11392336.013.000) 2023-08-03 08:17:32 Finished transferring input files
...
001 (11392336.013.000) 2023-08-03 08:17:34 Job executing on host: <128.105.69.171:9618?addrs=128.105.69.171-9618+[2607-f388-2200-100-1270-fdff-fe56-76ac]-9618&alias=e2554.chtc.wisc.edu&noUDP&sock=startd_14106_1f06>
	SlotName: slot1_19@e2554.chtc.wisc.edu
	CondorScratchDir = "/var/lib/condor/execute/slot1/dir_1460097"
	Cpus = 1
	Disk = 1208198
	IoHeavy = 0
	Memory = 512
...
006 (11392336.013.000) 2023-08-03 08:17:42 Image size of job updated: 383100
	236  -  MemoryUsage of job (MB)
	241080  -  ResidentSetSize of job (KB)
...
006 (11392336.013.000) 2023-08-03 08:19:08 Image size of job updated: 518408
	237  -  MemoryUsage of job (MB)
	242104  -  ResidentSetSize of job (KB)
...
040 (11392336.013.000) 2023-08-03 08:19:08 Started transferring output files
...
040 (11392336.013.000) 2023-08-03 08:19:08 Finished transferring output files
...
005 (11392336.013.000) 2023-08-03 08:19:09 Job terminated.
	(1) Normal termination (return value 0)
		Usr 0 00:01:28, Sys 0 00:00:03  -  Run Remote Usage
		Usr 0 00:00:00, Sys 0 00:00:00  -  Run Local Usage
		Usr 0 00:01:28, Sys 0 00:00:03  -  Total Remote Usage
		Usr 0 00:00:00, Sys 0 00:00:00  -  Total Local Usage
	58005  -  Run Bytes Sent By Job
	32727852  -  Run Bytes Received By Job
	58005  -  Total Bytes Sent By Job
	32727852  -  Total Bytes Received By Job
	Partitionable Resources :    Usage  Request Allocated 
	   Cpus                 :                 1         1 
	   Disk (KB)            :   255225   524288   1208198 
	   IoHeavy              :                           0 
	   Memory (MB)          :      237      512       512 

	Job terminated of its own accord at 2023-08-03T13:19:08Z with exit-code 0.
...
