000 (11174826.022.000) 2023-07-25 19:31:08 Job submitted from host: <128.104.101.92:9618?addrs=128.104.101.92-9618+[2607-f388-107c-501-a236-9fff-fe3c-caa8]-9618&alias=submit2.chtc.wisc.edu&noUDP&sock=schedd_1879732_618e>
...
040 (11174826.022.000) 2023-07-25 19:32:57 Started transferring input files
	Transferring to host: <128.105.69.187:9618?addrs=128.105.69.187-9618+[2607-f388-2200-100-1270-fdff-fe56-b86c]-9618&alias=e4039.chtc.wisc.edu&noUDP&sock=slot1_13_3589331_2540_48120>
...
040 (11174826.022.000) 2023-07-25 19:32:59 Finished transferring input files
...
001 (11174826.022.000) 2023-07-25 19:33:00 Job executing on host: <128.105.69.187:9618?addrs=128.105.69.187-9618+[2607-f388-2200-100-1270-fdff-fe56-b86c]-9618&alias=e4039.chtc.wisc.edu&noUDP&sock=startd_15786_7621>
	SlotName: slot1_13@e4039.chtc.wisc.edu
	CondorScratchDir = "/var/lib/condor/execute/slot1/dir_2597353"
	Cpus = 1
	Disk = 1208198
	IoHeavy = 0
	Memory = 512
...
006 (11174826.022.000) 2023-07-25 19:33:09 Image size of job updated: 402488
	258  -  MemoryUsage of job (MB)
	263680  -  ResidentSetSize of job (KB)
...
006 (11174826.022.000) 2023-07-25 19:38:10 Image size of job updated: 524292
	511  -  MemoryUsage of job (MB)
	523200  -  ResidentSetSize of job (KB)
...
040 (11174826.022.000) 2023-07-25 20:15:08 Started transferring output files
...
040 (11174826.022.000) 2023-07-25 20:15:08 Finished transferring output files
...
005 (11174826.022.000) 2023-07-25 20:15:08 Job terminated.
	(1) Normal termination (return value 0)
		Usr 0 00:41:21, Sys 0 00:00:13  -  Run Remote Usage
		Usr 0 00:00:00, Sys 0 00:00:00  -  Run Local Usage
		Usr 0 00:41:21, Sys 0 00:00:13  -  Total Remote Usage
		Usr 0 00:00:00, Sys 0 00:00:00  -  Total Local Usage
	56996  -  Run Bytes Sent By Job
	32725816  -  Run Bytes Received By Job
	56996  -  Total Bytes Sent By Job
	32725816  -  Total Bytes Received By Job
	Partitionable Resources :     Usage  Request Allocated 
	   Cpus                 :      0.99        1         1 
	   Disk (KB)            : 255231      524288   1208198 
	   IoHeavy              :                            0 
	   Memory (MB)          :    511         512       512 

	Job terminated of its own accord at 2023-07-26T01:15:08Z with exit-code 0.
...
