000 (11392336.018.000) 2023-08-03 08:17:13 Job submitted from host: <128.104.101.92:9618?addrs=128.104.101.92-9618+[2607-f388-107c-501-a236-9fff-fe3c-caa8]-9618&alias=submit2.chtc.wisc.edu&noUDP&sock=schedd_1879732_618e>
...
040 (11392336.018.000) 2023-08-03 08:17:31 Started transferring input files
	Transferring to host: <128.105.69.112:9618?addrs=128.105.69.112-9618+[2607-f388-2200-100-1270-fdff-fe56-c354]-9618&alias=e4061.chtc.wisc.edu&noUDP&sock=slot1_34_3226916_fe0f_70558>
...
040 (11392336.018.000) 2023-08-03 08:17:39 Finished transferring input files
...
001 (11392336.018.000) 2023-08-03 08:17:40 Job executing on host: <128.105.69.112:9618?addrs=128.105.69.112-9618+[2607-f388-2200-100-1270-fdff-fe56-c354]-9618&alias=e4061.chtc.wisc.edu&noUDP&sock=startd_16968_3713>
	SlotName: slot1_34@e4061.chtc.wisc.edu
	CondorScratchDir = "/var/lib/condor/execute/slot1/dir_1291543"
	Cpus = 1
	Disk = 1208198
	IoHeavy = 0
	Memory = 512
...
006 (11392336.018.000) 2023-08-03 08:17:48 Image size of job updated: 265996
	258  -  MemoryUsage of job (MB)
	263384  -  ResidentSetSize of job (KB)
...
006 (11392336.018.000) 2023-08-03 08:22:48 Image size of job updated: 518852
	507  -  MemoryUsage of job (MB)
	518536  -  ResidentSetSize of job (KB)
...
006 (11392336.018.000) 2023-08-03 08:22:50 Image size of job updated: 519660
	507  -  MemoryUsage of job (MB)
	518536  -  ResidentSetSize of job (KB)
...
040 (11392336.018.000) 2023-08-03 08:22:50 Started transferring output files
...
040 (11392336.018.000) 2023-08-03 08:22:50 Finished transferring output files
...
005 (11392336.018.000) 2023-08-03 08:22:50 Job terminated.
	(1) Normal termination (return value 0)
		Usr 0 00:04:48, Sys 0 00:00:17  -  Run Remote Usage
		Usr 0 00:00:00, Sys 0 00:00:00  -  Run Local Usage
		Usr 0 00:04:48, Sys 0 00:00:17  -  Total Remote Usage
		Usr 0 00:00:00, Sys 0 00:00:00  -  Total Local Usage
	57560  -  Run Bytes Sent By Job
	32727852  -  Run Bytes Received By Job
	57560  -  Total Bytes Sent By Job
	32727852  -  Total Bytes Received By Job
	Partitionable Resources :     Usage  Request Allocated 
	   Cpus                 :      0.99        1         1 
	   Disk (KB)            : 255810      524288   1208198 
	   IoHeavy              :                            0 
	   Memory (MB)          :    507         512       512 

	Job terminated of its own accord at 2023-08-03T13:22:50Z with exit-code 0.
...
