000 (11139883.009.000) 2023-07-20 06:17:26 Job submitted from host: <128.104.101.92:9618?addrs=128.104.101.92-9618+[2607-f388-107c-501-a236-9fff-fe3c-caa8]-9618&alias=submit2.chtc.wisc.edu&noUDP&sock=schedd_1879732_618e>
...
040 (11139883.009.000) 2023-07-20 06:21:04 Started transferring input files
	Transferring to host: <128.105.69.144:9618?addrs=128.105.69.144-9618+[2607-f388-2200-100-1270-fdff-fe56-7714]-9618&alias=e4021.chtc.wisc.edu&noUDP&sock=slot1_82_580209_7a83_19823>
...
040 (11139883.009.000) 2023-07-20 06:21:06 Finished transferring input files
...
001 (11139883.009.000) 2023-07-20 06:21:07 Job executing on host: <128.105.69.144:9618?addrs=128.105.69.144-9618+[2607-f388-2200-100-1270-fdff-fe56-7714]-9618&alias=e4021.chtc.wisc.edu&noUDP&sock=startd_15985_f57a>
	SlotName: slot1_82@e4021.chtc.wisc.edu
	CondorScratchDir = "/var/lib/condor/execute/slot1/dir_2078100"
	Cpus = 1
	Disk = 1208198
	IoHeavy = 0
	Memory = 512
...
006 (11139883.009.000) 2023-07-20 06:21:16 Image size of job updated: 294156
	226  -  MemoryUsage of job (MB)
	230640  -  ResidentSetSize of job (KB)
...
006 (11139883.009.000) 2023-07-20 06:26:17 Image size of job updated: 524288
	502  -  MemoryUsage of job (MB)
	513048  -  ResidentSetSize of job (KB)
...
006 (11139883.009.000) 2023-07-20 06:31:17 Image size of job updated: 524288
	512  -  MemoryUsage of job (MB)
	524288  -  ResidentSetSize of job (KB)
...
040 (11139883.009.000) 2023-07-20 06:37:33 Started transferring output files
...
040 (11139883.009.000) 2023-07-20 06:37:33 Finished transferring output files
...
005 (11139883.009.000) 2023-07-20 06:37:33 Job terminated.
	(1) Normal termination (return value 0)
		Usr 0 00:16:04, Sys 0 00:00:04  -  Run Remote Usage
		Usr 0 00:00:00, Sys 0 00:00:00  -  Run Local Usage
		Usr 0 00:16:04, Sys 0 00:00:04  -  Total Remote Usage
		Usr 0 00:00:00, Sys 0 00:00:00  -  Total Local Usage
	57865  -  Run Bytes Sent By Job
	32725918  -  Run Bytes Received By Job
	57865  -  Total Bytes Sent By Job
	32725918  -  Total Bytes Received By Job
	Partitionable Resources :     Usage  Request Allocated 
	   Cpus                 :      0.98        1         1 
	   Disk (KB)            : 255232      524288   1208198 
	   IoHeavy              :                            0 
	   Memory (MB)          :    512         512       512 

	Job terminated of its own accord at 2023-07-20T11:37:33Z with exit-code 0.
...
