000 (11143179.004.000) 2023-07-20 20:15:22 Job submitted from host: <128.104.101.92:9618?addrs=128.104.101.92-9618+[2607-f388-107c-501-a236-9fff-fe3c-caa8]-9618&alias=submit2.chtc.wisc.edu&noUDP&sock=schedd_1879732_618e>
...
040 (11143179.004.000) 2023-07-20 20:17:21 Started transferring input files
	Transferring to host: <128.105.69.212:9618?addrs=128.105.69.212-9618+[2607-f388-2200-100-eaeb-d3ff-fe40-1554]-9618&alias=e2595.chtc.wisc.edu&noUDP&sock=slot1_163_3219426_9c1e_21123>
...
040 (11143179.004.000) 2023-07-20 20:17:24 Finished transferring input files
...
001 (11143179.004.000) 2023-07-20 20:17:26 Job executing on host: <128.105.69.212:9618?addrs=128.105.69.212-9618+[2607-f388-2200-100-eaeb-d3ff-fe40-1554]-9618&alias=e2595.chtc.wisc.edu&noUDP&sock=startd_22738_f488>
	SlotName: slot1_163@e2595.chtc.wisc.edu
	CondorScratchDir = "/var/lib/condor/execute/slot1/dir_1293417"
	Cpus = 1
	Disk = 1458998
	IoHeavy = 0
	Memory = 512
...
006 (11143179.004.000) 2023-07-20 20:17:35 Image size of job updated: 390568
	382  -  MemoryUsage of job (MB)
	390568  -  ResidentSetSize of job (KB)
...
006 (11143179.004.000) 2023-07-20 20:17:56 Image size of job updated: 514864
	382  -  MemoryUsage of job (MB)
	390568  -  ResidentSetSize of job (KB)
...
040 (11143179.004.000) 2023-07-20 20:17:57 Started transferring output files
...
040 (11143179.004.000) 2023-07-20 20:17:57 Finished transferring output files
...
005 (11143179.004.000) 2023-07-20 20:17:58 Job terminated.
	(1) Normal termination (return value 1)
		Usr 0 00:00:21, Sys 0 00:00:07  -  Run Remote Usage
		Usr 0 00:00:00, Sys 0 00:00:00  -  Run Local Usage
		Usr 0 00:00:21, Sys 0 00:00:07  -  Total Remote Usage
		Usr 0 00:00:00, Sys 0 00:00:00  -  Total Local Usage
	3388  -  Run Bytes Sent By Job
	32725816  -  Run Bytes Received By Job
	3388  -  Total Bytes Sent By Job
	32725816  -  Total Bytes Received By Job
	Partitionable Resources :    Usage  Request Allocated 
	   Cpus                 :                 1         1 
	   Disk (KB)            :   256066   524288   1458998 
	   IoHeavy              :                           0 
	   Memory (MB)          :      382      512       512 

	Job terminated of its own accord at 2023-07-21T01:17:56Z with exit-code 1.
...
