000 (11139883.004.000) 2023-07-20 06:17:26 Job submitted from host: <128.104.101.92:9618?addrs=128.104.101.92-9618+[2607-f388-107c-501-a236-9fff-fe3c-caa8]-9618&alias=submit2.chtc.wisc.edu&noUDP&sock=schedd_1879732_618e>
...
040 (11139883.004.000) 2023-07-20 06:20:43 Started transferring input files
	Transferring to host: <128.105.69.234:9618?addrs=128.105.69.234-9618+[2607-f388-2200-100-eaeb-d3ff-fe40-1efc]-9618&alias=e2617.chtc.wisc.edu&noUDP&sock=slot1_192_403651_6537_19733>
...
040 (11139883.004.000) 2023-07-20 06:20:45 Finished transferring input files
...
001 (11139883.004.000) 2023-07-20 06:20:46 Job executing on host: <128.105.69.234:9618?addrs=128.105.69.234-9618+[2607-f388-2200-100-eaeb-d3ff-fe40-1efc]-9618&alias=e2617.chtc.wisc.edu&noUDP&sock=startd_18732_2c23>
	SlotName: slot1_192@e2617.chtc.wisc.edu
	CondorScratchDir = "/var/lib/condor/execute/slot1/dir_3925739"
	Cpus = 1
	Disk = 1458998
	IoHeavy = 0
	Memory = 512
...
006 (11139883.004.000) 2023-07-20 06:20:55 Image size of job updated: 274508
	258  -  MemoryUsage of job (MB)
	263500  -  ResidentSetSize of job (KB)
...
006 (11139883.004.000) 2023-07-20 06:25:55 Image size of job updated: 452808
	442  -  MemoryUsage of job (MB)
	452608  -  ResidentSetSize of job (KB)
...
006 (11139883.004.000) 2023-07-20 06:30:55 Image size of job updated: 452868
	443  -  MemoryUsage of job (MB)
	452616  -  ResidentSetSize of job (KB)
...
006 (11139883.004.000) 2023-07-20 06:35:56 Image size of job updated: 453308
	443  -  MemoryUsage of job (MB)
	453056  -  ResidentSetSize of job (KB)
...
006 (11139883.004.000) 2023-07-20 06:38:53 Image size of job updated: 453816
	443  -  MemoryUsage of job (MB)
	453056  -  ResidentSetSize of job (KB)
...
040 (11139883.004.000) 2023-07-20 06:38:53 Started transferring output files
...
040 (11139883.004.000) 2023-07-20 06:38:53 Finished transferring output files
...
005 (11139883.004.000) 2023-07-20 06:38:53 Job terminated.
	(1) Normal termination (return value 0)
		Usr 0 00:17:42, Sys 0 00:00:04  -  Run Remote Usage
		Usr 0 00:00:00, Sys 0 00:00:00  -  Run Local Usage
		Usr 0 00:17:42, Sys 0 00:00:04  -  Total Remote Usage
		Usr 0 00:00:00, Sys 0 00:00:00  -  Total Local Usage
	56823  -  Run Bytes Sent By Job
	32725918  -  Run Bytes Received By Job
	56823  -  Total Bytes Sent By Job
	32725918  -  Total Bytes Received By Job
	Partitionable Resources :     Usage  Request Allocated 
	   Cpus                 :      0.98        1         1 
	   Disk (KB)            : 256397      524288   1458998 
	   IoHeavy              :                            0 
	   Memory (MB)          :    443         512       512 

	Job terminated of its own accord at 2023-07-20T11:38:52Z with exit-code 0.
...
