000 (11174826.034.000) 2023-07-25 19:31:08 Job submitted from host: <128.104.101.92:9618?addrs=128.104.101.92-9618+[2607-f388-107c-501-a236-9fff-fe3c-caa8]-9618&alias=submit2.chtc.wisc.edu&noUDP&sock=schedd_1879732_618e>
...
040 (11174826.034.000) 2023-07-25 19:32:59 Started transferring input files
	Transferring to host: <128.105.69.96:9618?addrs=128.105.69.96-9618+[2607-f388-2200-100-1270-fdff-fe56-c75c]-9618&alias=e4007.chtc.wisc.edu&noUDP&sock=slot1_29_3191673_1c55_41086>
...
040 (11174826.034.000) 2023-07-25 19:33:02 Finished transferring input files
...
001 (11174826.034.000) 2023-07-25 19:33:03 Job executing on host: <128.105.69.96:9618?addrs=128.105.69.96-9618+[2607-f388-2200-100-1270-fdff-fe56-c75c]-9618&alias=e4007.chtc.wisc.edu&noUDP&sock=startd_15642_b07e>
	SlotName: slot1_29@e4007.chtc.wisc.edu
	CondorScratchDir = "/var/lib/condor/execute/slot1/dir_2951667"
	Cpus = 1
	Disk = 1208198
	IoHeavy = 0
	Memory = 512
...
006 (11174826.034.000) 2023-07-25 19:33:11 Image size of job updated: 275364
	254  -  MemoryUsage of job (MB)
	259716  -  ResidentSetSize of job (KB)
...
006 (11174826.034.000) 2023-07-25 19:38:11 Image size of job updated: 432380
	420  -  MemoryUsage of job (MB)
	429820  -  ResidentSetSize of job (KB)
...
040 (11174826.034.000) 2023-07-25 19:38:57 Started transferring output files
...
040 (11174826.034.000) 2023-07-25 19:38:57 Finished transferring output files
...
005 (11174826.034.000) 2023-07-25 19:38:57 Job terminated.
	(1) Normal termination (return value 0)
		Usr 0 00:05:42, Sys 0 00:00:03  -  Run Remote Usage
		Usr 0 00:00:00, Sys 0 00:00:00  -  Run Local Usage
		Usr 0 00:05:42, Sys 0 00:00:03  -  Total Remote Usage
		Usr 0 00:00:00, Sys 0 00:00:00  -  Total Local Usage
	58042  -  Run Bytes Sent By Job
	32725816  -  Run Bytes Received By Job
	58042  -  Total Bytes Sent By Job
	32725816  -  Total Bytes Received By Job
	Partitionable Resources :     Usage  Request Allocated 
	   Cpus                 :      0.99        1         1 
	   Disk (KB)            : 256384      524288   1208198 
	   IoHeavy              :                            0 
	   Memory (MB)          :    420         512       512 

	Job terminated of its own accord at 2023-07-26T00:38:57Z with exit-code 0.
...
