000 (11392261.103.000) 2023-08-02 21:08:53 Job submitted from host: <128.104.101.92:9618?addrs=128.104.101.92-9618+[2607-f388-107c-501-a236-9fff-fe3c-caa8]-9618&alias=submit2.chtc.wisc.edu&noUDP&sock=schedd_1879732_618e>
...
040 (11392261.103.000) 2023-08-02 21:10:12 Started transferring input files
	Transferring to host: <128.105.69.195:9618?addrs=128.105.69.195-9618+[2607-f388-2200-100-1270-fdff-fe56-6f44]-9618&alias=e4048.chtc.wisc.edu&noUDP&sock=slot1_216_1616382_17fb_72593>
...
040 (11392261.103.000) 2023-08-02 21:10:16 Finished transferring input files
...
001 (11392261.103.000) 2023-08-02 21:10:17 Job executing on host: <128.105.69.195:9618?addrs=128.105.69.195-9618+[2607-f388-2200-100-1270-fdff-fe56-6f44]-9618&alias=e4048.chtc.wisc.edu&noUDP&sock=startd_16481_2c74>
	SlotName: slot1_216@e4048.chtc.wisc.edu
	CondorScratchDir = "/var/lib/condor/execute/slot1/dir_3581017"
	Cpus = 1
	Disk = 1208198
	IoHeavy = 0
	Memory = 512
...
006 (11392261.103.000) 2023-08-02 21:10:27 Image size of job updated: 229640
	220  -  MemoryUsage of job (MB)
	225244  -  ResidentSetSize of job (KB)
...
006 (11392261.103.000) 2023-08-02 21:12:13 Image size of job updated: 403148
	233  -  MemoryUsage of job (MB)
	238044  -  ResidentSetSize of job (KB)
...
040 (11392261.103.000) 2023-08-02 21:12:13 Started transferring output files
...
040 (11392261.103.000) 2023-08-02 21:12:13 Finished transferring output files
...
005 (11392261.103.000) 2023-08-02 21:12:13 Job terminated.
	(1) Normal termination (return value 0)
		Usr 0 00:01:44, Sys 0 00:00:06  -  Run Remote Usage
		Usr 0 00:00:00, Sys 0 00:00:00  -  Run Local Usage
		Usr 0 00:01:44, Sys 0 00:00:06  -  Total Remote Usage
		Usr 0 00:00:00, Sys 0 00:00:00  -  Total Local Usage
	53694  -  Run Bytes Sent By Job
	32727852  -  Run Bytes Received By Job
	53694  -  Total Bytes Sent By Job
	32727852  -  Total Bytes Received By Job
	Partitionable Resources :    Usage  Request Allocated 
	   Cpus                 :                 1         1 
	   Disk (KB)            :   256063   524288   1208198 
	   IoHeavy              :                           0 
	   Memory (MB)          :      233      512       512 

	Job terminated of its own accord at 2023-08-03T02:12:13Z with exit-code 0.
...
