000 (11392341.065.000) 2023-08-03 09:09:59 Job submitted from host: <128.104.101.92:9618?addrs=128.104.101.92-9618+[2607-f388-107c-501-a236-9fff-fe3c-caa8]-9618&alias=submit2.chtc.wisc.edu&noUDP&sock=schedd_1879732_618e>
...
040 (11392341.065.000) 2023-08-03 09:10:32 Started transferring input files
	Transferring to host: <128.105.69.222:9618?addrs=128.105.69.222-9618+[2607-f388-2200-100-eaeb-d3ff-fe40-1d3c]-9618&alias=e2605.chtc.wisc.edu&noUDP&sock=slot1_1_2354722_6ac3_74171>
...
040 (11392341.065.000) 2023-08-03 09:10:34 Finished transferring input files
...
001 (11392341.065.000) 2023-08-03 09:10:35 Job executing on host: <128.105.69.222:9618?addrs=128.105.69.222-9618+[2607-f388-2200-100-eaeb-d3ff-fe40-1d3c]-9618&alias=e2605.chtc.wisc.edu&noUDP&sock=startd_11791_3947>
	SlotName: slot1_1@e2605.chtc.wisc.edu
	CondorScratchDir = "/var/lib/condor/execute/slot1/dir_1654647"
	Cpus = 1
	Disk = 1458998
	IoHeavy = 0
	Memory = 512
...
006 (11392341.065.000) 2023-08-03 09:10:43 Image size of job updated: 506208
	473  -  MemoryUsage of job (MB)
	483548  -  ResidentSetSize of job (KB)
...
006 (11392341.065.000) 2023-08-03 09:11:29 Image size of job updated: 517864
	473  -  MemoryUsage of job (MB)
	483548  -  ResidentSetSize of job (KB)
...
040 (11392341.065.000) 2023-08-03 09:11:29 Started transferring output files
...
040 (11392341.065.000) 2023-08-03 09:11:29 Finished transferring output files
...
005 (11392341.065.000) 2023-08-03 09:11:29 Job terminated.
	(1) Normal termination (return value 0)
		Usr 0 00:00:50, Sys 0 00:00:02  -  Run Remote Usage
		Usr 0 00:00:00, Sys 0 00:00:00  -  Run Local Usage
		Usr 0 00:00:50, Sys 0 00:00:02  -  Total Remote Usage
		Usr 0 00:00:00, Sys 0 00:00:00  -  Total Local Usage
	57846  -  Run Bytes Sent By Job
	32727736  -  Run Bytes Received By Job
	57846  -  Total Bytes Sent By Job
	32727736  -  Total Bytes Received By Job
	Partitionable Resources :     Usage  Request Allocated 
	   Cpus                 :      0.99        1         1 
	   Disk (KB)            : 255234      524288   1458998 
	   IoHeavy              :                            0 
	   Memory (MB)          :    473         512       512 

	Job terminated of its own accord at 2023-08-03T14:11:29Z with exit-code 0.
...
