000 (11139883.036.000) 2023-07-20 06:17:26 Job submitted from host: <128.104.101.92:9618?addrs=128.104.101.92-9618+[2607-f388-107c-501-a236-9fff-fe3c-caa8]-9618&alias=submit2.chtc.wisc.edu&noUDP&sock=schedd_1879732_618e>
...
040 (11139883.036.000) 2023-07-20 06:20:36 Started transferring input files
	Transferring to host: <128.105.69.124:9618?addrs=128.105.69.124-9618+[2607-f388-2200-100-1270-fdff-fe56-7b5c]-9618&alias=e4073.chtc.wisc.edu&noUDP&sock=slot1_169_2379618_e6b7_19679>
...
040 (11139883.036.000) 2023-07-20 06:20:38 Finished transferring input files
...
001 (11139883.036.000) 2023-07-20 06:20:39 Job executing on host: <128.105.69.124:9618?addrs=128.105.69.124-9618+[2607-f388-2200-100-1270-fdff-fe56-7b5c]-9618&alias=e4073.chtc.wisc.edu&noUDP&sock=startd_16825_2108>
	SlotName: slot1_169@e4073.chtc.wisc.edu
	CondorScratchDir = "/var/lib/condor/execute/slot1/dir_1335055"
	Cpus = 1
	Disk = 1208198
	IoHeavy = 0
	Memory = 512
...
006 (11139883.036.000) 2023-07-20 06:20:48 Image size of job updated: 275228
	265  -  MemoryUsage of job (MB)
	271040  -  ResidentSetSize of job (KB)
...
006 (11139883.036.000) 2023-07-20 06:25:49 Image size of job updated: 431516
	422  -  MemoryUsage of job (MB)
	431516  -  ResidentSetSize of job (KB)
...
006 (11139883.036.000) 2023-07-20 06:26:49 Image size of job updated: 432740
	422  -  MemoryUsage of job (MB)
	431516  -  ResidentSetSize of job (KB)
...
040 (11139883.036.000) 2023-07-20 06:26:49 Started transferring output files
...
040 (11139883.036.000) 2023-07-20 06:26:49 Finished transferring output files
...
005 (11139883.036.000) 2023-07-20 06:26:58 Job terminated.
	(1) Normal termination (return value 0)
		Usr 0 00:06:00, Sys 0 00:00:02  -  Run Remote Usage
		Usr 0 00:00:00, Sys 0 00:00:00  -  Run Local Usage
		Usr 0 00:06:00, Sys 0 00:00:02  -  Total Remote Usage
		Usr 0 00:00:00, Sys 0 00:00:00  -  Total Local Usage
	57922  -  Run Bytes Sent By Job
	32725918  -  Run Bytes Received By Job
	57922  -  Total Bytes Sent By Job
	32725918  -  Total Bytes Received By Job
	Partitionable Resources :     Usage  Request Allocated 
	   Cpus                 :      0.99        1         1 
	   Disk (KB)            : 255231      524288   1208198 
	   IoHeavy              :                            0 
	   Memory (MB)          :    422         512       512 

	Job terminated of its own accord at 2023-07-20T11:26:49Z with exit-code 0.
...
