000 (11174994.038.000) 2023-07-26 11:51:45 Job submitted from host: <128.104.101.92:9618?addrs=128.104.101.92-9618+[2607-f388-107c-501-a236-9fff-fe3c-caa8]-9618&alias=submit2.chtc.wisc.edu&noUDP&sock=schedd_1879732_618e>
...
040 (11174994.038.000) 2023-07-26 11:54:30 Started transferring input files
	Transferring to host: <128.105.69.164:9618?addrs=128.105.69.164-9618+[2607-f388-2200-100-1270-fdff-fe56-c2ec]-9618&alias=e4097.chtc.wisc.edu&noUDP&sock=slot1_13_3584328_1455_53320>
...
040 (11174994.038.000) 2023-07-26 11:54:32 Finished transferring input files
...
001 (11174994.038.000) 2023-07-26 11:54:34 Job executing on host: <128.105.69.164:9618?addrs=128.105.69.164-9618+[2607-f388-2200-100-1270-fdff-fe56-c2ec]-9618&alias=e4097.chtc.wisc.edu&noUDP&sock=startd_16809_2784>
	SlotName: slot1_13@e4097.chtc.wisc.edu
	CondorScratchDir = "/var/lib/condor/execute/slot1/dir_1803859"
	Cpus = 1
	Disk = 1208198
	IoHeavy = 0
	Memory = 512
...
006 (11174994.038.000) 2023-07-26 11:54:42 Image size of job updated: 524288
	445  -  MemoryUsage of job (MB)
	455572  -  ResidentSetSize of job (KB)
...
006 (11174994.038.000) 2023-07-26 11:55:55 Image size of job updated: 524288
	464  -  MemoryUsage of job (MB)
	474516  -  ResidentSetSize of job (KB)
...
040 (11174994.038.000) 2023-07-26 11:55:55 Started transferring output files
...
040 (11174994.038.000) 2023-07-26 11:55:55 Finished transferring output files
...
005 (11174994.038.000) 2023-07-26 11:55:55 Job terminated.
	(1) Normal termination (return value 0)
		Usr 0 00:01:18, Sys 0 00:00:02  -  Run Remote Usage
		Usr 0 00:00:00, Sys 0 00:00:00  -  Run Local Usage
		Usr 0 00:01:18, Sys 0 00:00:02  -  Total Remote Usage
		Usr 0 00:00:00, Sys 0 00:00:00  -  Total Local Usage
	57463  -  Run Bytes Sent By Job
	32726248  -  Run Bytes Received By Job
	57463  -  Total Bytes Sent By Job
	32726248  -  Total Bytes Received By Job
	Partitionable Resources :    Usage  Request Allocated 
	   Cpus                 :                 1         1 
	   Disk (KB)            :   255223   524288   1208198 
	   IoHeavy              :                           0 
	   Memory (MB)          :      464      512       512 

	Job terminated of its own accord at 2023-07-26T16:55:55Z with exit-code 0.
...
