000 (11139805.010.000) 2023-07-19 21:31:36 Job submitted from host: <128.104.101.92:9618?addrs=128.104.101.92-9618+[2607-f388-107c-501-a236-9fff-fe3c-caa8]-9618&alias=submit2.chtc.wisc.edu&noUDP&sock=schedd_1879732_618e>
...
040 (11139805.010.000) 2023-07-19 21:33:58 Started transferring input files
	Transferring to host: <128.105.69.196:9618?addrs=128.105.69.196-9618+[2607-f388-2200-100-1270-fdff-fe56-bf74]-9618&alias=e4049.chtc.wisc.edu&noUDP&sock=slot1_137_3460697_db11_17135>
...
040 (11139805.010.000) 2023-07-19 21:34:03 Finished transferring input files
...
001 (11139805.010.000) 2023-07-19 21:34:04 Job executing on host: <128.105.69.196:9618?addrs=128.105.69.196-9618+[2607-f388-2200-100-1270-fdff-fe56-bf74]-9618&alias=e4049.chtc.wisc.edu&noUDP&sock=startd_16763_9a29>
	SlotName: slot1_137@e4049.chtc.wisc.edu
	CondorScratchDir = "/var/lib/condor/execute/slot1/dir_2450483"
	Cpus = 1
	Disk = 1208198
	IoHeavy = 0
	Memory = 512
...
006 (11139805.010.000) 2023-07-19 21:34:13 Image size of job updated: 275316
	235  -  MemoryUsage of job (MB)
	240100  -  ResidentSetSize of job (KB)
...
006 (11139805.010.000) 2023-07-19 21:34:55 Image size of job updated: 490496
	236  -  MemoryUsage of job (MB)
	241380  -  ResidentSetSize of job (KB)
...
040 (11139805.010.000) 2023-07-19 21:34:55 Started transferring output files
...
040 (11139805.010.000) 2023-07-19 21:34:55 Finished transferring output files
...
005 (11139805.010.000) 2023-07-19 21:34:55 Job terminated.
	(1) Normal termination (return value 0)
		Usr 0 00:00:43, Sys 0 00:00:05  -  Run Remote Usage
		Usr 0 00:00:00, Sys 0 00:00:00  -  Run Local Usage
		Usr 0 00:00:43, Sys 0 00:00:05  -  Total Remote Usage
		Usr 0 00:00:00, Sys 0 00:00:00  -  Total Local Usage
	3473  -  Run Bytes Sent By Job
	32725172  -  Run Bytes Received By Job
	3473  -  Total Bytes Sent By Job
	32725172  -  Total Bytes Received By Job
	Partitionable Resources :    Usage  Request Allocated 
	   Cpus                 :                 1         1 
	   Disk (KB)            :   256095   524288   1208198 
	   IoHeavy              :                           0 
	   Memory (MB)          :      236      512       512 

	Job terminated of its own accord at 2023-07-20T02:34:55Z with exit-code 0.
...
