000 (11139883.043.000) 2023-07-20 06:17:26 Job submitted from host: <128.104.101.92:9618?addrs=128.104.101.92-9618+[2607-f388-107c-501-a236-9fff-fe3c-caa8]-9618&alias=submit2.chtc.wisc.edu&noUDP&sock=schedd_1879732_618e>
...
040 (11139883.043.000) 2023-07-20 06:20:37 Started transferring input files
	Transferring to host: <128.105.69.196:9618?addrs=128.105.69.196-9618+[2607-f388-2200-100-1270-fdff-fe56-bf74]-9618&alias=e4049.chtc.wisc.edu&noUDP&sock=slot1_110_3460697_db11_18311>
...
040 (11139883.043.000) 2023-07-20 06:20:40 Finished transferring input files
...
001 (11139883.043.000) 2023-07-20 06:20:41 Job executing on host: <128.105.69.196:9618?addrs=128.105.69.196-9618+[2607-f388-2200-100-1270-fdff-fe56-bf74]-9618&alias=e4049.chtc.wisc.edu&noUDP&sock=startd_16763_9a29>
	SlotName: slot1_110@e4049.chtc.wisc.edu
	CondorScratchDir = "/var/lib/condor/execute/slot1/dir_2701746"
	Cpus = 1
	Disk = 1208198
	IoHeavy = 0
	Memory = 512
...
006 (11139883.043.000) 2023-07-20 06:20:49 Image size of job updated: 274176
	253  -  MemoryUsage of job (MB)
	258496  -  ResidentSetSize of job (KB)
...
006 (11139883.043.000) 2023-07-20 06:25:49 Image size of job updated: 458928
	429  -  MemoryUsage of job (MB)
	438984  -  ResidentSetSize of job (KB)
...
006 (11139883.043.000) 2023-07-20 06:30:50 Image size of job updated: 458928
	437  -  MemoryUsage of job (MB)
	446912  -  ResidentSetSize of job (KB)
...
006 (11139883.043.000) 2023-07-20 06:35:50 Image size of job updated: 458928
	442  -  MemoryUsage of job (MB)
	452424  -  ResidentSetSize of job (KB)
...
006 (11139883.043.000) 2023-07-20 06:40:51 Image size of job updated: 505936
	484  -  MemoryUsage of job (MB)
	495468  -  ResidentSetSize of job (KB)
...
040 (11139883.043.000) 2023-07-20 06:50:31 Started transferring output files
...
040 (11139883.043.000) 2023-07-20 06:50:31 Finished transferring output files
...
005 (11139883.043.000) 2023-07-20 06:50:31 Job terminated.
	(1) Normal termination (return value 0)
		Usr 0 00:29:14, Sys 0 00:00:14  -  Run Remote Usage
		Usr 0 00:00:00, Sys 0 00:00:00  -  Run Local Usage
		Usr 0 00:29:14, Sys 0 00:00:14  -  Total Remote Usage
		Usr 0 00:00:00, Sys 0 00:00:00  -  Total Local Usage
	57912  -  Run Bytes Sent By Job
	32725918  -  Run Bytes Received By Job
	57912  -  Total Bytes Sent By Job
	32725918  -  Total Bytes Received By Job
	Partitionable Resources :     Usage  Request Allocated 
	   Cpus                 :      0.99        1         1 
	   Disk (KB)            : 256095      524288   1208198 
	   IoHeavy              :                            0 
	   Memory (MB)          :    484         512       512 

	Job terminated of its own accord at 2023-07-20T11:50:30Z with exit-code 0.
...
