040 (11139799.002.000) 2023-07-19 21:18:22 Started transferring input files
	Transferring to host: <128.105.69.180:9618?addrs=128.105.69.180-9618+[2607-f388-2200-100-1270-fdff-fe56-6844]-9618&alias=e2563.chtc.wisc.edu&noUDP&sock=slot1_3_1638361_4998_17574>
...
040 (11139799.002.000) 2023-07-19 21:18:24 Finished transferring input files
...
001 (11139799.002.000) 2023-07-19 21:18:25 Job executing on host: <128.105.69.180:9618?addrs=128.105.69.180-9618+[2607-f388-2200-100-1270-fdff-fe56-6844]-9618&alias=e2563.chtc.wisc.edu&noUDP&sock=startd_13448_c9b5>
	SlotName: slot1_3@e2563.chtc.wisc.edu
	CondorScratchDir = "/var/lib/condor/execute/slot1/dir_687534"
	Cpus = 1
	Disk = 1208198
	IoHeavy = 0
	Memory = 512
...
006 (11139799.002.000) 2023-07-19 21:18:33 Image size of job updated: 364428
	352  -  MemoryUsage of job (MB)
	360360  -  ResidentSetSize of job (KB)
...
006 (11139799.002.000) 2023-07-19 21:18:53 Image size of job updated: 524288
	352  -  MemoryUsage of job (MB)
	360360  -  ResidentSetSize of job (KB)
...
040 (11139799.002.000) 2023-07-19 21:18:53 Started transferring output files
...
040 (11139799.002.000) 2023-07-19 21:18:53 Finished transferring output files
...
005 (11139799.002.000) 2023-07-19 21:18:53 Job terminated.
	(1) Normal termination (return value 1)
		Usr 0 00:00:18, Sys 0 00:00:07  -  Run Remote Usage
		Usr 0 00:00:00, Sys 0 00:00:00  -  Run Local Usage
		Usr 0 00:00:18, Sys 0 00:00:07  -  Total Remote Usage
		Usr 0 00:00:00, Sys 0 00:00:00  -  Total Local Usage
	3145  -  Run Bytes Sent By Job
	32725180  -  Run Bytes Received By Job
	3145  -  Total Bytes Sent By Job
	32725180  -  Total Bytes Received By Job
	Partitionable Resources :    Usage  Request Allocated 
	   Cpus                 :                 1         1 
	   Disk (KB)            :   255953   524288   1208198 
	   IoHeavy              :                           0 
	   Memory (MB)          :      352      512       512 

	Job terminated of its own accord at 2023-07-20T02:18:53Z with exit-code 1.
...
