000 (11143209.048.000) 2023-07-20 21:06:51 Job submitted from host: <128.104.101.92:9618?addrs=128.104.101.92-9618+[2607-f388-107c-501-a236-9fff-fe3c-caa8]-9618&alias=submit2.chtc.wisc.edu&noUDP&sock=schedd_1879732_618e>
...
040 (11143209.048.000) 2023-07-20 21:08:23 Started transferring input files
	Transferring to host: <128.105.68.91:9618?addrs=128.105.68.91-9618+[2607-f388-2200-100-1270-fdff-fe56-c2c4]-9618&alias=e4053.chtc.wisc.edu&noUDP&sock=slot1_145_1788002_e8be_22922>
...
040 (11143209.048.000) 2023-07-20 21:08:46 Finished transferring input files
...
001 (11143209.048.000) 2023-07-20 21:08:47 Job executing on host: <128.105.68.91:9618?addrs=128.105.68.91-9618+[2607-f388-2200-100-1270-fdff-fe56-c2c4]-9618&alias=e4053.chtc.wisc.edu&noUDP&sock=startd_11752_7915>
	SlotName: slot1_145@e4053.chtc.wisc.edu
	CondorScratchDir = "/var/lib/condor/execute/slot1/dir_1092057"
	Cpus = 1
	Disk = 1208198
	IoHeavy = 0
	Memory = 512
...
006 (11143209.048.000) 2023-07-20 21:08:55 Image size of job updated: 389100
	336  -  MemoryUsage of job (MB)
	343104  -  ResidentSetSize of job (KB)
...
006 (11143209.048.000) 2023-07-20 21:11:08 Image size of job updated: 524288
	346  -  MemoryUsage of job (MB)
	353344  -  ResidentSetSize of job (KB)
...
040 (11143209.048.000) 2023-07-20 21:11:09 Started transferring output files
...
040 (11143209.048.000) 2023-07-20 21:11:09 Finished transferring output files
...
005 (11143209.048.000) 2023-07-20 21:11:10 Job terminated.
	(1) Normal termination (return value 0)
		Usr 0 00:02:13, Sys 0 00:00:04  -  Run Remote Usage
		Usr 0 00:00:00, Sys 0 00:00:00  -  Run Local Usage
		Usr 0 00:02:13, Sys 0 00:00:04  -  Total Remote Usage
		Usr 0 00:00:00, Sys 0 00:00:00  -  Total Local Usage
	57919  -  Run Bytes Sent By Job
	32725816  -  Run Bytes Received By Job
	57919  -  Total Bytes Sent By Job
	32725816  -  Total Bytes Received By Job
	Partitionable Resources :    Usage  Request Allocated 
	   Cpus                 :                 1         1 
	   Disk (KB)            :   256397   524288   1208198 
	   IoHeavy              :                           0 
	   Memory (MB)          :      346      512       512 

	Job terminated of its own accord at 2023-07-21T02:11:08Z with exit-code 0.
...
