000 (11392261.081.000) 2023-08-02 21:08:53 Job submitted from host: <128.104.101.92:9618?addrs=128.104.101.92-9618+[2607-f388-107c-501-a236-9fff-fe3c-caa8]-9618&alias=submit2.chtc.wisc.edu&noUDP&sock=schedd_1879732_618e>
...
040 (11392261.081.000) 2023-08-02 21:10:09 Started transferring input files
	Transferring to host: <128.105.69.178:9618?addrs=128.105.69.178-9618+[2607-f388-2200-100-1270-fdff-fe56-c31c]-9618&alias=e2561.chtc.wisc.edu&noUDP&sock=slot1_91_3305409_6966_78935>
...
040 (11392261.081.000) 2023-08-02 21:10:11 Finished transferring input files
...
001 (11392261.081.000) 2023-08-02 21:10:13 Job executing on host: <128.105.69.178:9618?addrs=128.105.69.178-9618+[2607-f388-2200-100-1270-fdff-fe56-c31c]-9618&alias=e2561.chtc.wisc.edu&noUDP&sock=startd_13913_bd3e>
	SlotName: slot1_91@e2561.chtc.wisc.edu
	CondorScratchDir = "/var/lib/condor/execute/slot1/dir_3029367"
	Cpus = 1
	Disk = 1208198
	IoHeavy = 0
	Memory = 512
...
006 (11392261.081.000) 2023-08-02 21:10:21 Image size of job updated: 382768
	356  -  MemoryUsage of job (MB)
	363664  -  ResidentSetSize of job (KB)
...
006 (11392261.081.000) 2023-08-02 21:11:20 Image size of job updated: 512324
	356  -  MemoryUsage of job (MB)
	363664  -  ResidentSetSize of job (KB)
...
040 (11392261.081.000) 2023-08-02 21:11:20 Started transferring output files
...
040 (11392261.081.000) 2023-08-02 21:11:20 Finished transferring output files
...
005 (11392261.081.000) 2023-08-02 21:11:20 Job terminated.
	(1) Normal termination (return value 0)
		Usr 0 00:01:02, Sys 0 00:00:02  -  Run Remote Usage
		Usr 0 00:00:00, Sys 0 00:00:00  -  Run Local Usage
		Usr 0 00:01:02, Sys 0 00:00:02  -  Total Remote Usage
		Usr 0 00:00:00, Sys 0 00:00:00  -  Total Local Usage
	57545  -  Run Bytes Sent By Job
	32727852  -  Run Bytes Received By Job
	57545  -  Total Bytes Sent By Job
	32727852  -  Total Bytes Received By Job
	Partitionable Resources :    Usage  Request Allocated 
	   Cpus                 :                 1         1 
	   Disk (KB)            :   256402   524288   1208198 
	   IoHeavy              :                           0 
	   Memory (MB)          :      356      512       512 

	Job terminated of its own accord at 2023-08-03T02:11:20Z with exit-code 0.
...
