000 (11392341.018.000) 2023-08-03 09:09:59 Job submitted from host: <128.104.101.92:9618?addrs=128.104.101.92-9618+[2607-f388-107c-501-a236-9fff-fe3c-caa8]-9618&alias=submit2.chtc.wisc.edu&noUDP&sock=schedd_1879732_618e>
...
040 (11392341.018.000) 2023-08-03 09:10:28 Started transferring input files
	Transferring to host: <128.105.69.98:9618?addrs=128.105.69.98-9618+[2607-f388-2200-100-1270-fdff-fe56-45f4]-9618&alias=e4009.chtc.wisc.edu&noUDP&sock=slot1_141_3988814_0ed5_78548>
...
040 (11392341.018.000) 2023-08-03 09:10:35 Finished transferring input files
...
001 (11392341.018.000) 2023-08-03 09:10:36 Job executing on host: <128.105.69.98:9618?addrs=128.105.69.98-9618+[2607-f388-2200-100-1270-fdff-fe56-45f4]-9618&alias=e4009.chtc.wisc.edu&noUDP&sock=startd_15856_79c2>
	SlotName: slot1_141@e4009.chtc.wisc.edu
	CondorScratchDir = "/var/lib/condor/execute/slot1/dir_3387630"
	Cpus = 1
	Disk = 1208198
	IoHeavy = 0
	Memory = 512
...
006 (11392341.018.000) 2023-08-03 09:10:45 Image size of job updated: 157740
	152  -  MemoryUsage of job (MB)
	155236  -  ResidentSetSize of job (KB)
...
006 (11392341.018.000) 2023-08-03 09:15:46 Image size of job updated: 409304
	399  -  MemoryUsage of job (MB)
	408096  -  ResidentSetSize of job (KB)
...
006 (11392341.018.000) 2023-08-03 09:16:50 Image size of job updated: 410804
	399  -  MemoryUsage of job (MB)
	408096  -  ResidentSetSize of job (KB)
...
040 (11392341.018.000) 2023-08-03 09:16:50 Started transferring output files
...
040 (11392341.018.000) 2023-08-03 09:16:50 Finished transferring output files
...
005 (11392341.018.000) 2023-08-03 09:16:51 Job terminated.
	(1) Normal termination (return value 0)
		Usr 0 00:05:46, Sys 0 00:00:17  -  Run Remote Usage
		Usr 0 00:00:00, Sys 0 00:00:00  -  Run Local Usage
		Usr 0 00:05:46, Sys 0 00:00:17  -  Total Remote Usage
		Usr 0 00:00:00, Sys 0 00:00:00  -  Total Local Usage
	57981  -  Run Bytes Sent By Job
	32727736  -  Run Bytes Received By Job
	57981  -  Total Bytes Sent By Job
	32727736  -  Total Bytes Received By Job
	Partitionable Resources :     Usage  Request Allocated 
	   Cpus                 :      0.99        1         1 
	   Disk (KB)            : 255810      524288   1208198 
	   IoHeavy              :                            0 
	   Memory (MB)          :    399         512       512 

	Job terminated of its own accord at 2023-08-03T14:16:50Z with exit-code 0.
...
