000 (11143209.006.000) 2023-07-20 21:06:51 Job submitted from host: <128.104.101.92:9618?addrs=128.104.101.92-9618+[2607-f388-107c-501-a236-9fff-fe3c-caa8]-9618&alias=submit2.chtc.wisc.edu&noUDP&sock=schedd_1879732_618e>
...
040 (11143209.006.000) 2023-07-20 21:08:15 Started transferring input files
	Transferring to host: <128.105.69.113:9618?addrs=128.105.69.113-9618+[2607-f388-2200-100-1270-fdff-fe56-6dbc]-9618&alias=e4062.chtc.wisc.edu&noUDP&sock=slot1_108_2078716_38ab_15157>
...
040 (11143209.006.000) 2023-07-20 21:08:19 Finished transferring input files
...
001 (11143209.006.000) 2023-07-20 21:08:22 Job executing on host: <128.105.69.113:9618?addrs=128.105.69.113-9618+[2607-f388-2200-100-1270-fdff-fe56-6dbc]-9618&alias=e4062.chtc.wisc.edu&noUDP&sock=startd_16747_a0a5>
	SlotName: slot1_108@e4062.chtc.wisc.edu
	CondorScratchDir = "/var/lib/condor/execute/slot1/dir_2503731"
	Cpus = 1
	Disk = 1208198
	IoHeavy = 0
	Memory = 512
...
006 (11143209.006.000) 2023-07-20 21:08:31 Image size of job updated: 316480
	310  -  MemoryUsage of job (MB)
	316480  -  ResidentSetSize of job (KB)
...
006 (11143209.006.000) 2023-07-20 21:13:32 Image size of job updated: 524288
	512  -  MemoryUsage of job (MB)
	523900  -  ResidentSetSize of job (KB)
...
006 (11143209.006.000) 2023-07-20 21:18:32 Image size of job updated: 524288
	512  -  MemoryUsage of job (MB)
	523908  -  ResidentSetSize of job (KB)
...
040 (11143209.006.000) 2023-07-20 21:27:45 Started transferring output files
...
040 (11143209.006.000) 2023-07-20 21:27:45 Finished transferring output files
...
005 (11143209.006.000) 2023-07-20 21:27:45 Job terminated.
	(1) Normal termination (return value 0)
		Usr 0 00:18:38, Sys 0 00:00:11  -  Run Remote Usage
		Usr 0 00:00:00, Sys 0 00:00:00  -  Run Local Usage
		Usr 0 00:18:38, Sys 0 00:00:11  -  Total Remote Usage
		Usr 0 00:00:00, Sys 0 00:00:00  -  Total Local Usage
	56794  -  Run Bytes Sent By Job
	32725816  -  Run Bytes Received By Job
	56794  -  Total Bytes Sent By Job
	32725816  -  Total Bytes Received By Job
	Partitionable Resources :     Usage  Request Allocated 
	   Cpus                 :      0.99        1         1 
	   Disk (KB)            : 255856      524288   1208198 
	   IoHeavy              :                            0 
	   Memory (MB)          :    512         512       512 

	Job terminated of its own accord at 2023-07-21T02:27:44Z with exit-code 0.
...
