000 (11143209.033.000) 2023-07-20 21:06:51 Job submitted from host: <128.104.101.92:9618?addrs=128.104.101.92-9618+[2607-f388-107c-501-a236-9fff-fe3c-caa8]-9618&alias=submit2.chtc.wisc.edu&noUDP&sock=schedd_1879732_618e>
...
040 (11143209.033.000) 2023-07-20 21:08:22 Started transferring input files
	Transferring to host: <128.105.69.223:9618?addrs=128.105.69.223-9618+[2607-f388-2200-100-eaeb-d3ff-fe3f-fef4]-9618&alias=e2606.chtc.wisc.edu&noUDP&sock=slot1_169_1358996_5f58_22737>
...
040 (11143209.033.000) 2023-07-20 21:08:25 Finished transferring input files
...
001 (11143209.033.000) 2023-07-20 21:08:29 Job executing on host: <128.105.69.223:9618?addrs=128.105.69.223-9618+[2607-f388-2200-100-eaeb-d3ff-fe3f-fef4]-9618&alias=e2606.chtc.wisc.edu&noUDP&sock=startd_18848_bd1f>
	SlotName: slot1_169@e2606.chtc.wisc.edu
	CondorScratchDir = "/var/lib/condor/execute/slot1/dir_3267263"
	Cpus = 1
	Disk = 1458998
	IoHeavy = 0
	Memory = 512
...
006 (11143209.033.000) 2023-07-20 21:08:37 Image size of job updated: 399644
	347  -  MemoryUsage of job (MB)
	354664  -  ResidentSetSize of job (KB)
...
006 (11143209.033.000) 2023-07-20 21:13:37 Image size of job updated: 524288
	510  -  MemoryUsage of job (MB)
	521852  -  ResidentSetSize of job (KB)
...
040 (11143209.033.000) 2023-07-20 21:15:42 Started transferring output files
...
040 (11143209.033.000) 2023-07-20 21:15:42 Finished transferring output files
...
005 (11143209.033.000) 2023-07-20 21:15:42 Job terminated.
	(1) Normal termination (return value 0)
		Usr 0 00:06:58, Sys 0 00:00:07  -  Run Remote Usage
		Usr 0 00:00:00, Sys 0 00:00:00  -  Run Local Usage
		Usr 0 00:06:58, Sys 0 00:00:07  -  Total Remote Usage
		Usr 0 00:00:00, Sys 0 00:00:00  -  Total Local Usage
	58064  -  Run Bytes Sent By Job
	32725816  -  Run Bytes Received By Job
	58064  -  Total Bytes Sent By Job
	32725816  -  Total Bytes Received By Job
	Partitionable Resources :     Usage  Request Allocated 
	   Cpus                 :      0.99        1         1 
	   Disk (KB)            : 256103      524288   1458998 
	   IoHeavy              :                            0 
	   Memory (MB)          :    510         512       512 

	Job terminated of its own accord at 2023-07-21T02:15:41Z with exit-code 0.
...
