000 (11139883.117.000) 2023-07-20 06:17:26 Job submitted from host: <128.104.101.92:9618?addrs=128.104.101.92-9618+[2607-f388-107c-501-a236-9fff-fe3c-caa8]-9618&alias=submit2.chtc.wisc.edu&noUDP&sock=schedd_1879732_618e>
...
040 (11139883.117.000) 2023-07-20 06:20:48 Started transferring input files
	Transferring to host: <128.105.69.205:9618?addrs=128.105.69.205-9618+[2607-f388-2200-100-eaeb-d3ff-fe40-294c]-9618&alias=e2588.chtc.wisc.edu&noUDP&sock=slot1_47_3681644_014a_14718>
...
040 (11139883.117.000) 2023-07-20 06:20:50 Finished transferring input files
...
001 (11139883.117.000) 2023-07-20 06:20:52 Job executing on host: <128.105.69.205:9618?addrs=128.105.69.205-9618+[2607-f388-2200-100-eaeb-d3ff-fe40-294c]-9618&alias=e2588.chtc.wisc.edu&noUDP&sock=startd_16569_88c9>
	SlotName: slot1_47@e2588.chtc.wisc.edu
	CondorScratchDir = "/var/lib/condor/execute/slot1/dir_326970"
	Cpus = 1
	Disk = 1458998
	IoHeavy = 0
	Memory = 512
...
006 (11139883.117.000) 2023-07-20 06:21:00 Image size of job updated: 485124
	474  -  MemoryUsage of job (MB)
	485124  -  ResidentSetSize of job (KB)
...
006 (11139883.117.000) 2023-07-20 06:26:00 Image size of job updated: 524288
	474  -  MemoryUsage of job (MB)
	485124  -  ResidentSetSize of job (KB)
...
006 (11139883.117.000) 2023-07-20 06:29:03 Image size of job updated: 524288
	476  -  MemoryUsage of job (MB)
	486844  -  ResidentSetSize of job (KB)
...
040 (11139883.117.000) 2023-07-20 06:29:03 Started transferring output files
...
040 (11139883.117.000) 2023-07-20 06:29:03 Finished transferring output files
...
005 (11139883.117.000) 2023-07-20 06:29:23 Job terminated.
	(1) Normal termination (return value 0)
		Usr 0 00:08:01, Sys 0 00:00:02  -  Run Remote Usage
		Usr 0 00:00:00, Sys 0 00:00:00  -  Run Local Usage
		Usr 0 00:08:01, Sys 0 00:00:02  -  Total Remote Usage
		Usr 0 00:00:00, Sys 0 00:00:00  -  Total Local Usage
	57956  -  Run Bytes Sent By Job
	32725918  -  Run Bytes Received By Job
	57956  -  Total Bytes Sent By Job
	32725918  -  Total Bytes Received By Job
	Partitionable Resources :     Usage  Request Allocated 
	   Cpus                 :      0.99        1         1 
	   Disk (KB)            : 255231      524288   1458998 
	   IoHeavy              :                            0 
	   Memory (MB)          :    476         512       512 

	Job terminated of its own accord at 2023-07-20T11:29:03Z with exit-code 0.
...
