000 (11392341.020.000) 2023-08-03 09:09:59 Job submitted from host: <128.104.101.92:9618?addrs=128.104.101.92-9618+[2607-f388-107c-501-a236-9fff-fe3c-caa8]-9618&alias=submit2.chtc.wisc.edu&noUDP&sock=schedd_1879732_618e>
...
040 (11392341.020.000) 2023-08-03 09:10:28 Started transferring input files
	Transferring to host: <128.105.69.101:9618?addrs=128.105.69.101-9618+[2607-f388-2200-100-1270-fdff-fe56-bae4]-9618&alias=e4012.chtc.wisc.edu&noUDP&sock=slot1_51_3576311_60af_64361>
...
040 (11392341.020.000) 2023-08-03 09:10:31 Finished transferring input files
...
001 (11392341.020.000) 2023-08-03 09:10:33 Job executing on host: <128.105.69.101:9618?addrs=128.105.69.101-9618+[2607-f388-2200-100-1270-fdff-fe56-bae4]-9618&alias=e4012.chtc.wisc.edu&noUDP&sock=startd_15697_6a33>
	SlotName: slot1_51@e4012.chtc.wisc.edu
	CondorScratchDir = "/var/lib/condor/execute/slot1/dir_1250324"
	Cpus = 1
	Disk = 1208198
	IoHeavy = 0
	Memory = 512
...
006 (11392341.020.000) 2023-08-03 09:10:41 Image size of job updated: 158812
	153  -  MemoryUsage of job (MB)
	155812  -  ResidentSetSize of job (KB)
...
006 (11392341.020.000) 2023-08-03 09:13:41 Image size of job updated: 400140
	153  -  MemoryUsage of job (MB)
	155812  -  ResidentSetSize of job (KB)
...
040 (11392341.020.000) 2023-08-03 09:13:41 Started transferring output files
...
040 (11392341.020.000) 2023-08-03 09:13:41 Finished transferring output files
...
005 (11392341.020.000) 2023-08-03 09:13:41 Job terminated.
	(1) Normal termination (return value 0)
		Usr 0 00:02:49, Sys 0 00:00:12  -  Run Remote Usage
		Usr 0 00:00:00, Sys 0 00:00:00  -  Run Local Usage
		Usr 0 00:02:49, Sys 0 00:00:12  -  Total Remote Usage
		Usr 0 00:00:00, Sys 0 00:00:00  -  Total Local Usage
	55416  -  Run Bytes Sent By Job
	32727736  -  Run Bytes Received By Job
	55416  -  Total Bytes Sent By Job
	32727736  -  Total Bytes Received By Job
	Partitionable Resources :     Usage  Request Allocated 
	   Cpus                 :      0.99        1         1 
	   Disk (KB)            : 255810      524288   1208198 
	   IoHeavy              :                            0 
	   Memory (MB)          :    153         512       512 

	Job terminated of its own accord at 2023-08-03T14:13:41Z with exit-code 0.
...
