000 (11139805.008.000) 2023-07-19 21:31:36 Job submitted from host: <128.104.101.92:9618?addrs=128.104.101.92-9618+[2607-f388-107c-501-a236-9fff-fe3c-caa8]-9618&alias=submit2.chtc.wisc.edu&noUDP&sock=schedd_1879732_618e>
...
040 (11139805.008.000) 2023-07-19 21:33:57 Started transferring input files
	Transferring to host: <128.105.69.140:9618?addrs=128.105.69.140-9618+[2607-f388-2200-100-1270-fdff-fe56-ca7c]-9618&alias=e4017.chtc.wisc.edu&noUDP&sock=slot1_91_417353_b1a5_16561>
...
040 (11139805.008.000) 2023-07-19 21:34:01 Finished transferring input files
...
001 (11139805.008.000) 2023-07-19 21:34:03 Job executing on host: <128.105.69.140:9618?addrs=128.105.69.140-9618+[2607-f388-2200-100-1270-fdff-fe56-ca7c]-9618&alias=e4017.chtc.wisc.edu&noUDP&sock=startd_11656_9ffe>
	SlotName: slot1_91@e4017.chtc.wisc.edu
	CondorScratchDir = "/var/lib/condor/execute/slot1/dir_180133"
	Cpus = 1
	Disk = 1208198
	IoHeavy = 0
	Memory = 512
...
006 (11139805.008.000) 2023-07-19 21:34:11 Image size of job updated: 380472
	372  -  MemoryUsage of job (MB)
	380472  -  ResidentSetSize of job (KB)
...
006 (11139805.008.000) 2023-07-19 21:34:50 Image size of job updated: 524288
	372  -  MemoryUsage of job (MB)
	380472  -  ResidentSetSize of job (KB)
...
040 (11139805.008.000) 2023-07-19 21:34:50 Started transferring output files
...
040 (11139805.008.000) 2023-07-19 21:34:50 Finished transferring output files
...
005 (11139805.008.000) 2023-07-19 21:34:50 Job terminated.
	(1) Normal termination (return value 0)
		Usr 0 00:00:40, Sys 0 00:00:05  -  Run Remote Usage
		Usr 0 00:00:00, Sys 0 00:00:00  -  Run Local Usage
		Usr 0 00:00:40, Sys 0 00:00:05  -  Total Remote Usage
		Usr 0 00:00:00, Sys 0 00:00:00  -  Total Local Usage
	3462  -  Run Bytes Sent By Job
	32725172  -  Run Bytes Received By Job
	3462  -  Total Bytes Sent By Job
	32725172  -  Total Bytes Received By Job
	Partitionable Resources :     Usage  Request Allocated 
	   Cpus                 :      1.10        1         1 
	   Disk (KB)            : 256061      524288   1208198 
	   IoHeavy              :                            0 
	   Memory (MB)          :    372         512       512 

	Job terminated of its own accord at 2023-07-20T02:34:50Z with exit-code 0.
...
