000 (11139883.078.000) 2023-07-20 06:17:26 Job submitted from host: <128.104.101.92:9618?addrs=128.104.101.92-9618+[2607-f388-107c-501-a236-9fff-fe3c-caa8]-9618&alias=submit2.chtc.wisc.edu&noUDP&sock=schedd_1879732_618e>
...
040 (11139883.078.000) 2023-07-20 06:20:45 Started transferring input files
	Transferring to host: <128.105.69.122:9618?addrs=128.105.69.122-9618+[2607-f388-2200-100-1270-fdff-fe56-c8bc]-9618&alias=e4071.chtc.wisc.edu&noUDP&sock=slot1_46_2023919_c717_29149>
...
040 (11139883.078.000) 2023-07-20 06:20:48 Finished transferring input files
...
001 (11139883.078.000) 2023-07-20 06:20:49 Job executing on host: <128.105.69.122:9618?addrs=128.105.69.122-9618+[2607-f388-2200-100-1270-fdff-fe56-c8bc]-9618&alias=e4071.chtc.wisc.edu&noUDP&sock=startd_18681_30ce>
	SlotName: slot1_46@e4071.chtc.wisc.edu
	CondorScratchDir = "/var/lib/condor/execute/slot1/dir_799368"
	Cpus = 1
	Disk = 1208198
	IoHeavy = 0
	Memory = 512
...
006 (11139883.078.000) 2023-07-20 06:20:58 Image size of job updated: 524288
	470  -  MemoryUsage of job (MB)
	480748  -  ResidentSetSize of job (KB)
...
006 (11139883.078.000) 2023-07-20 06:26:00 Image size of job updated: 524288
	506  -  MemoryUsage of job (MB)
	517276  -  ResidentSetSize of job (KB)
...
040 (11139883.078.000) 2023-07-20 06:33:19 Started transferring output files
...
040 (11139883.078.000) 2023-07-20 06:33:20 Finished transferring output files
...
005 (11139883.078.000) 2023-07-20 06:33:21 Job terminated.
	(1) Normal termination (return value 0)
		Usr 0 00:12:09, Sys 0 00:00:03  -  Run Remote Usage
		Usr 0 00:00:00, Sys 0 00:00:00  -  Run Local Usage
		Usr 0 00:12:09, Sys 0 00:00:03  -  Total Remote Usage
		Usr 0 00:00:00, Sys 0 00:00:00  -  Total Local Usage
	57940  -  Run Bytes Sent By Job
	32725918  -  Run Bytes Received By Job
	57940  -  Total Bytes Sent By Job
	32725918  -  Total Bytes Received By Job
	Partitionable Resources :     Usage  Request Allocated 
	   Cpus                 :      1.00        1         1 
	   Disk (KB)            : 255232      524288   1208198 
	   IoHeavy              :                            0 
	   Memory (MB)          :    506         512       512 

	Job terminated of its own accord at 2023-07-20T11:33:10Z with exit-code 0.
...
