040 (11139799.000.000) 2023-07-19 21:18:21 Started transferring input files
	Transferring to host: <128.105.69.212:9618?addrs=128.105.69.212-9618+[2607-f388-2200-100-eaeb-d3ff-fe40-1554]-9618&alias=e2595.chtc.wisc.edu&noUDP&sock=slot1_52_3219426_9c1e_17871>
...
040 (11139799.000.000) 2023-07-19 21:18:25 Finished transferring input files
...
001 (11139799.000.000) 2023-07-19 21:18:26 Job executing on host: <128.105.69.212:9618?addrs=128.105.69.212-9618+[2607-f388-2200-100-eaeb-d3ff-fe40-1554]-9618&alias=e2595.chtc.wisc.edu&noUDP&sock=startd_22738_f488>
	SlotName: slot1_52@e2595.chtc.wisc.edu
	CondorScratchDir = "/var/lib/condor/execute/slot1/dir_3419014"
	Cpus = 1
	Disk = 1458998
	IoHeavy = 0
	Memory = 512
...
006 (11139799.000.000) 2023-07-19 21:18:34 Image size of job updated: 230224
	222  -  MemoryUsage of job (MB)
	227172  -  ResidentSetSize of job (KB)
...
006 (11139799.000.000) 2023-07-19 21:19:03 Image size of job updated: 400888
	231  -  MemoryUsage of job (MB)
	235620  -  ResidentSetSize of job (KB)
...
040 (11139799.000.000) 2023-07-19 21:19:04 Started transferring output files
...
040 (11139799.000.000) 2023-07-19 21:19:04 Finished transferring output files
...
005 (11139799.000.000) 2023-07-19 21:19:04 Job terminated.
	(1) Normal termination (return value 1)
		Usr 0 00:00:25, Sys 0 00:00:07  -  Run Remote Usage
		Usr 0 00:00:00, Sys 0 00:00:00  -  Run Local Usage
		Usr 0 00:00:25, Sys 0 00:00:07  -  Total Remote Usage
		Usr 0 00:00:00, Sys 0 00:00:00  -  Total Local Usage
	3154  -  Run Bytes Sent By Job
	32725180  -  Run Bytes Received By Job
	3154  -  Total Bytes Sent By Job
	32725180  -  Total Bytes Received By Job
	Partitionable Resources :    Usage  Request Allocated 
	   Cpus                 :                 1         1 
	   Disk (KB)            :   256060   524288   1458998 
	   IoHeavy              :                           0 
	   Memory (MB)          :      231      512       512 

	Job terminated of its own accord at 2023-07-20T02:19:03Z with exit-code 1.
...
036 (11139799.-01.000) 2023-07-19 21:19:17 Cluster removed
	Materialized 20 jobs from -1 items.	Complete
...
