000 (11139883.047.000) 2023-07-20 06:17:26 Job submitted from host: <128.104.101.92:9618?addrs=128.104.101.92-9618+[2607-f388-107c-501-a236-9fff-fe3c-caa8]-9618&alias=submit2.chtc.wisc.edu&noUDP&sock=schedd_1879732_618e>
...
040 (11139883.047.000) 2023-07-20 06:20:44 Started transferring input files
	Transferring to host: <128.105.69.177:9618?addrs=128.105.69.177-9618+[2607-f388-2200-100-1270-fdff-fe56-7684]-9618&alias=e2560.chtc.wisc.edu&noUDP&sock=slot1_107_3055978_b527_17742>
...
040 (11139883.047.000) 2023-07-20 06:20:45 Finished transferring input files
...
001 (11139883.047.000) 2023-07-20 06:20:46 Job executing on host: <128.105.69.177:9618?addrs=128.105.69.177-9618+[2607-f388-2200-100-1270-fdff-fe56-7684]-9618&alias=e2560.chtc.wisc.edu&noUDP&sock=startd_13864_211a>
	SlotName: slot1_107@e2560.chtc.wisc.edu
	CondorScratchDir = "/var/lib/condor/execute/slot1/dir_1566634"
	Cpus = 1
	Disk = 1208198
	IoHeavy = 0
	Memory = 512
...
006 (11139883.047.000) 2023-07-20 06:20:55 Image size of job updated: 506968
	466  -  MemoryUsage of job (MB)
	476680  -  ResidentSetSize of job (KB)
...
006 (11139883.047.000) 2023-07-20 06:25:56 Image size of job updated: 524288
	495  -  MemoryUsage of job (MB)
	506628  -  ResidentSetSize of job (KB)
...
006 (11139883.047.000) 2023-07-20 06:30:56 Image size of job updated: 524288
	497  -  MemoryUsage of job (MB)
	508864  -  ResidentSetSize of job (KB)
...
040 (11139883.047.000) 2023-07-20 06:40:14 Started transferring output files
...
040 (11139883.047.000) 2023-07-20 06:40:14 Finished transferring output files
...
005 (11139883.047.000) 2023-07-20 06:40:15 Job terminated.
	(1) Normal termination (return value 0)
		Usr 0 00:19:08, Sys 0 00:00:06  -  Run Remote Usage
		Usr 0 00:00:00, Sys 0 00:00:00  -  Run Local Usage
		Usr 0 00:19:08, Sys 0 00:00:06  -  Total Remote Usage
		Usr 0 00:00:00, Sys 0 00:00:00  -  Total Local Usage
	57988  -  Run Bytes Sent By Job
	32725918  -  Run Bytes Received By Job
	57988  -  Total Bytes Sent By Job
	32725918  -  Total Bytes Received By Job
	Partitionable Resources :     Usage  Request Allocated 
	   Cpus                 :      0.99        1         1 
	   Disk (KB)            : 255232      524288   1208198 
	   IoHeavy              :                            0 
	   Memory (MB)          :    497         512       512 

	Job terminated of its own accord at 2023-07-20T11:40:14Z with exit-code 0.
...
