000 (11174994.004.000) 2023-07-26 11:51:45 Job submitted from host: <128.104.101.92:9618?addrs=128.104.101.92-9618+[2607-f388-107c-501-a236-9fff-fe3c-caa8]-9618&alias=submit2.chtc.wisc.edu&noUDP&sock=schedd_1879732_618e>
...
040 (11174994.004.000) 2023-07-26 11:54:23 Started transferring input files
	Transferring to host: <128.105.69.237:9618?addrs=128.105.69.237-9618+[2607-f388-2200-100-eaeb-d3ff-fe40-230c]-9618&alias=e2620.chtc.wisc.edu&noUDP&sock=slot1_85_1960490_4f24_42755>
...
040 (11174994.004.000) 2023-07-26 11:54:25 Finished transferring input files
...
001 (11174994.004.000) 2023-07-26 11:54:27 Job executing on host: <128.105.69.237:9618?addrs=128.105.69.237-9618+[2607-f388-2200-100-eaeb-d3ff-fe40-230c]-9618&alias=e2620.chtc.wisc.edu&noUDP&sock=startd_11763_04a0>
	SlotName: slot1_85@e2620.chtc.wisc.edu
	CondorScratchDir = "/var/lib/condor/execute/slot1/dir_1874255"
	Cpus = 1
	Disk = 1458998
	IoHeavy = 0
	Memory = 512
...
006 (11174994.004.000) 2023-07-26 11:54:36 Image size of job updated: 317700
	254  -  MemoryUsage of job (MB)
	259244  -  ResidentSetSize of job (KB)
...
006 (11174994.004.000) 2023-07-26 11:58:48 Image size of job updated: 466356
	254  -  MemoryUsage of job (MB)
	259244  -  ResidentSetSize of job (KB)
...
040 (11174994.004.000) 2023-07-26 11:58:49 Started transferring output files
...
040 (11174994.004.000) 2023-07-26 11:58:49 Finished transferring output files
...
005 (11174994.004.000) 2023-07-26 11:58:49 Job terminated.
	(1) Normal termination (return value 0)
		Usr 0 00:04:12, Sys 0 00:00:04  -  Run Remote Usage
		Usr 0 00:00:00, Sys 0 00:00:00  -  Run Local Usage
		Usr 0 00:04:12, Sys 0 00:00:04  -  Total Remote Usage
		Usr 0 00:00:00, Sys 0 00:00:00  -  Total Local Usage
	56827  -  Run Bytes Sent By Job
	32726248  -  Run Bytes Received By Job
	56827  -  Total Bytes Sent By Job
	32726248  -  Total Bytes Received By Job
	Partitionable Resources :     Usage  Request Allocated 
	   Cpus                 :      0.99        1         1 
	   Disk (KB)            : 256362      524288   1458998 
	   IoHeavy              :                            0 
	   Memory (MB)          :    254         512       512 

	Job terminated of its own accord at 2023-07-26T16:58:48Z with exit-code 0.
...
