000 (11392261.035.000) 2023-08-02 21:08:52 Job submitted from host: <128.104.101.92:9618?addrs=128.104.101.92-9618+[2607-f388-107c-501-a236-9fff-fe3c-caa8]-9618&alias=submit2.chtc.wisc.edu&noUDP&sock=schedd_1879732_618e>
...
040 (11392261.035.000) 2023-08-02 21:10:03 Started transferring input files
	Transferring to host: <128.105.69.166:9618?addrs=128.105.69.166-9618+[2607-f388-2200-100-1270-fdff-fe56-717c]-9618&alias=e2549.chtc.wisc.edu&noUDP&sock=slot1_37_2966415_78cd_76078>
...
040 (11392261.035.000) 2023-08-02 21:10:05 Finished transferring input files
...
001 (11392261.035.000) 2023-08-02 21:10:06 Job executing on host: <128.105.69.166:9618?addrs=128.105.69.166-9618+[2607-f388-2200-100-1270-fdff-fe56-717c]-9618&alias=e2549.chtc.wisc.edu&noUDP&sock=startd_12925_0dac>
	SlotName: slot1_37@e2549.chtc.wisc.edu
	CondorScratchDir = "/var/lib/condor/execute/slot1/dir_3876026"
	Cpus = 1
	Disk = 1208198
	IoHeavy = 0
	Memory = 512
...
006 (11392261.035.000) 2023-08-02 21:10:15 Image size of job updated: 279432
	183  -  MemoryUsage of job (MB)
	187184  -  ResidentSetSize of job (KB)
...
006 (11392261.035.000) 2023-08-02 21:12:50 Image size of job updated: 422976
	186  -  MemoryUsage of job (MB)
	190256  -  ResidentSetSize of job (KB)
...
040 (11392261.035.000) 2023-08-02 21:12:50 Started transferring output files
...
040 (11392261.035.000) 2023-08-02 21:12:50 Finished transferring output files
...
005 (11392261.035.000) 2023-08-02 21:12:50 Job terminated.
	(1) Normal termination (return value 0)
		Usr 0 00:02:36, Sys 0 00:00:02  -  Run Remote Usage
		Usr 0 00:00:00, Sys 0 00:00:00  -  Run Local Usage
		Usr 0 00:02:36, Sys 0 00:00:02  -  Total Remote Usage
		Usr 0 00:00:00, Sys 0 00:00:00  -  Total Local Usage
	57782  -  Run Bytes Sent By Job
	32727852  -  Run Bytes Received By Job
	57782  -  Total Bytes Sent By Job
	32727852  -  Total Bytes Received By Job
	Partitionable Resources :     Usage  Request Allocated 
	   Cpus                 :      0.23        1         1 
	   Disk (KB)            : 255234      524288   1208198 
	   IoHeavy              :                            0 
	   Memory (MB)          :    186         512       512 

	Job terminated of its own accord at 2023-08-03T02:12:50Z with exit-code 0.
...
