000 (11178184.018.000) 2023-07-26 21:10:59 Job submitted from host: <128.104.101.92:9618?addrs=128.104.101.92-9618+[2607-f388-107c-501-a236-9fff-fe3c-caa8]-9618&alias=submit2.chtc.wisc.edu&noUDP&sock=schedd_1879732_618e>
...
040 (11178184.018.000) 2023-07-26 21:13:23 Started transferring input files
	Transferring to host: <128.105.69.94:9618?addrs=128.105.69.94-9618+[2607-f388-2200-100-1270-fdff-fe56-3dcc]-9618&alias=e4005.chtc.wisc.edu&noUDP&sock=slot1_137_1730252_cf51_52105>
...
040 (11178184.018.000) 2023-07-26 21:13:25 Finished transferring input files
...
001 (11178184.018.000) 2023-07-26 21:13:26 Job executing on host: <128.105.69.94:9618?addrs=128.105.69.94-9618+[2607-f388-2200-100-1270-fdff-fe56-3dcc]-9618&alias=e4005.chtc.wisc.edu&noUDP&sock=startd_14681_85fb>
	SlotName: slot1_137@e4005.chtc.wisc.edu
	CondorScratchDir = "/var/lib/condor/execute/slot1/dir_656608"
	Cpus = 1
	Disk = 1268229
	IoHeavy = 0
	Memory = 512
...
006 (11178184.018.000) 2023-07-26 21:13:34 Image size of job updated: 427088
	368  -  MemoryUsage of job (MB)
	376104  -  ResidentSetSize of job (KB)
...
006 (11178184.018.000) 2023-07-26 21:17:01 Image size of job updated: 524288
	369  -  MemoryUsage of job (MB)
	377008  -  ResidentSetSize of job (KB)
...
040 (11178184.018.000) 2023-07-26 21:17:02 Started transferring output files
...
040 (11178184.018.000) 2023-07-26 21:17:02 Finished transferring output files
...
005 (11178184.018.000) 2023-07-26 21:17:02 Job terminated.
	(1) Normal termination (return value 0)
		Usr 0 00:03:25, Sys 0 00:00:06  -  Run Remote Usage
		Usr 0 00:00:00, Sys 0 00:00:00  -  Run Local Usage
		Usr 0 00:03:25, Sys 0 00:00:06  -  Total Remote Usage
		Usr 0 00:00:00, Sys 0 00:00:00  -  Total Local Usage
	57380  -  Run Bytes Sent By Job
	32726544  -  Run Bytes Received By Job
	57380  -  Total Bytes Sent By Job
	32726544  -  Total Bytes Received By Job
	Partitionable Resources :     Usage  Request Allocated 
	   Cpus                 :      0.99        1         1 
	   Disk (KB)            : 256265      524288   1268229 
	   IoHeavy              :                            0 
	   Memory (MB)          :    369         512       512 

	Job terminated of its own accord at 2023-07-27T02:17:01Z with exit-code 0.
...
