000 (11392341.078.000) 2023-08-03 09:09:59 Job submitted from host: <128.104.101.92:9618?addrs=128.104.101.92-9618+[2607-f388-107c-501-a236-9fff-fe3c-caa8]-9618&alias=submit2.chtc.wisc.edu&noUDP&sock=schedd_1879732_618e>
...
040 (11392341.078.000) 2023-08-03 09:10:34 Started transferring input files
	Transferring to host: <128.105.69.119:9618?addrs=128.105.69.119-9618+[2607-f388-2200-100-1270-fdff-fe56-ccdc]-9618&alias=e4068.chtc.wisc.edu&noUDP&sock=slot1_3_1718799_229f_78986>
...
040 (11392341.078.000) 2023-08-03 09:10:35 Finished transferring input files
...
001 (11392341.078.000) 2023-08-03 09:10:36 Job executing on host: <128.105.69.119:9618?addrs=128.105.69.119-9618+[2607-f388-2200-100-1270-fdff-fe56-ccdc]-9618&alias=e4068.chtc.wisc.edu&noUDP&sock=startd_17009_5675>
	SlotName: slot1_3@e4068.chtc.wisc.edu
	CondorScratchDir = "/var/lib/condor/execute/slot1/dir_261950"
	Cpus = 1
	Disk = 1208198
	IoHeavy = 0
	Memory = 512
...
006 (11392341.078.000) 2023-08-03 09:10:45 Image size of job updated: 399532
	375  -  MemoryUsage of job (MB)
	383076  -  ResidentSetSize of job (KB)
...
006 (11392341.078.000) 2023-08-03 09:11:10 Image size of job updated: 404052
	377  -  MemoryUsage of job (MB)
	385892  -  ResidentSetSize of job (KB)
...
040 (11392341.078.000) 2023-08-03 09:11:10 Started transferring output files
...
040 (11392341.078.000) 2023-08-03 09:11:10 Finished transferring output files
...
005 (11392341.078.000) 2023-08-03 09:11:10 Job terminated.
	(1) Normal termination (return value 0)
		Usr 0 00:00:31, Sys 0 00:00:01  -  Run Remote Usage
		Usr 0 00:00:00, Sys 0 00:00:00  -  Run Local Usage
		Usr 0 00:00:31, Sys 0 00:00:01  -  Total Remote Usage
		Usr 0 00:00:00, Sys 0 00:00:00  -  Total Local Usage
	53189  -  Run Bytes Sent By Job
	32727736  -  Run Bytes Received By Job
	53189  -  Total Bytes Sent By Job
	32727736  -  Total Bytes Received By Job
	Partitionable Resources :    Usage  Request Allocated 
	   Cpus                 :                 1         1 
	   Disk (KB)            :   255220   524288   1208198 
	   IoHeavy              :                           0 
	   Memory (MB)          :      377      512       512 

	Job terminated of its own accord at 2023-08-03T14:11:10Z with exit-code 0.
...
