000 (11139883.099.000) 2023-07-20 06:17:26 Job submitted from host: <128.104.101.92:9618?addrs=128.104.101.92-9618+[2607-f388-107c-501-a236-9fff-fe3c-caa8]-9618&alias=submit2.chtc.wisc.edu&noUDP&sock=schedd_1879732_618e>
...
040 (11139883.099.000) 2023-07-20 06:20:47 Started transferring input files
	Transferring to host: <128.105.69.98:9618?addrs=128.105.69.98-9618+[2607-f388-2200-100-1270-fdff-fe56-45f4]-9618&alias=e4009.chtc.wisc.edu&noUDP&sock=slot1_59_3988814_0ed5_26916>
...
040 (11139883.099.000) 2023-07-20 06:20:48 Finished transferring input files
...
001 (11139883.099.000) 2023-07-20 06:20:50 Job executing on host: <128.105.69.98:9618?addrs=128.105.69.98-9618+[2607-f388-2200-100-1270-fdff-fe56-45f4]-9618&alias=e4009.chtc.wisc.edu&noUDP&sock=startd_15856_79c2>
	SlotName: slot1_59@e4009.chtc.wisc.edu
	CondorScratchDir = "/var/lib/condor/execute/slot1/dir_448950"
	Cpus = 1
	Disk = 1208198
	IoHeavy = 0
	Memory = 512
...
006 (11139883.099.000) 2023-07-20 06:20:58 Image size of job updated: 524288
	486  -  MemoryUsage of job (MB)
	496980  -  ResidentSetSize of job (KB)
...
040 (11139883.099.000) 2023-07-20 07:45:41 Started transferring output files
...
040 (11139883.099.000) 2023-07-20 07:45:41 Finished transferring output files
...
005 (11139883.099.000) 2023-07-20 07:45:41 Job terminated.
	(1) Normal termination (return value 0)
		Usr 0 01:23:29, Sys 0 00:00:26  -  Run Remote Usage
		Usr 0 00:00:00, Sys 0 00:00:00  -  Run Local Usage
		Usr 0 01:23:29, Sys 0 00:00:26  -  Total Remote Usage
		Usr 0 00:00:00, Sys 0 00:00:00  -  Total Local Usage
	58824  -  Run Bytes Sent By Job
	32725918  -  Run Bytes Received By Job
	58824  -  Total Bytes Sent By Job
	32725918  -  Total Bytes Received By Job
	Partitionable Resources :     Usage  Request Allocated 
	   Cpus                 :      0.99        1         1 
	   Disk (KB)            : 255233      524288   1208198 
	   IoHeavy              :                            0 
	   Memory (MB)          :    486         512       512 

	Job terminated of its own accord at 2023-07-20T12:45:40Z with exit-code 0.
...
