000 (11174826.023.000) 2023-07-25 19:31:08 Job submitted from host: <128.104.101.92:9618?addrs=128.104.101.92-9618+[2607-f388-107c-501-a236-9fff-fe3c-caa8]-9618&alias=submit2.chtc.wisc.edu&noUDP&sock=schedd_1879732_618e>
...
040 (11174826.023.000) 2023-07-25 19:32:57 Started transferring input files
	Transferring to host: <128.105.69.101:9618?addrs=128.105.69.101-9618+[2607-f388-2200-100-1270-fdff-fe56-bae4]-9618&alias=e4012.chtc.wisc.edu&noUDP&sock=slot1_8_3576311_60af_35062>
...
040 (11174826.023.000) 2023-07-25 19:32:59 Finished transferring input files
...
001 (11174826.023.000) 2023-07-25 19:33:00 Job executing on host: <128.105.69.101:9618?addrs=128.105.69.101-9618+[2607-f388-2200-100-1270-fdff-fe56-bae4]-9618&alias=e4012.chtc.wisc.edu&noUDP&sock=startd_15697_6a33>
	SlotName: slot1_8@e4012.chtc.wisc.edu
	CondorScratchDir = "/var/lib/condor/execute/slot1/dir_1469794"
	Cpus = 1
	Disk = 1208198
	IoHeavy = 0
	Memory = 512
...
006 (11174826.023.000) 2023-07-25 19:33:09 Image size of job updated: 305120
	175  -  MemoryUsage of job (MB)
	178620  -  ResidentSetSize of job (KB)
...
006 (11174826.023.000) 2023-07-25 19:38:10 Image size of job updated: 487972
	452  -  MemoryUsage of job (MB)
	462252  -  ResidentSetSize of job (KB)
...
006 (11174826.023.000) 2023-07-25 19:43:10 Image size of job updated: 487972
	465  -  MemoryUsage of job (MB)
	475672  -  ResidentSetSize of job (KB)
...
006 (11174826.023.000) 2023-07-25 19:48:10 Image size of job updated: 487972
	470  -  MemoryUsage of job (MB)
	481204  -  ResidentSetSize of job (KB)
...
040 (11174826.023.000) 2023-07-25 19:52:27 Started transferring output files
...
040 (11174826.023.000) 2023-07-25 19:52:27 Finished transferring output files
...
005 (11174826.023.000) 2023-07-25 19:52:28 Job terminated.
	(1) Normal termination (return value 0)
		Usr 0 00:19:04, Sys 0 00:00:06  -  Run Remote Usage
		Usr 0 00:00:00, Sys 0 00:00:00  -  Run Local Usage
		Usr 0 00:19:04, Sys 0 00:00:06  -  Total Remote Usage
		Usr 0 00:00:00, Sys 0 00:00:00  -  Total Local Usage
	56880  -  Run Bytes Sent By Job
	32725816  -  Run Bytes Received By Job
	56880  -  Total Bytes Sent By Job
	32725816  -  Total Bytes Received By Job
	Partitionable Resources :     Usage  Request Allocated 
	   Cpus                 :      0.99        1         1 
	   Disk (KB)            : 256097      524288   1208198 
	   IoHeavy              :                            0 
	   Memory (MB)          :    470         512       512 

	Job terminated of its own accord at 2023-07-26T00:52:27Z with exit-code 0.
...
