000 (11139883.007.000) 2023-07-20 06:17:26 Job submitted from host: <128.104.101.92:9618?addrs=128.104.101.92-9618+[2607-f388-107c-501-a236-9fff-fe3c-caa8]-9618&alias=submit2.chtc.wisc.edu&noUDP&sock=schedd_1879732_618e>
...
040 (11139883.007.000) 2023-07-20 06:20:34 Started transferring input files
	Transferring to host: <128.105.69.108:9618?addrs=128.105.69.108-9618+[2607-f388-2200-100-1270-fdff-fe56-3214]-9618&alias=e4057.chtc.wisc.edu&noUDP&sock=slot1_41_108112_6f25_20222>
...
040 (11139883.007.000) 2023-07-20 06:20:36 Finished transferring input files
...
001 (11139883.007.000) 2023-07-20 06:20:37 Job executing on host: <128.105.69.108:9618?addrs=128.105.69.108-9618+[2607-f388-2200-100-1270-fdff-fe56-3214]-9618&alias=e4057.chtc.wisc.edu&noUDP&sock=startd_3617919_163d>
	SlotName: slot1_41@e4057.chtc.wisc.edu
	CondorScratchDir = "/var/lib/condor/execute/slot1/dir_1612344"
	Cpus = 1
	Disk = 1208198
	IoHeavy = 0
	Memory = 512
...
006 (11139883.007.000) 2023-07-20 06:20:45 Image size of job updated: 423728
	394  -  MemoryUsage of job (MB)
	403336  -  ResidentSetSize of job (KB)
...
006 (11139883.007.000) 2023-07-20 06:25:45 Image size of job updated: 524288
	463  -  MemoryUsage of job (MB)
	473132  -  ResidentSetSize of job (KB)
...
006 (11139883.007.000) 2023-07-20 06:30:46 Image size of job updated: 524288
	479  -  MemoryUsage of job (MB)
	489532  -  ResidentSetSize of job (KB)
...
006 (11139883.007.000) 2023-07-20 06:50:48 Image size of job updated: 524288
	501  -  MemoryUsage of job (MB)
	512964  -  ResidentSetSize of job (KB)
...
