000 (11139883.028.000) 2023-07-20 06:17:26 Job submitted from host: <128.104.101.92:9618?addrs=128.104.101.92-9618+[2607-f388-107c-501-a236-9fff-fe3c-caa8]-9618&alias=submit2.chtc.wisc.edu&noUDP&sock=schedd_1879732_618e>
...
040 (11139883.028.000) 2023-07-20 06:20:36 Started transferring input files
	Transferring to host: <128.105.69.219:9618?addrs=128.105.69.219-9618&alias=e2602.chtc.wisc.edu&noUDP&sock=slot1_222_2200493_2263_19551>
...
040 (11139883.028.000) 2023-07-20 06:20:38 Finished transferring input files
...
001 (11139883.028.000) 2023-07-20 06:20:40 Job executing on host: <128.105.69.219:9618?addrs=128.105.69.219-9618&alias=e2602.chtc.wisc.edu&noUDP&sock=startd_18812_0bb7>
	SlotName: slot1_222@e2602.chtc.wisc.edu
	CondorScratchDir = "/var/lib/condor/execute/slot1/dir_726729"
	Cpus = 1
	Disk = 1458998
	IoHeavy = 0
	Memory = 512
...
006 (11139883.028.000) 2023-07-20 06:20:48 Image size of job updated: 293316
	286  -  MemoryUsage of job (MB)
	292852  -  ResidentSetSize of job (KB)
...
006 (11139883.028.000) 2023-07-20 06:25:48 Image size of job updated: 524288
	480  -  MemoryUsage of job (MB)
	491028  -  ResidentSetSize of job (KB)
...
006 (11139883.028.000) 2023-07-20 06:30:49 Image size of job updated: 524288
	484  -  MemoryUsage of job (MB)
	494648  -  ResidentSetSize of job (KB)
...
006 (11139883.028.000) 2023-07-20 06:35:49 Image size of job updated: 524288
	501  -  MemoryUsage of job (MB)
	512428  -  ResidentSetSize of job (KB)
...
006 (11139883.028.000) 2023-07-20 07:05:53 Image size of job updated: 524288
	503  -  MemoryUsage of job (MB)
	514144  -  ResidentSetSize of job (KB)
...
