000 (11178184.016.000) 2023-07-26 21:10:59 Job submitted from host: <128.104.101.92:9618?addrs=128.104.101.92-9618+[2607-f388-107c-501-a236-9fff-fe3c-caa8]-9618&alias=submit2.chtc.wisc.edu&noUDP&sock=schedd_1879732_618e>
...
040 (11178184.016.000) 2023-07-26 21:13:19 Started transferring input files
	Transferring to host: <128.105.69.203:9618?addrs=128.105.69.203-9618+[2607-f388-2200-100-1270-fdff-fe56-c37c]-9618&alias=e4034.chtc.wisc.edu&noUDP&sock=slot1_84_1090648_ee38_53884>
...
040 (11178184.016.000) 2023-07-26 21:13:22 Finished transferring input files
...
001 (11178184.016.000) 2023-07-26 21:13:23 Job executing on host: <128.105.69.203:9618?addrs=128.105.69.203-9618+[2607-f388-2200-100-1270-fdff-fe56-c37c]-9618&alias=e4034.chtc.wisc.edu&noUDP&sock=startd_15838_210e>
	SlotName: slot1_84@e4034.chtc.wisc.edu
	CondorScratchDir = "/var/lib/condor/execute/slot1/dir_556669"
	Cpus = 1
	Disk = 1208198
	IoHeavy = 0
	Memory = 512
...
006 (11178184.016.000) 2023-07-26 21:13:31 Image size of job updated: 309884
	295  -  MemoryUsage of job (MB)
	301464  -  ResidentSetSize of job (KB)
...
006 (11178184.016.000) 2023-07-26 21:18:31 Image size of job updated: 469420
	459  -  MemoryUsage of job (MB)
	469412  -  ResidentSetSize of job (KB)
...
006 (11178184.016.000) 2023-07-26 21:22:47 Image size of job updated: 473156
	459  -  MemoryUsage of job (MB)
	469412  -  ResidentSetSize of job (KB)
...
040 (11178184.016.000) 2023-07-26 21:22:48 Started transferring output files
...
040 (11178184.016.000) 2023-07-26 21:22:48 Finished transferring output files
...
005 (11178184.016.000) 2023-07-26 21:22:48 Job terminated.
	(1) Normal termination (return value 0)
		Usr 0 00:09:11, Sys 0 00:00:06  -  Run Remote Usage
		Usr 0 00:00:00, Sys 0 00:00:00  -  Run Local Usage
		Usr 0 00:09:11, Sys 0 00:00:06  -  Total Remote Usage
		Usr 0 00:00:00, Sys 0 00:00:00  -  Total Local Usage
	57983  -  Run Bytes Sent By Job
	32726544  -  Run Bytes Received By Job
	57983  -  Total Bytes Sent By Job
	32726544  -  Total Bytes Received By Job
	Partitionable Resources :     Usage  Request Allocated 
	   Cpus                 :      0.99        1         1 
	   Disk (KB)            : 256097      524288   1208198 
	   IoHeavy              :                            0 
	   Memory (MB)          :    459         512       512 

	Job terminated of its own accord at 2023-07-27T02:22:47Z with exit-code 0.
...
