000 (11139883.038.000) 2023-07-20 06:17:26 Job submitted from host: <128.104.101.92:9618?addrs=128.104.101.92-9618+[2607-f388-107c-501-a236-9fff-fe3c-caa8]-9618&alias=submit2.chtc.wisc.edu&noUDP&sock=schedd_1879732_618e>
...
040 (11139883.038.000) 2023-07-20 06:20:37 Started transferring input files
	Transferring to host: <128.105.69.196:9618?addrs=128.105.69.196-9618+[2607-f388-2200-100-1270-fdff-fe56-bf74]-9618&alias=e4049.chtc.wisc.edu&noUDP&sock=slot1_109_3460697_db11_18310>
...
040 (11139883.038.000) 2023-07-20 06:20:39 Finished transferring input files
...
001 (11139883.038.000) 2023-07-20 06:20:40 Job executing on host: <128.105.69.196:9618?addrs=128.105.69.196-9618+[2607-f388-2200-100-1270-fdff-fe56-bf74]-9618&alias=e4049.chtc.wisc.edu&noUDP&sock=startd_16763_9a29>
	SlotName: slot1_109@e4049.chtc.wisc.edu
	CondorScratchDir = "/var/lib/condor/execute/slot1/dir_2701721"
	Cpus = 1
	Disk = 1208198
	IoHeavy = 0
	Memory = 512
...
006 (11139883.038.000) 2023-07-20 06:20:48 Image size of job updated: 254764
	246  -  MemoryUsage of job (MB)
	251852  -  ResidentSetSize of job (KB)
...
006 (11139883.038.000) 2023-07-20 06:25:50 Image size of job updated: 510572
	476  -  MemoryUsage of job (MB)
	486908  -  ResidentSetSize of job (KB)
...
006 (11139883.038.000) 2023-07-20 06:30:50 Image size of job updated: 524288
	485  -  MemoryUsage of job (MB)
	495736  -  ResidentSetSize of job (KB)
...
006 (11139883.038.000) 2023-07-20 06:35:50 Image size of job updated: 524288
	488  -  MemoryUsage of job (MB)
	499116  -  ResidentSetSize of job (KB)
...
006 (11139883.038.000) 2023-07-20 06:50:52 Image size of job updated: 524288
	494  -  MemoryUsage of job (MB)
	505840  -  ResidentSetSize of job (KB)
...
