000 (11139883.082.000) 2023-07-20 06:17:26 Job submitted from host: <128.104.101.92:9618?addrs=128.104.101.92-9618+[2607-f388-107c-501-a236-9fff-fe3c-caa8]-9618&alias=submit2.chtc.wisc.edu&noUDP&sock=schedd_1879732_618e>
...
040 (11139883.082.000) 2023-07-20 06:20:46 Started transferring input files
	Transferring to host: <128.105.69.214:9618?addrs=128.105.69.214-9618+[2607-f388-2200-100-eaeb-d3ff-fe3f-fbf4]-9618&alias=e2597.chtc.wisc.edu&noUDP&sock=slot1_53_4076455_1221_29462>
...
040 (11139883.082.000) 2023-07-20 06:20:48 Finished transferring input files
...
001 (11139883.082.000) 2023-07-20 06:20:49 Job executing on host: <128.105.69.214:9618?addrs=128.105.69.214-9618+[2607-f388-2200-100-eaeb-d3ff-fe3f-fbf4]-9618&alias=e2597.chtc.wisc.edu&noUDP&sock=startd_18862_5773>
	SlotName: slot1_53@e2597.chtc.wisc.edu
	CondorScratchDir = "/var/lib/condor/execute/slot1/dir_2918143"
	Cpus = 1
	Disk = 1458998
	IoHeavy = 0
	Memory = 512
...
006 (11139883.082.000) 2023-07-20 06:20:58 Image size of job updated: 433960
	369  -  MemoryUsage of job (MB)
	376844  -  ResidentSetSize of job (KB)
...
006 (11139883.082.000) 2023-07-20 06:25:59 Image size of job updated: 524288
	467  -  MemoryUsage of job (MB)
	477992  -  ResidentSetSize of job (KB)
...
006 (11139883.082.000) 2023-07-20 06:30:59 Image size of job updated: 524288
	469  -  MemoryUsage of job (MB)
	479980  -  ResidentSetSize of job (KB)
...
006 (11139883.082.000) 2023-07-20 07:01:03 Image size of job updated: 524288
	483  -  MemoryUsage of job (MB)
	493740  -  ResidentSetSize of job (KB)
...
040 (11139883.082.000) 2023-07-20 07:33:24 Started transferring output files
...
040 (11139883.082.000) 2023-07-20 07:33:24 Finished transferring output files
...
005 (11139883.082.000) 2023-07-20 07:33:24 Job terminated.
	(1) Normal termination (return value 0)
		Usr 0 01:11:24, Sys 0 00:00:21  -  Run Remote Usage
		Usr 0 00:00:00, Sys 0 00:00:00  -  Run Local Usage
		Usr 0 01:11:24, Sys 0 00:00:21  -  Total Remote Usage
		Usr 0 00:00:00, Sys 0 00:00:00  -  Total Local Usage
	57856  -  Run Bytes Sent By Job
	32725918  -  Run Bytes Received By Job
	57856  -  Total Bytes Sent By Job
	32725918  -  Total Bytes Received By Job
	Partitionable Resources :     Usage  Request Allocated 
	   Cpus                 :      0.99        1         1 
	   Disk (KB)            : 255232      524288   1458998 
	   IoHeavy              :                            0 
	   Memory (MB)          :    483         512       512 

	Job terminated of its own accord at 2023-07-20T12:33:24Z with exit-code 0.
...
