035 (11178184.-01.000) 2023-07-26 21:10:59 Cluster submitted from host: <128.104.101.92:9618?addrs=128.104.101.92-9618+[2607-f388-107c-501-a236-9fff-fe3c-caa8]-9618&alias=submit2.chtc.wisc.edu&noUDP&sock=schedd_1879732_618e>
...
000 (11178184.000.000) 2023-07-26 21:10:59 Job submitted from host: <128.104.101.92:9618?addrs=128.104.101.92-9618+[2607-f388-107c-501-a236-9fff-fe3c-caa8]-9618&alias=submit2.chtc.wisc.edu&noUDP&sock=schedd_1879732_618e>
...
040 (11178184.000.000) 2023-07-26 21:13:03 Started transferring input files
	Transferring to host: <128.105.69.133:9618?addrs=128.105.69.133-9618+[2607-f388-2200-100-1270-fdff-fe56-70f4]-9618&alias=e4082.chtc.wisc.edu&noUDP&sock=slot1_161_1181635_80cc_44651>
...
040 (11178184.000.000) 2023-07-26 21:13:05 Finished transferring input files
...
001 (11178184.000.000) 2023-07-26 21:13:06 Job executing on host: <128.105.69.133:9618?addrs=128.105.69.133-9618+[2607-f388-2200-100-1270-fdff-fe56-70f4]-9618&alias=e4082.chtc.wisc.edu&noUDP&sock=startd_11675_a84a>
	SlotName: slot1_161@e4082.chtc.wisc.edu
	CondorScratchDir = "/var/lib/condor/execute/slot1/dir_2230494"
	Cpus = 1
	Disk = 1208198
	IoHeavy = 0
	Memory = 512
...
006 (11178184.000.000) 2023-07-26 21:13:15 Image size of job updated: 382444
	374  -  MemoryUsage of job (MB)
	382192  -  ResidentSetSize of job (KB)
...
006 (11178184.000.000) 2023-07-26 21:18:17 Image size of job updated: 524288
	512  -  MemoryUsage of job (MB)
	524072  -  ResidentSetSize of job (KB)
...
040 (11178184.000.000) 2023-07-26 21:20:23 Started transferring output files
...
040 (11178184.000.000) 2023-07-26 21:20:23 Finished transferring output files
...
005 (11178184.000.000) 2023-07-26 21:20:23 Job terminated.
	(1) Normal termination (return value 0)
		Usr 0 00:07:03, Sys 0 00:00:06  -  Run Remote Usage
		Usr 0 00:00:00, Sys 0 00:00:00  -  Run Local Usage
		Usr 0 00:07:03, Sys 0 00:00:06  -  Total Remote Usage
		Usr 0 00:00:00, Sys 0 00:00:00  -  Total Local Usage
	56812  -  Run Bytes Sent By Job
	32726544  -  Run Bytes Received By Job
	56812  -  Total Bytes Sent By Job
	32726544  -  Total Bytes Received By Job
	Partitionable Resources :     Usage  Request Allocated 
	   Cpus                 :      0.99        1         1 
	   Disk (KB)            : 256389      524288   1208198 
	   IoHeavy              :                            0 
	   Memory (MB)          :    512         512       512 

	Job terminated of its own accord at 2023-07-27T02:20:23Z with exit-code 0.
...
036 (11178184.-01.000) 2023-07-26 22:13:32 Cluster removed
	Materialized 25 jobs from -1 items.	Complete
...
