000 (11143209.025.000) 2023-07-20 21:06:51 Job submitted from host: <128.104.101.92:9618?addrs=128.104.101.92-9618+[2607-f388-107c-501-a236-9fff-fe3c-caa8]-9618&alias=submit2.chtc.wisc.edu&noUDP&sock=schedd_1879732_618e>
...
040 (11143209.025.000) 2023-07-20 21:08:23 Started transferring input files
	Transferring to host: <128.105.69.144:9618?addrs=128.105.69.144-9618+[2607-f388-2200-100-1270-fdff-fe56-7714]-9618&alias=e4021.chtc.wisc.edu&noUDP&sock=slot1_203_580209_7a83_22575>
...
040 (11143209.025.000) 2023-07-20 21:08:25 Finished transferring input files
...
001 (11143209.025.000) 2023-07-20 21:08:29 Job executing on host: <128.105.69.144:9618?addrs=128.105.69.144-9618+[2607-f388-2200-100-1270-fdff-fe56-7714]-9618&alias=e4021.chtc.wisc.edu&noUDP&sock=startd_15985_f57a>
	SlotName: slot1_203@e4021.chtc.wisc.edu
	CondorScratchDir = "/var/lib/condor/execute/slot1/dir_2573097"
	Cpus = 1
	Disk = 1208198
	IoHeavy = 0
	Memory = 512
...
006 (11143209.025.000) 2023-07-20 21:08:38 Image size of job updated: 389152
	364  -  MemoryUsage of job (MB)
	372144  -  ResidentSetSize of job (KB)
...
006 (11143209.025.000) 2023-07-20 21:13:39 Image size of job updated: 524288
	499  -  MemoryUsage of job (MB)
	510144  -  ResidentSetSize of job (KB)
...
006 (11143209.025.000) 2023-07-20 21:38:41 Image size of job updated: 524288
	500  -  MemoryUsage of job (MB)
	511108  -  ResidentSetSize of job (KB)
...
040 (11143209.025.000) 2023-07-20 21:39:02 Started transferring output files
...
040 (11143209.025.000) 2023-07-20 21:39:03 Finished transferring output files
...
005 (11143209.025.000) 2023-07-20 21:39:09 Job terminated.
	(1) Normal termination (return value 0)
		Usr 0 00:29:54, Sys 0 00:00:16  -  Run Remote Usage
		Usr 0 00:00:00, Sys 0 00:00:00  -  Run Local Usage
		Usr 0 00:29:54, Sys 0 00:00:16  -  Total Remote Usage
		Usr 0 00:00:00, Sys 0 00:00:00  -  Total Local Usage
	56985  -  Run Bytes Sent By Job
	32725816  -  Run Bytes Received By Job
	56985  -  Total Bytes Sent By Job
	32725816  -  Total Bytes Received By Job
	Partitionable Resources :     Usage  Request Allocated 
	   Cpus                 :      0.99        1         1 
	   Disk (KB)            : 256096      524288   1208198 
	   IoHeavy              :                            0 
	   Memory (MB)          :    500         512       512 

	Job terminated of its own accord at 2023-07-21T02:39:00Z with exit-code 0.
...
