000 (11178184.002.000) 2023-07-26 21:10:59 Job submitted from host: <128.104.101.92:9618?addrs=128.104.101.92-9618+[2607-f388-107c-501-a236-9fff-fe3c-caa8]-9618&alias=submit2.chtc.wisc.edu&noUDP&sock=schedd_1879732_618e>
...
040 (11178184.002.000) 2023-07-26 21:13:03 Started transferring input files
	Transferring to host: <128.105.69.162:9618?addrs=128.105.69.162-9618+[2607-f388-2200-100-1270-fdff-fe56-bd0c]-9618&alias=e4095.chtc.wisc.edu&noUDP&sock=slot1_102_3408026_5f13_51073>
...
040 (11178184.002.000) 2023-07-26 21:13:06 Finished transferring input files
...
001 (11178184.002.000) 2023-07-26 21:13:07 Job executing on host: <128.105.69.162:9618?addrs=128.105.69.162-9618+[2607-f388-2200-100-1270-fdff-fe56-bd0c]-9618&alias=e4095.chtc.wisc.edu&noUDP&sock=startd_17175_332e>
	SlotName: slot1_102@e4095.chtc.wisc.edu
	CondorScratchDir = "/var/lib/condor/execute/slot1/dir_2800181"
	Cpus = 1
	Disk = 1208198
	IoHeavy = 0
	Memory = 512
...
006 (11178184.002.000) 2023-07-26 21:13:16 Image size of job updated: 388528
	380  -  MemoryUsage of job (MB)
	388172  -  ResidentSetSize of job (KB)
...
006 (11178184.002.000) 2023-07-26 21:18:03 Image size of job updated: 524288
	380  -  MemoryUsage of job (MB)
	388172  -  ResidentSetSize of job (KB)
...
040 (11178184.002.000) 2023-07-26 21:18:03 Started transferring output files
...
040 (11178184.002.000) 2023-07-26 21:18:03 Finished transferring output files
...
005 (11178184.002.000) 2023-07-26 21:18:03 Job terminated.
	(1) Normal termination (return value 0)
		Usr 0 00:04:47, Sys 0 00:00:05  -  Run Remote Usage
		Usr 0 00:00:00, Sys 0 00:00:00  -  Run Local Usage
		Usr 0 00:04:47, Sys 0 00:00:05  -  Total Remote Usage
		Usr 0 00:00:00, Sys 0 00:00:00  -  Total Local Usage
	56335  -  Run Bytes Sent By Job
	32726544  -  Run Bytes Received By Job
	56335  -  Total Bytes Sent By Job
	32726544  -  Total Bytes Received By Job
	Partitionable Resources :     Usage  Request Allocated 
	   Cpus                 :      0.99        1         1 
	   Disk (KB)            : 256390      524288   1208198 
	   IoHeavy              :                            0 
	   Memory (MB)          :    380         512       512 

	Job terminated of its own accord at 2023-07-27T02:18:03Z with exit-code 0.
...
