000 (11392341.075.000) 2023-08-03 09:09:59 Job submitted from host: <128.104.101.92:9618?addrs=128.104.101.92-9618+[2607-f388-107c-501-a236-9fff-fe3c-caa8]-9618&alias=submit2.chtc.wisc.edu&noUDP&sock=schedd_1879732_618e>
...
040 (11392341.075.000) 2023-08-03 09:10:33 Started transferring input files
	Transferring to host: <128.105.69.181:9618?addrs=128.105.69.181-9618+[2607-f388-2200-100-1270-fdff-fe56-bd24]-9618&alias=e2564.chtc.wisc.edu&noUDP&sock=slot1_3_3212919_d6f5_75167>
...
040 (11392341.075.000) 2023-08-03 09:10:35 Finished transferring input files
...
001 (11392341.075.000) 2023-08-03 09:10:36 Job executing on host: <128.105.69.181:9618?addrs=128.105.69.181-9618+[2607-f388-2200-100-1270-fdff-fe56-bd24]-9618&alias=e2564.chtc.wisc.edu&noUDP&sock=startd_12944_15f9>
	SlotName: slot1_3@e2564.chtc.wisc.edu
	CondorScratchDir = "/var/lib/condor/execute/slot1/dir_3954058"
	Cpus = 1
	Disk = 1208198
	IoHeavy = 0
	Memory = 512
...
006 (11392341.075.000) 2023-08-03 09:10:44 Image size of job updated: 506068
	487  -  MemoryUsage of job (MB)
	498528  -  ResidentSetSize of job (KB)
...
006 (11392341.075.000) 2023-08-03 09:11:02 Image size of job updated: 508516
	487  -  MemoryUsage of job (MB)
	498528  -  ResidentSetSize of job (KB)
...
040 (11392341.075.000) 2023-08-03 09:11:02 Started transferring output files
...
040 (11392341.075.000) 2023-08-03 09:11:02 Finished transferring output files
...
005 (11392341.075.000) 2023-08-03 09:11:02 Job terminated.
	(1) Normal termination (return value 0)
		Usr 0 00:00:23, Sys 0 00:00:01  -  Run Remote Usage
		Usr 0 00:00:00, Sys 0 00:00:00  -  Run Local Usage
		Usr 0 00:00:23, Sys 0 00:00:01  -  Total Remote Usage
		Usr 0 00:00:00, Sys 0 00:00:00  -  Total Local Usage
	56588  -  Run Bytes Sent By Job
	32727736  -  Run Bytes Received By Job
	56588  -  Total Bytes Sent By Job
	32727736  -  Total Bytes Received By Job
	Partitionable Resources :    Usage  Request Allocated 
	   Cpus                 :                 1         1 
	   Disk (KB)            :   255224   524288   1208198 
	   IoHeavy              :                           0 
	   Memory (MB)          :      487      512       512 

	Job terminated of its own accord at 2023-08-03T14:11:02Z with exit-code 0.
...
