000 (11392341.114.000) 2023-08-03 09:09:59 Job submitted from host: <128.104.101.92:9618?addrs=128.104.101.92-9618+[2607-f388-107c-501-a236-9fff-fe3c-caa8]-9618&alias=submit2.chtc.wisc.edu&noUDP&sock=schedd_1879732_618e>
...
040 (11392341.114.000) 2023-08-03 09:10:37 Started transferring input files
	Transferring to host: <128.105.69.152:9618?addrs=128.105.69.152-9618+[2607-f388-2200-100-1270-fdff-fe56-c8d4]-9618&alias=e4085.chtc.wisc.edu&noUDP&sock=slot1_1_2948455_06f3_69470>
...
040 (11392341.114.000) 2023-08-03 09:10:38 Finished transferring input files
...
001 (11392341.114.000) 2023-08-03 09:10:39 Job executing on host: <128.105.69.152:9618?addrs=128.105.69.152-9618+[2607-f388-2200-100-1270-fdff-fe56-c8d4]-9618&alias=e4085.chtc.wisc.edu&noUDP&sock=startd_17191_2cb1>
	SlotName: slot1_1@e4085.chtc.wisc.edu
	CondorScratchDir = "/var/lib/condor/execute/slot1/dir_2401497"
	Cpus = 1
	Disk = 1208198
	IoHeavy = 0
	Memory = 512
...
006 (11392341.114.000) 2023-08-03 09:10:46 Image size of job updated: 524288
	199  -  MemoryUsage of job (MB)
	203708  -  ResidentSetSize of job (KB)
...
040 (11392341.114.000) 2023-08-03 09:10:46 Started transferring output files
...
040 (11392341.114.000) 2023-08-03 09:10:46 Finished transferring output files
...
005 (11392341.114.000) 2023-08-03 09:10:46 Job terminated.
	(1) Normal termination (return value 1)
		Usr 0 00:00:04, Sys 0 00:00:01  -  Run Remote Usage
		Usr 0 00:00:00, Sys 0 00:00:00  -  Run Local Usage
		Usr 0 00:00:04, Sys 0 00:00:01  -  Total Remote Usage
		Usr 0 00:00:00, Sys 0 00:00:00  -  Total Local Usage
	3165  -  Run Bytes Sent By Job
	32727736  -  Run Bytes Received By Job
	3165  -  Total Bytes Sent By Job
	32727736  -  Total Bytes Received By Job
	Partitionable Resources :    Usage  Request Allocated 
	   Cpus                 :                 1         1 
	   Disk (KB)            :   255171   524288   1208198 
	   IoHeavy              :                           0 
	   Memory (MB)          :      199      512       512 

	Job terminated of its own accord at 2023-08-03T14:10:46Z with exit-code 1.
...
