000 (11143209.018.000) 2023-07-20 21:06:51 Job submitted from host: <128.104.101.92:9618?addrs=128.104.101.92-9618+[2607-f388-107c-501-a236-9fff-fe3c-caa8]-9618&alias=submit2.chtc.wisc.edu&noUDP&sock=schedd_1879732_618e>
...
040 (11143209.018.000) 2023-07-20 21:08:20 Started transferring input files
	Transferring to host: <128.105.69.171:9618?addrs=128.105.69.171-9618+[2607-f388-2200-100-1270-fdff-fe56-76ac]-9618&alias=e2554.chtc.wisc.edu&noUDP&sock=slot1_200_2358843_08cb_27730>
...
040 (11143209.018.000) 2023-07-20 21:08:24 Finished transferring input files
...
001 (11143209.018.000) 2023-07-20 21:08:28 Job executing on host: <128.105.69.171:9618?addrs=128.105.69.171-9618+[2607-f388-2200-100-1270-fdff-fe56-76ac]-9618&alias=e2554.chtc.wisc.edu&noUDP&sock=startd_14106_1f06>
	SlotName: slot1_200@e2554.chtc.wisc.edu
	CondorScratchDir = "/var/lib/condor/execute/slot1/dir_2051395"
	Cpus = 1
	Disk = 1208198
	IoHeavy = 0
	Memory = 512
...
006 (11143209.018.000) 2023-07-20 21:08:37 Image size of job updated: 381852
	322  -  MemoryUsage of job (MB)
	329536  -  ResidentSetSize of job (KB)
...
006 (11143209.018.000) 2023-07-20 21:13:00 Image size of job updated: 521600
	322  -  MemoryUsage of job (MB)
	329536  -  ResidentSetSize of job (KB)
...
040 (11143209.018.000) 2023-07-20 21:13:00 Started transferring output files
...
040 (11143209.018.000) 2023-07-20 21:13:00 Finished transferring output files
...
005 (11143209.018.000) 2023-07-20 21:13:00 Job terminated.
	(1) Normal termination (return value 0)
		Usr 0 00:04:14, Sys 0 00:00:08  -  Run Remote Usage
		Usr 0 00:00:00, Sys 0 00:00:00  -  Run Local Usage
		Usr 0 00:04:14, Sys 0 00:00:08  -  Total Remote Usage
		Usr 0 00:00:00, Sys 0 00:00:00  -  Total Local Usage
	57495  -  Run Bytes Sent By Job
	32725816  -  Run Bytes Received By Job
	57495  -  Total Bytes Sent By Job
	32725816  -  Total Bytes Received By Job
	Partitionable Resources :     Usage  Request Allocated 
	   Cpus                 :      0.99        1         1 
	   Disk (KB)            : 256223      524288   1208198 
	   IoHeavy              :                            0 
	   Memory (MB)          :    322         512       512 

	Job terminated of its own accord at 2023-07-21T02:13:00Z with exit-code 0.
...
