000 (11392341.012.000) 2023-08-03 09:09:59 Job submitted from host: <128.104.101.92:9618?addrs=128.104.101.92-9618+[2607-f388-107c-501-a236-9fff-fe3c-caa8]-9618&alias=submit2.chtc.wisc.edu&noUDP&sock=schedd_1879732_618e>
...
040 (11392341.012.000) 2023-08-03 09:10:26 Started transferring input files
	Transferring to host: <128.105.69.98:9618?addrs=128.105.69.98-9618+[2607-f388-2200-100-1270-fdff-fe56-45f4]-9618&alias=e4009.chtc.wisc.edu&noUDP&sock=slot1_135_3988814_0ed5_78547>
...
040 (11392341.012.000) 2023-08-03 09:10:34 Finished transferring input files
...
001 (11392341.012.000) 2023-08-03 09:10:35 Job executing on host: <128.105.69.98:9618?addrs=128.105.69.98-9618+[2607-f388-2200-100-1270-fdff-fe56-45f4]-9618&alias=e4009.chtc.wisc.edu&noUDP&sock=startd_15856_79c2>
	SlotName: slot1_135@e4009.chtc.wisc.edu
	CondorScratchDir = "/var/lib/condor/execute/slot1/dir_3387618"
	Cpus = 1
	Disk = 1208198
	IoHeavy = 0
	Memory = 512
...
006 (11392341.012.000) 2023-08-03 09:10:43 Image size of job updated: 132128
	130  -  MemoryUsage of job (MB)
	132128  -  ResidentSetSize of job (KB)
...
006 (11392341.012.000) 2023-08-03 09:15:43 Image size of job updated: 406492
	397  -  MemoryUsage of job (MB)
	406248  -  ResidentSetSize of job (KB)
...
006 (11392341.012.000) 2023-08-03 09:17:58 Image size of job updated: 408536
	397  -  MemoryUsage of job (MB)
	406248  -  ResidentSetSize of job (KB)
...
040 (11392341.012.000) 2023-08-03 09:17:58 Started transferring output files
...
040 (11392341.012.000) 2023-08-03 09:17:58 Finished transferring output files
...
005 (11392341.012.000) 2023-08-03 09:17:59 Job terminated.
	(1) Normal termination (return value 0)
		Usr 0 00:06:51, Sys 0 00:00:16  -  Run Remote Usage
		Usr 0 00:00:00, Sys 0 00:00:00  -  Run Local Usage
		Usr 0 00:06:51, Sys 0 00:00:16  -  Total Remote Usage
		Usr 0 00:00:00, Sys 0 00:00:00  -  Total Local Usage
	57145  -  Run Bytes Sent By Job
	32727736  -  Run Bytes Received By Job
	57145  -  Total Bytes Sent By Job
	32727736  -  Total Bytes Received By Job
	Partitionable Resources :     Usage  Request Allocated 
	   Cpus                 :      0.99        1         1 
	   Disk (KB)            : 255810      524288   1208198 
	   IoHeavy              :                            0 
	   Memory (MB)          :    397         512       512 

	Job terminated of its own accord at 2023-08-03T14:17:58Z with exit-code 0.
...
