000 (11139883.119.000) 2023-07-20 06:17:26 Job submitted from host: <128.104.101.92:9618?addrs=128.104.101.92-9618+[2607-f388-107c-501-a236-9fff-fe3c-caa8]-9618&alias=submit2.chtc.wisc.edu&noUDP&sock=schedd_1879732_618e>
...
040 (11139883.119.000) 2023-07-20 06:20:49 Started transferring input files
	Transferring to host: <128.105.69.150:9618?addrs=128.105.69.150-9618+[2607-f388-2200-100-1270-fdff-fe56-732c]-9618&alias=e4027.chtc.wisc.edu&noUDP&sock=slot1_68_3323874_acb5_28050>
...
040 (11139883.119.000) 2023-07-20 06:20:50 Finished transferring input files
...
001 (11139883.119.000) 2023-07-20 06:20:52 Job executing on host: <128.105.69.150:9618?addrs=128.105.69.150-9618+[2607-f388-2200-100-1270-fdff-fe56-732c]-9618&alias=e4027.chtc.wisc.edu&noUDP&sock=startd_15988_0443>
	SlotName: slot1_68@e4027.chtc.wisc.edu
	CondorScratchDir = "/var/lib/condor/execute/slot1/dir_1717076"
	Cpus = 1
	Disk = 1208198
	IoHeavy = 0
	Memory = 512
...
006 (11139883.119.000) 2023-07-20 06:21:00 Image size of job updated: 353432
	329  -  MemoryUsage of job (MB)
	336252  -  ResidentSetSize of job (KB)
...
006 (11139883.119.000) 2023-07-20 06:26:00 Image size of job updated: 446232
	431  -  MemoryUsage of job (MB)
	440920  -  ResidentSetSize of job (KB)
...
006 (11139883.119.000) 2023-07-20 06:29:21 Image size of job updated: 448252
	431  -  MemoryUsage of job (MB)
	440920  -  ResidentSetSize of job (KB)
...
040 (11139883.119.000) 2023-07-20 06:29:21 Started transferring output files
...
040 (11139883.119.000) 2023-07-20 06:29:21 Finished transferring output files
...
005 (11139883.119.000) 2023-07-20 06:29:26 Job terminated.
	(1) Normal termination (return value 0)
		Usr 0 00:08:19, Sys 0 00:00:02  -  Run Remote Usage
		Usr 0 00:00:00, Sys 0 00:00:00  -  Run Local Usage
		Usr 0 00:08:19, Sys 0 00:00:02  -  Total Remote Usage
		Usr 0 00:00:00, Sys 0 00:00:00  -  Total Local Usage
	58040  -  Run Bytes Sent By Job
	32725918  -  Run Bytes Received By Job
	58040  -  Total Bytes Sent By Job
	32725918  -  Total Bytes Received By Job
	Partitionable Resources :     Usage  Request Allocated 
	   Cpus                 :      0.99        1         1 
	   Disk (KB)            : 255232      524288   1208198 
	   IoHeavy              :                            0 
	   Memory (MB)          :    431         512       512 

	Job terminated of its own accord at 2023-07-20T11:29:21Z with exit-code 0.
...
