000 (11139883.056.000) 2023-07-20 06:17:26 Job submitted from host: <128.104.101.92:9618?addrs=128.104.101.92-9618+[2607-f388-107c-501-a236-9fff-fe3c-caa8]-9618&alias=submit2.chtc.wisc.edu&noUDP&sock=schedd_1879732_618e>
...
040 (11139883.056.000) 2023-07-20 06:22:07 Started transferring input files
	Transferring to host: <128.105.69.146:9618?addrs=128.105.69.146-9618+[2607-f388-2200-100-1270-fdff-fe56-773c]-9618&alias=e4023.chtc.wisc.edu&noUDP&sock=slot1_78_2458848_9a8d_28387>
...
040 (11139883.056.000) 2023-07-20 06:22:09 Finished transferring input files
...
001 (11139883.056.000) 2023-07-20 06:22:10 Job executing on host: <128.105.69.146:9618?addrs=128.105.69.146-9618+[2607-f388-2200-100-1270-fdff-fe56-773c]-9618&alias=e4023.chtc.wisc.edu&noUDP&sock=startd_16217_1773>
	SlotName: slot1_78@e4023.chtc.wisc.edu
	CondorScratchDir = "/var/lib/condor/execute/slot1/dir_1171966"
	Cpus = 1
	Disk = 1208198
	IoHeavy = 0
	Memory = 512
...
006 (11139883.056.000) 2023-07-20 06:22:18 Image size of job updated: 517016
	425  -  MemoryUsage of job (MB)
	434620  -  ResidentSetSize of job (KB)
...
006 (11139883.056.000) 2023-07-20 06:27:18 Image size of job updated: 524288
	462  -  MemoryUsage of job (MB)
	472296  -  ResidentSetSize of job (KB)
...
006 (11139883.056.000) 2023-07-20 06:37:20 Image size of job updated: 524288
	478  -  MemoryUsage of job (MB)
	489036  -  ResidentSetSize of job (KB)
...
006 (11139883.056.000) 2023-07-20 06:42:20 Image size of job updated: 524288
	492  -  MemoryUsage of job (MB)
	503388  -  ResidentSetSize of job (KB)
...
