000 (11392261.010.000) 2023-08-02 21:08:52 Job submitted from host: <128.104.101.92:9618?addrs=128.104.101.92-9618+[2607-f388-107c-501-a236-9fff-fe3c-caa8]-9618&alias=submit2.chtc.wisc.edu&noUDP&sock=schedd_1879732_618e>
...
040 (11392261.010.000) 2023-08-02 21:09:36 Started transferring input files
	Transferring to host: <128.105.69.161:9618?addrs=128.105.69.161-9618+[2607-f388-2200-100-1270-fdff-fe56-bf5c]-9618&alias=e4094.chtc.wisc.edu&noUDP&sock=slot1_38_1367360_912c_63041>
...
040 (11392261.010.000) 2023-08-02 21:09:41 Finished transferring input files
...
001 (11392261.010.000) 2023-08-02 21:09:42 Job executing on host: <128.105.69.161:9618?addrs=128.105.69.161-9618+[2607-f388-2200-100-1270-fdff-fe56-bf5c]-9618&alias=e4094.chtc.wisc.edu&noUDP&sock=startd_11680_1644>
	SlotName: slot1_38@e4094.chtc.wisc.edu
	CondorScratchDir = "/var/lib/condor/execute/slot1/dir_734656"
	Cpus = 1
	Disk = 1208198
	IoHeavy = 0
	Memory = 512
...
006 (11392261.010.000) 2023-08-02 21:09:52 Image size of job updated: 241216
	236  -  MemoryUsage of job (MB)
	241216  -  ResidentSetSize of job (KB)
...
006 (11392261.010.000) 2023-08-02 21:14:52 Image size of job updated: 524288
	512  -  MemoryUsage of job (MB)
	524260  -  ResidentSetSize of job (KB)
...
040 (11392261.010.000) 2023-08-02 22:24:12 Started transferring output files
...
040 (11392261.010.000) 2023-08-02 22:24:12 Finished transferring output files
...
005 (11392261.010.000) 2023-08-02 22:24:13 Job terminated.
	(1) Normal termination (return value 0)
		Usr 0 01:12:47, Sys 0 00:00:38  -  Run Remote Usage
		Usr 0 00:00:00, Sys 0 00:00:00  -  Run Local Usage
		Usr 0 01:12:47, Sys 0 00:00:38  -  Total Remote Usage
		Usr 0 00:00:00, Sys 0 00:00:00  -  Total Local Usage
	58047  -  Run Bytes Sent By Job
	32727852  -  Run Bytes Received By Job
	58047  -  Total Bytes Sent By Job
	32727852  -  Total Bytes Received By Job
	Partitionable Resources :     Usage  Request Allocated 
	   Cpus                 :      0.99        1         1 
	   Disk (KB)            : 255820      524288   1208198 
	   IoHeavy              :                            0 
	   Memory (MB)          :    512         512       512 

	Job terminated of its own accord at 2023-08-03T03:24:12Z with exit-code 0.
...
