000 (11392336.029.000) 2023-08-03 08:17:13 Job submitted from host: <128.104.101.92:9618?addrs=128.104.101.92-9618+[2607-f388-107c-501-a236-9fff-fe3c-caa8]-9618&alias=submit2.chtc.wisc.edu&noUDP&sock=schedd_1879732_618e>
...
040 (11392336.029.000) 2023-08-03 08:17:32 Started transferring input files
	Transferring to host: <128.105.69.171:9618?addrs=128.105.69.171-9618+[2607-f388-2200-100-1270-fdff-fe56-76ac]-9618&alias=e2554.chtc.wisc.edu&noUDP&sock=slot1_21_2358843_08cb_78034>
...
040 (11392336.029.000) 2023-08-03 08:17:34 Finished transferring input files
...
001 (11392336.029.000) 2023-08-03 08:17:35 Job executing on host: <128.105.69.171:9618?addrs=128.105.69.171-9618+[2607-f388-2200-100-1270-fdff-fe56-76ac]-9618&alias=e2554.chtc.wisc.edu&noUDP&sock=startd_14106_1f06>
	SlotName: slot1_21@e2554.chtc.wisc.edu
	CondorScratchDir = "/var/lib/condor/execute/slot1/dir_1460124"
	Cpus = 1
	Disk = 1208198
	IoHeavy = 0
	Memory = 512
...
006 (11392336.029.000) 2023-08-03 08:17:44 Image size of job updated: 382440
	369  -  MemoryUsage of job (MB)
	377664  -  ResidentSetSize of job (KB)
...
006 (11392336.029.000) 2023-08-03 08:18:48 Image size of job updated: 514552
	372  -  MemoryUsage of job (MB)
	379968  -  ResidentSetSize of job (KB)
...
040 (11392336.029.000) 2023-08-03 08:18:48 Started transferring output files
...
040 (11392336.029.000) 2023-08-03 08:18:48 Finished transferring output files
...
005 (11392336.029.000) 2023-08-03 08:18:48 Job terminated.
	(1) Normal termination (return value 0)
		Usr 0 00:01:07, Sys 0 00:00:02  -  Run Remote Usage
		Usr 0 00:00:00, Sys 0 00:00:00  -  Run Local Usage
		Usr 0 00:01:07, Sys 0 00:00:02  -  Total Remote Usage
		Usr 0 00:00:00, Sys 0 00:00:00  -  Total Local Usage
	57128  -  Run Bytes Sent By Job
	32727852  -  Run Bytes Received By Job
	57128  -  Total Bytes Sent By Job
	32727852  -  Total Bytes Received By Job
	Partitionable Resources :    Usage  Request Allocated 
	   Cpus                 :                 1         1 
	   Disk (KB)            :   255224   524288   1208198 
	   IoHeavy              :                           0 
	   Memory (MB)          :      372      512       512 

	Job terminated of its own accord at 2023-08-03T13:18:48Z with exit-code 0.
...
