000 (11392336.114.000) 2023-08-03 08:17:14 Job submitted from host: <128.104.101.92:9618?addrs=128.104.101.92-9618+[2607-f388-107c-501-a236-9fff-fe3c-caa8]-9618&alias=submit2.chtc.wisc.edu&noUDP&sock=schedd_1879732_618e>
...
040 (11392336.114.000) 2023-08-03 08:17:39 Started transferring input files
	Transferring to host: <128.105.69.219:9618?addrs=128.105.69.219-9618&alias=e2602.chtc.wisc.edu&noUDP&sock=slot1_1_2200493_2263_70301>
...
040 (11392336.114.000) 2023-08-03 08:17:41 Finished transferring input files
...
001 (11392336.114.000) 2023-08-03 08:17:42 Job executing on host: <128.105.69.219:9618?addrs=128.105.69.219-9618&alias=e2602.chtc.wisc.edu&noUDP&sock=startd_18812_0bb7>
	SlotName: slot1_1@e2602.chtc.wisc.edu
	CondorScratchDir = "/var/lib/condor/execute/slot1/dir_3395951"
	Cpus = 1
	Disk = 1458998
	IoHeavy = 0
	Memory = 512
...
006 (11392336.114.000) 2023-08-03 08:17:50 Image size of job updated: 400768
	382  -  MemoryUsage of job (MB)
	390640  -  ResidentSetSize of job (KB)
...
006 (11392336.114.000) 2023-08-03 08:18:04 Image size of job updated: 401600
	382  -  MemoryUsage of job (MB)
	390640  -  ResidentSetSize of job (KB)
...
040 (11392336.114.000) 2023-08-03 08:18:05 Started transferring output files
...
040 (11392336.114.000) 2023-08-03 08:18:05 Finished transferring output files
...
005 (11392336.114.000) 2023-08-03 08:18:05 Job terminated.
	(1) Normal termination (return value 0)
		Usr 0 00:00:20, Sys 0 00:00:01  -  Run Remote Usage
		Usr 0 00:00:00, Sys 0 00:00:00  -  Run Local Usage
		Usr 0 00:00:20, Sys 0 00:00:01  -  Total Remote Usage
		Usr 0 00:00:00, Sys 0 00:00:00  -  Total Local Usage
	55300  -  Run Bytes Sent By Job
	32727852  -  Run Bytes Received By Job
	55300  -  Total Bytes Sent By Job
	32727852  -  Total Bytes Received By Job
	Partitionable Resources :    Usage  Request Allocated 
	   Cpus                 :                 1         1 
	   Disk (KB)            :   255222   524288   1458998 
	   IoHeavy              :                           0 
	   Memory (MB)          :      382      512       512 

	Job terminated of its own accord at 2023-08-03T13:18:04Z with exit-code 0.
...
