000 (11392341.035.000) 2023-08-03 09:09:59 Job submitted from host: <128.104.101.92:9618?addrs=128.104.101.92-9618+[2607-f388-107c-501-a236-9fff-fe3c-caa8]-9618&alias=submit2.chtc.wisc.edu&noUDP&sock=schedd_1879732_618e>
...
040 (11392341.035.000) 2023-08-03 09:10:33 Started transferring input files
	Transferring to host: <128.105.69.94:9618?addrs=128.105.69.94-9618+[2607-f388-2200-100-1270-fdff-fe56-3dcc]-9618&alias=e4005.chtc.wisc.edu&noUDP&sock=slot1_24_1730252_cf51_79232>
...
040 (11392341.035.000) 2023-08-03 09:10:35 Finished transferring input files
...
001 (11392341.035.000) 2023-08-03 09:10:36 Job executing on host: <128.105.69.94:9618?addrs=128.105.69.94-9618+[2607-f388-2200-100-1270-fdff-fe56-3dcc]-9618&alias=e4005.chtc.wisc.edu&noUDP&sock=startd_14681_85fb>
	SlotName: slot1_24@e4005.chtc.wisc.edu
	CondorScratchDir = "/var/lib/condor/execute/slot1/dir_3544656"
	Cpus = 1
	Disk = 1268229
	IoHeavy = 0
	Memory = 512
...
006 (11392341.035.000) 2023-08-03 09:10:44 Image size of job updated: 390588
	326  -  MemoryUsage of job (MB)
	333000  -  ResidentSetSize of job (KB)
...
006 (11392341.035.000) 2023-08-03 09:10:48 Image size of job updated: 511244
	330  -  MemoryUsage of job (MB)
	337096  -  ResidentSetSize of job (KB)
...
040 (11392341.035.000) 2023-08-03 09:10:48 Started transferring output files
...
040 (11392341.035.000) 2023-08-03 09:10:48 Finished transferring output files
...
005 (11392341.035.000) 2023-08-03 09:10:48 Job terminated.
	(1) Normal termination (return value 1)
		Usr 0 00:00:08, Sys 0 00:00:02  -  Run Remote Usage
		Usr 0 00:00:00, Sys 0 00:00:00  -  Run Local Usage
		Usr 0 00:00:08, Sys 0 00:00:02  -  Total Remote Usage
		Usr 0 00:00:00, Sys 0 00:00:00  -  Total Local Usage
	3165  -  Run Bytes Sent By Job
	32727736  -  Run Bytes Received By Job
	3165  -  Total Bytes Sent By Job
	32727736  -  Total Bytes Received By Job
	Partitionable Resources :    Usage  Request Allocated 
	   Cpus                 :                 1         1 
	   Disk (KB)            :   255154   524288   1268229 
	   IoHeavy              :                           0 
	   Memory (MB)          :      330      512       512 

	Job terminated of its own accord at 2023-08-03T14:10:48Z with exit-code 1.
...
