000 (11392336.079.000) 2023-08-03 08:17:14 Job submitted from host: <128.104.101.92:9618?addrs=128.104.101.92-9618+[2607-f388-107c-501-a236-9fff-fe3c-caa8]-9618&alias=submit2.chtc.wisc.edu&noUDP&sock=schedd_1879732_618e>
...
040 (11392336.079.000) 2023-08-03 08:17:37 Started transferring input files
	Transferring to host: <128.105.69.203:9618?addrs=128.105.69.203-9618+[2607-f388-2200-100-1270-fdff-fe56-c37c]-9618&alias=e4034.chtc.wisc.edu&noUDP&sock=slot1_2_1090648_ee38_79596>
...
040 (11392336.079.000) 2023-08-03 08:17:38 Finished transferring input files
...
001 (11392336.079.000) 2023-08-03 08:17:39 Job executing on host: <128.105.69.203:9618?addrs=128.105.69.203-9618+[2607-f388-2200-100-1270-fdff-fe56-c37c]-9618&alias=e4034.chtc.wisc.edu&noUDP&sock=startd_15838_210e>
	SlotName: slot1_2@e4034.chtc.wisc.edu
	CondorScratchDir = "/var/lib/condor/execute/slot1/dir_749643"
	Cpus = 1
	Disk = 1208198
	IoHeavy = 0
	Memory = 512
...
006 (11392336.079.000) 2023-08-03 08:17:48 Image size of job updated: 513944
	494  -  MemoryUsage of job (MB)
	505712  -  ResidentSetSize of job (KB)
...
006 (11392336.079.000) 2023-08-03 08:18:21 Image size of job updated: 522200
	494  -  MemoryUsage of job (MB)
	505712  -  ResidentSetSize of job (KB)
...
040 (11392336.079.000) 2023-08-03 08:18:21 Started transferring output files
...
040 (11392336.079.000) 2023-08-03 08:18:21 Finished transferring output files
...
005 (11392336.079.000) 2023-08-03 08:18:21 Job terminated.
	(1) Normal termination (return value 0)
		Usr 0 00:00:38, Sys 0 00:00:02  -  Run Remote Usage
		Usr 0 00:00:00, Sys 0 00:00:00  -  Run Local Usage
		Usr 0 00:00:38, Sys 0 00:00:02  -  Total Remote Usage
		Usr 0 00:00:00, Sys 0 00:00:00  -  Total Local Usage
	57494  -  Run Bytes Sent By Job
	32727852  -  Run Bytes Received By Job
	57494  -  Total Bytes Sent By Job
	32727852  -  Total Bytes Received By Job
	Partitionable Resources :    Usage  Request Allocated 
	   Cpus                 :                 1         1 
	   Disk (KB)            :   255224   524288   1208198 
	   IoHeavy              :                           0 
	   Memory (MB)          :      494      512       512 

	Job terminated of its own accord at 2023-08-03T13:18:21Z with exit-code 0.
...
