000 (11392341.017.000) 2023-08-03 09:09:59 Job submitted from host: <128.104.101.92:9618?addrs=128.104.101.92-9618+[2607-f388-107c-501-a236-9fff-fe3c-caa8]-9618&alias=submit2.chtc.wisc.edu&noUDP&sock=schedd_1879732_618e>
...
040 (11392341.017.000) 2023-08-03 09:10:26 Started transferring input files
	Transferring to host: <128.105.69.180:9618?addrs=128.105.69.180-9618+[2607-f388-2200-100-1270-fdff-fe56-6844]-9618&alias=e2563.chtc.wisc.edu&noUDP&sock=slot1_41_1638361_4998_74729>
...
040 (11392341.017.000) 2023-08-03 09:10:28 Finished transferring input files
...
001 (11392341.017.000) 2023-08-03 09:10:29 Job executing on host: <128.105.69.180:9618?addrs=128.105.69.180-9618+[2607-f388-2200-100-1270-fdff-fe56-6844]-9618&alias=e2563.chtc.wisc.edu&noUDP&sock=startd_13448_c9b5>
	SlotName: slot1_41@e2563.chtc.wisc.edu
	CondorScratchDir = "/var/lib/condor/execute/slot1/dir_908088"
	Cpus = 1
	Disk = 1208198
	IoHeavy = 0
	Memory = 512
...
006 (11392341.017.000) 2023-08-03 09:10:38 Image size of job updated: 459752
	414  -  MemoryUsage of job (MB)
	423908  -  ResidentSetSize of job (KB)
...
006 (11392341.017.000) 2023-08-03 09:11:25 Image size of job updated: 516452
	432  -  MemoryUsage of job (MB)
	442340  -  ResidentSetSize of job (KB)
...
040 (11392341.017.000) 2023-08-03 09:11:25 Started transferring output files
...
040 (11392341.017.000) 2023-08-03 09:11:25 Finished transferring output files
...
005 (11392341.017.000) 2023-08-03 09:11:25 Job terminated.
	(1) Normal termination (return value 0)
		Usr 0 00:00:52, Sys 0 00:00:02  -  Run Remote Usage
		Usr 0 00:00:00, Sys 0 00:00:00  -  Run Local Usage
		Usr 0 00:00:52, Sys 0 00:00:02  -  Total Remote Usage
		Usr 0 00:00:00, Sys 0 00:00:00  -  Total Local Usage
	57916  -  Run Bytes Sent By Job
	32727736  -  Run Bytes Received By Job
	57916  -  Total Bytes Sent By Job
	32727736  -  Total Bytes Received By Job
	Partitionable Resources :     Usage  Request Allocated 
	   Cpus                 :      0.21        1         1 
	   Disk (KB)            : 255234      524288   1208198 
	   IoHeavy              :                            0 
	   Memory (MB)          :    432         512       512 

	Job terminated of its own accord at 2023-08-03T14:11:25Z with exit-code 0.
...
