000 (11392261.062.000) 2023-08-02 21:08:52 Job submitted from host: <128.104.101.92:9618?addrs=128.104.101.92-9618+[2607-f388-107c-501-a236-9fff-fe3c-caa8]-9618&alias=submit2.chtc.wisc.edu&noUDP&sock=schedd_1879732_618e>
...
040 (11392261.062.000) 2023-08-02 21:10:06 Started transferring input files
	Transferring to host: <128.105.69.123:9618?addrs=128.105.69.123-9618+[2607-f388-2200-100-1270-fdff-fe56-7324]-9618&alias=e4072.chtc.wisc.edu&noUDP&sock=slot1_47_1822831_1726_74600>
...
040 (11392261.062.000) 2023-08-02 21:10:09 Finished transferring input files
...
001 (11392261.062.000) 2023-08-02 21:10:10 Job executing on host: <128.105.69.123:9618?addrs=128.105.69.123-9618+[2607-f388-2200-100-1270-fdff-fe56-7324]-9618&alias=e4072.chtc.wisc.edu&noUDP&sock=startd_17358_b902>
	SlotName: slot1_47@e4072.chtc.wisc.edu
	CondorScratchDir = "/var/lib/condor/execute/slot1/dir_908544"
	Cpus = 1
	Disk = 1208198
	IoHeavy = 0
	Memory = 512
...
006 (11392261.062.000) 2023-08-02 21:10:18 Image size of job updated: 384312
	330  -  MemoryUsage of job (MB)
	336988  -  ResidentSetSize of job (KB)
...
006 (11392261.062.000) 2023-08-02 21:13:04 Image size of job updated: 517020
	331  -  MemoryUsage of job (MB)
	338000  -  ResidentSetSize of job (KB)
...
040 (11392261.062.000) 2023-08-02 21:13:04 Started transferring output files
...
040 (11392261.062.000) 2023-08-02 21:13:04 Finished transferring output files
...
005 (11392261.062.000) 2023-08-02 21:13:04 Job terminated.
	(1) Normal termination (return value 0)
		Usr 0 00:02:42, Sys 0 00:00:05  -  Run Remote Usage
		Usr 0 00:00:00, Sys 0 00:00:00  -  Run Local Usage
		Usr 0 00:02:42, Sys 0 00:00:05  -  Total Remote Usage
		Usr 0 00:00:00, Sys 0 00:00:00  -  Total Local Usage
	58056  -  Run Bytes Sent By Job
	32727852  -  Run Bytes Received By Job
	58056  -  Total Bytes Sent By Job
	32727852  -  Total Bytes Received By Job
	Partitionable Resources :    Usage  Request Allocated 
	   Cpus                 :                 1         1 
	   Disk (KB)            :   256078   524288   1208198 
	   IoHeavy              :                           0 
	   Memory (MB)          :      331      512       512 

	Job terminated of its own accord at 2023-08-03T02:13:04Z with exit-code 0.
...
