000 (11392261.015.000) 2023-08-02 21:08:52 Job submitted from host: <128.104.101.92:9618?addrs=128.104.101.92-9618+[2607-f388-107c-501-a236-9fff-fe3c-caa8]-9618&alias=submit2.chtc.wisc.edu&noUDP&sock=schedd_1879732_618e>
...
040 (11392261.015.000) 2023-08-02 21:09:58 Started transferring input files
	Transferring to host: <128.105.69.100:9618?addrs=128.105.69.100-9618+[2607-f388-2200-100-1270-fdff-fe56-4634]-9618&alias=e4011.chtc.wisc.edu&noUDP&sock=slot1_24_3570163_8e35_70455>
...
040 (11392261.015.000) 2023-08-02 21:10:01 Finished transferring input files
...
001 (11392261.015.000) 2023-08-02 21:10:02 Job executing on host: <128.105.69.100:9618?addrs=128.105.69.100-9618+[2607-f388-2200-100-1270-fdff-fe56-4634]-9618&alias=e4011.chtc.wisc.edu&noUDP&sock=startd_15799_60dc>
	SlotName: slot1_24@e4011.chtc.wisc.edu
	CondorScratchDir = "/var/lib/condor/execute/slot1/dir_476865"
	Cpus = 1
	Disk = 1208198
	IoHeavy = 0
	Memory = 512
...
006 (11392261.015.000) 2023-08-02 21:10:12 Image size of job updated: 377040
	368  -  MemoryUsage of job (MB)
	376784  -  ResidentSetSize of job (KB)
...
006 (11392261.015.000) 2023-08-02 21:15:12 Image size of job updated: 524288
	511  -  MemoryUsage of job (MB)
	523236  -  ResidentSetSize of job (KB)
...
040 (11392261.015.000) 2023-08-02 21:35:53 Started transferring output files
...
040 (11392261.015.000) 2023-08-02 21:35:53 Finished transferring output files
...
005 (11392261.015.000) 2023-08-02 21:35:54 Job terminated.
	(1) Normal termination (return value 0)
		Usr 0 00:25:01, Sys 0 00:00:14  -  Run Remote Usage
		Usr 0 00:00:00, Sys 0 00:00:00  -  Run Local Usage
		Usr 0 00:25:01, Sys 0 00:00:14  -  Total Remote Usage
		Usr 0 00:00:00, Sys 0 00:00:00  -  Total Local Usage
	57792  -  Run Bytes Sent By Job
	32727852  -  Run Bytes Received By Job
	57792  -  Total Bytes Sent By Job
	32727852  -  Total Bytes Received By Job
	Partitionable Resources :     Usage  Request Allocated 
	   Cpus                 :      0.98        1         1 
	   Disk (KB)            : 256063      524288   1208198 
	   IoHeavy              :                            0 
	   Memory (MB)          :    511         512       512 

	Job terminated of its own accord at 2023-08-03T02:35:53Z with exit-code 0.
...
