000 (11178197.004.000) 2023-07-26 22:31:45 Job submitted from host: <128.104.101.92:9618?addrs=128.104.101.92-9618+[2607-f388-107c-501-a236-9fff-fe3c-caa8]-9618&alias=submit2.chtc.wisc.edu&noUDP&sock=schedd_1879732_618e>
...
040 (11178197.004.000) 2023-07-26 22:32:42 Started transferring input files
	Transferring to host: <128.105.69.226:9618?addrs=128.105.69.226-9618+[2607-f388-2200-100-eaeb-d3ff-fe40-10fc]-9618&alias=e2609.chtc.wisc.edu&noUDP&sock=slot1_34_3529673_b006_46475>
...
040 (11178197.004.000) 2023-07-26 22:32:45 Finished transferring input files
...
001 (11178197.004.000) 2023-07-26 22:32:46 Job executing on host: <128.105.69.226:9618?addrs=128.105.69.226-9618+[2607-f388-2200-100-eaeb-d3ff-fe40-10fc]-9618&alias=e2609.chtc.wisc.edu&noUDP&sock=startd_17158_8a11>
	SlotName: slot1_34@e2609.chtc.wisc.edu
	CondorScratchDir = "/var/lib/condor/execute/slot1/dir_508626"
	Cpus = 1
	Disk = 1458998
	IoHeavy = 0
	Memory = 512
...
006 (11178197.004.000) 2023-07-26 22:32:54 Image size of job updated: 276216
	230  -  MemoryUsage of job (MB)
	235040  -  ResidentSetSize of job (KB)
...
006 (11178197.004.000) 2023-07-26 22:37:54 Image size of job updated: 444044
	432  -  MemoryUsage of job (MB)
	441744  -  ResidentSetSize of job (KB)
...
006 (11178197.004.000) 2023-07-26 22:42:55 Image size of job updated: 451076
	432  -  MemoryUsage of job (MB)
	441744  -  ResidentSetSize of job (KB)
...
006 (11178197.004.000) 2023-07-26 22:47:55 Image size of job updated: 451076
	433  -  MemoryUsage of job (MB)
	443164  -  ResidentSetSize of job (KB)
...
006 (11178197.004.000) 2023-07-26 22:52:56 Image size of job updated: 451076
	439  -  MemoryUsage of job (MB)
	449300  -  ResidentSetSize of job (KB)
...
006 (11178197.004.000) 2023-07-26 22:57:56 Image size of job updated: 451076
	439  -  MemoryUsage of job (MB)
	449508  -  ResidentSetSize of job (KB)
...
040 (11178197.004.000) 2023-07-26 23:02:29 Started transferring output files
...
040 (11178197.004.000) 2023-07-26 23:02:29 Finished transferring output files
...
005 (11178197.004.000) 2023-07-26 23:02:29 Job terminated.
	(1) Normal termination (return value 0)
		Usr 0 00:29:08, Sys 0 00:00:13  -  Run Remote Usage
		Usr 0 00:00:00, Sys 0 00:00:00  -  Run Local Usage
		Usr 0 00:29:08, Sys 0 00:00:13  -  Total Remote Usage
		Usr 0 00:00:00, Sys 0 00:00:00  -  Total Local Usage
	57031  -  Run Bytes Sent By Job
	32726832  -  Run Bytes Received By Job
	57031  -  Total Bytes Sent By Job
	32726832  -  Total Bytes Received By Job
	Partitionable Resources :     Usage  Request Allocated 
	   Cpus                 :      0.99        1         1 
	   Disk (KB)            : 256095      524288   1458998 
	   IoHeavy              :                            0 
	   Memory (MB)          :    439         512       512 

	Job terminated of its own accord at 2023-07-27T04:02:28Z with exit-code 0.
...
