000 (11139883.023.000) 2023-07-20 06:17:26 Job submitted from host: <128.104.101.92:9618?addrs=128.104.101.92-9618+[2607-f388-107c-501-a236-9fff-fe3c-caa8]-9618&alias=submit2.chtc.wisc.edu&noUDP&sock=schedd_1879732_618e>
...
040 (11139883.023.000) 2023-07-20 06:20:35 Started transferring input files
	Transferring to host: <128.105.69.148:9618?addrs=128.105.69.148-9618+[2607-f388-2200-100-1270-fdff-fe56-ceec]-9618&alias=build4001.chtc.wisc.edu&noUDP&sock=slot3_121_3662029_768c_20879>
...
040 (11139883.023.000) 2023-07-20 06:20:37 Finished transferring input files
...
001 (11139883.023.000) 2023-07-20 06:20:38 Job executing on host: <128.105.69.148:9618?addrs=128.105.69.148-9618+[2607-f388-2200-100-1270-fdff-fe56-ceec]-9618&alias=build4001.chtc.wisc.edu&noUDP&sock=startd_16163_0d56>
	SlotName: slot3_121@build4001.chtc.wisc.edu
	CondorScratchDir = "/var/lib/condor/execute/slot3/dir_4106544"
	Cpus = 1
	Disk = 1208198
	IoHeavy = 0
	Memory = 512
...
006 (11139883.023.000) 2023-07-20 06:20:46 Image size of job updated: 381300
	197  -  MemoryUsage of job (MB)
	201460  -  ResidentSetSize of job (KB)
...
006 (11139883.023.000) 2023-07-20 06:25:46 Image size of job updated: 524288
	441  -  MemoryUsage of job (MB)
	451568  -  ResidentSetSize of job (KB)
...
006 (11139883.023.000) 2023-07-20 06:30:47 Image size of job updated: 524288
	446  -  MemoryUsage of job (MB)
	455896  -  ResidentSetSize of job (KB)
...
006 (11139883.023.000) 2023-07-20 06:35:47 Image size of job updated: 524288
	452  -  MemoryUsage of job (MB)
	462496  -  ResidentSetSize of job (KB)
...
006 (11139883.023.000) 2023-07-20 06:45:48 Image size of job updated: 524288
	465  -  MemoryUsage of job (MB)
	475340  -  ResidentSetSize of job (KB)
...
006 (11139883.023.000) 2023-07-20 07:00:49 Image size of job updated: 524288
	482  -  MemoryUsage of job (MB)
	493068  -  ResidentSetSize of job (KB)
...
040 (11139883.023.000) 2023-07-20 07:51:55 Started transferring output files
...
040 (11139883.023.000) 2023-07-20 07:51:55 Finished transferring output files
...
005 (11139883.023.000) 2023-07-20 07:51:55 Job terminated.
	(1) Normal termination (return value 0)
		Usr 0 01:29:49, Sys 0 00:00:28  -  Run Remote Usage
		Usr 0 00:00:00, Sys 0 00:00:00  -  Run Local Usage
		Usr 0 01:29:49, Sys 0 00:00:28  -  Total Remote Usage
		Usr 0 00:00:00, Sys 0 00:00:00  -  Total Local Usage
	57849  -  Run Bytes Sent By Job
	32725918  -  Run Bytes Received By Job
	57849  -  Total Bytes Sent By Job
	32725918  -  Total Bytes Received By Job
	Partitionable Resources :     Usage  Request Allocated 
	   Cpus                 :      0.99        1         1 
	   Disk (KB)            : 255232      524288   1208198 
	   IoHeavy              :                            0 
	   Memory (MB)          :    482         512       512 

	Job terminated of its own accord at 2023-07-20T12:51:55Z with exit-code 0.
...
