000 (11392261.033.000) 2023-08-02 21:08:52 Job submitted from host: <128.104.101.92:9618?addrs=128.104.101.92-9618+[2607-f388-107c-501-a236-9fff-fe3c-caa8]-9618&alias=submit2.chtc.wisc.edu&noUDP&sock=schedd_1879732_618e>
...
040 (11392261.033.000) 2023-08-02 21:10:03 Started transferring input files
	Transferring to host: <128.105.68.91:9618?addrs=128.105.68.91-9618+[2607-f388-2200-100-1270-fdff-fe56-c2c4]-9618&alias=e4053.chtc.wisc.edu&noUDP&sock=slot1_12_1788002_e8be_82801>
...
040 (11392261.033.000) 2023-08-02 21:10:04 Finished transferring input files
...
001 (11392261.033.000) 2023-08-02 21:10:06 Job executing on host: <128.105.68.91:9618?addrs=128.105.68.91-9618+[2607-f388-2200-100-1270-fdff-fe56-c2c4]-9618&alias=e4053.chtc.wisc.edu&noUDP&sock=startd_11752_7915>
	SlotName: slot1_12@e4053.chtc.wisc.edu
	CondorScratchDir = "/var/lib/condor/execute/slot1/dir_3698932"
	Cpus = 1
	Disk = 1208198
	IoHeavy = 0
	Memory = 512
...
006 (11392261.033.000) 2023-08-02 21:10:14 Image size of job updated: 276444
	214  -  MemoryUsage of job (MB)
	218160  -  ResidentSetSize of job (KB)
...
006 (11392261.033.000) 2023-08-02 21:13:24 Image size of job updated: 418876
	214  -  MemoryUsage of job (MB)
	218392  -  ResidentSetSize of job (KB)
...
040 (11392261.033.000) 2023-08-02 21:13:24 Started transferring output files
...
040 (11392261.033.000) 2023-08-02 21:13:24 Finished transferring output files
...
005 (11392261.033.000) 2023-08-02 21:13:24 Job terminated.
	(1) Normal termination (return value 0)
		Usr 0 00:03:10, Sys 0 00:00:03  -  Run Remote Usage
		Usr 0 00:00:00, Sys 0 00:00:00  -  Run Local Usage
		Usr 0 00:03:10, Sys 0 00:00:03  -  Total Remote Usage
		Usr 0 00:00:00, Sys 0 00:00:00  -  Total Local Usage
	57749  -  Run Bytes Sent By Job
	32727852  -  Run Bytes Received By Job
	57749  -  Total Bytes Sent By Job
	32727852  -  Total Bytes Received By Job
	Partitionable Resources :    Usage  Request Allocated 
	   Cpus                 :                 1         1 
	   Disk (KB)            :   256364   524288   1208198 
	   IoHeavy              :                           0 
	   Memory (MB)          :      214      512       512 

	Job terminated of its own accord at 2023-08-03T02:13:24Z with exit-code 0.
...
