000 (11392261.060.000) 2023-08-02 21:08:52 Job submitted from host: <128.104.101.92:9618?addrs=128.104.101.92-9618+[2607-f388-107c-501-a236-9fff-fe3c-caa8]-9618&alias=submit2.chtc.wisc.edu&noUDP&sock=schedd_1879732_618e>
...
040 (11392261.060.000) 2023-08-02 21:10:06 Started transferring input files
	Transferring to host: <128.105.69.193:9618?addrs=128.105.69.193-9618+[2607-f388-2200-100-1270-fdff-fe56-4604]-9618&alias=e4046.chtc.wisc.edu&noUDP&sock=slot1_86_1422684_5476_65053>
...
040 (11392261.060.000) 2023-08-02 21:10:08 Finished transferring input files
...
001 (11392261.060.000) 2023-08-02 21:10:09 Job executing on host: <128.105.69.193:9618?addrs=128.105.69.193-9618+[2607-f388-2200-100-1270-fdff-fe56-4604]-9618&alias=e4046.chtc.wisc.edu&noUDP&sock=startd_15967_9cc6>
	SlotName: slot1_86@e4046.chtc.wisc.edu
	CondorScratchDir = "/var/lib/condor/execute/slot1/dir_3881741"
	Cpus = 1
	Disk = 1208198
	IoHeavy = 0
	Memory = 512
...
006 (11392261.060.000) 2023-08-02 21:10:18 Image size of job updated: 276380
	191  -  MemoryUsage of job (MB)
	195400  -  ResidentSetSize of job (KB)
...
006 (11392261.060.000) 2023-08-02 21:11:52 Image size of job updated: 410532
	196  -  MemoryUsage of job (MB)
	200264  -  ResidentSetSize of job (KB)
...
040 (11392261.060.000) 2023-08-02 21:11:52 Started transferring output files
...
040 (11392261.060.000) 2023-08-02 21:11:52 Finished transferring output files
...
005 (11392261.060.000) 2023-08-02 21:11:52 Job terminated.
	(1) Normal termination (return value 0)
		Usr 0 00:01:37, Sys 0 00:00:02  -  Run Remote Usage
		Usr 0 00:00:00, Sys 0 00:00:00  -  Run Local Usage
		Usr 0 00:01:37, Sys 0 00:00:02  -  Total Remote Usage
		Usr 0 00:00:00, Sys 0 00:00:00  -  Total Local Usage
	58145  -  Run Bytes Sent By Job
	32727852  -  Run Bytes Received By Job
	58145  -  Total Bytes Sent By Job
	32727852  -  Total Bytes Received By Job
	Partitionable Resources :     Usage  Request Allocated 
	   Cpus                 :      0.99        1         1 
	   Disk (KB)            : 255233      524288   1208198 
	   IoHeavy              :                            0 
	   Memory (MB)          :    196         512       512 

	Job terminated of its own accord at 2023-08-03T02:11:52Z with exit-code 0.
...
