000 (11392341.023.000) 2023-08-03 09:09:59 Job submitted from host: <128.104.101.92:9618?addrs=128.104.101.92-9618+[2607-f388-107c-501-a236-9fff-fe3c-caa8]-9618&alias=submit2.chtc.wisc.edu&noUDP&sock=schedd_1879732_618e>
...
040 (11392341.023.000) 2023-08-03 09:10:28 Started transferring input files
	Transferring to host: <128.105.69.187:9618?addrs=128.105.69.187-9618+[2607-f388-2200-100-1270-fdff-fe56-b86c]-9618&alias=e4039.chtc.wisc.edu&noUDP&sock=slot1_21_3589331_2540_77130>
...
040 (11392341.023.000) 2023-08-03 09:10:31 Finished transferring input files
...
001 (11392341.023.000) 2023-08-03 09:10:32 Job executing on host: <128.105.69.187:9618?addrs=128.105.69.187-9618+[2607-f388-2200-100-1270-fdff-fe56-b86c]-9618&alias=e4039.chtc.wisc.edu&noUDP&sock=startd_15786_7621>
	SlotName: slot1_21@e4039.chtc.wisc.edu
	CondorScratchDir = "/var/lib/condor/execute/slot1/dir_3721339"
	Cpus = 1
	Disk = 1208198
	IoHeavy = 0
	Memory = 512
...
006 (11392341.023.000) 2023-08-03 09:10:41 Image size of job updated: 274648
	269  -  MemoryUsage of job (MB)
	274648  -  ResidentSetSize of job (KB)
...
006 (11392341.023.000) 2023-08-03 09:12:29 Image size of job updated: 400040
	269  -  MemoryUsage of job (MB)
	274648  -  ResidentSetSize of job (KB)
...
040 (11392341.023.000) 2023-08-03 09:12:29 Started transferring output files
...
040 (11392341.023.000) 2023-08-03 09:12:29 Finished transferring output files
...
005 (11392341.023.000) 2023-08-03 09:12:29 Job terminated.
	(1) Normal termination (return value 0)
		Usr 0 00:01:44, Sys 0 00:00:08  -  Run Remote Usage
		Usr 0 00:00:00, Sys 0 00:00:00  -  Run Local Usage
		Usr 0 00:01:44, Sys 0 00:00:08  -  Total Remote Usage
		Usr 0 00:00:00, Sys 0 00:00:00  -  Total Local Usage
	55469  -  Run Bytes Sent By Job
	32727736  -  Run Bytes Received By Job
	55469  -  Total Bytes Sent By Job
	32727736  -  Total Bytes Received By Job
	Partitionable Resources :     Usage  Request Allocated 
	   Cpus                 :      0.34        1         1 
	   Disk (KB)            : 256081      524288   1208198 
	   IoHeavy              :                            0 
	   Memory (MB)          :    269         512       512 

	Job terminated of its own accord at 2023-08-03T14:12:29Z with exit-code 0.
...
