000 (11174826.029.000) 2023-07-25 19:31:08 Job submitted from host: <128.104.101.92:9618?addrs=128.104.101.92-9618+[2607-f388-107c-501-a236-9fff-fe3c-caa8]-9618&alias=submit2.chtc.wisc.edu&noUDP&sock=schedd_1879732_618e>
...
040 (11174826.029.000) 2023-07-25 19:32:58 Started transferring input files
	Transferring to host: <128.105.69.188:9618?addrs=128.105.69.188-9618+[2607-f388-2200-100-1270-fdff-fe56-bf54]-9618&alias=e4040.chtc.wisc.edu&noUDP&sock=slot1_111_940684_b9e6_41154>
...
040 (11174826.029.000) 2023-07-25 19:33:00 Finished transferring input files
...
001 (11174826.029.000) 2023-07-25 19:33:01 Job executing on host: <128.105.69.188:9618?addrs=128.105.69.188-9618+[2607-f388-2200-100-1270-fdff-fe56-bf54]-9618&alias=e4040.chtc.wisc.edu&noUDP&sock=startd_15998_e035>
	SlotName: slot1_111@e4040.chtc.wisc.edu
	CondorScratchDir = "/var/lib/condor/execute/slot1/dir_3581430"
	Cpus = 1
	Disk = 1208198
	IoHeavy = 0
	Memory = 512
...
006 (11174826.029.000) 2023-07-25 19:33:09 Image size of job updated: 277140
	84  -  MemoryUsage of job (MB)
	85432  -  ResidentSetSize of job (KB)
...
006 (11174826.029.000) 2023-07-25 19:38:09 Image size of job updated: 440128
	415  -  MemoryUsage of job (MB)
	424464  -  ResidentSetSize of job (KB)
...
006 (11174826.029.000) 2023-07-25 19:43:10 Image size of job updated: 440184
	427  -  MemoryUsage of job (MB)
	436332  -  ResidentSetSize of job (KB)
...
040 (11174826.029.000) 2023-07-25 19:43:12 Started transferring output files
...
040 (11174826.029.000) 2023-07-25 19:43:12 Finished transferring output files
...
005 (11174826.029.000) 2023-07-25 19:43:13 Job terminated.
	(1) Normal termination (return value 0)
		Usr 0 00:09:59, Sys 0 00:00:03  -  Run Remote Usage
		Usr 0 00:00:00, Sys 0 00:00:00  -  Run Local Usage
		Usr 0 00:09:59, Sys 0 00:00:03  -  Total Remote Usage
		Usr 0 00:00:00, Sys 0 00:00:00  -  Total Local Usage
	57995  -  Run Bytes Sent By Job
	32725816  -  Run Bytes Received By Job
	57995  -  Total Bytes Sent By Job
	32725816  -  Total Bytes Received By Job
	Partitionable Resources :     Usage  Request Allocated 
	   Cpus                 :      0.99        1         1 
	   Disk (KB)            : 255232      524288   1208198 
	   IoHeavy              :                            0 
	   Memory (MB)          :    427         512       512 

	Job terminated of its own accord at 2023-07-26T00:43:12Z with exit-code 0.
...
