000 (11392341.040.000) 2023-08-03 09:09:59 Job submitted from host: <128.104.101.92:9618?addrs=128.104.101.92-9618+[2607-f388-107c-501-a236-9fff-fe3c-caa8]-9618&alias=submit2.chtc.wisc.edu&noUDP&sock=schedd_1879732_618e>
...
040 (11392341.040.000) 2023-08-03 09:10:29 Started transferring input files
	Transferring to host: <128.105.69.159:9618?addrs=128.105.69.159-9618+[2607-f388-2200-100-1270-fdff-fe56-c33c]-9618&alias=e4092.chtc.wisc.edu&noUDP&sock=slot1_5_1018208_65b6_79025>
...
040 (11392341.040.000) 2023-08-03 09:10:31 Finished transferring input files
...
001 (11392341.040.000) 2023-08-03 09:10:32 Job executing on host: <128.105.69.159:9618?addrs=128.105.69.159-9618+[2607-f388-2200-100-1270-fdff-fe56-c33c]-9618&alias=e4092.chtc.wisc.edu&noUDP&sock=startd_17137_2294>
	SlotName: slot1_5@e4092.chtc.wisc.edu
	CondorScratchDir = "/var/lib/condor/execute/slot1/dir_638864"
	Cpus = 1
	Disk = 1208198
	IoHeavy = 0
	Memory = 512
...
006 (11392341.040.000) 2023-08-03 09:10:41 Image size of job updated: 460576
	438  -  MemoryUsage of job (MB)
	447984  -  ResidentSetSize of job (KB)
...
006 (11392341.040.000) 2023-08-03 09:10:46 Image size of job updated: 505984
	444  -  MemoryUsage of job (MB)
	454640  -  ResidentSetSize of job (KB)
...
040 (11392341.040.000) 2023-08-03 09:10:46 Started transferring output files
...
040 (11392341.040.000) 2023-08-03 09:10:46 Finished transferring output files
...
005 (11392341.040.000) 2023-08-03 09:10:46 Job terminated.
	(1) Normal termination (return value 1)
		Usr 0 00:00:10, Sys 0 00:00:02  -  Run Remote Usage
		Usr 0 00:00:00, Sys 0 00:00:00  -  Run Local Usage
		Usr 0 00:00:10, Sys 0 00:00:02  -  Total Remote Usage
		Usr 0 00:00:00, Sys 0 00:00:00  -  Total Local Usage
	3156  -  Run Bytes Sent By Job
	32727736  -  Run Bytes Received By Job
	3156  -  Total Bytes Sent By Job
	32727736  -  Total Bytes Received By Job
	Partitionable Resources :    Usage  Request Allocated 
	   Cpus                 :                 1         1 
	   Disk (KB)            :   255171   524288   1208198 
	   IoHeavy              :                           0 
	   Memory (MB)          :      444      512       512 

	Job terminated of its own accord at 2023-08-03T14:10:46Z with exit-code 1.
...
