000 (11139883.065.000) 2023-07-20 06:17:26 Job submitted from host: <128.104.101.92:9618?addrs=128.104.101.92-9618+[2607-f388-107c-501-a236-9fff-fe3c-caa8]-9618&alias=submit2.chtc.wisc.edu&noUDP&sock=schedd_1879732_618e>
...
040 (11139883.065.000) 2023-07-20 06:21:15 Started transferring input files
	Transferring to host: <128.105.69.183:9618?addrs=128.105.69.183-9618+[2607-f388-2200-100-1270-fdff-fe56-b9c4]-9618&alias=e2566.chtc.wisc.edu&noUDP&sock=slot1_12_574966_4f8e_35405>
...
040 (11139883.065.000) 2023-07-20 06:21:16 Finished transferring input files
...
001 (11139883.065.000) 2023-07-20 06:21:24 Job executing on host: <128.105.69.183:9618?addrs=128.105.69.183-9618+[2607-f388-2200-100-1270-fdff-fe56-b9c4]-9618&alias=e2566.chtc.wisc.edu&noUDP&sock=startd_13813_25c6>
	SlotName: slot1_12@e2566.chtc.wisc.edu
...
006 (11139883.065.000) 2023-07-20 06:21:33 Image size of job updated: 509432
	18  -  MemoryUsage of job (MB)
	17524  -  ResidentSetSize of job (KB)
...
006 (11139883.065.000) 2023-07-20 06:26:33 Image size of job updated: 671912
	418  -  MemoryUsage of job (MB)
	427232  -  ResidentSetSize of job (KB)
...
006 (11139883.065.000) 2023-07-20 06:36:34 Image size of job updated: 672860
	418  -  MemoryUsage of job (MB)
	427232  -  ResidentSetSize of job (KB)
...
006 (11139883.065.000) 2023-07-20 06:41:34 Image size of job updated: 675004
	418  -  MemoryUsage of job (MB)
	427232  -  ResidentSetSize of job (KB)
...
006 (11139883.065.000) 2023-07-20 06:43:11 Image size of job updated: 676244
	418  -  MemoryUsage of job (MB)
	427232  -  ResidentSetSize of job (KB)
...
040 (11139883.065.000) 2023-07-20 06:43:12 Started transferring output files
...
040 (11139883.065.000) 2023-07-20 06:43:12 Finished transferring output files
...
005 (11139883.065.000) 2023-07-20 06:43:12 Job terminated.
	(1) Normal termination (return value 0)
		Usr 0 00:21:19, Sys 0 00:00:10  -  Run Remote Usage
		Usr 0 00:00:00, Sys 0 00:00:00  -  Run Local Usage
		Usr 0 00:21:19, Sys 0 00:00:10  -  Total Remote Usage
		Usr 0 00:00:00, Sys 0 00:00:00  -  Total Local Usage
	57919  -  Run Bytes Sent By Job
	32725918  -  Run Bytes Received By Job
	57919  -  Total Bytes Sent By Job
	32725918  -  Total Bytes Received By Job
	Partitionable Resources :     Usage  Request Allocated 
	   Cpus                 :      0.99        1         1 
	   Disk (KB)            : 255232      524288   1208198 
	   IoHeavy              :                            0 
	   Memory (MB)          :    418         512       512 

	Job terminated of its own accord at 2023-07-20T11:43:11Z with exit-code 0.
...
