000 (11392336.067.000) 2023-08-03 08:17:14 Job submitted from host: <128.104.101.92:9618?addrs=128.104.101.92-9618+[2607-f388-107c-501-a236-9fff-fe3c-caa8]-9618&alias=submit2.chtc.wisc.edu&noUDP&sock=schedd_1879732_618e>
...
040 (11392336.067.000) 2023-08-03 08:17:36 Started transferring input files
	Transferring to host: <128.105.69.220:9618?addrs=128.105.69.220-9618+[2607-f388-2200-100-eaeb-d3ff-fe40-1a2c]-9618&alias=e2603.chtc.wisc.edu&noUDP&sock=slot1_3_3992283_4842_68070>
...
040 (11392336.067.000) 2023-08-03 08:17:37 Finished transferring input files
...
001 (11392336.067.000) 2023-08-03 08:17:38 Job executing on host: <128.105.69.220:9618?addrs=128.105.69.220-9618+[2607-f388-2200-100-eaeb-d3ff-fe40-1a2c]-9618&alias=e2603.chtc.wisc.edu&noUDP&sock=startd_18749_d53f>
	SlotName: slot1_3@e2603.chtc.wisc.edu
	CondorScratchDir = "/var/lib/condor/execute/slot1/dir_4145273"
	Cpus = 1
	Disk = 1458998
	IoHeavy = 0
	Memory = 512
...
006 (11392336.067.000) 2023-08-03 08:17:47 Image size of job updated: 496912
	485  -  MemoryUsage of job (MB)
	496620  -  ResidentSetSize of job (KB)
...
006 (11392336.067.000) 2023-08-03 08:18:54 Image size of job updated: 524288
	485  -  MemoryUsage of job (MB)
	496620  -  ResidentSetSize of job (KB)
...
040 (11392336.067.000) 2023-08-03 08:18:54 Started transferring output files
...
040 (11392336.067.000) 2023-08-03 08:18:54 Finished transferring output files
...
005 (11392336.067.000) 2023-08-03 08:18:54 Job terminated.
	(1) Normal termination (return value 0)
		Usr 0 00:01:11, Sys 0 00:00:02  -  Run Remote Usage
		Usr 0 00:00:00, Sys 0 00:00:00  -  Run Local Usage
		Usr 0 00:01:11, Sys 0 00:00:02  -  Total Remote Usage
		Usr 0 00:00:00, Sys 0 00:00:00  -  Total Local Usage
	58151  -  Run Bytes Sent By Job
	32727852  -  Run Bytes Received By Job
	58151  -  Total Bytes Sent By Job
	32727852  -  Total Bytes Received By Job
	Partitionable Resources :    Usage  Request Allocated 
	   Cpus                 :                 1         1 
	   Disk (KB)            :   255225   524288   1458998 
	   IoHeavy              :                           0 
	   Memory (MB)          :      485      512       512 

	Job terminated of its own accord at 2023-08-03T13:18:54Z with exit-code 0.
...
