000 (11139883.146.000) 2023-07-20 06:17:26 Job submitted from host: <128.104.101.92:9618?addrs=128.104.101.92-9618+[2607-f388-107c-501-a236-9fff-fe3c-caa8]-9618&alias=submit2.chtc.wisc.edu&noUDP&sock=schedd_1879732_618e>
...
040 (11139883.146.000) 2023-07-20 06:20:51 Started transferring input files
	Transferring to host: <128.105.69.205:9618?addrs=128.105.69.205-9618+[2607-f388-2200-100-eaeb-d3ff-fe40-294c]-9618&alias=e2588.chtc.wisc.edu&noUDP&sock=slot1_52_3681644_014a_14719>
...
040 (11139883.146.000) 2023-07-20 06:20:54 Finished transferring input files
...
001 (11139883.146.000) 2023-07-20 06:20:55 Job executing on host: <128.105.69.205:9618?addrs=128.105.69.205-9618+[2607-f388-2200-100-eaeb-d3ff-fe40-294c]-9618&alias=e2588.chtc.wisc.edu&noUDP&sock=startd_16569_88c9>
	SlotName: slot1_52@e2588.chtc.wisc.edu
	CondorScratchDir = "/var/lib/condor/execute/slot1/dir_327024"
	Cpus = 1
	Disk = 1458998
	IoHeavy = 0
	Memory = 512
...
006 (11139883.146.000) 2023-07-20 06:21:04 Image size of job updated: 464220
	432  -  MemoryUsage of job (MB)
	441400  -  ResidentSetSize of job (KB)
...
006 (11139883.146.000) 2023-07-20 06:23:17 Image size of job updated: 524292
	454  -  MemoryUsage of job (MB)
	463928  -  ResidentSetSize of job (KB)
...
040 (11139883.146.000) 2023-07-20 06:23:17 Started transferring output files
...
040 (11139883.146.000) 2023-07-20 06:23:17 Finished transferring output files
...
005 (11139883.146.000) 2023-07-20 06:23:17 Job terminated.
	(1) Normal termination (return value 0)
		Usr 0 00:02:16, Sys 0 00:00:02  -  Run Remote Usage
		Usr 0 00:00:00, Sys 0 00:00:00  -  Run Local Usage
		Usr 0 00:02:16, Sys 0 00:00:02  -  Total Remote Usage
		Usr 0 00:00:00, Sys 0 00:00:00  -  Total Local Usage
	58020  -  Run Bytes Sent By Job
	32725918  -  Run Bytes Received By Job
	58020  -  Total Bytes Sent By Job
	32725918  -  Total Bytes Received By Job
	Partitionable Resources :     Usage  Request Allocated 
	   Cpus                 :      0.99        1         1 
	   Disk (KB)            : 255232      524288   1458998 
	   IoHeavy              :                            0 
	   Memory (MB)          :    454         512       512 

	Job terminated of its own accord at 2023-07-20T11:23:17Z with exit-code 0.
...
