040 (11139799.016.000) 2023-07-19 21:18:22 Started transferring input files
	Transferring to host: <128.105.69.109:9618?addrs=128.105.69.109-9618+[2607-f388-2200-100-1270-fdff-fe56-bf64]-9618&alias=e4058.chtc.wisc.edu&noUDP&sock=slot1_181_22731_cbb5_10731>
...
040 (11139799.016.000) 2023-07-19 21:18:25 Finished transferring input files
...
001 (11139799.016.000) 2023-07-19 21:18:26 Job executing on host: <128.105.69.109:9618?addrs=128.105.69.109-9618+[2607-f388-2200-100-1270-fdff-fe56-bf64]-9618&alias=e4058.chtc.wisc.edu&noUDP&sock=startd_16529_18ff>
	SlotName: slot1_181@e4058.chtc.wisc.edu
	CondorScratchDir = "/var/lib/condor/execute/slot1/dir_3529529"
	Cpus = 1
	Disk = 1208198
	IoHeavy = 0
	Memory = 512
...
006 (11139799.016.000) 2023-07-19 21:18:35 Image size of job updated: 383688
	315  -  MemoryUsage of job (MB)
	321668  -  ResidentSetSize of job (KB)
...
006 (11139799.016.000) 2023-07-19 21:18:39 Image size of job updated: 507372
	319  -  MemoryUsage of job (MB)
	326020  -  ResidentSetSize of job (KB)
...
040 (11139799.016.000) 2023-07-19 21:18:39 Started transferring output files
...
040 (11139799.016.000) 2023-07-19 21:18:39 Finished transferring output files
...
005 (11139799.016.000) 2023-07-19 21:18:39 Job terminated.
	(1) Normal termination (return value 1)
		Usr 0 00:00:09, Sys 0 00:00:02  -  Run Remote Usage
		Usr 0 00:00:00, Sys 0 00:00:00  -  Run Local Usage
		Usr 0 00:00:09, Sys 0 00:00:02  -  Total Remote Usage
		Usr 0 00:00:00, Sys 0 00:00:00  -  Total Local Usage
	3154  -  Run Bytes Sent By Job
	32725180  -  Run Bytes Received By Job
	3154  -  Total Bytes Sent By Job
	32725180  -  Total Bytes Received By Job
	Partitionable Resources :    Usage  Request Allocated 
	   Cpus                 :                 1         1 
	   Disk (KB)            :   255168   524288   1208198 
	   IoHeavy              :                           0 
	   Memory (MB)          :      319      512       512 

	Job terminated of its own accord at 2023-07-20T02:18:39Z with exit-code 1.
...
