000 (11392261.014.000) 2023-08-02 21:08:52 Job submitted from host: <128.104.101.92:9618?addrs=128.104.101.92-9618+[2607-f388-107c-501-a236-9fff-fe3c-caa8]-9618&alias=submit2.chtc.wisc.edu&noUDP&sock=schedd_1879732_618e>
...
040 (11392261.014.000) 2023-08-02 21:09:57 Started transferring input files
	Transferring to host: <128.105.69.103:9618?addrs=128.105.69.103-9618+[2607-f388-2200-100-1270-fdff-fe56-4614]-9618&alias=e4031.chtc.wisc.edu&noUDP&sock=slot1_26_4081652_d3d4_68505>
...
040 (11392261.014.000) 2023-08-02 21:09:59 Finished transferring input files
...
001 (11392261.014.000) 2023-08-02 21:10:01 Job executing on host: <128.105.69.103:9618?addrs=128.105.69.103-9618+[2607-f388-2200-100-1270-fdff-fe56-4614]-9618&alias=e4031.chtc.wisc.edu&noUDP&sock=startd_15676_02b6>
	SlotName: slot1_26@e4031.chtc.wisc.edu
	CondorScratchDir = "/var/lib/condor/execute/slot1/dir_1975109"
	Cpus = 1
	Disk = 1208198
	IoHeavy = 0
	Memory = 512
...
006 (11392261.014.000) 2023-08-02 21:10:11 Image size of job updated: 278680
	272  -  MemoryUsage of job (MB)
	278116  -  ResidentSetSize of job (KB)
...
006 (11392261.014.000) 2023-08-02 21:15:11 Image size of job updated: 441040
	431  -  MemoryUsage of job (MB)
	440784  -  ResidentSetSize of job (KB)
...
006 (11392261.014.000) 2023-08-02 21:20:11 Image size of job updated: 441048
	431  -  MemoryUsage of job (MB)
	441048  -  ResidentSetSize of job (KB)
...
006 (11392261.014.000) 2023-08-02 21:20:17 Image size of job updated: 441512
	431  -  MemoryUsage of job (MB)
	441048  -  ResidentSetSize of job (KB)
...
040 (11392261.014.000) 2023-08-02 21:20:17 Started transferring output files
...
040 (11392261.014.000) 2023-08-02 21:20:17 Finished transferring output files
...
005 (11392261.014.000) 2023-08-02 21:20:17 Job terminated.
	(1) Normal termination (return value 0)
		Usr 0 00:09:59, Sys 0 00:00:03  -  Run Remote Usage
		Usr 0 00:00:00, Sys 0 00:00:00  -  Run Local Usage
		Usr 0 00:09:59, Sys 0 00:00:03  -  Total Remote Usage
		Usr 0 00:00:00, Sys 0 00:00:00  -  Total Local Usage
	57729  -  Run Bytes Sent By Job
	32727852  -  Run Bytes Received By Job
	57729  -  Total Bytes Sent By Job
	32727852  -  Total Bytes Received By Job
	Partitionable Resources :     Usage  Request Allocated 
	   Cpus                 :      0.99        1         1 
	   Disk (KB)            : 256396      524288   1208198 
	   IoHeavy              :                            0 
	   Memory (MB)          :    431         512       512 

	Job terminated of its own accord at 2023-08-03T02:20:17Z with exit-code 0.
...
