000 (11392341.029.000) 2023-08-03 09:09:59 Job submitted from host: <128.104.101.92:9618?addrs=128.104.101.92-9618+[2607-f388-107c-501-a236-9fff-fe3c-caa8]-9618&alias=submit2.chtc.wisc.edu&noUDP&sock=schedd_1879732_618e>
...
040 (11392341.029.000) 2023-08-03 09:10:31 Started transferring input files
	Transferring to host: <128.105.69.98:9618?addrs=128.105.69.98-9618+[2607-f388-2200-100-1270-fdff-fe56-45f4]-9618&alias=e4009.chtc.wisc.edu&noUDP&sock=slot1_144_3988814_0ed5_78549>
...
040 (11392341.029.000) 2023-08-03 09:10:38 Finished transferring input files
...
001 (11392341.029.000) 2023-08-03 09:10:39 Job executing on host: <128.105.69.98:9618?addrs=128.105.69.98-9618+[2607-f388-2200-100-1270-fdff-fe56-45f4]-9618&alias=e4009.chtc.wisc.edu&noUDP&sock=startd_15856_79c2>
	SlotName: slot1_144@e4009.chtc.wisc.edu
	CondorScratchDir = "/var/lib/condor/execute/slot1/dir_3387655"
	Cpus = 1
	Disk = 1208198
	IoHeavy = 0
	Memory = 512
...
006 (11392341.029.000) 2023-08-03 09:10:47 Image size of job updated: 229240
	224  -  MemoryUsage of job (MB)
	229240  -  ResidentSetSize of job (KB)
...
006 (11392341.029.000) 2023-08-03 09:15:36 Image size of job updated: 507208
	225  -  MemoryUsage of job (MB)
	230320  -  ResidentSetSize of job (KB)
...
040 (11392341.029.000) 2023-08-03 09:15:37 Started transferring output files
...
040 (11392341.029.000) 2023-08-03 09:15:37 Finished transferring output files
...
005 (11392341.029.000) 2023-08-03 09:15:37 Job terminated.
	(1) Normal termination (return value 0)
		Usr 0 00:04:29, Sys 0 00:00:19  -  Run Remote Usage
		Usr 0 00:00:00, Sys 0 00:00:00  -  Run Local Usage
		Usr 0 00:04:29, Sys 0 00:00:19  -  Total Remote Usage
		Usr 0 00:00:00, Sys 0 00:00:00  -  Total Local Usage
	55492  -  Run Bytes Sent By Job
	32727736  -  Run Bytes Received By Job
	55492  -  Total Bytes Sent By Job
	32727736  -  Total Bytes Received By Job
	Partitionable Resources :     Usage  Request Allocated 
	   Cpus                 :      0.99        1         1 
	   Disk (KB)            : 255231      524288   1208198 
	   IoHeavy              :                            0 
	   Memory (MB)          :    225         512       512 

	Job terminated of its own accord at 2023-08-03T14:15:36Z with exit-code 0.
...
