000 (11392341.005.000) 2023-08-03 09:09:59 Job submitted from host: <128.104.101.92:9618?addrs=128.104.101.92-9618+[2607-f388-107c-501-a236-9fff-fe3c-caa8]-9618&alias=submit2.chtc.wisc.edu&noUDP&sock=schedd_1879732_618e>
...
040 (11392341.005.000) 2023-08-03 09:10:24 Started transferring input files
	Transferring to host: <128.105.69.187:9618?addrs=128.105.69.187-9618+[2607-f388-2200-100-1270-fdff-fe56-b86c]-9618&alias=e4039.chtc.wisc.edu&noUDP&sock=slot1_8_3589331_2540_77127>
...
040 (11392341.005.000) 2023-08-03 09:10:27 Finished transferring input files
...
001 (11392341.005.000) 2023-08-03 09:10:28 Job executing on host: <128.105.69.187:9618?addrs=128.105.69.187-9618+[2607-f388-2200-100-1270-fdff-fe56-b86c]-9618&alias=e4039.chtc.wisc.edu&noUDP&sock=startd_15786_7621>
	SlotName: slot1_8@e4039.chtc.wisc.edu
	CondorScratchDir = "/var/lib/condor/execute/slot1/dir_3720823"
	Cpus = 1
	Disk = 1208198
	IoHeavy = 0
	Memory = 512
...
006 (11392341.005.000) 2023-08-03 09:10:36 Image size of job updated: 362108
	352  -  MemoryUsage of job (MB)
	359548  -  ResidentSetSize of job (KB)
...
006 (11392341.005.000) 2023-08-03 09:15:35 Image size of job updated: 524288
	366  -  MemoryUsage of job (MB)
	373884  -  ResidentSetSize of job (KB)
...
040 (11392341.005.000) 2023-08-03 09:15:35 Started transferring output files
...
040 (11392341.005.000) 2023-08-03 09:15:35 Finished transferring output files
...
005 (11392341.005.000) 2023-08-03 09:15:36 Job terminated.
	(1) Normal termination (return value 0)
		Usr 0 00:04:56, Sys 0 00:00:06  -  Run Remote Usage
		Usr 0 00:00:00, Sys 0 00:00:00  -  Run Local Usage
		Usr 0 00:04:56, Sys 0 00:00:06  -  Total Remote Usage
		Usr 0 00:00:00, Sys 0 00:00:00  -  Total Local Usage
	56955  -  Run Bytes Sent By Job
	32727736  -  Run Bytes Received By Job
	56955  -  Total Bytes Sent By Job
	32727736  -  Total Bytes Received By Job
	Partitionable Resources :     Usage  Request Allocated 
	   Cpus                 :      0.99        1         1 
	   Disk (KB)            : 256063      524288   1208198 
	   IoHeavy              :                            0 
	   Memory (MB)          :    366         512       512 

	Job terminated of its own accord at 2023-08-03T14:15:35Z with exit-code 0.
...
