000 (11392261.007.000) 2023-08-02 21:08:52 Job submitted from host: <128.104.101.92:9618?addrs=128.104.101.92-9618+[2607-f388-107c-501-a236-9fff-fe3c-caa8]-9618&alias=submit2.chtc.wisc.edu&noUDP&sock=schedd_1879732_618e>
...
040 (11392261.007.000) 2023-08-02 21:09:37 Started transferring input files
	Transferring to host: <128.105.69.151:9618?addrs=128.105.69.151-9618+[2607-f388-2200-100-1270-fdff-fe56-7334]-9618&alias=e4028.chtc.wisc.edu&noUDP&sock=slot1_114_466780_7c9f_74720>
...
040 (11392261.007.000) 2023-08-02 21:09:42 Finished transferring input files
...
001 (11392261.007.000) 2023-08-02 21:09:43 Job executing on host: <128.105.69.151:9618?addrs=128.105.69.151-9618+[2607-f388-2200-100-1270-fdff-fe56-7334]-9618&alias=e4028.chtc.wisc.edu&noUDP&sock=startd_15849_ac99>
	SlotName: slot1_114@e4028.chtc.wisc.edu
	CondorScratchDir = "/var/lib/condor/execute/slot1/dir_3337807"
	Cpus = 1
	Disk = 1208198
	IoHeavy = 0
	Memory = 512
...
006 (11392261.007.000) 2023-08-02 21:09:51 Image size of job updated: 276376
	270  -  MemoryUsage of job (MB)
	276376  -  ResidentSetSize of job (KB)
...
006 (11392261.007.000) 2023-08-02 21:14:51 Image size of job updated: 484632
	463  -  MemoryUsage of job (MB)
	473964  -  ResidentSetSize of job (KB)
...
006 (11392261.007.000) 2023-08-02 21:19:52 Image size of job updated: 496372
	485  -  MemoryUsage of job (MB)
	496372  -  ResidentSetSize of job (KB)
...
006 (11392261.007.000) 2023-08-02 21:24:52 Image size of job updated: 496548
	485  -  MemoryUsage of job (MB)
	496372  -  ResidentSetSize of job (KB)
...
006 (11392261.007.000) 2023-08-02 21:34:53 Image size of job updated: 496860
	486  -  MemoryUsage of job (MB)
	496740  -  ResidentSetSize of job (KB)
...
006 (11392261.007.000) 2023-08-02 21:39:54 Image size of job updated: 496996
	486  -  MemoryUsage of job (MB)
	496740  -  ResidentSetSize of job (KB)
...
