000 (11392261.018.000) 2023-08-02 21:08:52 Job submitted from host: <128.104.101.92:9618?addrs=128.104.101.92-9618+[2607-f388-107c-501-a236-9fff-fe3c-caa8]-9618&alias=submit2.chtc.wisc.edu&noUDP&sock=schedd_1879732_618e>
...
040 (11392261.018.000) 2023-08-02 21:09:59 Started transferring input files
	Transferring to host: <128.105.69.156:9618?addrs=128.105.69.156-9618+[2607-f388-2200-100-1270-fdff-fe56-45ec]-9618&alias=e4089.chtc.wisc.edu&noUDP&sock=slot1_124_809546_2451_67598>
...
040 (11392261.018.000) 2023-08-02 21:10:03 Finished transferring input files
...
001 (11392261.018.000) 2023-08-02 21:10:04 Job executing on host: <128.105.69.156:9618?addrs=128.105.69.156-9618+[2607-f388-2200-100-1270-fdff-fe56-45ec]-9618&alias=e4089.chtc.wisc.edu&noUDP&sock=startd_17196_9aab>
	SlotName: slot1_124@e4089.chtc.wisc.edu
	CondorScratchDir = "/var/lib/condor/execute/slot1/dir_3966724"
	Cpus = 1
	Disk = 1208198
	IoHeavy = 0
	Memory = 512
...
006 (11392261.018.000) 2023-08-02 21:10:12 Image size of job updated: 157980
	155  -  MemoryUsage of job (MB)
	157980  -  ResidentSetSize of job (KB)
...
006 (11392261.018.000) 2023-08-02 21:15:12 Image size of job updated: 433856
	422  -  MemoryUsage of job (MB)
	431776  -  ResidentSetSize of job (KB)
...
006 (11392261.018.000) 2023-08-02 21:20:12 Image size of job updated: 437216
	422  -  MemoryUsage of job (MB)
	431776  -  ResidentSetSize of job (KB)
...
006 (11392261.018.000) 2023-08-02 21:30:13 Image size of job updated: 439192
	429  -  MemoryUsage of job (MB)
	438816  -  ResidentSetSize of job (KB)
...
006 (11392261.018.000) 2023-08-02 21:35:13 Image size of job updated: 442648
	429  -  MemoryUsage of job (MB)
	438816  -  ResidentSetSize of job (KB)
...
040 (11392261.018.000) 2023-08-02 22:01:31 Started transferring output files
...
040 (11392261.018.000) 2023-08-02 22:01:31 Finished transferring output files
...
005 (11392261.018.000) 2023-08-02 22:01:31 Job terminated.
	(1) Normal termination (return value 0)
		Usr 0 00:50:19, Sys 0 00:00:20  -  Run Remote Usage
		Usr 0 00:00:00, Sys 0 00:00:00  -  Run Local Usage
		Usr 0 00:50:19, Sys 0 00:00:20  -  Total Remote Usage
		Usr 0 00:00:00, Sys 0 00:00:00  -  Total Local Usage
	57973  -  Run Bytes Sent By Job
	32727852  -  Run Bytes Received By Job
	57973  -  Total Bytes Sent By Job
	32727852  -  Total Bytes Received By Job
	Partitionable Resources :     Usage  Request Allocated 
	   Cpus                 :      0.99        1         1 
	   Disk (KB)            : 255819      524288   1208198 
	   IoHeavy              :                            0 
	   Memory (MB)          :    429         512       512 

	Job terminated of its own accord at 2023-08-03T03:01:30Z with exit-code 0.
...
