000 (11392336.094.000) 2023-08-03 08:17:14 Job submitted from host: <128.104.101.92:9618?addrs=128.104.101.92-9618+[2607-f388-107c-501-a236-9fff-fe3c-caa8]-9618&alias=submit2.chtc.wisc.edu&noUDP&sock=schedd_1879732_618e>
...
040 (11392336.094.000) 2023-08-03 08:17:38 Started transferring input files
	Transferring to host: <128.105.69.169:9618?addrs=128.105.69.169-9618+[2607-f388-2200-100-1270-fdff-fe56-710c]-9618&alias=e2552.chtc.wisc.edu&noUDP&sock=slot1_1_756208_b218_65686>
...
040 (11392336.094.000) 2023-08-03 08:17:39 Finished transferring input files
...
001 (11392336.094.000) 2023-08-03 08:17:40 Job executing on host: <128.105.69.169:9618?addrs=128.105.69.169-9618+[2607-f388-2200-100-1270-fdff-fe56-710c]-9618&alias=e2552.chtc.wisc.edu&noUDP&sock=startd_13465_72d1>
	SlotName: slot1_1@e2552.chtc.wisc.edu
	CondorScratchDir = "/var/lib/condor/execute/slot1/dir_2474115"
	Cpus = 1
	Disk = 1208198
	IoHeavy = 0
	Memory = 512
...
006 (11392336.094.000) 2023-08-03 08:17:49 Image size of job updated: 524288
	486  -  MemoryUsage of job (MB)
	496852  -  ResidentSetSize of job (KB)
...
006 (11392336.094.000) 2023-08-03 08:18:05 Image size of job updated: 524288
	488  -  MemoryUsage of job (MB)
	498900  -  ResidentSetSize of job (KB)
...
040 (11392336.094.000) 2023-08-03 08:18:05 Started transferring output files
...
040 (11392336.094.000) 2023-08-03 08:18:05 Finished transferring output files
...
005 (11392336.094.000) 2023-08-03 08:18:05 Job terminated.
	(1) Normal termination (return value 0)
		Usr 0 00:00:21, Sys 0 00:00:01  -  Run Remote Usage
		Usr 0 00:00:00, Sys 0 00:00:00  -  Run Local Usage
		Usr 0 00:00:21, Sys 0 00:00:01  -  Total Remote Usage
		Usr 0 00:00:00, Sys 0 00:00:00  -  Total Local Usage
	52981  -  Run Bytes Sent By Job
	32727852  -  Run Bytes Received By Job
	52981  -  Total Bytes Sent By Job
	32727852  -  Total Bytes Received By Job
	Partitionable Resources :    Usage  Request Allocated 
	   Cpus                 :                 1         1 
	   Disk (KB)            :   255220   524288   1208198 
	   IoHeavy              :                           0 
	   Memory (MB)          :      488      512       512 

	Job terminated of its own accord at 2023-08-03T13:18:05Z with exit-code 0.
...
