000 (11392261.083.000) 2023-08-02 21:08:53 Job submitted from host: <128.104.101.92:9618?addrs=128.104.101.92-9618+[2607-f388-107c-501-a236-9fff-fe3c-caa8]-9618&alias=submit2.chtc.wisc.edu&noUDP&sock=schedd_1879732_618e>
...
040 (11392261.083.000) 2023-08-02 21:10:09 Started transferring input files
	Transferring to host: <128.105.69.163:9618?addrs=128.105.69.163-9618+[2607-f388-2200-100-1270-fdff-fe56-c6f4]-9618&alias=e4096.chtc.wisc.edu&noUDP&sock=slot1_147_2295814_66e8_74366>
...
040 (11392261.083.000) 2023-08-02 21:10:14 Finished transferring input files
...
001 (11392261.083.000) 2023-08-02 21:10:15 Job executing on host: <128.105.69.163:9618?addrs=128.105.69.163-9618+[2607-f388-2200-100-1270-fdff-fe56-c6f4]-9618&alias=e4096.chtc.wisc.edu&noUDP&sock=startd_18840_405d>
	SlotName: slot1_147@e4096.chtc.wisc.edu
	CondorScratchDir = "/var/lib/condor/execute/slot1/dir_1217565"
	Cpus = 1
	Disk = 1208198
	IoHeavy = 0
	Memory = 512
...
006 (11392261.083.000) 2023-08-02 21:10:23 Image size of job updated: 225228
	220  -  MemoryUsage of job (MB)
	225228  -  ResidentSetSize of job (KB)
...
006 (11392261.083.000) 2023-08-02 21:12:07 Image size of job updated: 406824
	221  -  MemoryUsage of job (MB)
	225704  -  ResidentSetSize of job (KB)
...
040 (11392261.083.000) 2023-08-02 21:12:07 Started transferring output files
...
040 (11392261.083.000) 2023-08-02 21:12:07 Finished transferring output files
...
005 (11392261.083.000) 2023-08-02 21:12:07 Job terminated.
	(1) Normal termination (return value 0)
		Usr 0 00:01:41, Sys 0 00:00:07  -  Run Remote Usage
		Usr 0 00:00:00, Sys 0 00:00:00  -  Run Local Usage
		Usr 0 00:01:41, Sys 0 00:00:07  -  Total Remote Usage
		Usr 0 00:00:00, Sys 0 00:00:00  -  Total Local Usage
	57575  -  Run Bytes Sent By Job
	32727852  -  Run Bytes Received By Job
	57575  -  Total Bytes Sent By Job
	32727852  -  Total Bytes Received By Job
	Partitionable Resources :    Usage  Request Allocated 
	   Cpus                 :                 1         1 
	   Disk (KB)            :   255907   524288   1208198 
	   IoHeavy              :                           0 
	   Memory (MB)          :      221      512       512 

	Job terminated of its own accord at 2023-08-03T02:12:07Z with exit-code 0.
...
