000 (11174994.013.000) 2023-07-26 11:51:45 Job submitted from host: <128.104.101.92:9618?addrs=128.104.101.92-9618+[2607-f388-107c-501-a236-9fff-fe3c-caa8]-9618&alias=submit2.chtc.wisc.edu&noUDP&sock=schedd_1879732_618e>
...
040 (11174994.013.000) 2023-07-26 11:54:27 Started transferring input files
	Transferring to host: <128.105.69.180:9618?addrs=128.105.69.180-9618+[2607-f388-2200-100-1270-fdff-fe56-6844]-9618&alias=e2563.chtc.wisc.edu&noUDP&sock=slot1_32_1638361_4998_45825>
...
040 (11174994.013.000) 2023-07-26 11:54:29 Finished transferring input files
...
001 (11174994.013.000) 2023-07-26 11:54:31 Job executing on host: <128.105.69.180:9618?addrs=128.105.69.180-9618+[2607-f388-2200-100-1270-fdff-fe56-6844]-9618&alias=e2563.chtc.wisc.edu&noUDP&sock=startd_13448_c9b5>
	SlotName: slot1_32@e2563.chtc.wisc.edu
	CondorScratchDir = "/var/lib/condor/execute/slot1/dir_3660854"
	Cpus = 1
	Disk = 1208198
	IoHeavy = 0
	Memory = 512
...
006 (11174994.013.000) 2023-07-26 11:54:39 Image size of job updated: 521324
	494  -  MemoryUsage of job (MB)
	505204  -  ResidentSetSize of job (KB)
...
006 (11174994.013.000) 2023-07-26 11:59:39 Image size of job updated: 524288
	498  -  MemoryUsage of job (MB)
	509752  -  ResidentSetSize of job (KB)
...
006 (11174994.013.000) 2023-07-26 12:04:40 Image size of job updated: 524288
	499  -  MemoryUsage of job (MB)
	510792  -  ResidentSetSize of job (KB)
...
040 (11174994.013.000) 2023-07-26 12:13:01 Started transferring output files
...
040 (11174994.013.000) 2023-07-26 12:13:01 Finished transferring output files
...
005 (11174994.013.000) 2023-07-26 12:13:02 Job terminated.
	(1) Normal termination (return value 0)
		Usr 0 00:18:14, Sys 0 00:00:04  -  Run Remote Usage
		Usr 0 00:00:00, Sys 0 00:00:00  -  Run Local Usage
		Usr 0 00:18:14, Sys 0 00:00:04  -  Total Remote Usage
		Usr 0 00:00:00, Sys 0 00:00:00  -  Total Local Usage
	56991  -  Run Bytes Sent By Job
	32726248  -  Run Bytes Received By Job
	56991  -  Total Bytes Sent By Job
	32726248  -  Total Bytes Received By Job
	Partitionable Resources :     Usage  Request Allocated 
	   Cpus                 :      0.99        1         1 
	   Disk (KB)            : 255231      524288   1208198 
	   IoHeavy              :                            0 
	   Memory (MB)          :    499         512       512 

	Job terminated of its own accord at 2023-07-26T17:13:00Z with exit-code 0.
...
