000 (11143209.011.000) 2023-07-20 21:06:51 Job submitted from host: <128.104.101.92:9618?addrs=128.104.101.92-9618+[2607-f388-107c-501-a236-9fff-fe3c-caa8]-9618&alias=submit2.chtc.wisc.edu&noUDP&sock=schedd_1879732_618e>
...
040 (11143209.011.000) 2023-07-20 21:08:18 Started transferring input files
	Transferring to host: <128.105.69.145:9618?addrs=128.105.69.145-9618+[2607-f388-2200-100-1270-fdff-fe56-636c]-9618&alias=e4022.chtc.wisc.edu&noUDP&sock=slot1_218_4104173_e8c8_16239>
...
040 (11143209.011.000) 2023-07-20 21:08:21 Finished transferring input files
...
001 (11143209.011.000) 2023-07-20 21:08:22 Job executing on host: <128.105.69.145:9618?addrs=128.105.69.145-9618+[2607-f388-2200-100-1270-fdff-fe56-636c]-9618&alias=e4022.chtc.wisc.edu&noUDP&sock=startd_15926_7d64>
	SlotName: slot1_218@e4022.chtc.wisc.edu
	CondorScratchDir = "/var/lib/condor/execute/slot1/dir_377291"
	Cpus = 1
	Disk = 1208198
	IoHeavy = 0
	Memory = 512
...
006 (11143209.011.000) 2023-07-20 21:08:32 Image size of job updated: 382424
	353  -  MemoryUsage of job (MB)
	361348  -  ResidentSetSize of job (KB)
...
006 (11143209.011.000) 2023-07-20 21:13:32 Image size of job updated: 524288
	506  -  MemoryUsage of job (MB)
	517728  -  ResidentSetSize of job (KB)
...
040 (11143209.011.000) 2023-07-20 21:16:01 Started transferring output files
...
040 (11143209.011.000) 2023-07-20 21:16:01 Finished transferring output files
...
005 (11143209.011.000) 2023-07-20 21:16:01 Job terminated.
	(1) Normal termination (return value 0)
		Usr 0 00:07:22, Sys 0 00:00:09  -  Run Remote Usage
		Usr 0 00:00:00, Sys 0 00:00:00  -  Run Local Usage
		Usr 0 00:07:22, Sys 0 00:00:09  -  Total Remote Usage
		Usr 0 00:00:00, Sys 0 00:00:00  -  Total Local Usage
	57790  -  Run Bytes Sent By Job
	32725816  -  Run Bytes Received By Job
	57790  -  Total Bytes Sent By Job
	32725816  -  Total Bytes Received By Job
	Partitionable Resources :     Usage  Request Allocated 
	   Cpus                 :      0.99        1         1 
	   Disk (KB)            : 256096      524288   1208198 
	   IoHeavy              :                            0 
	   Memory (MB)          :    506         512       512 

	Job terminated of its own accord at 2023-07-21T02:16:00Z with exit-code 0.
...
