000 (11392336.091.000) 2023-08-03 08:17:14 Job submitted from host: <128.104.101.92:9618?addrs=128.104.101.92-9618+[2607-f388-107c-501-a236-9fff-fe3c-caa8]-9618&alias=submit2.chtc.wisc.edu&noUDP&sock=schedd_1879732_618e>
...
040 (11392336.091.000) 2023-08-03 08:17:38 Started transferring input files
	Transferring to host: <128.105.69.89:9618?addrs=128.105.69.89-9618+[2607-f388-2200-100-1270-fdff-fe56-41cc]-9618&alias=build4000.chtc.wisc.edu&noUDP&sock=slot3_2_2515835_19bb_66996>
...
040 (11392336.091.000) 2023-08-03 08:17:39 Finished transferring input files
...
001 (11392336.091.000) 2023-08-03 08:17:40 Job executing on host: <128.105.69.89:9618?addrs=128.105.69.89-9618+[2607-f388-2200-100-1270-fdff-fe56-41cc]-9618&alias=build4000.chtc.wisc.edu&noUDP&sock=startd_16084_dd5a>
	SlotName: slot3_2@build4000.chtc.wisc.edu
	CondorScratchDir = "/var/lib/condor/execute/slot3/dir_3111809"
	Cpus = 1
	Disk = 1208198
	IoHeavy = 0
	Memory = 512
...
006 (11392336.091.000) 2023-08-03 08:17:49 Image size of job updated: 524288
	501  -  MemoryUsage of job (MB)
	512880  -  ResidentSetSize of job (KB)
...
040 (11392336.091.000) 2023-08-03 08:18:14 Started transferring output files
...
040 (11392336.091.000) 2023-08-03 08:18:14 Finished transferring output files
...
005 (11392336.091.000) 2023-08-03 08:18:14 Job terminated.
	(1) Normal termination (return value 0)
		Usr 0 00:00:31, Sys 0 00:00:01  -  Run Remote Usage
		Usr 0 00:00:00, Sys 0 00:00:00  -  Run Local Usage
		Usr 0 00:00:31, Sys 0 00:00:01  -  Total Remote Usage
		Usr 0 00:00:00, Sys 0 00:00:00  -  Total Local Usage
	57508  -  Run Bytes Sent By Job
	32727852  -  Run Bytes Received By Job
	57508  -  Total Bytes Sent By Job
	32727852  -  Total Bytes Received By Job
	Partitionable Resources :    Usage  Request Allocated 
	   Cpus                 :                 1         1 
	   Disk (KB)            :   255225   524288   1208198 
	   IoHeavy              :                           0 
	   Memory (MB)          :      501      512       512 

	Job terminated of its own accord at 2023-08-03T13:18:14Z with exit-code 0.
...
