000 (11174826.016.000) 2023-07-25 19:31:08 Job submitted from host: <128.104.101.92:9618?addrs=128.104.101.92-9618+[2607-f388-107c-501-a236-9fff-fe3c-caa8]-9618&alias=submit2.chtc.wisc.edu&noUDP&sock=schedd_1879732_618e>
...
040 (11174826.016.000) 2023-07-25 19:32:57 Started transferring input files
	Transferring to host: <128.105.69.186:9618?addrs=128.105.69.186-9618+[2607-f388-2200-100-1270-fdff-fe56-c3b4]-9618&alias=e4038.chtc.wisc.edu&noUDP&sock=slot1_105_2795919_9db8_47268>
...
040 (11174826.016.000) 2023-07-25 19:33:00 Finished transferring input files
...
001 (11174826.016.000) 2023-07-25 19:33:01 Job executing on host: <128.105.69.186:9618?addrs=128.105.69.186-9618+[2607-f388-2200-100-1270-fdff-fe56-c3b4]-9618&alias=e4038.chtc.wisc.edu&noUDP&sock=startd_15951_a342>
	SlotName: slot1_105@e4038.chtc.wisc.edu
	CondorScratchDir = "/var/lib/condor/execute/slot1/dir_2181184"
	Cpus = 1
	Disk = 1208198
	IoHeavy = 0
	Memory = 512
...
006 (11174826.016.000) 2023-07-25 19:33:09 Image size of job updated: 419272
	388  -  MemoryUsage of job (MB)
	396436  -  ResidentSetSize of job (KB)
...
006 (11174826.016.000) 2023-07-25 19:36:06 Image size of job updated: 524288
	393  -  MemoryUsage of job (MB)
	401812  -  ResidentSetSize of job (KB)
...
040 (11174826.016.000) 2023-07-25 19:36:06 Started transferring output files
...
040 (11174826.016.000) 2023-07-25 19:36:06 Finished transferring output files
...
005 (11174826.016.000) 2023-07-25 19:36:06 Job terminated.
	(1) Normal termination (return value 0)
		Usr 0 00:02:58, Sys 0 00:00:03  -  Run Remote Usage
		Usr 0 00:00:00, Sys 0 00:00:00  -  Run Local Usage
		Usr 0 00:02:58, Sys 0 00:00:03  -  Total Remote Usage
		Usr 0 00:00:00, Sys 0 00:00:00  -  Total Local Usage
	57836  -  Run Bytes Sent By Job
	32725816  -  Run Bytes Received By Job
	57836  -  Total Bytes Sent By Job
	32725816  -  Total Bytes Received By Job
	Partitionable Resources :     Usage  Request Allocated 
	   Cpus                 :      0.98        1         1 
	   Disk (KB)            : 256398      524288   1208198 
	   IoHeavy              :                            0 
	   Memory (MB)          :    393         512       512 

	Job terminated of its own accord at 2023-07-26T00:36:06Z with exit-code 0.
...
