000 (11392341.083.000) 2023-08-03 09:09:59 Job submitted from host: <128.104.101.92:9618?addrs=128.104.101.92-9618+[2607-f388-107c-501-a236-9fff-fe3c-caa8]-9618&alias=submit2.chtc.wisc.edu&noUDP&sock=schedd_1879732_618e>
...
040 (11392341.083.000) 2023-08-03 09:10:34 Started transferring input files
	Transferring to host: <128.105.69.240:9618?addrs=128.105.69.240-9618+[2607-f388-2200-100-eaeb-d3ff-fe40-1544]-9618&alias=e2623.chtc.wisc.edu&noUDP&sock=slot1_1_69960_e616_73885>
...
040 (11392341.083.000) 2023-08-03 09:10:36 Finished transferring input files
...
001 (11392341.083.000) 2023-08-03 09:10:37 Job executing on host: <128.105.69.240:9618?addrs=128.105.69.240-9618+[2607-f388-2200-100-eaeb-d3ff-fe40-1544]-9618&alias=e2623.chtc.wisc.edu&noUDP&sock=startd_18675_133d>
	SlotName: slot1_1@e2623.chtc.wisc.edu
	CondorScratchDir = "/var/lib/condor/execute/slot1/dir_2541682"
	Cpus = 1
	Disk = 1458998
	IoHeavy = 0
	Memory = 512
...
006 (11392341.083.000) 2023-08-03 09:10:45 Image size of job updated: 510448
	470  -  MemoryUsage of job (MB)
	480632  -  ResidentSetSize of job (KB)
...
006 (11392341.083.000) 2023-08-03 09:11:09 Image size of job updated: 513176
	470  -  MemoryUsage of job (MB)
	481144  -  ResidentSetSize of job (KB)
...
040 (11392341.083.000) 2023-08-03 09:11:09 Started transferring output files
...
040 (11392341.083.000) 2023-08-03 09:11:09 Finished transferring output files
...
005 (11392341.083.000) 2023-08-03 09:11:09 Job terminated.
	(1) Normal termination (return value 0)
		Usr 0 00:00:29, Sys 0 00:00:01  -  Run Remote Usage
		Usr 0 00:00:00, Sys 0 00:00:00  -  Run Local Usage
		Usr 0 00:00:29, Sys 0 00:00:01  -  Total Remote Usage
		Usr 0 00:00:00, Sys 0 00:00:00  -  Total Local Usage
	52723  -  Run Bytes Sent By Job
	32727736  -  Run Bytes Received By Job
	52723  -  Total Bytes Sent By Job
	32727736  -  Total Bytes Received By Job
	Partitionable Resources :     Usage  Request Allocated 
	   Cpus                 :      0.29        1         1 
	   Disk (KB)            : 255229      524288   1458998 
	   IoHeavy              :                            0 
	   Memory (MB)          :    470         512       512 

	Job terminated of its own accord at 2023-08-03T14:11:09Z with exit-code 0.
...
