000 (11392336.071.000) 2023-08-03 08:17:14 Job submitted from host: <128.104.101.92:9618?addrs=128.104.101.92-9618+[2607-f388-107c-501-a236-9fff-fe3c-caa8]-9618&alias=submit2.chtc.wisc.edu&noUDP&sock=schedd_1879732_618e>
...
040 (11392336.071.000) 2023-08-03 08:17:36 Started transferring input files
	Transferring to host: <128.105.69.100:9618?addrs=128.105.69.100-9618+[2607-f388-2200-100-1270-fdff-fe56-4634]-9618&alias=e4011.chtc.wisc.edu&noUDP&sock=slot1_5_3570163_8e35_71891>
...
040 (11392336.071.000) 2023-08-03 08:17:38 Finished transferring input files
...
001 (11392336.071.000) 2023-08-03 08:17:39 Job executing on host: <128.105.69.100:9618?addrs=128.105.69.100-9618+[2607-f388-2200-100-1270-fdff-fe56-4634]-9618&alias=e4011.chtc.wisc.edu&noUDP&sock=startd_15799_60dc>
	SlotName: slot1_5@e4011.chtc.wisc.edu
	CondorScratchDir = "/var/lib/condor/execute/slot1/dir_1129104"
	Cpus = 1
	Disk = 1208198
	IoHeavy = 0
	Memory = 512
...
006 (11392336.071.000) 2023-08-03 08:17:47 Image size of job updated: 393772
	276  -  MemoryUsage of job (MB)
	282064  -  ResidentSetSize of job (KB)
...
006 (11392336.071.000) 2023-08-03 08:19:43 Image size of job updated: 524288
	278  -  MemoryUsage of job (MB)
	284624  -  ResidentSetSize of job (KB)
...
040 (11392336.071.000) 2023-08-03 08:19:43 Started transferring output files
...
040 (11392336.071.000) 2023-08-03 08:19:43 Finished transferring output files
...
005 (11392336.071.000) 2023-08-03 08:19:43 Job terminated.
	(1) Normal termination (return value 0)
		Usr 0 00:01:59, Sys 0 00:00:03  -  Run Remote Usage
		Usr 0 00:00:00, Sys 0 00:00:00  -  Run Local Usage
		Usr 0 00:01:59, Sys 0 00:00:03  -  Total Remote Usage
		Usr 0 00:00:00, Sys 0 00:00:00  -  Total Local Usage
	58168  -  Run Bytes Sent By Job
	32727852  -  Run Bytes Received By Job
	58168  -  Total Bytes Sent By Job
	32727852  -  Total Bytes Received By Job
	Partitionable Resources :    Usage  Request Allocated 
	   Cpus                 :                 1         1 
	   Disk (KB)            :   255225   524288   1208198 
	   IoHeavy              :                           0 
	   Memory (MB)          :      278      512       512 

	Job terminated of its own accord at 2023-08-03T13:19:43Z with exit-code 0.
...
