000 (11139883.097.000) 2023-07-20 06:17:26 Job submitted from host: <128.104.101.92:9618?addrs=128.104.101.92-9618+[2607-f388-107c-501-a236-9fff-fe3c-caa8]-9618&alias=submit2.chtc.wisc.edu&noUDP&sock=schedd_1879732_618e>
...
040 (11139883.097.000) 2023-07-20 06:20:47 Started transferring input files
	Transferring to host: <128.105.69.242:9618?addrs=128.105.69.242-9618+[2607-f388-2200-100-eaeb-d3ff-fe40-111c]-9618&alias=e2625.chtc.wisc.edu&noUDP&sock=slot1_55_3544121_9c52_14788>
...
040 (11139883.097.000) 2023-07-20 06:20:48 Finished transferring input files
...
001 (11139883.097.000) 2023-07-20 06:20:49 Job executing on host: <128.105.69.242:9618?addrs=128.105.69.242-9618+[2607-f388-2200-100-eaeb-d3ff-fe40-111c]-9618&alias=e2625.chtc.wisc.edu&noUDP&sock=startd_18594_8411>
	SlotName: slot1_55@e2625.chtc.wisc.edu
	CondorScratchDir = "/var/lib/condor/execute/slot1/dir_682538"
	Cpus = 1
	Disk = 1458998
	IoHeavy = 0
	Memory = 512
...
006 (11139883.097.000) 2023-07-20 06:20:58 Image size of job updated: 441640
	424  -  MemoryUsage of job (MB)
	433832  -  ResidentSetSize of job (KB)
...
006 (11139883.097.000) 2023-07-20 06:25:58 Image size of job updated: 524288
	486  -  MemoryUsage of job (MB)
	497344  -  ResidentSetSize of job (KB)
...
006 (11139883.097.000) 2023-07-20 06:30:58 Image size of job updated: 524288
	497  -  MemoryUsage of job (MB)
	507908  -  ResidentSetSize of job (KB)
...
040 (11139883.097.000) 2023-07-20 06:43:01 Started transferring output files
...
040 (11139883.097.000) 2023-07-20 06:43:01 Finished transferring output files
...
005 (11139883.097.000) 2023-07-20 06:43:01 Job terminated.
	(1) Normal termination (return value 0)
		Usr 0 00:21:52, Sys 0 00:00:03  -  Run Remote Usage
		Usr 0 00:00:00, Sys 0 00:00:00  -  Run Local Usage
		Usr 0 00:21:52, Sys 0 00:00:03  -  Total Remote Usage
		Usr 0 00:00:00, Sys 0 00:00:00  -  Total Local Usage
	57851  -  Run Bytes Sent By Job
	32725918  -  Run Bytes Received By Job
	57851  -  Total Bytes Sent By Job
	32725918  -  Total Bytes Received By Job
	Partitionable Resources :     Usage  Request Allocated 
	   Cpus                 :      0.99        1         1 
	   Disk (KB)            : 255231      524288   1458998 
	   IoHeavy              :                            0 
	   Memory (MB)          :    497         512       512 

	Job terminated of its own accord at 2023-07-20T11:43:01Z with exit-code 0.
...
