000 (11139883.048.000) 2023-07-20 06:17:26 Job submitted from host: <128.104.101.92:9618?addrs=128.104.101.92-9618+[2607-f388-107c-501-a236-9fff-fe3c-caa8]-9618&alias=submit2.chtc.wisc.edu&noUDP&sock=schedd_1879732_618e>
...
040 (11139883.048.000) 2023-07-20 06:20:48 Started transferring input files
	Transferring to host: <128.105.69.239:9618?addrs=128.105.69.239-9618+[2607-f388-2200-100-eaeb-d3ff-fe40-2314]-9618&alias=e2622.chtc.wisc.edu&noUDP&sock=slot1_28_2033188_a070_32392>
...
040 (11139883.048.000) 2023-07-20 06:20:50 Finished transferring input files
...
001 (11139883.048.000) 2023-07-20 06:20:51 Job executing on host: <128.105.69.239:9618?addrs=128.105.69.239-9618+[2607-f388-2200-100-eaeb-d3ff-fe40-2314]-9618&alias=e2622.chtc.wisc.edu&noUDP&sock=startd_19126_6c73>
	SlotName: slot1_28@e2622.chtc.wisc.edu
	CondorScratchDir = "/var/lib/condor/execute/slot1/dir_1403021"
	Cpus = 1
	Disk = 1458998
	IoHeavy = 0
	Memory = 512
...
006 (11139883.048.000) 2023-07-20 06:20:59 Image size of job updated: 382320
	324  -  MemoryUsage of job (MB)
	330920  -  ResidentSetSize of job (KB)
...
006 (11139883.048.000) 2023-07-20 06:25:59 Image size of job updated: 524288
	509  -  MemoryUsage of job (MB)
	521084  -  ResidentSetSize of job (KB)
...
040 (11139883.048.000) 2023-07-20 06:28:29 Started transferring output files
...
040 (11139883.048.000) 2023-07-20 06:28:29 Finished transferring output files
...
005 (11139883.048.000) 2023-07-20 06:28:49 Job terminated.
	(1) Normal termination (return value 0)
		Usr 0 00:07:27, Sys 0 00:00:03  -  Run Remote Usage
		Usr 0 00:00:00, Sys 0 00:00:00  -  Run Local Usage
		Usr 0 00:07:27, Sys 0 00:00:03  -  Total Remote Usage
		Usr 0 00:00:00, Sys 0 00:00:00  -  Total Local Usage
	57983  -  Run Bytes Sent By Job
	32725918  -  Run Bytes Received By Job
	57983  -  Total Bytes Sent By Job
	32725918  -  Total Bytes Received By Job
	Partitionable Resources :     Usage  Request Allocated 
	   Cpus                 :      0.99        1         1 
	   Disk (KB)            : 256399      524288   1458998 
	   IoHeavy              :                            0 
	   Memory (MB)          :    509         512       512 

	Job terminated of its own accord at 2023-07-20T11:28:29Z with exit-code 0.
...
