000 (11174826.039.000) 2023-07-25 19:31:08 Job submitted from host: <128.104.101.92:9618?addrs=128.104.101.92-9618+[2607-f388-107c-501-a236-9fff-fe3c-caa8]-9618&alias=submit2.chtc.wisc.edu&noUDP&sock=schedd_1879732_618e>
...
040 (11174826.039.000) 2023-07-25 19:32:59 Started transferring input files
	Transferring to host: <128.105.69.178:9618?addrs=128.105.69.178-9618+[2607-f388-2200-100-1270-fdff-fe56-c31c]-9618&alias=e2561.chtc.wisc.edu&noUDP&sock=slot1_238_3305409_6966_49233>
...
040 (11174826.039.000) 2023-07-25 19:33:02 Finished transferring input files
...
001 (11174826.039.000) 2023-07-25 19:33:03 Job executing on host: <128.105.69.178:9618?addrs=128.105.69.178-9618+[2607-f388-2200-100-1270-fdff-fe56-c31c]-9618&alias=e2561.chtc.wisc.edu&noUDP&sock=startd_13913_bd3e>
	SlotName: slot1_238@e2561.chtc.wisc.edu
	CondorScratchDir = "/var/lib/condor/execute/slot1/dir_368228"
	Cpus = 1
	Disk = 1208198
	IoHeavy = 0
	Memory = 512
...
006 (11174826.039.000) 2023-07-25 19:33:11 Image size of job updated: 381876
	351  -  MemoryUsage of job (MB)
	359400  -  ResidentSetSize of job (KB)
...
006 (11174826.039.000) 2023-07-25 19:36:13 Image size of job updated: 523036
	352  -  MemoryUsage of job (MB)
	360424  -  ResidentSetSize of job (KB)
...
040 (11174826.039.000) 2023-07-25 19:36:13 Started transferring output files
...
040 (11174826.039.000) 2023-07-25 19:36:13 Finished transferring output files
...
005 (11174826.039.000) 2023-07-25 19:36:13 Job terminated.
	(1) Normal termination (return value 0)
		Usr 0 00:03:03, Sys 0 00:00:03  -  Run Remote Usage
		Usr 0 00:00:00, Sys 0 00:00:00  -  Run Local Usage
		Usr 0 00:03:03, Sys 0 00:00:03  -  Total Remote Usage
		Usr 0 00:00:00, Sys 0 00:00:00  -  Total Local Usage
	57106  -  Run Bytes Sent By Job
	32725816  -  Run Bytes Received By Job
	57106  -  Total Bytes Sent By Job
	32725816  -  Total Bytes Received By Job
	Partitionable Resources :     Usage  Request Allocated 
	   Cpus                 :      0.97        1         1 
	   Disk (KB)            : 256376      524288   1208198 
	   IoHeavy              :                            0 
	   Memory (MB)          :    352         512       512 

	Job terminated of its own accord at 2023-07-26T00:36:13Z with exit-code 0.
...
