000 (11139883.132.000) 2023-07-20 06:17:26 Job submitted from host: <128.104.101.92:9618?addrs=128.104.101.92-9618+[2607-f388-107c-501-a236-9fff-fe3c-caa8]-9618&alias=submit2.chtc.wisc.edu&noUDP&sock=schedd_1879732_618e>
...
040 (11139883.132.000) 2023-07-20 06:20:50 Started transferring input files
	Transferring to host: <128.105.69.121:9618?addrs=128.105.69.121-9618+[2607-f388-2200-100-1270-fdff-fe56-672c]-9618&alias=e4070.chtc.wisc.edu&noUDP&sock=slot1_72_3104173_71ef_13848>
...
040 (11139883.132.000) 2023-07-20 06:20:52 Finished transferring input files
...
001 (11139883.132.000) 2023-07-20 06:20:53 Job executing on host: <128.105.69.121:9618?addrs=128.105.69.121-9618+[2607-f388-2200-100-1270-fdff-fe56-672c]-9618&alias=e4070.chtc.wisc.edu&noUDP&sock=startd_17133_6433>
	SlotName: slot1_72@e4070.chtc.wisc.edu
	CondorScratchDir = "/var/lib/condor/execute/slot1/dir_2776654"
	Cpus = 1
	Disk = 1208198
	IoHeavy = 0
	Memory = 512
...
006 (11139883.132.000) 2023-07-20 06:21:02 Image size of job updated: 516340
	505  -  MemoryUsage of job (MB)
	516340  -  ResidentSetSize of job (KB)
...
006 (11139883.132.000) 2023-07-20 06:23:00 Image size of job updated: 524288
	505  -  MemoryUsage of job (MB)
	516340  -  ResidentSetSize of job (KB)
...
040 (11139883.132.000) 2023-07-20 06:23:00 Started transferring output files
...
040 (11139883.132.000) 2023-07-20 06:23:00 Finished transferring output files
...
005 (11139883.132.000) 2023-07-20 06:23:00 Job terminated.
	(1) Normal termination (return value 0)
		Usr 0 00:02:01, Sys 0 00:00:01  -  Run Remote Usage
		Usr 0 00:00:00, Sys 0 00:00:00  -  Run Local Usage
		Usr 0 00:02:01, Sys 0 00:00:01  -  Total Remote Usage
		Usr 0 00:00:00, Sys 0 00:00:00  -  Total Local Usage
	57163  -  Run Bytes Sent By Job
	32725918  -  Run Bytes Received By Job
	57163  -  Total Bytes Sent By Job
	32725918  -  Total Bytes Received By Job
	Partitionable Resources :     Usage  Request Allocated 
	   Cpus                 :      0.99        1         1 
	   Disk (KB)            : 255231      524288   1208198 
	   IoHeavy              :                            0 
	   Memory (MB)          :    505         512       512 

	Job terminated of its own accord at 2023-07-20T11:23:00Z with exit-code 0.
...
