000 (11139883.104.000) 2023-07-20 06:17:26 Job submitted from host: <128.104.101.92:9618?addrs=128.104.101.92-9618+[2607-f388-107c-501-a236-9fff-fe3c-caa8]-9618&alias=submit2.chtc.wisc.edu&noUDP&sock=schedd_1879732_618e>
...
040 (11139883.104.000) 2023-07-20 06:20:58 Started transferring input files
	Transferring to host: <128.105.69.116:9618?addrs=128.105.69.116-9618+[2607-f388-2200-100-1270-fdff-fe56-ccbc]-9618&alias=e4065.chtc.wisc.edu&noUDP&sock=slot1_90_1403375_6485_21727>
...
040 (11139883.104.000) 2023-07-20 06:21:00 Finished transferring input files
...
001 (11139883.104.000) 2023-07-20 06:21:01 Job executing on host: <128.105.69.116:9618?addrs=128.105.69.116-9618+[2607-f388-2200-100-1270-fdff-fe56-ccbc]-9618&alias=e4065.chtc.wisc.edu&noUDP&sock=startd_16975_043d>
	SlotName: slot1_90@e4065.chtc.wisc.edu
	CondorScratchDir = "/var/lib/condor/execute/slot1/dir_1344562"
	Cpus = 1
	Disk = 1208198
	IoHeavy = 0
	Memory = 512
...
006 (11139883.104.000) 2023-07-20 06:21:10 Image size of job updated: 381332
	370  -  MemoryUsage of job (MB)
	377940  -  ResidentSetSize of job (KB)
...
006 (11139883.104.000) 2023-07-20 06:26:11 Image size of job updated: 524288
	472  -  MemoryUsage of job (MB)
	482584  -  ResidentSetSize of job (KB)
...
006 (11139883.104.000) 2023-07-20 06:31:12 Image size of job updated: 524288
	473  -  MemoryUsage of job (MB)
	484000  -  ResidentSetSize of job (KB)
...
006 (11139883.104.000) 2023-07-20 06:46:14 Image size of job updated: 524288
	495  -  MemoryUsage of job (MB)
	506488  -  ResidentSetSize of job (KB)
...
