000 (11392336.009.000) 2023-08-03 08:17:13 Job submitted from host: <128.104.101.92:9618?addrs=128.104.101.92-9618+[2607-f388-107c-501-a236-9fff-fe3c-caa8]-9618&alias=submit2.chtc.wisc.edu&noUDP&sock=schedd_1879732_618e>
...
040 (11392336.009.000) 2023-08-03 08:17:29 Started transferring input files
	Transferring to host: <128.105.69.139:9618?addrs=128.105.69.139-9618+[2607-f388-2200-100-1270-fdff-fe56-79fc]-9618&alias=e4016.chtc.wisc.edu&noUDP&sock=slot1_19_1794997_84fa_75538>
...
040 (11392336.009.000) 2023-08-03 08:17:33 Finished transferring input files
...
001 (11392336.009.000) 2023-08-03 08:17:34 Job executing on host: <128.105.69.139:9618?addrs=128.105.69.139-9618+[2607-f388-2200-100-1270-fdff-fe56-79fc]-9618&alias=e4016.chtc.wisc.edu&noUDP&sock=startd_15800_1075>
	SlotName: slot1_19@e4016.chtc.wisc.edu
	CondorScratchDir = "/var/lib/condor/execute/slot1/dir_2288472"
	Cpus = 1
	Disk = 1208198
	IoHeavy = 0
	Memory = 512
...
006 (11392336.009.000) 2023-08-03 08:17:42 Image size of job updated: 283232
	233  -  MemoryUsage of job (MB)
	237960  -  ResidentSetSize of job (KB)
...
006 (11392336.009.000) 2023-08-03 08:21:48 Image size of job updated: 430576
	233  -  MemoryUsage of job (MB)
	238256  -  ResidentSetSize of job (KB)
...
040 (11392336.009.000) 2023-08-03 08:21:48 Started transferring output files
...
040 (11392336.009.000) 2023-08-03 08:21:48 Finished transferring output files
...
005 (11392336.009.000) 2023-08-03 08:21:48 Job terminated.
	(1) Normal termination (return value 0)
		Usr 0 00:04:05, Sys 0 00:00:04  -  Run Remote Usage
		Usr 0 00:00:00, Sys 0 00:00:00  -  Run Local Usage
		Usr 0 00:04:05, Sys 0 00:00:04  -  Total Remote Usage
		Usr 0 00:00:00, Sys 0 00:00:00  -  Total Local Usage
	57999  -  Run Bytes Sent By Job
	32727852  -  Run Bytes Received By Job
	57999  -  Total Bytes Sent By Job
	32727852  -  Total Bytes Received By Job
	Partitionable Resources :     Usage  Request Allocated 
	   Cpus                 :      0.75        1         1 
	   Disk (KB)            : 256117      524288   1208198 
	   IoHeavy              :                            0 
	   Memory (MB)          :    233         512       512 

	Job terminated of its own accord at 2023-08-03T13:21:48Z with exit-code 0.
...
