000 (11139883.165.000) 2023-07-20 06:17:26 Job submitted from host: <128.104.101.92:9618?addrs=128.104.101.92-9618+[2607-f388-107c-501-a236-9fff-fe3c-caa8]-9618&alias=submit2.chtc.wisc.edu&noUDP&sock=schedd_1879732_618e>
...
040 (11139883.165.000) 2023-07-20 06:20:53 Started transferring input files
	Transferring to host: <128.105.69.162:9618?addrs=128.105.69.162-9618+[2607-f388-2200-100-1270-fdff-fe56-bd0c]-9618&alias=e4095.chtc.wisc.edu&noUDP&sock=slot1_86_3408026_5f13_27186>
...
040 (11139883.165.000) 2023-07-20 06:20:55 Finished transferring input files
...
001 (11139883.165.000) 2023-07-20 06:20:56 Job executing on host: <128.105.69.162:9618?addrs=128.105.69.162-9618+[2607-f388-2200-100-1270-fdff-fe56-bd0c]-9618&alias=e4095.chtc.wisc.edu&noUDP&sock=startd_17175_332e>
	SlotName: slot1_86@e4095.chtc.wisc.edu
	CondorScratchDir = "/var/lib/condor/execute/slot1/dir_2080284"
	Cpus = 1
	Disk = 1208198
	IoHeavy = 0
	Memory = 512
...
006 (11139883.165.000) 2023-07-20 06:21:05 Image size of job updated: 383384
	371  -  MemoryUsage of job (MB)
	379792  -  ResidentSetSize of job (KB)
...
006 (11139883.165.000) 2023-07-20 06:22:53 Image size of job updated: 518836
	373  -  MemoryUsage of job (MB)
	381068  -  ResidentSetSize of job (KB)
...
040 (11139883.165.000) 2023-07-20 06:22:53 Started transferring output files
...
040 (11139883.165.000) 2023-07-20 06:22:53 Finished transferring output files
...
005 (11139883.165.000) 2023-07-20 06:22:53 Job terminated.
	(1) Normal termination (return value 0)
		Usr 0 00:01:51, Sys 0 00:00:02  -  Run Remote Usage
		Usr 0 00:00:00, Sys 0 00:00:00  -  Run Local Usage
		Usr 0 00:01:51, Sys 0 00:00:02  -  Total Remote Usage
		Usr 0 00:00:00, Sys 0 00:00:00  -  Total Local Usage
	57471  -  Run Bytes Sent By Job
	32725918  -  Run Bytes Received By Job
	57471  -  Total Bytes Sent By Job
	32725918  -  Total Bytes Received By Job
	Partitionable Resources :     Usage  Request Allocated 
	   Cpus                 :      0.91        1         1 
	   Disk (KB)            : 255231      524288   1208198 
	   IoHeavy              :                            0 
	   Memory (MB)          :    373         512       512 

	Job terminated of its own accord at 2023-07-20T11:22:53Z with exit-code 0.
...
