000 (11174994.008.000) 2023-07-26 11:51:45 Job submitted from host: <128.104.101.92:9618?addrs=128.104.101.92-9618+[2607-f388-107c-501-a236-9fff-fe3c-caa8]-9618&alias=submit2.chtc.wisc.edu&noUDP&sock=schedd_1879732_618e>
...
040 (11174994.008.000) 2023-07-26 11:54:23 Started transferring input files
	Transferring to host: <128.105.69.189:9618?addrs=128.105.69.189-9618+[2607-f388-2200-100-1270-fdff-fe56-644c]-9618&alias=e4042.chtc.wisc.edu&noUDP&sock=slot1_69_2084910_7467_34328>
...
040 (11174994.008.000) 2023-07-26 11:54:25 Finished transferring input files
...
001 (11174994.008.000) 2023-07-26 11:54:27 Job executing on host: <128.105.69.189:9618?addrs=128.105.69.189-9618+[2607-f388-2200-100-1270-fdff-fe56-644c]-9618&alias=e4042.chtc.wisc.edu&noUDP&sock=startd_15959_2004>
	SlotName: slot1_69@e4042.chtc.wisc.edu
	CondorScratchDir = "/var/lib/condor/execute/slot1/dir_3344566"
	Cpus = 1
	Disk = 1208198
	IoHeavy = 0
	Memory = 512
...
006 (11174994.008.000) 2023-07-26 11:54:36 Image size of job updated: 383208
	267  -  MemoryUsage of job (MB)
	272856  -  ResidentSetSize of job (KB)
...
006 (11174994.008.000) 2023-07-26 11:56:31 Image size of job updated: 517848
	269  -  MemoryUsage of job (MB)
	275160  -  ResidentSetSize of job (KB)
...
040 (11174994.008.000) 2023-07-26 11:56:31 Started transferring output files
...
040 (11174994.008.000) 2023-07-26 11:56:31 Finished transferring output files
...
005 (11174994.008.000) 2023-07-26 11:56:31 Job terminated.
	(1) Normal termination (return value 0)
		Usr 0 00:01:57, Sys 0 00:00:02  -  Run Remote Usage
		Usr 0 00:00:00, Sys 0 00:00:00  -  Run Local Usage
		Usr 0 00:01:57, Sys 0 00:00:02  -  Total Remote Usage
		Usr 0 00:00:00, Sys 0 00:00:00  -  Total Local Usage
	56152  -  Run Bytes Sent By Job
	32726248  -  Run Bytes Received By Job
	56152  -  Total Bytes Sent By Job
	32726248  -  Total Bytes Received By Job
	Partitionable Resources :    Usage  Request Allocated 
	   Cpus                 :                 1         1 
	   Disk (KB)            :   255221   524288   1208198 
	   IoHeavy              :                           0 
	   Memory (MB)          :      269      512       512 

	Job terminated of its own accord at 2023-07-26T16:56:31Z with exit-code 0.
...
