000 (11139883.021.000) 2023-07-20 06:17:26 Job submitted from host: <128.104.101.92:9618?addrs=128.104.101.92-9618+[2607-f388-107c-501-a236-9fff-fe3c-caa8]-9618&alias=submit2.chtc.wisc.edu&noUDP&sock=schedd_1879732_618e>
...
040 (11139883.021.000) 2023-07-20 06:20:35 Started transferring input files
	Transferring to host: <128.105.69.219:9618?addrs=128.105.69.219-9618&alias=e2602.chtc.wisc.edu&noUDP&sock=slot1_178_2200493_2263_19550>
...
040 (11139883.021.000) 2023-07-20 06:20:39 Finished transferring input files
...
001 (11139883.021.000) 2023-07-20 06:20:40 Job executing on host: <128.105.69.219:9618?addrs=128.105.69.219-9618&alias=e2602.chtc.wisc.edu&noUDP&sock=startd_18812_0bb7>
	SlotName: slot1_178@e2602.chtc.wisc.edu
	CondorScratchDir = "/var/lib/condor/execute/slot1/dir_726695"
	Cpus = 1
	Disk = 1458998
	IoHeavy = 0
	Memory = 512
...
006 (11139883.021.000) 2023-07-20 06:20:48 Image size of job updated: 380916
	372  -  MemoryUsage of job (MB)
	380456  -  ResidentSetSize of job (KB)
...
006 (11139883.021.000) 2023-07-20 06:25:48 Image size of job updated: 524288
	510  -  MemoryUsage of job (MB)
	521724  -  ResidentSetSize of job (KB)
...
006 (11139883.021.000) 2023-07-20 06:55:51 Image size of job updated: 524288
	511  -  MemoryUsage of job (MB)
	522488  -  ResidentSetSize of job (KB)
...
006 (11139883.021.000) 2023-07-20 07:05:52 Image size of job updated: 524288
	512  -  MemoryUsage of job (MB)
	524156  -  ResidentSetSize of job (KB)
...
006 (11139883.021.000) 2023-07-20 07:10:53 Image size of job updated: 524288
	512  -  MemoryUsage of job (MB)
	524248  -  ResidentSetSize of job (KB)
...
