000 (11392341.058.000) 2023-08-03 09:09:59 Job submitted from host: <128.104.101.92:9618?addrs=128.104.101.92-9618+[2607-f388-107c-501-a236-9fff-fe3c-caa8]-9618&alias=submit2.chtc.wisc.edu&noUDP&sock=schedd_1879732_618e>
...
040 (11392341.058.000) 2023-08-03 09:10:31 Started transferring input files
	Transferring to host: <128.105.69.175:9618?addrs=128.105.69.175-9618+[2607-f388-2200-100-1270-fdff-fe56-63d4]-9618&alias=e2558.chtc.wisc.edu&noUDP&sock=slot1_3_2375588_66d4_77563>
...
040 (11392341.058.000) 2023-08-03 09:10:33 Finished transferring input files
...
001 (11392341.058.000) 2023-08-03 09:10:34 Job executing on host: <128.105.69.175:9618?addrs=128.105.69.175-9618+[2607-f388-2200-100-1270-fdff-fe56-63d4]-9618&alias=e2558.chtc.wisc.edu&noUDP&sock=startd_13980_b217>
	SlotName: slot1_3@e2558.chtc.wisc.edu
	CondorScratchDir = "/var/lib/condor/execute/slot1/dir_1840295"
	Cpus = 1
	Disk = 1208198
	IoHeavy = 0
	Memory = 512
...
006 (11392341.058.000) 2023-08-03 09:10:43 Image size of job updated: 516852
	505  -  MemoryUsage of job (MB)
	516848  -  ResidentSetSize of job (KB)
...
006 (11392341.058.000) 2023-08-03 09:12:00 Image size of job updated: 523904
	505  -  MemoryUsage of job (MB)
	516848  -  ResidentSetSize of job (KB)
...
040 (11392341.058.000) 2023-08-03 09:12:00 Started transferring output files
...
040 (11392341.058.000) 2023-08-03 09:12:00 Finished transferring output files
...
005 (11392341.058.000) 2023-08-03 09:12:00 Job terminated.
	(1) Normal termination (return value 0)
		Usr 0 00:01:22, Sys 0 00:00:01  -  Run Remote Usage
		Usr 0 00:00:00, Sys 0 00:00:00  -  Run Local Usage
		Usr 0 00:01:22, Sys 0 00:00:01  -  Total Remote Usage
		Usr 0 00:00:00, Sys 0 00:00:00  -  Total Local Usage
	57999  -  Run Bytes Sent By Job
	32727736  -  Run Bytes Received By Job
	57999  -  Total Bytes Sent By Job
	32727736  -  Total Bytes Received By Job
	Partitionable Resources :    Usage  Request Allocated 
	   Cpus                 :                 1         1 
	   Disk (KB)            :   255225   524288   1208198 
	   IoHeavy              :                           0 
	   Memory (MB)          :      505      512       512 

	Job terminated of its own accord at 2023-08-03T14:12:00Z with exit-code 0.
...
