000 (11139874.002.000) 2023-07-20 03:16:35 Job submitted from host: <128.104.101.92:9618?addrs=128.104.101.92-9618+[2607-f388-107c-501-a236-9fff-fe3c-caa8]-9618&alias=submit2.chtc.wisc.edu&noUDP&sock=schedd_1879732_618e>
...
040 (11139874.002.000) 2023-07-20 03:21:05 Started transferring input files
	Transferring to host: <128.105.69.192:9618?addrs=128.105.69.192-9618+[2607-f388-2200-100-1270-fdff-fe56-bc04]-9618&alias=build4002.chtc.wisc.edu&noUDP&sock=interactive2_1_862941_bfec_19377>
...
040 (11139874.002.000) 2023-07-20 03:21:07 Finished transferring input files
...
001 (11139874.002.000) 2023-07-20 03:21:08 Job executing on host: <128.105.69.192:9618?addrs=128.105.69.192-9618+[2607-f388-2200-100-1270-fdff-fe56-bc04]-9618&alias=build4002.chtc.wisc.edu&noUDP&sock=startd_15801_c00d>
	SlotName: interactive2_1@build4002.chtc.wisc.edu
	CondorScratchDir = "/var/lib/condor/execute/slot2/dir_367276"
	Cpus = 1
	Disk = 1208198
	IoHeavy = 0
	Memory = 512
...
006 (11139874.002.000) 2023-07-20 03:21:18 Image size of job updated: 1000
	1  -  MemoryUsage of job (MB)
	208  -  ResidentSetSize of job (KB)
...
040 (11139874.002.000) 2023-07-20 03:24:10 Started transferring output files
...
040 (11139874.002.000) 2023-07-20 03:24:10 Finished transferring output files
...
005 (11139874.002.000) 2023-07-20 03:24:11 Job terminated.
	(1) Normal termination (return value 0)
		Usr 0 00:00:00, Sys 0 00:00:00  -  Run Remote Usage
		Usr 0 00:00:00, Sys 0 00:00:00  -  Run Local Usage
		Usr 0 00:00:00, Sys 0 00:00:00  -  Total Remote Usage
		Usr 0 00:00:00, Sys 0 00:00:00  -  Total Local Usage
	0  -  Run Bytes Sent By Job
	32724784  -  Run Bytes Received By Job
	0  -  Total Bytes Sent By Job
	32724784  -  Total Bytes Received By Job
	Partitionable Resources :    Usage  Request Allocated 
	   Cpus                 :        0        1         1 
	   Disk (KB)            :    89763   524288   1208198 
	   IoHeavy              :                           0 
	   Memory (MB)          :        1      512       512 

	Job terminated of its own accord at 2023-07-20T08:24:09Z with exit-code 0.
...
