000 (11143209.015.000) 2023-07-20 21:06:51 Job submitted from host: <128.104.101.92:9618?addrs=128.104.101.92-9618+[2607-f388-107c-501-a236-9fff-fe3c-caa8]-9618&alias=submit2.chtc.wisc.edu&noUDP&sock=schedd_1879732_618e>
...
040 (11143209.015.000) 2023-07-20 21:08:16 Started transferring input files
	Transferring to host: <128.105.69.196:9618?addrs=128.105.69.196-9618+[2607-f388-2200-100-1270-fdff-fe56-bf74]-9618&alias=e4049.chtc.wisc.edu&noUDP&sock=slot1_245_3460697_db11_20434>
...
040 (11143209.015.000) 2023-07-20 21:08:18 Finished transferring input files
...
001 (11143209.015.000) 2023-07-20 21:08:22 Job executing on host: <128.105.69.196:9618?addrs=128.105.69.196-9618+[2607-f388-2200-100-1270-fdff-fe56-bf74]-9618&alias=e4049.chtc.wisc.edu&noUDP&sock=startd_16763_9a29>
	SlotName: slot1_245@e4049.chtc.wisc.edu
	CondorScratchDir = "/var/lib/condor/execute/slot1/dir_3186175"
	Cpus = 1
	Disk = 1208198
	IoHeavy = 0
	Memory = 512
...
006 (11143209.015.000) 2023-07-20 21:08:31 Image size of job updated: 384644
	298  -  MemoryUsage of job (MB)
	304516  -  ResidentSetSize of job (KB)
...
006 (11143209.015.000) 2023-07-20 21:13:19 Image size of job updated: 524288
	302  -  MemoryUsage of job (MB)
	308636  -  ResidentSetSize of job (KB)
...
040 (11143209.015.000) 2023-07-20 21:13:19 Started transferring output files
...
040 (11143209.015.000) 2023-07-20 21:13:19 Finished transferring output files
...
005 (11143209.015.000) 2023-07-20 21:13:19 Job terminated.
	(1) Normal termination (return value 0)
		Usr 0 00:04:41, Sys 0 00:00:08  -  Run Remote Usage
		Usr 0 00:00:00, Sys 0 00:00:00  -  Run Local Usage
		Usr 0 00:04:41, Sys 0 00:00:08  -  Total Remote Usage
		Usr 0 00:00:00, Sys 0 00:00:00  -  Total Local Usage
	57458  -  Run Bytes Sent By Job
	32725816  -  Run Bytes Received By Job
	57458  -  Total Bytes Sent By Job
	32725816  -  Total Bytes Received By Job
	Partitionable Resources :     Usage  Request Allocated 
	   Cpus                 :      0.98        1         1 
	   Disk (KB)            : 255960      524288   1208198 
	   IoHeavy              :                            0 
	   Memory (MB)          :    302         512       512 

	Job terminated of its own accord at 2023-07-21T02:13:19Z with exit-code 0.
...
