000 (11143209.032.000) 2023-07-20 21:06:51 Job submitted from host: <128.104.101.92:9618?addrs=128.104.101.92-9618+[2607-f388-107c-501-a236-9fff-fe3c-caa8]-9618&alias=submit2.chtc.wisc.edu&noUDP&sock=schedd_1879732_618e>
...
040 (11143209.032.000) 2023-07-20 21:08:22 Started transferring input files
	Transferring to host: <128.105.69.158:9618?addrs=128.105.69.158-9618+[2607-f388-2200-100-1270-fdff-fe56-4684]-9618&alias=e4091.chtc.wisc.edu&noUDP&sock=slot1_183_689974_d9d3_32768>
...
040 (11143209.032.000) 2023-07-20 21:08:46 Finished transferring input files
...
001 (11143209.032.000) 2023-07-20 21:08:47 Job executing on host: <128.105.69.158:9618?addrs=128.105.69.158-9618+[2607-f388-2200-100-1270-fdff-fe56-4684]-9618&alias=e4091.chtc.wisc.edu&noUDP&sock=startd_11628_6b57>
	SlotName: slot1_183@e4091.chtc.wisc.edu
	CondorScratchDir = "/var/lib/condor/execute/slot1/dir_2916406"
	Cpus = 1
	Disk = 1208198
	IoHeavy = 0
	Memory = 512
...
006 (11143209.032.000) 2023-07-20 21:08:56 Image size of job updated: 389064
	334  -  MemoryUsage of job (MB)
	341484  -  ResidentSetSize of job (KB)
...
006 (11143209.032.000) 2023-07-20 21:13:57 Image size of job updated: 524288
	512  -  MemoryUsage of job (MB)
	524284  -  ResidentSetSize of job (KB)
...
040 (11143209.032.000) 2023-07-20 21:16:40 Started transferring output files
...
040 (11143209.032.000) 2023-07-20 21:16:42 Finished transferring output files
...
005 (11143209.032.000) 2023-07-20 21:16:46 Job terminated.
	(1) Normal termination (return value 0)
		Usr 0 00:07:37, Sys 0 00:00:04  -  Run Remote Usage
		Usr 0 00:00:00, Sys 0 00:00:00  -  Run Local Usage
		Usr 0 00:07:37, Sys 0 00:00:04  -  Total Remote Usage
		Usr 0 00:00:00, Sys 0 00:00:00  -  Total Local Usage
	58046  -  Run Bytes Sent By Job
	32725816  -  Run Bytes Received By Job
	58046  -  Total Bytes Sent By Job
	32725816  -  Total Bytes Received By Job
	Partitionable Resources :     Usage  Request Allocated 
	   Cpus                 :      0.99        1         1 
	   Disk (KB)            : 256055      524288   1208198 
	   IoHeavy              :                            0 
	   Memory (MB)          :    512         512       512 

	Job terminated of its own accord at 2023-07-21T02:16:37Z with exit-code 0.
...
