000 (11143209.047.000) 2023-07-20 21:06:51 Job submitted from host: <128.104.101.92:9618?addrs=128.104.101.92-9618+[2607-f388-107c-501-a236-9fff-fe3c-caa8]-9618&alias=submit2.chtc.wisc.edu&noUDP&sock=schedd_1879732_618e>
...
040 (11143209.047.000) 2023-07-20 21:08:23 Started transferring input files
	Transferring to host: <128.105.69.228:9618?addrs=128.105.69.228-9618+[2607-f388-2200-100-eaeb-d3ff-fe40-1124]-9618&alias=e2611.chtc.wisc.edu&noUDP&sock=slot1_149_1521301_ed80_33714>
...
040 (11143209.047.000) 2023-07-20 21:08:46 Finished transferring input files
...
001 (11143209.047.000) 2023-07-20 21:08:47 Job executing on host: <128.105.69.228:9618?addrs=128.105.69.228-9618+[2607-f388-2200-100-eaeb-d3ff-fe40-1124]-9618&alias=e2611.chtc.wisc.edu&noUDP&sock=startd_18798_7163>
	SlotName: slot1_149@e2611.chtc.wisc.edu
	CondorScratchDir = "/var/lib/condor/execute/slot1/dir_3744409"
	Cpus = 1
	Disk = 1458998
	IoHeavy = 0
	Memory = 512
...
006 (11143209.047.000) 2023-07-20 21:08:55 Image size of job updated: 280076
	274  -  MemoryUsage of job (MB)
	279968  -  ResidentSetSize of job (KB)
...
006 (11143209.047.000) 2023-07-20 21:11:25 Image size of job updated: 418704
	274  -  MemoryUsage of job (MB)
	279968  -  ResidentSetSize of job (KB)
...
040 (11143209.047.000) 2023-07-20 21:11:29 Started transferring output files
...
040 (11143209.047.000) 2023-07-20 21:11:30 Finished transferring output files
...
005 (11143209.047.000) 2023-07-20 21:11:36 Job terminated.
	(1) Normal termination (return value 0)
		Usr 0 00:02:32, Sys 0 00:00:03  -  Run Remote Usage
		Usr 0 00:00:00, Sys 0 00:00:00  -  Run Local Usage
		Usr 0 00:02:32, Sys 0 00:00:03  -  Total Remote Usage
		Usr 0 00:00:00, Sys 0 00:00:00  -  Total Local Usage
	57961  -  Run Bytes Sent By Job
	32725816  -  Run Bytes Received By Job
	57961  -  Total Bytes Sent By Job
	32725816  -  Total Bytes Received By Job
	Partitionable Resources :     Usage  Request Allocated 
	   Cpus                 :      0.07        1         1 
	   Disk (KB)            : 256398      524288   1458998 
	   IoHeavy              :                            0 
	   Memory (MB)          :    274         512       512 

	Job terminated of its own accord at 2023-07-21T02:11:25Z with exit-code 0.
...
