040 (11139799.013.000) 2023-07-19 21:18:22 Started transferring input files
	Transferring to host: <128.105.68.91:9618?addrs=128.105.68.91-9618+[2607-f388-2200-100-1270-fdff-fe56-c2c4]-9618&alias=e4053.chtc.wisc.edu&noUDP&sock=slot1_156_1788002_e8be_18868>
...
040 (11139799.013.000) 2023-07-19 21:18:25 Finished transferring input files
...
001 (11139799.013.000) 2023-07-19 21:18:26 Job executing on host: <128.105.68.91:9618?addrs=128.105.68.91-9618+[2607-f388-2200-100-1270-fdff-fe56-c2c4]-9618&alias=e4053.chtc.wisc.edu&noUDP&sock=startd_11752_7915>
	SlotName: slot1_156@e4053.chtc.wisc.edu
	CondorScratchDir = "/var/lib/condor/execute/slot1/dir_2826432"
	Cpus = 1
	Disk = 1208198
	IoHeavy = 0
	Memory = 512
...
006 (11139799.013.000) 2023-07-19 21:18:35 Image size of job updated: 276140
	253  -  MemoryUsage of job (MB)
	258056  -  ResidentSetSize of job (KB)
...
006 (11139799.013.000) 2023-07-19 21:18:48 Image size of job updated: 400088
	253  -  MemoryUsage of job (MB)
	258056  -  ResidentSetSize of job (KB)
...
040 (11139799.013.000) 2023-07-19 21:18:49 Started transferring output files
...
040 (11139799.013.000) 2023-07-19 21:18:49 Finished transferring output files
...
005 (11139799.013.000) 2023-07-19 21:18:50 Job terminated.
	(1) Normal termination (return value 1)
		Usr 0 00:00:16, Sys 0 00:00:04  -  Run Remote Usage
		Usr 0 00:00:00, Sys 0 00:00:00  -  Run Local Usage
		Usr 0 00:00:16, Sys 0 00:00:04  -  Total Remote Usage
		Usr 0 00:00:00, Sys 0 00:00:00  -  Total Local Usage
	3154  -  Run Bytes Sent By Job
	32725180  -  Run Bytes Received By Job
	3154  -  Total Bytes Sent By Job
	32725180  -  Total Bytes Received By Job
	Partitionable Resources :    Usage  Request Allocated 
	   Cpus                 :                 1         1 
	   Disk (KB)            :   256375   524288   1208198 
	   IoHeavy              :                           0 
	   Memory (MB)          :      253      512       512 

	Job terminated of its own accord at 2023-07-20T02:18:48Z with exit-code 1.
...
