000 (11392341.027.000) 2023-08-03 09:09:59 Job submitted from host: <128.104.101.92:9618?addrs=128.104.101.92-9618+[2607-f388-107c-501-a236-9fff-fe3c-caa8]-9618&alias=submit2.chtc.wisc.edu&noUDP&sock=schedd_1879732_618e>
...
040 (11392341.027.000) 2023-08-03 09:10:29 Started transferring input files
	Transferring to host: <128.105.69.187:9618?addrs=128.105.69.187-9618+[2607-f388-2200-100-1270-fdff-fe56-b86c]-9618&alias=e4039.chtc.wisc.edu&noUDP&sock=slot1_22_3589331_2540_77131>
...
040 (11392341.027.000) 2023-08-03 09:10:33 Finished transferring input files
...
001 (11392341.027.000) 2023-08-03 09:10:34 Job executing on host: <128.105.69.187:9618?addrs=128.105.69.187-9618+[2607-f388-2200-100-1270-fdff-fe56-b86c]-9618&alias=e4039.chtc.wisc.edu&noUDP&sock=startd_15786_7621>
	SlotName: slot1_22@e4039.chtc.wisc.edu
	CondorScratchDir = "/var/lib/condor/execute/slot1/dir_3721525"
	Cpus = 1
	Disk = 1208198
	IoHeavy = 0
	Memory = 512
...
006 (11392341.027.000) 2023-08-03 09:10:42 Image size of job updated: 275184
	220  -  MemoryUsage of job (MB)
	224420  -  ResidentSetSize of job (KB)
...
006 (11392341.027.000) 2023-08-03 09:12:55 Image size of job updated: 403336
	225  -  MemoryUsage of job (MB)
	229540  -  ResidentSetSize of job (KB)
...
040 (11392341.027.000) 2023-08-03 09:12:55 Started transferring output files
...
040 (11392341.027.000) 2023-08-03 09:12:55 Finished transferring output files
...
005 (11392341.027.000) 2023-08-03 09:12:55 Job terminated.
	(1) Normal termination (return value 0)
		Usr 0 00:02:09, Sys 0 00:00:08  -  Run Remote Usage
		Usr 0 00:00:00, Sys 0 00:00:00  -  Run Local Usage
		Usr 0 00:02:09, Sys 0 00:00:08  -  Total Remote Usage
		Usr 0 00:00:00, Sys 0 00:00:00  -  Total Local Usage
	56393  -  Run Bytes Sent By Job
	32727736  -  Run Bytes Received By Job
	56393  -  Total Bytes Sent By Job
	32727736  -  Total Bytes Received By Job
	Partitionable Resources :     Usage  Request Allocated 
	   Cpus                 :      0.99        1         1 
	   Disk (KB)            : 256104      524288   1208198 
	   IoHeavy              :                            0 
	   Memory (MB)          :    225         512       512 

	Job terminated of its own accord at 2023-08-03T14:12:55Z with exit-code 0.
...
