000 (11188614.013.000) 2023-07-28 02:48:38 Job submitted from host: <128.104.101.92:9618?addrs=128.104.101.92-9618+[2607-f388-107c-501-a236-9fff-fe3c-caa8]-9618&alias=submit2.chtc.wisc.edu&noUDP&sock=schedd_1879732_618e>
...
040 (11188614.013.000) 2023-07-28 02:49:03 Started transferring input files
	Transferring to host: <128.105.69.95:9618?addrs=128.105.69.95-9618+[2607-f388-2200-100-1270-fdff-fe56-bff4]-9618&alias=e4006.chtc.wisc.edu&noUDP&sock=slot1_99_3683970_e1e9_52367>
...
040 (11188614.013.000) 2023-07-28 02:49:07 Finished transferring input files
...
001 (11188614.013.000) 2023-07-28 02:49:16 Job executing on host: <128.105.69.95:9618?addrs=128.105.69.95-9618+[2607-f388-2200-100-1270-fdff-fe56-bff4]-9618&alias=e4006.chtc.wisc.edu&noUDP&sock=startd_2383497_450b>
	SlotName: slot1_99@e4006.chtc.wisc.edu
	CondorScratchDir = "/var/lib/condor/execute/slot1/dir_1652533"
	Cpus = 1
	Disk = 1208198
	IoHeavy = 0
	Memory = 512
...
006 (11188614.013.000) 2023-07-28 02:49:18 Image size of job updated: 95324
	93  -  MemoryUsage of job (MB)
	95116  -  ResidentSetSize of job (KB)
...
004 (11188614.013.000) 2023-07-28 02:49:20 Job was evicted.
	(0) CPU times
		Usr 0 00:00:01, Sys 0 00:00:00  -  Run Remote Usage
		Usr 0 00:00:00, Sys 0 00:00:00  -  Run Local Usage
	0  -  Run Bytes Sent By Job
	32726832  -  Run Bytes Received By Job
	Partitionable Resources :    Usage  Request Allocated 
	   Cpus                 :        0        1         1 
	   Disk (KB)            :   174268   524288   1208198 
	   IoHeavy              :                           0 
	   Memory (MB)          :       93      512       512 
...
009 (11188614.013.000) 2023-07-28 02:49:21 Job was aborted.
	via condor_rm (by user mzheng54)
...
