000 (11139883.083.000) 2023-07-20 06:17:26 Job submitted from host: <128.104.101.92:9618?addrs=128.104.101.92-9618+[2607-f388-107c-501-a236-9fff-fe3c-caa8]-9618&alias=submit2.chtc.wisc.edu&noUDP&sock=schedd_1879732_618e>
...
040 (11139883.083.000) 2023-07-20 06:20:46 Started transferring input files
	Transferring to host: <128.105.69.193:9618?addrs=128.105.69.193-9618+[2607-f388-2200-100-1270-fdff-fe56-4604]-9618&alias=e4046.chtc.wisc.edu&noUDP&sock=slot1_71_1422684_5476_14353>
...
040 (11139883.083.000) 2023-07-20 06:20:47 Finished transferring input files
...
001 (11139883.083.000) 2023-07-20 06:20:48 Job executing on host: <128.105.69.193:9618?addrs=128.105.69.193-9618+[2607-f388-2200-100-1270-fdff-fe56-4604]-9618&alias=e4046.chtc.wisc.edu&noUDP&sock=startd_15967_9cc6>
	SlotName: slot1_71@e4046.chtc.wisc.edu
	CondorScratchDir = "/var/lib/condor/execute/slot1/dir_1290152"
	Cpus = 1
	Disk = 1208198
	IoHeavy = 0
	Memory = 512
...
006 (11139883.083.000) 2023-07-20 06:20:57 Image size of job updated: 438124
	427  -  MemoryUsage of job (MB)
	436908  -  ResidentSetSize of job (KB)
...
006 (11139883.083.000) 2023-07-20 06:25:58 Image size of job updated: 524288
	481  -  MemoryUsage of job (MB)
	492208  -  ResidentSetSize of job (KB)
...
006 (11139883.083.000) 2023-07-20 06:30:58 Image size of job updated: 524288
	509  -  MemoryUsage of job (MB)
	520924  -  ResidentSetSize of job (KB)
...
040 (11139883.083.000) 2023-07-20 06:40:28 Started transferring output files
...
040 (11139883.083.000) 2023-07-20 06:40:28 Finished transferring output files
...
005 (11139883.083.000) 2023-07-20 06:40:28 Job terminated.
	(1) Normal termination (return value 0)
		Usr 0 00:19:17, Sys 0 00:00:06  -  Run Remote Usage
		Usr 0 00:00:00, Sys 0 00:00:00  -  Run Local Usage
		Usr 0 00:19:17, Sys 0 00:00:06  -  Total Remote Usage
		Usr 0 00:00:00, Sys 0 00:00:00  -  Total Local Usage
	57867  -  Run Bytes Sent By Job
	32725918  -  Run Bytes Received By Job
	57867  -  Total Bytes Sent By Job
	32725918  -  Total Bytes Received By Job
	Partitionable Resources :     Usage  Request Allocated 
	   Cpus                 :      0.99        1         1 
	   Disk (KB)            : 255232      524288   1208198 
	   IoHeavy              :                            0 
	   Memory (MB)          :    509         512       512 

	Job terminated of its own accord at 2023-07-20T11:40:28Z with exit-code 0.
...
