000 (11143209.043.000) 2023-07-20 21:06:51 Job submitted from host: <128.104.101.92:9618?addrs=128.104.101.92-9618+[2607-f388-107c-501-a236-9fff-fe3c-caa8]-9618&alias=submit2.chtc.wisc.edu&noUDP&sock=schedd_1879732_618e>
...
040 (11143209.043.000) 2023-07-20 21:08:23 Started transferring input files
	Transferring to host: <128.105.69.225:9618?addrs=128.105.69.225-9618+[2607-f388-2200-100-eaeb-d3ff-fe40-112c]-9618&alias=e2608.chtc.wisc.edu&noUDP&sock=slot1_10_1600247_86cb_32278>
...
040 (11143209.043.000) 2023-07-20 21:08:26 Finished transferring input files
...
001 (11143209.043.000) 2023-07-20 21:08:30 Job executing on host: <128.105.69.225:9618?addrs=128.105.69.225-9618+[2607-f388-2200-100-eaeb-d3ff-fe40-112c]-9618&alias=e2608.chtc.wisc.edu&noUDP&sock=startd_18726_0e91>
	SlotName: slot1_10@e2608.chtc.wisc.edu
	CondorScratchDir = "/var/lib/condor/execute/slot1/dir_1332604"
	Cpus = 1
	Disk = 1458998
	IoHeavy = 0
	Memory = 512
...
006 (11143209.043.000) 2023-07-20 21:08:38 Image size of job updated: 388308
	308  -  MemoryUsage of job (MB)
	314880  -  ResidentSetSize of job (KB)
...
006 (11143209.043.000) 2023-07-20 21:12:32 Image size of job updated: 524288
	310  -  MemoryUsage of job (MB)
	316672  -  ResidentSetSize of job (KB)
...
040 (11143209.043.000) 2023-07-20 21:12:32 Started transferring output files
...
040 (11143209.043.000) 2023-07-20 21:12:32 Finished transferring output files
...
005 (11143209.043.000) 2023-07-20 21:12:32 Job terminated.
	(1) Normal termination (return value 0)
		Usr 0 00:03:52, Sys 0 00:00:05  -  Run Remote Usage
		Usr 0 00:00:00, Sys 0 00:00:00  -  Run Local Usage
		Usr 0 00:03:52, Sys 0 00:00:05  -  Total Remote Usage
		Usr 0 00:00:00, Sys 0 00:00:00  -  Total Local Usage
	57857  -  Run Bytes Sent By Job
	32725816  -  Run Bytes Received By Job
	57857  -  Total Bytes Sent By Job
	32725816  -  Total Bytes Received By Job
	Partitionable Resources :     Usage  Request Allocated 
	   Cpus                 :      0.99        1         1 
	   Disk (KB)            : 255951      524288   1458998 
	   IoHeavy              :                            0 
	   Memory (MB)          :    310         512       512 

	Job terminated of its own accord at 2023-07-21T02:12:32Z with exit-code 0.
...
