000 (11392261.076.000) 2023-08-02 21:08:53 Job submitted from host: <128.104.101.92:9618?addrs=128.104.101.92-9618+[2607-f388-107c-501-a236-9fff-fe3c-caa8]-9618&alias=submit2.chtc.wisc.edu&noUDP&sock=schedd_1879732_618e>
...
040 (11392261.076.000) 2023-08-02 21:10:09 Started transferring input files
	Transferring to host: <128.105.69.197:9618?addrs=128.105.69.197-9618+[2607-f388-2200-100-1270-fdff-fe56-6efc]-9618&alias=e4050.chtc.wisc.edu&noUDP&sock=slot1_82_3416771_03d7_61230>
...
040 (11392261.076.000) 2023-08-02 21:10:11 Finished transferring input files
...
001 (11392261.076.000) 2023-08-02 21:10:13 Job executing on host: <128.105.69.197:9618?addrs=128.105.69.197-9618+[2607-f388-2200-100-1270-fdff-fe56-6efc]-9618&alias=e4050.chtc.wisc.edu&noUDP&sock=startd_11754_d846>
	SlotName: slot1_82@e4050.chtc.wisc.edu
	CondorScratchDir = "/var/lib/condor/execute/slot1/dir_1686656"
	Cpus = 1
	Disk = 1208198
	IoHeavy = 0
	Memory = 512
...
006 (11392261.076.000) 2023-08-02 21:10:21 Image size of job updated: 276284
	248  -  MemoryUsage of job (MB)
	253296  -  ResidentSetSize of job (KB)
...
006 (11392261.076.000) 2023-08-02 21:11:11 Image size of job updated: 408544
	250  -  MemoryUsage of job (MB)
	255344  -  ResidentSetSize of job (KB)
...
040 (11392261.076.000) 2023-08-02 21:11:12 Started transferring output files
...
040 (11392261.076.000) 2023-08-02 21:11:12 Finished transferring output files
...
005 (11392261.076.000) 2023-08-02 21:11:12 Job terminated.
	(1) Normal termination (return value 0)
		Usr 0 00:00:53, Sys 0 00:00:02  -  Run Remote Usage
		Usr 0 00:00:00, Sys 0 00:00:00  -  Run Local Usage
		Usr 0 00:00:53, Sys 0 00:00:02  -  Total Remote Usage
		Usr 0 00:00:00, Sys 0 00:00:00  -  Total Local Usage
	57608  -  Run Bytes Sent By Job
	32727852  -  Run Bytes Received By Job
	57608  -  Total Bytes Sent By Job
	32727852  -  Total Bytes Received By Job
	Partitionable Resources :    Usage  Request Allocated 
	   Cpus                 :        0        1         1 
	   Disk (KB)            :   256387   524288   1208198 
	   IoHeavy              :                           0 
	   Memory (MB)          :      250      512       512 

	Job terminated of its own accord at 2023-08-03T02:11:11Z with exit-code 0.
...
