000 (11392261.079.000) 2023-08-02 21:08:53 Job submitted from host: <128.104.101.92:9618?addrs=128.104.101.92-9618+[2607-f388-107c-501-a236-9fff-fe3c-caa8]-9618&alias=submit2.chtc.wisc.edu&noUDP&sock=schedd_1879732_618e>
...
040 (11392261.079.000) 2023-08-02 21:10:09 Started transferring input files
	Transferring to host: <128.105.69.99:9618?addrs=128.105.69.99-9618+[2607-f388-2200-100-1270-fdff-fe56-7674]-9618&alias=e4010.chtc.wisc.edu&noUDP&sock=slot1_196_1775110_5431_72824>
...
040 (11392261.079.000) 2023-08-02 21:10:11 Finished transferring input files
...
001 (11392261.079.000) 2023-08-02 21:10:13 Job executing on host: <128.105.69.99:9618?addrs=128.105.69.99-9618+[2607-f388-2200-100-1270-fdff-fe56-7674]-9618&alias=e4010.chtc.wisc.edu&noUDP&sock=startd_15877_e140>
	SlotName: slot1_196@e4010.chtc.wisc.edu
	CondorScratchDir = "/var/lib/condor/execute/slot1/dir_4136742"
	Cpus = 1
	Disk = 1208198
	IoHeavy = 0
	Memory = 512
...
006 (11392261.079.000) 2023-08-02 21:10:21 Image size of job updated: 276440
	222  -  MemoryUsage of job (MB)
	226336  -  ResidentSetSize of job (KB)
...
006 (11392261.079.000) 2023-08-02 21:12:44 Image size of job updated: 405424
	223  -  MemoryUsage of job (MB)
	228340  -  ResidentSetSize of job (KB)
...
040 (11392261.079.000) 2023-08-02 21:12:44 Started transferring output files
...
040 (11392261.079.000) 2023-08-02 21:12:44 Finished transferring output files
...
005 (11392261.079.000) 2023-08-02 21:12:44 Job terminated.
	(1) Normal termination (return value 0)
		Usr 0 00:02:21, Sys 0 00:00:06  -  Run Remote Usage
		Usr 0 00:00:00, Sys 0 00:00:00  -  Run Local Usage
		Usr 0 00:02:21, Sys 0 00:00:06  -  Total Remote Usage
		Usr 0 00:00:00, Sys 0 00:00:00  -  Total Local Usage
	57546  -  Run Bytes Sent By Job
	32727852  -  Run Bytes Received By Job
	57546  -  Total Bytes Sent By Job
	32727852  -  Total Bytes Received By Job
	Partitionable Resources :     Usage  Request Allocated 
	   Cpus                 :      0.56        1         1 
	   Disk (KB)            : 256131      524288   1208198 
	   IoHeavy              :                            0 
	   Memory (MB)          :    223         512       512 

	Job terminated of its own accord at 2023-08-03T02:12:44Z with exit-code 0.
...
