000 (11139883.084.000) 2023-07-20 06:17:26 Job submitted from host: <128.104.101.92:9618?addrs=128.104.101.92-9618+[2607-f388-107c-501-a236-9fff-fe3c-caa8]-9618&alias=submit2.chtc.wisc.edu&noUDP&sock=schedd_1879732_618e>
...
040 (11139883.084.000) 2023-07-20 06:21:00 Started transferring input files
	Transferring to host: <128.105.69.186:9618?addrs=128.105.69.186-9618+[2607-f388-2200-100-1270-fdff-fe56-c3b4]-9618&alias=e4038.chtc.wisc.edu&noUDP&sock=slot1_70_2795919_9db8_27991>
...
040 (11139883.084.000) 2023-07-20 06:21:01 Finished transferring input files
...
001 (11139883.084.000) 2023-07-20 06:21:02 Job executing on host: <128.105.69.186:9618?addrs=128.105.69.186-9618+[2607-f388-2200-100-1270-fdff-fe56-c3b4]-9618&alias=e4038.chtc.wisc.edu&noUDP&sock=startd_15951_a342>
	SlotName: slot1_70@e4038.chtc.wisc.edu
	CondorScratchDir = "/var/lib/condor/execute/slot1/dir_2187170"
	Cpus = 1
	Disk = 1208198
	IoHeavy = 0
	Memory = 512
...
006 (11139883.084.000) 2023-07-20 06:21:11 Image size of job updated: 524288
	511  -  MemoryUsage of job (MB)
	522948  -  ResidentSetSize of job (KB)
...
040 (11139883.084.000) 2023-07-20 06:44:04 Started transferring output files
...
040 (11139883.084.000) 2023-07-20 06:44:04 Finished transferring output files
...
005 (11139883.084.000) 2023-07-20 06:44:04 Job terminated.
	(1) Normal termination (return value 0)
		Usr 0 00:22:38, Sys 0 00:00:06  -  Run Remote Usage
		Usr 0 00:00:00, Sys 0 00:00:00  -  Run Local Usage
		Usr 0 00:22:38, Sys 0 00:00:06  -  Total Remote Usage
		Usr 0 00:00:00, Sys 0 00:00:00  -  Total Local Usage
	57930  -  Run Bytes Sent By Job
	32725918  -  Run Bytes Received By Job
	57930  -  Total Bytes Sent By Job
	32725918  -  Total Bytes Received By Job
	Partitionable Resources :     Usage  Request Allocated 
	   Cpus                 :      0.99        1         1 
	   Disk (KB)            : 255232      524288   1208198 
	   IoHeavy              :                            0 
	   Memory (MB)          :    511         512       512 

	Job terminated of its own accord at 2023-07-20T11:44:03Z with exit-code 0.
...
