000 (11392336.005.000) 2023-08-03 08:17:13 Job submitted from host: <128.104.101.92:9618?addrs=128.104.101.92-9618+[2607-f388-107c-501-a236-9fff-fe3c-caa8]-9618&alias=submit2.chtc.wisc.edu&noUDP&sock=schedd_1879732_618e>
...
040 (11392336.005.000) 2023-08-03 08:17:29 Started transferring input files
	Transferring to host: <128.105.69.179:9618?addrs=128.105.69.179-9618+[2607-f388-2200-100-1270-fdff-fe56-778c]-9618&alias=e2562.chtc.wisc.edu&noUDP&sock=slot1_16_51823_bdd4_84653>
...
040 (11392336.005.000) 2023-08-03 08:17:31 Finished transferring input files
...
001 (11392336.005.000) 2023-08-03 08:17:32 Job executing on host: <128.105.69.179:9618?addrs=128.105.69.179-9618+[2607-f388-2200-100-1270-fdff-fe56-778c]-9618&alias=e2562.chtc.wisc.edu&noUDP&sock=startd_14077_3ac7>
	SlotName: slot1_16@e2562.chtc.wisc.edu
	CondorScratchDir = "/var/lib/condor/execute/slot1/dir_3350710"
	Cpus = 1
	Disk = 1208198
	IoHeavy = 0
	Memory = 512
...
006 (11392336.005.000) 2023-08-03 08:17:41 Image size of job updated: 286564
	259  -  MemoryUsage of job (MB)
	265068  -  ResidentSetSize of job (KB)
...
006 (11392336.005.000) 2023-08-03 08:22:42 Image size of job updated: 443900
	434  -  MemoryUsage of job (MB)
	443648  -  ResidentSetSize of job (KB)
...
006 (11392336.005.000) 2023-08-03 08:23:48 Image size of job updated: 444664
	434  -  MemoryUsage of job (MB)
	443648  -  ResidentSetSize of job (KB)
...
040 (11392336.005.000) 2023-08-03 08:23:48 Started transferring output files
...
040 (11392336.005.000) 2023-08-03 08:23:48 Finished transferring output files
...
005 (11392336.005.000) 2023-08-03 08:23:48 Job terminated.
	(1) Normal termination (return value 0)
		Usr 0 00:06:00, Sys 0 00:00:02  -  Run Remote Usage
		Usr 0 00:00:00, Sys 0 00:00:00  -  Run Local Usage
		Usr 0 00:06:00, Sys 0 00:00:02  -  Total Remote Usage
		Usr 0 00:00:00, Sys 0 00:00:00  -  Total Local Usage
	56977  -  Run Bytes Sent By Job
	32727852  -  Run Bytes Received By Job
	56977  -  Total Bytes Sent By Job
	32727852  -  Total Bytes Received By Job
	Partitionable Resources :     Usage  Request Allocated 
	   Cpus                 :      0.98        1         1 
	   Disk (KB)            : 256400      524288   1208198 
	   IoHeavy              :                            0 
	   Memory (MB)          :    434         512       512 

	Job terminated of its own accord at 2023-08-03T13:23:48Z with exit-code 0.
...
