000 (11178184.020.000) 2023-07-26 21:10:59 Job submitted from host: <128.104.101.92:9618?addrs=128.104.101.92-9618+[2607-f388-107c-501-a236-9fff-fe3c-caa8]-9618&alias=submit2.chtc.wisc.edu&noUDP&sock=schedd_1879732_618e>
...
040 (11178184.020.000) 2023-07-26 21:13:23 Started transferring input files
	Transferring to host: <128.105.69.93:9618?addrs=128.105.69.93-9618+[2607-f388-2200-100-1270-fdff-fe56-ba3c]-9618&alias=e4004.chtc.wisc.edu&noUDP&sock=slot1_27_2078089_7172_39334>
...
040 (11178184.020.000) 2023-07-26 21:13:25 Finished transferring input files
...
001 (11178184.020.000) 2023-07-26 21:13:26 Job executing on host: <128.105.69.93:9618?addrs=128.105.69.93-9618+[2607-f388-2200-100-1270-fdff-fe56-ba3c]-9618&alias=e4004.chtc.wisc.edu&noUDP&sock=startd_13312_80d3>
	SlotName: slot1_27@e4004.chtc.wisc.edu
	CondorScratchDir = "/var/lib/condor/execute/slot1/dir_1209428"
	Cpus = 1
	Disk = 1268229
	IoHeavy = 0
	Memory = 512
...
006 (11178184.020.000) 2023-07-26 21:13:35 Image size of job updated: 391800
	383  -  MemoryUsage of job (MB)
	391800  -  ResidentSetSize of job (KB)
...
006 (11178184.020.000) 2023-07-26 21:15:46 Image size of job updated: 524288
	384  -  MemoryUsage of job (MB)
	392568  -  ResidentSetSize of job (KB)
...
040 (11178184.020.000) 2023-07-26 21:15:46 Started transferring output files
...
040 (11178184.020.000) 2023-07-26 21:15:46 Finished transferring output files
...
005 (11178184.020.000) 2023-07-26 21:15:46 Job terminated.
	(1) Normal termination (return value 0)
		Usr 0 00:02:13, Sys 0 00:00:03  -  Run Remote Usage
		Usr 0 00:00:00, Sys 0 00:00:00  -  Run Local Usage
		Usr 0 00:02:13, Sys 0 00:00:03  -  Total Remote Usage
		Usr 0 00:00:00, Sys 0 00:00:00  -  Total Local Usage
	57958  -  Run Bytes Sent By Job
	32726544  -  Run Bytes Received By Job
	57958  -  Total Bytes Sent By Job
	32726544  -  Total Bytes Received By Job
	Partitionable Resources :     Usage  Request Allocated 
	   Cpus                 :      0.99        1         1 
	   Disk (KB)            : 255216      524288   1268229 
	   IoHeavy              :                            0 
	   Memory (MB)          :    384         512       512 

	Job terminated of its own accord at 2023-07-27T02:15:46Z with exit-code 0.
...
