000 (11139883.106.000) 2023-07-20 06:17:26 Job submitted from host: <128.104.101.92:9618?addrs=128.104.101.92-9618+[2607-f388-107c-501-a236-9fff-fe3c-caa8]-9618&alias=submit2.chtc.wisc.edu&noUDP&sock=schedd_1879732_618e>
...
040 (11139883.106.000) 2023-07-20 06:20:47 Started transferring input files
	Transferring to host: <128.105.69.143:9618?addrs=128.105.69.143-9618+[2607-f388-2200-100-1270-fdff-fe56-7694]-9618&alias=e4020.chtc.wisc.edu&noUDP&sock=slot1_25_3592844_5f2f_24824>
...
040 (11139883.106.000) 2023-07-20 06:20:49 Finished transferring input files
...
001 (11139883.106.000) 2023-07-20 06:20:50 Job executing on host: <128.105.69.143:9618?addrs=128.105.69.143-9618+[2607-f388-2200-100-1270-fdff-fe56-7694]-9618&alias=e4020.chtc.wisc.edu&noUDP&sock=startd_15912_e310>
	SlotName: slot1_25@e4020.chtc.wisc.edu
	CondorScratchDir = "/var/lib/condor/execute/slot1/dir_2885021"
	Cpus = 1
	Disk = 1208198
	IoHeavy = 0
	Memory = 512
...
006 (11139883.106.000) 2023-07-20 06:20:59 Image size of job updated: 524288
	512  -  MemoryUsage of job (MB)
	524000  -  ResidentSetSize of job (KB)
...
006 (11139883.106.000) 2023-07-20 06:26:00 Image size of job updated: 524292
	512  -  MemoryUsage of job (MB)
	524000  -  ResidentSetSize of job (KB)
...
040 (11139883.106.000) 2023-07-20 06:49:03 Started transferring output files
...
040 (11139883.106.000) 2023-07-20 06:49:03 Finished transferring output files
...
005 (11139883.106.000) 2023-07-20 06:49:03 Job terminated.
	(1) Normal termination (return value 0)
		Usr 0 00:27:56, Sys 0 00:00:07  -  Run Remote Usage
		Usr 0 00:00:00, Sys 0 00:00:00  -  Run Local Usage
		Usr 0 00:27:56, Sys 0 00:00:07  -  Total Remote Usage
		Usr 0 00:00:00, Sys 0 00:00:00  -  Total Local Usage
	56827  -  Run Bytes Sent By Job
	32725918  -  Run Bytes Received By Job
	56827  -  Total Bytes Sent By Job
	32725918  -  Total Bytes Received By Job
	Partitionable Resources :     Usage  Request Allocated 
	   Cpus                 :      1.00        1         1 
	   Disk (KB)            : 255230      524288   1208198 
	   IoHeavy              :                            0 
	   Memory (MB)          :    512         512       512 

	Job terminated of its own accord at 2023-07-20T11:49:03Z with exit-code 0.
...
