000 (11143209.004.000) 2023-07-20 21:06:51 Job submitted from host: <128.104.101.92:9618?addrs=128.104.101.92-9618+[2607-f388-107c-501-a236-9fff-fe3c-caa8]-9618&alias=submit2.chtc.wisc.edu&noUDP&sock=schedd_1879732_618e>
...
040 (11143209.004.000) 2023-07-20 21:08:17 Started transferring input files
	Transferring to host: <128.105.69.152:9618?addrs=128.105.69.152-9618+[2607-f388-2200-100-1270-fdff-fe56-c8d4]-9618&alias=e4085.chtc.wisc.edu&noUDP&sock=slot1_44_2948455_06f3_21695>
...
040 (11143209.004.000) 2023-07-20 21:08:42 Finished transferring input files
...
001 (11143209.004.000) 2023-07-20 21:08:43 Job executing on host: <128.105.69.152:9618?addrs=128.105.69.152-9618+[2607-f388-2200-100-1270-fdff-fe56-c8d4]-9618&alias=e4085.chtc.wisc.edu&noUDP&sock=startd_17191_2cb1>
	SlotName: slot1_44@e4085.chtc.wisc.edu
	CondorScratchDir = "/var/lib/condor/execute/slot1/dir_3758895"
	Cpus = 1
	Disk = 1208198
	IoHeavy = 0
	Memory = 512
...
006 (11143209.004.000) 2023-07-20 21:08:51 Image size of job updated: 257188
	247  -  MemoryUsage of job (MB)
	252900  -  ResidentSetSize of job (KB)
...
006 (11143209.004.000) 2023-07-20 21:13:51 Image size of job updated: 440656
	431  -  MemoryUsage of job (MB)
	440396  -  ResidentSetSize of job (KB)
...
006 (11143209.004.000) 2023-07-20 21:23:52 Image size of job updated: 440912
	431  -  MemoryUsage of job (MB)
	440412  -  ResidentSetSize of job (KB)
...
006 (11143209.004.000) 2023-07-20 21:24:39 Image size of job updated: 441164
	431  -  MemoryUsage of job (MB)
	440412  -  ResidentSetSize of job (KB)
...
040 (11143209.004.000) 2023-07-20 21:24:40 Started transferring output files
...
040 (11143209.004.000) 2023-07-20 21:24:40 Finished transferring output files
...
005 (11143209.004.000) 2023-07-20 21:24:41 Job terminated.
	(1) Normal termination (return value 0)
		Usr 0 00:15:20, Sys 0 00:00:09  -  Run Remote Usage
		Usr 0 00:00:00, Sys 0 00:00:00  -  Run Local Usage
		Usr 0 00:15:20, Sys 0 00:00:09  -  Total Remote Usage
		Usr 0 00:00:00, Sys 0 00:00:00  -  Total Local Usage
	56909  -  Run Bytes Sent By Job
	32725816  -  Run Bytes Received By Job
	56909  -  Total Bytes Sent By Job
	32725816  -  Total Bytes Received By Job
	Partitionable Resources :     Usage  Request Allocated 
	   Cpus                 :      0.98        1         1 
	   Disk (KB)            : 256061      524288   1208198 
	   IoHeavy              :                            0 
	   Memory (MB)          :    431         512       512 

	Job terminated of its own accord at 2023-07-21T02:24:39Z with exit-code 0.
...
