000 (11143209.022.000) 2023-07-20 21:06:51 Job submitted from host: <128.104.101.92:9618?addrs=128.104.101.92-9618+[2607-f388-107c-501-a236-9fff-fe3c-caa8]-9618&alias=submit2.chtc.wisc.edu&noUDP&sock=schedd_1879732_618e>
...
040 (11143209.022.000) 2023-07-20 21:08:22 Started transferring input files
	Transferring to host: <128.105.69.114:9618?addrs=128.105.69.114-9618+[2607-f388-2200-100-1270-fdff-fe56-470c]-9618&alias=e4063.chtc.wisc.edu&noUDP&sock=slot1_212_433666_ad9c_37582>
...
040 (11143209.022.000) 2023-07-20 21:08:26 Finished transferring input files
...
001 (11143209.022.000) 2023-07-20 21:08:30 Job executing on host: <128.105.69.114:9618?addrs=128.105.69.114-9618+[2607-f388-2200-100-1270-fdff-fe56-470c]-9618&alias=e4063.chtc.wisc.edu&noUDP&sock=startd_18888_2ce9>
	SlotName: slot1_212@e4063.chtc.wisc.edu
	CondorScratchDir = "/var/lib/condor/execute/slot1/dir_4042541"
	Cpus = 1
	Disk = 1208198
	IoHeavy = 0
	Memory = 512
...
006 (11143209.022.000) 2023-07-20 21:08:39 Image size of job updated: 283848
	234  -  MemoryUsage of job (MB)
	239536  -  ResidentSetSize of job (KB)
...
006 (11143209.022.000) 2023-07-20 21:13:40 Image size of job updated: 515816
	504  -  MemoryUsage of job (MB)
	515816  -  ResidentSetSize of job (KB)
...
006 (11143209.022.000) 2023-07-20 21:18:40 Image size of job updated: 517864
	506  -  MemoryUsage of job (MB)
	517816  -  ResidentSetSize of job (KB)
...
006 (11143209.022.000) 2023-07-20 21:23:41 Image size of job updated: 524288
	506  -  MemoryUsage of job (MB)
	517816  -  ResidentSetSize of job (KB)
...
