000 (11139883.012.000) 2023-07-20 06:17:26 Job submitted from host: <128.104.101.92:9618?addrs=128.104.101.92-9618+[2607-f388-107c-501-a236-9fff-fe3c-caa8]-9618&alias=submit2.chtc.wisc.edu&noUDP&sock=schedd_1879732_618e>
...
040 (11139883.012.000) 2023-07-20 06:20:49 Started transferring input files
	Transferring to host: <128.105.69.230:9618?addrs=128.105.69.230-9618+[2607-f388-2200-100-eaeb-d3ff-fe40-17bc]-9618&alias=e2613.chtc.wisc.edu&noUDP&sock=slot1_25_457915_4ad6_22854>
...
040 (11139883.012.000) 2023-07-20 06:20:50 Finished transferring input files
...
001 (11139883.012.000) 2023-07-20 06:21:58 Job executing on host: <128.105.69.230:9618?addrs=128.105.69.230-9618+[2607-f388-2200-100-eaeb-d3ff-fe40-17bc]-9618&alias=e2613.chtc.wisc.edu&noUDP&sock=startd_18882_0f58>
	SlotName: slot1_25@e2613.chtc.wisc.edu
	CondorScratchDir = "/var/lib/condor/execute/slot1/dir_352289"
	Cpus = 1
	Disk = 1458998
	IoHeavy = 0
	Memory = 512
...
006 (11139883.012.000) 2023-07-20 06:22:07 Image size of job updated: 406524
	311  -  MemoryUsage of job (MB)
	318356  -  ResidentSetSize of job (KB)
...
006 (11139883.012.000) 2023-07-20 06:27:08 Image size of job updated: 524288
	507  -  MemoryUsage of job (MB)
	518516  -  ResidentSetSize of job (KB)
...
040 (11139883.012.000) 2023-07-20 06:29:30 Started transferring output files
...
040 (11139883.012.000) 2023-07-20 06:29:30 Finished transferring output files
...
005 (11139883.012.000) 2023-07-20 06:29:38 Job terminated.
	(1) Normal termination (return value 0)
		Usr 0 00:07:22, Sys 0 00:00:03  -  Run Remote Usage
		Usr 0 00:00:00, Sys 0 00:00:00  -  Run Local Usage
		Usr 0 00:07:22, Sys 0 00:00:03  -  Total Remote Usage
		Usr 0 00:00:00, Sys 0 00:00:00  -  Total Local Usage
	57780  -  Run Bytes Sent By Job
	32725918  -  Run Bytes Received By Job
	57780  -  Total Bytes Sent By Job
	32725918  -  Total Bytes Received By Job
	Partitionable Resources :     Usage  Request Allocated 
	   Cpus                 :      0.99        1         1 
	   Disk (KB)            : 255231      524288   1458998 
	   IoHeavy              :                            0 
	   Memory (MB)          :    507         512       512 

	Job terminated of its own accord at 2023-07-20T11:29:30Z with exit-code 0.
...
