000 (11392336.024.000) 2023-08-03 08:17:13 Job submitted from host: <128.104.101.92:9618?addrs=128.104.101.92-9618+[2607-f388-107c-501-a236-9fff-fe3c-caa8]-9618&alias=submit2.chtc.wisc.edu&noUDP&sock=schedd_1879732_618e>
...
040 (11392336.024.000) 2023-08-03 08:17:32 Started transferring input files
	Transferring to host: <128.105.69.187:9618?addrs=128.105.69.187-9618+[2607-f388-2200-100-1270-fdff-fe56-b86c]-9618&alias=e4039.chtc.wisc.edu&noUDP&sock=slot1_49_3589331_2540_77032>
...
040 (11392336.024.000) 2023-08-03 08:17:34 Finished transferring input files
...
001 (11392336.024.000) 2023-08-03 08:17:36 Job executing on host: <128.105.69.187:9618?addrs=128.105.69.187-9618+[2607-f388-2200-100-1270-fdff-fe56-b86c]-9618&alias=e4039.chtc.wisc.edu&noUDP&sock=startd_15786_7621>
	SlotName: slot1_49@e4039.chtc.wisc.edu
	CondorScratchDir = "/var/lib/condor/execute/slot1/dir_3712396"
	Cpus = 1
	Disk = 1208198
	IoHeavy = 0
	Memory = 512
...
006 (11392336.024.000) 2023-08-03 08:17:44 Image size of job updated: 171168
	168  -  MemoryUsage of job (MB)
	171168  -  ResidentSetSize of job (KB)
...
006 (11392336.024.000) 2023-08-03 08:20:01 Image size of job updated: 408432
	179  -  MemoryUsage of job (MB)
	182324  -  ResidentSetSize of job (KB)
...
040 (11392336.024.000) 2023-08-03 08:20:01 Started transferring output files
...
040 (11392336.024.000) 2023-08-03 08:20:01 Finished transferring output files
...
005 (11392336.024.000) 2023-08-03 08:20:01 Job terminated.
	(1) Normal termination (return value 0)
		Usr 0 00:02:11, Sys 0 00:00:09  -  Run Remote Usage
		Usr 0 00:00:00, Sys 0 00:00:00  -  Run Local Usage
		Usr 0 00:02:11, Sys 0 00:00:09  -  Total Remote Usage
		Usr 0 00:00:00, Sys 0 00:00:00  -  Total Local Usage
	57198  -  Run Bytes Sent By Job
	32727852  -  Run Bytes Received By Job
	57198  -  Total Bytes Sent By Job
	32727852  -  Total Bytes Received By Job
	Partitionable Resources :    Usage  Request Allocated 
	   Cpus                 :                 1         1 
	   Disk (KB)            :   255849   524288   1208198 
	   IoHeavy              :                           0 
	   Memory (MB)          :      179      512       512 

	Job terminated of its own accord at 2023-08-03T13:20:01Z with exit-code 0.
...
