000 (11392336.065.000) 2023-08-03 08:17:14 Job submitted from host: <128.104.101.92:9618?addrs=128.104.101.92-9618+[2607-f388-107c-501-a236-9fff-fe3c-caa8]-9618&alias=submit2.chtc.wisc.edu&noUDP&sock=schedd_1879732_618e>
...
040 (11392336.065.000) 2023-08-03 08:17:35 Started transferring input files
	Transferring to host: <128.105.69.168:9618?addrs=128.105.69.168-9618+[2607-f388-2200-100-1270-fdff-fe56-768c]-9618&alias=e2551.chtc.wisc.edu&noUDP&sock=slot1_18_2837716_623c_78478>
...
040 (11392336.065.000) 2023-08-03 08:17:37 Finished transferring input files
...
001 (11392336.065.000) 2023-08-03 08:17:38 Job executing on host: <128.105.69.168:9618?addrs=128.105.69.168-9618+[2607-f388-2200-100-1270-fdff-fe56-768c]-9618&alias=e2551.chtc.wisc.edu&noUDP&sock=startd_12968_8c3f>
	SlotName: slot1_18@e2551.chtc.wisc.edu
	CondorScratchDir = "/var/lib/condor/execute/slot1/dir_787556"
	Cpus = 1
	Disk = 1208198
	IoHeavy = 0
	Memory = 512
...
006 (11392336.065.000) 2023-08-03 08:17:47 Image size of job updated: 524288
	511  -  MemoryUsage of job (MB)
	522716  -  ResidentSetSize of job (KB)
...
040 (11392336.065.000) 2023-08-03 08:18:42 Started transferring output files
...
040 (11392336.065.000) 2023-08-03 08:18:42 Finished transferring output files
...
005 (11392336.065.000) 2023-08-03 08:18:42 Job terminated.
	(1) Normal termination (return value 0)
		Usr 0 00:01:00, Sys 0 00:00:01  -  Run Remote Usage
		Usr 0 00:00:00, Sys 0 00:00:00  -  Run Local Usage
		Usr 0 00:01:00, Sys 0 00:00:01  -  Total Remote Usage
		Usr 0 00:00:00, Sys 0 00:00:00  -  Total Local Usage
	58063  -  Run Bytes Sent By Job
	32727852  -  Run Bytes Received By Job
	58063  -  Total Bytes Sent By Job
	32727852  -  Total Bytes Received By Job
	Partitionable Resources :    Usage  Request Allocated 
	   Cpus                 :                 1         1 
	   Disk (KB)            :   255225   524288   1208198 
	   IoHeavy              :                           0 
	   Memory (MB)          :      511      512       512 

	Job terminated of its own accord at 2023-08-03T13:18:42Z with exit-code 0.
...
