000 (11174826.012.000) 2023-07-25 19:31:08 Job submitted from host: <128.104.101.92:9618?addrs=128.104.101.92-9618+[2607-f388-107c-501-a236-9fff-fe3c-caa8]-9618&alias=submit2.chtc.wisc.edu&noUDP&sock=schedd_1879732_618e>
...
040 (11174826.012.000) 2023-07-25 19:32:56 Started transferring input files
	Transferring to host: <128.105.69.96:9618?addrs=128.105.69.96-9618+[2607-f388-2200-100-1270-fdff-fe56-c75c]-9618&alias=e4007.chtc.wisc.edu&noUDP&sock=slot1_25_3191673_1c55_41085>
...
040 (11174826.012.000) 2023-07-25 19:33:00 Finished transferring input files
...
001 (11174826.012.000) 2023-07-25 19:33:01 Job executing on host: <128.105.69.96:9618?addrs=128.105.69.96-9618+[2607-f388-2200-100-1270-fdff-fe56-c75c]-9618&alias=e4007.chtc.wisc.edu&noUDP&sock=startd_15642_b07e>
	SlotName: slot1_25@e4007.chtc.wisc.edu
	CondorScratchDir = "/var/lib/condor/execute/slot1/dir_2951646"
	Cpus = 1
	Disk = 1208198
	IoHeavy = 0
	Memory = 512
...
006 (11174826.012.000) 2023-07-25 19:33:09 Image size of job updated: 295440
	240  -  MemoryUsage of job (MB)
	245268  -  ResidentSetSize of job (KB)
...
006 (11174826.012.000) 2023-07-25 19:35:55 Image size of job updated: 438276
	242  -  MemoryUsage of job (MB)
	247008  -  ResidentSetSize of job (KB)
...
040 (11174826.012.000) 2023-07-25 19:35:56 Started transferring output files
...
040 (11174826.012.000) 2023-07-25 19:35:56 Finished transferring output files
...
005 (11174826.012.000) 2023-07-25 19:35:56 Job terminated.
	(1) Normal termination (return value 0)
		Usr 0 00:02:46, Sys 0 00:00:03  -  Run Remote Usage
		Usr 0 00:00:00, Sys 0 00:00:00  -  Run Local Usage
		Usr 0 00:02:46, Sys 0 00:00:03  -  Total Remote Usage
		Usr 0 00:00:00, Sys 0 00:00:00  -  Total Local Usage
	57548  -  Run Bytes Sent By Job
	32725816  -  Run Bytes Received By Job
	57548  -  Total Bytes Sent By Job
	32725816  -  Total Bytes Received By Job
	Partitionable Resources :     Usage  Request Allocated 
	   Cpus                 :      0.98        1         1 
	   Disk (KB)            : 256056      524288   1208198 
	   IoHeavy              :                            0 
	   Memory (MB)          :    242         512       512 

	Job terminated of its own accord at 2023-07-26T00:35:55Z with exit-code 0.
...
