000 (11392336.036.000) 2023-08-03 08:17:13 Job submitted from host: <128.104.101.92:9618?addrs=128.104.101.92-9618+[2607-f388-107c-501-a236-9fff-fe3c-caa8]-9618&alias=submit2.chtc.wisc.edu&noUDP&sock=schedd_1879732_618e>
...
040 (11392336.036.000) 2023-08-03 08:17:33 Started transferring input files
	Transferring to host: <128.105.69.139:9618?addrs=128.105.69.139-9618+[2607-f388-2200-100-1270-fdff-fe56-79fc]-9618&alias=e4016.chtc.wisc.edu&noUDP&sock=slot1_51_1794997_84fa_75541>
...
040 (11392336.036.000) 2023-08-03 08:17:35 Finished transferring input files
...
001 (11392336.036.000) 2023-08-03 08:17:36 Job executing on host: <128.105.69.139:9618?addrs=128.105.69.139-9618+[2607-f388-2200-100-1270-fdff-fe56-79fc]-9618&alias=e4016.chtc.wisc.edu&noUDP&sock=startd_15800_1075>
	SlotName: slot1_51@e4016.chtc.wisc.edu
	CondorScratchDir = "/var/lib/condor/execute/slot1/dir_2288600"
	Cpus = 1
	Disk = 1208198
	IoHeavy = 0
	Memory = 512
...
006 (11392336.036.000) 2023-08-03 08:17:44 Image size of job updated: 275560
	218  -  MemoryUsage of job (MB)
	222892  -  ResidentSetSize of job (KB)
...
006 (11392336.036.000) 2023-08-03 08:18:29 Image size of job updated: 398804
	221  -  MemoryUsage of job (MB)
	225480  -  ResidentSetSize of job (KB)
...
040 (11392336.036.000) 2023-08-03 08:18:29 Started transferring output files
...
040 (11392336.036.000) 2023-08-03 08:18:29 Finished transferring output files
...
005 (11392336.036.000) 2023-08-03 08:18:29 Job terminated.
	(1) Normal termination (return value 0)
		Usr 0 00:00:47, Sys 0 00:00:03  -  Run Remote Usage
		Usr 0 00:00:00, Sys 0 00:00:00  -  Run Local Usage
		Usr 0 00:00:47, Sys 0 00:00:03  -  Total Remote Usage
		Usr 0 00:00:00, Sys 0 00:00:00  -  Total Local Usage
	52004  -  Run Bytes Sent By Job
	32727852  -  Run Bytes Received By Job
	52004  -  Total Bytes Sent By Job
	32727852  -  Total Bytes Received By Job
	Partitionable Resources :     Usage  Request Allocated 
	   Cpus                 :      0.62        1         1 
	   Disk (KB)            : 256166      524288   1208198 
	   IoHeavy              :                            0 
	   Memory (MB)          :    221         512       512 

	Job terminated of its own accord at 2023-08-03T13:18:29Z with exit-code 0.
...
