000 (11139883.158.000) 2023-07-20 06:17:26 Job submitted from host: <128.104.101.92:9618?addrs=128.104.101.92-9618+[2607-f388-107c-501-a236-9fff-fe3c-caa8]-9618&alias=submit2.chtc.wisc.edu&noUDP&sock=schedd_1879732_618e>
...
040 (11139883.158.000) 2023-07-20 06:20:53 Started transferring input files
	Transferring to host: <128.105.69.98:9618?addrs=128.105.69.98-9618+[2607-f388-2200-100-1270-fdff-fe56-45f4]-9618&alias=e4009.chtc.wisc.edu&noUDP&sock=slot1_76_3988814_0ed5_26918>
...
040 (11139883.158.000) 2023-07-20 06:20:54 Finished transferring input files
...
001 (11139883.158.000) 2023-07-20 06:20:55 Job executing on host: <128.105.69.98:9618?addrs=128.105.69.98-9618+[2607-f388-2200-100-1270-fdff-fe56-45f4]-9618&alias=e4009.chtc.wisc.edu&noUDP&sock=startd_15856_79c2>
	SlotName: slot1_76@e4009.chtc.wisc.edu
	CondorScratchDir = "/var/lib/condor/execute/slot1/dir_449033"
	Cpus = 1
	Disk = 1208198
	IoHeavy = 0
	Memory = 512
...
006 (11139883.158.000) 2023-07-20 06:21:04 Image size of job updated: 510196
	480  -  MemoryUsage of job (MB)
	491148  -  ResidentSetSize of job (KB)
...
006 (11139883.158.000) 2023-07-20 06:22:04 Image size of job updated: 520788
	480  -  MemoryUsage of job (MB)
	491148  -  ResidentSetSize of job (KB)
...
040 (11139883.158.000) 2023-07-20 06:22:04 Started transferring output files
...
040 (11139883.158.000) 2023-07-20 06:22:04 Finished transferring output files
...
005 (11139883.158.000) 2023-07-20 06:22:04 Job terminated.
	(1) Normal termination (return value 0)
		Usr 0 00:01:05, Sys 0 00:00:01  -  Run Remote Usage
		Usr 0 00:00:00, Sys 0 00:00:00  -  Run Local Usage
		Usr 0 00:01:05, Sys 0 00:00:01  -  Total Remote Usage
		Usr 0 00:00:00, Sys 0 00:00:00  -  Total Local Usage
	57456  -  Run Bytes Sent By Job
	32725918  -  Run Bytes Received By Job
	57456  -  Total Bytes Sent By Job
	32725918  -  Total Bytes Received By Job
	Partitionable Resources :     Usage  Request Allocated 
	   Cpus                 :      0.99        1         1 
	   Disk (KB)            : 255231      524288   1208198 
	   IoHeavy              :                            0 
	   Memory (MB)          :    480         512       512 

	Job terminated of its own accord at 2023-07-20T11:22:04Z with exit-code 0.
...
