000 (11139883.147.000) 2023-07-20 06:17:26 Job submitted from host: <128.104.101.92:9618?addrs=128.104.101.92-9618+[2607-f388-107c-501-a236-9fff-fe3c-caa8]-9618&alias=submit2.chtc.wisc.edu&noUDP&sock=schedd_1879732_618e>
...
040 (11139883.147.000) 2023-07-20 06:20:51 Started transferring input files
	Transferring to host: <128.105.69.122:9618?addrs=128.105.69.122-9618+[2607-f388-2200-100-1270-fdff-fe56-c8bc]-9618&alias=e4071.chtc.wisc.edu&noUDP&sock=slot1_57_2023919_c717_29151>
...
040 (11139883.147.000) 2023-07-20 06:20:54 Finished transferring input files
...
001 (11139883.147.000) 2023-07-20 06:20:55 Job executing on host: <128.105.69.122:9618?addrs=128.105.69.122-9618+[2607-f388-2200-100-1270-fdff-fe56-c8bc]-9618&alias=e4071.chtc.wisc.edu&noUDP&sock=startd_18681_30ce>
	SlotName: slot1_57@e4071.chtc.wisc.edu
	CondorScratchDir = "/var/lib/condor/execute/slot1/dir_799520"
	Cpus = 1
	Disk = 1208198
	IoHeavy = 0
	Memory = 512
...
006 (11139883.147.000) 2023-07-20 06:21:04 Image size of job updated: 399088
	346  -  MemoryUsage of job (MB)
	354192  -  ResidentSetSize of job (KB)
...
006 (11139883.147.000) 2023-07-20 06:23:16 Image size of job updated: 423868
	360  -  MemoryUsage of job (MB)
	368528  -  ResidentSetSize of job (KB)
...
040 (11139883.147.000) 2023-07-20 06:23:16 Started transferring output files
...
040 (11139883.147.000) 2023-07-20 06:23:16 Finished transferring output files
...
005 (11139883.147.000) 2023-07-20 06:23:16 Job terminated.
	(1) Normal termination (return value 0)
		Usr 0 00:02:16, Sys 0 00:00:01  -  Run Remote Usage
		Usr 0 00:00:00, Sys 0 00:00:00  -  Run Local Usage
		Usr 0 00:02:16, Sys 0 00:00:01  -  Total Remote Usage
		Usr 0 00:00:00, Sys 0 00:00:00  -  Total Local Usage
	57423  -  Run Bytes Sent By Job
	32725918  -  Run Bytes Received By Job
	57423  -  Total Bytes Sent By Job
	32725918  -  Total Bytes Received By Job
	Partitionable Resources :     Usage  Request Allocated 
	   Cpus                 :      0.99        1         1 
	   Disk (KB)            : 255231      524288   1208198 
	   IoHeavy              :                            0 
	   Memory (MB)          :    360         512       512 

	Job terminated of its own accord at 2023-07-20T11:23:16Z with exit-code 0.
...
