000 (11392261.057.000) 2023-08-02 21:08:52 Job submitted from host: <128.104.101.92:9618?addrs=128.104.101.92-9618+[2607-f388-107c-501-a236-9fff-fe3c-caa8]-9618&alias=submit2.chtc.wisc.edu&noUDP&sock=schedd_1879732_618e>
...
040 (11392261.057.000) 2023-08-02 21:10:06 Started transferring input files
	Transferring to host: <128.105.69.99:9618?addrs=128.105.69.99-9618+[2607-f388-2200-100-1270-fdff-fe56-7674]-9618&alias=e4010.chtc.wisc.edu&noUDP&sock=slot1_190_1775110_5431_72823>
...
040 (11392261.057.000) 2023-08-02 21:10:08 Finished transferring input files
...
001 (11392261.057.000) 2023-08-02 21:10:10 Job executing on host: <128.105.69.99:9618?addrs=128.105.69.99-9618+[2607-f388-2200-100-1270-fdff-fe56-7674]-9618&alias=e4010.chtc.wisc.edu&noUDP&sock=startd_15877_e140>
	SlotName: slot1_190@e4010.chtc.wisc.edu
	CondorScratchDir = "/var/lib/condor/execute/slot1/dir_4136574"
	Cpus = 1
	Disk = 1208198
	IoHeavy = 0
	Memory = 512
...
006 (11392261.057.000) 2023-08-02 21:10:18 Image size of job updated: 275576
	248  -  MemoryUsage of job (MB)
	253024  -  ResidentSetSize of job (KB)
...
006 (11392261.057.000) 2023-08-02 21:14:44 Image size of job updated: 413440
	252  -  MemoryUsage of job (MB)
	257380  -  ResidentSetSize of job (KB)
...
040 (11392261.057.000) 2023-08-02 21:14:44 Started transferring output files
...
040 (11392261.057.000) 2023-08-02 21:14:44 Finished transferring output files
...
005 (11392261.057.000) 2023-08-02 21:14:44 Job terminated.
	(1) Normal termination (return value 0)
		Usr 0 00:04:19, Sys 0 00:00:08  -  Run Remote Usage
		Usr 0 00:00:00, Sys 0 00:00:00  -  Run Local Usage
		Usr 0 00:04:19, Sys 0 00:00:08  -  Total Remote Usage
		Usr 0 00:00:00, Sys 0 00:00:00  -  Total Local Usage
	57916  -  Run Bytes Sent By Job
	32727852  -  Run Bytes Received By Job
	57916  -  Total Bytes Sent By Job
	32727852  -  Total Bytes Received By Job
	Partitionable Resources :     Usage  Request Allocated 
	   Cpus                 :      0.83        1         1 
	   Disk (KB)            : 256098      524288   1208198 
	   IoHeavy              :                            0 
	   Memory (MB)          :    252         512       512 

	Job terminated of its own accord at 2023-08-03T02:14:44Z with exit-code 0.
...
