040 (11139799.008.000) 2023-07-19 21:18:23 Started transferring input files
	Transferring to host: <128.105.69.196:9618?addrs=128.105.69.196-9618+[2607-f388-2200-100-1270-fdff-fe56-bf74]-9618&alias=e4049.chtc.wisc.edu&noUDP&sock=slot1_137_3460697_db11_17111>
...
040 (11139799.008.000) 2023-07-19 21:18:26 Finished transferring input files
...
001 (11139799.008.000) 2023-07-19 21:18:27 Job executing on host: <128.105.69.196:9618?addrs=128.105.69.196-9618+[2607-f388-2200-100-1270-fdff-fe56-bf74]-9618&alias=e4049.chtc.wisc.edu&noUDP&sock=startd_16763_9a29>
	SlotName: slot1_137@e4049.chtc.wisc.edu
	CondorScratchDir = "/var/lib/condor/execute/slot1/dir_2445762"
	Cpus = 1
	Disk = 1208198
	IoHeavy = 0
	Memory = 512
...
006 (11139799.008.000) 2023-07-19 21:18:36 Image size of job updated: 158148
	155  -  MemoryUsage of job (MB)
	157868  -  ResidentSetSize of job (KB)
...
006 (11139799.008.000) 2023-07-19 21:19:07 Image size of job updated: 399392
	155  -  MemoryUsage of job (MB)
	158380  -  ResidentSetSize of job (KB)
...
040 (11139799.008.000) 2023-07-19 21:19:08 Started transferring output files
...
040 (11139799.008.000) 2023-07-19 21:19:08 Finished transferring output files
...
005 (11139799.008.000) 2023-07-19 21:19:10 Job terminated.
	(1) Normal termination (return value 1)
		Usr 0 00:00:27, Sys 0 00:00:09  -  Run Remote Usage
		Usr 0 00:00:00, Sys 0 00:00:00  -  Run Local Usage
		Usr 0 00:00:27, Sys 0 00:00:09  -  Total Remote Usage
		Usr 0 00:00:00, Sys 0 00:00:00  -  Total Local Usage
	3154  -  Run Bytes Sent By Job
	32725180  -  Run Bytes Received By Job
	3154  -  Total Bytes Sent By Job
	32725180  -  Total Bytes Received By Job
	Partitionable Resources :    Usage  Request Allocated 
	   Cpus                 :                 1         1 
	   Disk (KB)            :   255810   524288   1208198 
	   IoHeavy              :                           0 
	   Memory (MB)          :      155      512       512 

	Job terminated of its own accord at 2023-07-20T02:19:07Z with exit-code 1.
...
