000 (11178184.011.000) 2023-07-26 21:10:59 Job submitted from host: <128.104.101.92:9618?addrs=128.104.101.92-9618+[2607-f388-107c-501-a236-9fff-fe3c-caa8]-9618&alias=submit2.chtc.wisc.edu&noUDP&sock=schedd_1879732_618e>
...
040 (11178184.011.000) 2023-07-26 21:13:04 Started transferring input files
	Transferring to host: <128.105.69.162:9618?addrs=128.105.69.162-9618+[2607-f388-2200-100-1270-fdff-fe56-bd0c]-9618&alias=e4095.chtc.wisc.edu&noUDP&sock=slot1_113_3408026_5f13_51075>
...
040 (11178184.011.000) 2023-07-26 21:13:06 Finished transferring input files
...
001 (11178184.011.000) 2023-07-26 21:13:07 Job executing on host: <128.105.69.162:9618?addrs=128.105.69.162-9618+[2607-f388-2200-100-1270-fdff-fe56-bd0c]-9618&alias=e4095.chtc.wisc.edu&noUDP&sock=startd_17175_332e>
	SlotName: slot1_113@e4095.chtc.wisc.edu
	CondorScratchDir = "/var/lib/condor/execute/slot1/dir_2800201"
	Cpus = 1
	Disk = 1208198
	IoHeavy = 0
	Memory = 512
...
006 (11178184.011.000) 2023-07-26 21:13:15 Image size of job updated: 275188
	191  -  MemoryUsage of job (MB)
	195404  -  ResidentSetSize of job (KB)
...
006 (11178184.011.000) 2023-07-26 21:18:15 Image size of job updated: 441476
	431  -  MemoryUsage of job (MB)
	441220  -  ResidentSetSize of job (KB)
...
006 (11178184.011.000) 2023-07-26 21:23:16 Image size of job updated: 441480
	431  -  MemoryUsage of job (MB)
	441224  -  ResidentSetSize of job (KB)
...
006 (11178184.011.000) 2023-07-26 21:27:38 Image size of job updated: 441984
	431  -  MemoryUsage of job (MB)
	441224  -  ResidentSetSize of job (KB)
...
040 (11178184.011.000) 2023-07-26 21:27:39 Started transferring output files
...
040 (11178184.011.000) 2023-07-26 21:27:39 Finished transferring output files
...
005 (11178184.011.000) 2023-07-26 21:27:40 Job terminated.
	(1) Normal termination (return value 0)
		Usr 0 00:14:13, Sys 0 00:00:07  -  Run Remote Usage
		Usr 0 00:00:00, Sys 0 00:00:00  -  Run Local Usage
		Usr 0 00:14:13, Sys 0 00:00:07  -  Total Remote Usage
		Usr 0 00:00:00, Sys 0 00:00:00  -  Total Local Usage
	56964  -  Run Bytes Sent By Job
	32726544  -  Run Bytes Received By Job
	56964  -  Total Bytes Sent By Job
	32726544  -  Total Bytes Received By Job
	Partitionable Resources :     Usage  Request Allocated 
	   Cpus                 :      0.99        1         1 
	   Disk (KB)            : 255952      524288   1208198 
	   IoHeavy              :                            0 
	   Memory (MB)          :    431         512       512 

	Job terminated of its own accord at 2023-07-27T02:27:38Z with exit-code 0.
...
