000 (11392261.049.000) 2023-08-02 21:08:52 Job submitted from host: <128.104.101.92:9618?addrs=128.104.101.92-9618+[2607-f388-107c-501-a236-9fff-fe3c-caa8]-9618&alias=submit2.chtc.wisc.edu&noUDP&sock=schedd_1879732_618e>
...
040 (11392261.049.000) 2023-08-02 21:10:05 Started transferring input files
	Transferring to host: <128.105.69.203:9618?addrs=128.105.69.203-9618+[2607-f388-2200-100-1270-fdff-fe56-c37c]-9618&alias=e4034.chtc.wisc.edu&noUDP&sock=slot1_105_1090648_ee38_78047>
...
040 (11392261.049.000) 2023-08-02 21:10:07 Finished transferring input files
...
001 (11392261.049.000) 2023-08-02 21:10:08 Job executing on host: <128.105.69.203:9618?addrs=128.105.69.203-9618+[2607-f388-2200-100-1270-fdff-fe56-c37c]-9618&alias=e4034.chtc.wisc.edu&noUDP&sock=startd_15838_210e>
	SlotName: slot1_105@e4034.chtc.wisc.edu
	CondorScratchDir = "/var/lib/condor/execute/slot1/dir_3625640"
	Cpus = 1
	Disk = 1208198
	IoHeavy = 0
	Memory = 512
...
006 (11392261.049.000) 2023-08-02 21:10:17 Image size of job updated: 385044
	331  -  MemoryUsage of job (MB)
	338848  -  ResidentSetSize of job (KB)
...
006 (11392261.049.000) 2023-08-02 21:12:14 Image size of job updated: 519272
	331  -  MemoryUsage of job (MB)
	338848  -  ResidentSetSize of job (KB)
...
040 (11392261.049.000) 2023-08-02 21:12:14 Started transferring output files
...
040 (11392261.049.000) 2023-08-02 21:12:14 Finished transferring output files
...
005 (11392261.049.000) 2023-08-02 21:12:14 Job terminated.
	(1) Normal termination (return value 0)
		Usr 0 00:01:56, Sys 0 00:00:04  -  Run Remote Usage
		Usr 0 00:00:00, Sys 0 00:00:00  -  Run Local Usage
		Usr 0 00:01:56, Sys 0 00:00:04  -  Total Remote Usage
		Usr 0 00:00:00, Sys 0 00:00:00  -  Total Local Usage
	57561  -  Run Bytes Sent By Job
	32727852  -  Run Bytes Received By Job
	57561  -  Total Bytes Sent By Job
	32727852  -  Total Bytes Received By Job
	Partitionable Resources :    Usage  Request Allocated 
	   Cpus                 :                 1         1 
	   Disk (KB)            :   256057   524288   1208198 
	   IoHeavy              :                           0 
	   Memory (MB)          :      331      512       512 

	Job terminated of its own accord at 2023-08-03T02:12:14Z with exit-code 0.
...
