000 (11392261.037.000) 2023-08-02 21:08:52 Job submitted from host: <128.104.101.92:9618?addrs=128.104.101.92-9618+[2607-f388-107c-501-a236-9fff-fe3c-caa8]-9618&alias=submit2.chtc.wisc.edu&noUDP&sock=schedd_1879732_618e>
...
040 (11392261.037.000) 2023-08-02 21:10:03 Started transferring input files
	Transferring to host: <128.105.69.193:9618?addrs=128.105.69.193-9618+[2607-f388-2200-100-1270-fdff-fe56-4604]-9618&alias=e4046.chtc.wisc.edu&noUDP&sock=slot1_72_1422684_5476_65052>
...
040 (11392261.037.000) 2023-08-02 21:10:05 Finished transferring input files
...
001 (11392261.037.000) 2023-08-02 21:10:06 Job executing on host: <128.105.69.193:9618?addrs=128.105.69.193-9618+[2607-f388-2200-100-1270-fdff-fe56-4604]-9618&alias=e4046.chtc.wisc.edu&noUDP&sock=startd_15967_9cc6>
	SlotName: slot1_72@e4046.chtc.wisc.edu
	CondorScratchDir = "/var/lib/condor/execute/slot1/dir_3881708"
	Cpus = 1
	Disk = 1208198
	IoHeavy = 0
	Memory = 512
...
006 (11392261.037.000) 2023-08-02 21:10:15 Image size of job updated: 276416
	210  -  MemoryUsage of job (MB)
	214720  -  ResidentSetSize of job (KB)
...
006 (11392261.037.000) 2023-08-02 21:13:03 Image size of job updated: 419264
	216  -  MemoryUsage of job (MB)
	220608  -  ResidentSetSize of job (KB)
...
040 (11392261.037.000) 2023-08-02 21:13:03 Started transferring output files
...
040 (11392261.037.000) 2023-08-02 21:13:03 Finished transferring output files
...
005 (11392261.037.000) 2023-08-02 21:13:03 Job terminated.
	(1) Normal termination (return value 0)
		Usr 0 00:02:50, Sys 0 00:00:02  -  Run Remote Usage
		Usr 0 00:00:00, Sys 0 00:00:00  -  Run Local Usage
		Usr 0 00:02:50, Sys 0 00:00:02  -  Total Remote Usage
		Usr 0 00:00:00, Sys 0 00:00:00  -  Total Local Usage
	57531  -  Run Bytes Sent By Job
	32727852  -  Run Bytes Received By Job
	57531  -  Total Bytes Sent By Job
	32727852  -  Total Bytes Received By Job
	Partitionable Resources :     Usage  Request Allocated 
	   Cpus                 :      0.98        1         1 
	   Disk (KB)            : 255233      524288   1208198 
	   IoHeavy              :                            0 
	   Memory (MB)          :    216         512       512 

	Job terminated of its own accord at 2023-08-03T02:13:03Z with exit-code 0.
...
