000 (11392336.053.000) 2023-08-03 08:17:14 Job submitted from host: <128.104.101.92:9618?addrs=128.104.101.92-9618+[2607-f388-107c-501-a236-9fff-fe3c-caa8]-9618&alias=submit2.chtc.wisc.edu&noUDP&sock=schedd_1879732_618e>
...
040 (11392336.053.000) 2023-08-03 08:17:34 Started transferring input files
	Transferring to host: <128.105.69.179:9618?addrs=128.105.69.179-9618+[2607-f388-2200-100-1270-fdff-fe56-778c]-9618&alias=e2562.chtc.wisc.edu&noUDP&sock=slot1_68_51823_bdd4_84661>
...
040 (11392336.053.000) 2023-08-03 08:17:36 Finished transferring input files
...
001 (11392336.053.000) 2023-08-03 08:17:37 Job executing on host: <128.105.69.179:9618?addrs=128.105.69.179-9618+[2607-f388-2200-100-1270-fdff-fe56-778c]-9618&alias=e2562.chtc.wisc.edu&noUDP&sock=startd_14077_3ac7>
	SlotName: slot1_68@e2562.chtc.wisc.edu
	CondorScratchDir = "/var/lib/condor/execute/slot1/dir_3350891"
	Cpus = 1
	Disk = 1208198
	IoHeavy = 0
	Memory = 512
...
006 (11392336.053.000) 2023-08-03 08:17:46 Image size of job updated: 276128
	239  -  MemoryUsage of job (MB)
	243868  -  ResidentSetSize of job (KB)
...
006 (11392336.053.000) 2023-08-03 08:22:47 Image size of job updated: 431132
	420  -  MemoryUsage of job (MB)
	429548  -  ResidentSetSize of job (KB)
...
040 (11392336.053.000) 2023-08-03 08:24:29 Started transferring output files
...
040 (11392336.053.000) 2023-08-03 08:24:29 Finished transferring output files
...
005 (11392336.053.000) 2023-08-03 08:24:29 Job terminated.
	(1) Normal termination (return value 0)
		Usr 0 00:06:37, Sys 0 00:00:03  -  Run Remote Usage
		Usr 0 00:00:00, Sys 0 00:00:00  -  Run Local Usage
		Usr 0 00:06:37, Sys 0 00:00:03  -  Total Remote Usage
		Usr 0 00:00:00, Sys 0 00:00:00  -  Total Local Usage
	57095  -  Run Bytes Sent By Job
	32727852  -  Run Bytes Received By Job
	57095  -  Total Bytes Sent By Job
	32727852  -  Total Bytes Received By Job
	Partitionable Resources :     Usage  Request Allocated 
	   Cpus                 :      0.98        1         1 
	   Disk (KB)            : 256400      524288   1208198 
	   IoHeavy              :                            0 
	   Memory (MB)          :    420         512       512 

	Job terminated of its own accord at 2023-08-03T13:24:29Z with exit-code 0.
...
