000 (11139883.079.000) 2023-07-20 06:17:26 Job submitted from host: <128.104.101.92:9618?addrs=128.104.101.92-9618+[2607-f388-107c-501-a236-9fff-fe3c-caa8]-9618&alias=submit2.chtc.wisc.edu&noUDP&sock=schedd_1879732_618e>
...
040 (11139883.079.000) 2023-07-20 06:20:45 Started transferring input files
	Transferring to host: <128.105.69.150:9618?addrs=128.105.69.150-9618+[2607-f388-2200-100-1270-fdff-fe56-732c]-9618&alias=e4027.chtc.wisc.edu&noUDP&sock=slot1_19_3323874_acb5_28049>
...
040 (11139883.079.000) 2023-07-20 06:20:47 Finished transferring input files
...
001 (11139883.079.000) 2023-07-20 06:20:48 Job executing on host: <128.105.69.150:9618?addrs=128.105.69.150-9618+[2607-f388-2200-100-1270-fdff-fe56-732c]-9618&alias=e4027.chtc.wisc.edu&noUDP&sock=startd_15988_0443>
	SlotName: slot1_19@e4027.chtc.wisc.edu
	CondorScratchDir = "/var/lib/condor/execute/slot1/dir_1717042"
	Cpus = 1
	Disk = 1208198
	IoHeavy = 0
	Memory = 512
...
006 (11139883.079.000) 2023-07-20 06:20:57 Image size of job updated: 439076
	426  -  MemoryUsage of job (MB)
	436200  -  ResidentSetSize of job (KB)
...
006 (11139883.079.000) 2023-07-20 06:25:59 Image size of job updated: 524288
	493  -  MemoryUsage of job (MB)
	504224  -  ResidentSetSize of job (KB)
...
006 (11139883.079.000) 2023-07-20 06:35:59 Image size of job updated: 524288
	494  -  MemoryUsage of job (MB)
	505720  -  ResidentSetSize of job (KB)
...
006 (11139883.079.000) 2023-07-20 06:41:00 Image size of job updated: 524288
	500  -  MemoryUsage of job (MB)
	511140  -  ResidentSetSize of job (KB)
...
040 (11139883.079.000) 2023-07-20 06:41:34 Started transferring output files
...
040 (11139883.079.000) 2023-07-20 06:41:36 Finished transferring output files
...
005 (11139883.079.000) 2023-07-20 06:41:38 Job terminated.
	(1) Normal termination (return value 0)
		Usr 0 00:20:21, Sys 0 00:00:08  -  Run Remote Usage
		Usr 0 00:00:00, Sys 0 00:00:00  -  Run Local Usage
		Usr 0 00:20:21, Sys 0 00:00:08  -  Total Remote Usage
		Usr 0 00:00:00, Sys 0 00:00:00  -  Total Local Usage
	57885  -  Run Bytes Sent By Job
	32725918  -  Run Bytes Received By Job
	57885  -  Total Bytes Sent By Job
	32725918  -  Total Bytes Received By Job
	Partitionable Resources :     Usage  Request Allocated 
	   Cpus                 :      0.99        1         1 
	   Disk (KB)            : 255232      524288   1208198 
	   IoHeavy              :                            0 
	   Memory (MB)          :    500         512       512 

	Job terminated of its own accord at 2023-07-20T11:41:34Z with exit-code 0.
...
