000 (11392261.101.000) 2023-08-02 21:08:53 Job submitted from host: <128.104.101.92:9618?addrs=128.104.101.92-9618+[2607-f388-107c-501-a236-9fff-fe3c-caa8]-9618&alias=submit2.chtc.wisc.edu&noUDP&sock=schedd_1879732_618e>
...
040 (11392261.101.000) 2023-08-02 21:10:12 Started transferring input files
	Transferring to host: <128.105.69.136:9618?addrs=128.105.69.136-9618+[2607-f388-2200-100-1270-fdff-fe56-c8dc]-9618&alias=e4041.chtc.wisc.edu&noUDP&sock=slot1_114_1608905_deeb_69859>
...
040 (11392261.101.000) 2023-08-02 21:10:14 Finished transferring input files
...
001 (11392261.101.000) 2023-08-02 21:10:15 Job executing on host: <128.105.69.136:9618?addrs=128.105.69.136-9618+[2607-f388-2200-100-1270-fdff-fe56-c8dc]-9618&alias=e4041.chtc.wisc.edu&noUDP&sock=startd_15863_46ec>
	SlotName: slot1_114@e4041.chtc.wisc.edu
	CondorScratchDir = "/var/lib/condor/execute/slot1/dir_2694313"
	Cpus = 1
	Disk = 1208198
	IoHeavy = 0
	Memory = 512
...
006 (11392261.101.000) 2023-08-02 21:10:23 Image size of job updated: 276500
	271  -  MemoryUsage of job (MB)
	276500  -  ResidentSetSize of job (KB)
...
006 (11392261.101.000) 2023-08-02 21:11:29 Image size of job updated: 407356
	271  -  MemoryUsage of job (MB)
	276500  -  ResidentSetSize of job (KB)
...
040 (11392261.101.000) 2023-08-02 21:11:29 Started transferring output files
...
040 (11392261.101.000) 2023-08-02 21:11:29 Finished transferring output files
...
005 (11392261.101.000) 2023-08-02 21:11:29 Job terminated.
	(1) Normal termination (return value 0)
		Usr 0 00:01:08, Sys 0 00:00:02  -  Run Remote Usage
		Usr 0 00:00:00, Sys 0 00:00:00  -  Run Local Usage
		Usr 0 00:01:08, Sys 0 00:00:02  -  Total Remote Usage
		Usr 0 00:00:00, Sys 0 00:00:00  -  Total Local Usage
	58496  -  Run Bytes Sent By Job
	32727852  -  Run Bytes Received By Job
	58496  -  Total Bytes Sent By Job
	32727852  -  Total Bytes Received By Job
	Partitionable Resources :     Usage  Request Allocated 
	   Cpus                 :      0.01        1         1 
	   Disk (KB)            : 256390      524288   1208198 
	   IoHeavy              :                            0 
	   Memory (MB)          :    271         512       512 

	Job terminated of its own accord at 2023-08-03T02:11:29Z with exit-code 0.
...
