000 (11392336.055.000) 2023-08-03 08:17:14 Job submitted from host: <128.104.101.92:9618?addrs=128.104.101.92-9618+[2607-f388-107c-501-a236-9fff-fe3c-caa8]-9618&alias=submit2.chtc.wisc.edu&noUDP&sock=schedd_1879732_618e>
...
040 (11392336.055.000) 2023-08-03 08:17:34 Started transferring input files
	Transferring to host: <128.105.69.161:9618?addrs=128.105.69.161-9618+[2607-f388-2200-100-1270-fdff-fe56-bf5c]-9618&alias=e4094.chtc.wisc.edu&noUDP&sock=slot1_36_1367360_912c_64320>
...
040 (11392336.055.000) 2023-08-03 08:17:36 Finished transferring input files
...
001 (11392336.055.000) 2023-08-03 08:17:37 Job executing on host: <128.105.69.161:9618?addrs=128.105.69.161-9618+[2607-f388-2200-100-1270-fdff-fe56-bf5c]-9618&alias=e4094.chtc.wisc.edu&noUDP&sock=startd_11680_1644>
	SlotName: slot1_36@e4094.chtc.wisc.edu
	CondorScratchDir = "/var/lib/condor/execute/slot1/dir_1019229"
	Cpus = 1
	Disk = 1208198
	IoHeavy = 0
	Memory = 512
...
006 (11392336.055.000) 2023-08-03 08:17:47 Image size of job updated: 285616
	259  -  MemoryUsage of job (MB)
	264620  -  ResidentSetSize of job (KB)
...
006 (11392336.055.000) 2023-08-03 08:22:47 Image size of job updated: 444100
	424  -  MemoryUsage of job (MB)
	434096  -  ResidentSetSize of job (KB)
...
006 (11392336.055.000) 2023-08-03 08:27:30 Image size of job updated: 444840
	424  -  MemoryUsage of job (MB)
	434096  -  ResidentSetSize of job (KB)
...
040 (11392336.055.000) 2023-08-03 08:27:30 Started transferring output files
...
040 (11392336.055.000) 2023-08-03 08:27:30 Finished transferring output files
...
005 (11392336.055.000) 2023-08-03 08:27:30 Job terminated.
	(1) Normal termination (return value 0)
		Usr 0 00:09:35, Sys 0 00:00:08  -  Run Remote Usage
		Usr 0 00:00:00, Sys 0 00:00:00  -  Run Local Usage
		Usr 0 00:09:35, Sys 0 00:00:08  -  Total Remote Usage
		Usr 0 00:00:00, Sys 0 00:00:00  -  Total Local Usage
	57970  -  Run Bytes Sent By Job
	32727852  -  Run Bytes Received By Job
	57970  -  Total Bytes Sent By Job
	32727852  -  Total Bytes Received By Job
	Partitionable Resources :     Usage  Request Allocated 
	   Cpus                 :      0.99        1         1 
	   Disk (KB)            : 256378      524288   1208198 
	   IoHeavy              :                            0 
	   Memory (MB)          :    424         512       512 

	Job terminated of its own accord at 2023-08-03T13:27:30Z with exit-code 0.
...
