000 (11392341.051.000) 2023-08-03 09:09:59 Job submitted from host: <128.104.101.92:9618?addrs=128.104.101.92-9618+[2607-f388-107c-501-a236-9fff-fe3c-caa8]-9618&alias=submit2.chtc.wisc.edu&noUDP&sock=schedd_1879732_618e>
...
040 (11392341.051.000) 2023-08-03 09:10:31 Started transferring input files
	Transferring to host: <128.105.69.123:9618?addrs=128.105.69.123-9618+[2607-f388-2200-100-1270-fdff-fe56-7324]-9618&alias=e4072.chtc.wisc.edu&noUDP&sock=slot1_6_1822831_1726_76205>
...
040 (11392341.051.000) 2023-08-03 09:10:32 Finished transferring input files
...
001 (11392341.051.000) 2023-08-03 09:10:34 Job executing on host: <128.105.69.123:9618?addrs=128.105.69.123-9618+[2607-f388-2200-100-1270-fdff-fe56-7324]-9618&alias=e4072.chtc.wisc.edu&noUDP&sock=startd_17358_b902>
	SlotName: slot1_6@e4072.chtc.wisc.edu
	CondorScratchDir = "/var/lib/condor/execute/slot1/dir_2343392"
	Cpus = 1
	Disk = 1208198
	IoHeavy = 0
	Memory = 512
...
006 (11392341.051.000) 2023-08-03 09:10:42 Image size of job updated: 432748
	419  -  MemoryUsage of job (MB)
	428432  -  ResidentSetSize of job (KB)
...
006 (11392341.051.000) 2023-08-03 09:15:42 Image size of job updated: 524288
	499  -  MemoryUsage of job (MB)
	510388  -  ResidentSetSize of job (KB)
...
040 (11392341.051.000) 2023-08-03 09:16:31 Started transferring output files
...
040 (11392341.051.000) 2023-08-03 09:16:31 Finished transferring output files
...
005 (11392341.051.000) 2023-08-03 09:16:31 Job terminated.
	(1) Normal termination (return value 0)
		Usr 0 00:05:51, Sys 0 00:00:02  -  Run Remote Usage
		Usr 0 00:00:00, Sys 0 00:00:00  -  Run Local Usage
		Usr 0 00:05:51, Sys 0 00:00:02  -  Total Remote Usage
		Usr 0 00:00:00, Sys 0 00:00:00  -  Total Local Usage
	57023  -  Run Bytes Sent By Job
	32727736  -  Run Bytes Received By Job
	57023  -  Total Bytes Sent By Job
	32727736  -  Total Bytes Received By Job
	Partitionable Resources :     Usage  Request Allocated 
	   Cpus                 :      0.99        1         1 
	   Disk (KB)            : 255233      524288   1208198 
	   IoHeavy              :                            0 
	   Memory (MB)          :    499         512       512 

	Job terminated of its own accord at 2023-08-03T14:16:31Z with exit-code 0.
...
