035 (11392341.-01.000) 2023-08-03 09:09:59 Cluster submitted from host: <128.104.101.92:9618?addrs=128.104.101.92-9618+[2607-f388-107c-501-a236-9fff-fe3c-caa8]-9618&alias=submit2.chtc.wisc.edu&noUDP&sock=schedd_1879732_618e>
...
000 (11392341.000.000) 2023-08-03 09:09:59 Job submitted from host: <128.104.101.92:9618?addrs=128.104.101.92-9618+[2607-f388-107c-501-a236-9fff-fe3c-caa8]-9618&alias=submit2.chtc.wisc.edu&noUDP&sock=schedd_1879732_618e>
...
040 (11392341.000.000) 2023-08-03 09:10:22 Started transferring input files
	Transferring to host: <128.105.69.213:9618?addrs=128.105.69.213-9618+[2607-f388-2200-100-eaeb-d3ff-fe40-894]-9618&alias=e2596.chtc.wisc.edu&noUDP&sock=slot1_27_2277354_a979_63151>
...
040 (11392341.000.000) 2023-08-03 09:10:30 Finished transferring input files
...
001 (11392341.000.000) 2023-08-03 09:10:31 Job executing on host: <128.105.69.213:9618?addrs=128.105.69.213-9618+[2607-f388-2200-100-eaeb-d3ff-fe40-894]-9618&alias=e2596.chtc.wisc.edu&noUDP&sock=startd_17297_e1bb>
	SlotName: slot1_27@e2596.chtc.wisc.edu
	CondorScratchDir = "/var/lib/condor/execute/slot1/dir_3392202"
	Cpus = 1
	Disk = 1458998
	IoHeavy = 0
	Memory = 512
...
006 (11392341.000.000) 2023-08-03 09:10:41 Image size of job updated: 241800
	237  -  MemoryUsage of job (MB)
	241800  -  ResidentSetSize of job (KB)
...
006 (11392341.000.000) 2023-08-03 09:15:41 Image size of job updated: 524288
	511  -  MemoryUsage of job (MB)
	523208  -  ResidentSetSize of job (KB)
...
040 (11392341.000.000) 2023-08-03 10:47:41 Started transferring output files
...
040 (11392341.000.000) 2023-08-03 10:47:41 Finished transferring output files
...
005 (11392341.000.000) 2023-08-03 10:47:42 Job terminated.
	(1) Normal termination (return value 0)
		Usr 0 01:34:51, Sys 0 00:00:27  -  Run Remote Usage
		Usr 0 00:00:00, Sys 0 00:00:00  -  Run Local Usage
		Usr 0 01:34:51, Sys 0 00:00:27  -  Total Remote Usage
		Usr 0 00:00:00, Sys 0 00:00:00  -  Total Local Usage
	56946  -  Run Bytes Sent By Job
	32727736  -  Run Bytes Received By Job
	56946  -  Total Bytes Sent By Job
	32727736  -  Total Bytes Received By Job
	Partitionable Resources :     Usage  Request Allocated 
	   Cpus                 :      0.99        1         1 
	   Disk (KB)            : 255810      524288   1458998 
	   IoHeavy              :                            0 
	   Memory (MB)          :    511         512       512 

	Job terminated of its own accord at 2023-08-03T15:47:41Z with exit-code 0.
...
036 (11392341.-01.000) 2023-08-03 10:47:42 Cluster removed
	Materialized 115 jobs from -1 items.	Complete
...
