000 (11174826.028.000) 2023-07-25 19:31:08 Job submitted from host: <128.104.101.92:9618?addrs=128.104.101.92-9618+[2607-f388-107c-501-a236-9fff-fe3c-caa8]-9618&alias=submit2.chtc.wisc.edu&noUDP&sock=schedd_1879732_618e>
...
040 (11174826.028.000) 2023-07-25 19:32:58 Started transferring input files
	Transferring to host: <128.105.69.208:9618?addrs=128.105.69.208-9618+[2607-f388-2200-100-eaeb-d3ff-fe3f-fbcc]-9618&alias=e2591.chtc.wisc.edu&noUDP&sock=slot1_129_1507060_dadd_40379>
...
040 (11174826.028.000) 2023-07-25 19:33:00 Finished transferring input files
...
001 (11174826.028.000) 2023-07-25 19:33:01 Job executing on host: <128.105.69.208:9618?addrs=128.105.69.208-9618+[2607-f388-2200-100-eaeb-d3ff-fe3f-fbcc]-9618&alias=e2591.chtc.wisc.edu&noUDP&sock=startd_18801_802c>
	SlotName: slot1_129@e2591.chtc.wisc.edu
	CondorScratchDir = "/var/lib/condor/execute/slot1/dir_2024391"
	Cpus = 1
	Disk = 1458998
	IoHeavy = 0
	Memory = 512
...
006 (11174826.028.000) 2023-07-25 19:33:09 Image size of job updated: 276208
	252  -  MemoryUsage of job (MB)
	257944  -  ResidentSetSize of job (KB)
...
006 (11174826.028.000) 2023-07-25 19:38:09 Image size of job updated: 444980
	432  -  MemoryUsage of job (MB)
	441772  -  ResidentSetSize of job (KB)
...
040 (11174826.028.000) 2023-07-25 19:40:46 Started transferring output files
...
040 (11174826.028.000) 2023-07-25 19:40:46 Finished transferring output files
...
005 (11174826.028.000) 2023-07-25 19:40:46 Job terminated.
	(1) Normal termination (return value 0)
		Usr 0 00:07:34, Sys 0 00:00:03  -  Run Remote Usage
		Usr 0 00:00:00, Sys 0 00:00:00  -  Run Local Usage
		Usr 0 00:07:34, Sys 0 00:00:03  -  Total Remote Usage
		Usr 0 00:00:00, Sys 0 00:00:00  -  Total Local Usage
	58000  -  Run Bytes Sent By Job
	32725816  -  Run Bytes Received By Job
	58000  -  Total Bytes Sent By Job
	32725816  -  Total Bytes Received By Job
	Partitionable Resources :     Usage  Request Allocated 
	   Cpus                 :      0.99        1         1 
	   Disk (KB)            : 256400      524288   1458998 
	   IoHeavy              :                            0 
	   Memory (MB)          :    432         512       512 

	Job terminated of its own accord at 2023-07-26T00:40:46Z with exit-code 0.
...
