000 (11174826.013.000) 2023-07-25 19:31:08 Job submitted from host: <128.104.101.92:9618?addrs=128.104.101.92-9618+[2607-f388-107c-501-a236-9fff-fe3c-caa8]-9618&alias=submit2.chtc.wisc.edu&noUDP&sock=schedd_1879732_618e>
...
040 (11174826.013.000) 2023-07-25 19:32:57 Started transferring input files
	Transferring to host: <128.105.69.230:9618?addrs=128.105.69.230-9618+[2607-f388-2200-100-eaeb-d3ff-fe40-17bc]-9618&alias=e2613.chtc.wisc.edu&noUDP&sock=slot1_212_457915_4ad6_45024>
...
040 (11174826.013.000) 2023-07-25 19:33:00 Finished transferring input files
...
001 (11174826.013.000) 2023-07-25 19:33:01 Job executing on host: <128.105.69.230:9618?addrs=128.105.69.230-9618+[2607-f388-2200-100-eaeb-d3ff-fe40-17bc]-9618&alias=e2613.chtc.wisc.edu&noUDP&sock=startd_18882_0f58>
	SlotName: slot1_212@e2613.chtc.wisc.edu
	CondorScratchDir = "/var/lib/condor/execute/slot1/dir_1787990"
	Cpus = 1
	Disk = 1458998
	IoHeavy = 0
	Memory = 512
...
006 (11174826.013.000) 2023-07-25 19:33:09 Image size of job updated: 296748
	250  -  MemoryUsage of job (MB)
	255108  -  ResidentSetSize of job (KB)
...
006 (11174826.013.000) 2023-07-25 19:37:03 Image size of job updated: 444236
	250  -  MemoryUsage of job (MB)
	255612  -  ResidentSetSize of job (KB)
...
040 (11174826.013.000) 2023-07-25 19:37:03 Started transferring output files
...
040 (11174826.013.000) 2023-07-25 19:37:04 Finished transferring output files
...
005 (11174826.013.000) 2023-07-25 19:37:05 Job terminated.
	(1) Normal termination (return value 0)
		Usr 0 00:03:52, Sys 0 00:00:04  -  Run Remote Usage
		Usr 0 00:00:00, Sys 0 00:00:00  -  Run Local Usage
		Usr 0 00:03:52, Sys 0 00:00:04  -  Total Remote Usage
		Usr 0 00:00:00, Sys 0 00:00:00  -  Total Local Usage
	57268  -  Run Bytes Sent By Job
	32725816  -  Run Bytes Received By Job
	57268  -  Total Bytes Sent By Job
	32725816  -  Total Bytes Received By Job
	Partitionable Resources :     Usage  Request Allocated 
	   Cpus                 :      0.98        1         1 
	   Disk (KB)            : 256056      524288   1458998 
	   IoHeavy              :                            0 
	   Memory (MB)          :    250         512       512 

	Job terminated of its own accord at 2023-07-26T00:37:03Z with exit-code 0.
...
