000 (11174826.046.000) 2023-07-25 19:31:08 Job submitted from host: <128.104.101.92:9618?addrs=128.104.101.92-9618+[2607-f388-107c-501-a236-9fff-fe3c-caa8]-9618&alias=submit2.chtc.wisc.edu&noUDP&sock=schedd_1879732_618e>
...
040 (11174826.046.000) 2023-07-25 19:32:59 Started transferring input files
	Transferring to host: <128.105.69.175:9618?addrs=128.105.69.175-9618+[2607-f388-2200-100-1270-fdff-fe56-63d4]-9618&alias=e2558.chtc.wisc.edu&noUDP&sock=slot1_174_2375588_66d4_45601>
...
040 (11174826.046.000) 2023-07-25 19:33:02 Finished transferring input files
...
001 (11174826.046.000) 2023-07-25 19:33:03 Job executing on host: <128.105.69.175:9618?addrs=128.105.69.175-9618+[2607-f388-2200-100-1270-fdff-fe56-63d4]-9618&alias=e2558.chtc.wisc.edu&noUDP&sock=startd_13980_b217>
	SlotName: slot1_174@e2558.chtc.wisc.edu
	CondorScratchDir = "/var/lib/condor/execute/slot1/dir_3277124"
	Cpus = 1
	Disk = 1208198
	IoHeavy = 0
	Memory = 512
...
006 (11174826.046.000) 2023-07-25 19:33:11 Image size of job updated: 275392
	218  -  MemoryUsage of job (MB)
	222220  -  ResidentSetSize of job (KB)
...
006 (11174826.046.000) 2023-07-25 19:36:35 Image size of job updated: 418212
	219  -  MemoryUsage of job (MB)
	223804  -  ResidentSetSize of job (KB)
...
040 (11174826.046.000) 2023-07-25 19:36:35 Started transferring output files
...
040 (11174826.046.000) 2023-07-25 19:36:35 Finished transferring output files
...
005 (11174826.046.000) 2023-07-25 19:36:35 Job terminated.
	(1) Normal termination (return value 0)
		Usr 0 00:03:22, Sys 0 00:00:05  -  Run Remote Usage
		Usr 0 00:00:00, Sys 0 00:00:00  -  Run Local Usage
		Usr 0 00:03:22, Sys 0 00:00:05  -  Total Remote Usage
		Usr 0 00:00:00, Sys 0 00:00:00  -  Total Local Usage
	57989  -  Run Bytes Sent By Job
	32725816  -  Run Bytes Received By Job
	57989  -  Total Bytes Sent By Job
	32725816  -  Total Bytes Received By Job
	Partitionable Resources :     Usage  Request Allocated 
	   Cpus                 :      0.99        1         1 
	   Disk (KB)            : 256141      524288   1208198 
	   IoHeavy              :                            0 
	   Memory (MB)          :    219         512       512 

	Job terminated of its own accord at 2023-07-26T00:36:35Z with exit-code 0.
...
