000 (11139883.109.000) 2023-07-20 06:17:26 Job submitted from host: <128.104.101.92:9618?addrs=128.104.101.92-9618+[2607-f388-107c-501-a236-9fff-fe3c-caa8]-9618&alias=submit2.chtc.wisc.edu&noUDP&sock=schedd_1879732_618e>
...
040 (11139883.109.000) 2023-07-20 06:20:48 Started transferring input files
	Transferring to host: <128.105.69.104:9618?addrs=128.105.69.104-9618+[2607-f388-2200-100-1270-fdff-fe56-bccc]-9618&alias=e4032.chtc.wisc.edu&noUDP&sock=slot1_74_1625022_c15a_13296>
...
040 (11139883.109.000) 2023-07-20 06:20:50 Finished transferring input files
...
001 (11139883.109.000) 2023-07-20 06:20:51 Job executing on host: <128.105.69.104:9618?addrs=128.105.69.104-9618+[2607-f388-2200-100-1270-fdff-fe56-bccc]-9618&alias=e4032.chtc.wisc.edu&noUDP&sock=startd_15767_6dd5>
	SlotName: slot1_74@e4032.chtc.wisc.edu
	CondorScratchDir = "/var/lib/condor/execute/slot1/dir_229036"
	Cpus = 1
	Disk = 1208198
	IoHeavy = 0
	Memory = 512
...
006 (11139883.109.000) 2023-07-20 06:21:00 Image size of job updated: 382592
	262  -  MemoryUsage of job (MB)
	268176  -  ResidentSetSize of job (KB)
...
006 (11139883.109.000) 2023-07-20 06:26:01 Image size of job updated: 524288
	506  -  MemoryUsage of job (MB)
	517480  -  ResidentSetSize of job (KB)
...
006 (11139883.109.000) 2023-07-20 06:31:01 Image size of job updated: 524288
	511  -  MemoryUsage of job (MB)
	522628  -  ResidentSetSize of job (KB)
...
040 (11139883.109.000) 2023-07-20 06:40:34 Started transferring output files
...
040 (11139883.109.000) 2023-07-20 06:40:34 Finished transferring output files
...
005 (11139883.109.000) 2023-07-20 06:40:38 Job terminated.
	(1) Normal termination (return value 0)
		Usr 0 00:19:22, Sys 0 00:00:06  -  Run Remote Usage
		Usr 0 00:00:00, Sys 0 00:00:00  -  Run Local Usage
		Usr 0 00:19:22, Sys 0 00:00:06  -  Total Remote Usage
		Usr 0 00:00:00, Sys 0 00:00:00  -  Total Local Usage
	56810  -  Run Bytes Sent By Job
	32725918  -  Run Bytes Received By Job
	56810  -  Total Bytes Sent By Job
	32725918  -  Total Bytes Received By Job
	Partitionable Resources :     Usage  Request Allocated 
	   Cpus                 :      0.99        1         1 
	   Disk (KB)            : 255230      524288   1208198 
	   IoHeavy              :                            0 
	   Memory (MB)          :    511         512       512 

	Job terminated of its own accord at 2023-07-20T11:40:34Z with exit-code 0.
...
