000 (11392336.007.000) 2023-08-03 08:17:13 Job submitted from host: <128.104.101.92:9618?addrs=128.104.101.92-9618+[2607-f388-107c-501-a236-9fff-fe3c-caa8]-9618&alias=submit2.chtc.wisc.edu&noUDP&sock=schedd_1879732_618e>
...
040 (11392336.007.000) 2023-08-03 08:17:31 Started transferring input files
	Transferring to host: <128.105.69.94:9618?addrs=128.105.69.94-9618+[2607-f388-2200-100-1270-fdff-fe56-3dcc]-9618&alias=e4005.chtc.wisc.edu&noUDP&sock=slot1_38_1730252_cf51_79123>
...
040 (11392336.007.000) 2023-08-03 08:17:33 Finished transferring input files
...
001 (11392336.007.000) 2023-08-03 08:17:34 Job executing on host: <128.105.69.94:9618?addrs=128.105.69.94-9618+[2607-f388-2200-100-1270-fdff-fe56-3dcc]-9618&alias=e4005.chtc.wisc.edu&noUDP&sock=startd_14681_85fb>
	SlotName: slot1_38@e4005.chtc.wisc.edu
	CondorScratchDir = "/var/lib/condor/execute/slot1/dir_3160688"
	Cpus = 1
	Disk = 1268229
	IoHeavy = 0
	Memory = 512
...
006 (11392336.007.000) 2023-08-03 08:17:43 Image size of job updated: 507152
	460  -  MemoryUsage of job (MB)
	470492  -  ResidentSetSize of job (KB)
...
006 (11392336.007.000) 2023-08-03 08:20:02 Image size of job updated: 524288
	469  -  MemoryUsage of job (MB)
	479452  -  ResidentSetSize of job (KB)
...
040 (11392336.007.000) 2023-08-03 08:20:02 Started transferring output files
...
040 (11392336.007.000) 2023-08-03 08:20:02 Finished transferring output files
...
005 (11392336.007.000) 2023-08-03 08:20:02 Job terminated.
	(1) Normal termination (return value 0)
		Usr 0 00:02:22, Sys 0 00:00:03  -  Run Remote Usage
		Usr 0 00:00:00, Sys 0 00:00:00  -  Run Local Usage
		Usr 0 00:02:22, Sys 0 00:00:03  -  Total Remote Usage
		Usr 0 00:00:00, Sys 0 00:00:00  -  Total Local Usage
	56747  -  Run Bytes Sent By Job
	32727852  -  Run Bytes Received By Job
	56747  -  Total Bytes Sent By Job
	32727852  -  Total Bytes Received By Job
	Partitionable Resources :     Usage  Request Allocated 
	   Cpus                 :      0.99        1         1 
	   Disk (KB)            : 255216      524288   1268229 
	   IoHeavy              :                            0 
	   Memory (MB)          :    469         512       512 

	Job terminated of its own accord at 2023-08-03T13:20:02Z with exit-code 0.
...
