000 (11174994.021.000) 2023-07-26 11:51:45 Job submitted from host: <128.104.101.92:9618?addrs=128.104.101.92-9618+[2607-f388-107c-501-a236-9fff-fe3c-caa8]-9618&alias=submit2.chtc.wisc.edu&noUDP&sock=schedd_1879732_618e>
...
040 (11174994.021.000) 2023-07-26 11:54:28 Started transferring input files
	Transferring to host: <128.105.69.89:9618?addrs=128.105.69.89-9618+[2607-f388-2200-100-1270-fdff-fe56-41cc]-9618&alias=build4000.chtc.wisc.edu&noUDP&sock=slot3_23_2515835_19bb_37484>
...
040 (11174994.021.000) 2023-07-26 11:54:30 Finished transferring input files
...
001 (11174994.021.000) 2023-07-26 11:54:31 Job executing on host: <128.105.69.89:9618?addrs=128.105.69.89-9618+[2607-f388-2200-100-1270-fdff-fe56-41cc]-9618&alias=build4000.chtc.wisc.edu&noUDP&sock=startd_16084_dd5a>
	SlotName: slot3_23@build4000.chtc.wisc.edu
	CondorScratchDir = "/var/lib/condor/execute/slot3/dir_221911"
	Cpus = 1
	Disk = 1208198
	IoHeavy = 0
	Memory = 512
...
006 (11174994.021.000) 2023-07-26 11:54:40 Image size of job updated: 524288
	512  -  MemoryUsage of job (MB)
	523944  -  ResidentSetSize of job (KB)
...
040 (11174994.021.000) 2023-07-26 11:58:23 Started transferring output files
...
040 (11174994.021.000) 2023-07-26 11:58:23 Finished transferring output files
...
005 (11174994.021.000) 2023-07-26 11:58:23 Job terminated.
	(1) Normal termination (return value 0)
		Usr 0 00:03:47, Sys 0 00:00:01  -  Run Remote Usage
		Usr 0 00:00:00, Sys 0 00:00:00  -  Run Local Usage
		Usr 0 00:03:47, Sys 0 00:00:01  -  Total Remote Usage
		Usr 0 00:00:00, Sys 0 00:00:00  -  Total Local Usage
	58011  -  Run Bytes Sent By Job
	32726248  -  Run Bytes Received By Job
	58011  -  Total Bytes Sent By Job
	32726248  -  Total Bytes Received By Job
	Partitionable Resources :     Usage  Request Allocated 
	   Cpus                 :      0.99        1         1 
	   Disk (KB)            : 255233      524288   1208198 
	   IoHeavy              :                            0 
	   Memory (MB)          :    512         512       512 

	Job terminated of its own accord at 2023-07-26T16:58:23Z with exit-code 0.
...
