000 (11392261.123.000) 2023-08-02 21:08:53 Job submitted from host: <128.104.101.92:9618?addrs=128.104.101.92-9618+[2607-f388-107c-501-a236-9fff-fe3c-caa8]-9618&alias=submit2.chtc.wisc.edu&noUDP&sock=schedd_1879732_618e>
...
040 (11392261.123.000) 2023-08-02 21:10:14 Started transferring input files
	Transferring to host: <128.105.69.178:9618?addrs=128.105.69.178-9618+[2607-f388-2200-100-1270-fdff-fe56-c31c]-9618&alias=e2561.chtc.wisc.edu&noUDP&sock=slot1_151_3305409_6966_78938>
...
040 (11392261.123.000) 2023-08-02 21:10:16 Finished transferring input files
...
001 (11392261.123.000) 2023-08-02 21:10:17 Job executing on host: <128.105.69.178:9618?addrs=128.105.69.178-9618+[2607-f388-2200-100-1270-fdff-fe56-c31c]-9618&alias=e2561.chtc.wisc.edu&noUDP&sock=startd_13913_bd3e>
	SlotName: slot1_151@e2561.chtc.wisc.edu
	CondorScratchDir = "/var/lib/condor/execute/slot1/dir_3029741"
	Cpus = 1
	Disk = 1208198
	IoHeavy = 0
	Memory = 512
...
006 (11392261.123.000) 2023-08-02 21:10:26 Image size of job updated: 275984
	253  -  MemoryUsage of job (MB)
	258968  -  ResidentSetSize of job (KB)
...
006 (11392261.123.000) 2023-08-02 21:10:59 Image size of job updated: 398864
	258  -  MemoryUsage of job (MB)
	263828  -  ResidentSetSize of job (KB)
...
040 (11392261.123.000) 2023-08-02 21:10:59 Started transferring output files
...
040 (11392261.123.000) 2023-08-02 21:10:59 Finished transferring output files
...
005 (11392261.123.000) 2023-08-02 21:10:59 Job terminated.
	(1) Normal termination (return value 0)
		Usr 0 00:00:36, Sys 0 00:00:03  -  Run Remote Usage
		Usr 0 00:00:00, Sys 0 00:00:00  -  Run Local Usage
		Usr 0 00:00:36, Sys 0 00:00:03  -  Total Remote Usage
		Usr 0 00:00:00, Sys 0 00:00:00  -  Total Local Usage
	54675  -  Run Bytes Sent By Job
	32727852  -  Run Bytes Received By Job
	54675  -  Total Bytes Sent By Job
	32727852  -  Total Bytes Received By Job
	Partitionable Resources :    Usage  Request Allocated 
	   Cpus                 :                 1         1 
	   Disk (KB)            :   256402   524288   1208198 
	   IoHeavy              :                           0 
	   Memory (MB)          :      258      512       512 

	Job terminated of its own accord at 2023-08-03T02:10:59Z with exit-code 0.
...
