000 (11139883.092.000) 2023-07-20 06:17:26 Job submitted from host: <128.104.101.92:9618?addrs=128.104.101.92-9618+[2607-f388-107c-501-a236-9fff-fe3c-caa8]-9618&alias=submit2.chtc.wisc.edu&noUDP&sock=schedd_1879732_618e>
...
040 (11139883.092.000) 2023-07-20 06:20:46 Started transferring input files
	Transferring to host: <128.105.69.146:9618?addrs=128.105.69.146-9618+[2607-f388-2200-100-1270-fdff-fe56-773c]-9618&alias=e4023.chtc.wisc.edu&noUDP&sock=slot1_66_2458848_9a8d_28381>
...
040 (11139883.092.000) 2023-07-20 06:20:49 Finished transferring input files
...
001 (11139883.092.000) 2023-07-20 06:20:50 Job executing on host: <128.105.69.146:9618?addrs=128.105.69.146-9618+[2607-f388-2200-100-1270-fdff-fe56-773c]-9618&alias=e4023.chtc.wisc.edu&noUDP&sock=startd_16217_1773>
	SlotName: slot1_66@e4023.chtc.wisc.edu
	CondorScratchDir = "/var/lib/condor/execute/slot1/dir_1169151"
	Cpus = 1
	Disk = 1208198
	IoHeavy = 0
	Memory = 512
...
006 (11139883.092.000) 2023-07-20 06:20:59 Image size of job updated: 524288
	512  -  MemoryUsage of job (MB)
	524128  -  ResidentSetSize of job (KB)
...
040 (11139883.092.000) 2023-07-20 07:01:00 Started transferring output files
...
040 (11139883.092.000) 2023-07-20 07:01:00 Finished transferring output files
...
005 (11139883.092.000) 2023-07-20 07:01:00 Job terminated.
	(1) Normal termination (return value 0)
		Usr 0 00:39:30, Sys 0 00:00:12  -  Run Remote Usage
		Usr 0 00:00:00, Sys 0 00:00:00  -  Run Local Usage
		Usr 0 00:39:30, Sys 0 00:00:12  -  Total Remote Usage
		Usr 0 00:00:00, Sys 0 00:00:00  -  Total Local Usage
	57851  -  Run Bytes Sent By Job
	32725918  -  Run Bytes Received By Job
	57851  -  Total Bytes Sent By Job
	32725918  -  Total Bytes Received By Job
	Partitionable Resources :     Usage  Request Allocated 
	   Cpus                 :      0.99        1         1 
	   Disk (KB)            : 255232      524288   1208198 
	   IoHeavy              :                            0 
	   Memory (MB)          :    512         512       512 

	Job terminated of its own accord at 2023-07-20T12:01:00Z with exit-code 0.
...
