000 (11392261.028.000) 2023-08-02 21:08:52 Job submitted from host: <128.104.101.92:9618?addrs=128.104.101.92-9618+[2607-f388-107c-501-a236-9fff-fe3c-caa8]-9618&alias=submit2.chtc.wisc.edu&noUDP&sock=schedd_1879732_618e>
...
040 (11392261.028.000) 2023-08-02 21:10:02 Started transferring input files
	Transferring to host: <128.105.69.192:9618?addrs=128.105.69.192-9618+[2607-f388-2200-100-1270-fdff-fe56-bc04]-9618&alias=build4002.chtc.wisc.edu&noUDP&sock=slot3_17_862941_bfec_70123>
...
040 (11392261.028.000) 2023-08-02 21:10:04 Finished transferring input files
...
001 (11392261.028.000) 2023-08-02 21:10:05 Job executing on host: <128.105.69.192:9618?addrs=128.105.69.192-9618+[2607-f388-2200-100-1270-fdff-fe56-bc04]-9618&alias=build4002.chtc.wisc.edu&noUDP&sock=startd_15801_c00d>
	SlotName: slot3_17@build4002.chtc.wisc.edu
	CondorScratchDir = "/var/lib/condor/execute/slot3/dir_3733779"
	Cpus = 1
	Disk = 1208198
	IoHeavy = 0
	Memory = 512
...
006 (11392261.028.000) 2023-08-02 21:10:13 Image size of job updated: 385048
	328  -  MemoryUsage of job (MB)
	334884  -  ResidentSetSize of job (KB)
...
006 (11392261.028.000) 2023-08-02 21:15:13 Image size of job updated: 524288
	508  -  MemoryUsage of job (MB)
	519820  -  ResidentSetSize of job (KB)
...
040 (11392261.028.000) 2023-08-02 21:16:18 Started transferring output files
...
040 (11392261.028.000) 2023-08-02 21:16:18 Finished transferring output files
...
005 (11392261.028.000) 2023-08-02 21:16:18 Job terminated.
	(1) Normal termination (return value 0)
		Usr 0 00:06:03, Sys 0 00:00:03  -  Run Remote Usage
		Usr 0 00:00:00, Sys 0 00:00:00  -  Run Local Usage
		Usr 0 00:06:03, Sys 0 00:00:03  -  Total Remote Usage
		Usr 0 00:00:00, Sys 0 00:00:00  -  Total Local Usage
	58072  -  Run Bytes Sent By Job
	32727852  -  Run Bytes Received By Job
	58072  -  Total Bytes Sent By Job
	32727852  -  Total Bytes Received By Job
	Partitionable Resources :     Usage  Request Allocated 
	   Cpus                 :      0.99        1         1 
	   Disk (KB)            : 256400      524288   1208198 
	   IoHeavy              :                            0 
	   Memory (MB)          :    508         512       512 

	Job terminated of its own accord at 2023-08-03T02:16:18Z with exit-code 0.
...
