000 (11178184.013.000) 2023-07-26 21:10:59 Job submitted from host: <128.104.101.92:9618?addrs=128.104.101.92-9618+[2607-f388-107c-501-a236-9fff-fe3c-caa8]-9618&alias=submit2.chtc.wisc.edu&noUDP&sock=schedd_1879732_618e>
...
040 (11178184.013.000) 2023-07-26 21:13:19 Started transferring input files
	Transferring to host: <128.105.69.223:9618?addrs=128.105.69.223-9618+[2607-f388-2200-100-eaeb-d3ff-fe3f-fef4]-9618&alias=e2606.chtc.wisc.edu&noUDP&sock=slot1_95_1358996_5f58_45405>
...
040 (11178184.013.000) 2023-07-26 21:13:21 Finished transferring input files
...
001 (11178184.013.000) 2023-07-26 21:13:22 Job executing on host: <128.105.69.223:9618?addrs=128.105.69.223-9618+[2607-f388-2200-100-eaeb-d3ff-fe3f-fef4]-9618&alias=e2606.chtc.wisc.edu&noUDP&sock=startd_18848_bd1f>
	SlotName: slot1_95@e2606.chtc.wisc.edu
	CondorScratchDir = "/var/lib/condor/execute/slot1/dir_728743"
	Cpus = 1
	Disk = 1458998
	IoHeavy = 0
	Memory = 512
...
006 (11178184.013.000) 2023-07-26 21:13:30 Image size of job updated: 385620
	194  -  MemoryUsage of job (MB)
	197916  -  ResidentSetSize of job (KB)
...
006 (11178184.013.000) 2023-07-26 21:18:30 Image size of job updated: 524288
	505  -  MemoryUsage of job (MB)
	516268  -  ResidentSetSize of job (KB)
...
040 (11178184.013.000) 2023-07-26 21:19:35 Started transferring output files
...
040 (11178184.013.000) 2023-07-26 21:19:35 Finished transferring output files
...
005 (11178184.013.000) 2023-07-26 21:19:35 Job terminated.
	(1) Normal termination (return value 0)
		Usr 0 00:06:02, Sys 0 00:00:04  -  Run Remote Usage
		Usr 0 00:00:00, Sys 0 00:00:00  -  Run Local Usage
		Usr 0 00:06:02, Sys 0 00:00:04  -  Total Remote Usage
		Usr 0 00:00:00, Sys 0 00:00:00  -  Total Local Usage
	57054  -  Run Bytes Sent By Job
	32726544  -  Run Bytes Received By Job
	57054  -  Total Bytes Sent By Job
	32726544  -  Total Bytes Received By Job
	Partitionable Resources :     Usage  Request Allocated 
	   Cpus                 :      0.98        1         1 
	   Disk (KB)            : 255231      524288   1458998 
	   IoHeavy              :                            0 
	   Memory (MB)          :    505         512       512 

	Job terminated of its own accord at 2023-07-27T02:19:35Z with exit-code 0.
...
