000 (11392341.102.000) 2023-08-03 09:09:59 Job submitted from host: <128.104.101.92:9618?addrs=128.104.101.92-9618+[2607-f388-107c-501-a236-9fff-fe3c-caa8]-9618&alias=submit2.chtc.wisc.edu&noUDP&sock=schedd_1879732_618e>
...
040 (11392341.102.000) 2023-08-03 09:10:36 Started transferring input files
	Transferring to host: <128.105.69.200:9618?addrs=128.105.69.200-9618+[2607-f388-2200-100-1270-fdff-fe36-581c]-9618&alias=e4029.chtc.wisc.edu&noUDP&sock=slot1_3_3542147_bfc1_71999>
...
040 (11392341.102.000) 2023-08-03 09:10:37 Finished transferring input files
...
001 (11392341.102.000) 2023-08-03 09:10:38 Job executing on host: <128.105.69.200:9618?addrs=128.105.69.200-9618+[2607-f388-2200-100-1270-fdff-fe36-581c]-9618&alias=e4029.chtc.wisc.edu&noUDP&sock=startd_15873_22df>
	SlotName: slot1_3@e4029.chtc.wisc.edu
	CondorScratchDir = "/var/lib/condor/execute/slot1/dir_281755"
	Cpus = 1
	Disk = 1208198
	IoHeavy = 0
	Memory = 512
...
006 (11392341.102.000) 2023-08-03 09:10:45 Image size of job updated: 419440
	97  -  MemoryUsage of job (MB)
	99168  -  ResidentSetSize of job (KB)
...
040 (11392341.102.000) 2023-08-03 09:10:45 Started transferring output files
...
040 (11392341.102.000) 2023-08-03 09:10:45 Finished transferring output files
...
005 (11392341.102.000) 2023-08-03 09:10:45 Job terminated.
	(1) Normal termination (return value 1)
		Usr 0 00:00:04, Sys 0 00:00:01  -  Run Remote Usage
		Usr 0 00:00:00, Sys 0 00:00:00  -  Run Local Usage
		Usr 0 00:00:04, Sys 0 00:00:01  -  Total Remote Usage
		Usr 0 00:00:00, Sys 0 00:00:00  -  Total Local Usage
	3156  -  Run Bytes Sent By Job
	32727736  -  Run Bytes Received By Job
	3156  -  Total Bytes Sent By Job
	32727736  -  Total Bytes Received By Job
	Partitionable Resources :    Usage  Request Allocated 
	   Cpus                 :                 1         1 
	   Disk (KB)            :   255171   524288   1208198 
	   IoHeavy              :                           0 
	   Memory (MB)          :       97      512       512 

	Job terminated of its own accord at 2023-08-03T14:10:45Z with exit-code 1.
...
