000 (11174826.003.000) 2023-07-25 19:31:08 Job submitted from host: <128.104.101.92:9618?addrs=128.104.101.92-9618+[2607-f388-107c-501-a236-9fff-fe3c-caa8]-9618&alias=submit2.chtc.wisc.edu&noUDP&sock=schedd_1879732_618e>
...
040 (11174826.003.000) 2023-07-25 19:32:55 Started transferring input files
	Transferring to host: <128.105.69.189:9618?addrs=128.105.69.189-9618+[2607-f388-2200-100-1270-fdff-fe56-644c]-9618&alias=e4042.chtc.wisc.edu&noUDP&sock=slot1_105_2084910_7467_32051>
...
040 (11174826.003.000) 2023-07-25 19:32:57 Finished transferring input files
...
001 (11174826.003.000) 2023-07-25 19:32:58 Job executing on host: <128.105.69.189:9618?addrs=128.105.69.189-9618+[2607-f388-2200-100-1270-fdff-fe56-644c]-9618&alias=e4042.chtc.wisc.edu&noUDP&sock=startd_15959_2004>
	SlotName: slot1_105@e4042.chtc.wisc.edu
	CondorScratchDir = "/var/lib/condor/execute/slot1/dir_2847540"
	Cpus = 1
	Disk = 1208198
	IoHeavy = 0
	Memory = 512
...
006 (11174826.003.000) 2023-07-25 19:33:07 Image size of job updated: 318040
	192  -  MemoryUsage of job (MB)
	196444  -  ResidentSetSize of job (KB)
...
006 (11174826.003.000) 2023-07-25 19:38:08 Image size of job updated: 499096
	487  -  MemoryUsage of job (MB)
	498376  -  ResidentSetSize of job (KB)
...
006 (11174826.003.000) 2023-07-25 19:43:08 Image size of job updated: 499096
	487  -  MemoryUsage of job (MB)
	498636  -  ResidentSetSize of job (KB)
...
040 (11174826.003.000) 2023-07-25 19:52:43 Started transferring output files
...
040 (11174826.003.000) 2023-07-25 19:52:43 Finished transferring output files
...
005 (11174826.003.000) 2023-07-25 19:52:43 Job terminated.
	(1) Normal termination (return value 0)
		Usr 0 00:19:17, Sys 0 00:00:04  -  Run Remote Usage
		Usr 0 00:00:00, Sys 0 00:00:00  -  Run Local Usage
		Usr 0 00:19:17, Sys 0 00:00:04  -  Total Remote Usage
		Usr 0 00:00:00, Sys 0 00:00:00  -  Total Local Usage
	56871  -  Run Bytes Sent By Job
	32725816  -  Run Bytes Received By Job
	56871  -  Total Bytes Sent By Job
	32725816  -  Total Bytes Received By Job
	Partitionable Resources :     Usage  Request Allocated 
	   Cpus                 :      0.98        1         1 
	   Disk (KB)            : 255231      524288   1208198 
	   IoHeavy              :                            0 
	   Memory (MB)          :    487         512       512 

	Job terminated of its own accord at 2023-07-26T00:52:43Z with exit-code 0.
...
