000 (11139883.029.000) 2023-07-20 06:17:26 Job submitted from host: <128.104.101.92:9618?addrs=128.104.101.92-9618+[2607-f388-107c-501-a236-9fff-fe3c-caa8]-9618&alias=submit2.chtc.wisc.edu&noUDP&sock=schedd_1879732_618e>
...
040 (11139883.029.000) 2023-07-20 06:20:36 Started transferring input files
	Transferring to host: <128.105.69.148:9618?addrs=128.105.69.148-9618+[2607-f388-2200-100-1270-fdff-fe56-ceec]-9618&alias=build4001.chtc.wisc.edu&noUDP&sock=slot3_141_3662029_768c_20880>
...
040 (11139883.029.000) 2023-07-20 06:20:37 Finished transferring input files
...
001 (11139883.029.000) 2023-07-20 06:20:38 Job executing on host: <128.105.69.148:9618?addrs=128.105.69.148-9618+[2607-f388-2200-100-1270-fdff-fe56-ceec]-9618&alias=build4001.chtc.wisc.edu&noUDP&sock=startd_16163_0d56>
	SlotName: slot3_141@build4001.chtc.wisc.edu
	CondorScratchDir = "/var/lib/condor/execute/slot3/dir_4106593"
	Cpus = 1
	Disk = 1208198
	IoHeavy = 0
	Memory = 512
...
006 (11139883.029.000) 2023-07-20 06:20:47 Image size of job updated: 381192
	279  -  MemoryUsage of job (MB)
	284840  -  ResidentSetSize of job (KB)
...
006 (11139883.029.000) 2023-07-20 06:25:48 Image size of job updated: 524288
	496  -  MemoryUsage of job (MB)
	507636  -  ResidentSetSize of job (KB)
...
006 (11139883.029.000) 2023-07-20 06:35:49 Image size of job updated: 524288
	501  -  MemoryUsage of job (MB)
	512008  -  ResidentSetSize of job (KB)
...
040 (11139883.029.000) 2023-07-20 06:41:33 Started transferring output files
...
040 (11139883.029.000) 2023-07-20 06:41:34 Finished transferring output files
...
005 (11139883.029.000) 2023-07-20 06:41:37 Job terminated.
	(1) Normal termination (return value 0)
		Usr 0 00:20:33, Sys 0 00:00:05  -  Run Remote Usage
		Usr 0 00:00:00, Sys 0 00:00:00  -  Run Local Usage
		Usr 0 00:20:33, Sys 0 00:00:05  -  Total Remote Usage
		Usr 0 00:00:00, Sys 0 00:00:00  -  Total Local Usage
	57836  -  Run Bytes Sent By Job
	32725918  -  Run Bytes Received By Job
	57836  -  Total Bytes Sent By Job
	32725918  -  Total Bytes Received By Job
	Partitionable Resources :     Usage  Request Allocated 
	   Cpus                 :      0.99        1         1 
	   Disk (KB)            : 255232      524288   1208198 
	   IoHeavy              :                            0 
	   Memory (MB)          :    501         512       512 

	Job terminated of its own accord at 2023-07-20T11:41:33Z with exit-code 0.
...
