000 (11392261.121.000) 2023-08-02 21:08:53 Job submitted from host: <128.104.101.92:9618?addrs=128.104.101.92-9618+[2607-f388-107c-501-a236-9fff-fe3c-caa8]-9618&alias=submit2.chtc.wisc.edu&noUDP&sock=schedd_1879732_618e>
...
040 (11392261.121.000) 2023-08-02 21:10:14 Started transferring input files
	Transferring to host: <128.105.68.91:9618?addrs=128.105.68.91-9618+[2607-f388-2200-100-1270-fdff-fe56-c2c4]-9618&alias=e4053.chtc.wisc.edu&noUDP&sock=slot1_218_1788002_e8be_82807>
...
040 (11392261.121.000) 2023-08-02 21:10:15 Finished transferring input files
...
001 (11392261.121.000) 2023-08-02 21:10:16 Job executing on host: <128.105.68.91:9618?addrs=128.105.68.91-9618+[2607-f388-2200-100-1270-fdff-fe56-c2c4]-9618&alias=e4053.chtc.wisc.edu&noUDP&sock=startd_11752_7915>
	SlotName: slot1_218@e4053.chtc.wisc.edu
	CondorScratchDir = "/var/lib/condor/execute/slot1/dir_3699286"
	Cpus = 1
	Disk = 1208198
	IoHeavy = 0
	Memory = 512
...
006 (11392261.121.000) 2023-08-02 21:10:25 Image size of job updated: 383596
	318  -  MemoryUsage of job (MB)
	324920  -  ResidentSetSize of job (KB)
...
006 (11392261.121.000) 2023-08-02 21:11:01 Image size of job updated: 505632
	324  -  MemoryUsage of job (MB)
	331716  -  ResidentSetSize of job (KB)
...
040 (11392261.121.000) 2023-08-02 21:11:01 Started transferring output files
...
040 (11392261.121.000) 2023-08-02 21:11:01 Finished transferring output files
...
005 (11392261.121.000) 2023-08-02 21:11:01 Job terminated.
	(1) Normal termination (return value 0)
		Usr 0 00:00:40, Sys 0 00:00:03  -  Run Remote Usage
		Usr 0 00:00:00, Sys 0 00:00:00  -  Run Local Usage
		Usr 0 00:00:40, Sys 0 00:00:03  -  Total Remote Usage
		Usr 0 00:00:00, Sys 0 00:00:00  -  Total Local Usage
	54486  -  Run Bytes Sent By Job
	32727852  -  Run Bytes Received By Job
	54486  -  Total Bytes Sent By Job
	32727852  -  Total Bytes Received By Job
	Partitionable Resources :    Usage  Request Allocated 
	   Cpus                 :                 1         1 
	   Disk (KB)            :   256395   524288   1208198 
	   IoHeavy              :                           0 
	   Memory (MB)          :      324      512       512 

	Job terminated of its own accord at 2023-08-03T02:11:01Z with exit-code 0.
...
