000 (11174826.021.000) 2023-07-25 19:31:08 Job submitted from host: <128.104.101.92:9618?addrs=128.104.101.92-9618+[2607-f388-107c-501-a236-9fff-fe3c-caa8]-9618&alias=submit2.chtc.wisc.edu&noUDP&sock=schedd_1879732_618e>
...
040 (11174826.021.000) 2023-07-25 19:32:57 Started transferring input files
	Transferring to host: <128.105.69.236:9618?addrs=128.105.69.236-9618+[2607-f388-2200-100-eaeb-d3ff-fe40-2044]-9618&alias=e2619.chtc.wisc.edu&noUDP&sock=slot1_16_3347923_5ee7_51213>
...
040 (11174826.021.000) 2023-07-25 19:32:59 Finished transferring input files
...
001 (11174826.021.000) 2023-07-25 19:33:00 Job executing on host: <128.105.69.236:9618?addrs=128.105.69.236-9618+[2607-f388-2200-100-eaeb-d3ff-fe40-2044]-9618&alias=e2619.chtc.wisc.edu&noUDP&sock=startd_18724_af61>
	SlotName: slot1_16@e2619.chtc.wisc.edu
	CondorScratchDir = "/var/lib/condor/execute/slot1/dir_1838517"
	Cpus = 1
	Disk = 1458998
	IoHeavy = 0
	Memory = 512
...
006 (11174826.021.000) 2023-07-25 19:33:09 Image size of job updated: 315884
	255  -  MemoryUsage of job (MB)
	260128  -  ResidentSetSize of job (KB)
...
006 (11174826.021.000) 2023-07-25 19:38:10 Image size of job updated: 524288
	507  -  MemoryUsage of job (MB)
	518236  -  ResidentSetSize of job (KB)
...
040 (11174826.021.000) 2023-07-25 20:14:21 Started transferring output files
...
040 (11174826.021.000) 2023-07-25 20:14:21 Finished transferring output files
...
005 (11174826.021.000) 2023-07-25 20:14:21 Job terminated.
	(1) Normal termination (return value 0)
		Usr 0 00:40:39, Sys 0 00:00:10  -  Run Remote Usage
		Usr 0 00:00:00, Sys 0 00:00:00  -  Run Local Usage
		Usr 0 00:40:39, Sys 0 00:00:10  -  Total Remote Usage
		Usr 0 00:00:00, Sys 0 00:00:00  -  Total Local Usage
	56973  -  Run Bytes Sent By Job
	32725816  -  Run Bytes Received By Job
	56973  -  Total Bytes Sent By Job
	32725816  -  Total Bytes Received By Job
	Partitionable Resources :     Usage  Request Allocated 
	   Cpus                 :      0.99        1         1 
	   Disk (KB)            : 256399      524288   1458998 
	   IoHeavy              :                            0 
	   Memory (MB)          :    507         512       512 

	Job terminated of its own accord at 2023-07-26T01:14:20Z with exit-code 0.
...
