000 (11174826.045.000) 2023-07-25 19:31:08 Job submitted from host: <128.104.101.92:9618?addrs=128.104.101.92-9618+[2607-f388-107c-501-a236-9fff-fe3c-caa8]-9618&alias=submit2.chtc.wisc.edu&noUDP&sock=schedd_1879732_618e>
...
040 (11174826.045.000) 2023-07-25 19:33:00 Started transferring input files
	Transferring to host: <128.105.69.231:9618?addrs=128.105.69.231-9618+[2607-f388-2200-100-eaeb-d3ff-fe3f-fbfc]-9618&alias=e2614.chtc.wisc.edu&noUDP&sock=slot1_206_1949178_fb58_32786>
...
040 (11174826.045.000) 2023-07-25 19:33:06 Finished transferring input files
...
001 (11174826.045.000) 2023-07-25 19:33:07 Job executing on host: <128.105.69.231:9618?addrs=128.105.69.231-9618+[2607-f388-2200-100-eaeb-d3ff-fe3f-fbfc]-9618&alias=e2614.chtc.wisc.edu&noUDP&sock=startd_11686_33d5>
	SlotName: slot1_206@e2614.chtc.wisc.edu
	CondorScratchDir = "/var/lib/condor/execute/slot1/dir_1304638"
	Cpus = 1
	Disk = 1458998
	IoHeavy = 0
	Memory = 512
...
006 (11174826.045.000) 2023-07-25 19:33:16 Image size of job updated: 265504
	257  -  MemoryUsage of job (MB)
	262836  -  ResidentSetSize of job (KB)
...
006 (11174826.045.000) 2023-07-25 19:38:16 Image size of job updated: 524288
	512  -  MemoryUsage of job (MB)
	524256  -  ResidentSetSize of job (KB)
...
040 (11174826.045.000) 2023-07-25 19:46:30 Started transferring output files
...
040 (11174826.045.000) 2023-07-25 19:46:30 Finished transferring output files
...
005 (11174826.045.000) 2023-07-25 19:46:30 Job terminated.
	(1) Normal termination (return value 0)
		Usr 0 00:12:43, Sys 0 00:00:13  -  Run Remote Usage
		Usr 0 00:00:00, Sys 0 00:00:00  -  Run Local Usage
		Usr 0 00:12:43, Sys 0 00:00:13  -  Total Remote Usage
		Usr 0 00:00:00, Sys 0 00:00:00  -  Total Local Usage
	58061  -  Run Bytes Sent By Job
	32725816  -  Run Bytes Received By Job
	58061  -  Total Bytes Sent By Job
	32725816  -  Total Bytes Received By Job
	Partitionable Resources :     Usage  Request Allocated 
	   Cpus                 :      0.99        1         1 
	   Disk (KB)            : 255808      524288   1458998 
	   IoHeavy              :                            0 
	   Memory (MB)          :    512         512       512 

	Job terminated of its own accord at 2023-07-26T00:46:30Z with exit-code 0.
...
