000 (11392261.002.000) 2023-08-02 21:08:52 Job submitted from host: <128.104.101.92:9618?addrs=128.104.101.92-9618+[2607-f388-107c-501-a236-9fff-fe3c-caa8]-9618&alias=submit2.chtc.wisc.edu&noUDP&sock=schedd_1879732_618e>
...
040 (11392261.002.000) 2023-08-02 21:09:35 Started transferring input files
	Transferring to host: <128.105.69.136:9618?addrs=128.105.69.136-9618+[2607-f388-2200-100-1270-fdff-fe56-c8dc]-9618&alias=e4041.chtc.wisc.edu&noUDP&sock=slot1_14_1608905_deeb_69854>
...
040 (11392261.002.000) 2023-08-02 21:09:38 Finished transferring input files
...
001 (11392261.002.000) 2023-08-02 21:09:39 Job executing on host: <128.105.69.136:9618?addrs=128.105.69.136-9618+[2607-f388-2200-100-1270-fdff-fe56-c8dc]-9618&alias=e4041.chtc.wisc.edu&noUDP&sock=startd_15863_46ec>
	SlotName: slot1_14@e4041.chtc.wisc.edu
	CondorScratchDir = "/var/lib/condor/execute/slot1/dir_2693032"
	Cpus = 1
	Disk = 1208198
	IoHeavy = 0
	Memory = 512
...
006 (11392261.002.000) 2023-08-02 21:09:48 Image size of job updated: 390036
	190  -  MemoryUsage of job (MB)
	193688  -  ResidentSetSize of job (KB)
...
006 (11392261.002.000) 2023-08-02 21:14:49 Image size of job updated: 524292
	480  -  MemoryUsage of job (MB)
	490960  -  ResidentSetSize of job (KB)
...
006 (11392261.002.000) 2023-08-02 21:19:49 Image size of job updated: 524292
	491  -  MemoryUsage of job (MB)
	502576  -  ResidentSetSize of job (KB)
...
006 (11392261.002.000) 2023-08-02 21:44:52 Image size of job updated: 524292
	507  -  MemoryUsage of job (MB)
	518752  -  ResidentSetSize of job (KB)
...
040 (11392261.002.000) 2023-08-02 22:40:50 Started transferring output files
...
040 (11392261.002.000) 2023-08-02 22:40:50 Finished transferring output files
...
005 (11392261.002.000) 2023-08-02 22:40:50 Job terminated.
	(1) Normal termination (return value 0)
		Usr 0 01:29:38, Sys 0 00:00:34  -  Run Remote Usage
		Usr 0 00:00:00, Sys 0 00:00:00  -  Run Local Usage
		Usr 0 01:29:38, Sys 0 00:00:34  -  Total Remote Usage
		Usr 0 00:00:00, Sys 0 00:00:00  -  Total Local Usage
	56865  -  Run Bytes Sent By Job
	32727852  -  Run Bytes Received By Job
	56865  -  Total Bytes Sent By Job
	32727852  -  Total Bytes Received By Job
	Partitionable Resources :     Usage  Request Allocated 
	   Cpus                 :      0.99        1         1 
	   Disk (KB)            : 256100      524288   1208198 
	   IoHeavy              :                            0 
	   Memory (MB)          :    507         512       512 

	Job terminated of its own accord at 2023-08-03T03:40:50Z with exit-code 0.
...
