000 (11139883.025.000) 2023-07-20 06:17:26 Job submitted from host: <128.104.101.92:9618?addrs=128.104.101.92-9618+[2607-f388-107c-501-a236-9fff-fe3c-caa8]-9618&alias=submit2.chtc.wisc.edu&noUDP&sock=schedd_1879732_618e>
...
040 (11139883.025.000) 2023-07-20 06:20:35 Started transferring input files
	Transferring to host: <128.105.69.124:9618?addrs=128.105.69.124-9618+[2607-f388-2200-100-1270-fdff-fe56-7b5c]-9618&alias=e4073.chtc.wisc.edu&noUDP&sock=slot1_164_2379618_e6b7_19677>
...
040 (11139883.025.000) 2023-07-20 06:20:37 Finished transferring input files
...
001 (11139883.025.000) 2023-07-20 06:20:38 Job executing on host: <128.105.69.124:9618?addrs=128.105.69.124-9618+[2607-f388-2200-100-1270-fdff-fe56-7b5c]-9618&alias=e4073.chtc.wisc.edu&noUDP&sock=startd_16825_2108>
	SlotName: slot1_164@e4073.chtc.wisc.edu
	CondorScratchDir = "/var/lib/condor/execute/slot1/dir_1334415"
	Cpus = 1
	Disk = 1208198
	IoHeavy = 0
	Memory = 512
...
006 (11139883.025.000) 2023-07-20 06:20:47 Image size of job updated: 381216
	274  -  MemoryUsage of job (MB)
	279640  -  ResidentSetSize of job (KB)
...
006 (11139883.025.000) 2023-07-20 06:25:48 Image size of job updated: 524288
	475  -  MemoryUsage of job (MB)
	486332  -  ResidentSetSize of job (KB)
...
006 (11139883.025.000) 2023-07-20 07:10:52 Image size of job updated: 524288
	478  -  MemoryUsage of job (MB)
	489216  -  ResidentSetSize of job (KB)
...
040 (11139883.025.000) 2023-07-20 07:13:18 Started transferring output files
...
040 (11139883.025.000) 2023-07-20 07:13:18 Finished transferring output files
...
005 (11139883.025.000) 2023-07-20 07:13:18 Job terminated.
	(1) Normal termination (return value 0)
		Usr 0 00:51:53, Sys 0 00:00:12  -  Run Remote Usage
		Usr 0 00:00:00, Sys 0 00:00:00  -  Run Local Usage
		Usr 0 00:51:53, Sys 0 00:00:12  -  Total Remote Usage
		Usr 0 00:00:00, Sys 0 00:00:00  -  Total Local Usage
	57849  -  Run Bytes Sent By Job
	32725918  -  Run Bytes Received By Job
	57849  -  Total Bytes Sent By Job
	32725918  -  Total Bytes Received By Job
	Partitionable Resources :     Usage  Request Allocated 
	   Cpus                 :      0.99        1         1 
	   Disk (KB)            : 255231      524288   1208198 
	   IoHeavy              :                            0 
	   Memory (MB)          :    478         512       512 

	Job terminated of its own accord at 2023-07-20T12:13:18Z with exit-code 0.
...
