000 (11174826.025.000) 2023-07-25 19:31:08 Job submitted from host: <128.104.101.92:9618?addrs=128.104.101.92-9618+[2607-f388-107c-501-a236-9fff-fe3c-caa8]-9618&alias=submit2.chtc.wisc.edu&noUDP&sock=schedd_1879732_618e>
...
040 (11174826.025.000) 2023-07-25 19:32:58 Started transferring input files
	Transferring to host: <128.105.69.223:9618?addrs=128.105.69.223-9618+[2607-f388-2200-100-eaeb-d3ff-fe3f-fef4]-9618&alias=e2606.chtc.wisc.edu&noUDP&sock=slot1_154_1358996_5f58_40895>
...
040 (11174826.025.000) 2023-07-25 19:33:00 Finished transferring input files
...
001 (11174826.025.000) 2023-07-25 19:33:01 Job executing on host: <128.105.69.223:9618?addrs=128.105.69.223-9618+[2607-f388-2200-100-eaeb-d3ff-fe3f-fef4]-9618&alias=e2606.chtc.wisc.edu&noUDP&sock=startd_18848_bd1f>
	SlotName: slot1_154@e2606.chtc.wisc.edu
	CondorScratchDir = "/var/lib/condor/execute/slot1/dir_2865275"
	Cpus = 1
	Disk = 1458998
	IoHeavy = 0
	Memory = 512
...
006 (11174826.025.000) 2023-07-25 19:33:09 Image size of job updated: 276376
	246  -  MemoryUsage of job (MB)
	251652  -  ResidentSetSize of job (KB)
...
006 (11174826.025.000) 2023-07-25 19:38:09 Image size of job updated: 450052
	436  -  MemoryUsage of job (MB)
	446004  -  ResidentSetSize of job (KB)
...
006 (11174826.025.000) 2023-07-25 19:43:09 Image size of job updated: 457232
	436  -  MemoryUsage of job (MB)
	446004  -  ResidentSetSize of job (KB)
...
040 (11174826.025.000) 2023-07-25 19:52:54 Started transferring output files
...
040 (11174826.025.000) 2023-07-25 19:52:54 Finished transferring output files
...
005 (11174826.025.000) 2023-07-25 19:52:54 Job terminated.
	(1) Normal termination (return value 0)
		Usr 0 00:19:28, Sys 0 00:00:04  -  Run Remote Usage
		Usr 0 00:00:00, Sys 0 00:00:00  -  Run Local Usage
		Usr 0 00:19:28, Sys 0 00:00:04  -  Total Remote Usage
		Usr 0 00:00:00, Sys 0 00:00:00  -  Total Local Usage
	57007  -  Run Bytes Sent By Job
	32725816  -  Run Bytes Received By Job
	57007  -  Total Bytes Sent By Job
	32725816  -  Total Bytes Received By Job
	Partitionable Resources :     Usage  Request Allocated 
	   Cpus                 :      0.99        1         1 
	   Disk (KB)            : 256399      524288   1458998 
	   IoHeavy              :                            0 
	   Memory (MB)          :    436         512       512 

	Job terminated of its own accord at 2023-07-26T00:52:54Z with exit-code 0.
...
