000 (11188614.011.000) 2023-07-28 02:48:38 Job submitted from host: <128.104.101.92:9618?addrs=128.104.101.92-9618+[2607-f388-107c-501-a236-9fff-fe3c-caa8]-9618&alias=submit2.chtc.wisc.edu&noUDP&sock=schedd_1879732_618e>
...
040 (11188614.011.000) 2023-07-28 02:49:02 Started transferring input files
	Transferring to host: <128.105.69.180:9618?addrs=128.105.69.180-9618+[2607-f388-2200-100-1270-fdff-fe56-6844]-9618&alias=e2563.chtc.wisc.edu&noUDP&sock=slot1_57_1638361_4998_52755>
...
001 (11188614.011.000) 2023-07-28 02:49:08 Job executing on host: <128.105.69.180:9618?addrs=128.105.69.180-9618+[2607-f388-2200-100-1270-fdff-fe56-6844]-9618&alias=e2563.chtc.wisc.edu&noUDP&sock=startd_13448_c9b5>
	SlotName: slot1_57@e2563.chtc.wisc.edu
	CondorScratchDir = "/var/lib/condor/execute/slot1/dir_260141"
	Cpus = 1
	Disk = 1208198
	IoHeavy = 0
	Memory = 512
...
040 (11188614.011.000) 2023-07-28 02:49:08 Finished transferring input files
...
006 (11188614.011.000) 2023-07-28 02:49:16 Image size of job updated: 384028
	181  -  MemoryUsage of job (MB)
	184736  -  ResidentSetSize of job (KB)
...
004 (11188614.011.000) 2023-07-28 02:49:19 Job was evicted.
	(0) CPU times
		Usr 0 00:00:03, Sys 0 00:00:00  -  Run Remote Usage
		Usr 0 00:00:00, Sys 0 00:00:00  -  Run Local Usage
	0  -  Run Bytes Sent By Job
	32726832  -  Run Bytes Received By Job
	Partitionable Resources :    Usage  Request Allocated 
	   Cpus                 :                 1         1 
	   Disk (KB)            :   255170   524288   1208198 
	   IoHeavy              :                           0 
	   Memory (MB)          :      181      512       512 
...
009 (11188614.011.000) 2023-07-28 02:49:20 Job was aborted.
	via condor_rm (by user mzheng54)
...
