000 (11392336.089.000) 2023-08-03 08:17:14 Job submitted from host: <128.104.101.92:9618?addrs=128.104.101.92-9618+[2607-f388-107c-501-a236-9fff-fe3c-caa8]-9618&alias=submit2.chtc.wisc.edu&noUDP&sock=schedd_1879732_618e>
...
040 (11392336.089.000) 2023-08-03 08:17:37 Started transferring input files
	Transferring to host: <128.105.69.218:9618?addrs=128.105.69.218-9618&alias=e2601.chtc.wisc.edu&noUDP&sock=slot1_5_3204662_0946_73191>
...
040 (11392336.089.000) 2023-08-03 08:17:39 Finished transferring input files
...
001 (11392336.089.000) 2023-08-03 08:17:40 Job executing on host: <128.105.69.218:9618?addrs=128.105.69.218-9618&alias=e2601.chtc.wisc.edu&noUDP&sock=startd_19055_b93a>
	SlotName: slot1_5@e2601.chtc.wisc.edu
	CondorScratchDir = "/var/lib/condor/execute/slot1/dir_47237"
	Cpus = 1
	Disk = 1458998
	IoHeavy = 0
	Memory = 512
...
006 (11392336.089.000) 2023-08-03 08:17:48 Image size of job updated: 511048
	446  -  MemoryUsage of job (MB)
	456512  -  ResidentSetSize of job (KB)
...
006 (11392336.089.000) 2023-08-03 08:18:17 Image size of job updated: 518740
	461  -  MemoryUsage of job (MB)
	471872  -  ResidentSetSize of job (KB)
...
040 (11392336.089.000) 2023-08-03 08:18:17 Started transferring output files
...
040 (11392336.089.000) 2023-08-03 08:18:17 Finished transferring output files
...
005 (11392336.089.000) 2023-08-03 08:18:18 Job terminated.
	(1) Normal termination (return value 0)
		Usr 0 00:00:34, Sys 0 00:00:01  -  Run Remote Usage
		Usr 0 00:00:00, Sys 0 00:00:00  -  Run Local Usage
		Usr 0 00:00:34, Sys 0 00:00:01  -  Total Remote Usage
		Usr 0 00:00:00, Sys 0 00:00:00  -  Total Local Usage
	57530  -  Run Bytes Sent By Job
	32727852  -  Run Bytes Received By Job
	57530  -  Total Bytes Sent By Job
	32727852  -  Total Bytes Received By Job
	Partitionable Resources :    Usage  Request Allocated 
	   Cpus                 :                 1         1 
	   Disk (KB)            :   255224   524288   1458998 
	   IoHeavy              :                           0 
	   Memory (MB)          :      461      512       512 

	Job terminated of its own accord at 2023-08-03T13:18:17Z with exit-code 0.
...
