000 (11139883.019.000) 2023-07-20 06:17:26 Job submitted from host: <128.104.101.92:9618?addrs=128.104.101.92-9618+[2607-f388-107c-501-a236-9fff-fe3c-caa8]-9618&alias=submit2.chtc.wisc.edu&noUDP&sock=schedd_1879732_618e>
...
040 (11139883.019.000) 2023-07-20 06:20:35 Started transferring input files
	Transferring to host: <128.105.69.196:9618?addrs=128.105.69.196-9618+[2607-f388-2200-100-1270-fdff-fe56-bf74]-9618&alias=e4049.chtc.wisc.edu&noUDP&sock=slot1_35_3460697_db11_18307>
...
040 (11139883.019.000) 2023-07-20 06:20:38 Finished transferring input files
...
001 (11139883.019.000) 2023-07-20 06:20:39 Job executing on host: <128.105.69.196:9618?addrs=128.105.69.196-9618+[2607-f388-2200-100-1270-fdff-fe56-bf74]-9618&alias=e4049.chtc.wisc.edu&noUDP&sock=startd_16763_9a29>
	SlotName: slot1_35@e4049.chtc.wisc.edu
	CondorScratchDir = "/var/lib/condor/execute/slot1/dir_2701688"
	Cpus = 1
	Disk = 1208198
	IoHeavy = 0
	Memory = 512
...
006 (11139883.019.000) 2023-07-20 06:20:47 Image size of job updated: 304236
	297  -  MemoryUsage of job (MB)
	303496  -  ResidentSetSize of job (KB)
...
006 (11139883.019.000) 2023-07-20 06:25:47 Image size of job updated: 524288
	453  -  MemoryUsage of job (MB)
	463364  -  ResidentSetSize of job (KB)
...
006 (11139883.019.000) 2023-07-20 06:30:48 Image size of job updated: 524288
	453  -  MemoryUsage of job (MB)
	463868  -  ResidentSetSize of job (KB)
...
006 (11139883.019.000) 2023-07-20 06:55:52 Image size of job updated: 524288
	467  -  MemoryUsage of job (MB)
	477304  -  ResidentSetSize of job (KB)
...
006 (11139883.019.000) 2023-07-20 07:40:56 Image size of job updated: 524288
	467  -  MemoryUsage of job (MB)
	477852  -  ResidentSetSize of job (KB)
...
006 (11139883.019.000) 2023-07-20 08:00:59 Image size of job updated: 524288
	470  -  MemoryUsage of job (MB)
	480280  -  ResidentSetSize of job (KB)
...
006 (11139883.019.000) 2023-07-20 08:26:01 Image size of job updated: 524288
	476  -  MemoryUsage of job (MB)
	486548  -  ResidentSetSize of job (KB)
...
006 (11139883.019.000) 2023-07-20 08:51:04 Image size of job updated: 524288
	478  -  MemoryUsage of job (MB)
	488556  -  ResidentSetSize of job (KB)
...
006 (11139883.019.000) 2023-07-20 09:26:08 Image size of job updated: 524288
	499  -  MemoryUsage of job (MB)
	510948  -  ResidentSetSize of job (KB)
...
040 (11139883.019.000) 2023-07-20 11:24:56 Started transferring output files
...
040 (11139883.019.000) 2023-07-20 11:24:56 Finished transferring output files
...
005 (11139883.019.000) 2023-07-20 11:24:56 Job terminated.
	(1) Normal termination (return value 0)
		Usr 0 04:57:00, Sys 0 00:03:40  -  Run Remote Usage
		Usr 0 00:00:00, Sys 0 00:00:00  -  Run Local Usage
		Usr 0 04:57:00, Sys 0 00:03:40  -  Total Remote Usage
		Usr 0 00:00:00, Sys 0 00:00:00  -  Total Local Usage
	57856  -  Run Bytes Sent By Job
	32725918  -  Run Bytes Received By Job
	57856  -  Total Bytes Sent By Job
	32725918  -  Total Bytes Received By Job
	Partitionable Resources :     Usage  Request Allocated 
	   Cpus                 :      0.98        1         1 
	   Disk (KB)            : 255847      524288   1208198 
	   IoHeavy              :                            0 
	   Memory (MB)          :    499         512       512 

	Job terminated of its own accord at 2023-07-20T16:24:56Z with exit-code 0.
...
