000 (11392341.033.000) 2023-08-03 09:09:59 Job submitted from host: <128.104.101.92:9618?addrs=128.104.101.92-9618+[2607-f388-107c-501-a236-9fff-fe3c-caa8]-9618&alias=submit2.chtc.wisc.edu&noUDP&sock=schedd_1879732_618e>
...
040 (11392341.033.000) 2023-08-03 09:10:28 Started transferring input files
	Transferring to host: <128.105.69.177:9618?addrs=128.105.69.177-9618+[2607-f388-2200-100-1270-fdff-fe56-7684]-9618&alias=e2560.chtc.wisc.edu&noUDP&sock=slot1_91_3055978_b527_72689>
...
040 (11392341.033.000) 2023-08-03 09:10:30 Finished transferring input files
...
001 (11392341.033.000) 2023-08-03 09:10:31 Job executing on host: <128.105.69.177:9618?addrs=128.105.69.177-9618+[2607-f388-2200-100-1270-fdff-fe56-7684]-9618&alias=e2560.chtc.wisc.edu&noUDP&sock=startd_13864_211a>
	SlotName: slot1_91@e2560.chtc.wisc.edu
	CondorScratchDir = "/var/lib/condor/execute/slot1/dir_1868324"
	Cpus = 1
	Disk = 1208198
	IoHeavy = 0
	Memory = 512
...
006 (11392341.033.000) 2023-08-03 09:10:41 Image size of job updated: 275812
	246  -  MemoryUsage of job (MB)
	251424  -  ResidentSetSize of job (KB)
...
006 (11392341.033.000) 2023-08-03 09:10:47 Image size of job updated: 398600
	251  -  MemoryUsage of job (MB)
	256148  -  ResidentSetSize of job (KB)
...
040 (11392341.033.000) 2023-08-03 09:10:47 Started transferring output files
...
040 (11392341.033.000) 2023-08-03 09:10:47 Finished transferring output files
...
005 (11392341.033.000) 2023-08-03 09:10:47 Job terminated.
	(1) Normal termination (return value 1)
		Usr 0 00:00:10, Sys 0 00:00:02  -  Run Remote Usage
		Usr 0 00:00:00, Sys 0 00:00:00  -  Run Local Usage
		Usr 0 00:00:10, Sys 0 00:00:02  -  Total Remote Usage
		Usr 0 00:00:00, Sys 0 00:00:00  -  Total Local Usage
	3165  -  Run Bytes Sent By Job
	32727736  -  Run Bytes Received By Job
	3165  -  Total Bytes Sent By Job
	32727736  -  Total Bytes Received By Job
	Partitionable Resources :    Usage  Request Allocated 
	   Cpus                 :                 1         1 
	   Disk (KB)            :   256402   524288   1208198 
	   IoHeavy              :                           0 
	   Memory (MB)          :      251      512       512 

	Job terminated of its own accord at 2023-08-03T14:10:47Z with exit-code 1.
...
