000 (11139883.027.000) 2023-07-20 06:17:26 Job submitted from host: <128.104.101.92:9618?addrs=128.104.101.92-9618+[2607-f388-107c-501-a236-9fff-fe3c-caa8]-9618&alias=submit2.chtc.wisc.edu&noUDP&sock=schedd_1879732_618e>
...
040 (11139883.027.000) 2023-07-20 06:20:36 Started transferring input files
	Transferring to host: <128.105.69.135:9618?addrs=128.105.69.135-9618+[2607-f388-2200-100-1270-fdff-fe56-635c]-9618&alias=e4084.chtc.wisc.edu&noUDP&sock=slot1_184_2131345_1ce8_22605>
...
040 (11139883.027.000) 2023-07-20 06:20:38 Finished transferring input files
...
001 (11139883.027.000) 2023-07-20 06:20:39 Job executing on host: <128.105.69.135:9618?addrs=128.105.69.135-9618+[2607-f388-2200-100-1270-fdff-fe56-635c]-9618&alias=e4084.chtc.wisc.edu&noUDP&sock=startd_17181_50bf>
	SlotName: slot1_184@e4084.chtc.wisc.edu
	CondorScratchDir = "/var/lib/condor/execute/slot1/dir_1156781"
	Cpus = 1
	Disk = 1208198
	IoHeavy = 0
	Memory = 512
...
006 (11139883.027.000) 2023-07-20 06:20:48 Image size of job updated: 273892
	235  -  MemoryUsage of job (MB)
	239748  -  ResidentSetSize of job (KB)
...
006 (11139883.027.000) 2023-07-20 06:25:49 Image size of job updated: 509108
	452  -  MemoryUsage of job (MB)
	462344  -  ResidentSetSize of job (KB)
...
006 (11139883.027.000) 2023-07-20 06:30:49 Image size of job updated: 524064
	472  -  MemoryUsage of job (MB)
	482764  -  ResidentSetSize of job (KB)
...
006 (11139883.027.000) 2023-07-20 06:45:52 Image size of job updated: 524064
	496  -  MemoryUsage of job (MB)
	507416  -  ResidentSetSize of job (KB)
...
006 (11139883.027.000) 2023-07-20 06:55:53 Image size of job updated: 524064
	503  -  MemoryUsage of job (MB)
	514744  -  ResidentSetSize of job (KB)
...
006 (11139883.027.000) 2023-07-20 07:00:53 Image size of job updated: 524064
	508  -  MemoryUsage of job (MB)
	519352  -  ResidentSetSize of job (KB)
...
040 (11139883.027.000) 2023-07-20 07:09:32 Started transferring output files
...
040 (11139883.027.000) 2023-07-20 07:09:32 Finished transferring output files
...
005 (11139883.027.000) 2023-07-20 07:09:32 Job terminated.
	(1) Normal termination (return value 0)
		Usr 0 00:47:51, Sys 0 00:00:19  -  Run Remote Usage
		Usr 0 00:00:00, Sys 0 00:00:00  -  Run Local Usage
		Usr 0 00:47:51, Sys 0 00:00:19  -  Total Remote Usage
		Usr 0 00:00:00, Sys 0 00:00:00  -  Total Local Usage
	57861  -  Run Bytes Sent By Job
	32725918  -  Run Bytes Received By Job
	57861  -  Total Bytes Sent By Job
	32725918  -  Total Bytes Received By Job
	Partitionable Resources :     Usage  Request Allocated 
	   Cpus                 :      0.98        1         1 
	   Disk (KB)            : 256093      524288   1208198 
	   IoHeavy              :                            0 
	   Memory (MB)          :    508         512       512 

	Job terminated of its own accord at 2023-07-20T12:09:32Z with exit-code 0.
...
