000 (11174994.005.000) 2023-07-26 11:51:45 Job submitted from host: <128.104.101.92:9618?addrs=128.104.101.92-9618+[2607-f388-107c-501-a236-9fff-fe3c-caa8]-9618&alias=submit2.chtc.wisc.edu&noUDP&sock=schedd_1879732_618e>
...
040 (11174994.005.000) 2023-07-26 11:54:23 Started transferring input files
	Transferring to host: <128.105.69.223:9618?addrs=128.105.69.223-9618+[2607-f388-2200-100-eaeb-d3ff-fe3f-fef4]-9618&alias=e2606.chtc.wisc.edu&noUDP&sock=slot1_33_1358996_5f58_43568>
...
040 (11174994.005.000) 2023-07-26 11:54:25 Finished transferring input files
...
001 (11174994.005.000) 2023-07-26 11:54:27 Job executing on host: <128.105.69.223:9618?addrs=128.105.69.223-9618+[2607-f388-2200-100-eaeb-d3ff-fe3f-fef4]-9618&alias=e2606.chtc.wisc.edu&noUDP&sock=startd_18848_bd1f>
	SlotName: slot1_33@e2606.chtc.wisc.edu
	CondorScratchDir = "/var/lib/condor/execute/slot1/dir_133069"
	Cpus = 1
	Disk = 1458998
	IoHeavy = 0
	Memory = 512
...
006 (11174994.005.000) 2023-07-26 11:54:36 Image size of job updated: 289728
	280  -  MemoryUsage of job (MB)
	286264  -  ResidentSetSize of job (KB)
...
006 (11174994.005.000) 2023-07-26 11:58:59 Image size of job updated: 439120
	281  -  MemoryUsage of job (MB)
	287288  -  ResidentSetSize of job (KB)
...
040 (11174994.005.000) 2023-07-26 11:58:59 Started transferring output files
...
040 (11174994.005.000) 2023-07-26 11:58:59 Finished transferring output files
...
005 (11174994.005.000) 2023-07-26 11:59:00 Job terminated.
	(1) Normal termination (return value 0)
		Usr 0 00:04:24, Sys 0 00:00:02  -  Run Remote Usage
		Usr 0 00:00:00, Sys 0 00:00:00  -  Run Local Usage
		Usr 0 00:04:24, Sys 0 00:00:02  -  Total Remote Usage
		Usr 0 00:00:00, Sys 0 00:00:00  -  Total Local Usage
	56902  -  Run Bytes Sent By Job
	32726248  -  Run Bytes Received By Job
	56902  -  Total Bytes Sent By Job
	32726248  -  Total Bytes Received By Job
	Partitionable Resources :     Usage  Request Allocated 
	   Cpus                 :      0.99        1         1 
	   Disk (KB)            : 255231      524288   1458998 
	   IoHeavy              :                            0 
	   Memory (MB)          :    281         512       512 

	Job terminated of its own accord at 2023-07-26T16:58:59Z with exit-code 0.
...
