000 (11143209.008.000) 2023-07-20 21:06:51 Job submitted from host: <128.104.101.92:9618?addrs=128.104.101.92-9618+[2607-f388-107c-501-a236-9fff-fe3c-caa8]-9618&alias=submit2.chtc.wisc.edu&noUDP&sock=schedd_1879732_618e>
...
040 (11143209.008.000) 2023-07-20 21:07:54 Started transferring input files
	Transferring to host: <128.105.69.171:9618?addrs=128.105.69.171-9618+[2607-f388-2200-100-1270-fdff-fe56-76ac]-9618&alias=e2554.chtc.wisc.edu&noUDP&sock=slot1_114_2358843_08cb_27726>
...
001 (11143209.008.000) 2023-07-20 21:08:18 Job executing on host: <128.105.69.171:9618?addrs=128.105.69.171-9618+[2607-f388-2200-100-1270-fdff-fe56-76ac]-9618&alias=e2554.chtc.wisc.edu&noUDP&sock=startd_14106_1f06>
	SlotName: slot1_114@e2554.chtc.wisc.edu
	CondorScratchDir = "/var/lib/condor/execute/slot1/dir_2049472"
	Cpus = 1
	Disk = 1208198
	IoHeavy = 0
	Memory = 512
...
040 (11143209.008.000) 2023-07-20 21:08:18 Finished transferring input files
...
006 (11143209.008.000) 2023-07-20 21:08:27 Image size of job updated: 310692
	263  -  MemoryUsage of job (MB)
	268712  -  ResidentSetSize of job (KB)
...
006 (11143209.008.000) 2023-07-20 21:13:28 Image size of job updated: 474912
	463  -  MemoryUsage of job (MB)
	473448  -  ResidentSetSize of job (KB)
...
040 (11143209.008.000) 2023-07-20 21:16:14 Started transferring output files
...
040 (11143209.008.000) 2023-07-20 21:16:14 Finished transferring output files
...
005 (11143209.008.000) 2023-07-20 21:16:14 Job terminated.
	(1) Normal termination (return value 0)
		Usr 0 00:07:32, Sys 0 00:00:08  -  Run Remote Usage
		Usr 0 00:00:00, Sys 0 00:00:00  -  Run Local Usage
		Usr 0 00:07:32, Sys 0 00:00:08  -  Total Remote Usage
		Usr 0 00:00:00, Sys 0 00:00:00  -  Total Local Usage
	56911  -  Run Bytes Sent By Job
	32725816  -  Run Bytes Received By Job
	56911  -  Total Bytes Sent By Job
	32725816  -  Total Bytes Received By Job
	Partitionable Resources :     Usage  Request Allocated 
	   Cpus                 :      0.99        1         1 
	   Disk (KB)            : 256055      524288   1208198 
	   IoHeavy              :                            0 
	   Memory (MB)          :    463         512       512 

	Job terminated of its own accord at 2023-07-21T02:16:14Z with exit-code 0.
...
