000 (11392261.075.000) 2023-08-02 21:08:53 Job submitted from host: <128.104.101.92:9618?addrs=128.104.101.92-9618+[2607-f388-107c-501-a236-9fff-fe3c-caa8]-9618&alias=submit2.chtc.wisc.edu&noUDP&sock=schedd_1879732_618e>
...
040 (11392261.075.000) 2023-08-02 21:10:08 Started transferring input files
	Transferring to host: <128.105.69.119:9618?addrs=128.105.69.119-9618+[2607-f388-2200-100-1270-fdff-fe56-ccdc]-9618&alias=e4068.chtc.wisc.edu&noUDP&sock=slot1_30_1718799_229f_77307>
...
040 (11392261.075.000) 2023-08-02 21:10:12 Finished transferring input files
...
001 (11392261.075.000) 2023-08-02 21:10:13 Job executing on host: <128.105.69.119:9618?addrs=128.105.69.119-9618+[2607-f388-2200-100-1270-fdff-fe56-ccdc]-9618&alias=e4068.chtc.wisc.edu&noUDP&sock=startd_17009_5675>
	SlotName: slot1_30@e4068.chtc.wisc.edu
	CondorScratchDir = "/var/lib/condor/execute/slot1/dir_4095692"
	Cpus = 1
	Disk = 1208198
	IoHeavy = 0
	Memory = 512
...
006 (11392261.075.000) 2023-08-02 21:10:21 Image size of job updated: 276648
	222  -  MemoryUsage of job (MB)
	226572  -  ResidentSetSize of job (KB)
...
006 (11392261.075.000) 2023-08-02 21:11:16 Image size of job updated: 407080
	224  -  MemoryUsage of job (MB)
	228852  -  ResidentSetSize of job (KB)
...
040 (11392261.075.000) 2023-08-02 21:11:16 Started transferring output files
...
040 (11392261.075.000) 2023-08-02 21:11:16 Finished transferring output files
...
005 (11392261.075.000) 2023-08-02 21:11:16 Job terminated.
	(1) Normal termination (return value 0)
		Usr 0 00:00:55, Sys 0 00:00:02  -  Run Remote Usage
		Usr 0 00:00:00, Sys 0 00:00:00  -  Run Local Usage
		Usr 0 00:00:55, Sys 0 00:00:02  -  Total Remote Usage
		Usr 0 00:00:00, Sys 0 00:00:00  -  Total Local Usage
	57562  -  Run Bytes Sent By Job
	32727852  -  Run Bytes Received By Job
	57562  -  Total Bytes Sent By Job
	32727852  -  Total Bytes Received By Job
	Partitionable Resources :    Usage  Request Allocated 
	   Cpus                 :                 1         1 
	   Disk (KB)            :   256077   524288   1208198 
	   IoHeavy              :                           0 
	   Memory (MB)          :      224      512       512 

	Job terminated of its own accord at 2023-08-03T02:11:16Z with exit-code 0.
...
