000 (11174994.006.000) 2023-07-26 11:51:45 Job submitted from host: <128.104.101.92:9618?addrs=128.104.101.92-9618+[2607-f388-107c-501-a236-9fff-fe3c-caa8]-9618&alias=submit2.chtc.wisc.edu&noUDP&sock=schedd_1879732_618e>
...
040 (11174994.006.000) 2023-07-26 11:54:23 Started transferring input files
	Transferring to host: <128.105.69.204:9618?addrs=128.105.69.204-9618+[2607-f388-2200-100-1270-fdff-fe56-b85c]-9618&alias=e4035.chtc.wisc.edu&noUDP&sock=slot1_34_364591_1783_43850>
...
040 (11174994.006.000) 2023-07-26 11:54:25 Finished transferring input files
...
001 (11174994.006.000) 2023-07-26 11:54:26 Job executing on host: <128.105.69.204:9618?addrs=128.105.69.204-9618+[2607-f388-2200-100-1270-fdff-fe56-b85c]-9618&alias=e4035.chtc.wisc.edu&noUDP&sock=startd_11684_d4a5>
	SlotName: slot1_34@e4035.chtc.wisc.edu
	CondorScratchDir = "/var/lib/condor/execute/slot1/dir_3221059"
	Cpus = 1
	Disk = 1208198
	IoHeavy = 0
	Memory = 512
...
006 (11174994.006.000) 2023-07-26 11:54:34 Image size of job updated: 390496
	234  -  MemoryUsage of job (MB)
	238856  -  ResidentSetSize of job (KB)
...
006 (11174994.006.000) 2023-07-26 11:57:41 Image size of job updated: 524288
	240  -  MemoryUsage of job (MB)
	245256  -  ResidentSetSize of job (KB)
...
040 (11174994.006.000) 2023-07-26 11:57:42 Started transferring output files
...
040 (11174994.006.000) 2023-07-26 11:57:42 Finished transferring output files
...
005 (11174994.006.000) 2023-07-26 11:57:42 Job terminated.
	(1) Normal termination (return value 0)
		Usr 0 00:03:09, Sys 0 00:00:02  -  Run Remote Usage
		Usr 0 00:00:00, Sys 0 00:00:00  -  Run Local Usage
		Usr 0 00:03:09, Sys 0 00:00:02  -  Total Remote Usage
		Usr 0 00:00:00, Sys 0 00:00:00  -  Total Local Usage
	56913  -  Run Bytes Sent By Job
	32726248  -  Run Bytes Received By Job
	56913  -  Total Bytes Sent By Job
	32726248  -  Total Bytes Received By Job
	Partitionable Resources :    Usage  Request Allocated 
	   Cpus                 :                 1         1 
	   Disk (KB)            :   255222   524288   1208198 
	   IoHeavy              :                           0 
	   Memory (MB)          :      240      512       512 

	Job terminated of its own accord at 2023-07-26T16:57:41Z with exit-code 0.
...
