000 (11143209.035.000) 2023-07-20 21:06:51 Job submitted from host: <128.104.101.92:9618?addrs=128.104.101.92-9618+[2607-f388-107c-501-a236-9fff-fe3c-caa8]-9618&alias=submit2.chtc.wisc.edu&noUDP&sock=schedd_1879732_618e>
...
040 (11143209.035.000) 2023-07-20 21:08:22 Started transferring input files
	Transferring to host: <128.105.69.197:9618?addrs=128.105.69.197-9618+[2607-f388-2200-100-1270-fdff-fe56-6efc]-9618&alias=e4050.chtc.wisc.edu&noUDP&sock=slot1_9_3416771_03d7_14080>
...
040 (11143209.035.000) 2023-07-20 21:08:28 Finished transferring input files
...
001 (11143209.035.000) 2023-07-20 21:08:32 Job executing on host: <128.105.69.197:9618?addrs=128.105.69.197-9618+[2607-f388-2200-100-1270-fdff-fe56-6efc]-9618&alias=e4050.chtc.wisc.edu&noUDP&sock=startd_11754_d846>
	SlotName: slot1_9@e4050.chtc.wisc.edu
	CondorScratchDir = "/var/lib/condor/execute/slot1/dir_3591359"
	Cpus = 1
	Disk = 1208198
	IoHeavy = 0
	Memory = 512
...
006 (11143209.035.000) 2023-07-20 21:08:40 Image size of job updated: 383952
	372  -  MemoryUsage of job (MB)
	380340  -  ResidentSetSize of job (KB)
...
006 (11143209.035.000) 2023-07-20 21:13:40 Image size of job updated: 524288
	495  -  MemoryUsage of job (MB)
	505888  -  ResidentSetSize of job (KB)
...
040 (11143209.035.000) 2023-07-20 21:15:32 Started transferring output files
...
040 (11143209.035.000) 2023-07-20 21:15:32 Finished transferring output files
...
005 (11143209.035.000) 2023-07-20 21:15:32 Job terminated.
	(1) Normal termination (return value 0)
		Usr 0 00:06:47, Sys 0 00:00:06  -  Run Remote Usage
		Usr 0 00:00:00, Sys 0 00:00:00  -  Run Local Usage
		Usr 0 00:06:47, Sys 0 00:00:06  -  Total Remote Usage
		Usr 0 00:00:00, Sys 0 00:00:00  -  Total Local Usage
	58050  -  Run Bytes Sent By Job
	32725816  -  Run Bytes Received By Job
	58050  -  Total Bytes Sent By Job
	32725816  -  Total Bytes Received By Job
	Partitionable Resources :     Usage  Request Allocated 
	   Cpus                 :      0.99        1         1 
	   Disk (KB)            : 256375      524288   1208198 
	   IoHeavy              :                            0 
	   Memory (MB)          :    495         512       512 

	Job terminated of its own accord at 2023-07-21T02:15:31Z with exit-code 0.
...
