000 (11392261.001.000) 2023-08-02 21:08:52 Job submitted from host: <128.104.101.92:9618?addrs=128.104.101.92-9618+[2607-f388-107c-501-a236-9fff-fe3c-caa8]-9618&alias=submit2.chtc.wisc.edu&noUDP&sock=schedd_1879732_618e>
...
040 (11392261.001.000) 2023-08-02 21:09:36 Started transferring input files
	Transferring to host: <128.105.69.204:9618?addrs=128.105.69.204-9618+[2607-f388-2200-100-1270-fdff-fe56-b85c]-9618&alias=e4035.chtc.wisc.edu&noUDP&sock=slot1_23_364591_1783_70434>
...
040 (11392261.001.000) 2023-08-02 21:09:37 Finished transferring input files
...
001 (11392261.001.000) 2023-08-02 21:09:38 Job executing on host: <128.105.69.204:9618?addrs=128.105.69.204-9618+[2607-f388-2200-100-1270-fdff-fe56-b85c]-9618&alias=e4035.chtc.wisc.edu&noUDP&sock=startd_11684_d4a5>
	SlotName: slot1_23@e4035.chtc.wisc.edu
	CondorScratchDir = "/var/lib/condor/execute/slot1/dir_2332563"
	Cpus = 1
	Disk = 1208198
	IoHeavy = 0
	Memory = 512
...
006 (11392261.001.000) 2023-08-02 21:09:48 Image size of job updated: 279144
	210  -  MemoryUsage of job (MB)
	214236  -  ResidentSetSize of job (KB)
...
006 (11392261.001.000) 2023-08-02 21:14:48 Image size of job updated: 524288
	484  -  MemoryUsage of job (MB)
	494840  -  ResidentSetSize of job (KB)
...
006 (11392261.001.000) 2023-08-02 21:19:48 Image size of job updated: 524288
	491  -  MemoryUsage of job (MB)
	502740  -  ResidentSetSize of job (KB)
...
006 (11392261.001.000) 2023-08-02 21:34:49 Image size of job updated: 524288
	499  -  MemoryUsage of job (MB)
	510756  -  ResidentSetSize of job (KB)
...
040 (11392261.001.000) 2023-08-02 22:16:19 Started transferring output files
...
040 (11392261.001.000) 2023-08-02 22:16:19 Finished transferring output files
...
005 (11392261.001.000) 2023-08-02 22:16:19 Job terminated.
	(1) Normal termination (return value 0)
		Usr 0 01:05:39, Sys 0 00:00:19  -  Run Remote Usage
		Usr 0 00:00:00, Sys 0 00:00:00  -  Run Local Usage
		Usr 0 01:05:39, Sys 0 00:00:19  -  Total Remote Usage
		Usr 0 00:00:00, Sys 0 00:00:00  -  Total Local Usage
	56891  -  Run Bytes Sent By Job
	32727852  -  Run Bytes Received By Job
	56891  -  Total Bytes Sent By Job
	32727852  -  Total Bytes Received By Job
	Partitionable Resources :     Usage  Request Allocated 
	   Cpus                 :      0.99        1         1 
	   Disk (KB)            : 255233      524288   1208198 
	   IoHeavy              :                            0 
	   Memory (MB)          :    499         512       512 

	Job terminated of its own accord at 2023-08-03T03:16:19Z with exit-code 0.
...
