000 (11392336.059.000) 2023-08-03 08:17:14 Job submitted from host: <128.104.101.92:9618?addrs=128.104.101.92-9618+[2607-f388-107c-501-a236-9fff-fe3c-caa8]-9618&alias=submit2.chtc.wisc.edu&noUDP&sock=schedd_1879732_618e>
...
040 (11392336.059.000) 2023-08-03 08:17:35 Started transferring input files
	Transferring to host: <128.105.69.159:9618?addrs=128.105.69.159-9618+[2607-f388-2200-100-1270-fdff-fe56-c33c]-9618&alias=e4092.chtc.wisc.edu&noUDP&sock=slot1_5_1018208_65b6_78935>
...
040 (11392336.059.000) 2023-08-03 08:17:37 Finished transferring input files
...
001 (11392336.059.000) 2023-08-03 08:17:38 Job executing on host: <128.105.69.159:9618?addrs=128.105.69.159-9618+[2607-f388-2200-100-1270-fdff-fe56-c33c]-9618&alias=e4092.chtc.wisc.edu&noUDP&sock=startd_17137_2294>
	SlotName: slot1_5@e4092.chtc.wisc.edu
	CondorScratchDir = "/var/lib/condor/execute/slot1/dir_574510"
	Cpus = 1
	Disk = 1208198
	IoHeavy = 0
	Memory = 512
...
006 (11392336.059.000) 2023-08-03 08:17:47 Image size of job updated: 279080
	226  -  MemoryUsage of job (MB)
	231280  -  ResidentSetSize of job (KB)
...
006 (11392336.059.000) 2023-08-03 08:20:26 Image size of job updated: 422028
	238  -  MemoryUsage of job (MB)
	243312  -  ResidentSetSize of job (KB)
...
040 (11392336.059.000) 2023-08-03 08:20:26 Started transferring output files
...
040 (11392336.059.000) 2023-08-03 08:20:26 Finished transferring output files
...
005 (11392336.059.000) 2023-08-03 08:20:26 Job terminated.
	(1) Normal termination (return value 0)
		Usr 0 00:02:41, Sys 0 00:00:03  -  Run Remote Usage
		Usr 0 00:00:00, Sys 0 00:00:00  -  Run Local Usage
		Usr 0 00:02:41, Sys 0 00:00:03  -  Total Remote Usage
		Usr 0 00:00:00, Sys 0 00:00:00  -  Total Local Usage
	57819  -  Run Bytes Sent By Job
	32727852  -  Run Bytes Received By Job
	57819  -  Total Bytes Sent By Job
	32727852  -  Total Bytes Received By Job
	Partitionable Resources :    Usage  Request Allocated 
	   Cpus                 :                 1         1 
	   Disk (KB)            :   256400   524288   1208198 
	   IoHeavy              :                           0 
	   Memory (MB)          :      238      512       512 

	Job terminated of its own accord at 2023-08-03T13:20:26Z with exit-code 0.
...
