000 (11139805.011.000) 2023-07-19 21:31:36 Job submitted from host: <128.104.101.92:9618?addrs=128.104.101.92-9618+[2607-f388-107c-501-a236-9fff-fe3c-caa8]-9618&alias=submit2.chtc.wisc.edu&noUDP&sock=schedd_1879732_618e>
...
040 (11139805.011.000) 2023-07-19 21:33:57 Started transferring input files
	Transferring to host: <128.105.69.148:9618?addrs=128.105.69.148-9618+[2607-f388-2200-100-1270-fdff-fe56-ceec]-9618&alias=build4001.chtc.wisc.edu&noUDP&sock=slot3_160_3662029_768c_19181>
...
040 (11139805.011.000) 2023-07-19 21:34:00 Finished transferring input files
...
001 (11139805.011.000) 2023-07-19 21:34:01 Job executing on host: <128.105.69.148:9618?addrs=128.105.69.148-9618+[2607-f388-2200-100-1270-fdff-fe56-ceec]-9618&alias=build4001.chtc.wisc.edu&noUDP&sock=startd_16163_0d56>
	SlotName: slot3_160@build4001.chtc.wisc.edu
	CondorScratchDir = "/var/lib/condor/execute/slot3/dir_3583297"
	Cpus = 1
	Disk = 1208198
	IoHeavy = 0
	Memory = 512
...
006 (11139805.011.000) 2023-07-19 21:34:10 Image size of job updated: 382952
	294  -  MemoryUsage of job (MB)
	300216  -  ResidentSetSize of job (KB)
...
006 (11139805.011.000) 2023-07-19 21:35:13 Image size of job updated: 524288
	294  -  MemoryUsage of job (MB)
	300472  -  ResidentSetSize of job (KB)
...
040 (11139805.011.000) 2023-07-19 21:35:13 Started transferring output files
...
040 (11139805.011.000) 2023-07-19 21:35:13 Finished transferring output files
...
005 (11139805.011.000) 2023-07-19 21:35:13 Job terminated.
	(1) Normal termination (return value 0)
		Usr 0 00:01:06, Sys 0 00:00:03  -  Run Remote Usage
		Usr 0 00:00:00, Sys 0 00:00:00  -  Run Local Usage
		Usr 0 00:01:06, Sys 0 00:00:03  -  Total Remote Usage
		Usr 0 00:00:00, Sys 0 00:00:00  -  Total Local Usage
	3473  -  Run Bytes Sent By Job
	32725172  -  Run Bytes Received By Job
	3473  -  Total Bytes Sent By Job
	32725172  -  Total Bytes Received By Job
	Partitionable Resources :    Usage  Request Allocated 
	   Cpus                 :                 1         1 
	   Disk (KB)            :   255951   524288   1208198 
	   IoHeavy              :                           0 
	   Memory (MB)          :      294      512       512 

	Job terminated of its own accord at 2023-07-20T02:35:13Z with exit-code 0.
...
