040 (11139799.003.000) 2023-07-19 21:18:21 Started transferring input files
	Transferring to host: <128.105.69.165:9618?addrs=128.105.69.165-9618+[2607-f388-2200-100-1270-fdff-fe56-7194]-9618&alias=e2548.chtc.wisc.edu&noUDP&sock=slot1_62_2989058_8386_11754>
...
040 (11139799.003.000) 2023-07-19 21:18:23 Finished transferring input files
...
001 (11139799.003.000) 2023-07-19 21:18:24 Job executing on host: <128.105.69.165:9618?addrs=128.105.69.165-9618+[2607-f388-2200-100-1270-fdff-fe56-7194]-9618&alias=e2548.chtc.wisc.edu&noUDP&sock=startd_13958_9b02>
	SlotName: slot1_62@e2548.chtc.wisc.edu
	CondorScratchDir = "/var/lib/condor/execute/slot1/dir_2885194"
	Cpus = 1
	Disk = 1208198
	IoHeavy = 0
	Memory = 512
...
006 (11139799.003.000) 2023-07-19 21:18:32 Image size of job updated: 423576
	254  -  MemoryUsage of job (MB)
	259308  -  ResidentSetSize of job (KB)
...
006 (11139799.003.000) 2023-07-19 21:18:36 Image size of job updated: 524288
	261  -  MemoryUsage of job (MB)
	267244  -  ResidentSetSize of job (KB)
...
040 (11139799.003.000) 2023-07-19 21:18:36 Started transferring output files
...
040 (11139799.003.000) 2023-07-19 21:18:36 Finished transferring output files
...
005 (11139799.003.000) 2023-07-19 21:18:36 Job terminated.
	(1) Normal termination (return value 1)
		Usr 0 00:00:08, Sys 0 00:00:02  -  Run Remote Usage
		Usr 0 00:00:00, Sys 0 00:00:00  -  Run Local Usage
		Usr 0 00:00:08, Sys 0 00:00:02  -  Total Remote Usage
		Usr 0 00:00:00, Sys 0 00:00:00  -  Total Local Usage
	3154  -  Run Bytes Sent By Job
	32725180  -  Run Bytes Received By Job
	3154  -  Total Bytes Sent By Job
	32725180  -  Total Bytes Received By Job
	Partitionable Resources :    Usage  Request Allocated 
	   Cpus                 :                 1         1 
	   Disk (KB)            :   255168   524288   1208198 
	   IoHeavy              :                           0 
	   Memory (MB)          :      261      512       512 

	Job terminated of its own accord at 2023-07-20T02:18:36Z with exit-code 1.
...
