000 (11392341.024.000) 2023-08-03 09:09:59 Job submitted from host: <128.104.101.92:9618?addrs=128.104.101.92-9618+[2607-f388-107c-501-a236-9fff-fe3c-caa8]-9618&alias=submit2.chtc.wisc.edu&noUDP&sock=schedd_1879732_618e>
...
040 (11392341.024.000) 2023-08-03 09:10:28 Started transferring input files
	Transferring to host: <128.105.69.177:9618?addrs=128.105.69.177-9618+[2607-f388-2200-100-1270-fdff-fe56-7684]-9618&alias=e2560.chtc.wisc.edu&noUDP&sock=slot1_85_3055978_b527_72687>
...
040 (11392341.024.000) 2023-08-03 09:10:30 Finished transferring input files
...
001 (11392341.024.000) 2023-08-03 09:10:31 Job executing on host: <128.105.69.177:9618?addrs=128.105.69.177-9618+[2607-f388-2200-100-1270-fdff-fe56-7684]-9618&alias=e2560.chtc.wisc.edu&noUDP&sock=startd_13864_211a>
	SlotName: slot1_85@e2560.chtc.wisc.edu
	CondorScratchDir = "/var/lib/condor/execute/slot1/dir_1868106"
	Cpus = 1
	Disk = 1208198
	IoHeavy = 0
	Memory = 512
...
006 (11392341.024.000) 2023-08-03 09:10:39 Image size of job updated: 275860
	227  -  MemoryUsage of job (MB)
	231880  -  ResidentSetSize of job (KB)
...
006 (11392341.024.000) 2023-08-03 09:11:23 Image size of job updated: 400624
	227  -  MemoryUsage of job (MB)
	231880  -  ResidentSetSize of job (KB)
...
040 (11392341.024.000) 2023-08-03 09:11:23 Started transferring output files
...
040 (11392341.024.000) 2023-08-03 09:11:23 Finished transferring output files
...
005 (11392341.024.000) 2023-08-03 09:11:23 Job terminated.
	(1) Normal termination (return value 0)
		Usr 0 00:00:47, Sys 0 00:00:02  -  Run Remote Usage
		Usr 0 00:00:00, Sys 0 00:00:00  -  Run Local Usage
		Usr 0 00:00:47, Sys 0 00:00:02  -  Total Remote Usage
		Usr 0 00:00:00, Sys 0 00:00:00  -  Total Local Usage
	54978  -  Run Bytes Sent By Job
	32727736  -  Run Bytes Received By Job
	54978  -  Total Bytes Sent By Job
	32727736  -  Total Bytes Received By Job
	Partitionable Resources :    Usage  Request Allocated 
	   Cpus                 :                 1         1 
	   Disk (KB)            :   256401   524288   1208198 
	   IoHeavy              :                           0 
	   Memory (MB)          :      227      512       512 

	Job terminated of its own accord at 2023-08-03T14:11:23Z with exit-code 0.
...
