000 (11392341.031.000) 2023-08-03 09:09:59 Job submitted from host: <128.104.101.92:9618?addrs=128.104.101.92-9618+[2607-f388-107c-501-a236-9fff-fe3c-caa8]-9618&alias=submit2.chtc.wisc.edu&noUDP&sock=schedd_1879732_618e>
...
040 (11392341.031.000) 2023-08-03 09:10:29 Started transferring input files
	Transferring to host: <128.105.69.101:9618?addrs=128.105.69.101-9618+[2607-f388-2200-100-1270-fdff-fe56-bae4]-9618&alias=e4012.chtc.wisc.edu&noUDP&sock=slot1_53_3576311_60af_64363>
...
040 (11392341.031.000) 2023-08-03 09:10:32 Finished transferring input files
...
001 (11392341.031.000) 2023-08-03 09:10:34 Job executing on host: <128.105.69.101:9618?addrs=128.105.69.101-9618+[2607-f388-2200-100-1270-fdff-fe56-bae4]-9618&alias=e4012.chtc.wisc.edu&noUDP&sock=startd_15697_6a33>
	SlotName: slot1_53@e4012.chtc.wisc.edu
	CondorScratchDir = "/var/lib/condor/execute/slot1/dir_1250337"
	Cpus = 1
	Disk = 1208198
	IoHeavy = 0
	Memory = 512
...
006 (11392341.031.000) 2023-08-03 09:10:42 Image size of job updated: 157916
	152  -  MemoryUsage of job (MB)
	155416  -  ResidentSetSize of job (KB)
...
006 (11392341.031.000) 2023-08-03 09:11:18 Image size of job updated: 399280
	152  -  MemoryUsage of job (MB)
	155416  -  ResidentSetSize of job (KB)
...
040 (11392341.031.000) 2023-08-03 09:11:18 Started transferring output files
...
040 (11392341.031.000) 2023-08-03 09:11:18 Finished transferring output files
...
005 (11392341.031.000) 2023-08-03 09:11:18 Job terminated.
	(1) Normal termination (return value 1)
		Usr 0 00:00:32, Sys 0 00:00:09  -  Run Remote Usage
		Usr 0 00:00:00, Sys 0 00:00:00  -  Run Local Usage
		Usr 0 00:00:32, Sys 0 00:00:09  -  Total Remote Usage
		Usr 0 00:00:00, Sys 0 00:00:00  -  Total Local Usage
	3165  -  Run Bytes Sent By Job
	32727736  -  Run Bytes Received By Job
	3165  -  Total Bytes Sent By Job
	32727736  -  Total Bytes Received By Job
	Partitionable Resources :    Usage  Request Allocated 
	   Cpus                 :                 1         1 
	   Disk (KB)            :   255810   524288   1208198 
	   IoHeavy              :                           0 
	   Memory (MB)          :      152      512       512 

	Job terminated of its own accord at 2023-08-03T14:11:18Z with exit-code 1.
...
