000 (11392261.091.000) 2023-08-02 21:08:53 Job submitted from host: <128.104.101.92:9618?addrs=128.104.101.92-9618+[2607-f388-107c-501-a236-9fff-fe3c-caa8]-9618&alias=submit2.chtc.wisc.edu&noUDP&sock=schedd_1879732_618e>
...
040 (11392261.091.000) 2023-08-02 21:10:10 Started transferring input files
	Transferring to host: <128.105.69.195:9618?addrs=128.105.69.195-9618+[2607-f388-2200-100-1270-fdff-fe56-6f44]-9618&alias=e4048.chtc.wisc.edu&noUDP&sock=slot1_118_1616382_17fb_72592>
...
040 (11392261.091.000) 2023-08-02 21:10:13 Finished transferring input files
...
001 (11392261.091.000) 2023-08-02 21:10:14 Job executing on host: <128.105.69.195:9618?addrs=128.105.69.195-9618+[2607-f388-2200-100-1270-fdff-fe56-6f44]-9618&alias=e4048.chtc.wisc.edu&noUDP&sock=startd_16481_2c74>
	SlotName: slot1_118@e4048.chtc.wisc.edu
	CondorScratchDir = "/var/lib/condor/execute/slot1/dir_3580997"
	Cpus = 1
	Disk = 1208198
	IoHeavy = 0
	Memory = 512
...
006 (11392261.091.000) 2023-08-02 21:10:23 Image size of job updated: 276116
	254  -  MemoryUsage of job (MB)
	259608  -  ResidentSetSize of job (KB)
...
006 (11392261.091.000) 2023-08-02 21:12:31 Image size of job updated: 407796
	254  -  MemoryUsage of job (MB)
	259608  -  ResidentSetSize of job (KB)
...
040 (11392261.091.000) 2023-08-02 21:12:31 Started transferring output files
...
040 (11392261.091.000) 2023-08-02 21:12:31 Finished transferring output files
...
005 (11392261.091.000) 2023-08-02 21:12:31 Job terminated.
	(1) Normal termination (return value 0)
		Usr 0 00:02:03, Sys 0 00:00:08  -  Run Remote Usage
		Usr 0 00:00:00, Sys 0 00:00:00  -  Run Local Usage
		Usr 0 00:02:03, Sys 0 00:00:08  -  Total Remote Usage
		Usr 0 00:00:00, Sys 0 00:00:00  -  Total Local Usage
	57705  -  Run Bytes Sent By Job
	32727852  -  Run Bytes Received By Job
	57705  -  Total Bytes Sent By Job
	32727852  -  Total Bytes Received By Job
	Partitionable Resources :     Usage  Request Allocated 
	   Cpus                 :      0.99        1         1 
	   Disk (KB)            : 256098      524288   1208198 
	   IoHeavy              :                            0 
	   Memory (MB)          :    254         512       512 

	Job terminated of its own accord at 2023-08-03T02:12:31Z with exit-code 0.
...
