040 (11139799.009.000) 2023-07-19 21:18:22 Started transferring input files
	Transferring to host: <128.105.69.148:9618?addrs=128.105.69.148-9618+[2607-f388-2200-100-1270-fdff-fe56-ceec]-9618&alias=build4001.chtc.wisc.edu&noUDP&sock=slot3_158_3662029_768c_19140>
...
040 (11139799.009.000) 2023-07-19 21:18:24 Finished transferring input files
...
001 (11139799.009.000) 2023-07-19 21:18:25 Job executing on host: <128.105.69.148:9618?addrs=128.105.69.148-9618+[2607-f388-2200-100-1270-fdff-fe56-ceec]-9618&alias=build4001.chtc.wisc.edu&noUDP&sock=startd_16163_0d56>
	SlotName: slot3_158@build4001.chtc.wisc.edu
	CondorScratchDir = "/var/lib/condor/execute/slot3/dir_3576953"
	Cpus = 1
	Disk = 1208198
	IoHeavy = 0
	Memory = 512
...
006 (11139799.009.000) 2023-07-19 21:18:33 Image size of job updated: 277236
	237  -  MemoryUsage of job (MB)
	242164  -  ResidentSetSize of job (KB)
...
006 (11139799.009.000) 2023-07-19 21:18:41 Image size of job updated: 400128
	248  -  MemoryUsage of job (MB)
	253428  -  ResidentSetSize of job (KB)
...
040 (11139799.009.000) 2023-07-19 21:18:41 Started transferring output files
...
040 (11139799.009.000) 2023-07-19 21:18:41 Finished transferring output files
...
005 (11139799.009.000) 2023-07-19 21:18:41 Job terminated.
	(1) Normal termination (return value 1)
		Usr 0 00:00:12, Sys 0 00:00:02  -  Run Remote Usage
		Usr 0 00:00:00, Sys 0 00:00:00  -  Run Local Usage
		Usr 0 00:00:12, Sys 0 00:00:02  -  Total Remote Usage
		Usr 0 00:00:00, Sys 0 00:00:00  -  Total Local Usage
	3154  -  Run Bytes Sent By Job
	32725180  -  Run Bytes Received By Job
	3154  -  Total Bytes Sent By Job
	32725180  -  Total Bytes Received By Job
	Partitionable Resources :    Usage  Request Allocated 
	   Cpus                 :                 1         1 
	   Disk (KB)            :   256397   524288   1208198 
	   IoHeavy              :                           0 
	   Memory (MB)          :      248      512       512 

	Job terminated of its own accord at 2023-07-20T02:18:41Z with exit-code 1.
...
