000 (11139883.103.000) 2023-07-20 06:17:26 Job submitted from host: <128.104.101.92:9618?addrs=128.104.101.92-9618+[2607-f388-107c-501-a236-9fff-fe3c-caa8]-9618&alias=submit2.chtc.wisc.edu&noUDP&sock=schedd_1879732_618e>
...
040 (11139883.103.000) 2023-07-20 06:20:47 Started transferring input files
	Transferring to host: <128.105.69.229:9618?addrs=128.105.69.229-9618+[2607-f388-2200-100-eaeb-d3ff-fe40-1104]-9618&alias=e2612.chtc.wisc.edu&noUDP&sock=slot1_54_61344_25b8_24036>
...
040 (11139883.103.000) 2023-07-20 06:20:49 Finished transferring input files
...
001 (11139883.103.000) 2023-07-20 06:20:50 Job executing on host: <128.105.69.229:9618?addrs=128.105.69.229-9618+[2607-f388-2200-100-eaeb-d3ff-fe40-1104]-9618&alias=e2612.chtc.wisc.edu&noUDP&sock=startd_18685_ef2f>
	SlotName: slot1_54@e2612.chtc.wisc.edu
	CondorScratchDir = "/var/lib/condor/execute/slot1/dir_1780894"
	Cpus = 1
	Disk = 1458998
	IoHeavy = 0
	Memory = 512
...
006 (11139883.103.000) 2023-07-20 06:20:58 Image size of job updated: 524288
	512  -  MemoryUsage of job (MB)
	523964  -  ResidentSetSize of job (KB)
...
006 (11139883.103.000) 2023-07-20 06:25:58 Image size of job updated: 524288
	512  -  MemoryUsage of job (MB)
	524236  -  ResidentSetSize of job (KB)
...
040 (11139883.103.000) 2023-07-20 07:19:29 Started transferring output files
...
040 (11139883.103.000) 2023-07-20 07:19:29 Finished transferring output files
...
005 (11139883.103.000) 2023-07-20 07:19:29 Job terminated.
	(1) Normal termination (return value 0)
		Usr 0 00:57:58, Sys 0 00:00:14  -  Run Remote Usage
		Usr 0 00:00:00, Sys 0 00:00:00  -  Run Local Usage
		Usr 0 00:57:58, Sys 0 00:00:14  -  Total Remote Usage
		Usr 0 00:00:00, Sys 0 00:00:00  -  Total Local Usage
	56871  -  Run Bytes Sent By Job
	32725918  -  Run Bytes Received By Job
	56871  -  Total Bytes Sent By Job
	32725918  -  Total Bytes Received By Job
	Partitionable Resources :     Usage  Request Allocated 
	   Cpus                 :      0.99        1         1 
	   Disk (KB)            : 255231      524288   1458998 
	   IoHeavy              :                            0 
	   Memory (MB)          :    512         512       512 

	Job terminated of its own accord at 2023-07-20T12:19:29Z with exit-code 0.
...
