000 (11139883.075.000) 2023-07-20 06:17:26 Job submitted from host: <128.104.101.92:9618?addrs=128.104.101.92-9618+[2607-f388-107c-501-a236-9fff-fe3c-caa8]-9618&alias=submit2.chtc.wisc.edu&noUDP&sock=schedd_1879732_618e>
...
040 (11139883.075.000) 2023-07-20 06:21:15 Started transferring input files
	Transferring to host: <128.105.69.102:9618?addrs=128.105.69.102-9618+[2607-f388-2200-100-1270-fdff-fe56-cbc4]-9618&alias=e4013.chtc.wisc.edu&noUDP&sock=slot1_49_550719_1b14_30093>
...
040 (11139883.075.000) 2023-07-20 06:21:17 Finished transferring input files
...
001 (11139883.075.000) 2023-07-20 06:21:25 Job executing on host: <128.105.69.102:9618?addrs=128.105.69.102-9618+[2607-f388-2200-100-1270-fdff-fe56-cbc4]-9618&alias=e4013.chtc.wisc.edu&noUDP&sock=startd_11626_0c26>
	SlotName: slot1_49@e4013.chtc.wisc.edu
	CondorScratchDir = "/var/lib/condor/execute/slot1/dir_3699764"
	Cpus = 1
	Disk = 1208198
	IoHeavy = 0
	Memory = 512
...
006 (11139883.075.000) 2023-07-20 06:21:33 Image size of job updated: 419884
	320  -  MemoryUsage of job (MB)
	327196  -  ResidentSetSize of job (KB)
...
006 (11139883.075.000) 2023-07-20 06:26:33 Image size of job updated: 467952
	438  -  MemoryUsage of job (MB)
	448124  -  ResidentSetSize of job (KB)
...
006 (11139883.075.000) 2023-07-20 06:28:40 Image size of job updated: 468860
	438  -  MemoryUsage of job (MB)
	448124  -  ResidentSetSize of job (KB)
...
040 (11139883.075.000) 2023-07-20 06:28:41 Started transferring output files
...
040 (11139883.075.000) 2023-07-20 06:28:41 Finished transferring output files
...
005 (11139883.075.000) 2023-07-20 06:28:45 Job terminated.
	(1) Normal termination (return value 0)
		Usr 0 00:07:07, Sys 0 00:00:02  -  Run Remote Usage
		Usr 0 00:00:00, Sys 0 00:00:00  -  Run Local Usage
		Usr 0 00:07:07, Sys 0 00:00:02  -  Total Remote Usage
		Usr 0 00:00:00, Sys 0 00:00:00  -  Total Local Usage
	58054  -  Run Bytes Sent By Job
	32725918  -  Run Bytes Received By Job
	58054  -  Total Bytes Sent By Job
	32725918  -  Total Bytes Received By Job
	Partitionable Resources :     Usage  Request Allocated 
	   Cpus                 :      0.99        1         1 
	   Disk (KB)            : 255232      524288   1208198 
	   IoHeavy              :                            0 
	   Memory (MB)          :    438         512       512 

	Job terminated of its own accord at 2023-07-20T11:28:40Z with exit-code 0.
...
