000 (11392336.101.000) 2023-08-03 08:17:14 Job submitted from host: <128.104.101.92:9618?addrs=128.104.101.92-9618+[2607-f388-107c-501-a236-9fff-fe3c-caa8]-9618&alias=submit2.chtc.wisc.edu&noUDP&sock=schedd_1879732_618e>
...
040 (11392336.101.000) 2023-08-03 08:17:38 Started transferring input files
	Transferring to host: <128.105.69.132:9618?addrs=128.105.69.132-9618+[2607-f388-2200-100-1270-fdff-fe56-673c]-9618&alias=e4081.chtc.wisc.edu&noUDP&sock=slot1_1_1581918_1681_69749>
...
040 (11392336.101.000) 2023-08-03 08:17:40 Finished transferring input files
...
001 (11392336.101.000) 2023-08-03 08:17:41 Job executing on host: <128.105.69.132:9618?addrs=128.105.69.132-9618+[2607-f388-2200-100-1270-fdff-fe56-673c]-9618&alias=e4081.chtc.wisc.edu&noUDP&sock=startd_16631_0fa8>
	SlotName: slot1_1@e4081.chtc.wisc.edu
	CondorScratchDir = "/var/lib/condor/execute/slot1/dir_2697069"
	Cpus = 1
	Disk = 1208198
	IoHeavy = 0
	Memory = 512
...
006 (11392336.101.000) 2023-08-03 08:17:49 Image size of job updated: 522056
	500  -  MemoryUsage of job (MB)
	511832  -  ResidentSetSize of job (KB)
...
006 (11392336.101.000) 2023-08-03 08:18:03 Image size of job updated: 522384
	500  -  MemoryUsage of job (MB)
	511832  -  ResidentSetSize of job (KB)
...
040 (11392336.101.000) 2023-08-03 08:18:03 Started transferring output files
...
040 (11392336.101.000) 2023-08-03 08:18:03 Finished transferring output files
...
005 (11392336.101.000) 2023-08-03 08:18:03 Job terminated.
	(1) Normal termination (return value 0)
		Usr 0 00:00:19, Sys 0 00:00:01  -  Run Remote Usage
		Usr 0 00:00:00, Sys 0 00:00:00  -  Run Local Usage
		Usr 0 00:00:19, Sys 0 00:00:01  -  Total Remote Usage
		Usr 0 00:00:00, Sys 0 00:00:00  -  Total Local Usage
	55211  -  Run Bytes Sent By Job
	32727852  -  Run Bytes Received By Job
	55211  -  Total Bytes Sent By Job
	32727852  -  Total Bytes Received By Job
	Partitionable Resources :     Usage  Request Allocated 
	   Cpus                 :      0.36        1         1 
	   Disk (KB)            : 255231      524288   1208198 
	   IoHeavy              :                            0 
	   Memory (MB)          :    500         512       512 

	Job terminated of its own accord at 2023-08-03T13:18:03Z with exit-code 0.
...
