000 (11139874.001.000) 2023-07-20 03:16:35 Job submitted from host: <128.104.101.92:9618?addrs=128.104.101.92-9618+[2607-f388-107c-501-a236-9fff-fe3c-caa8]-9618&alias=submit2.chtc.wisc.edu&noUDP&sock=schedd_1879732_618e>
...
040 (11139874.001.000) 2023-07-20 03:20:03 Started transferring input files
	Transferring to host: <128.105.69.93:9618?addrs=128.105.69.93-9618+[2607-f388-2200-100-1270-fdff-fe56-ba3c]-9618&alias=e4004.chtc.wisc.edu&noUDP&sock=slot1_127_2078089_7172_11627>
...
040 (11139874.001.000) 2023-07-20 03:20:07 Finished transferring input files
...
001 (11139874.001.000) 2023-07-20 03:20:08 Job executing on host: <128.105.69.93:9618?addrs=128.105.69.93-9618+[2607-f388-2200-100-1270-fdff-fe56-ba3c]-9618&alias=e4004.chtc.wisc.edu&noUDP&sock=startd_13312_80d3>
	SlotName: slot1_127@e4004.chtc.wisc.edu
	CondorScratchDir = "/var/lib/condor/execute/slot1/dir_971615"
	Cpus = 1
	Disk = 1268229
	IoHeavy = 0
	Memory = 512
...
006 (11139874.001.000) 2023-07-20 03:20:16 Image size of job updated: 1000
	0  -  MemoryUsage of job (MB)
	0  -  ResidentSetSize of job (KB)
...
006 (11139874.001.000) 2023-07-20 03:23:08 Image size of job updated: 1000
	1  -  MemoryUsage of job (MB)
	4  -  ResidentSetSize of job (KB)
...
040 (11139874.001.000) 2023-07-20 03:23:08 Started transferring output files
...
040 (11139874.001.000) 2023-07-20 03:23:08 Finished transferring output files
...
005 (11139874.001.000) 2023-07-20 03:23:09 Job terminated.
	(1) Normal termination (return value 0)
		Usr 0 00:00:00, Sys 0 00:00:00  -  Run Remote Usage
		Usr 0 00:00:00, Sys 0 00:00:00  -  Run Local Usage
		Usr 0 00:00:00, Sys 0 00:00:00  -  Total Remote Usage
		Usr 0 00:00:00, Sys 0 00:00:00  -  Total Local Usage
	0  -  Run Bytes Sent By Job
	32724784  -  Run Bytes Received By Job
	0  -  Total Bytes Sent By Job
	32724784  -  Total Bytes Received By Job
	Partitionable Resources :    Usage  Request Allocated 
	   Cpus                 :                 1         1 
	   Disk (KB)            :    89736   524288   1268229 
	   IoHeavy              :                           0 
	   Memory (MB)          :        1      512       512 

	Job terminated of its own accord at 2023-07-20T08:23:08Z with exit-code 0.
...
