000 (11139883.039.000) 2023-07-20 06:17:26 Job submitted from host: <128.104.101.92:9618?addrs=128.104.101.92-9618+[2607-f388-107c-501-a236-9fff-fe3c-caa8]-9618&alias=submit2.chtc.wisc.edu&noUDP&sock=schedd_1879732_618e>
...
040 (11139883.039.000) 2023-07-20 06:20:37 Started transferring input files
	Transferring to host: <128.105.69.219:9618?addrs=128.105.69.219-9618&alias=e2602.chtc.wisc.edu&noUDP&sock=slot1_230_2200493_2263_19552>
...
040 (11139883.039.000) 2023-07-20 06:20:39 Finished transferring input files
...
001 (11139883.039.000) 2023-07-20 06:20:40 Job executing on host: <128.105.69.219:9618?addrs=128.105.69.219-9618&alias=e2602.chtc.wisc.edu&noUDP&sock=startd_18812_0bb7>
	SlotName: slot1_230@e2602.chtc.wisc.edu
	CondorScratchDir = "/var/lib/condor/execute/slot1/dir_726743"
	Cpus = 1
	Disk = 1458998
	IoHeavy = 0
	Memory = 512
...
006 (11139883.039.000) 2023-07-20 06:20:50 Image size of job updated: 381476
	349  -  MemoryUsage of job (MB)
	356604  -  ResidentSetSize of job (KB)
...
006 (11139883.039.000) 2023-07-20 06:25:50 Image size of job updated: 524288
	497  -  MemoryUsage of job (MB)
	508180  -  ResidentSetSize of job (KB)
...
006 (11139883.039.000) 2023-07-20 06:30:51 Image size of job updated: 524288
	512  -  MemoryUsage of job (MB)
	524120  -  ResidentSetSize of job (KB)
...
040 (11139883.039.000) 2023-07-20 06:57:29 Started transferring output files
...
040 (11139883.039.000) 2023-07-20 06:57:29 Finished transferring output files
...
005 (11139883.039.000) 2023-07-20 06:57:29 Job terminated.
	(1) Normal termination (return value 0)
		Usr 0 00:35:20, Sys 0 00:00:37  -  Run Remote Usage
		Usr 0 00:00:00, Sys 0 00:00:00  -  Run Local Usage
		Usr 0 00:35:20, Sys 0 00:00:37  -  Total Remote Usage
		Usr 0 00:00:00, Sys 0 00:00:00  -  Total Local Usage
	57965  -  Run Bytes Sent By Job
	32725918  -  Run Bytes Received By Job
	57965  -  Total Bytes Sent By Job
	32725918  -  Total Bytes Received By Job
	Partitionable Resources :     Usage  Request Allocated 
	   Cpus                 :      0.95        1         1 
	   Disk (KB)            : 256092      524288   1458998 
	   IoHeavy              :                            0 
	   Memory (MB)          :    512         512       512 

	Job terminated of its own accord at 2023-07-20T11:57:29Z with exit-code 0.
...
