000 (11392261.024.000) 2023-08-02 21:08:52 Job submitted from host: <128.104.101.92:9618?addrs=128.104.101.92-9618+[2607-f388-107c-501-a236-9fff-fe3c-caa8]-9618&alias=submit2.chtc.wisc.edu&noUDP&sock=schedd_1879732_618e>
...
040 (11392261.024.000) 2023-08-02 21:10:01 Started transferring input files
	Transferring to host: <128.105.69.161:9618?addrs=128.105.69.161-9618+[2607-f388-2200-100-1270-fdff-fe56-bf5c]-9618&alias=e4094.chtc.wisc.edu&noUDP&sock=slot1_249_1367360_912c_63044>
...
040 (11392261.024.000) 2023-08-02 21:10:05 Finished transferring input files
...
001 (11392261.024.000) 2023-08-02 21:10:07 Job executing on host: <128.105.69.161:9618?addrs=128.105.69.161-9618+[2607-f388-2200-100-1270-fdff-fe56-bf5c]-9618&alias=e4094.chtc.wisc.edu&noUDP&sock=startd_11680_1644>
	SlotName: slot1_249@e4094.chtc.wisc.edu
	CondorScratchDir = "/var/lib/condor/execute/slot1/dir_734819"
	Cpus = 1
	Disk = 1208198
	IoHeavy = 0
	Memory = 512
...
006 (11392261.024.000) 2023-08-02 21:10:15 Image size of job updated: 131764
	129  -  MemoryUsage of job (MB)
	131764  -  ResidentSetSize of job (KB)
...
006 (11392261.024.000) 2023-08-02 21:15:15 Image size of job updated: 427772
	418  -  MemoryUsage of job (MB)
	427664  -  ResidentSetSize of job (KB)
...
006 (11392261.024.000) 2023-08-02 21:20:16 Image size of job updated: 429676
	418  -  MemoryUsage of job (MB)
	427664  -  ResidentSetSize of job (KB)
...
006 (11392261.024.000) 2023-08-02 21:31:42 Image size of job updated: 432316
	418  -  MemoryUsage of job (MB)
	427664  -  ResidentSetSize of job (KB)
...
040 (11392261.024.000) 2023-08-02 21:31:42 Started transferring output files
...
040 (11392261.024.000) 2023-08-02 21:31:42 Finished transferring output files
...
005 (11392261.024.000) 2023-08-02 21:31:42 Job terminated.
	(1) Normal termination (return value 0)
		Usr 0 00:20:51, Sys 0 00:00:15  -  Run Remote Usage
		Usr 0 00:00:00, Sys 0 00:00:00  -  Run Local Usage
		Usr 0 00:20:51, Sys 0 00:00:15  -  Total Remote Usage
		Usr 0 00:00:00, Sys 0 00:00:00  -  Total Local Usage
	57753  -  Run Bytes Sent By Job
	32727852  -  Run Bytes Received By Job
	57753  -  Total Bytes Sent By Job
	32727852  -  Total Bytes Received By Job
	Partitionable Resources :     Usage  Request Allocated 
	   Cpus                 :      0.99        1         1 
	   Disk (KB)            : 255810      524288   1208198 
	   IoHeavy              :                            0 
	   Memory (MB)          :    418         512       512 

	Job terminated of its own accord at 2023-08-03T02:31:42Z with exit-code 0.
...
