000 (11174826.036.000) 2023-07-25 19:31:08 Job submitted from host: <128.104.101.92:9618?addrs=128.104.101.92-9618+[2607-f388-107c-501-a236-9fff-fe3c-caa8]-9618&alias=submit2.chtc.wisc.edu&noUDP&sock=schedd_1879732_618e>
...
040 (11174826.036.000) 2023-07-25 19:32:59 Started transferring input files
	Transferring to host: <128.105.69.95:9618?addrs=128.105.69.95-9618+[2607-f388-2200-100-1270-fdff-fe56-bff4]-9618&alias=e4006.chtc.wisc.edu&noUDP&sock=slot1_204_3683970_e1e9_43247>
...
040 (11174826.036.000) 2023-07-25 19:33:01 Finished transferring input files
...
001 (11174826.036.000) 2023-07-25 19:33:02 Job executing on host: <128.105.69.95:9618?addrs=128.105.69.95-9618+[2607-f388-2200-100-1270-fdff-fe56-bff4]-9618&alias=e4006.chtc.wisc.edu&noUDP&sock=startd_2383497_450b>
	SlotName: slot1_204@e4006.chtc.wisc.edu
	CondorScratchDir = "/var/lib/condor/execute/slot1/dir_3916417"
	Cpus = 1
	Disk = 1208198
	IoHeavy = 0
	Memory = 512
...
006 (11174826.036.000) 2023-07-25 19:33:11 Image size of job updated: 275808
	221  -  MemoryUsage of job (MB)
	225808  -  ResidentSetSize of job (KB)
...
006 (11174826.036.000) 2023-07-25 19:38:12 Image size of job updated: 431040
	416  -  MemoryUsage of job (MB)
	425768  -  ResidentSetSize of job (KB)
...
040 (11174826.036.000) 2023-07-25 19:41:08 Started transferring output files
...
040 (11174826.036.000) 2023-07-25 19:41:08 Finished transferring output files
...
005 (11174826.036.000) 2023-07-25 19:41:08 Job terminated.
	(1) Normal termination (return value 0)
		Usr 0 00:07:47, Sys 0 00:00:08  -  Run Remote Usage
		Usr 0 00:00:00, Sys 0 00:00:00  -  Run Local Usage
		Usr 0 00:07:47, Sys 0 00:00:08  -  Total Remote Usage
		Usr 0 00:00:00, Sys 0 00:00:00  -  Total Local Usage
	58096  -  Run Bytes Sent By Job
	32725816  -  Run Bytes Received By Job
	58096  -  Total Bytes Sent By Job
	32725816  -  Total Bytes Received By Job
	Partitionable Resources :     Usage  Request Allocated 
	   Cpus                 :      0.99        1         1 
	   Disk (KB)            : 256075      524288   1208198 
	   IoHeavy              :                            0 
	   Memory (MB)          :    416         512       512 

	Job terminated of its own accord at 2023-07-26T00:41:07Z with exit-code 0.
...
