000 (11178197.007.000) 2023-07-26 22:31:45 Job submitted from host: <128.104.101.92:9618?addrs=128.104.101.92-9618+[2607-f388-107c-501-a236-9fff-fe3c-caa8]-9618&alias=submit2.chtc.wisc.edu&noUDP&sock=schedd_1879732_618e>
...
040 (11178197.007.000) 2023-07-26 22:32:41 Started transferring input files
	Transferring to host: <128.105.69.183:9618?addrs=128.105.69.183-9618+[2607-f388-2200-100-1270-fdff-fe56-b9c4]-9618&alias=e2566.chtc.wisc.edu&noUDP&sock=slot1_45_574966_4f8e_61962>
...
040 (11178197.007.000) 2023-07-26 22:32:42 Finished transferring input files
...
001 (11178197.007.000) 2023-07-26 22:32:43 Job executing on host: <128.105.69.183:9618?addrs=128.105.69.183-9618+[2607-f388-2200-100-1270-fdff-fe56-b9c4]-9618&alias=e2566.chtc.wisc.edu&noUDP&sock=startd_13813_25c6>
	SlotName: slot1_45@e2566.chtc.wisc.edu
...
006 (11178197.007.000) 2023-07-26 22:32:52 Image size of job updated: 198664
	146  -  MemoryUsage of job (MB)
	149444  -  ResidentSetSize of job (KB)
...
006 (11178197.007.000) 2023-07-26 22:37:52 Image size of job updated: 599624
	351  -  MemoryUsage of job (MB)
	359120  -  ResidentSetSize of job (KB)
...
040 (11178197.007.000) 2023-07-26 22:37:59 Started transferring output files
...
040 (11178197.007.000) 2023-07-26 22:37:59 Finished transferring output files
...
005 (11178197.007.000) 2023-07-26 22:37:59 Job terminated.
	(1) Normal termination (return value 0)
		Usr 0 00:05:09, Sys 0 00:00:03  -  Run Remote Usage
		Usr 0 00:00:00, Sys 0 00:00:00  -  Run Local Usage
		Usr 0 00:05:09, Sys 0 00:00:03  -  Total Remote Usage
		Usr 0 00:00:00, Sys 0 00:00:00  -  Total Local Usage
	56968  -  Run Bytes Sent By Job
	32726832  -  Run Bytes Received By Job
	56968  -  Total Bytes Sent By Job
	32726832  -  Total Bytes Received By Job
	Partitionable Resources :     Usage  Request Allocated 
	   Cpus                 :      0.99        1         1 
	   Disk (KB)            : 255232      524288   1208198 
	   IoHeavy              :                            0 
	   Memory (MB)          :    351         512       512 

	Job terminated of its own accord at 2023-07-27T03:37:59Z with exit-code 0.
...
