000 (11139883.064.000) 2023-07-20 06:17:26 Job submitted from host: <128.104.101.92:9618?addrs=128.104.101.92-9618+[2607-f388-107c-501-a236-9fff-fe3c-caa8]-9618&alias=submit2.chtc.wisc.edu&noUDP&sock=schedd_1879732_618e>
...
040 (11139883.064.000) 2023-07-20 06:21:13 Started transferring input files
	Transferring to host: <128.105.69.180:9618?addrs=128.105.69.180-9618+[2607-f388-2200-100-1270-fdff-fe56-6844]-9618&alias=e2563.chtc.wisc.edu&noUDP&sock=slot1_11_1638361_4998_19313>
...
040 (11139883.064.000) 2023-07-20 06:21:15 Finished transferring input files
...
001 (11139883.064.000) 2023-07-20 06:21:22 Job executing on host: <128.105.69.180:9618?addrs=128.105.69.180-9618+[2607-f388-2200-100-1270-fdff-fe56-6844]-9618&alias=e2563.chtc.wisc.edu&noUDP&sock=startd_13448_c9b5>
	SlotName: slot1_11@e2563.chtc.wisc.edu
	CondorScratchDir = "/var/lib/condor/execute/slot1/dir_2297668"
	Cpus = 1
	Disk = 1208198
	IoHeavy = 0
	Memory = 512
...
006 (11139883.064.000) 2023-07-20 06:21:30 Image size of job updated: 275220
	139  -  MemoryUsage of job (MB)
	141508  -  ResidentSetSize of job (KB)
...
006 (11139883.064.000) 2023-07-20 06:26:30 Image size of job updated: 449564
	432  -  MemoryUsage of job (MB)
	441708  -  ResidentSetSize of job (KB)
...
040 (11139883.064.000) 2023-07-20 06:29:24 Started transferring output files
...
040 (11139883.064.000) 2023-07-20 06:29:24 Finished transferring output files
...
005 (11139883.064.000) 2023-07-20 06:29:39 Job terminated.
	(1) Normal termination (return value 0)
		Usr 0 00:07:53, Sys 0 00:00:03  -  Run Remote Usage
		Usr 0 00:00:00, Sys 0 00:00:00  -  Run Local Usage
		Usr 0 00:07:53, Sys 0 00:00:03  -  Total Remote Usage
		Usr 0 00:00:00, Sys 0 00:00:00  -  Total Local Usage
	58053  -  Run Bytes Sent By Job
	32725918  -  Run Bytes Received By Job
	58053  -  Total Bytes Sent By Job
	32725918  -  Total Bytes Received By Job
	Partitionable Resources :     Usage  Request Allocated 
	   Cpus                 :      1.00        1         1 
	   Disk (KB)            : 255232      524288   1208198 
	   IoHeavy              :                            0 
	   Memory (MB)          :    432         512       512 

	Job terminated of its own accord at 2023-07-20T11:29:24Z with exit-code 0.
...
