000 (11143209.044.000) 2023-07-20 21:06:51 Job submitted from host: <128.104.101.92:9618?addrs=128.104.101.92-9618+[2607-f388-107c-501-a236-9fff-fe3c-caa8]-9618&alias=submit2.chtc.wisc.edu&noUDP&sock=schedd_1879732_618e>
...
040 (11143209.044.000) 2023-07-20 21:08:23 Started transferring input files
	Transferring to host: <128.105.69.183:9618?addrs=128.105.69.183-9618+[2607-f388-2200-100-1270-fdff-fe56-b9c4]-9618&alias=e2566.chtc.wisc.edu&noUDP&sock=slot1_157_574966_4f8e_38632>
...
040 (11143209.044.000) 2023-07-20 21:08:25 Finished transferring input files
...
001 (11143209.044.000) 2023-07-20 21:08:29 Job executing on host: <128.105.69.183:9618?addrs=128.105.69.183-9618+[2607-f388-2200-100-1270-fdff-fe56-b9c4]-9618&alias=e2566.chtc.wisc.edu&noUDP&sock=startd_13813_25c6>
	SlotName: slot1_157@e2566.chtc.wisc.edu
...
006 (11143209.044.000) 2023-07-20 21:08:38 Image size of job updated: 347372
	164  -  MemoryUsage of job (MB)
	167612  -  ResidentSetSize of job (KB)
...
006 (11143209.044.000) 2023-07-20 21:12:09 Image size of job updated: 778300
	167  -  MemoryUsage of job (MB)
	170548  -  ResidentSetSize of job (KB)
...
040 (11143209.044.000) 2023-07-20 21:12:09 Started transferring output files
...
040 (11143209.044.000) 2023-07-20 21:12:09 Finished transferring output files
...
005 (11143209.044.000) 2023-07-20 21:12:09 Job terminated.
	(1) Normal termination (return value 0)
		Usr 0 00:03:28, Sys 0 00:00:08  -  Run Remote Usage
		Usr 0 00:00:00, Sys 0 00:00:00  -  Run Local Usage
		Usr 0 00:03:28, Sys 0 00:00:08  -  Total Remote Usage
		Usr 0 00:00:00, Sys 0 00:00:00  -  Total Local Usage
	57469  -  Run Bytes Sent By Job
	32725816  -  Run Bytes Received By Job
	57469  -  Total Bytes Sent By Job
	32725816  -  Total Bytes Received By Job
	Partitionable Resources :     Usage  Request Allocated 
	   Cpus                 :      0.99        1         1 
	   Disk (KB)            : 256096      524288   1208198 
	   IoHeavy              :                            0 
	   Memory (MB)          :    167         512       512 

	Job terminated of its own accord at 2023-07-21T02:12:09Z with exit-code 0.
...
