000 (11174826.043.000) 2023-07-25 19:31:08 Job submitted from host: <128.104.101.92:9618?addrs=128.104.101.92-9618+[2607-f388-107c-501-a236-9fff-fe3c-caa8]-9618&alias=submit2.chtc.wisc.edu&noUDP&sock=schedd_1879732_618e>
...
040 (11174826.043.000) 2023-07-25 19:32:59 Started transferring input files
	Transferring to host: <128.105.69.187:9618?addrs=128.105.69.187-9618+[2607-f388-2200-100-1270-fdff-fe56-b86c]-9618&alias=e4039.chtc.wisc.edu&noUDP&sock=slot1_39_3589331_2540_48122>
...
040 (11174826.043.000) 2023-07-25 19:33:01 Finished transferring input files
...
001 (11174826.043.000) 2023-07-25 19:33:02 Job executing on host: <128.105.69.187:9618?addrs=128.105.69.187-9618+[2607-f388-2200-100-1270-fdff-fe56-b86c]-9618&alias=e4039.chtc.wisc.edu&noUDP&sock=startd_15786_7621>
	SlotName: slot1_39@e4039.chtc.wisc.edu
	CondorScratchDir = "/var/lib/condor/execute/slot1/dir_2597384"
	Cpus = 1
	Disk = 1208198
	IoHeavy = 0
	Memory = 512
...
006 (11174826.043.000) 2023-07-25 19:33:11 Image size of job updated: 383488
	318  -  MemoryUsage of job (MB)
	324988  -  ResidentSetSize of job (KB)
...
006 (11174826.043.000) 2023-07-25 19:37:39 Image size of job updated: 524288
	322  -  MemoryUsage of job (MB)
	329212  -  ResidentSetSize of job (KB)
...
040 (11174826.043.000) 2023-07-25 19:37:39 Started transferring output files
...
040 (11174826.043.000) 2023-07-25 19:37:39 Finished transferring output files
...
005 (11174826.043.000) 2023-07-25 19:37:39 Job terminated.
	(1) Normal termination (return value 0)
		Usr 0 00:04:27, Sys 0 00:00:04  -  Run Remote Usage
		Usr 0 00:00:00, Sys 0 00:00:00  -  Run Local Usage
		Usr 0 00:04:27, Sys 0 00:00:04  -  Total Remote Usage
		Usr 0 00:00:00, Sys 0 00:00:00  -  Total Local Usage
	57925  -  Run Bytes Sent By Job
	32725816  -  Run Bytes Received By Job
	57925  -  Total Bytes Sent By Job
	32725816  -  Total Bytes Received By Job
	Partitionable Resources :     Usage  Request Allocated 
	   Cpus                 :      0.99        1         1 
	   Disk (KB)            : 256397      524288   1208198 
	   IoHeavy              :                            0 
	   Memory (MB)          :    322         512       512 

	Job terminated of its own accord at 2023-07-26T00:37:39Z with exit-code 0.
...
