000 (11174826.038.000) 2023-07-25 19:31:08 Job submitted from host: <128.104.101.92:9618?addrs=128.104.101.92-9618+[2607-f388-107c-501-a236-9fff-fe3c-caa8]-9618&alias=submit2.chtc.wisc.edu&noUDP&sock=schedd_1879732_618e>
...
040 (11174826.038.000) 2023-07-25 19:32:59 Started transferring input files
	Transferring to host: <128.105.69.186:9618?addrs=128.105.69.186-9618+[2607-f388-2200-100-1270-fdff-fe56-c3b4]-9618&alias=e4038.chtc.wisc.edu&noUDP&sock=slot1_166_2795919_9db8_47269>
...
040 (11174826.038.000) 2023-07-25 19:33:01 Finished transferring input files
...
001 (11174826.038.000) 2023-07-25 19:33:02 Job executing on host: <128.105.69.186:9618?addrs=128.105.69.186-9618+[2607-f388-2200-100-1270-fdff-fe56-c3b4]-9618&alias=e4038.chtc.wisc.edu&noUDP&sock=startd_15951_a342>
	SlotName: slot1_166@e4038.chtc.wisc.edu
	CondorScratchDir = "/var/lib/condor/execute/slot1/dir_2181206"
	Cpus = 1
	Disk = 1208198
	IoHeavy = 0
	Memory = 512
...
006 (11174826.038.000) 2023-07-25 19:33:10 Image size of job updated: 384044
	326  -  MemoryUsage of job (MB)
	333208  -  ResidentSetSize of job (KB)
...
006 (11174826.038.000) 2023-07-25 19:35:32 Image size of job updated: 523420
	337  -  MemoryUsage of job (MB)
	344216  -  ResidentSetSize of job (KB)
...
040 (11174826.038.000) 2023-07-25 19:35:33 Started transferring output files
...
040 (11174826.038.000) 2023-07-25 19:35:33 Finished transferring output files
...
005 (11174826.038.000) 2023-07-25 19:35:33 Job terminated.
	(1) Normal termination (return value 0)
		Usr 0 00:02:23, Sys 0 00:00:02  -  Run Remote Usage
		Usr 0 00:00:00, Sys 0 00:00:00  -  Run Local Usage
		Usr 0 00:02:23, Sys 0 00:00:02  -  Total Remote Usage
		Usr 0 00:00:00, Sys 0 00:00:00  -  Total Local Usage
	57171  -  Run Bytes Sent By Job
	32725816  -  Run Bytes Received By Job
	57171  -  Total Bytes Sent By Job
	32725816  -  Total Bytes Received By Job
	Partitionable Resources :     Usage  Request Allocated 
	   Cpus                 :      0.98        1         1 
	   Disk (KB)            : 256400      524288   1208198 
	   IoHeavy              :                            0 
	   Memory (MB)          :    337         512       512 

	Job terminated of its own accord at 2023-07-26T00:35:32Z with exit-code 0.
...
