000 (11143209.036.000) 2023-07-20 21:06:51 Job submitted from host: <128.104.101.92:9618?addrs=128.104.101.92-9618+[2607-f388-107c-501-a236-9fff-fe3c-caa8]-9618&alias=submit2.chtc.wisc.edu&noUDP&sock=schedd_1879732_618e>
...
040 (11143209.036.000) 2023-07-20 21:08:22 Started transferring input files
	Transferring to host: <128.105.69.123:9618?addrs=128.105.69.123-9618+[2607-f388-2200-100-1270-fdff-fe56-7324]-9618&alias=e4072.chtc.wisc.edu&noUDP&sock=slot1_120_1822831_1726_26135>
...
040 (11143209.036.000) 2023-07-20 21:08:24 Finished transferring input files
...
001 (11143209.036.000) 2023-07-20 21:08:29 Job executing on host: <128.105.69.123:9618?addrs=128.105.69.123-9618+[2607-f388-2200-100-1270-fdff-fe56-7324]-9618&alias=e4072.chtc.wisc.edu&noUDP&sock=startd_17358_b902>
	SlotName: slot1_120@e4072.chtc.wisc.edu
	CondorScratchDir = "/var/lib/condor/execute/slot1/dir_952892"
	Cpus = 1
	Disk = 1208198
	IoHeavy = 0
	Memory = 512
...
006 (11143209.036.000) 2023-07-20 21:08:37 Image size of job updated: 386372
	223  -  MemoryUsage of job (MB)
	228336  -  ResidentSetSize of job (KB)
...
006 (11143209.036.000) 2023-07-20 21:13:05 Image size of job updated: 524288
	223  -  MemoryUsage of job (MB)
	228336  -  ResidentSetSize of job (KB)
...
040 (11143209.036.000) 2023-07-20 21:13:05 Started transferring output files
...
040 (11143209.036.000) 2023-07-20 21:13:05 Finished transferring output files
...
005 (11143209.036.000) 2023-07-20 21:13:05 Job terminated.
	(1) Normal termination (return value 0)
		Usr 0 00:04:30, Sys 0 00:00:03  -  Run Remote Usage
		Usr 0 00:00:00, Sys 0 00:00:00  -  Run Local Usage
		Usr 0 00:04:30, Sys 0 00:00:03  -  Total Remote Usage
		Usr 0 00:00:00, Sys 0 00:00:00  -  Total Local Usage
	58093  -  Run Bytes Sent By Job
	32725816  -  Run Bytes Received By Job
	58093  -  Total Bytes Sent By Job
	32725816  -  Total Bytes Received By Job
	Partitionable Resources :     Usage  Request Allocated 
	   Cpus                 :      0.99        1         1 
	   Disk (KB)            : 255232      524288   1208198 
	   IoHeavy              :                            0 
	   Memory (MB)          :    223         512       512 

	Job terminated of its own accord at 2023-07-21T02:13:05Z with exit-code 0.
...
