000 (11139883.030.000) 2023-07-20 06:17:26 Job submitted from host: <128.104.101.92:9618?addrs=128.104.101.92-9618+[2607-f388-107c-501-a236-9fff-fe3c-caa8]-9618&alias=submit2.chtc.wisc.edu&noUDP&sock=schedd_1879732_618e>
...
040 (11139883.030.000) 2023-07-20 06:20:36 Started transferring input files
	Transferring to host: <128.105.69.171:9618?addrs=128.105.69.171-9618+[2607-f388-2200-100-1270-fdff-fe56-76ac]-9618&alias=e2554.chtc.wisc.edu&noUDP&sock=slot1_91_2358843_08cb_25013>
...
040 (11139883.030.000) 2023-07-20 06:20:37 Finished transferring input files
...
001 (11139883.030.000) 2023-07-20 06:20:38 Job executing on host: <128.105.69.171:9618?addrs=128.105.69.171-9618+[2607-f388-2200-100-1270-fdff-fe56-76ac]-9618&alias=e2554.chtc.wisc.edu&noUDP&sock=startd_14106_1f06>
	SlotName: slot1_91@e2554.chtc.wisc.edu
	CondorScratchDir = "/var/lib/condor/execute/slot1/dir_587569"
	Cpus = 1
	Disk = 1208198
	IoHeavy = 0
	Memory = 512
...
006 (11139883.030.000) 2023-07-20 06:20:47 Image size of job updated: 459248
	449  -  MemoryUsage of job (MB)
	459248  -  ResidentSetSize of job (KB)
...
006 (11139883.030.000) 2023-07-20 06:25:48 Image size of job updated: 524288
	449  -  MemoryUsage of job (MB)
	459248  -  ResidentSetSize of job (KB)
...
006 (11139883.030.000) 2023-07-20 06:30:48 Image size of job updated: 524288
	467  -  MemoryUsage of job (MB)
	477220  -  ResidentSetSize of job (KB)
...
006 (11139883.030.000) 2023-07-20 06:40:50 Image size of job updated: 524288
	473  -  MemoryUsage of job (MB)
	483544  -  ResidentSetSize of job (KB)
...
006 (11139883.030.000) 2023-07-20 07:05:53 Image size of job updated: 524288
	475  -  MemoryUsage of job (MB)
	485944  -  ResidentSetSize of job (KB)
...
006 (11139883.030.000) 2023-07-20 07:20:55 Image size of job updated: 524288
	486  -  MemoryUsage of job (MB)
	497592  -  ResidentSetSize of job (KB)
...
040 (11139883.030.000) 2023-07-20 07:40:05 Started transferring output files
...
040 (11139883.030.000) 2023-07-20 07:40:05 Finished transferring output files
...
005 (11139883.030.000) 2023-07-20 07:40:05 Job terminated.
	(1) Normal termination (return value 0)
		Usr 0 01:17:53, Sys 0 00:00:18  -  Run Remote Usage
		Usr 0 00:00:00, Sys 0 00:00:00  -  Run Local Usage
		Usr 0 01:17:53, Sys 0 00:00:18  -  Total Remote Usage
		Usr 0 00:00:00, Sys 0 00:00:00  -  Total Local Usage
	57860  -  Run Bytes Sent By Job
	32725918  -  Run Bytes Received By Job
	57860  -  Total Bytes Sent By Job
	32725918  -  Total Bytes Received By Job
	Partitionable Resources :     Usage  Request Allocated 
	   Cpus                 :      0.99        1         1 
	   Disk (KB)            : 255232      524288   1208198 
	   IoHeavy              :                            0 
	   Memory (MB)          :    486         512       512 

	Job terminated of its own accord at 2023-07-20T12:40:05Z with exit-code 0.
...
