000 (11392261.012.000) 2023-08-02 21:08:52 Job submitted from host: <128.104.101.92:9618?addrs=128.104.101.92-9618+[2607-f388-107c-501-a236-9fff-fe3c-caa8]-9618&alias=submit2.chtc.wisc.edu&noUDP&sock=schedd_1879732_618e>
...
040 (11392261.012.000) 2023-08-02 21:09:38 Started transferring input files
	Transferring to host: <128.105.69.156:9618?addrs=128.105.69.156-9618+[2607-f388-2200-100-1270-fdff-fe56-45ec]-9618&alias=e4089.chtc.wisc.edu&noUDP&sock=slot1_254_809546_2451_67597>
...
040 (11392261.012.000) 2023-08-02 21:09:43 Finished transferring input files
...
001 (11392261.012.000) 2023-08-02 21:09:45 Job executing on host: <128.105.69.156:9618?addrs=128.105.69.156-9618+[2607-f388-2200-100-1270-fdff-fe56-45ec]-9618&alias=e4089.chtc.wisc.edu&noUDP&sock=startd_17196_9aab>
	SlotName: slot1_254@e4089.chtc.wisc.edu
	CondorScratchDir = "/var/lib/condor/execute/slot1/dir_3966595"
	Cpus = 1
	Disk = 1208198
	IoHeavy = 0
	Memory = 512
...
006 (11392261.012.000) 2023-08-02 21:09:53 Image size of job updated: 157672
	152  -  MemoryUsage of job (MB)
	155300  -  ResidentSetSize of job (KB)
...
006 (11392261.012.000) 2023-08-02 21:14:53 Image size of job updated: 445696
	435  -  MemoryUsage of job (MB)
	445076  -  ResidentSetSize of job (KB)
...
006 (11392261.012.000) 2023-08-02 21:19:54 Image size of job updated: 448116
	435  -  MemoryUsage of job (MB)
	445076  -  ResidentSetSize of job (KB)
...
006 (11392261.012.000) 2023-08-02 21:24:54 Image size of job updated: 448116
	436  -  MemoryUsage of job (MB)
	446232  -  ResidentSetSize of job (KB)
...
006 (11392261.012.000) 2023-08-02 21:29:55 Image size of job updated: 450192
	436  -  MemoryUsage of job (MB)
	446232  -  ResidentSetSize of job (KB)
...
