000 (11178184.005.000) 2023-07-26 21:10:59 Job submitted from host: <128.104.101.92:9618?addrs=128.104.101.92-9618+[2607-f388-107c-501-a236-9fff-fe3c-caa8]-9618&alias=submit2.chtc.wisc.edu&noUDP&sock=schedd_1879732_618e>
...
040 (11178184.005.000) 2023-07-26 21:13:03 Started transferring input files
	Transferring to host: <128.105.69.188:9618?addrs=128.105.69.188-9618+[2607-f388-2200-100-1270-fdff-fe56-bf54]-9618&alias=e4040.chtc.wisc.edu&noUDP&sock=slot1_65_940684_b9e6_44762>
...
040 (11178184.005.000) 2023-07-26 21:13:05 Finished transferring input files
...
001 (11178184.005.000) 2023-07-26 21:13:06 Job executing on host: <128.105.69.188:9618?addrs=128.105.69.188-9618+[2607-f388-2200-100-1270-fdff-fe56-bf54]-9618&alias=e4040.chtc.wisc.edu&noUDP&sock=startd_15998_e035>
	SlotName: slot1_65@e4040.chtc.wisc.edu
	CondorScratchDir = "/var/lib/condor/execute/slot1/dir_660676"
	Cpus = 1
	Disk = 1208198
	IoHeavy = 0
	Memory = 512
...
006 (11178184.005.000) 2023-07-26 21:13:15 Image size of job updated: 287064
	222  -  MemoryUsage of job (MB)
	226448  -  ResidentSetSize of job (KB)
...
006 (11178184.005.000) 2023-07-26 21:15:08 Image size of job updated: 422864
	226  -  MemoryUsage of job (MB)
	230544  -  ResidentSetSize of job (KB)
...
040 (11178184.005.000) 2023-07-26 21:15:11 Started transferring output files
...
040 (11178184.005.000) 2023-07-26 21:15:12 Finished transferring output files
...
005 (11178184.005.000) 2023-07-26 21:15:14 Job terminated.
	(1) Normal termination (return value 0)
		Usr 0 00:01:56, Sys 0 00:00:02  -  Run Remote Usage
		Usr 0 00:00:00, Sys 0 00:00:00  -  Run Local Usage
		Usr 0 00:01:56, Sys 0 00:00:02  -  Total Remote Usage
		Usr 0 00:00:00, Sys 0 00:00:00  -  Total Local Usage
	56434  -  Run Bytes Sent By Job
	32726544  -  Run Bytes Received By Job
	56434  -  Total Bytes Sent By Job
	32726544  -  Total Bytes Received By Job
	Partitionable Resources :    Usage  Request Allocated 
	   Cpus                 :                 1         1 
	   Disk (KB)            :   255222   524288   1208198 
	   IoHeavy              :                           0 
	   Memory (MB)          :      226      512       512 

	Job terminated of its own accord at 2023-07-27T02:15:08Z with exit-code 0.
...
