000 (11392341.009.000) 2023-08-03 09:09:59 Job submitted from host: <128.104.101.92:9618?addrs=128.104.101.92-9618+[2607-f388-107c-501-a236-9fff-fe3c-caa8]-9618&alias=submit2.chtc.wisc.edu&noUDP&sock=schedd_1879732_618e>
...
040 (11392341.009.000) 2023-08-03 09:10:27 Started transferring input files
	Transferring to host: <128.105.69.93:9618?addrs=128.105.69.93-9618+[2607-f388-2200-100-1270-fdff-fe56-ba3c]-9618&alias=e4004.chtc.wisc.edu&noUDP&sock=slot1_41_2078089_7172_65872>
...
040 (11392341.009.000) 2023-08-03 09:10:29 Finished transferring input files
...
001 (11392341.009.000) 2023-08-03 09:10:30 Job executing on host: <128.105.69.93:9618?addrs=128.105.69.93-9618+[2607-f388-2200-100-1270-fdff-fe56-ba3c]-9618&alias=e4004.chtc.wisc.edu&noUDP&sock=startd_13312_80d3>
	SlotName: slot1_41@e4004.chtc.wisc.edu
	CondorScratchDir = "/var/lib/condor/execute/slot1/dir_1223619"
	Cpus = 1
	Disk = 1268229
	IoHeavy = 0
	Memory = 512
...
006 (11392341.009.000) 2023-08-03 09:10:38 Image size of job updated: 386680
	326  -  MemoryUsage of job (MB)
	333768  -  ResidentSetSize of job (KB)
...
006 (11392341.009.000) 2023-08-03 09:12:43 Image size of job updated: 522804
	335  -  MemoryUsage of job (MB)
	342460  -  ResidentSetSize of job (KB)
...
040 (11392341.009.000) 2023-08-03 09:12:43 Started transferring output files
...
040 (11392341.009.000) 2023-08-03 09:12:43 Finished transferring output files
...
005 (11392341.009.000) 2023-08-03 09:12:43 Job terminated.
	(1) Normal termination (return value 0)
		Usr 0 00:02:06, Sys 0 00:00:03  -  Run Remote Usage
		Usr 0 00:00:00, Sys 0 00:00:00  -  Run Local Usage
		Usr 0 00:02:06, Sys 0 00:00:03  -  Total Remote Usage
		Usr 0 00:00:00, Sys 0 00:00:00  -  Total Local Usage
	57971  -  Run Bytes Sent By Job
	32727736  -  Run Bytes Received By Job
	57971  -  Total Bytes Sent By Job
	32727736  -  Total Bytes Received By Job
	Partitionable Resources :    Usage  Request Allocated 
	   Cpus                 :                 1         1 
	   Disk (KB)            :   256382   524288   1268229 
	   IoHeavy              :                           0 
	   Memory (MB)          :      335      512       512 

	Job terminated of its own accord at 2023-08-03T14:12:43Z with exit-code 0.
...
