000 (11392336.069.000) 2023-08-03 08:17:14 Job submitted from host: <128.104.101.92:9618?addrs=128.104.101.92-9618+[2607-f388-107c-501-a236-9fff-fe3c-caa8]-9618&alias=submit2.chtc.wisc.edu&noUDP&sock=schedd_1879732_618e>
...
040 (11392336.069.000) 2023-08-03 08:17:36 Started transferring input files
	Transferring to host: <128.105.69.95:9618?addrs=128.105.69.95-9618+[2607-f388-2200-100-1270-fdff-fe56-bff4]-9618&alias=e4006.chtc.wisc.edu&noUDP&sock=slot1_4_3683970_e1e9_70979>
...
040 (11392336.069.000) 2023-08-03 08:17:38 Finished transferring input files
...
001 (11392336.069.000) 2023-08-03 08:17:39 Job executing on host: <128.105.69.95:9618?addrs=128.105.69.95-9618+[2607-f388-2200-100-1270-fdff-fe56-bff4]-9618&alias=e4006.chtc.wisc.edu&noUDP&sock=startd_2383497_450b>
	SlotName: slot1_4@e4006.chtc.wisc.edu
	CondorScratchDir = "/var/lib/condor/execute/slot1/dir_1322696"
	Cpus = 1
	Disk = 1208198
	IoHeavy = 0
	Memory = 512
...
006 (11392336.069.000) 2023-08-03 08:17:48 Image size of job updated: 388592
	334  -  MemoryUsage of job (MB)
	341908  -  ResidentSetSize of job (KB)
...
006 (11392336.069.000) 2023-08-03 08:19:15 Image size of job updated: 523396
	340  -  MemoryUsage of job (MB)
	347284  -  ResidentSetSize of job (KB)
...
040 (11392336.069.000) 2023-08-03 08:19:15 Started transferring output files
...
040 (11392336.069.000) 2023-08-03 08:19:15 Finished transferring output files
...
005 (11392336.069.000) 2023-08-03 08:19:15 Job terminated.
	(1) Normal termination (return value 0)
		Usr 0 00:01:31, Sys 0 00:00:02  -  Run Remote Usage
		Usr 0 00:00:00, Sys 0 00:00:00  -  Run Local Usage
		Usr 0 00:01:31, Sys 0 00:00:02  -  Total Remote Usage
		Usr 0 00:00:00, Sys 0 00:00:00  -  Total Local Usage
	58066  -  Run Bytes Sent By Job
	32727852  -  Run Bytes Received By Job
	58066  -  Total Bytes Sent By Job
	32727852  -  Total Bytes Received By Job
	Partitionable Resources :    Usage  Request Allocated 
	   Cpus                 :        0        1         1 
	   Disk (KB)            :   255233   524288   1208198 
	   IoHeavy              :                           0 
	   Memory (MB)          :      340      512       512 

	Job terminated of its own accord at 2023-08-03T13:19:15Z with exit-code 0.
...
