000 (11139883.152.000) 2023-07-20 06:17:26 Job submitted from host: <128.104.101.92:9618?addrs=128.104.101.92-9618+[2607-f388-107c-501-a236-9fff-fe3c-caa8]-9618&alias=submit2.chtc.wisc.edu&noUDP&sock=schedd_1879732_618e>
...
040 (11139883.152.000) 2023-07-20 06:20:52 Started transferring input files
	Transferring to host: <128.105.69.224:9618?addrs=128.105.69.224-9618+[2607-f388-2200-100-eaeb-d3ff-fe40-1574]-9618&alias=e2607.chtc.wisc.edu&noUDP&sock=slot1_67_3156497_6fbf_13702>
...
040 (11139883.152.000) 2023-07-20 06:20:54 Finished transferring input files
...
001 (11139883.152.000) 2023-07-20 06:20:55 Job executing on host: <128.105.69.224:9618?addrs=128.105.69.224-9618+[2607-f388-2200-100-eaeb-d3ff-fe40-1574]-9618&alias=e2607.chtc.wisc.edu&noUDP&sock=startd_11673_491a>
	SlotName: slot1_67@e2607.chtc.wisc.edu
	CondorScratchDir = "/var/lib/condor/execute/slot1/dir_3418967"
	Cpus = 1
	Disk = 1458998
	IoHeavy = 0
	Memory = 512
...
006 (11139883.152.000) 2023-07-20 06:21:04 Image size of job updated: 401368
	326  -  MemoryUsage of job (MB)
	333432  -  ResidentSetSize of job (KB)
...
006 (11139883.152.000) 2023-07-20 06:22:10 Image size of job updated: 412444
	336  -  MemoryUsage of job (MB)
	343160  -  ResidentSetSize of job (KB)
...
040 (11139883.152.000) 2023-07-20 06:22:10 Started transferring output files
...
040 (11139883.152.000) 2023-07-20 06:22:10 Finished transferring output files
...
005 (11139883.152.000) 2023-07-20 06:22:10 Job terminated.
	(1) Normal termination (return value 0)
		Usr 0 00:01:10, Sys 0 00:00:02  -  Run Remote Usage
		Usr 0 00:00:00, Sys 0 00:00:00  -  Run Local Usage
		Usr 0 00:01:10, Sys 0 00:00:02  -  Total Remote Usage
		Usr 0 00:00:00, Sys 0 00:00:00  -  Total Local Usage
	57443  -  Run Bytes Sent By Job
	32725918  -  Run Bytes Received By Job
	57443  -  Total Bytes Sent By Job
	32725918  -  Total Bytes Received By Job
	Partitionable Resources :     Usage  Request Allocated 
	   Cpus                 :      0.18        1         1 
	   Disk (KB)            : 255231      524288   1458998 
	   IoHeavy              :                            0 
	   Memory (MB)          :    336         512       512 

	Job terminated of its own accord at 2023-07-20T11:22:10Z with exit-code 0.
...
