000 (11139883.059.000) 2023-07-20 06:17:26 Job submitted from host: <128.104.101.92:9618?addrs=128.104.101.92-9618+[2607-f388-107c-501-a236-9fff-fe3c-caa8]-9618&alias=submit2.chtc.wisc.edu&noUDP&sock=schedd_1879732_618e>
...
040 (11139883.059.000) 2023-07-20 06:20:58 Started transferring input files
	Transferring to host: <128.105.69.185:9618?addrs=128.105.69.185-9618+[2607-f388-2200-100-1270-fdff-fe56-c0d4]-9618&alias=e4037.chtc.wisc.edu&noUDP&sock=slot1_44_3246537_c30c_13054>
...
040 (11139883.059.000) 2023-07-20 06:21:00 Finished transferring input files
...
001 (11139883.059.000) 2023-07-20 06:21:01 Job executing on host: <128.105.69.185:9618?addrs=128.105.69.185-9618+[2607-f388-2200-100-1270-fdff-fe56-c0d4]-9618&alias=e4037.chtc.wisc.edu&noUDP&sock=startd_16018_981a>
	SlotName: slot1_44@e4037.chtc.wisc.edu
	CondorScratchDir = "/var/lib/condor/execute/slot1/dir_2937437"
	Cpus = 1
	Disk = 1208198
	IoHeavy = 0
	Memory = 512
...
006 (11139883.059.000) 2023-07-20 06:21:09 Image size of job updated: 505660
	478  -  MemoryUsage of job (MB)
	488532  -  ResidentSetSize of job (KB)
...
006 (11139883.059.000) 2023-07-20 06:26:09 Image size of job updated: 524288
	504  -  MemoryUsage of job (MB)
	515972  -  ResidentSetSize of job (KB)
...
040 (11139883.059.000) 2023-07-20 06:30:08 Started transferring output files
...
040 (11139883.059.000) 2023-07-20 06:30:08 Finished transferring output files
...
005 (11139883.059.000) 2023-07-20 06:30:27 Job terminated.
	(1) Normal termination (return value 0)
		Usr 0 00:08:56, Sys 0 00:00:03  -  Run Remote Usage
		Usr 0 00:00:00, Sys 0 00:00:00  -  Run Local Usage
		Usr 0 00:08:56, Sys 0 00:00:03  -  Total Remote Usage
		Usr 0 00:00:00, Sys 0 00:00:00  -  Total Local Usage
	57917  -  Run Bytes Sent By Job
	32725918  -  Run Bytes Received By Job
	57917  -  Total Bytes Sent By Job
	32725918  -  Total Bytes Received By Job
	Partitionable Resources :     Usage  Request Allocated 
	   Cpus                 :      0.99        1         1 
	   Disk (KB)            : 255232      524288   1208198 
	   IoHeavy              :                            0 
	   Memory (MB)          :    504         512       512 

	Job terminated of its own accord at 2023-07-20T11:30:07Z with exit-code 0.
...
