000 (11139883.022.000) 2023-07-20 06:17:26 Job submitted from host: <128.104.101.92:9618?addrs=128.104.101.92-9618+[2607-f388-107c-501-a236-9fff-fe3c-caa8]-9618&alias=submit2.chtc.wisc.edu&noUDP&sock=schedd_1879732_618e>
...
040 (11139883.022.000) 2023-07-20 06:20:35 Started transferring input files
	Transferring to host: <128.105.69.136:9618?addrs=128.105.69.136-9618+[2607-f388-2200-100-1270-fdff-fe56-c8dc]-9618&alias=e4041.chtc.wisc.edu&noUDP&sock=slot1_49_1608905_deeb_20191>
...
040 (11139883.022.000) 2023-07-20 06:20:39 Finished transferring input files
...
001 (11139883.022.000) 2023-07-20 06:20:40 Job executing on host: <128.105.69.136:9618?addrs=128.105.69.136-9618+[2607-f388-2200-100-1270-fdff-fe56-c8dc]-9618&alias=e4041.chtc.wisc.edu&noUDP&sock=startd_15863_46ec>
	SlotName: slot1_49@e4041.chtc.wisc.edu
	CondorScratchDir = "/var/lib/condor/execute/slot1/dir_3691607"
	Cpus = 1
	Disk = 1208198
	IoHeavy = 0
	Memory = 512
...
006 (11139883.022.000) 2023-07-20 06:20:49 Image size of job updated: 264800
	256  -  MemoryUsage of job (MB)
	261832  -  ResidentSetSize of job (KB)
...
006 (11139883.022.000) 2023-07-20 06:25:50 Image size of job updated: 524288
	466  -  MemoryUsage of job (MB)
	476972  -  ResidentSetSize of job (KB)
...
006 (11139883.022.000) 2023-07-20 06:30:50 Image size of job updated: 524288
	499  -  MemoryUsage of job (MB)
	510236  -  ResidentSetSize of job (KB)
...
040 (11139883.022.000) 2023-07-20 10:42:20 Started transferring output files
...
040 (11139883.022.000) 2023-07-20 10:42:23 Finished transferring output files
...
005 (11139883.022.000) 2023-07-20 10:42:35 Job terminated.
	(1) Normal termination (return value 0)
		Usr 0 04:13:38, Sys 0 00:02:47  -  Run Remote Usage
		Usr 0 00:00:00, Sys 0 00:00:00  -  Run Local Usage
		Usr 0 04:13:38, Sys 0 00:02:47  -  Total Remote Usage
		Usr 0 00:00:00, Sys 0 00:00:00  -  Total Local Usage
	57854  -  Run Bytes Sent By Job
	32725918  -  Run Bytes Received By Job
	57854  -  Total Bytes Sent By Job
	32725918  -  Total Bytes Received By Job
	Partitionable Resources :     Usage  Request Allocated 
	   Cpus                 :      0.99        1         1 
	   Disk (KB)            : 255807      524288   1208198 
	   IoHeavy              :                            0 
	   Memory (MB)          :    499         512       512 

	Job terminated of its own accord at 2023-07-20T15:42:15Z with exit-code 0.
...
