000 (11143209.012.000) 2023-07-20 21:06:51 Job submitted from host: <128.104.101.92:9618?addrs=128.104.101.92-9618+[2607-f388-107c-501-a236-9fff-fe3c-caa8]-9618&alias=submit2.chtc.wisc.edu&noUDP&sock=schedd_1879732_618e>
...
040 (11143209.012.000) 2023-07-20 21:07:59 Entered queue to transfer input files
	Transferring to host: <128.105.69.132:9618?addrs=128.105.69.132-9618+[2607-f388-2200-100-1270-fdff-fe56-673c]-9618&alias=e4081.chtc.wisc.edu&noUDP&sock=slot1_161_1581918_1681_20842>
...
040 (11143209.012.000) 2023-07-20 21:08:17 Started transferring input files
	Seconds spent in queue: 18
...
040 (11143209.012.000) 2023-07-20 21:08:44 Finished transferring input files
...
001 (11143209.012.000) 2023-07-20 21:08:45 Job executing on host: <128.105.69.132:9618?addrs=128.105.69.132-9618+[2607-f388-2200-100-1270-fdff-fe56-673c]-9618&alias=e4081.chtc.wisc.edu&noUDP&sock=startd_16631_0fa8>
	SlotName: slot1_161@e4081.chtc.wisc.edu
	CondorScratchDir = "/var/lib/condor/execute/slot1/dir_836508"
	Cpus = 1
	Disk = 1208198
	IoHeavy = 0
	Memory = 512
...
006 (11143209.012.000) 2023-07-20 21:08:54 Image size of job updated: 275508
	158  -  MemoryUsage of job (MB)
	161552  -  ResidentSetSize of job (KB)
...
006 (11143209.012.000) 2023-07-20 21:13:55 Image size of job updated: 414316
	405  -  MemoryUsage of job (MB)
	414060  -  ResidentSetSize of job (KB)
...
006 (11143209.012.000) 2023-07-20 21:15:13 Image size of job updated: 415336
	405  -  MemoryUsage of job (MB)
	414060  -  ResidentSetSize of job (KB)
...
040 (11143209.012.000) 2023-07-20 21:15:13 Started transferring output files
	Seconds spent in queue: 434
...
040 (11143209.012.000) 2023-07-20 21:15:13 Finished transferring output files
...
005 (11143209.012.000) 2023-07-20 21:15:15 Job terminated.
	(1) Normal termination (return value 0)
		Usr 0 00:06:11, Sys 0 00:00:08  -  Run Remote Usage
		Usr 0 00:00:00, Sys 0 00:00:00  -  Run Local Usage
		Usr 0 00:06:11, Sys 0 00:00:08  -  Total Remote Usage
		Usr 0 00:00:00, Sys 0 00:00:00  -  Total Local Usage
	57362  -  Run Bytes Sent By Job
	32725816  -  Run Bytes Received By Job
	57362  -  Total Bytes Sent By Job
	32725816  -  Total Bytes Received By Job
	Partitionable Resources :     Usage  Request Allocated 
	   Cpus                 :      0.99        1         1 
	   Disk (KB)            : 255951      524288   1208198 
	   IoHeavy              :                            0 
	   Memory (MB)          :    405         512       512 

	Job terminated of its own accord at 2023-07-21T02:15:13Z with exit-code 0.
...
