000 (11139883.087.000) 2023-07-20 06:17:26 Job submitted from host: <128.104.101.92:9618?addrs=128.104.101.92-9618+[2607-f388-107c-501-a236-9fff-fe3c-caa8]-9618&alias=submit2.chtc.wisc.edu&noUDP&sock=schedd_1879732_618e>
...
040 (11139883.087.000) 2023-07-20 06:20:55 Started transferring input files
	Transferring to host: <128.105.69.185:9618?addrs=128.105.69.185-9618+[2607-f388-2200-100-1270-fdff-fe56-c0d4]-9618&alias=e4037.chtc.wisc.edu&noUDP&sock=slot1_26_3246537_c30c_13052>
...
040 (11139883.087.000) 2023-07-20 06:20:56 Finished transferring input files
...
001 (11139883.087.000) 2023-07-20 06:20:58 Job executing on host: <128.105.69.185:9618?addrs=128.105.69.185-9618+[2607-f388-2200-100-1270-fdff-fe56-c0d4]-9618&alias=e4037.chtc.wisc.edu&noUDP&sock=startd_16018_981a>
	SlotName: slot1_26@e4037.chtc.wisc.edu
	CondorScratchDir = "/var/lib/condor/execute/slot1/dir_2937350"
	Cpus = 1
	Disk = 1208198
	IoHeavy = 0
	Memory = 512
...
006 (11139883.087.000) 2023-07-20 06:21:06 Image size of job updated: 514512
	475  -  MemoryUsage of job (MB)
	485564  -  ResidentSetSize of job (KB)
...
006 (11139883.087.000) 2023-07-20 06:26:06 Image size of job updated: 524288
	475  -  MemoryUsage of job (MB)
	485564  -  ResidentSetSize of job (KB)
...
006 (11139883.087.000) 2023-07-20 06:36:08 Image size of job updated: 524288
	476  -  MemoryUsage of job (MB)
	486984  -  ResidentSetSize of job (KB)
...
006 (11139883.087.000) 2023-07-20 06:46:09 Image size of job updated: 524288
	477  -  MemoryUsage of job (MB)
	488332  -  ResidentSetSize of job (KB)
...
