000 (11178184.008.000) 2023-07-26 21:10:59 Job submitted from host: <128.104.101.92:9618?addrs=128.104.101.92-9618+[2607-f388-107c-501-a236-9fff-fe3c-caa8]-9618&alias=submit2.chtc.wisc.edu&noUDP&sock=schedd_1879732_618e>
...
040 (11178184.008.000) 2023-07-26 21:13:04 Started transferring input files
	Transferring to host: <128.105.69.201:9618?addrs=128.105.69.201-9618+[2607-f388-2200-100-1270-fdff-fe56-62e4]-9618&alias=e4030.chtc.wisc.edu&noUDP&sock=slot1_140_1163599_826e_39299>
...
040 (11178184.008.000) 2023-07-26 21:13:07 Finished transferring input files
...
001 (11178184.008.000) 2023-07-26 21:13:08 Job executing on host: <128.105.69.201:9618?addrs=128.105.69.201-9618+[2607-f388-2200-100-1270-fdff-fe56-62e4]-9618&alias=e4030.chtc.wisc.edu&noUDP&sock=startd_15524_c051>
	SlotName: slot1_140@e4030.chtc.wisc.edu
	CondorScratchDir = "/var/lib/condor/execute/slot1/dir_3405978"
	Cpus = 1
	Disk = 1208198
	IoHeavy = 0
	Memory = 512
...
006 (11178184.008.000) 2023-07-26 21:13:18 Image size of job updated: 264440
	259  -  MemoryUsage of job (MB)
	264440  -  ResidentSetSize of job (KB)
...
006 (11178184.008.000) 2023-07-26 21:18:18 Image size of job updated: 459828
	430  -  MemoryUsage of job (MB)
	440072  -  ResidentSetSize of job (KB)
...
006 (11178184.008.000) 2023-07-26 21:23:18 Image size of job updated: 462036
	441  -  MemoryUsage of job (MB)
	451044  -  ResidentSetSize of job (KB)
...
006 (11178184.008.000) 2023-07-26 21:38:20 Image size of job updated: 463832
	444  -  MemoryUsage of job (MB)
	453692  -  ResidentSetSize of job (KB)
...
006 (11178184.008.000) 2023-07-26 21:48:21 Image size of job updated: 463832
	448  -  MemoryUsage of job (MB)
	458188  -  ResidentSetSize of job (KB)
...
006 (11178184.008.000) 2023-07-26 21:53:21 Image size of job updated: 467164
	448  -  MemoryUsage of job (MB)
	458188  -  ResidentSetSize of job (KB)
...
040 (11178184.008.000) 2023-07-26 22:01:34 Started transferring output files
...
040 (11178184.008.000) 2023-07-26 22:01:34 Finished transferring output files
...
005 (11178184.008.000) 2023-07-26 22:01:35 Job terminated.
	(1) Normal termination (return value 0)
		Usr 0 00:46:59, Sys 0 00:00:18  -  Run Remote Usage
		Usr 0 00:00:00, Sys 0 00:00:00  -  Run Local Usage
		Usr 0 00:46:59, Sys 0 00:00:18  -  Total Remote Usage
		Usr 0 00:00:00, Sys 0 00:00:00  -  Total Local Usage
	57028  -  Run Bytes Sent By Job
	32726544  -  Run Bytes Received By Job
	57028  -  Total Bytes Sent By Job
	32726544  -  Total Bytes Received By Job
	Partitionable Resources :    Usage  Request Allocated 
	   Cpus                 :        0        1         1 
	   Disk (KB)            :   256062   524288   1208198 
	   IoHeavy              :                           0 
	   Memory (MB)          :      448      512       512 

	Job terminated of its own accord at 2023-07-27T03:00:58Z with exit-code 0.
...
