000 (11174826.020.000) 2023-07-25 19:31:08 Job submitted from host: <128.104.101.92:9618?addrs=128.104.101.92-9618+[2607-f388-107c-501-a236-9fff-fe3c-caa8]-9618&alias=submit2.chtc.wisc.edu&noUDP&sock=schedd_1879732_618e>
...
040 (11174826.020.000) 2023-07-25 19:32:57 Started transferring input files
	Transferring to host: <128.105.69.136:9618?addrs=128.105.69.136-9618+[2607-f388-2200-100-1270-fdff-fe56-c8dc]-9618&alias=e4041.chtc.wisc.edu&noUDP&sock=slot1_40_1608905_deeb_40094>
...
040 (11174826.020.000) 2023-07-25 19:33:00 Finished transferring input files
...
001 (11174826.020.000) 2023-07-25 19:33:01 Job executing on host: <128.105.69.136:9618?addrs=128.105.69.136-9618+[2607-f388-2200-100-1270-fdff-fe56-c8dc]-9618&alias=e4041.chtc.wisc.edu&noUDP&sock=startd_15863_46ec>
	SlotName: slot1_40@e4041.chtc.wisc.edu
	CondorScratchDir = "/var/lib/condor/execute/slot1/dir_3399618"
	Cpus = 1
	Disk = 1208198
	IoHeavy = 0
	Memory = 512
...
006 (11174826.020.000) 2023-07-25 19:33:09 Image size of job updated: 312780
	284  -  MemoryUsage of job (MB)
	290224  -  ResidentSetSize of job (KB)
...
006 (11174826.020.000) 2023-07-25 19:38:09 Image size of job updated: 524288
	499  -  MemoryUsage of job (MB)
	510432  -  ResidentSetSize of job (KB)
...
006 (11174826.020.000) 2023-07-25 19:43:10 Image size of job updated: 524288
	501  -  MemoryUsage of job (MB)
	512072  -  ResidentSetSize of job (KB)
...
006 (11174826.020.000) 2023-07-25 19:58:12 Image size of job updated: 524288
	505  -  MemoryUsage of job (MB)
	516316  -  ResidentSetSize of job (KB)
...
040 (11174826.020.000) 2023-07-25 20:14:00 Started transferring output files
...
040 (11174826.020.000) 2023-07-25 20:14:00 Finished transferring output files
...
005 (11174826.020.000) 2023-07-25 20:14:00 Job terminated.
	(1) Normal termination (return value 0)
		Usr 0 00:40:15, Sys 0 00:00:09  -  Run Remote Usage
		Usr 0 00:00:00, Sys 0 00:00:00  -  Run Local Usage
		Usr 0 00:40:15, Sys 0 00:00:09  -  Total Remote Usage
		Usr 0 00:00:00, Sys 0 00:00:00  -  Total Local Usage
	56899  -  Run Bytes Sent By Job
	32725816  -  Run Bytes Received By Job
	56899  -  Total Bytes Sent By Job
	32725816  -  Total Bytes Received By Job
	Partitionable Resources :     Usage  Request Allocated 
	   Cpus                 :      0.99        1         1 
	   Disk (KB)            : 256400      524288   1208198 
	   IoHeavy              :                            0 
	   Memory (MB)          :    505         512       512 

	Job terminated of its own accord at 2023-07-26T01:14:00Z with exit-code 0.
...
