000 (11392336.109.000) 2023-08-03 08:17:14 Job submitted from host: <128.104.101.92:9618?addrs=128.104.101.92-9618+[2607-f388-107c-501-a236-9fff-fe3c-caa8]-9618&alias=submit2.chtc.wisc.edu&noUDP&sock=schedd_1879732_618e>
...
040 (11392336.109.000) 2023-08-03 08:17:39 Started transferring input files
	Transferring to host: <128.105.69.187:9618?addrs=128.105.69.187-9618+[2607-f388-2200-100-1270-fdff-fe56-b86c]-9618&alias=e4039.chtc.wisc.edu&noUDP&sock=slot1_67_3589331_2540_77040>
...
040 (11392336.109.000) 2023-08-03 08:17:42 Finished transferring input files
...
001 (11392336.109.000) 2023-08-03 08:17:43 Job executing on host: <128.105.69.187:9618?addrs=128.105.69.187-9618+[2607-f388-2200-100-1270-fdff-fe56-b86c]-9618&alias=e4039.chtc.wisc.edu&noUDP&sock=startd_15786_7621>
	SlotName: slot1_67@e4039.chtc.wisc.edu
	CondorScratchDir = "/var/lib/condor/execute/slot1/dir_3712678"
	Cpus = 1
	Disk = 1208198
	IoHeavy = 0
	Memory = 512
...
006 (11392336.109.000) 2023-08-03 08:17:51 Image size of job updated: 203780
	200  -  MemoryUsage of job (MB)
	203780  -  ResidentSetSize of job (KB)
...
006 (11392336.109.000) 2023-08-03 08:20:44 Image size of job updated: 401164
	215  -  MemoryUsage of job (MB)
	219248  -  ResidentSetSize of job (KB)
...
040 (11392336.109.000) 2023-08-03 08:20:44 Started transferring output files
...
040 (11392336.109.000) 2023-08-03 08:20:44 Finished transferring output files
...
005 (11392336.109.000) 2023-08-03 08:20:44 Job terminated.
	(1) Normal termination (return value 0)
		Usr 0 00:02:44, Sys 0 00:00:10  -  Run Remote Usage
		Usr 0 00:00:00, Sys 0 00:00:00  -  Run Local Usage
		Usr 0 00:02:44, Sys 0 00:00:10  -  Total Remote Usage
		Usr 0 00:00:00, Sys 0 00:00:00  -  Total Local Usage
	55618  -  Run Bytes Sent By Job
	32727852  -  Run Bytes Received By Job
	55618  -  Total Bytes Sent By Job
	32727852  -  Total Bytes Received By Job
	Partitionable Resources :     Usage  Request Allocated 
	   Cpus                 :      0.98        1         1 
	   Disk (KB)            : 255849      524288   1208198 
	   IoHeavy              :                            0 
	   Memory (MB)          :    215         512       512 

	Job terminated of its own accord at 2023-08-03T13:20:44Z with exit-code 0.
...
