000 (11392261.004.000) 2023-08-02 21:08:52 Job submitted from host: <128.104.101.92:9618?addrs=128.104.101.92-9618+[2607-f388-107c-501-a236-9fff-fe3c-caa8]-9618&alias=submit2.chtc.wisc.edu&noUDP&sock=schedd_1879732_618e>
...
040 (11392261.004.000) 2023-08-02 21:09:45 Started transferring input files
	Transferring to host: <128.105.69.93:9618?addrs=128.105.69.93-9618+[2607-f388-2200-100-1270-fdff-fe56-ba3c]-9618&alias=e4004.chtc.wisc.edu&noUDP&sock=slot1_193_2078089_7172_64446>
...
040 (11392261.004.000) 2023-08-02 21:09:47 Finished transferring input files
...
001 (11392261.004.000) 2023-08-02 21:09:48 Job executing on host: <128.105.69.93:9618?addrs=128.105.69.93-9618+[2607-f388-2200-100-1270-fdff-fe56-ba3c]-9618&alias=e4004.chtc.wisc.edu&noUDP&sock=startd_13312_80d3>
	SlotName: slot1_193@e4004.chtc.wisc.edu
	CondorScratchDir = "/var/lib/condor/execute/slot1/dir_2275147"
	Cpus = 1
	Disk = 1268229
	IoHeavy = 0
	Memory = 512
...
006 (11392261.004.000) 2023-08-02 21:09:57 Image size of job updated: 277236
	227  -  MemoryUsage of job (MB)
	231628  -  ResidentSetSize of job (KB)
...
006 (11392261.004.000) 2023-08-02 21:14:58 Image size of job updated: 524288
	512  -  MemoryUsage of job (MB)
	524116  -  ResidentSetSize of job (KB)
...
006 (11392261.004.000) 2023-08-02 21:19:59 Image size of job updated: 524288
	512  -  MemoryUsage of job (MB)
	524120  -  ResidentSetSize of job (KB)
...
006 (11392261.004.000) 2023-08-02 21:25:00 Image size of job updated: 524288
	512  -  MemoryUsage of job (MB)
	524124  -  ResidentSetSize of job (KB)
...
006 (11392261.004.000) 2023-08-02 21:35:02 Image size of job updated: 524288
	512  -  MemoryUsage of job (MB)
	524152  -  ResidentSetSize of job (KB)
...
006 (11392261.004.000) 2023-08-02 21:40:02 Image size of job updated: 524288
	512  -  MemoryUsage of job (MB)
	524156  -  ResidentSetSize of job (KB)
...
006 (11392261.004.000) 2023-08-02 21:45:02 Image size of job updated: 524288
	512  -  MemoryUsage of job (MB)
	524160  -  ResidentSetSize of job (KB)
...
006 (11392261.004.000) 2023-08-02 21:55:03 Image size of job updated: 524288
	512  -  MemoryUsage of job (MB)
	524164  -  ResidentSetSize of job (KB)
...
006 (11392261.004.000) 2023-08-02 22:00:03 Image size of job updated: 524288
	512  -  MemoryUsage of job (MB)
	524168  -  ResidentSetSize of job (KB)
...
040 (11392261.004.000) 2023-08-02 22:02:20 Started transferring output files
...
040 (11392261.004.000) 2023-08-02 22:02:20 Finished transferring output files
...
005 (11392261.004.000) 2023-08-02 22:02:20 Job terminated.
	(1) Normal termination (return value 0)
		Usr 0 00:50:08, Sys 0 00:00:19  -  Run Remote Usage
		Usr 0 00:00:00, Sys 0 00:00:00  -  Run Local Usage
		Usr 0 00:50:08, Sys 0 00:00:19  -  Total Remote Usage
		Usr 0 00:00:00, Sys 0 00:00:00  -  Total Local Usage
	56880  -  Run Bytes Sent By Job
	32727852  -  Run Bytes Received By Job
	56880  -  Total Bytes Sent By Job
	32727852  -  Total Bytes Received By Job
	Partitionable Resources :     Usage  Request Allocated 
	   Cpus                 :      0.96        1         1 
	   Disk (KB)            : 256041      524288   1268229 
	   IoHeavy              :                            0 
	   Memory (MB)          :    512         512       512 

	Job terminated of its own accord at 2023-08-03T03:02:20Z with exit-code 0.
...
