000 (11392341.036.000) 2023-08-03 09:09:59 Job submitted from host: <128.104.101.92:9618?addrs=128.104.101.92-9618+[2607-f388-107c-501-a236-9fff-fe3c-caa8]-9618&alias=submit2.chtc.wisc.edu&noUDP&sock=schedd_1879732_618e>
...
040 (11392341.036.000) 2023-08-03 09:10:29 Started transferring input files
	Transferring to host: <128.105.69.231:9618?addrs=128.105.69.231-9618+[2607-f388-2200-100-eaeb-d3ff-fe3f-fbfc]-9618&alias=e2614.chtc.wisc.edu&noUDP&sock=slot1_9_1949178_fb58_61104>
...
040 (11392341.036.000) 2023-08-03 09:10:32 Finished transferring input files
...
001 (11392341.036.000) 2023-08-03 09:10:33 Job executing on host: <128.105.69.231:9618?addrs=128.105.69.231-9618+[2607-f388-2200-100-eaeb-d3ff-fe3f-fbfc]-9618&alias=e2614.chtc.wisc.edu&noUDP&sock=startd_11686_33d5>
	SlotName: slot1_9@e2614.chtc.wisc.edu
	CondorScratchDir = "/var/lib/condor/execute/slot1/dir_3150034"
	Cpus = 1
	Disk = 1458998
	IoHeavy = 0
	Memory = 512
...
006 (11392341.036.000) 2023-08-03 09:10:42 Image size of job updated: 276296
	224  -  MemoryUsage of job (MB)
	229052  -  ResidentSetSize of job (KB)
...
006 (11392341.036.000) 2023-08-03 09:11:00 Image size of job updated: 398552
	225  -  MemoryUsage of job (MB)
	229776  -  ResidentSetSize of job (KB)
...
040 (11392341.036.000) 2023-08-03 09:11:00 Started transferring output files
...
040 (11392341.036.000) 2023-08-03 09:11:00 Finished transferring output files
...
005 (11392341.036.000) 2023-08-03 09:11:00 Job terminated.
	(1) Normal termination (return value 1)
		Usr 0 00:00:18, Sys 0 00:00:06  -  Run Remote Usage
		Usr 0 00:00:00, Sys 0 00:00:00  -  Run Local Usage
		Usr 0 00:00:18, Sys 0 00:00:06  -  Total Remote Usage
		Usr 0 00:00:00, Sys 0 00:00:00  -  Total Local Usage
	3165  -  Run Bytes Sent By Job
	32727736  -  Run Bytes Received By Job
	3165  -  Total Bytes Sent By Job
	32727736  -  Total Bytes Received By Job
	Partitionable Resources :    Usage  Request Allocated 
	   Cpus                 :                 1         1 
	   Disk (KB)            :   256077   524288   1458998 
	   IoHeavy              :                           0 
	   Memory (MB)          :      225      512       512 

	Job terminated of its own accord at 2023-08-03T14:10:59Z with exit-code 1.
...
