000 (11139883.108.000) 2023-07-20 06:17:26 Job submitted from host: <128.104.101.92:9618?addrs=128.104.101.92-9618+[2607-f388-107c-501-a236-9fff-fe3c-caa8]-9618&alias=submit2.chtc.wisc.edu&noUDP&sock=schedd_1879732_618e>
...
040 (11139883.108.000) 2023-07-20 06:20:48 Started transferring input files
	Transferring to host: <128.105.69.170:9618?addrs=128.105.69.170-9618+[2607-f388-2200-100-1270-fdff-fe56-6a0c]-9618&alias=e2553.chtc.wisc.edu&noUDP&sock=slot1_65_1771035_1f6c_28240>
...
040 (11139883.108.000) 2023-07-20 06:20:49 Finished transferring input files
...
001 (11139883.108.000) 2023-07-20 06:20:51 Job executing on host: <128.105.69.170:9618?addrs=128.105.69.170-9618+[2607-f388-2200-100-1270-fdff-fe56-6a0c]-9618&alias=e2553.chtc.wisc.edu&noUDP&sock=startd_12924_5e14>
	SlotName: slot1_65@e2553.chtc.wisc.edu
	CondorScratchDir = "/var/lib/condor/execute/slot1/dir_230357"
	Cpus = 1
	Disk = 1208198
	IoHeavy = 0
	Memory = 512
...
006 (11139883.108.000) 2023-07-20 06:20:59 Image size of job updated: 382432
	316  -  MemoryUsage of job (MB)
	322648  -  ResidentSetSize of job (KB)
...
006 (11139883.108.000) 2023-07-20 06:25:59 Image size of job updated: 524288
	492  -  MemoryUsage of job (MB)
	503688  -  ResidentSetSize of job (KB)
...
006 (11139883.108.000) 2023-07-20 06:30:59 Image size of job updated: 524288
	510  -  MemoryUsage of job (MB)
	521616  -  ResidentSetSize of job (KB)
...
040 (11139883.108.000) 2023-07-20 06:39:08 Started transferring output files
...
040 (11139883.108.000) 2023-07-20 06:39:08 Finished transferring output files
...
005 (11139883.108.000) 2023-07-20 06:39:08 Job terminated.
	(1) Normal termination (return value 0)
		Usr 0 00:17:54, Sys 0 00:00:08  -  Run Remote Usage
		Usr 0 00:00:00, Sys 0 00:00:00  -  Run Local Usage
		Usr 0 00:17:54, Sys 0 00:00:08  -  Total Remote Usage
		Usr 0 00:00:00, Sys 0 00:00:00  -  Total Local Usage
	56858  -  Run Bytes Sent By Job
	32725918  -  Run Bytes Received By Job
	56858  -  Total Bytes Sent By Job
	32725918  -  Total Bytes Received By Job
	Partitionable Resources :     Usage  Request Allocated 
	   Cpus                 :      0.99        1         1 
	   Disk (KB)            : 255231      524288   1208198 
	   IoHeavy              :                            0 
	   Memory (MB)          :    510         512       512 

	Job terminated of its own accord at 2023-07-20T11:39:08Z with exit-code 0.
...
