000 (11139883.005.000) 2023-07-20 06:17:26 Job submitted from host: <128.104.101.92:9618?addrs=128.104.101.92-9618+[2607-f388-107c-501-a236-9fff-fe3c-caa8]-9618&alias=submit2.chtc.wisc.edu&noUDP&sock=schedd_1879732_618e>
...
040 (11139883.005.000) 2023-07-20 06:20:39 Started transferring input files
	Transferring to host: <128.105.69.234:9618?addrs=128.105.69.234-9618+[2607-f388-2200-100-eaeb-d3ff-fe40-1efc]-9618&alias=e2617.chtc.wisc.edu&noUDP&sock=slot1_127_403651_6537_19730>
...
040 (11139883.005.000) 2023-07-20 06:20:41 Finished transferring input files
...
001 (11139883.005.000) 2023-07-20 06:20:43 Job executing on host: <128.105.69.234:9618?addrs=128.105.69.234-9618+[2607-f388-2200-100-eaeb-d3ff-fe40-1efc]-9618&alias=e2617.chtc.wisc.edu&noUDP&sock=startd_18732_2c23>
	SlotName: slot1_127@e2617.chtc.wisc.edu
	CondorScratchDir = "/var/lib/condor/execute/slot1/dir_3925510"
	Cpus = 1
	Disk = 1458998
	IoHeavy = 0
	Memory = 512
...
006 (11139883.005.000) 2023-07-20 06:20:51 Image size of job updated: 274936
	248  -  MemoryUsage of job (MB)
	253216  -  ResidentSetSize of job (KB)
...
006 (11139883.005.000) 2023-07-20 06:25:51 Image size of job updated: 524288
	503  -  MemoryUsage of job (MB)
	514780  -  ResidentSetSize of job (KB)
...
007 (11139883.005.000) 2023-07-20 06:26:39 Shadow exception!
	Error from slot1_127@e2617.chtc.wisc.edu: Job has gone over memory limit of 512 megabytes. Peak usage: 512 megabytes.
	0  -  Run Bytes Sent By Job
	32725918  -  Run Bytes Received By Job
...
012 (11139883.005.000) 2023-07-20 06:27:00 Job was held.
	Error from slot1_127@e2617.chtc.wisc.edu: Job has gone over memory limit of 512 megabytes. Peak usage: 512 megabytes.
	Code 34 Subcode 0
...
