000 (11143209.020.000) 2023-07-20 21:06:51 Job submitted from host: <128.104.101.92:9618?addrs=128.104.101.92-9618+[2607-f388-107c-501-a236-9fff-fe3c-caa8]-9618&alias=submit2.chtc.wisc.edu&noUDP&sock=schedd_1879732_618e>
...
040 (11143209.020.000) 2023-07-20 21:08:20 Started transferring input files
	Transferring to host: <128.105.69.145:9618?addrs=128.105.69.145-9618+[2607-f388-2200-100-1270-fdff-fe56-636c]-9618&alias=e4022.chtc.wisc.edu&noUDP&sock=slot1_219_4104173_e8c8_16240>
...
040 (11143209.020.000) 2023-07-20 21:08:23 Finished transferring input files
...
001 (11143209.020.000) 2023-07-20 21:08:26 Job executing on host: <128.105.69.145:9618?addrs=128.105.69.145-9618+[2607-f388-2200-100-1270-fdff-fe56-636c]-9618&alias=e4022.chtc.wisc.edu&noUDP&sock=startd_15926_7d64>
	SlotName: slot1_219@e4022.chtc.wisc.edu
	CondorScratchDir = "/var/lib/condor/execute/slot1/dir_377344"
	Cpus = 1
	Disk = 1208198
	IoHeavy = 0
	Memory = 512
...
006 (11143209.020.000) 2023-07-20 21:08:34 Image size of job updated: 275500
	213  -  MemoryUsage of job (MB)
	217976  -  ResidentSetSize of job (KB)
...
006 (11143209.020.000) 2023-07-20 21:13:34 Image size of job updated: 511556
	456  -  MemoryUsage of job (MB)
	466244  -  ResidentSetSize of job (KB)
...
006 (11143209.020.000) 2023-07-20 21:18:35 Image size of job updated: 511556
	486  -  MemoryUsage of job (MB)
	497280  -  ResidentSetSize of job (KB)
...
006 (11143209.020.000) 2023-07-20 21:28:35 Image size of job updated: 511556
	498  -  MemoryUsage of job (MB)
	509620  -  ResidentSetSize of job (KB)
...
006 (11143209.020.000) 2023-07-20 21:33:36 Image size of job updated: 519604
	498  -  MemoryUsage of job (MB)
	509620  -  ResidentSetSize of job (KB)
...
