040 (11139799.010.000) 2023-07-19 21:18:22 Started transferring input files
	Transferring to host: <128.105.69.151:9618?addrs=128.105.69.151-9618+[2607-f388-2200-100-1270-fdff-fe56-7334]-9618&alias=e4028.chtc.wisc.edu&noUDP&sock=slot1_28_466780_7c9f_21515>
...
040 (11139799.010.000) 2023-07-19 21:18:24 Finished transferring input files
...
001 (11139799.010.000) 2023-07-19 21:18:25 Job executing on host: <128.105.69.151:9618?addrs=128.105.69.151-9618+[2607-f388-2200-100-1270-fdff-fe56-7334]-9618&alias=e4028.chtc.wisc.edu&noUDP&sock=startd_15849_ac99>
	SlotName: slot1_28@e4028.chtc.wisc.edu
	CondorScratchDir = "/var/lib/condor/execute/slot1/dir_1237727"
	Cpus = 1
	Disk = 1208198
	IoHeavy = 0
	Memory = 512
...
006 (11139799.010.000) 2023-07-19 21:18:33 Image size of job updated: 281552
	186  -  MemoryUsage of job (MB)
	189700  -  ResidentSetSize of job (KB)
...
006 (11139799.010.000) 2023-07-19 21:18:44 Image size of job updated: 412276
	196  -  MemoryUsage of job (MB)
	200072  -  ResidentSetSize of job (KB)
...
040 (11139799.010.000) 2023-07-19 21:18:45 Started transferring output files
...
040 (11139799.010.000) 2023-07-19 21:18:45 Finished transferring output files
...
005 (11139799.010.000) 2023-07-19 21:18:47 Job terminated.
	(1) Normal termination (return value 1)
		Usr 0 00:00:14, Sys 0 00:00:03  -  Run Remote Usage
		Usr 0 00:00:00, Sys 0 00:00:00  -  Run Local Usage
		Usr 0 00:00:14, Sys 0 00:00:03  -  Total Remote Usage
		Usr 0 00:00:00, Sys 0 00:00:00  -  Total Local Usage
	3154  -  Run Bytes Sent By Job
	32725180  -  Run Bytes Received By Job
	3154  -  Total Bytes Sent By Job
	32725180  -  Total Bytes Received By Job
	Partitionable Resources :    Usage  Request Allocated 
	   Cpus                 :                 1         1 
	   Disk (KB)            :   255950   524288   1208198 
	   IoHeavy              :                           0 
	   Memory (MB)          :      196      512       512 

	Job terminated of its own accord at 2023-07-20T02:18:44Z with exit-code 1.
...
