000 (11174994.002.000) 2023-07-26 11:51:45 Job submitted from host: <128.104.101.92:9618?addrs=128.104.101.92-9618+[2607-f388-107c-501-a236-9fff-fe3c-caa8]-9618&alias=submit2.chtc.wisc.edu&noUDP&sock=schedd_1879732_618e>
...
040 (11174994.002.000) 2023-07-26 11:54:26 Started transferring input files
	Transferring to host: <128.105.69.92:9618?addrs=128.105.69.92-9618+[2607-f388-2200-100-1270-fdff-fe56-689c]-9618&alias=e4003.chtc.wisc.edu&noUDP&sock=slot1_40_3137456_5459_46589>
...
040 (11174994.002.000) 2023-07-26 11:54:28 Finished transferring input files
...
001 (11174994.002.000) 2023-07-26 11:54:29 Job executing on host: <128.105.69.92:9618?addrs=128.105.69.92-9618+[2607-f388-2200-100-1270-fdff-fe56-689c]-9618&alias=e4003.chtc.wisc.edu&noUDP&sock=startd_14115_4b60>
	SlotName: slot1_40@e4003.chtc.wisc.edu
	CondorScratchDir = "/var/lib/condor/execute/slot1/dir_3256602"
	Cpus = 1
	Disk = 1268229
	IoHeavy = 0
	Memory = 512
...
006 (11174994.002.000) 2023-07-26 11:54:38 Image size of job updated: 307172
	163  -  MemoryUsage of job (MB)
	166780  -  ResidentSetSize of job (KB)
...
006 (11174994.002.000) 2023-07-26 11:59:39 Image size of job updated: 470920
	455  -  MemoryUsage of job (MB)
	465256  -  ResidentSetSize of job (KB)
...
040 (11174994.002.000) 2023-07-26 12:02:07 Started transferring output files
...
040 (11174994.002.000) 2023-07-26 12:02:07 Finished transferring output files
...
005 (11174994.002.000) 2023-07-26 12:02:07 Job terminated.
	(1) Normal termination (return value 0)
		Usr 0 00:07:26, Sys 0 00:00:04  -  Run Remote Usage
		Usr 0 00:00:00, Sys 0 00:00:00  -  Run Local Usage
		Usr 0 00:07:26, Sys 0 00:00:04  -  Total Remote Usage
		Usr 0 00:00:00, Sys 0 00:00:00  -  Total Local Usage
	56831  -  Run Bytes Sent By Job
	32726248  -  Run Bytes Received By Job
	56831  -  Total Bytes Sent By Job
	32726248  -  Total Bytes Received By Job
	Partitionable Resources :     Usage  Request Allocated 
	   Cpus                 :      0.99        1         1 
	   Disk (KB)            : 255214      524288   1268229 
	   IoHeavy              :                            0 
	   Memory (MB)          :    455         512       512 

	Job terminated of its own accord at 2023-07-26T17:02:07Z with exit-code 0.
...
