000 (11143209.009.000) 2023-07-20 21:06:51 Job submitted from host: <128.104.101.92:9618?addrs=128.104.101.92-9618+[2607-f388-107c-501-a236-9fff-fe3c-caa8]-9618&alias=submit2.chtc.wisc.edu&noUDP&sock=schedd_1879732_618e>
...
040 (11143209.009.000) 2023-07-20 21:07:53 Started transferring input files
	Transferring to host: <128.105.69.145:9618?addrs=128.105.69.145-9618+[2607-f388-2200-100-1270-fdff-fe56-636c]-9618&alias=e4022.chtc.wisc.edu&noUDP&sock=slot1_19_4104173_e8c8_16238>
...
040 (11143209.009.000) 2023-07-20 21:08:18 Finished transferring input files
...
001 (11143209.009.000) 2023-07-20 21:08:22 Job executing on host: <128.105.69.145:9618?addrs=128.105.69.145-9618+[2607-f388-2200-100-1270-fdff-fe56-636c]-9618&alias=e4022.chtc.wisc.edu&noUDP&sock=startd_15926_7d64>
	SlotName: slot1_19@e4022.chtc.wisc.edu
	CondorScratchDir = "/var/lib/condor/execute/slot1/dir_377270"
	Cpus = 1
	Disk = 1208198
	IoHeavy = 0
	Memory = 512
...
006 (11143209.009.000) 2023-07-20 21:08:31 Image size of job updated: 384228
	320  -  MemoryUsage of job (MB)
	327184  -  ResidentSetSize of job (KB)
...
006 (11143209.009.000) 2023-07-20 21:13:32 Image size of job updated: 524288
	504  -  MemoryUsage of job (MB)
	515872  -  ResidentSetSize of job (KB)
...
040 (11143209.009.000) 2023-07-20 21:18:48 Started transferring output files
...
040 (11143209.009.000) 2023-07-20 21:18:48 Finished transferring output files
...
005 (11143209.009.000) 2023-07-20 21:18:48 Job terminated.
	(1) Normal termination (return value 0)
		Usr 0 00:10:09, Sys 0 00:00:07  -  Run Remote Usage
		Usr 0 00:00:00, Sys 0 00:00:00  -  Run Local Usage
		Usr 0 00:10:09, Sys 0 00:00:07  -  Total Remote Usage
		Usr 0 00:00:00, Sys 0 00:00:00  -  Total Local Usage
	57807  -  Run Bytes Sent By Job
	32725816  -  Run Bytes Received By Job
	57807  -  Total Bytes Sent By Job
	32725816  -  Total Bytes Received By Job
	Partitionable Resources :     Usage  Request Allocated 
	   Cpus                 :      0.99        1         1 
	   Disk (KB)            : 256222      524288   1208198 
	   IoHeavy              :                            0 
	   Memory (MB)          :    504         512       512 

	Job terminated of its own accord at 2023-07-21T02:18:48Z with exit-code 0.
...
