000 (11139805.007.000) 2023-07-19 21:31:36 Job submitted from host: <128.104.101.92:9618?addrs=128.104.101.92-9618+[2607-f388-107c-501-a236-9fff-fe3c-caa8]-9618&alias=submit2.chtc.wisc.edu&noUDP&sock=schedd_1879732_618e>
...
040 (11139805.007.000) 2023-07-19 21:33:57 Started transferring input files
	Transferring to host: <128.105.69.191:9618?addrs=128.105.69.191-9618+[2607-f388-2200-100-1270-fdff-fe56-3d4c]-9618&alias=e4044.chtc.wisc.edu&noUDP&sock=slot1_131_3137063_6ce9_21063>
...
040 (11139805.007.000) 2023-07-19 21:34:01 Finished transferring input files
...
001 (11139805.007.000) 2023-07-19 21:34:03 Job executing on host: <128.105.69.191:9618?addrs=128.105.69.191-9618+[2607-f388-2200-100-1270-fdff-fe56-3d4c]-9618&alias=e4044.chtc.wisc.edu&noUDP&sock=startd_15861_e7bc>
	SlotName: slot1_131@e4044.chtc.wisc.edu
	CondorScratchDir = "/var/lib/condor/execute/slot1/dir_1260552"
	Cpus = 1
	Disk = 1208198
	IoHeavy = 0
	Memory = 512
...
006 (11139805.007.000) 2023-07-19 21:34:12 Image size of job updated: 276108
	230  -  MemoryUsage of job (MB)
	235100  -  ResidentSetSize of job (KB)
...
006 (11139805.007.000) 2023-07-19 21:34:26 Image size of job updated: 448000
	235  -  MemoryUsage of job (MB)
	240220  -  ResidentSetSize of job (KB)
...
040 (11139805.007.000) 2023-07-19 21:34:27 Started transferring output files
...
040 (11139805.007.000) 2023-07-19 21:34:28 Finished transferring output files
...
005 (11139805.007.000) 2023-07-19 21:34:31 Job terminated.
	(1) Normal termination (return value 0)
		Usr 0 00:00:16, Sys 0 00:00:03  -  Run Remote Usage
		Usr 0 00:00:00, Sys 0 00:00:00  -  Run Local Usage
		Usr 0 00:00:16, Sys 0 00:00:03  -  Total Remote Usage
		Usr 0 00:00:00, Sys 0 00:00:00  -  Total Local Usage
	3475  -  Run Bytes Sent By Job
	32725172  -  Run Bytes Received By Job
	3475  -  Total Bytes Sent By Job
	32725172  -  Total Bytes Received By Job
	Partitionable Resources :     Usage  Request Allocated 
	   Cpus                 :      0.19        1         1 
	   Disk (KB)            : 256104      524288   1208198 
	   IoHeavy              :                            0 
	   Memory (MB)          :    235         512       512 

	Job terminated of its own accord at 2023-07-20T02:34:26Z with exit-code 0.
...
