000 (11392261.031.000) 2023-08-02 21:08:52 Job submitted from host: <128.104.101.92:9618?addrs=128.104.101.92-9618+[2607-f388-107c-501-a236-9fff-fe3c-caa8]-9618&alias=submit2.chtc.wisc.edu&noUDP&sock=schedd_1879732_618e>
...
040 (11392261.031.000) 2023-08-02 21:10:05 Started transferring input files
	Transferring to host: <128.105.69.139:9618?addrs=128.105.69.139-9618+[2607-f388-2200-100-1270-fdff-fe56-79fc]-9618&alias=e4016.chtc.wisc.edu&noUDP&sock=slot1_58_1794997_84fa_74043>
...
040 (11392261.031.000) 2023-08-02 21:10:07 Finished transferring input files
...
001 (11392261.031.000) 2023-08-02 21:10:09 Job executing on host: <128.105.69.139:9618?addrs=128.105.69.139-9618+[2607-f388-2200-100-1270-fdff-fe56-79fc]-9618&alias=e4016.chtc.wisc.edu&noUDP&sock=startd_15800_1075>
	SlotName: slot1_58@e4016.chtc.wisc.edu
	CondorScratchDir = "/var/lib/condor/execute/slot1/dir_1282208"
	Cpus = 1
	Disk = 1208198
	IoHeavy = 0
	Memory = 512
...
006 (11392261.031.000) 2023-08-02 21:10:17 Image size of job updated: 277100
	219  -  MemoryUsage of job (MB)
	223656  -  ResidentSetSize of job (KB)
...
006 (11392261.031.000) 2023-08-02 21:15:17 Image size of job updated: 417452
	408  -  MemoryUsage of job (MB)
	417172  -  ResidentSetSize of job (KB)
...
006 (11392261.031.000) 2023-08-02 21:16:58 Image size of job updated: 418040
	408  -  MemoryUsage of job (MB)
	417172  -  ResidentSetSize of job (KB)
...
040 (11392261.031.000) 2023-08-02 21:16:58 Started transferring output files
...
040 (11392261.031.000) 2023-08-02 21:16:58 Finished transferring output files
...
005 (11392261.031.000) 2023-08-02 21:16:58 Job terminated.
	(1) Normal termination (return value 0)
		Usr 0 00:06:33, Sys 0 00:00:07  -  Run Remote Usage
		Usr 0 00:00:00, Sys 0 00:00:00  -  Run Local Usage
		Usr 0 00:06:33, Sys 0 00:00:07  -  Total Remote Usage
		Usr 0 00:00:00, Sys 0 00:00:00  -  Total Local Usage
	57697  -  Run Bytes Sent By Job
	32727852  -  Run Bytes Received By Job
	57697  -  Total Bytes Sent By Job
	32727852  -  Total Bytes Received By Job
	Partitionable Resources :     Usage  Request Allocated 
	   Cpus                 :      0.99        1         1 
	   Disk (KB)            : 256098      524288   1208198 
	   IoHeavy              :                            0 
	   Memory (MB)          :    408         512       512 

	Job terminated of its own accord at 2023-08-03T02:16:58Z with exit-code 0.
...
