000 (11392341.043.000) 2023-08-03 09:09:59 Job submitted from host: <128.104.101.92:9618?addrs=128.104.101.92-9618+[2607-f388-107c-501-a236-9fff-fe3c-caa8]-9618&alias=submit2.chtc.wisc.edu&noUDP&sock=schedd_1879732_618e>
...
040 (11392341.043.000) 2023-08-03 09:10:30 Started transferring input files
	Transferring to host: <128.105.69.192:9618?addrs=128.105.69.192-9618+[2607-f388-2200-100-1270-fdff-fe56-bc04]-9618&alias=build4002.chtc.wisc.edu&noUDP&sock=slot3_2_862941_bfec_71696>
...
040 (11392341.043.000) 2023-08-03 09:10:31 Finished transferring input files
...
001 (11392341.043.000) 2023-08-03 09:10:32 Job executing on host: <128.105.69.192:9618?addrs=128.105.69.192-9618+[2607-f388-2200-100-1270-fdff-fe56-bc04]-9618&alias=build4002.chtc.wisc.edu&noUDP&sock=startd_15801_c00d>
	SlotName: slot3_2@build4002.chtc.wisc.edu
	CondorScratchDir = "/var/lib/condor/execute/slot3/dir_905615"
	Cpus = 1
	Disk = 1208198
	IoHeavy = 0
	Memory = 512
...
006 (11392341.043.000) 2023-08-03 09:10:40 Image size of job updated: 508456
	184  -  MemoryUsage of job (MB)
	187744  -  ResidentSetSize of job (KB)
...
040 (11392341.043.000) 2023-08-03 09:10:40 Started transferring output files
...
040 (11392341.043.000) 2023-08-03 09:10:40 Finished transferring output files
...
005 (11392341.043.000) 2023-08-03 09:10:40 Job terminated.
	(1) Normal termination (return value 1)
		Usr 0 00:00:05, Sys 0 00:00:01  -  Run Remote Usage
		Usr 0 00:00:00, Sys 0 00:00:00  -  Run Local Usage
		Usr 0 00:00:05, Sys 0 00:00:01  -  Total Remote Usage
		Usr 0 00:00:00, Sys 0 00:00:00  -  Total Local Usage
	3156  -  Run Bytes Sent By Job
	32727736  -  Run Bytes Received By Job
	3156  -  Total Bytes Sent By Job
	32727736  -  Total Bytes Received By Job
	Partitionable Resources :    Usage  Request Allocated 
	   Cpus                 :                 1         1 
	   Disk (KB)            :   255171   524288   1208198 
	   IoHeavy              :                           0 
	   Memory (MB)          :      184      512       512 

	Job terminated of its own accord at 2023-08-03T14:10:40Z with exit-code 1.
...
