000 (11178184.019.000) 2023-07-26 21:10:59 Job submitted from host: <128.104.101.92:9618?addrs=128.104.101.92-9618+[2607-f388-107c-501-a236-9fff-fe3c-caa8]-9618&alias=submit2.chtc.wisc.edu&noUDP&sock=schedd_1879732_618e>
...
040 (11178184.019.000) 2023-07-26 21:13:20 Started transferring input files
	Transferring to host: <128.105.69.213:9618?addrs=128.105.69.213-9618+[2607-f388-2200-100-eaeb-d3ff-fe40-894]-9618&alias=e2596.chtc.wisc.edu&noUDP&sock=slot1_80_2277354_a979_38706>
...
040 (11178184.019.000) 2023-07-26 21:13:22 Finished transferring input files
...
001 (11178184.019.000) 2023-07-26 21:13:23 Job executing on host: <128.105.69.213:9618?addrs=128.105.69.213-9618+[2607-f388-2200-100-eaeb-d3ff-fe40-894]-9618&alias=e2596.chtc.wisc.edu&noUDP&sock=startd_17297_e1bb>
	SlotName: slot1_80@e2596.chtc.wisc.edu
	CondorScratchDir = "/var/lib/condor/execute/slot1/dir_1616518"
	Cpus = 1
	Disk = 1458998
	IoHeavy = 0
	Memory = 512
...
006 (11178184.019.000) 2023-07-26 21:13:32 Image size of job updated: 418484
	396  -  MemoryUsage of job (MB)
	405272  -  ResidentSetSize of job (KB)
...
006 (11178184.019.000) 2023-07-26 21:15:46 Image size of job updated: 524288
	396  -  MemoryUsage of job (MB)
	405272  -  ResidentSetSize of job (KB)
...
040 (11178184.019.000) 2023-07-26 21:15:46 Started transferring output files
...
040 (11178184.019.000) 2023-07-26 21:15:46 Finished transferring output files
...
005 (11178184.019.000) 2023-07-26 21:15:46 Job terminated.
	(1) Normal termination (return value 0)
		Usr 0 00:02:16, Sys 0 00:00:03  -  Run Remote Usage
		Usr 0 00:00:00, Sys 0 00:00:00  -  Run Local Usage
		Usr 0 00:02:16, Sys 0 00:00:03  -  Total Remote Usage
		Usr 0 00:00:00, Sys 0 00:00:00  -  Total Local Usage
	57904  -  Run Bytes Sent By Job
	32726544  -  Run Bytes Received By Job
	57904  -  Total Bytes Sent By Job
	32726544  -  Total Bytes Received By Job
	Partitionable Resources :     Usage  Request Allocated 
	   Cpus                 :      0.99        1         1 
	   Disk (KB)            : 256377      524288   1458998 
	   IoHeavy              :                            0 
	   Memory (MB)          :    396         512       512 

	Job terminated of its own accord at 2023-07-27T02:15:46Z with exit-code 0.
...
