000 (11188614.006.000) 2023-07-28 02:48:38 Job submitted from host: <128.104.101.92:9618?addrs=128.104.101.92-9618+[2607-f388-107c-501-a236-9fff-fe3c-caa8]-9618&alias=submit2.chtc.wisc.edu&noUDP&sock=schedd_1879732_618e>
...
040 (11188614.006.000) 2023-07-28 02:49:01 Started transferring input files
	Transferring to host: <128.105.69.159:9618?addrs=128.105.69.159-9618+[2607-f388-2200-100-1270-fdff-fe56-c33c]-9618&alias=e4092.chtc.wisc.edu&noUDP&sock=slot1_117_1018208_65b6_57727>
...
001 (11188614.006.000) 2023-07-28 02:49:07 Job executing on host: <128.105.69.159:9618?addrs=128.105.69.159-9618+[2607-f388-2200-100-1270-fdff-fe56-c33c]-9618&alias=e4092.chtc.wisc.edu&noUDP&sock=startd_17137_2294>
	SlotName: slot1_117@e4092.chtc.wisc.edu
	CondorScratchDir = "/var/lib/condor/execute/slot1/dir_3429177"
	Cpus = 1
	Disk = 1208198
	IoHeavy = 0
	Memory = 512
...
040 (11188614.006.000) 2023-07-28 02:49:07 Finished transferring input files
...
006 (11188614.006.000) 2023-07-28 02:49:16 Image size of job updated: 514852
	503  -  MemoryUsage of job (MB)
	514852  -  ResidentSetSize of job (KB)
...
004 (11188614.006.000) 2023-07-28 02:49:18 Job was evicted.
	(0) CPU times
		Usr 0 00:00:06, Sys 0 00:00:01  -  Run Remote Usage
		Usr 0 00:00:00, Sys 0 00:00:00  -  Run Local Usage
	0  -  Run Bytes Sent By Job
	32726832  -  Run Bytes Received By Job
	Partitionable Resources :    Usage  Request Allocated 
	   Cpus                 :                 1         1 
	   Disk (KB)            :   255170   524288   1208198 
	   IoHeavy              :                           0 
	   Memory (MB)          :      503      512       512 
...
009 (11188614.006.000) 2023-07-28 02:49:20 Job was aborted.
	via condor_rm (by user mzheng54)
...
