000 (11392261.039.000) 2023-08-02 21:08:52 Job submitted from host: <128.104.101.92:9618?addrs=128.104.101.92-9618+[2607-f388-107c-501-a236-9fff-fe3c-caa8]-9618&alias=submit2.chtc.wisc.edu&noUDP&sock=schedd_1879732_618e>
...
040 (11392261.039.000) 2023-08-02 21:10:04 Started transferring input files
	Transferring to host: <128.105.69.163:9618?addrs=128.105.69.163-9618+[2607-f388-2200-100-1270-fdff-fe56-c6f4]-9618&alias=e4096.chtc.wisc.edu&noUDP&sock=slot1_34_2295814_66e8_74364>
...
040 (11392261.039.000) 2023-08-02 21:10:09 Finished transferring input files
...
001 (11392261.039.000) 2023-08-02 21:10:10 Job executing on host: <128.105.69.163:9618?addrs=128.105.69.163-9618+[2607-f388-2200-100-1270-fdff-fe56-c6f4]-9618&alias=e4096.chtc.wisc.edu&noUDP&sock=startd_18840_405d>
	SlotName: slot1_34@e4096.chtc.wisc.edu
	CondorScratchDir = "/var/lib/condor/execute/slot1/dir_1217478"
	Cpus = 1
	Disk = 1208198
	IoHeavy = 0
	Memory = 512
...
006 (11392261.039.000) 2023-08-02 21:10:19 Image size of job updated: 366736
	353  -  MemoryUsage of job (MB)
	361156  -  ResidentSetSize of job (KB)
...
006 (11392261.039.000) 2023-08-02 21:15:20 Image size of job updated: 524288
	512  -  MemoryUsage of job (MB)
	524132  -  ResidentSetSize of job (KB)
...
040 (11392261.039.000) 2023-08-02 21:15:31 Started transferring output files
...
040 (11392261.039.000) 2023-08-02 21:15:31 Finished transferring output files
...
005 (11392261.039.000) 2023-08-02 21:15:32 Job terminated.
	(1) Normal termination (return value 0)
		Usr 0 00:05:08, Sys 0 00:00:08  -  Run Remote Usage
		Usr 0 00:00:00, Sys 0 00:00:00  -  Run Local Usage
		Usr 0 00:05:08, Sys 0 00:00:08  -  Total Remote Usage
		Usr 0 00:00:00, Sys 0 00:00:00  -  Total Local Usage
	57850  -  Run Bytes Sent By Job
	32727852  -  Run Bytes Received By Job
	57850  -  Total Bytes Sent By Job
	32727852  -  Total Bytes Received By Job
	Partitionable Resources :     Usage  Request Allocated 
	   Cpus                 :      0.99        1         1 
	   Disk (KB)            : 256063      524288   1208198 
	   IoHeavy              :                            0 
	   Memory (MB)          :    512         512       512 

	Job terminated of its own accord at 2023-08-03T02:15:31Z with exit-code 0.
...
