000 (11174994.041.000) 2023-07-26 11:51:45 Job submitted from host: <128.104.101.92:9618?addrs=128.104.101.92-9618+[2607-f388-107c-501-a236-9fff-fe3c-caa8]-9618&alias=submit2.chtc.wisc.edu&noUDP&sock=schedd_1879732_618e>
...
040 (11174994.041.000) 2023-07-26 11:54:31 Started transferring input files
	Transferring to host: <128.105.69.244:9618?addrs=128.105.69.244-9618+[2607-f388-2200-100-eaeb-d3ff-fe40-205c]-9618&alias=e2627.chtc.wisc.edu&noUDP&sock=slot1_31_165726_b58c_50020>
...
040 (11174994.041.000) 2023-07-26 11:54:33 Finished transferring input files
...
001 (11174994.041.000) 2023-07-26 11:54:34 Job executing on host: <128.105.69.244:9618?addrs=128.105.69.244-9618+[2607-f388-2200-100-eaeb-d3ff-fe40-205c]-9618&alias=e2627.chtc.wisc.edu&noUDP&sock=startd_18898_08dc>
	SlotName: slot1_31@e2627.chtc.wisc.edu
	CondorScratchDir = "/var/lib/condor/execute/slot1/dir_3068767"
	Cpus = 1
	Disk = 1458998
	IoHeavy = 0
	Memory = 512
...
006 (11174994.041.000) 2023-07-26 11:54:43 Image size of job updated: 521024
	503  -  MemoryUsage of job (MB)
	514992  -  ResidentSetSize of job (KB)
...
006 (11174994.041.000) 2023-07-26 11:55:46 Image size of job updated: 524288
	503  -  MemoryUsage of job (MB)
	514992  -  ResidentSetSize of job (KB)
...
040 (11174994.041.000) 2023-07-26 11:55:46 Started transferring output files
...
040 (11174994.041.000) 2023-07-26 11:55:46 Finished transferring output files
...
005 (11174994.041.000) 2023-07-26 11:55:46 Job terminated.
	(1) Normal termination (return value 0)
		Usr 0 00:01:09, Sys 0 00:00:01  -  Run Remote Usage
		Usr 0 00:00:00, Sys 0 00:00:00  -  Run Local Usage
		Usr 0 00:01:09, Sys 0 00:00:01  -  Total Remote Usage
		Usr 0 00:00:00, Sys 0 00:00:00  -  Total Local Usage
	57243  -  Run Bytes Sent By Job
	32726248  -  Run Bytes Received By Job
	57243  -  Total Bytes Sent By Job
	32726248  -  Total Bytes Received By Job
	Partitionable Resources :    Usage  Request Allocated 
	   Cpus                 :                 1         1 
	   Disk (KB)            :   255222   524288   1458998 
	   IoHeavy              :                           0 
	   Memory (MB)          :      503      512       512 

	Job terminated of its own accord at 2023-07-26T16:55:46Z with exit-code 0.
...
