000 (11392261.095.000) 2023-08-02 21:08:53 Job submitted from host: <128.104.101.92:9618?addrs=128.104.101.92-9618+[2607-f388-107c-501-a236-9fff-fe3c-caa8]-9618&alias=submit2.chtc.wisc.edu&noUDP&sock=schedd_1879732_618e>
...
040 (11392261.095.000) 2023-08-02 21:10:10 Started transferring input files
	Transferring to host: <128.105.68.91:9618?addrs=128.105.68.91-9618+[2607-f388-2200-100-1270-fdff-fe56-c2c4]-9618&alias=e4053.chtc.wisc.edu&noUDP&sock=slot1_214_1788002_e8be_82804>
...
040 (11392261.095.000) 2023-08-02 21:10:12 Finished transferring input files
...
001 (11392261.095.000) 2023-08-02 21:10:13 Job executing on host: <128.105.68.91:9618?addrs=128.105.68.91-9618+[2607-f388-2200-100-1270-fdff-fe56-c2c4]-9618&alias=e4053.chtc.wisc.edu&noUDP&sock=startd_11752_7915>
	SlotName: slot1_214@e4053.chtc.wisc.edu
	CondorScratchDir = "/var/lib/condor/execute/slot1/dir_3699106"
	Cpus = 1
	Disk = 1208198
	IoHeavy = 0
	Memory = 512
...
006 (11392261.095.000) 2023-08-02 21:10:22 Image size of job updated: 276076
	255  -  MemoryUsage of job (MB)
	260112  -  ResidentSetSize of job (KB)
...
006 (11392261.095.000) 2023-08-02 21:11:24 Image size of job updated: 406388
	258  -  MemoryUsage of job (MB)
	263464  -  ResidentSetSize of job (KB)
...
040 (11392261.095.000) 2023-08-02 21:11:24 Started transferring output files
...
040 (11392261.095.000) 2023-08-02 21:11:24 Finished transferring output files
...
005 (11392261.095.000) 2023-08-02 21:11:24 Job terminated.
	(1) Normal termination (return value 0)
		Usr 0 00:01:04, Sys 0 00:00:03  -  Run Remote Usage
		Usr 0 00:00:00, Sys 0 00:00:00  -  Run Local Usage
		Usr 0 00:01:04, Sys 0 00:00:03  -  Total Remote Usage
		Usr 0 00:00:00, Sys 0 00:00:00  -  Total Local Usage
	57387  -  Run Bytes Sent By Job
	32727852  -  Run Bytes Received By Job
	57387  -  Total Bytes Sent By Job
	32727852  -  Total Bytes Received By Job
	Partitionable Resources :    Usage  Request Allocated 
	   Cpus                 :                 1         1 
	   Disk (KB)            :   256402   524288   1208198 
	   IoHeavy              :                           0 
	   Memory (MB)          :      258      512       512 

	Job terminated of its own accord at 2023-08-03T02:11:24Z with exit-code 0.
...
