000 (11392341.038.000) 2023-08-03 09:09:59 Job submitted from host: <128.104.101.92:9618?addrs=128.104.101.92-9618+[2607-f388-107c-501-a236-9fff-fe3c-caa8]-9618&alias=submit2.chtc.wisc.edu&noUDP&sock=schedd_1879732_618e>
...
040 (11392341.038.000) 2023-08-03 09:10:29 Started transferring input files
	Transferring to host: <128.105.69.171:9618?addrs=128.105.69.171-9618+[2607-f388-2200-100-1270-fdff-fe56-76ac]-9618&alias=e2554.chtc.wisc.edu&noUDP&sock=slot1_18_2358843_08cb_78128>
...
040 (11392341.038.000) 2023-08-03 09:10:31 Finished transferring input files
...
001 (11392341.038.000) 2023-08-03 09:10:32 Job executing on host: <128.105.69.171:9618?addrs=128.105.69.171-9618+[2607-f388-2200-100-1270-fdff-fe56-76ac]-9618&alias=e2554.chtc.wisc.edu&noUDP&sock=startd_14106_1f06>
	SlotName: slot1_18@e2554.chtc.wisc.edu
	CondorScratchDir = "/var/lib/condor/execute/slot1/dir_1665253"
	Cpus = 1
	Disk = 1208198
	IoHeavy = 0
	Memory = 512
...
006 (11392341.038.000) 2023-08-03 09:10:41 Image size of job updated: 439020
	419  -  MemoryUsage of job (MB)
	429012  -  ResidentSetSize of job (KB)
...
006 (11392341.038.000) 2023-08-03 09:10:43 Image size of job updated: 512316
	425  -  MemoryUsage of job (MB)
	435156  -  ResidentSetSize of job (KB)
...
040 (11392341.038.000) 2023-08-03 09:10:43 Started transferring output files
...
040 (11392341.038.000) 2023-08-03 09:10:43 Finished transferring output files
...
005 (11392341.038.000) 2023-08-03 09:10:44 Job terminated.
	(1) Normal termination (return value 1)
		Usr 0 00:00:08, Sys 0 00:00:01  -  Run Remote Usage
		Usr 0 00:00:00, Sys 0 00:00:00  -  Run Local Usage
		Usr 0 00:00:08, Sys 0 00:00:01  -  Total Remote Usage
		Usr 0 00:00:00, Sys 0 00:00:00  -  Total Local Usage
	3165  -  Run Bytes Sent By Job
	32727736  -  Run Bytes Received By Job
	3165  -  Total Bytes Sent By Job
	32727736  -  Total Bytes Received By Job
	Partitionable Resources :    Usage  Request Allocated 
	   Cpus                 :                 1         1 
	   Disk (KB)            :   255171   524288   1208198 
	   IoHeavy              :                           0 
	   Memory (MB)          :      425      512       512 

	Job terminated of its own accord at 2023-08-03T14:10:43Z with exit-code 1.
...
