000 (11139883.080.000) 2023-07-20 06:17:26 Job submitted from host: <128.104.101.92:9618?addrs=128.104.101.92-9618+[2607-f388-107c-501-a236-9fff-fe3c-caa8]-9618&alias=submit2.chtc.wisc.edu&noUDP&sock=schedd_1879732_618e>
...
040 (11139883.080.000) 2023-07-20 06:20:45 Started transferring input files
	Transferring to host: <128.105.69.105:9618?addrs=128.105.69.105-9618+[2607-f388-2200-100-1270-fdff-fe56-460c]-9618&alias=e4054.chtc.wisc.edu&noUDP&sock=slot1_16_3569719_b7a3_14090>
...
040 (11139883.080.000) 2023-07-20 06:20:48 Finished transferring input files
...
001 (11139883.080.000) 2023-07-20 06:20:49 Job executing on host: <128.105.69.105:9618?addrs=128.105.69.105-9618+[2607-f388-2200-100-1270-fdff-fe56-460c]-9618&alias=e4054.chtc.wisc.edu&noUDP&sock=startd_11813_505c>
	SlotName: slot1_16@e4054.chtc.wisc.edu
	CondorScratchDir = "/var/lib/condor/execute/slot1/dir_4016132"
	Cpus = 1
	Disk = 1208198
	IoHeavy = 0
	Memory = 512
...
006 (11139883.080.000) 2023-07-20 06:20:58 Image size of job updated: 442232
	388  -  MemoryUsage of job (MB)
	397096  -  ResidentSetSize of job (KB)
...
006 (11139883.080.000) 2023-07-20 06:25:59 Image size of job updated: 497080
	475  -  MemoryUsage of job (MB)
	485740  -  ResidentSetSize of job (KB)
...
040 (11139883.080.000) 2023-07-20 06:31:39 Started transferring output files
...
040 (11139883.080.000) 2023-07-20 06:31:39 Finished transferring output files
...
005 (11139883.080.000) 2023-07-20 06:31:39 Job terminated.
	(1) Normal termination (return value 0)
		Usr 0 00:10:36, Sys 0 00:00:03  -  Run Remote Usage
		Usr 0 00:00:00, Sys 0 00:00:00  -  Run Local Usage
		Usr 0 00:10:36, Sys 0 00:00:03  -  Total Remote Usage
		Usr 0 00:00:00, Sys 0 00:00:00  -  Total Local Usage
	57883  -  Run Bytes Sent By Job
	32725918  -  Run Bytes Received By Job
	57883  -  Total Bytes Sent By Job
	32725918  -  Total Bytes Received By Job
	Partitionable Resources :     Usage  Request Allocated 
	   Cpus                 :      0.99        1         1 
	   Disk (KB)            : 255232      524288   1208198 
	   IoHeavy              :                            0 
	   Memory (MB)          :    475         512       512 

	Job terminated of its own accord at 2023-07-20T11:31:38Z with exit-code 0.
...
