000 (11139883.073.000) 2023-07-20 06:17:26 Job submitted from host: <128.104.101.92:9618?addrs=128.104.101.92-9618+[2607-f388-107c-501-a236-9fff-fe3c-caa8]-9618&alias=submit2.chtc.wisc.edu&noUDP&sock=schedd_1879732_618e>
...
040 (11139883.073.000) 2023-07-20 06:20:45 Started transferring input files
	Transferring to host: <128.105.69.201:9618?addrs=128.105.69.201-9618+[2607-f388-2200-100-1270-fdff-fe56-62e4]-9618&alias=e4030.chtc.wisc.edu&noUDP&sock=slot1_60_1163599_826e_13561>
...
040 (11139883.073.000) 2023-07-20 06:20:48 Finished transferring input files
...
001 (11139883.073.000) 2023-07-20 06:20:49 Job executing on host: <128.105.69.201:9618?addrs=128.105.69.201-9618+[2607-f388-2200-100-1270-fdff-fe56-62e4]-9618&alias=e4030.chtc.wisc.edu&noUDP&sock=startd_15524_c051>
	SlotName: slot1_60@e4030.chtc.wisc.edu
	CondorScratchDir = "/var/lib/condor/execute/slot1/dir_2130726"
	Cpus = 1
	Disk = 1208198
	IoHeavy = 0
	Memory = 512
...
006 (11139883.073.000) 2023-07-20 06:20:57 Image size of job updated: 496192
	468  -  MemoryUsage of job (MB)
	478756  -  ResidentSetSize of job (KB)
...
006 (11139883.073.000) 2023-07-20 06:25:57 Image size of job updated: 524288
	485  -  MemoryUsage of job (MB)
	496164  -  ResidentSetSize of job (KB)
...
006 (11139883.073.000) 2023-07-20 06:30:58 Image size of job updated: 524288
	504  -  MemoryUsage of job (MB)
	515464  -  ResidentSetSize of job (KB)
...
006 (11139883.073.000) 2023-07-20 06:35:58 Image size of job updated: 524288
	509  -  MemoryUsage of job (MB)
	520628  -  ResidentSetSize of job (KB)
...
040 (11139883.073.000) 2023-07-20 06:41:25 Started transferring output files
...
040 (11139883.073.000) 2023-07-20 06:41:25 Finished transferring output files
...
005 (11139883.073.000) 2023-07-20 06:41:25 Job terminated.
	(1) Normal termination (return value 0)
		Usr 0 00:20:14, Sys 0 00:00:04  -  Run Remote Usage
		Usr 0 00:00:00, Sys 0 00:00:00  -  Run Local Usage
		Usr 0 00:20:14, Sys 0 00:00:04  -  Total Remote Usage
		Usr 0 00:00:00, Sys 0 00:00:00  -  Total Local Usage
	57844  -  Run Bytes Sent By Job
	32725918  -  Run Bytes Received By Job
	57844  -  Total Bytes Sent By Job
	32725918  -  Total Bytes Received By Job
	Partitionable Resources :     Usage  Request Allocated 
	   Cpus                 :      0.99        1         1 
	   Disk (KB)            : 255232      524288   1208198 
	   IoHeavy              :                            0 
	   Memory (MB)          :    509         512       512 

	Job terminated of its own accord at 2023-07-20T11:41:25Z with exit-code 0.
...
