000 (11139883.129.000) 2023-07-20 06:17:26 Job submitted from host: <128.104.101.92:9618?addrs=128.104.101.92-9618+[2607-f388-107c-501-a236-9fff-fe3c-caa8]-9618&alias=submit2.chtc.wisc.edu&noUDP&sock=schedd_1879732_618e>
...
040 (11139883.129.000) 2023-07-20 06:20:49 Started transferring input files
	Transferring to host: <128.105.69.216:9618?addrs=128.105.69.216-9618&alias=e2599.chtc.wisc.edu&noUDP&sock=slot1_38_1030921_db1b_22818>
...
040 (11139883.129.000) 2023-07-20 06:20:51 Finished transferring input files
...
001 (11139883.129.000) 2023-07-20 06:20:52 Job executing on host: <128.105.69.216:9618?addrs=128.105.69.216-9618&alias=e2599.chtc.wisc.edu&noUDP&sock=startd_18846_5def>
	SlotName: slot1_38@e2599.chtc.wisc.edu
	CondorScratchDir = "/var/lib/condor/execute/slot1/dir_2312385"
	Cpus = 1
	Disk = 749021
	IoHeavy = 0
	Memory = 512
...
006 (11139883.129.000) 2023-07-20 06:21:01 Image size of job updated: 513920
	502  -  MemoryUsage of job (MB)
	513920  -  ResidentSetSize of job (KB)
...
006 (11139883.129.000) 2023-07-20 06:24:50 Image size of job updated: 524288
	502  -  MemoryUsage of job (MB)
	513920  -  ResidentSetSize of job (KB)
...
040 (11139883.129.000) 2023-07-20 06:24:50 Started transferring output files
...
040 (11139883.129.000) 2023-07-20 06:24:50 Finished transferring output files
...
005 (11139883.129.000) 2023-07-20 06:24:50 Job terminated.
	(1) Normal termination (return value 0)
		Usr 0 00:03:52, Sys 0 00:00:02  -  Run Remote Usage
		Usr 0 00:00:00, Sys 0 00:00:00  -  Run Local Usage
		Usr 0 00:03:52, Sys 0 00:00:02  -  Total Remote Usage
		Usr 0 00:00:00, Sys 0 00:00:00  -  Total Local Usage
	58061  -  Run Bytes Sent By Job
	32725918  -  Run Bytes Received By Job
	58061  -  Total Bytes Sent By Job
	32725918  -  Total Bytes Received By Job
	Partitionable Resources :     Usage  Request Allocated 
	   Cpus                 :      0.99        1         1 
	   Disk (KB)            : 255231      524288    749021 
	   IoHeavy              :                            0 
	   Memory (MB)          :    502         512       512 

	Job terminated of its own accord at 2023-07-20T11:24:50Z with exit-code 0.
...
