000 (11178184.006.000) 2023-07-26 21:10:59 Job submitted from host: <128.104.101.92:9618?addrs=128.104.101.92-9618+[2607-f388-107c-501-a236-9fff-fe3c-caa8]-9618&alias=submit2.chtc.wisc.edu&noUDP&sock=schedd_1879732_618e>
...
040 (11178184.006.000) 2023-07-26 21:13:04 Started transferring input files
	Transferring to host: <128.105.69.162:9618?addrs=128.105.69.162-9618+[2607-f388-2200-100-1270-fdff-fe56-bd0c]-9618&alias=e4095.chtc.wisc.edu&noUDP&sock=slot1_103_3408026_5f13_51074>
...
040 (11178184.006.000) 2023-07-26 21:13:06 Finished transferring input files
...
001 (11178184.006.000) 2023-07-26 21:13:07 Job executing on host: <128.105.69.162:9618?addrs=128.105.69.162-9618+[2607-f388-2200-100-1270-fdff-fe56-bd0c]-9618&alias=e4095.chtc.wisc.edu&noUDP&sock=startd_17175_332e>
	SlotName: slot1_103@e4095.chtc.wisc.edu
	CondorScratchDir = "/var/lib/condor/execute/slot1/dir_2800194"
	Cpus = 1
	Disk = 1208198
	IoHeavy = 0
	Memory = 512
...
006 (11178184.006.000) 2023-07-26 21:13:15 Image size of job updated: 381652
	272  -  MemoryUsage of job (MB)
	277968  -  ResidentSetSize of job (KB)
...
006 (11178184.006.000) 2023-07-26 21:18:15 Image size of job updated: 524288
	472  -  MemoryUsage of job (MB)
	483292  -  ResidentSetSize of job (KB)
...
006 (11178184.006.000) 2023-07-26 21:23:16 Image size of job updated: 524288
	484  -  MemoryUsage of job (MB)
	494812  -  ResidentSetSize of job (KB)
...
006 (11178184.006.000) 2023-07-26 21:28:16 Image size of job updated: 524288
	496  -  MemoryUsage of job (MB)
	506932  -  ResidentSetSize of job (KB)
...
