000 (11143209.027.000) 2023-07-20 21:06:51 Job submitted from host: <128.104.101.92:9618?addrs=128.104.101.92-9618+[2607-f388-107c-501-a236-9fff-fe3c-caa8]-9618&alias=submit2.chtc.wisc.edu&noUDP&sock=schedd_1879732_618e>
...
040 (11143209.027.000) 2023-07-20 21:08:22 Started transferring input files
	Transferring to host: <128.105.69.96:9618?addrs=128.105.69.96-9618+[2607-f388-2200-100-1270-fdff-fe56-c75c]-9618&alias=e4007.chtc.wisc.edu&noUDP&sock=slot1_199_3191673_1c55_23474>
...
040 (11143209.027.000) 2023-07-20 21:08:29 Finished transferring input files
...
001 (11143209.027.000) 2023-07-20 21:08:32 Job executing on host: <128.105.69.96:9618?addrs=128.105.69.96-9618+[2607-f388-2200-100-1270-fdff-fe56-c75c]-9618&alias=e4007.chtc.wisc.edu&noUDP&sock=startd_15642_b07e>
	SlotName: slot1_199@e4007.chtc.wisc.edu
	CondorScratchDir = "/var/lib/condor/execute/slot1/dir_3797735"
	Cpus = 1
	Disk = 1208198
	IoHeavy = 0
	Memory = 512
...
006 (11143209.027.000) 2023-07-20 21:08:41 Image size of job updated: 282332
	276  -  MemoryUsage of job (MB)
	281996  -  ResidentSetSize of job (KB)
...
006 (11143209.027.000) 2023-07-20 21:13:42 Image size of job updated: 451680
	441  -  MemoryUsage of job (MB)
	451176  -  ResidentSetSize of job (KB)
...
040 (11143209.027.000) 2023-07-20 21:28:34 Started transferring output files
...
040 (11143209.027.000) 2023-07-20 21:28:35 Finished transferring output files
...
005 (11143209.027.000) 2023-07-20 21:28:35 Job terminated.
	(1) Normal termination (return value 0)
		Usr 0 00:19:40, Sys 0 00:00:07  -  Run Remote Usage
		Usr 0 00:00:00, Sys 0 00:00:00  -  Run Local Usage
		Usr 0 00:19:40, Sys 0 00:00:07  -  Total Remote Usage
		Usr 0 00:00:00, Sys 0 00:00:00  -  Total Local Usage
	56951  -  Run Bytes Sent By Job
	32725816  -  Run Bytes Received By Job
	56951  -  Total Bytes Sent By Job
	32725816  -  Total Bytes Received By Job
	Partitionable Resources :     Usage  Request Allocated 
	   Cpus                 :      0.99        1         1 
	   Disk (KB)            : 256383      524288   1208198 
	   IoHeavy              :                            0 
	   Memory (MB)          :    441         512       512 

	Job terminated of its own accord at 2023-07-21T02:28:34Z with exit-code 0.
...
