000 (11392336.077.000) 2023-08-03 08:17:14 Job submitted from host: <128.104.101.92:9618?addrs=128.104.101.92-9618+[2607-f388-107c-501-a236-9fff-fe3c-caa8]-9618&alias=submit2.chtc.wisc.edu&noUDP&sock=schedd_1879732_618e>
...
040 (11392336.077.000) 2023-08-03 08:17:41 Started transferring input files
	Transferring to host: <128.105.69.92:9618?addrs=128.105.69.92-9618+[2607-f388-2200-100-1270-fdff-fe56-689c]-9618&alias=e4003.chtc.wisc.edu&noUDP&sock=slot1_3_3137456_5459_76860>
...
040 (11392336.077.000) 2023-08-03 08:17:43 Finished transferring input files
...
001 (11392336.077.000) 2023-08-03 08:17:44 Job executing on host: <128.105.69.92:9618?addrs=128.105.69.92-9618+[2607-f388-2200-100-1270-fdff-fe56-689c]-9618&alias=e4003.chtc.wisc.edu&noUDP&sock=startd_14115_4b60>
	SlotName: slot1_3@e4003.chtc.wisc.edu
	CondorScratchDir = "/var/lib/condor/execute/slot1/dir_2034010"
	Cpus = 1
	Disk = 1268229
	IoHeavy = 0
	Memory = 512
...
006 (11392336.077.000) 2023-08-03 08:17:52 Image size of job updated: 524288
	488  -  MemoryUsage of job (MB)
	499260  -  ResidentSetSize of job (KB)
...
040 (11392336.077.000) 2023-08-03 08:18:21 Started transferring output files
...
040 (11392336.077.000) 2023-08-03 08:18:21 Finished transferring output files
...
005 (11392336.077.000) 2023-08-03 08:18:22 Job terminated.
	(1) Normal termination (return value 0)
		Usr 0 00:00:34, Sys 0 00:00:01  -  Run Remote Usage
		Usr 0 00:00:00, Sys 0 00:00:00  -  Run Local Usage
		Usr 0 00:00:34, Sys 0 00:00:01  -  Total Remote Usage
		Usr 0 00:00:00, Sys 0 00:00:00  -  Total Local Usage
	57455  -  Run Bytes Sent By Job
	32727852  -  Run Bytes Received By Job
	57455  -  Total Bytes Sent By Job
	32727852  -  Total Bytes Received By Job
	Partitionable Resources :    Usage  Request Allocated 
	   Cpus                 :                 1         1 
	   Disk (KB)            :   255207   524288   1268229 
	   IoHeavy              :                           0 
	   Memory (MB)          :      488      512       512 

	Job terminated of its own accord at 2023-08-03T13:18:21Z with exit-code 0.
...
