000 (11178184.024.000) 2023-07-26 21:10:59 Job submitted from host: <128.104.101.92:9618?addrs=128.104.101.92-9618+[2607-f388-107c-501-a236-9fff-fe3c-caa8]-9618&alias=submit2.chtc.wisc.edu&noUDP&sock=schedd_1879732_618e>
...
040 (11178184.024.000) 2023-07-26 21:13:20 Started transferring input files
	Transferring to host: <128.105.69.230:9618?addrs=128.105.69.230-9618+[2607-f388-2200-100-eaeb-d3ff-fe40-17bc]-9618&alias=e2613.chtc.wisc.edu&noUDP&sock=slot1_100_457915_4ad6_49140>
...
040 (11178184.024.000) 2023-07-26 21:13:23 Finished transferring input files
...
001 (11178184.024.000) 2023-07-26 21:13:24 Job executing on host: <128.105.69.230:9618?addrs=128.105.69.230-9618+[2607-f388-2200-100-eaeb-d3ff-fe40-17bc]-9618&alias=e2613.chtc.wisc.edu&noUDP&sock=startd_18882_0f58>
	SlotName: slot1_100@e2613.chtc.wisc.edu
	CondorScratchDir = "/var/lib/condor/execute/slot1/dir_3290435"
	Cpus = 1
	Disk = 1458998
	IoHeavy = 0
	Memory = 512
...
006 (11178184.024.000) 2023-07-26 21:13:33 Image size of job updated: 385056
	322  -  MemoryUsage of job (MB)
	329276  -  ResidentSetSize of job (KB)
...
006 (11178184.024.000) 2023-07-26 21:16:20 Image size of job updated: 524288
	326  -  MemoryUsage of job (MB)
	333628  -  ResidentSetSize of job (KB)
...
040 (11178184.024.000) 2023-07-26 21:16:20 Started transferring output files
...
040 (11178184.024.000) 2023-07-26 21:16:20 Finished transferring output files
...
005 (11178184.024.000) 2023-07-26 21:16:20 Job terminated.
	(1) Normal termination (return value 0)
		Usr 0 00:02:48, Sys 0 00:00:04  -  Run Remote Usage
		Usr 0 00:00:00, Sys 0 00:00:00  -  Run Local Usage
		Usr 0 00:02:48, Sys 0 00:00:04  -  Total Remote Usage
		Usr 0 00:00:00, Sys 0 00:00:00  -  Total Local Usage
	57929  -  Run Bytes Sent By Job
	32726544  -  Run Bytes Received By Job
	57929  -  Total Bytes Sent By Job
	32726544  -  Total Bytes Received By Job
	Partitionable Resources :     Usage  Request Allocated 
	   Cpus                 :      0.99        1         1 
	   Disk (KB)            : 256407      524288   1458998 
	   IoHeavy              :                            0 
	   Memory (MB)          :    326         512       512 

	Job terminated of its own accord at 2023-07-27T02:16:20Z with exit-code 0.
...
