000 (11143209.007.000) 2023-07-20 21:06:51 Job submitted from host: <128.104.101.92:9618?addrs=128.104.101.92-9618+[2607-f388-107c-501-a236-9fff-fe3c-caa8]-9618&alias=submit2.chtc.wisc.edu&noUDP&sock=schedd_1879732_618e>
...
040 (11143209.007.000) 2023-07-20 21:07:54 Started transferring input files
	Transferring to host: <128.105.69.196:9618?addrs=128.105.69.196-9618+[2607-f388-2200-100-1270-fdff-fe56-bf74]-9618&alias=e4049.chtc.wisc.edu&noUDP&sock=slot1_31_3460697_db11_20433>
...
001 (11143209.007.000) 2023-07-20 21:08:18 Job executing on host: <128.105.69.196:9618?addrs=128.105.69.196-9618+[2607-f388-2200-100-1270-fdff-fe56-bf74]-9618&alias=e4049.chtc.wisc.edu&noUDP&sock=startd_16763_9a29>
	SlotName: slot1_31@e4049.chtc.wisc.edu
	CondorScratchDir = "/var/lib/condor/execute/slot1/dir_3186173"
	Cpus = 1
	Disk = 1208198
	IoHeavy = 0
	Memory = 512
...
040 (11143209.007.000) 2023-07-20 21:08:18 Finished transferring input files
...
006 (11143209.007.000) 2023-07-20 21:08:27 Image size of job updated: 288072
	206  -  MemoryUsage of job (MB)
	210676  -  ResidentSetSize of job (KB)
...
006 (11143209.007.000) 2023-07-20 21:13:29 Image size of job updated: 439520
	430  -  MemoryUsage of job (MB)
	439516  -  ResidentSetSize of job (KB)
...
006 (11143209.007.000) 2023-07-20 21:17:53 Image size of job updated: 439808
	430  -  MemoryUsage of job (MB)
	439516  -  ResidentSetSize of job (KB)
...
040 (11143209.007.000) 2023-07-20 21:17:56 Started transferring output files
...
040 (11143209.007.000) 2023-07-20 21:17:57 Finished transferring output files
...
005 (11143209.007.000) 2023-07-20 21:18:03 Job terminated.
	(1) Normal termination (return value 0)
		Usr 0 00:09:18, Sys 0 00:00:07  -  Run Remote Usage
		Usr 0 00:00:00, Sys 0 00:00:00  -  Run Local Usage
		Usr 0 00:09:18, Sys 0 00:00:07  -  Total Remote Usage
		Usr 0 00:00:00, Sys 0 00:00:00  -  Total Local Usage
	56918  -  Run Bytes Sent By Job
	32725816  -  Run Bytes Received By Job
	56918  -  Total Bytes Sent By Job
	32725816  -  Total Bytes Received By Job
	Partitionable Resources :     Usage  Request Allocated 
	   Cpus                 :      0.99        1         1 
	   Disk (KB)            : 255960      524288   1208198 
	   IoHeavy              :                            0 
	   Memory (MB)          :    430         512       512 

	Job terminated of its own accord at 2023-07-21T02:17:53Z with exit-code 0.
...
