000 (11392336.004.000) 2023-08-03 08:17:13 Job submitted from host: <128.104.101.92:9618?addrs=128.104.101.92-9618+[2607-f388-107c-501-a236-9fff-fe3c-caa8]-9618&alias=submit2.chtc.wisc.edu&noUDP&sock=schedd_1879732_618e>
...
040 (11392336.004.000) 2023-08-03 08:17:29 Started transferring input files
	Transferring to host: <128.105.69.187:9618?addrs=128.105.69.187-9618+[2607-f388-2200-100-1270-fdff-fe56-b86c]-9618&alias=e4039.chtc.wisc.edu&noUDP&sock=slot1_39_3589331_2540_77030>
...
040 (11392336.004.000) 2023-08-03 08:17:31 Finished transferring input files
...
001 (11392336.004.000) 2023-08-03 08:17:32 Job executing on host: <128.105.69.187:9618?addrs=128.105.69.187-9618+[2607-f388-2200-100-1270-fdff-fe56-b86c]-9618&alias=e4039.chtc.wisc.edu&noUDP&sock=startd_15786_7621>
	SlotName: slot1_39@e4039.chtc.wisc.edu
	CondorScratchDir = "/var/lib/condor/execute/slot1/dir_3712374"
	Cpus = 1
	Disk = 1208198
	IoHeavy = 0
	Memory = 512
...
006 (11392336.004.000) 2023-08-03 08:17:41 Image size of job updated: 417080
	390  -  MemoryUsage of job (MB)
	398604  -  ResidentSetSize of job (KB)
...
006 (11392336.004.000) 2023-08-03 08:22:42 Image size of job updated: 524288
	512  -  MemoryUsage of job (MB)
	524164  -  ResidentSetSize of job (KB)
...
040 (11392336.004.000) 2023-08-03 08:28:02 Started transferring output files
...
040 (11392336.004.000) 2023-08-03 08:28:02 Finished transferring output files
...
005 (11392336.004.000) 2023-08-03 08:28:02 Job terminated.
	(1) Normal termination (return value 0)
		Usr 0 00:10:07, Sys 0 00:00:12  -  Run Remote Usage
		Usr 0 00:00:00, Sys 0 00:00:00  -  Run Local Usage
		Usr 0 00:10:07, Sys 0 00:00:12  -  Total Remote Usage
		Usr 0 00:00:00, Sys 0 00:00:00  -  Total Local Usage
	56767  -  Run Bytes Sent By Job
	32727852  -  Run Bytes Received By Job
	56767  -  Total Bytes Sent By Job
	32727852  -  Total Bytes Received By Job
	Partitionable Resources :     Usage  Request Allocated 
	   Cpus                 :      0.99        1         1 
	   Disk (KB)            : 256098      524288   1208198 
	   IoHeavy              :                            0 
	   Memory (MB)          :    512         512       512 

	Job terminated of its own accord at 2023-08-03T13:28:02Z with exit-code 0.
...
