000 (11392341.071.000) 2023-08-03 09:09:59 Job submitted from host: <128.104.101.92:9618?addrs=128.104.101.92-9618+[2607-f388-107c-501-a236-9fff-fe3c-caa8]-9618&alias=submit2.chtc.wisc.edu&noUDP&sock=schedd_1879732_618e>
...
040 (11392341.071.000) 2023-08-03 09:10:33 Started transferring input files
	Transferring to host: <128.105.69.223:9618?addrs=128.105.69.223-9618+[2607-f388-2200-100-eaeb-d3ff-fe3f-fef4]-9618&alias=e2606.chtc.wisc.edu&noUDP&sock=slot1_2_1358996_5f58_70821>
...
040 (11392341.071.000) 2023-08-03 09:10:35 Finished transferring input files
...
001 (11392341.071.000) 2023-08-03 09:10:36 Job executing on host: <128.105.69.223:9618?addrs=128.105.69.223-9618+[2607-f388-2200-100-eaeb-d3ff-fe3f-fef4]-9618&alias=e2606.chtc.wisc.edu&noUDP&sock=startd_18848_bd1f>
	SlotName: slot1_2@e2606.chtc.wisc.edu
	CondorScratchDir = "/var/lib/condor/execute/slot1/dir_993128"
	Cpus = 1
	Disk = 1458998
	IoHeavy = 0
	Memory = 512
...
006 (11392341.071.000) 2023-08-03 09:10:45 Image size of job updated: 505716
	468  -  MemoryUsage of job (MB)
	479192  -  ResidentSetSize of job (KB)
...
006 (11392341.071.000) 2023-08-03 09:11:30 Image size of job updated: 517724
	468  -  MemoryUsage of job (MB)
	479192  -  ResidentSetSize of job (KB)
...
040 (11392341.071.000) 2023-08-03 09:11:30 Started transferring output files
...
040 (11392341.071.000) 2023-08-03 09:11:30 Finished transferring output files
...
005 (11392341.071.000) 2023-08-03 09:11:30 Job terminated.
	(1) Normal termination (return value 0)
		Usr 0 00:00:50, Sys 0 00:00:01  -  Run Remote Usage
		Usr 0 00:00:00, Sys 0 00:00:00  -  Run Local Usage
		Usr 0 00:00:50, Sys 0 00:00:01  -  Total Remote Usage
		Usr 0 00:00:00, Sys 0 00:00:00  -  Total Local Usage
	58125  -  Run Bytes Sent By Job
	32727736  -  Run Bytes Received By Job
	58125  -  Total Bytes Sent By Job
	32727736  -  Total Bytes Received By Job
	Partitionable Resources :     Usage  Request Allocated 
	   Cpus                 :      0.38        1         1 
	   Disk (KB)            : 255233      524288   1458998 
	   IoHeavy              :                            0 
	   Memory (MB)          :    468         512       512 

	Job terminated of its own accord at 2023-08-03T14:11:30Z with exit-code 0.
...
