000 (11178184.015.000) 2023-07-26 21:10:59 Job submitted from host: <128.104.101.92:9618?addrs=128.104.101.92-9618+[2607-f388-107c-501-a236-9fff-fe3c-caa8]-9618&alias=submit2.chtc.wisc.edu&noUDP&sock=schedd_1879732_618e>
...
040 (11178184.015.000) 2023-07-26 21:13:19 Started transferring input files
	Transferring to host: <128.105.69.193:9618?addrs=128.105.69.193-9618+[2607-f388-2200-100-1270-fdff-fe56-4604]-9618&alias=e4046.chtc.wisc.edu&noUDP&sock=slot1_7_1422684_5476_38345>
...
040 (11178184.015.000) 2023-07-26 21:13:21 Finished transferring input files
...
001 (11178184.015.000) 2023-07-26 21:13:22 Job executing on host: <128.105.69.193:9618?addrs=128.105.69.193-9618+[2607-f388-2200-100-1270-fdff-fe56-4604]-9618&alias=e4046.chtc.wisc.edu&noUDP&sock=startd_15967_9cc6>
	SlotName: slot1_7@e4046.chtc.wisc.edu
	CondorScratchDir = "/var/lib/condor/execute/slot1/dir_1277226"
	Cpus = 1
	Disk = 1208198
	IoHeavy = 0
	Memory = 512
...
006 (11178184.015.000) 2023-07-26 21:13:31 Image size of job updated: 276824
	132  -  MemoryUsage of job (MB)
	134644  -  ResidentSetSize of job (KB)
...
006 (11178184.015.000) 2023-07-26 21:18:02 Image size of job updated: 429828
	133  -  MemoryUsage of job (MB)
	135836  -  ResidentSetSize of job (KB)
...
040 (11178184.015.000) 2023-07-26 21:18:02 Started transferring output files
...
040 (11178184.015.000) 2023-07-26 21:18:02 Finished transferring output files
...
005 (11178184.015.000) 2023-07-26 21:18:02 Job terminated.
	(1) Normal termination (return value 0)
		Usr 0 00:04:31, Sys 0 00:00:02  -  Run Remote Usage
		Usr 0 00:00:00, Sys 0 00:00:00  -  Run Local Usage
		Usr 0 00:04:31, Sys 0 00:00:02  -  Total Remote Usage
		Usr 0 00:00:00, Sys 0 00:00:00  -  Total Local Usage
	57925  -  Run Bytes Sent By Job
	32726544  -  Run Bytes Received By Job
	57925  -  Total Bytes Sent By Job
	32726544  -  Total Bytes Received By Job
	Partitionable Resources :     Usage  Request Allocated 
	   Cpus                 :      0.97        1         1 
	   Disk (KB)            : 255233      524288   1208198 
	   IoHeavy              :                            0 
	   Memory (MB)          :    133         512       512 

	Job terminated of its own accord at 2023-07-27T02:18:02Z with exit-code 0.
...
