000 (11392341.002.000) 2023-08-03 09:09:59 Job submitted from host: <128.104.101.92:9618?addrs=128.104.101.92-9618+[2607-f388-107c-501-a236-9fff-fe3c-caa8]-9618&alias=submit2.chtc.wisc.edu&noUDP&sock=schedd_1879732_618e>
...
040 (11392341.002.000) 2023-08-03 09:10:24 Started transferring input files
	Transferring to host: <128.105.69.93:9618?addrs=128.105.69.93-9618+[2607-f388-2200-100-1270-fdff-fe56-ba3c]-9618&alias=e4004.chtc.wisc.edu&noUDP&sock=slot1_40_2078089_7172_65871>
...
040 (11392341.002.000) 2023-08-03 09:10:26 Finished transferring input files
...
001 (11392341.002.000) 2023-08-03 09:10:27 Job executing on host: <128.105.69.93:9618?addrs=128.105.69.93-9618+[2607-f388-2200-100-1270-fdff-fe56-ba3c]-9618&alias=e4004.chtc.wisc.edu&noUDP&sock=startd_13312_80d3>
	SlotName: slot1_40@e4004.chtc.wisc.edu
	CondorScratchDir = "/var/lib/condor/execute/slot1/dir_1221875"
	Cpus = 1
	Disk = 1268229
	IoHeavy = 0
	Memory = 512
...
006 (11392341.002.000) 2023-08-03 09:10:36 Image size of job updated: 277980
	254  -  MemoryUsage of job (MB)
	259828  -  ResidentSetSize of job (KB)
...
006 (11392341.002.000) 2023-08-03 09:15:36 Image size of job updated: 435288
	423  -  MemoryUsage of job (MB)
	433080  -  ResidentSetSize of job (KB)
...
040 (11392341.002.000) 2023-08-03 09:17:21 Started transferring output files
...
040 (11392341.002.000) 2023-08-03 09:17:21 Finished transferring output files
...
005 (11392341.002.000) 2023-08-03 09:17:21 Job terminated.
	(1) Normal termination (return value 0)
		Usr 0 00:06:43, Sys 0 00:00:03  -  Run Remote Usage
		Usr 0 00:00:00, Sys 0 00:00:00  -  Run Local Usage
		Usr 0 00:06:43, Sys 0 00:00:03  -  Total Remote Usage
		Usr 0 00:00:00, Sys 0 00:00:00  -  Total Local Usage
	56986  -  Run Bytes Sent By Job
	32727736  -  Run Bytes Received By Job
	56986  -  Total Bytes Sent By Job
	32727736  -  Total Bytes Received By Job
	Partitionable Resources :     Usage  Request Allocated 
	   Cpus                 :      0.99        1         1 
	   Disk (KB)            : 256384      524288   1268229 
	   IoHeavy              :                            0 
	   Memory (MB)          :    423         512       512 

	Job terminated of its own accord at 2023-08-03T14:17:21Z with exit-code 0.
...
