000 (11392261.099.000) 2023-08-02 21:08:53 Job submitted from host: <128.104.101.92:9618?addrs=128.104.101.92-9618+[2607-f388-107c-501-a236-9fff-fe3c-caa8]-9618&alias=submit2.chtc.wisc.edu&noUDP&sock=schedd_1879732_618e>
...
040 (11392261.099.000) 2023-08-02 21:10:12 Started transferring input files
	Transferring to host: <128.105.69.163:9618?addrs=128.105.69.163-9618+[2607-f388-2200-100-1270-fdff-fe56-c6f4]-9618&alias=e4096.chtc.wisc.edu&noUDP&sock=slot1_166_2295814_66e8_74367>
...
040 (11392261.099.000) 2023-08-02 21:10:17 Finished transferring input files
...
001 (11392261.099.000) 2023-08-02 21:10:18 Job executing on host: <128.105.69.163:9618?addrs=128.105.69.163-9618+[2607-f388-2200-100-1270-fdff-fe56-c6f4]-9618&alias=e4096.chtc.wisc.edu&noUDP&sock=startd_18840_405d>
	SlotName: slot1_166@e4096.chtc.wisc.edu
	CondorScratchDir = "/var/lib/condor/execute/slot1/dir_1217592"
	Cpus = 1
	Disk = 1208198
	IoHeavy = 0
	Memory = 512
...
006 (11392261.099.000) 2023-08-02 21:10:27 Image size of job updated: 181988
	178  -  MemoryUsage of job (MB)
	181988  -  ResidentSetSize of job (KB)
...
006 (11392261.099.000) 2023-08-02 21:14:03 Image size of job updated: 406552
	191  -  MemoryUsage of job (MB)
	195028  -  ResidentSetSize of job (KB)
...
040 (11392261.099.000) 2023-08-02 21:14:03 Started transferring output files
...
040 (11392261.099.000) 2023-08-02 21:14:03 Finished transferring output files
...
005 (11392261.099.000) 2023-08-02 21:14:03 Job terminated.
	(1) Normal termination (return value 0)
		Usr 0 00:03:26, Sys 0 00:00:11  -  Run Remote Usage
		Usr 0 00:00:00, Sys 0 00:00:00  -  Run Local Usage
		Usr 0 00:03:26, Sys 0 00:00:11  -  Total Remote Usage
		Usr 0 00:00:00, Sys 0 00:00:00  -  Total Local Usage
	58752  -  Run Bytes Sent By Job
	32727852  -  Run Bytes Received By Job
	58752  -  Total Bytes Sent By Job
	32727852  -  Total Bytes Received By Job
	Partitionable Resources :    Usage  Request Allocated 
	   Cpus                 :                 1         1 
	   Disk (KB)            :   255850   524288   1208198 
	   IoHeavy              :                           0 
	   Memory (MB)          :      191      512       512 

	Job terminated of its own accord at 2023-08-03T02:14:03Z with exit-code 0.
...
