000 (11392341.001.000) 2023-08-03 09:09:59 Job submitted from host: <128.104.101.92:9618?addrs=128.104.101.92-9618+[2607-f388-107c-501-a236-9fff-fe3c-caa8]-9618&alias=submit2.chtc.wisc.edu&noUDP&sock=schedd_1879732_618e>
...
040 (11392341.001.000) 2023-08-03 09:10:24 Started transferring input files
	Transferring to host: <128.105.69.225:9618?addrs=128.105.69.225-9618+[2607-f388-2200-100-eaeb-d3ff-fe40-112c]-9618&alias=e2608.chtc.wisc.edu&noUDP&sock=slot1_234_1600247_86cb_78210>
...
040 (11392341.001.000) 2023-08-03 09:10:32 Finished transferring input files
...
001 (11392341.001.000) 2023-08-03 09:10:33 Job executing on host: <128.105.69.225:9618?addrs=128.105.69.225-9618+[2607-f388-2200-100-eaeb-d3ff-fe40-112c]-9618&alias=e2608.chtc.wisc.edu&noUDP&sock=startd_18726_0e91>
	SlotName: slot1_234@e2608.chtc.wisc.edu
	CondorScratchDir = "/var/lib/condor/execute/slot1/dir_1925966"
	Cpus = 1
	Disk = 1458998
	IoHeavy = 0
	Memory = 512
...
006 (11392341.001.000) 2023-08-03 09:10:42 Image size of job updated: 245984
	241  -  MemoryUsage of job (MB)
	245984  -  ResidentSetSize of job (KB)
...
006 (11392341.001.000) 2023-08-03 09:15:43 Image size of job updated: 524288
	512  -  MemoryUsage of job (MB)
	524228  -  ResidentSetSize of job (KB)
...
040 (11392341.001.000) 2023-08-03 09:57:06 Started transferring output files
...
040 (11392341.001.000) 2023-08-03 09:57:06 Finished transferring output files
...
005 (11392341.001.000) 2023-08-03 09:57:07 Job terminated.
	(1) Normal termination (return value 0)
		Usr 0 00:45:34, Sys 0 00:00:24  -  Run Remote Usage
		Usr 0 00:00:00, Sys 0 00:00:00  -  Run Local Usage
		Usr 0 00:45:34, Sys 0 00:00:24  -  Total Remote Usage
		Usr 0 00:00:00, Sys 0 00:00:00  -  Total Local Usage
	56836  -  Run Bytes Sent By Job
	32727736  -  Run Bytes Received By Job
	56836  -  Total Bytes Sent By Job
	32727736  -  Total Bytes Received By Job
	Partitionable Resources :     Usage  Request Allocated 
	   Cpus                 :      0.99        1         1 
	   Disk (KB)            : 255810      524288   1458998 
	   IoHeavy              :                            0 
	   Memory (MB)          :    512         512       512 

	Job terminated of its own accord at 2023-08-03T14:57:06Z with exit-code 0.
...
