Installing packages into '/var/lib/condor/execute/slot1/dir_1163101/packages'
(as 'lib' is unspecified)
trying URL 'https://cloud.r-project.org/src/contrib/wbs_1.4.tar.gz'
Content type 'application/x-gzip' length 14147 bytes (13 KB)
==================================================
downloaded 13 KB

trying URL 'https://cloud.r-project.org/src/contrib/not_1.5.tar.gz'
Content type 'application/x-gzip' length 22949 bytes (22 KB)
==================================================
downloaded 22 KB

* installing *source* package 'wbs' ...
** package 'wbs' successfully unpacked and MD5 sums checked
** using staged installation
** libs
installing to /var/lib/condor/execute/slot1/dir_1163101/packages/00LOCK-wbs/00new/wbs/libs
** R
** byte-compile and prepare package for lazy loading
** help
*** installing help indices
** building package indices
** testing if installed package can be loaded from temporary location
** checking absolute paths in shared objects and dynamic libraries
** testing if installed package can be loaded from final location
** testing if installed package keeps a record of temporary installation path
* DONE (wbs)
* installing *source* package 'not' ...
** package 'not' successfully unpacked and MD5 sums checked
** using staged installation
** libs
installing to /var/lib/condor/execute/slot1/dir_1163101/packages/00LOCK-not/00new/not/libs
** R
** byte-compile and prepare package for lazy loading
** help
*** installing help indices
** building package indices
** testing if installed package can be loaded from temporary location
** checking absolute paths in shared objects and dynamic libraries
** testing if installed package can be loaded from final location
** testing if installed package keeps a record of temporary installation path
* DONE (not)

The downloaded source packages are in
	'/tmp/RtmpVU6a4M/downloaded_packages'

Attaching package: 'igraph'

The following objects are masked from 'package:stats':

    decompose, spectrum

The following object is masked from 'package:base':

    union

