000 (11392341.003.000) 2023-08-03 09:09:59 Job submitted from host: <128.104.101.92:9618?addrs=128.104.101.92-9618+[2607-f388-107c-501-a236-9fff-fe3c-caa8]-9618&alias=submit2.chtc.wisc.edu&noUDP&sock=schedd_1879732_618e>
...
040 (11392341.003.000) 2023-08-03 09:10:22 Started transferring input files
	Transferring to host: <128.105.69.177:9618?addrs=128.105.69.177-9618+[2607-f388-2200-100-1270-fdff-fe56-7684]-9618&alias=e2560.chtc.wisc.edu&noUDP&sock=slot1_73_3055978_b527_72684>
...
040 (11392341.003.000) 2023-08-03 09:10:24 Finished transferring input files
...
001 (11392341.003.000) 2023-08-03 09:10:26 Job executing on host: <128.105.69.177:9618?addrs=128.105.69.177-9618+[2607-f388-2200-100-1270-fdff-fe56-7684]-9618&alias=e2560.chtc.wisc.edu&noUDP&sock=startd_13864_211a>
	SlotName: slot1_73@e2560.chtc.wisc.edu
	CondorScratchDir = "/var/lib/condor/execute/slot1/dir_1867948"
	Cpus = 1
	Disk = 1208198
	IoHeavy = 0
	Memory = 512
...
006 (11392341.003.000) 2023-08-03 09:10:35 Image size of job updated: 276060
	131  -  MemoryUsage of job (MB)
	133976  -  ResidentSetSize of job (KB)
...
006 (11392341.003.000) 2023-08-03 09:15:36 Image size of job updated: 437668
	428  -  MemoryUsage of job (MB)
	437416  -  ResidentSetSize of job (KB)
...
006 (11392341.003.000) 2023-08-03 09:17:57 Image size of job updated: 438428
	428  -  MemoryUsage of job (MB)
	437416  -  ResidentSetSize of job (KB)
...
040 (11392341.003.000) 2023-08-03 09:17:57 Started transferring output files
...
040 (11392341.003.000) 2023-08-03 09:17:57 Finished transferring output files
...
005 (11392341.003.000) 2023-08-03 09:17:57 Job terminated.
	(1) Normal termination (return value 0)
		Usr 0 00:07:18, Sys 0 00:00:04  -  Run Remote Usage
		Usr 0 00:00:00, Sys 0 00:00:00  -  Run Local Usage
		Usr 0 00:07:18, Sys 0 00:00:04  -  Total Remote Usage
		Usr 0 00:00:00, Sys 0 00:00:00  -  Total Local Usage
	56959  -  Run Bytes Sent By Job
	32727736  -  Run Bytes Received By Job
	56959  -  Total Bytes Sent By Job
	32727736  -  Total Bytes Received By Job
	Partitionable Resources :     Usage  Request Allocated 
	   Cpus                 :      0.99        1         1 
	   Disk (KB)            : 255233      524288   1208198 
	   IoHeavy              :                            0 
	   Memory (MB)          :    428         512       512 

	Job terminated of its own accord at 2023-08-03T14:17:57Z with exit-code 0.
...
