000 (11143209.038.000) 2023-07-20 21:06:51 Job submitted from host: <128.104.101.92:9618?addrs=128.104.101.92-9618+[2607-f388-107c-501-a236-9fff-fe3c-caa8]-9618&alias=submit2.chtc.wisc.edu&noUDP&sock=schedd_1879732_618e>
...
040 (11143209.038.000) 2023-07-20 21:08:23 Started transferring input files
	Transferring to host: <128.105.69.187:9618?addrs=128.105.69.187-9618+[2607-f388-2200-100-1270-fdff-fe56-b86c]-9618&alias=e4039.chtc.wisc.edu&noUDP&sock=slot1_165_3589331_2540_27515>
...
040 (11143209.038.000) 2023-07-20 21:08:47 Finished transferring input files
...
001 (11143209.038.000) 2023-07-20 21:08:48 Job executing on host: <128.105.69.187:9618?addrs=128.105.69.187-9618+[2607-f388-2200-100-1270-fdff-fe56-b86c]-9618&alias=e4039.chtc.wisc.edu&noUDP&sock=startd_15786_7621>
	SlotName: slot1_165@e4039.chtc.wisc.edu
	CondorScratchDir = "/var/lib/condor/execute/slot1/dir_4084220"
	Cpus = 1
	Disk = 1208198
	IoHeavy = 0
	Memory = 512
...
006 (11143209.038.000) 2023-07-20 21:08:56 Image size of job updated: 416560
	358  -  MemoryUsage of job (MB)
	366544  -  ResidentSetSize of job (KB)
...
006 (11143209.038.000) 2023-07-20 21:12:06 Image size of job updated: 524288
	363  -  MemoryUsage of job (MB)
	371492  -  ResidentSetSize of job (KB)
...
040 (11143209.038.000) 2023-07-20 21:12:06 Started transferring output files
...
040 (11143209.038.000) 2023-07-20 21:12:06 Finished transferring output files
...
005 (11143209.038.000) 2023-07-20 21:12:06 Job terminated.
	(1) Normal termination (return value 0)
		Usr 0 00:03:09, Sys 0 00:00:05  -  Run Remote Usage
		Usr 0 00:00:00, Sys 0 00:00:00  -  Run Local Usage
		Usr 0 00:03:09, Sys 0 00:00:05  -  Total Remote Usage
		Usr 0 00:00:00, Sys 0 00:00:00  -  Total Local Usage
	57160  -  Run Bytes Sent By Job
	32725816  -  Run Bytes Received By Job
	57160  -  Total Bytes Sent By Job
	32725816  -  Total Bytes Received By Job
	Partitionable Resources :     Usage  Request Allocated 
	   Cpus                 :      0.81        1         1 
	   Disk (KB)            : 256164      524288   1208198 
	   IoHeavy              :                            0 
	   Memory (MB)          :    363         512       512 

	Job terminated of its own accord at 2023-07-21T02:12:06Z with exit-code 0.
...
