000 (11139883.072.000) 2023-07-20 06:17:26 Job submitted from host: <128.104.101.92:9618?addrs=128.104.101.92-9618+[2607-f388-107c-501-a236-9fff-fe3c-caa8]-9618&alias=submit2.chtc.wisc.edu&noUDP&sock=schedd_1879732_618e>
...
040 (11139883.072.000) 2023-07-20 06:20:45 Started transferring input files
	Transferring to host: <128.105.69.97:9618?addrs=128.105.69.97-9618+[2607-f388-2200-100-1270-fdff-fe56-6e54]-9618&alias=e4008.chtc.wisc.edu&noUDP&sock=slot1_3_2951577_c232_16896>
...
040 (11139883.072.000) 2023-07-20 06:20:47 Finished transferring input files
...
001 (11139883.072.000) 2023-07-20 06:20:48 Job executing on host: <128.105.69.97:9618?addrs=128.105.69.97-9618+[2607-f388-2200-100-1270-fdff-fe56-6e54]-9618&alias=e4008.chtc.wisc.edu&noUDP&sock=startd_813426_2817>
	SlotName: slot1_3@e4008.chtc.wisc.edu
	CondorScratchDir = "/var/lib/condor/execute/slot1/dir_2893328"
	Cpus = 1
	Disk = 1208198
	IoHeavy = 0
	Memory = 512
...
006 (11139883.072.000) 2023-07-20 06:20:56 Image size of job updated: 467656
	457  -  MemoryUsage of job (MB)
	467372  -  ResidentSetSize of job (KB)
...
006 (11139883.072.000) 2023-07-20 06:25:56 Image size of job updated: 524288
	476  -  MemoryUsage of job (MB)
	486572  -  ResidentSetSize of job (KB)
...
006 (11139883.072.000) 2023-07-20 06:51:00 Image size of job updated: 524288
	478  -  MemoryUsage of job (MB)
	488872  -  ResidentSetSize of job (KB)
...
006 (11139883.072.000) 2023-07-20 06:56:00 Image size of job updated: 524288
	504  -  MemoryUsage of job (MB)
	515528  -  ResidentSetSize of job (KB)
...
040 (11139883.072.000) 2023-07-20 08:26:59 Started transferring output files
...
040 (11139883.072.000) 2023-07-20 08:26:59 Finished transferring output files
...
005 (11139883.072.000) 2023-07-20 08:26:59 Job terminated.
	(1) Normal termination (return value 0)
		Usr 0 02:04:06, Sys 0 00:00:45  -  Run Remote Usage
		Usr 0 00:00:00, Sys 0 00:00:00  -  Run Local Usage
		Usr 0 02:04:06, Sys 0 00:00:45  -  Total Remote Usage
		Usr 0 00:00:00, Sys 0 00:00:00  -  Total Local Usage
	57866  -  Run Bytes Sent By Job
	32725918  -  Run Bytes Received By Job
	57866  -  Total Bytes Sent By Job
	32725918  -  Total Bytes Received By Job
	Partitionable Resources :     Usage  Request Allocated 
	   Cpus                 :      0.99        1         1 
	   Disk (KB)            : 255232      524288   1208198 
	   IoHeavy              :                            0 
	   Memory (MB)          :    504         512       512 

	Job terminated of its own accord at 2023-07-20T13:26:59Z with exit-code 0.
...
