000 (11139883.093.000) 2023-07-20 06:17:26 Job submitted from host: <128.104.101.92:9618?addrs=128.104.101.92-9618+[2607-f388-107c-501-a236-9fff-fe3c-caa8]-9618&alias=submit2.chtc.wisc.edu&noUDP&sock=schedd_1879732_618e>
...
040 (11139883.093.000) 2023-07-20 06:20:46 Started transferring input files
	Transferring to host: <128.105.69.110:9618?addrs=128.105.69.110-9618+[2607-f388-2200-100-1270-fdff-fe56-cf24]-9618&alias=e4059.chtc.wisc.edu&noUDP&sock=slot1_79_1482006_0ba2_29147>
...
040 (11139883.093.000) 2023-07-20 06:20:49 Finished transferring input files
...
001 (11139883.093.000) 2023-07-20 06:20:50 Job executing on host: <128.105.69.110:9618?addrs=128.105.69.110-9618+[2607-f388-2200-100-1270-fdff-fe56-cf24]-9618&alias=e4059.chtc.wisc.edu&noUDP&sock=startd_17053_84a0>
	SlotName: slot1_79@e4059.chtc.wisc.edu
	CondorScratchDir = "/var/lib/condor/execute/slot1/dir_172178"
	Cpus = 1
	Disk = 1208198
	IoHeavy = 0
	Memory = 512
...
006 (11139883.093.000) 2023-07-20 06:20:59 Image size of job updated: 524288
	485  -  MemoryUsage of job (MB)
	496240  -  ResidentSetSize of job (KB)
...
006 (11139883.093.000) 2023-07-20 06:41:01 Image size of job updated: 524288
	491  -  MemoryUsage of job (MB)
	501936  -  ResidentSetSize of job (KB)
...
006 (11139883.093.000) 2023-07-20 06:51:01 Image size of job updated: 524288
	502  -  MemoryUsage of job (MB)
	513540  -  ResidentSetSize of job (KB)
...
040 (11139883.093.000) 2023-07-20 07:31:07 Started transferring output files
...
040 (11139883.093.000) 2023-07-20 07:31:07 Finished transferring output files
...
005 (11139883.093.000) 2023-07-20 07:31:07 Job terminated.
	(1) Normal termination (return value 0)
		Usr 0 01:08:59, Sys 0 00:00:33  -  Run Remote Usage
		Usr 0 00:00:00, Sys 0 00:00:00  -  Run Local Usage
		Usr 0 01:08:59, Sys 0 00:00:33  -  Total Remote Usage
		Usr 0 00:00:00, Sys 0 00:00:00  -  Total Local Usage
	57807  -  Run Bytes Sent By Job
	32725918  -  Run Bytes Received By Job
	57807  -  Total Bytes Sent By Job
	32725918  -  Total Bytes Received By Job
	Partitionable Resources :     Usage  Request Allocated 
	   Cpus                 :      0.99        1         1 
	   Disk (KB)            : 255232      524288   1208198 
	   IoHeavy              :                            0 
	   Memory (MB)          :    502         512       512 

	Job terminated of its own accord at 2023-07-20T12:31:07Z with exit-code 0.
...
