000 (11933708.044.000) 2023-08-14 03:20:36 Job submitted from host: <128.104.101.92:9618?addrs=128.104.101.92-9618+[2607-f388-107c-501-a236-9fff-fe3c-caa8]-9618&alias=submit2.chtc.wisc.edu&noUDP&sock=schedd_1879732_618e>
...
040 (11933708.044.000) 2023-08-14 03:26:45 Started transferring input files
	Transferring to host: <128.105.69.167:9618?addrs=128.105.69.167-9618+[2607-f388-2200-100-1270-fdff-fe56-686c]-9618&alias=e2550.chtc.wisc.edu&noUDP&sock=slot1_68_1133814_4853_117831>
...
040 (11933708.044.000) 2023-08-14 03:26:47 Finished transferring input files
...
001 (11933708.044.000) 2023-08-14 03:26:48 Job executing on host: <128.105.69.167:9618?addrs=128.105.69.167-9618+[2607-f388-2200-100-1270-fdff-fe56-686c]-9618&alias=e2550.chtc.wisc.edu&noUDP&sock=startd_13345_2373>
	SlotName: slot1_68@e2550.chtc.wisc.edu
	CondorScratchDir = "/var/lib/condor/execute/slot1/dir_1396889"
	Cpus = 1
	Disk = 1208198
	IoHeavy = 0
	Memory = 512
...
006 (11933708.044.000) 2023-08-14 03:26:57 Image size of job updated: 478124
	455  -  MemoryUsage of job (MB)
	465468  -  ResidentSetSize of job (KB)
...
006 (11933708.044.000) 2023-08-14 03:27:43 Image size of job updated: 519592
	455  -  MemoryUsage of job (MB)
	465468  -  ResidentSetSize of job (KB)
...
040 (11933708.044.000) 2023-08-14 03:27:43 Started transferring output files
...
040 (11933708.044.000) 2023-08-14 03:27:43 Finished transferring output files
...
005 (11933708.044.000) 2023-08-14 03:27:43 Job terminated.
	(1) Normal termination (return value 0)
		Usr 0 00:00:51, Sys 0 00:00:01  -  Run Remote Usage
		Usr 0 00:00:00, Sys 0 00:00:00  -  Run Local Usage
		Usr 0 00:00:51, Sys 0 00:00:01  -  Total Remote Usage
		Usr 0 00:00:00, Sys 0 00:00:00  -  Total Local Usage
	5894  -  Run Bytes Sent By Job
	35628052  -  Run Bytes Received By Job
	5894  -  Total Bytes Sent By Job
	35628052  -  Total Bytes Received By Job
	Partitionable Resources :    Usage  Request Allocated 
	   Cpus                 :                 1         1 
	   Disk (KB)            :   257759   524288   1208198 
	   IoHeavy              :                           0 
	   Memory (MB)          :      455      512       512 

	Job terminated of its own accord at 2023-08-14T08:27:43Z with exit-code 0.
...
