000 (11922361.070.000) 2023-08-13 21:26:14 Job submitted from host: <128.104.101.92:9618?addrs=128.104.101.92-9618+[2607-f388-107c-501-a236-9fff-fe3c-caa8]-9618&alias=submit2.chtc.wisc.edu&noUDP&sock=schedd_1879732_618e>
...
040 (11922361.070.000) 2023-08-13 21:27:26 Started transferring input files
	Transferring to host: <128.105.69.217:9618?addrs=128.105.69.217-9618&alias=e2600.chtc.wisc.edu&noUDP&sock=slot1_4_2971346_ceb6_124286>
...
040 (11922361.070.000) 2023-08-13 21:27:29 Finished transferring input files
...
001 (11922361.070.000) 2023-08-13 21:27:30 Job executing on host: <128.105.69.217:9618?addrs=128.105.69.217-9618&alias=e2600.chtc.wisc.edu&noUDP&sock=startd_19081_8eb0>
	SlotName: slot1_4@e2600.chtc.wisc.edu
	CondorScratchDir = "/var/lib/condor/execute/slot1/dir_1087742"
	Cpus = 1
	Disk = 1458998
	IoHeavy = 0
	Memory = 512
...
006 (11922361.070.000) 2023-08-13 21:27:39 Image size of job updated: 511964
	458  -  MemoryUsage of job (MB)
	468620  -  ResidentSetSize of job (KB)
...
006 (11922361.070.000) 2023-08-13 21:27:52 Image size of job updated: 524288
	462  -  MemoryUsage of job (MB)
	472460  -  ResidentSetSize of job (KB)
...
040 (11922361.070.000) 2023-08-13 21:27:52 Started transferring output files
...
040 (11922361.070.000) 2023-08-13 21:27:52 Finished transferring output files
...
005 (11922361.070.000) 2023-08-13 21:27:52 Job terminated.
	(1) Normal termination (return value 0)
		Usr 0 00:00:19, Sys 0 00:00:00  -  Run Remote Usage
		Usr 0 00:00:00, Sys 0 00:00:00  -  Run Local Usage
		Usr 0 00:00:19, Sys 0 00:00:00  -  Total Remote Usage
		Usr 0 00:00:00, Sys 0 00:00:00  -  Total Local Usage
	5899  -  Run Bytes Sent By Job
	35628456  -  Run Bytes Received By Job
	5899  -  Total Bytes Sent By Job
	35628456  -  Total Bytes Received By Job
	Partitionable Resources :     Usage  Request Allocated 
	   Cpus                 :      1.00        1         1 
	   Disk (KB)            : 257767      524288   1458998 
	   IoHeavy              :                            0 
	   Memory (MB)          :    462         512       512 

	Job terminated of its own accord at 2023-08-14T02:27:52Z with exit-code 0.
...
