000 (11922357.055.000) 2023-08-13 20:46:22 Job submitted from host: <128.104.101.92:9618?addrs=128.104.101.92-9618+[2607-f388-107c-501-a236-9fff-fe3c-caa8]-9618&alias=submit2.chtc.wisc.edu&noUDP&sock=schedd_1879732_618e>
...
040 (11922357.055.000) 2023-08-13 20:47:29 Started transferring input files
	Transferring to host: <128.105.69.221:9618?addrs=128.105.69.221-9618+[2607-f388-2200-100-eaeb-d3ff-fe40-2304]-9618&alias=e2604.chtc.wisc.edu&noUDP&sock=slot1_18_4039286_25d9_126202>
...
040 (11922357.055.000) 2023-08-13 20:47:31 Finished transferring input files
...
001 (11922357.055.000) 2023-08-13 20:47:32 Job executing on host: <128.105.69.221:9618?addrs=128.105.69.221-9618+[2607-f388-2200-100-eaeb-d3ff-fe40-2304]-9618&alias=e2604.chtc.wisc.edu&noUDP&sock=startd_18650_ed5f>
	SlotName: slot1_18@e2604.chtc.wisc.edu
	CondorScratchDir = "/var/lib/condor/execute/slot1/dir_595170"
	Cpus = 1
	Disk = 1458998
	IoHeavy = 0
	Memory = 512
...
006 (11922357.055.000) 2023-08-13 20:47:40 Image size of job updated: 524288
	497  -  MemoryUsage of job (MB)
	508268  -  ResidentSetSize of job (KB)
...
040 (11922357.055.000) 2023-08-13 20:48:10 Started transferring output files
...
040 (11922357.055.000) 2023-08-13 20:48:10 Finished transferring output files
...
005 (11922357.055.000) 2023-08-13 20:48:11 Job terminated.
	(1) Normal termination (return value 0)
		Usr 0 00:00:36, Sys 0 00:00:00  -  Run Remote Usage
		Usr 0 00:00:00, Sys 0 00:00:00  -  Run Local Usage
		Usr 0 00:00:36, Sys 0 00:00:00  -  Total Remote Usage
		Usr 0 00:00:00, Sys 0 00:00:00  -  Total Local Usage
	5893  -  Run Bytes Sent By Job
	35628504  -  Run Bytes Received By Job
	5893  -  Total Bytes Sent By Job
	35628504  -  Total Bytes Received By Job
	Partitionable Resources :    Usage  Request Allocated 
	   Cpus                 :                 1         1 
	   Disk (KB)            :   257759   524288   1458998 
	   IoHeavy              :                           0 
	   Memory (MB)          :      497      512       512 

	Job terminated of its own accord at 2023-08-14T01:48:10Z with exit-code 0.
...
