000 (11933708.027.000) 2023-08-14 03:20:36 Job submitted from host: <128.104.101.92:9618?addrs=128.104.101.92-9618+[2607-f388-107c-501-a236-9fff-fe3c-caa8]-9618&alias=submit2.chtc.wisc.edu&noUDP&sock=schedd_1879732_618e>
...
040 (11933708.027.000) 2023-08-14 03:25:52 Started transferring input files
	Transferring to host: <128.105.69.96:9618?addrs=128.105.69.96-9618+[2607-f388-2200-100-1270-fdff-fe56-c75c]-9618&alias=e4007.chtc.wisc.edu&noUDP&sock=slot1_35_3191673_1c55_115709>
...
040 (11933708.027.000) 2023-08-14 03:25:53 Finished transferring input files
...
001 (11933708.027.000) 2023-08-14 03:25:54 Job executing on host: <128.105.69.96:9618?addrs=128.105.69.96-9618+[2607-f388-2200-100-1270-fdff-fe56-c75c]-9618&alias=e4007.chtc.wisc.edu&noUDP&sock=startd_15642_b07e>
	SlotName: slot1_35@e4007.chtc.wisc.edu
	CondorScratchDir = "/var/lib/condor/execute/slot1/dir_2376962"
	Cpus = 1
	Disk = 1208198
	IoHeavy = 0
	Memory = 512
...
006 (11933708.027.000) 2023-08-14 03:26:03 Image size of job updated: 524292
	491  -  MemoryUsage of job (MB)
	501808  -  ResidentSetSize of job (KB)
...
040 (11933708.027.000) 2023-08-14 03:27:25 Started transferring output files
...
040 (11933708.027.000) 2023-08-14 03:27:25 Finished transferring output files
...
005 (11933708.027.000) 2023-08-14 03:27:26 Job terminated.
	(1) Normal termination (return value 0)
		Usr 0 00:01:27, Sys 0 00:00:02  -  Run Remote Usage
		Usr 0 00:00:00, Sys 0 00:00:00  -  Run Local Usage
		Usr 0 00:01:27, Sys 0 00:00:02  -  Total Remote Usage
		Usr 0 00:00:00, Sys 0 00:00:00  -  Total Local Usage
	5830  -  Run Bytes Sent By Job
	35628052  -  Run Bytes Received By Job
	5830  -  Total Bytes Sent By Job
	35628052  -  Total Bytes Received By Job
	Partitionable Resources :     Usage  Request Allocated 
	   Cpus                 :      0.99        1         1 
	   Disk (KB)            : 257767      524288   1208198 
	   IoHeavy              :                            0 
	   Memory (MB)          :    491         512       512 

	Job terminated of its own accord at 2023-08-14T08:27:25Z with exit-code 0.
...
