000 (11930207.058.000) 2023-08-14 02:57:22 Job submitted from host: <128.104.101.92:9618?addrs=128.104.101.92-9618+[2607-f388-107c-501-a236-9fff-fe3c-caa8]-9618&alias=submit2.chtc.wisc.edu&noUDP&sock=schedd_1879732_618e>
...
040 (11930207.058.000) 2023-08-14 02:58:09 Started transferring input files
	Transferring to host: <128.105.69.222:9618?addrs=128.105.69.222-9618+[2607-f388-2200-100-eaeb-d3ff-fe40-1d3c]-9618&alias=e2605.chtc.wisc.edu&noUDP&sock=slot1_10_2354722_6ac3_116608>
...
040 (11930207.058.000) 2023-08-14 02:58:10 Finished transferring input files
...
001 (11930207.058.000) 2023-08-14 02:58:11 Job executing on host: <128.105.69.222:9618?addrs=128.105.69.222-9618+[2607-f388-2200-100-eaeb-d3ff-fe40-1d3c]-9618&alias=e2605.chtc.wisc.edu&noUDP&sock=startd_11791_3947>
	SlotName: slot1_10@e2605.chtc.wisc.edu
	CondorScratchDir = "/var/lib/condor/execute/slot1/dir_4140400"
	Cpus = 1
	Disk = 1458998
	IoHeavy = 0
	Memory = 512
...
006 (11930207.058.000) 2023-08-14 02:58:20 Image size of job updated: 524288
	489  -  MemoryUsage of job (MB)
	500360  -  ResidentSetSize of job (KB)
...
006 (11930207.058.000) 2023-08-14 02:58:47 Image size of job updated: 524288
	506  -  MemoryUsage of job (MB)
	517256  -  ResidentSetSize of job (KB)
...
040 (11930207.058.000) 2023-08-14 02:58:47 Started transferring output files
...
040 (11930207.058.000) 2023-08-14 02:58:47 Finished transferring output files
...
005 (11930207.058.000) 2023-08-14 02:58:47 Job terminated.
	(1) Normal termination (return value 0)
		Usr 0 00:00:33, Sys 0 00:00:00  -  Run Remote Usage
		Usr 0 00:00:00, Sys 0 00:00:00  -  Run Local Usage
		Usr 0 00:00:33, Sys 0 00:00:00  -  Total Remote Usage
		Usr 0 00:00:00, Sys 0 00:00:00  -  Total Local Usage
	5822  -  Run Bytes Sent By Job
	35628108  -  Run Bytes Received By Job
	5822  -  Total Bytes Sent By Job
	35628108  -  Total Bytes Received By Job
	Partitionable Resources :    Usage  Request Allocated 
	   Cpus                 :                 1         1 
	   Disk (KB)            :   257759   524288   1458998 
	   IoHeavy              :                           0 
	   Memory (MB)          :      506      512       512 

	Job terminated of its own accord at 2023-08-14T07:58:47Z with exit-code 0.
...
