000 (11930207.041.000) 2023-08-14 02:57:22 Job submitted from host: <128.104.101.92:9618?addrs=128.104.101.92-9618+[2607-f388-107c-501-a236-9fff-fe3c-caa8]-9618&alias=submit2.chtc.wisc.edu&noUDP&sock=schedd_1879732_618e>
...
040 (11930207.041.000) 2023-08-14 02:57:57 Started transferring input files
	Transferring to host: <128.105.69.136:9618?addrs=128.105.69.136-9618+[2607-f388-2200-100-1270-fdff-fe56-c8dc]-9618&alias=e4041.chtc.wisc.edu&noUDP&sock=slot1_21_1608905_deeb_114348>
...
040 (11930207.041.000) 2023-08-14 02:57:59 Finished transferring input files
...
001 (11930207.041.000) 2023-08-14 02:58:00 Job executing on host: <128.105.69.136:9618?addrs=128.105.69.136-9618+[2607-f388-2200-100-1270-fdff-fe56-c8dc]-9618&alias=e4041.chtc.wisc.edu&noUDP&sock=startd_15863_46ec>
	SlotName: slot1_21@e4041.chtc.wisc.edu
	CondorScratchDir = "/var/lib/condor/execute/slot1/dir_1563713"
	Cpus = 1
	Disk = 1208198
	IoHeavy = 0
	Memory = 512
...
006 (11930207.041.000) 2023-08-14 02:58:09 Image size of job updated: 524288
	478  -  MemoryUsage of job (MB)
	488664  -  ResidentSetSize of job (KB)
...
006 (11930207.041.000) 2023-08-14 02:59:32 Image size of job updated: 524288
	490  -  MemoryUsage of job (MB)
	501720  -  ResidentSetSize of job (KB)
...
040 (11930207.041.000) 2023-08-14 02:59:32 Started transferring output files
...
040 (11930207.041.000) 2023-08-14 02:59:32 Finished transferring output files
...
005 (11930207.041.000) 2023-08-14 02:59:32 Job terminated.
	(1) Normal termination (return value 0)
		Usr 0 00:01:27, Sys 0 00:00:01  -  Run Remote Usage
		Usr 0 00:00:00, Sys 0 00:00:00  -  Run Local Usage
		Usr 0 00:01:27, Sys 0 00:00:01  -  Total Remote Usage
		Usr 0 00:00:00, Sys 0 00:00:00  -  Total Local Usage
	5900  -  Run Bytes Sent By Job
	35628108  -  Run Bytes Received By Job
	5900  -  Total Bytes Sent By Job
	35628108  -  Total Bytes Received By Job
	Partitionable Resources :    Usage  Request Allocated 
	   Cpus                 :                 1         1 
	   Disk (KB)            :   257758   524288   1208198 
	   IoHeavy              :                           0 
	   Memory (MB)          :      490      512       512 

	Job terminated of its own accord at 2023-08-14T07:59:32Z with exit-code 0.
...
