000 (11922362.075.000) 2023-08-13 21:33:16 Job submitted from host: <128.104.101.92:9618?addrs=128.104.101.92-9618+[2607-f388-107c-501-a236-9fff-fe3c-caa8]-9618&alias=submit2.chtc.wisc.edu&noUDP&sock=schedd_1879732_618e>
...
040 (11922362.075.000) 2023-08-13 21:34:29 Started transferring input files
	Transferring to host: <128.105.69.214:9618?addrs=128.105.69.214-9618+[2607-f388-2200-100-eaeb-d3ff-fe3f-fbf4]-9618&alias=e2597.chtc.wisc.edu&noUDP&sock=slot1_17_4076455_1221_126353>
...
040 (11922362.075.000) 2023-08-13 21:34:31 Finished transferring input files
...
001 (11922362.075.000) 2023-08-13 21:34:32 Job executing on host: <128.105.69.214:9618?addrs=128.105.69.214-9618+[2607-f388-2200-100-eaeb-d3ff-fe3f-fbf4]-9618&alias=e2597.chtc.wisc.edu&noUDP&sock=startd_18862_5773>
	SlotName: slot1_17@e2597.chtc.wisc.edu
	CondorScratchDir = "/var/lib/condor/execute/slot1/dir_1634571"
	Cpus = 1
	Disk = 1458998
	IoHeavy = 0
	Memory = 512
...
006 (11922362.075.000) 2023-08-13 21:34:40 Image size of job updated: 516676
	496  -  MemoryUsage of job (MB)
	507132  -  ResidentSetSize of job (KB)
...
006 (11922362.075.000) 2023-08-13 21:34:43 Image size of job updated: 517532
	496  -  MemoryUsage of job (MB)
	507132  -  ResidentSetSize of job (KB)
...
040 (11922362.075.000) 2023-08-13 21:34:43 Started transferring output files
...
040 (11922362.075.000) 2023-08-13 21:34:43 Finished transferring output files
...
005 (11922362.075.000) 2023-08-13 21:34:43 Job terminated.
	(1) Normal termination (return value 0)
		Usr 0 00:00:10, Sys 0 00:00:00  -  Run Remote Usage
		Usr 0 00:00:00, Sys 0 00:00:00  -  Run Local Usage
		Usr 0 00:00:10, Sys 0 00:00:00  -  Total Remote Usage
		Usr 0 00:00:00, Sys 0 00:00:00  -  Total Local Usage
	5613  -  Run Bytes Sent By Job
	35628408  -  Run Bytes Received By Job
	5613  -  Total Bytes Sent By Job
	35628408  -  Total Bytes Received By Job
	Partitionable Resources :    Usage  Request Allocated 
	   Cpus                 :                 1         1 
	   Disk (KB)            :   257758   524288   1458998 
	   IoHeavy              :                           0 
	   Memory (MB)          :      496      512       512 

	Job terminated of its own accord at 2023-08-14T02:34:43Z with exit-code 0.
...
