000 (11930207.032.000) 2023-08-14 02:57:22 Job submitted from host: <128.104.101.92:9618?addrs=128.104.101.92-9618+[2607-f388-107c-501-a236-9fff-fe3c-caa8]-9618&alias=submit2.chtc.wisc.edu&noUDP&sock=schedd_1879732_618e>
...
040 (11930207.032.000) 2023-08-14 02:57:56 Started transferring input files
	Transferring to host: <128.105.69.123:9618?addrs=128.105.69.123-9618+[2607-f388-2200-100-1270-fdff-fe56-7324]-9618&alias=e4072.chtc.wisc.edu&noUDP&sock=slot1_32_1822831_1726_117734>
...
040 (11930207.032.000) 2023-08-14 02:57:58 Finished transferring input files
...
001 (11930207.032.000) 2023-08-14 02:57:59 Job executing on host: <128.105.69.123:9618?addrs=128.105.69.123-9618+[2607-f388-2200-100-1270-fdff-fe56-7324]-9618&alias=e4072.chtc.wisc.edu&noUDP&sock=startd_17358_b902>
	SlotName: slot1_32@e4072.chtc.wisc.edu
	CondorScratchDir = "/var/lib/condor/execute/slot1/dir_383076"
	Cpus = 1
	Disk = 1208198
	IoHeavy = 0
	Memory = 512
...
006 (11930207.032.000) 2023-08-14 02:58:08 Image size of job updated: 524292
	512  -  MemoryUsage of job (MB)
	524200  -  ResidentSetSize of job (KB)
...
040 (11930207.032.000) 2023-08-14 02:59:40 Started transferring output files
...
040 (11930207.032.000) 2023-08-14 02:59:40 Finished transferring output files
...
005 (11930207.032.000) 2023-08-14 02:59:41 Job terminated.
	(1) Normal termination (return value 0)
		Usr 0 00:01:37, Sys 0 00:00:01  -  Run Remote Usage
		Usr 0 00:00:00, Sys 0 00:00:00  -  Run Local Usage
		Usr 0 00:01:37, Sys 0 00:00:01  -  Total Remote Usage
		Usr 0 00:00:00, Sys 0 00:00:00  -  Total Local Usage
	5898  -  Run Bytes Sent By Job
	35628108  -  Run Bytes Received By Job
	5898  -  Total Bytes Sent By Job
	35628108  -  Total Bytes Received By Job
	Partitionable Resources :     Usage  Request Allocated 
	   Cpus                 :      0.98        1         1 
	   Disk (KB)            : 257767      524288   1208198 
	   IoHeavy              :                            0 
	   Memory (MB)          :    512         512       512 

	Job terminated of its own accord at 2023-08-14T07:59:40Z with exit-code 0.
...
