000 (11922361.024.000) 2023-08-13 21:26:14 Job submitted from host: <128.104.101.92:9618?addrs=128.104.101.92-9618+[2607-f388-107c-501-a236-9fff-fe3c-caa8]-9618&alias=submit2.chtc.wisc.edu&noUDP&sock=schedd_1879732_618e>
...
040 (11922361.024.000) 2023-08-13 21:27:23 Started transferring input files
	Transferring to host: <128.105.69.89:9618?addrs=128.105.69.89-9618+[2607-f388-2200-100-1270-fdff-fe56-41cc]-9618&alias=build4000.chtc.wisc.edu&noUDP&sock=slot3_7_2515835_19bb_110447>
...
040 (11922361.024.000) 2023-08-13 21:27:24 Finished transferring input files
...
001 (11922361.024.000) 2023-08-13 21:27:25 Job executing on host: <128.105.69.89:9618?addrs=128.105.69.89-9618+[2607-f388-2200-100-1270-fdff-fe56-41cc]-9618&alias=build4000.chtc.wisc.edu&noUDP&sock=startd_16084_dd5a>
	SlotName: slot3_7@build4000.chtc.wisc.edu
	CondorScratchDir = "/var/lib/condor/execute/slot3/dir_520465"
	Cpus = 1
	Disk = 1208198
	IoHeavy = 0
	Memory = 512
...
006 (11922361.024.000) 2023-08-13 21:27:34 Image size of job updated: 524288
	467  -  MemoryUsage of job (MB)
	477812  -  ResidentSetSize of job (KB)
...
040 (11922361.024.000) 2023-08-13 21:28:28 Started transferring output files
...
040 (11922361.024.000) 2023-08-13 21:28:28 Finished transferring output files
...
005 (11922361.024.000) 2023-08-13 21:28:28 Job terminated.
	(1) Normal termination (return value 0)
		Usr 0 00:01:00, Sys 0 00:00:01  -  Run Remote Usage
		Usr 0 00:00:00, Sys 0 00:00:00  -  Run Local Usage
		Usr 0 00:01:00, Sys 0 00:00:01  -  Total Remote Usage
		Usr 0 00:00:00, Sys 0 00:00:00  -  Total Local Usage
	5835  -  Run Bytes Sent By Job
	35628456  -  Run Bytes Received By Job
	5835  -  Total Bytes Sent By Job
	35628456  -  Total Bytes Received By Job
	Partitionable Resources :    Usage  Request Allocated 
	   Cpus                 :                 1         1 
	   Disk (KB)            :   257759   524288   1208198 
	   IoHeavy              :                           0 
	   Memory (MB)          :      467      512       512 

	Job terminated of its own accord at 2023-08-14T02:28:28Z with exit-code 0.
...
