000 (11922357.078.000) 2023-08-13 20:46:22 Job submitted from host: <128.104.101.92:9618?addrs=128.104.101.92-9618+[2607-f388-107c-501-a236-9fff-fe3c-caa8]-9618&alias=submit2.chtc.wisc.edu&noUDP&sock=schedd_1879732_618e>
...
040 (11922357.078.000) 2023-08-13 20:47:31 Started transferring input files
	Transferring to host: <128.105.69.225:9618?addrs=128.105.69.225-9618+[2607-f388-2200-100-eaeb-d3ff-fe40-112c]-9618&alias=e2608.chtc.wisc.edu&noUDP&sock=slot1_9_1600247_86cb_120810>
...
040 (11922357.078.000) 2023-08-13 20:47:33 Finished transferring input files
...
001 (11922357.078.000) 2023-08-13 20:47:34 Job executing on host: <128.105.69.225:9618?addrs=128.105.69.225-9618+[2607-f388-2200-100-eaeb-d3ff-fe40-112c]-9618&alias=e2608.chtc.wisc.edu&noUDP&sock=startd_18726_0e91>
	SlotName: slot1_9@e2608.chtc.wisc.edu
	CondorScratchDir = "/var/lib/condor/execute/slot1/dir_1089599"
	Cpus = 1
	Disk = 1458998
	IoHeavy = 0
	Memory = 512
...
006 (11922357.078.000) 2023-08-13 20:47:43 Image size of job updated: 524288
	492  -  MemoryUsage of job (MB)
	503204  -  ResidentSetSize of job (KB)
...
040 (11922357.078.000) 2023-08-13 20:48:04 Started transferring output files
...
040 (11922357.078.000) 2023-08-13 20:48:04 Finished transferring output files
...
005 (11922357.078.000) 2023-08-13 20:48:04 Job terminated.
	(1) Normal termination (return value 0)
		Usr 0 00:00:28, Sys 0 00:00:01  -  Run Remote Usage
		Usr 0 00:00:00, Sys 0 00:00:00  -  Run Local Usage
		Usr 0 00:00:28, Sys 0 00:00:01  -  Total Remote Usage
		Usr 0 00:00:00, Sys 0 00:00:00  -  Total Local Usage
	5849  -  Run Bytes Sent By Job
	35628504  -  Run Bytes Received By Job
	5849  -  Total Bytes Sent By Job
	35628504  -  Total Bytes Received By Job
	Partitionable Resources :     Usage  Request Allocated 
	   Cpus                 :      0.99        1         1 
	   Disk (KB)            : 257768      524288   1458998 
	   IoHeavy              :                            0 
	   Memory (MB)          :    492         512       512 

	Job terminated of its own accord at 2023-08-14T01:48:04Z with exit-code 0.
...
