000 (11922363.006.000) 2023-08-13 21:38:46 Job submitted from host: <128.104.101.92:9618?addrs=128.104.101.92-9618+[2607-f388-107c-501-a236-9fff-fe3c-caa8]-9618&alias=submit2.chtc.wisc.edu&noUDP&sock=schedd_1879732_618e>
...
040 (11922363.006.000) 2023-08-13 21:39:21 Started transferring input files
	Transferring to host: <128.105.69.131:9618?addrs=128.105.69.131-9618+[2607-f388-2200-100-1270-fdff-fe56-6724]-9618&alias=e4080.chtc.wisc.edu&noUDP&sock=slot1_10_1055847_7a51_114300>
...
040 (11922363.006.000) 2023-08-13 21:39:23 Finished transferring input files
...
001 (11922363.006.000) 2023-08-13 21:39:24 Job executing on host: <128.105.69.131:9618?addrs=128.105.69.131-9618+[2607-f388-2200-100-1270-fdff-fe56-6724]-9618&alias=e4080.chtc.wisc.edu&noUDP&sock=startd_16638_dcd2>
	SlotName: slot1_10@e4080.chtc.wisc.edu
	CondorScratchDir = "/var/lib/condor/execute/slot1/dir_1841547"
	Cpus = 1
	Disk = 1208198
	IoHeavy = 0
	Memory = 512
...
006 (11922363.006.000) 2023-08-13 21:39:32 Image size of job updated: 524288
	512  -  MemoryUsage of job (MB)
	524144  -  ResidentSetSize of job (KB)
...
040 (11922363.006.000) 2023-08-13 21:40:39 Started transferring output files
...
040 (11922363.006.000) 2023-08-13 21:40:39 Finished transferring output files
...
005 (11922363.006.000) 2023-08-13 21:40:39 Job terminated.
	(1) Normal termination (return value 0)
		Usr 0 00:01:11, Sys 0 00:00:01  -  Run Remote Usage
		Usr 0 00:00:00, Sys 0 00:00:00  -  Run Local Usage
		Usr 0 00:01:11, Sys 0 00:00:01  -  Total Remote Usage
		Usr 0 00:00:00, Sys 0 00:00:00  -  Total Local Usage
	5798  -  Run Bytes Sent By Job
	35628388  -  Run Bytes Received By Job
	5798  -  Total Bytes Sent By Job
	35628388  -  Total Bytes Received By Job
	Partitionable Resources :    Usage  Request Allocated 
	   Cpus                 :                 1         1 
	   Disk (KB)            :   257759   524288   1208198 
	   IoHeavy              :                           0 
	   Memory (MB)          :      512      512       512 

	Job terminated of its own accord at 2023-08-14T02:40:39Z with exit-code 0.
...
