000 (11922362.029.000) 2023-08-13 21:33:16 Job submitted from host: <128.104.101.92:9618?addrs=128.104.101.92-9618+[2607-f388-107c-501-a236-9fff-fe3c-caa8]-9618&alias=submit2.chtc.wisc.edu&noUDP&sock=schedd_1879732_618e>
...
040 (11922362.029.000) 2023-08-13 21:34:24 Started transferring input files
	Transferring to host: <128.105.69.203:9618?addrs=128.105.69.203-9618+[2607-f388-2200-100-1270-fdff-fe56-c37c]-9618&alias=e4034.chtc.wisc.edu&noUDP&sock=slot1_8_1090648_ee38_123570>
...
040 (11922362.029.000) 2023-08-13 21:34:26 Finished transferring input files
...
001 (11922362.029.000) 2023-08-13 21:34:27 Job executing on host: <128.105.69.203:9618?addrs=128.105.69.203-9618+[2607-f388-2200-100-1270-fdff-fe56-c37c]-9618&alias=e4034.chtc.wisc.edu&noUDP&sock=startd_15838_210e>
	SlotName: slot1_8@e4034.chtc.wisc.edu
	CondorScratchDir = "/var/lib/condor/execute/slot1/dir_254544"
	Cpus = 1
	Disk = 1208198
	IoHeavy = 0
	Memory = 512
...
006 (11922362.029.000) 2023-08-13 21:34:36 Image size of job updated: 524288
	463  -  MemoryUsage of job (MB)
	473568  -  ResidentSetSize of job (KB)
...
040 (11922362.029.000) 2023-08-13 21:35:20 Started transferring output files
...
040 (11922362.029.000) 2023-08-13 21:35:20 Finished transferring output files
...
005 (11922362.029.000) 2023-08-13 21:35:20 Job terminated.
	(1) Normal termination (return value 0)
		Usr 0 00:00:50, Sys 0 00:00:01  -  Run Remote Usage
		Usr 0 00:00:00, Sys 0 00:00:00  -  Run Local Usage
		Usr 0 00:00:50, Sys 0 00:00:01  -  Total Remote Usage
		Usr 0 00:00:00, Sys 0 00:00:00  -  Total Local Usage
	5881  -  Run Bytes Sent By Job
	35628408  -  Run Bytes Received By Job
	5881  -  Total Bytes Sent By Job
	35628408  -  Total Bytes Received By Job
	Partitionable Resources :     Usage  Request Allocated 
	   Cpus                 :      0.99        1         1 
	   Disk (KB)            : 257768      524288   1208198 
	   IoHeavy              :                            0 
	   Memory (MB)          :    463         512       512 

	Job terminated of its own accord at 2023-08-14T02:35:20Z with exit-code 0.
...
