000 (11922361.090.000) 2023-08-13 21:26:14 Job submitted from host: <128.104.101.92:9618?addrs=128.104.101.92-9618+[2607-f388-107c-501-a236-9fff-fe3c-caa8]-9618&alias=submit2.chtc.wisc.edu&noUDP&sock=schedd_1879732_618e>
...
040 (11922361.090.000) 2023-08-13 21:27:28 Started transferring input files
	Transferring to host: <128.105.69.234:9618?addrs=128.105.69.234-9618+[2607-f388-2200-100-eaeb-d3ff-fe40-1efc]-9618&alias=e2617.chtc.wisc.edu&noUDP&sock=slot1_15_403651_6537_117440>
...
040 (11922361.090.000) 2023-08-13 21:27:30 Finished transferring input files
...
001 (11922361.090.000) 2023-08-13 21:27:31 Job executing on host: <128.105.69.234:9618?addrs=128.105.69.234-9618+[2607-f388-2200-100-eaeb-d3ff-fe40-1efc]-9618&alias=e2617.chtc.wisc.edu&noUDP&sock=startd_18732_2c23>
	SlotName: slot1_15@e2617.chtc.wisc.edu
	CondorScratchDir = "/var/lib/condor/execute/slot1/dir_1050862"
	Cpus = 1
	Disk = 1458998
	IoHeavy = 0
	Memory = 512
...
006 (11922361.090.000) 2023-08-13 21:27:39 Image size of job updated: 510852
	495  -  MemoryUsage of job (MB)
	506540  -  ResidentSetSize of job (KB)
...
006 (11922361.090.000) 2023-08-13 21:27:47 Image size of job updated: 512000
	495  -  MemoryUsage of job (MB)
	506540  -  ResidentSetSize of job (KB)
...
040 (11922361.090.000) 2023-08-13 21:27:47 Started transferring output files
...
040 (11922361.090.000) 2023-08-13 21:27:47 Finished transferring output files
...
005 (11922361.090.000) 2023-08-13 21:27:47 Job terminated.
	(1) Normal termination (return value 0)
		Usr 0 00:00:14, Sys 0 00:00:00  -  Run Remote Usage
		Usr 0 00:00:00, Sys 0 00:00:00  -  Run Local Usage
		Usr 0 00:00:14, Sys 0 00:00:00  -  Total Remote Usage
		Usr 0 00:00:00, Sys 0 00:00:00  -  Total Local Usage
	5503  -  Run Bytes Sent By Job
	35628456  -  Run Bytes Received By Job
	5503  -  Total Bytes Sent By Job
	35628456  -  Total Bytes Received By Job
	Partitionable Resources :    Usage  Request Allocated 
	   Cpus                 :                 1         1 
	   Disk (KB)            :   257758   524288   1458998 
	   IoHeavy              :                           0 
	   Memory (MB)          :      495      512       512 

	Job terminated of its own accord at 2023-08-14T02:27:47Z with exit-code 0.
...
