000 (11930207.013.000) 2023-08-14 02:57:22 Job submitted from host: <128.104.101.92:9618?addrs=128.104.101.92-9618+[2607-f388-107c-501-a236-9fff-fe3c-caa8]-9618&alias=submit2.chtc.wisc.edu&noUDP&sock=schedd_1879732_618e>
...
040 (11930207.013.000) 2023-08-14 02:57:54 Started transferring input files
	Transferring to host: <128.105.69.226:9618?addrs=128.105.69.226-9618+[2607-f388-2200-100-eaeb-d3ff-fe40-10fc]-9618&alias=e2609.chtc.wisc.edu&noUDP&sock=slot1_24_3529673_b006_118934>
...
040 (11930207.013.000) 2023-08-14 02:57:56 Finished transferring input files
...
001 (11930207.013.000) 2023-08-14 02:57:57 Job executing on host: <128.105.69.226:9618?addrs=128.105.69.226-9618+[2607-f388-2200-100-eaeb-d3ff-fe40-10fc]-9618&alias=e2609.chtc.wisc.edu&noUDP&sock=startd_17158_8a11>
	SlotName: slot1_24@e2609.chtc.wisc.edu
	CondorScratchDir = "/var/lib/condor/execute/slot1/dir_1870423"
	Cpus = 1
	Disk = 1458998
	IoHeavy = 0
	Memory = 512
...
006 (11930207.013.000) 2023-08-14 02:58:06 Image size of job updated: 524288
	512  -  MemoryUsage of job (MB)
	523556  -  ResidentSetSize of job (KB)
...
006 (11930207.013.000) 2023-08-14 02:58:28 Image size of job updated: 524292
	512  -  MemoryUsage of job (MB)
	523556  -  ResidentSetSize of job (KB)
...
007 (11930207.013.000) 2023-08-14 02:58:28 Shadow exception!
	Error from slot1_24@e2609.chtc.wisc.edu: Job has gone over memory limit of 512 megabytes. Peak usage: 512 megabytes.
	0  -  Run Bytes Sent By Job
	35628108  -  Run Bytes Received By Job
...
012 (11930207.013.000) 2023-08-14 02:58:29 Job was held.
	Error from slot1_24@e2609.chtc.wisc.edu: Job has gone over memory limit of 512 megabytes. Peak usage: 512 megabytes.
	Code 34 Subcode 0
...
009 (11930207.013.000) 2023-08-14 03:20:17 Job was aborted.
	via condor_rm (by user mzheng54)
...
