000 (11922357.032.000) 2023-08-13 20:46:22 Job submitted from host: <128.104.101.92:9618?addrs=128.104.101.92-9618+[2607-f388-107c-501-a236-9fff-fe3c-caa8]-9618&alias=submit2.chtc.wisc.edu&noUDP&sock=schedd_1879732_618e>
...
040 (11922357.032.000) 2023-08-13 20:47:27 Started transferring input files
	Transferring to host: <128.105.69.198:9618?addrs=128.105.69.198-9618+[2607-f388-2200-100-1270-fdff-fe56-bc84]-9618&alias=e4051.chtc.wisc.edu&noUDP&sock=slot1_18_23038_1ae2_8309>
...
040 (11922357.032.000) 2023-08-13 20:47:28 Finished transferring input files
...
001 (11922357.032.000) 2023-08-13 20:47:29 Job executing on host: <128.105.69.198:9618?addrs=128.105.69.198-9618+[2607-f388-2200-100-1270-fdff-fe56-bc84]-9618&alias=e4051.chtc.wisc.edu&noUDP&sock=startd_22904_d141>
	SlotName: slot1_18@e4051.chtc.wisc.edu
	CondorScratchDir = "/var/lib/condor/execute/slot1/dir_1711797"
	Cpus = 1
	Disk = 1208198
	IoHeavy = 0
	Memory = 512
...
006 (11922357.032.000) 2023-08-13 20:47:38 Image size of job updated: 524288
	463  -  MemoryUsage of job (MB)
	473836  -  ResidentSetSize of job (KB)
...
040 (11922357.032.000) 2023-08-13 20:48:47 Started transferring output files
...
040 (11922357.032.000) 2023-08-13 20:48:47 Finished transferring output files
...
005 (11922357.032.000) 2023-08-13 20:48:47 Job terminated.
	(1) Normal termination (return value 0)
		Usr 0 00:01:14, Sys 0 00:00:01  -  Run Remote Usage
		Usr 0 00:00:00, Sys 0 00:00:00  -  Run Local Usage
		Usr 0 00:01:14, Sys 0 00:00:01  -  Total Remote Usage
		Usr 0 00:00:00, Sys 0 00:00:00  -  Total Local Usage
	5900  -  Run Bytes Sent By Job
	35628504  -  Run Bytes Received By Job
	5900  -  Total Bytes Sent By Job
	35628504  -  Total Bytes Received By Job
	Partitionable Resources :    Usage  Request Allocated 
	   Cpus                 :                 1         1 
	   Disk (KB)            :   257758   524288   1208198 
	   IoHeavy              :                           0 
	   Memory (MB)          :      463      512       512 

	Job terminated of its own accord at 2023-08-14T01:48:46Z with exit-code 0.
...
