000 (11922357.071.000) 2023-08-13 20:46:22 Job submitted from host: <128.104.101.92:9618?addrs=128.104.101.92-9618+[2607-f388-107c-501-a236-9fff-fe3c-caa8]-9618&alias=submit2.chtc.wisc.edu&noUDP&sock=schedd_1879732_618e>
...
040 (11922357.071.000) 2023-08-13 20:47:30 Started transferring input files
	Transferring to host: <128.105.69.184:9618?addrs=128.105.69.184-9618+[2607-f388-2200-100-1270-fdff-fe56-bbfc]-9618&alias=e4036.chtc.wisc.edu&noUDP&sock=slot1_17_2525334_015d_114864>
...
040 (11922357.071.000) 2023-08-13 20:47:32 Finished transferring input files
...
001 (11922357.071.000) 2023-08-13 20:47:33 Job executing on host: <128.105.69.184:9618?addrs=128.105.69.184-9618+[2607-f388-2200-100-1270-fdff-fe56-bbfc]-9618&alias=e4036.chtc.wisc.edu&noUDP&sock=startd_15747_b5f0>
	SlotName: slot1_17@e4036.chtc.wisc.edu
	CondorScratchDir = "/var/lib/condor/execute/slot1/dir_1267354"
	Cpus = 1
	Disk = 1208198
	IoHeavy = 0
	Memory = 512
...
006 (11922357.071.000) 2023-08-13 20:47:42 Image size of job updated: 524288
	512  -  MemoryUsage of job (MB)
	524272  -  ResidentSetSize of job (KB)
...
040 (11922357.071.000) 2023-08-13 20:48:03 Started transferring output files
...
040 (11922357.071.000) 2023-08-13 20:48:03 Finished transferring output files
...
005 (11922357.071.000) 2023-08-13 20:48:04 Job terminated.
	(1) Normal termination (return value 0)
		Usr 0 00:00:27, Sys 0 00:00:01  -  Run Remote Usage
		Usr 0 00:00:00, Sys 0 00:00:00  -  Run Local Usage
		Usr 0 00:00:27, Sys 0 00:00:01  -  Total Remote Usage
		Usr 0 00:00:00, Sys 0 00:00:00  -  Total Local Usage
	5885  -  Run Bytes Sent By Job
	35628504  -  Run Bytes Received By Job
	5885  -  Total Bytes Sent By Job
	35628504  -  Total Bytes Received By Job
	Partitionable Resources :    Usage  Request Allocated 
	   Cpus                 :                 1         1 
	   Disk (KB)            :   257759   524288   1208198 
	   IoHeavy              :                           0 
	   Memory (MB)          :      512      512       512 

	Job terminated of its own accord at 2023-08-14T01:48:03Z with exit-code 0.
...
