000 (11933708.016.000) 2023-08-14 03:20:36 Job submitted from host: <128.104.101.92:9618?addrs=128.104.101.92-9618+[2607-f388-107c-501-a236-9fff-fe3c-caa8]-9618&alias=submit2.chtc.wisc.edu&noUDP&sock=schedd_1879732_618e>
...
040 (11933708.016.000) 2023-08-14 03:24:02 Started transferring input files
	Transferring to host: <128.105.69.166:9618?addrs=128.105.69.166-9618+[2607-f388-2200-100-1270-fdff-fe56-717c]-9618&alias=e2549.chtc.wisc.edu&noUDP&sock=slot1_17_2966415_78cd_120329>
...
040 (11933708.016.000) 2023-08-14 03:24:05 Finished transferring input files
...
001 (11933708.016.000) 2023-08-14 03:24:06 Job executing on host: <128.105.69.166:9618?addrs=128.105.69.166-9618+[2607-f388-2200-100-1270-fdff-fe56-717c]-9618&alias=e2549.chtc.wisc.edu&noUDP&sock=startd_12925_0dac>
	SlotName: slot1_17@e2549.chtc.wisc.edu
	CondorScratchDir = "/var/lib/condor/execute/slot1/dir_3544738"
	Cpus = 1
	Disk = 1208198
	IoHeavy = 0
	Memory = 512
...
006 (11933708.016.000) 2023-08-14 03:24:15 Image size of job updated: 524288
	434  -  MemoryUsage of job (MB)
	444236  -  ResidentSetSize of job (KB)
...
006 (11933708.016.000) 2023-08-14 03:24:16 Image size of job updated: 524288
	456  -  MemoryUsage of job (MB)
	466508  -  ResidentSetSize of job (KB)
...
007 (11933708.016.000) 2023-08-14 03:24:16 Shadow exception!
	Error from slot1_17@e2549.chtc.wisc.edu: Job has gone over memory limit of 512 megabytes. Peak usage: 512 megabytes.
	0  -  Run Bytes Sent By Job
	35628052  -  Run Bytes Received By Job
...
012 (11933708.016.000) 2023-08-14 03:24:16 Job was held.
	Error from slot1_17@e2549.chtc.wisc.edu: Job has gone over memory limit of 512 megabytes. Peak usage: 512 megabytes.
	Code 34 Subcode 0
...
