000 (11922361.117.000) 2023-08-13 21:26:14 Job submitted from host: <128.104.101.92:9618?addrs=128.104.101.92-9618+[2607-f388-107c-501-a236-9fff-fe3c-caa8]-9618&alias=submit2.chtc.wisc.edu&noUDP&sock=schedd_1879732_618e>
...
040 (11922361.117.000) 2023-08-13 21:27:31 Started transferring input files
	Transferring to host: <128.105.69.227:9618?addrs=128.105.69.227-9618+[2607-f388-2200-100-eaeb-d3ff-fe40-155c]-9618&alias=e2610.chtc.wisc.edu&noUDP&sock=slot1_18_4008194_0569_110276>
...
040 (11922361.117.000) 2023-08-13 21:27:32 Finished transferring input files
...
001 (11922361.117.000) 2023-08-13 21:27:33 Job executing on host: <128.105.69.227:9618?addrs=128.105.69.227-9618+[2607-f388-2200-100-eaeb-d3ff-fe40-155c]-9618&alias=e2610.chtc.wisc.edu&noUDP&sock=startd_18808_4d56>
	SlotName: slot1_18@e2610.chtc.wisc.edu
	CondorScratchDir = "/var/lib/condor/execute/slot1/dir_3972645"
	Cpus = 1
	Disk = 1458998
	IoHeavy = 0
	Memory = 512
...
006 (11922361.117.000) 2023-08-13 21:27:42 Image size of job updated: 509164
	493  -  MemoryUsage of job (MB)
	503972  -  ResidentSetSize of job (KB)
...
040 (11922361.117.000) 2023-08-13 21:27:46 Started transferring output files
...
040 (11922361.117.000) 2023-08-13 21:27:46 Finished transferring output files
...
005 (11922361.117.000) 2023-08-13 21:27:46 Job terminated.
	(1) Normal termination (return value 0)
		Usr 0 00:00:11, Sys 0 00:00:00  -  Run Remote Usage
		Usr 0 00:00:00, Sys 0 00:00:00  -  Run Local Usage
		Usr 0 00:00:11, Sys 0 00:00:00  -  Total Remote Usage
		Usr 0 00:00:00, Sys 0 00:00:00  -  Total Local Usage
	5702  -  Run Bytes Sent By Job
	35628456  -  Run Bytes Received By Job
	5702  -  Total Bytes Sent By Job
	35628456  -  Total Bytes Received By Job
	Partitionable Resources :    Usage  Request Allocated 
	   Cpus                 :                 1         1 
	   Disk (KB)            :   257758   524288   1458998 
	   IoHeavy              :                           0 
	   Memory (MB)          :      493      512       512 

	Job terminated of its own accord at 2023-08-14T02:27:46Z with exit-code 0.
...
