000 (11922362.142.000) 2023-08-13 21:33:16 Job submitted from host: <128.104.101.92:9618?addrs=128.104.101.92-9618+[2607-f388-107c-501-a236-9fff-fe3c-caa8]-9618&alias=submit2.chtc.wisc.edu&noUDP&sock=schedd_1879732_618e>
...
040 (11922362.142.000) 2023-08-13 21:34:37 Started transferring input files
	Transferring to host: <128.105.69.150:9618?addrs=128.105.69.150-9618+[2607-f388-2200-100-1270-fdff-fe56-732c]-9618&alias=e4027.chtc.wisc.edu&noUDP&sock=slot1_17_3323874_acb5_120467>
...
040 (11922362.142.000) 2023-08-13 21:34:38 Finished transferring input files
...
001 (11922362.142.000) 2023-08-13 21:34:39 Job executing on host: <128.105.69.150:9618?addrs=128.105.69.150-9618+[2607-f388-2200-100-1270-fdff-fe56-732c]-9618&alias=e4027.chtc.wisc.edu&noUDP&sock=startd_15988_0443>
	SlotName: slot1_17@e4027.chtc.wisc.edu
	CondorScratchDir = "/var/lib/condor/execute/slot1/dir_2701397"
	Cpus = 1
	Disk = 1208198
	IoHeavy = 0
	Memory = 512
...
006 (11922362.142.000) 2023-08-13 21:34:48 Image size of job updated: 395320
	387  -  MemoryUsage of job (MB)
	395320  -  ResidentSetSize of job (KB)
...
006 (11922362.142.000) 2023-08-13 21:34:50 Image size of job updated: 403980
	387  -  MemoryUsage of job (MB)
	395320  -  ResidentSetSize of job (KB)
...
040 (11922362.142.000) 2023-08-13 21:34:50 Started transferring output files
...
040 (11922362.142.000) 2023-08-13 21:34:50 Finished transferring output files
...
005 (11922362.142.000) 2023-08-13 21:34:50 Job terminated.
	(1) Normal termination (return value 0)
		Usr 0 00:00:09, Sys 0 00:00:00  -  Run Remote Usage
		Usr 0 00:00:00, Sys 0 00:00:00  -  Run Local Usage
		Usr 0 00:00:09, Sys 0 00:00:00  -  Total Remote Usage
		Usr 0 00:00:00, Sys 0 00:00:00  -  Total Local Usage
	5380  -  Run Bytes Sent By Job
	35628408  -  Run Bytes Received By Job
	5380  -  Total Bytes Sent By Job
	35628408  -  Total Bytes Received By Job
	Partitionable Resources :    Usage  Request Allocated 
	   Cpus                 :                 1         1 
	   Disk (KB)            :   257758   524288   1208198 
	   IoHeavy              :                           0 
	   Memory (MB)          :      387      512       512 

	Job terminated of its own accord at 2023-08-14T02:34:50Z with exit-code 0.
...
