000 (11930207.002.000) 2023-08-14 02:57:22 Job submitted from host: <128.104.101.92:9618?addrs=128.104.101.92-9618+[2607-f388-107c-501-a236-9fff-fe3c-caa8]-9618&alias=submit2.chtc.wisc.edu&noUDP&sock=schedd_1879732_618e>
...
040 (11930207.002.000) 2023-08-14 02:57:52 Started transferring input files
	Transferring to host: <128.105.69.160:9618?addrs=128.105.69.160-9618+[2607-f388-2200-100-1270-fdff-fe56-c2cc]-9618&alias=e4093.chtc.wisc.edu&noUDP&sock=slot1_42_4068426_e9fa_113823>
...
040 (11930207.002.000) 2023-08-14 02:57:54 Finished transferring input files
...
001 (11930207.002.000) 2023-08-14 02:57:55 Job executing on host: <128.105.69.160:9618?addrs=128.105.69.160-9618+[2607-f388-2200-100-1270-fdff-fe56-c2cc]-9618&alias=e4093.chtc.wisc.edu&noUDP&sock=startd_18986_6531>
	SlotName: slot1_42@e4093.chtc.wisc.edu
	CondorScratchDir = "/var/lib/condor/execute/slot1/dir_1605955"
	Cpus = 1
	Disk = 1208198
	IoHeavy = 0
	Memory = 512
...
006 (11930207.002.000) 2023-08-14 02:58:04 Image size of job updated: 457716
	446  -  MemoryUsage of job (MB)
	456588  -  ResidentSetSize of job (KB)
...
006 (11930207.002.000) 2023-08-14 02:58:09 Image size of job updated: 524292
	446  -  MemoryUsage of job (MB)
	456588  -  ResidentSetSize of job (KB)
...
007 (11930207.002.000) 2023-08-14 02:58:09 Shadow exception!
	Error from slot1_42@e4093.chtc.wisc.edu: Job has gone over memory limit of 512 megabytes. Peak usage: 512 megabytes.
	0  -  Run Bytes Sent By Job
	35628108  -  Run Bytes Received By Job
...
012 (11930207.002.000) 2023-08-14 02:58:09 Job was held.
	Error from slot1_42@e4093.chtc.wisc.edu: Job has gone over memory limit of 512 megabytes. Peak usage: 512 megabytes.
	Code 34 Subcode 0
...
