000 (11922363.074.000) 2023-08-13 21:38:46 Job submitted from host: <128.104.101.92:9618?addrs=128.104.101.92-9618+[2607-f388-107c-501-a236-9fff-fe3c-caa8]-9618&alias=submit2.chtc.wisc.edu&noUDP&sock=schedd_1879732_618e>
...
040 (11922363.074.000) 2023-08-13 21:39:27 Started transferring input files
	Transferring to host: <128.105.69.229:9618?addrs=128.105.69.229-9618+[2607-f388-2200-100-eaeb-d3ff-fe40-1104]-9618&alias=e2612.chtc.wisc.edu&noUDP&sock=slot1_15_61344_25b8_111689>
...
040 (11922363.074.000) 2023-08-13 21:39:29 Finished transferring input files
...
001 (11922363.074.000) 2023-08-13 21:39:30 Job executing on host: <128.105.69.229:9618?addrs=128.105.69.229-9618+[2607-f388-2200-100-eaeb-d3ff-fe40-1104]-9618&alias=e2612.chtc.wisc.edu&noUDP&sock=startd_18685_ef2f>
	SlotName: slot1_15@e2612.chtc.wisc.edu
	CondorScratchDir = "/var/lib/condor/execute/slot1/dir_262267"
	Cpus = 1
	Disk = 1458998
	IoHeavy = 0
	Memory = 512
...
006 (11922363.074.000) 2023-08-13 21:39:39 Image size of job updated: 403156
	387  -  MemoryUsage of job (MB)
	395884  -  ResidentSetSize of job (KB)
...
006 (11922363.074.000) 2023-08-13 21:39:47 Image size of job updated: 409868
	389  -  MemoryUsage of job (MB)
	397932  -  ResidentSetSize of job (KB)
...
040 (11922363.074.000) 2023-08-13 21:39:47 Started transferring output files
...
040 (11922363.074.000) 2023-08-13 21:39:47 Finished transferring output files
...
005 (11922363.074.000) 2023-08-13 21:39:47 Job terminated.
	(1) Normal termination (return value 0)
		Usr 0 00:00:15, Sys 0 00:00:00  -  Run Remote Usage
		Usr 0 00:00:00, Sys 0 00:00:00  -  Run Local Usage
		Usr 0 00:00:15, Sys 0 00:00:00  -  Total Remote Usage
		Usr 0 00:00:00, Sys 0 00:00:00  -  Total Local Usage
	5497  -  Run Bytes Sent By Job
	35628388  -  Run Bytes Received By Job
	5497  -  Total Bytes Sent By Job
	35628388  -  Total Bytes Received By Job
	Partitionable Resources :    Usage  Request Allocated 
	   Cpus                 :                 1         1 
	   Disk (KB)            :   257758   524288   1458998 
	   IoHeavy              :                           0 
	   Memory (MB)          :      389      512       512 

	Job terminated of its own accord at 2023-08-14T02:39:47Z with exit-code 0.
...
