000 (11930207.006.000) 2023-08-14 02:57:22 Job submitted from host: <128.104.101.92:9618?addrs=128.104.101.92-9618+[2607-f388-107c-501-a236-9fff-fe3c-caa8]-9618&alias=submit2.chtc.wisc.edu&noUDP&sock=schedd_1879732_618e>
...
040 (11930207.006.000) 2023-08-14 02:57:53 Started transferring input files
	Transferring to host: <128.105.69.229:9618?addrs=128.105.69.229-9618+[2607-f388-2200-100-eaeb-d3ff-fe40-1104]-9618&alias=e2612.chtc.wisc.edu&noUDP&sock=slot1_64_61344_25b8_112405>
...
040 (11930207.006.000) 2023-08-14 02:57:55 Finished transferring input files
...
001 (11930207.006.000) 2023-08-14 02:57:56 Job executing on host: <128.105.69.229:9618?addrs=128.105.69.229-9618+[2607-f388-2200-100-eaeb-d3ff-fe40-1104]-9618&alias=e2612.chtc.wisc.edu&noUDP&sock=startd_18685_ef2f>
	SlotName: slot1_64@e2612.chtc.wisc.edu
	CondorScratchDir = "/var/lib/condor/execute/slot1/dir_2825129"
	Cpus = 1
	Disk = 1458998
	IoHeavy = 0
	Memory = 512
...
006 (11930207.006.000) 2023-08-14 02:58:04 Image size of job updated: 432452
	422  -  MemoryUsage of job (MB)
	431924  -  ResidentSetSize of job (KB)
...
006 (11930207.006.000) 2023-08-14 02:58:12 Image size of job updated: 524292
	422  -  MemoryUsage of job (MB)
	431924  -  ResidentSetSize of job (KB)
...
007 (11930207.006.000) 2023-08-14 02:58:12 Shadow exception!
	Error from slot1_64@e2612.chtc.wisc.edu: Job has gone over memory limit of 512 megabytes. Peak usage: 512 megabytes.
	0  -  Run Bytes Sent By Job
	35628108  -  Run Bytes Received By Job
...
012 (11930207.006.000) 2023-08-14 02:58:12 Job was held.
	Error from slot1_64@e2612.chtc.wisc.edu: Job has gone over memory limit of 512 megabytes. Peak usage: 512 megabytes.
	Code 34 Subcode 0
...
