000 (11930207.056.000) 2023-08-14 02:57:22 Job submitted from host: <128.104.101.92:9618?addrs=128.104.101.92-9618+[2607-f388-107c-501-a236-9fff-fe3c-caa8]-9618&alias=submit2.chtc.wisc.edu&noUDP&sock=schedd_1879732_618e>
...
040 (11930207.056.000) 2023-08-14 02:58:08 Started transferring input files
	Transferring to host: <128.105.69.115:9618?addrs=128.105.69.115-9618+[2607-f388-2200-100-1270-fdff-fe56-ced4]-9618&alias=e4064.chtc.wisc.edu&noUDP&sock=slot1_32_941896_b097_116508>
...
040 (11930207.056.000) 2023-08-14 02:58:10 Finished transferring input files
...
001 (11930207.056.000) 2023-08-14 02:58:11 Job executing on host: <128.105.69.115:9618?addrs=128.105.69.115-9618+[2607-f388-2200-100-1270-fdff-fe56-ced4]-9618&alias=e4064.chtc.wisc.edu&noUDP&sock=startd_18943_e69f>
	SlotName: slot1_32@e4064.chtc.wisc.edu
	CondorScratchDir = "/var/lib/condor/execute/slot1/dir_2127082"
	Cpus = 1
	Disk = 1208198
	IoHeavy = 0
	Memory = 512
...
006 (11930207.056.000) 2023-08-14 02:58:20 Image size of job updated: 524288
	507  -  MemoryUsage of job (MB)
	518516  -  ResidentSetSize of job (KB)
...
040 (11930207.056.000) 2023-08-14 02:59:06 Started transferring output files
...
040 (11930207.056.000) 2023-08-14 02:59:06 Finished transferring output files
...
005 (11930207.056.000) 2023-08-14 02:59:09 Job terminated.
	(1) Normal termination (return value 0)
		Usr 0 00:00:50, Sys 0 00:00:01  -  Run Remote Usage
		Usr 0 00:00:00, Sys 0 00:00:00  -  Run Local Usage
		Usr 0 00:00:50, Sys 0 00:00:01  -  Total Remote Usage
		Usr 0 00:00:00, Sys 0 00:00:00  -  Total Local Usage
	5889  -  Run Bytes Sent By Job
	35628108  -  Run Bytes Received By Job
	5889  -  Total Bytes Sent By Job
	35628108  -  Total Bytes Received By Job
	Partitionable Resources :    Usage  Request Allocated 
	   Cpus                 :                 1         1 
	   Disk (KB)            :   257759   524288   1208198 
	   IoHeavy              :                           0 
	   Memory (MB)          :      507      512       512 

	Job terminated of its own accord at 2023-08-14T07:59:04Z with exit-code 0.
...
