000 (11922361.115.000) 2023-08-13 21:26:14 Job submitted from host: <128.104.101.92:9618?addrs=128.104.101.92-9618+[2607-f388-107c-501-a236-9fff-fe3c-caa8]-9618&alias=submit2.chtc.wisc.edu&noUDP&sock=schedd_1879732_618e>
...
040 (11922361.115.000) 2023-08-13 21:27:30 Started transferring input files
	Transferring to host: <128.105.69.208:9618?addrs=128.105.69.208-9618+[2607-f388-2200-100-eaeb-d3ff-fe3f-fbcc]-9618&alias=e2591.chtc.wisc.edu&noUDP&sock=slot1_13_1507060_dadd_114783>
...
040 (11922361.115.000) 2023-08-13 21:27:32 Finished transferring input files
...
001 (11922361.115.000) 2023-08-13 21:27:33 Job executing on host: <128.105.69.208:9618?addrs=128.105.69.208-9618+[2607-f388-2200-100-eaeb-d3ff-fe3f-fbcc]-9618&alias=e2591.chtc.wisc.edu&noUDP&sock=startd_18801_802c>
	SlotName: slot1_13@e2591.chtc.wisc.edu
	CondorScratchDir = "/var/lib/condor/execute/slot1/dir_995244"
	Cpus = 1
	Disk = 1458998
	IoHeavy = 0
	Memory = 512
...
006 (11922361.115.000) 2023-08-13 21:27:42 Image size of job updated: 508364
	494  -  MemoryUsage of job (MB)
	505220  -  ResidentSetSize of job (KB)
...
006 (11922361.115.000) 2023-08-13 21:27:47 Image size of job updated: 513672
	494  -  MemoryUsage of job (MB)
	505220  -  ResidentSetSize of job (KB)
...
040 (11922361.115.000) 2023-08-13 21:27:47 Started transferring output files
...
040 (11922361.115.000) 2023-08-13 21:27:47 Finished transferring output files
...
005 (11922361.115.000) 2023-08-13 21:27:47 Job terminated.
	(1) Normal termination (return value 0)
		Usr 0 00:00:11, Sys 0 00:00:00  -  Run Remote Usage
		Usr 0 00:00:00, Sys 0 00:00:00  -  Run Local Usage
		Usr 0 00:00:11, Sys 0 00:00:00  -  Total Remote Usage
		Usr 0 00:00:00, Sys 0 00:00:00  -  Total Local Usage
	5838  -  Run Bytes Sent By Job
	35628456  -  Run Bytes Received By Job
	5838  -  Total Bytes Sent By Job
	35628456  -  Total Bytes Received By Job
	Partitionable Resources :    Usage  Request Allocated 
	   Cpus                 :                 1         1 
	   Disk (KB)            :   257759   524288   1458998 
	   IoHeavy              :                           0 
	   Memory (MB)          :      494      512       512 

	Job terminated of its own accord at 2023-08-14T02:27:47Z with exit-code 0.
...
