000 (11922357.066.000) 2023-08-13 20:46:22 Job submitted from host: <128.104.101.92:9618?addrs=128.104.101.92-9618+[2607-f388-107c-501-a236-9fff-fe3c-caa8]-9618&alias=submit2.chtc.wisc.edu&noUDP&sock=schedd_1879732_618e>
...
040 (11922357.066.000) 2023-08-13 20:47:30 Started transferring input files
	Transferring to host: <128.105.69.232:9618?addrs=128.105.69.232-9618+[2607-f388-2200-100-eaeb-d3ff-fe40-2054]-9618&alias=e2615.chtc.wisc.edu&noUDP&sock=slot1_10_141766_b8be_126901>
...
040 (11922357.066.000) 2023-08-13 20:47:32 Finished transferring input files
...
001 (11922357.066.000) 2023-08-13 20:47:33 Job executing on host: <128.105.69.232:9618?addrs=128.105.69.232-9618+[2607-f388-2200-100-eaeb-d3ff-fe40-2054]-9618&alias=e2615.chtc.wisc.edu&noUDP&sock=startd_22800_7b67>
	SlotName: slot1_10@e2615.chtc.wisc.edu
	CondorScratchDir = "/var/lib/condor/execute/slot1/dir_1577632"
	Cpus = 1
	Disk = 1458998
	IoHeavy = 0
	Memory = 512
...
006 (11922357.066.000) 2023-08-13 20:47:41 Image size of job updated: 524288
	504  -  MemoryUsage of job (MB)
	516040  -  ResidentSetSize of job (KB)
...
040 (11922357.066.000) 2023-08-13 20:48:19 Started transferring output files
...
040 (11922357.066.000) 2023-08-13 20:48:19 Finished transferring output files
...
005 (11922357.066.000) 2023-08-13 20:48:19 Job terminated.
	(1) Normal termination (return value 0)
		Usr 0 00:00:43, Sys 0 00:00:01  -  Run Remote Usage
		Usr 0 00:00:00, Sys 0 00:00:00  -  Run Local Usage
		Usr 0 00:00:43, Sys 0 00:00:01  -  Total Remote Usage
		Usr 0 00:00:00, Sys 0 00:00:00  -  Total Local Usage
	5896  -  Run Bytes Sent By Job
	35628504  -  Run Bytes Received By Job
	5896  -  Total Bytes Sent By Job
	35628504  -  Total Bytes Received By Job
	Partitionable Resources :    Usage  Request Allocated 
	   Cpus                 :                 1         1 
	   Disk (KB)            :   257759   524288   1458998 
	   IoHeavy              :                           0 
	   Memory (MB)          :      504      512       512 

	Job terminated of its own accord at 2023-08-14T01:48:19Z with exit-code 0.
...
