000 (11930207.014.000) 2023-08-14 02:57:22 Job submitted from host: <128.104.101.92:9618?addrs=128.104.101.92-9618+[2607-f388-107c-501-a236-9fff-fe3c-caa8]-9618&alias=submit2.chtc.wisc.edu&noUDP&sock=schedd_1879732_618e>
...
040 (11930207.014.000) 2023-08-14 02:57:54 Started transferring input files
	Transferring to host: <128.105.69.134:9618?addrs=128.105.69.134-9618+[2607-f388-2200-100-1270-fdff-fe56-7644]-9618&alias=e4083.chtc.wisc.edu&noUDP&sock=slot1_28_3345204_96d9_130346>
...
040 (11930207.014.000) 2023-08-14 02:57:56 Finished transferring input files
...
001 (11930207.014.000) 2023-08-14 02:57:57 Job executing on host: <128.105.69.134:9618?addrs=128.105.69.134-9618+[2607-f388-2200-100-1270-fdff-fe56-7644]-9618&alias=e4083.chtc.wisc.edu&noUDP&sock=startd_19018_5839>
	SlotName: slot1_28@e4083.chtc.wisc.edu
	CondorScratchDir = "/var/lib/condor/execute/slot1/dir_2512076"
	Cpus = 1
	Disk = 1208198
	IoHeavy = 0
	Memory = 512
...
006 (11930207.014.000) 2023-08-14 02:58:06 Image size of job updated: 524288
	443  -  MemoryUsage of job (MB)
	452864  -  ResidentSetSize of job (KB)
...
007 (11930207.014.000) 2023-08-14 02:58:14 Shadow exception!
	Error from slot1_28@e4083.chtc.wisc.edu: Job has gone over memory limit of 512 megabytes. Peak usage: 512 megabytes.
	0  -  Run Bytes Sent By Job
	35628108  -  Run Bytes Received By Job
...
012 (11930207.014.000) 2023-08-14 02:58:14 Job was held.
	Error from slot1_28@e4083.chtc.wisc.edu: Job has gone over memory limit of 512 megabytes. Peak usage: 512 megabytes.
	Code 34 Subcode 0
...
009 (11930207.014.000) 2023-08-14 03:20:17 Job was aborted.
	via condor_rm (by user mzheng54)
...
