000 (11922363.121.000) 2023-08-13 21:38:46 Job submitted from host: <128.104.101.92:9618?addrs=128.104.101.92-9618+[2607-f388-107c-501-a236-9fff-fe3c-caa8]-9618&alias=submit2.chtc.wisc.edu&noUDP&sock=schedd_1879732_618e>
...
040 (11922363.121.000) 2023-08-13 21:39:31 Started transferring input files
	Transferring to host: <128.105.69.159:9618?addrs=128.105.69.159-9618+[2607-f388-2200-100-1270-fdff-fe56-c33c]-9618&alias=e4092.chtc.wisc.edu&noUDP&sock=slot1_10_1018208_65b6_124680>
...
040 (11922363.121.000) 2023-08-13 21:39:33 Finished transferring input files
...
001 (11922363.121.000) 2023-08-13 21:39:34 Job executing on host: <128.105.69.159:9618?addrs=128.105.69.159-9618+[2607-f388-2200-100-1270-fdff-fe56-c33c]-9618&alias=e4092.chtc.wisc.edu&noUDP&sock=startd_17137_2294>
	SlotName: slot1_10@e4092.chtc.wisc.edu
	CondorScratchDir = "/var/lib/condor/execute/slot1/dir_1947646"
	Cpus = 1
	Disk = 1208198
	IoHeavy = 0
	Memory = 512
...
006 (11922363.121.000) 2023-08-13 21:39:41 Image size of job updated: 399556
	77  -  MemoryUsage of job (MB)
	77848  -  ResidentSetSize of job (KB)
...
040 (11922363.121.000) 2023-08-13 21:39:41 Started transferring output files
...
040 (11922363.121.000) 2023-08-13 21:39:41 Finished transferring output files
...
005 (11922363.121.000) 2023-08-13 21:39:41 Job terminated.
	(1) Normal termination (return value 0)
		Usr 0 00:00:05, Sys 0 00:00:00  -  Run Remote Usage
		Usr 0 00:00:00, Sys 0 00:00:00  -  Run Local Usage
		Usr 0 00:00:05, Sys 0 00:00:00  -  Total Remote Usage
		Usr 0 00:00:00, Sys 0 00:00:00  -  Total Local Usage
	5461  -  Run Bytes Sent By Job
	35628388  -  Run Bytes Received By Job
	5461  -  Total Bytes Sent By Job
	35628388  -  Total Bytes Received By Job
	Partitionable Resources :    Usage  Request Allocated 
	   Cpus                 :                 1         1 
	   Disk (KB)            :   257758   524288   1208198 
	   IoHeavy              :                           0 
	   Memory (MB)          :       77      512       512 

	Job terminated of its own accord at 2023-08-14T02:39:41Z with exit-code 0.
...
