000 (11922363.047.000) 2023-08-13 21:38:46 Job submitted from host: <128.104.101.92:9618?addrs=128.104.101.92-9618+[2607-f388-107c-501-a236-9fff-fe3c-caa8]-9618&alias=submit2.chtc.wisc.edu&noUDP&sock=schedd_1879732_618e>
...
040 (11922363.047.000) 2023-08-13 21:39:25 Started transferring input files
	Transferring to host: <128.105.69.138:9618?addrs=128.105.69.138-9618+[2607-f388-2200-100-1270-fdff-fe56-ca54]-9618&alias=e4015.chtc.wisc.edu&noUDP&sock=slot1_7_1397492_4976_126847>
...
040 (11922363.047.000) 2023-08-13 21:39:26 Finished transferring input files
...
001 (11922363.047.000) 2023-08-13 21:39:27 Job executing on host: <128.105.69.138:9618?addrs=128.105.69.138-9618+[2607-f388-2200-100-1270-fdff-fe56-ca54]-9618&alias=e4015.chtc.wisc.edu&noUDP&sock=startd_15841_2fd7>
	SlotName: slot1_7@e4015.chtc.wisc.edu
	CondorScratchDir = "/var/lib/condor/execute/slot1/dir_1801620"
	Cpus = 1
	Disk = 1208198
	IoHeavy = 0
	Memory = 512
...
006 (11922363.047.000) 2023-08-13 21:39:36 Image size of job updated: 524288
	484  -  MemoryUsage of job (MB)
	494680  -  ResidentSetSize of job (KB)
...
006 (11922363.047.000) 2023-08-13 21:39:45 Image size of job updated: 524288
	488  -  MemoryUsage of job (MB)
	499032  -  ResidentSetSize of job (KB)
...
040 (11922363.047.000) 2023-08-13 21:39:45 Started transferring output files
...
040 (11922363.047.000) 2023-08-13 21:39:45 Finished transferring output files
...
005 (11922363.047.000) 2023-08-13 21:39:45 Job terminated.
	(1) Normal termination (return value 0)
		Usr 0 00:00:17, Sys 0 00:00:00  -  Run Remote Usage
		Usr 0 00:00:00, Sys 0 00:00:00  -  Run Local Usage
		Usr 0 00:00:17, Sys 0 00:00:00  -  Total Remote Usage
		Usr 0 00:00:00, Sys 0 00:00:00  -  Total Local Usage
	5894  -  Run Bytes Sent By Job
	35628388  -  Run Bytes Received By Job
	5894  -  Total Bytes Sent By Job
	35628388  -  Total Bytes Received By Job
	Partitionable Resources :    Usage  Request Allocated 
	   Cpus                 :                 1         1 
	   Disk (KB)            :   257759   524288   1208198 
	   IoHeavy              :                           0 
	   Memory (MB)          :      488      512       512 

	Job terminated of its own accord at 2023-08-14T02:39:45Z with exit-code 0.
...
