000 (11930207.065.000) 2023-08-14 02:57:22 Job submitted from host: <128.104.101.92:9618?addrs=128.104.101.92-9618+[2607-f388-107c-501-a236-9fff-fe3c-caa8]-9618&alias=submit2.chtc.wisc.edu&noUDP&sock=schedd_1879732_618e>
...
040 (11930207.065.000) 2023-08-14 02:58:12 Started transferring input files
	Transferring to host: <128.105.69.161:9618?addrs=128.105.69.161-9618+[2607-f388-2200-100-1270-fdff-fe56-bf5c]-9618&alias=e4094.chtc.wisc.edu&noUDP&sock=slot1_23_1367360_912c_114564>
...
040 (11930207.065.000) 2023-08-14 02:58:13 Finished transferring input files
...
001 (11930207.065.000) 2023-08-14 02:58:14 Job executing on host: <128.105.69.161:9618?addrs=128.105.69.161-9618+[2607-f388-2200-100-1270-fdff-fe56-bf5c]-9618&alias=e4094.chtc.wisc.edu&noUDP&sock=startd_11680_1644>
	SlotName: slot1_23@e4094.chtc.wisc.edu
	CondorScratchDir = "/var/lib/condor/execute/slot1/dir_2244451"
	Cpus = 1
	Disk = 1208198
	IoHeavy = 0
	Memory = 512
...
006 (11930207.065.000) 2023-08-14 02:58:23 Image size of job updated: 524288
	512  -  MemoryUsage of job (MB)
	524080  -  ResidentSetSize of job (KB)
...
040 (11930207.065.000) 2023-08-14 02:59:10 Started transferring output files
...
040 (11930207.065.000) 2023-08-14 02:59:11 Finished transferring output files
...
005 (11930207.065.000) 2023-08-14 02:59:12 Job terminated.
	(1) Normal termination (return value 0)
		Usr 0 00:00:51, Sys 0 00:00:01  -  Run Remote Usage
		Usr 0 00:00:00, Sys 0 00:00:00  -  Run Local Usage
		Usr 0 00:00:51, Sys 0 00:00:01  -  Total Remote Usage
		Usr 0 00:00:00, Sys 0 00:00:00  -  Total Local Usage
	5817  -  Run Bytes Sent By Job
	35628108  -  Run Bytes Received By Job
	5817  -  Total Bytes Sent By Job
	35628108  -  Total Bytes Received By Job
	Partitionable Resources :    Usage  Request Allocated 
	   Cpus                 :                 1         1 
	   Disk (KB)            :   257759   524288   1208198 
	   IoHeavy              :                           0 
	   Memory (MB)          :      512      512       512 

	Job terminated of its own accord at 2023-08-14T07:59:09Z with exit-code 0.
...
