000 (11930207.029.000) 2023-08-14 02:57:22 Job submitted from host: <128.104.101.92:9618?addrs=128.104.101.92-9618+[2607-f388-107c-501-a236-9fff-fe3c-caa8]-9618&alias=submit2.chtc.wisc.edu&noUDP&sock=schedd_1879732_618e>
...
040 (11930207.029.000) 2023-08-14 02:57:56 Started transferring input files
	Transferring to host: <128.105.69.221:9618?addrs=128.105.69.221-9618+[2607-f388-2200-100-eaeb-d3ff-fe40-2304]-9618&alias=e2604.chtc.wisc.edu&noUDP&sock=slot1_18_4039286_25d9_127024>
...
040 (11930207.029.000) 2023-08-14 02:57:58 Finished transferring input files
...
001 (11930207.029.000) 2023-08-14 02:57:59 Job executing on host: <128.105.69.221:9618?addrs=128.105.69.221-9618+[2607-f388-2200-100-eaeb-d3ff-fe40-2304]-9618&alias=e2604.chtc.wisc.edu&noUDP&sock=startd_18650_ed5f>
	SlotName: slot1_18@e2604.chtc.wisc.edu
	CondorScratchDir = "/var/lib/condor/execute/slot1/dir_482108"
	Cpus = 1
	Disk = 1458998
	IoHeavy = 0
	Memory = 512
...
006 (11930207.029.000) 2023-08-14 02:58:07 Image size of job updated: 524288
	467  -  MemoryUsage of job (MB)
	478048  -  ResidentSetSize of job (KB)
...
006 (11930207.029.000) 2023-08-14 03:00:10 Image size of job updated: 524292
	467  -  MemoryUsage of job (MB)
	478048  -  ResidentSetSize of job (KB)
...
007 (11930207.029.000) 2023-08-14 03:00:10 Shadow exception!
	Error from slot1_18@e2604.chtc.wisc.edu: Job has gone over memory limit of 512 megabytes. Peak usage: 512 megabytes.
	0  -  Run Bytes Sent By Job
	35628108  -  Run Bytes Received By Job
...
012 (11930207.029.000) 2023-08-14 03:00:10 Job was held.
	Error from slot1_18@e2604.chtc.wisc.edu: Job has gone over memory limit of 512 megabytes. Peak usage: 512 megabytes.
	Code 34 Subcode 0
...
