000 (11922362.074.000) 2023-08-13 21:33:16 Job submitted from host: <128.104.101.92:9618?addrs=128.104.101.92-9618+[2607-f388-107c-501-a236-9fff-fe3c-caa8]-9618&alias=submit2.chtc.wisc.edu&noUDP&sock=schedd_1879732_618e>
...
040 (11922362.074.000) 2023-08-13 21:34:29 Started transferring input files
	Transferring to host: <128.105.69.101:9618?addrs=128.105.69.101-9618+[2607-f388-2200-100-1270-fdff-fe56-bae4]-9618&alias=e4012.chtc.wisc.edu&noUDP&sock=slot1_17_3576311_60af_104349>
...
040 (11922362.074.000) 2023-08-13 21:34:30 Finished transferring input files
...
001 (11922362.074.000) 2023-08-13 21:34:32 Job executing on host: <128.105.69.101:9618?addrs=128.105.69.101-9618+[2607-f388-2200-100-1270-fdff-fe56-bae4]-9618&alias=e4012.chtc.wisc.edu&noUDP&sock=startd_15697_6a33>
	SlotName: slot1_17@e4012.chtc.wisc.edu
	CondorScratchDir = "/var/lib/condor/execute/slot1/dir_1541530"
	Cpus = 1
	Disk = 1208198
	IoHeavy = 0
	Memory = 512
...
006 (11922362.074.000) 2023-08-13 21:34:40 Image size of job updated: 515972
	475  -  MemoryUsage of job (MB)
	486356  -  ResidentSetSize of job (KB)
...
006 (11922362.074.000) 2023-08-13 21:34:50 Image size of job updated: 517148
	475  -  MemoryUsage of job (MB)
	486356  -  ResidentSetSize of job (KB)
...
040 (11922362.074.000) 2023-08-13 21:34:50 Started transferring output files
...
040 (11922362.074.000) 2023-08-13 21:34:50 Finished transferring output files
...
005 (11922362.074.000) 2023-08-13 21:34:51 Job terminated.
	(1) Normal termination (return value 0)
		Usr 0 00:00:17, Sys 0 00:00:00  -  Run Remote Usage
		Usr 0 00:00:00, Sys 0 00:00:00  -  Run Local Usage
		Usr 0 00:00:17, Sys 0 00:00:00  -  Total Remote Usage
		Usr 0 00:00:00, Sys 0 00:00:00  -  Total Local Usage
	5527  -  Run Bytes Sent By Job
	35628408  -  Run Bytes Received By Job
	5527  -  Total Bytes Sent By Job
	35628408  -  Total Bytes Received By Job
	Partitionable Resources :    Usage  Request Allocated 
	   Cpus                 :        0        1         1 
	   Disk (KB)            :   257767   524288   1208198 
	   IoHeavy              :                           0 
	   Memory (MB)          :      475      512       512 

	Job terminated of its own accord at 2023-08-14T02:34:50Z with exit-code 0.
...
