000 (11922362.018.000) 2023-08-13 21:33:16 Job submitted from host: <128.104.101.92:9618?addrs=128.104.101.92-9618+[2607-f388-107c-501-a236-9fff-fe3c-caa8]-9618&alias=submit2.chtc.wisc.edu&noUDP&sock=schedd_1879732_618e>
...
040 (11922362.018.000) 2023-08-13 21:34:23 Started transferring input files
	Transferring to host: <128.105.69.231:9618?addrs=128.105.69.231-9618+[2607-f388-2200-100-eaeb-d3ff-fe3f-fbfc]-9618&alias=e2614.chtc.wisc.edu&noUDP&sock=slot1_14_1949178_fb58_105660>
...
040 (11922362.018.000) 2023-08-13 21:34:25 Finished transferring input files
...
001 (11922362.018.000) 2023-08-13 21:34:26 Job executing on host: <128.105.69.231:9618?addrs=128.105.69.231-9618+[2607-f388-2200-100-eaeb-d3ff-fe3f-fbfc]-9618&alias=e2614.chtc.wisc.edu&noUDP&sock=startd_11686_33d5>
	SlotName: slot1_14@e2614.chtc.wisc.edu
	CondorScratchDir = "/var/lib/condor/execute/slot1/dir_3135980"
	Cpus = 1
	Disk = 1458998
	IoHeavy = 0
	Memory = 512
...
006 (11922362.018.000) 2023-08-13 21:34:35 Image size of job updated: 524292
	471  -  MemoryUsage of job (MB)
	481920  -  ResidentSetSize of job (KB)
...
006 (11922362.018.000) 2023-08-13 21:35:39 Image size of job updated: 524292
	487  -  MemoryUsage of job (MB)
	498048  -  ResidentSetSize of job (KB)
...
040 (11922362.018.000) 2023-08-13 21:35:39 Started transferring output files
...
040 (11922362.018.000) 2023-08-13 21:35:39 Finished transferring output files
...
005 (11922362.018.000) 2023-08-13 21:35:39 Job terminated.
	(1) Normal termination (return value 0)
		Usr 0 00:01:10, Sys 0 00:00:01  -  Run Remote Usage
		Usr 0 00:00:00, Sys 0 00:00:00  -  Run Local Usage
		Usr 0 00:01:10, Sys 0 00:00:01  -  Total Remote Usage
		Usr 0 00:00:00, Sys 0 00:00:00  -  Total Local Usage
	5885  -  Run Bytes Sent By Job
	35628408  -  Run Bytes Received By Job
	5885  -  Total Bytes Sent By Job
	35628408  -  Total Bytes Received By Job
	Partitionable Resources :    Usage  Request Allocated 
	   Cpus                 :                 1         1 
	   Disk (KB)            :   257759   524288   1458998 
	   IoHeavy              :                           0 
	   Memory (MB)          :      487      512       512 

	Job terminated of its own accord at 2023-08-14T02:35:39Z with exit-code 0.
...
