000 (11922361.059.000) 2023-08-13 21:26:14 Job submitted from host: <128.104.101.92:9618?addrs=128.104.101.92-9618+[2607-f388-107c-501-a236-9fff-fe3c-caa8]-9618&alias=submit2.chtc.wisc.edu&noUDP&sock=schedd_1879732_618e>
...
040 (11922361.059.000) 2023-08-13 21:27:25 Started transferring input files
	Transferring to host: <128.105.69.207:9618?addrs=128.105.69.207-9618+[2607-f388-2200-100-eaeb-d3ff-fe40-2384]-9618&alias=e2590.chtc.wisc.edu&noUDP&sock=slot1_10_1655303_7589_117379>
...
040 (11922361.059.000) 2023-08-13 21:27:27 Finished transferring input files
...
001 (11922361.059.000) 2023-08-13 21:27:28 Job executing on host: <128.105.69.207:9618?addrs=128.105.69.207-9618+[2607-f388-2200-100-eaeb-d3ff-fe40-2384]-9618&alias=e2590.chtc.wisc.edu&noUDP&sock=startd_18795_629a>
	SlotName: slot1_10@e2590.chtc.wisc.edu
	CondorScratchDir = "/var/lib/condor/execute/slot1/dir_641267"
	Cpus = 1
	Disk = 1458998
	IoHeavy = 0
	Memory = 512
...
006 (11922361.059.000) 2023-08-13 21:27:37 Image size of job updated: 470600
	438  -  MemoryUsage of job (MB)
	447828  -  ResidentSetSize of job (KB)
...
006 (11922361.059.000) 2023-08-13 21:27:50 Image size of job updated: 512188
	438  -  MemoryUsage of job (MB)
	447828  -  ResidentSetSize of job (KB)
...
040 (11922361.059.000) 2023-08-13 21:27:50 Started transferring output files
...
040 (11922361.059.000) 2023-08-13 21:27:50 Finished transferring output files
...
005 (11922361.059.000) 2023-08-13 21:27:50 Job terminated.
	(1) Normal termination (return value 0)
		Usr 0 00:00:19, Sys 0 00:00:00  -  Run Remote Usage
		Usr 0 00:00:00, Sys 0 00:00:00  -  Run Local Usage
		Usr 0 00:00:19, Sys 0 00:00:00  -  Total Remote Usage
		Usr 0 00:00:00, Sys 0 00:00:00  -  Total Local Usage
	5894  -  Run Bytes Sent By Job
	35628456  -  Run Bytes Received By Job
	5894  -  Total Bytes Sent By Job
	35628456  -  Total Bytes Received By Job
	Partitionable Resources :    Usage  Request Allocated 
	   Cpus                 :                 1         1 
	   Disk (KB)            :   257759   524288   1458998 
	   IoHeavy              :                           0 
	   Memory (MB)          :      438      512       512 

	Job terminated of its own accord at 2023-08-14T02:27:50Z with exit-code 0.
...
