000 (11930207.059.000) 2023-08-14 02:57:22 Job submitted from host: <128.104.101.92:9618?addrs=128.104.101.92-9618+[2607-f388-107c-501-a236-9fff-fe3c-caa8]-9618&alias=submit2.chtc.wisc.edu&noUDP&sock=schedd_1879732_618e>
...
040 (11930207.059.000) 2023-08-14 02:58:09 Started transferring input files
	Transferring to host: <128.105.69.210:9618?addrs=128.105.69.210-9618+[2607-f388-2200-100-eaeb-d3ff-fe40-88c]-9618&alias=e2593.chtc.wisc.edu&noUDP&sock=slot1_26_2196243_9ff7_121851>
...
040 (11930207.059.000) 2023-08-14 02:58:11 Finished transferring input files
...
001 (11930207.059.000) 2023-08-14 02:58:12 Job executing on host: <128.105.69.210:9618?addrs=128.105.69.210-9618+[2607-f388-2200-100-eaeb-d3ff-fe40-88c]-9618&alias=e2593.chtc.wisc.edu&noUDP&sock=startd_18721_a098>
	SlotName: slot1_26@e2593.chtc.wisc.edu
	CondorScratchDir = "/var/lib/condor/execute/slot1/dir_2769248"
	Cpus = 1
	Disk = 1458998
	IoHeavy = 0
	Memory = 512
...
006 (11930207.059.000) 2023-08-14 02:58:21 Image size of job updated: 488652
	462  -  MemoryUsage of job (MB)
	472708  -  ResidentSetSize of job (KB)
...
006 (11930207.059.000) 2023-08-14 02:59:02 Image size of job updated: 511860
	462  -  MemoryUsage of job (MB)
	472708  -  ResidentSetSize of job (KB)
...
040 (11930207.059.000) 2023-08-14 02:59:03 Started transferring output files
...
040 (11930207.059.000) 2023-08-14 02:59:03 Finished transferring output files
...
005 (11930207.059.000) 2023-08-14 02:59:06 Job terminated.
	(1) Normal termination (return value 0)
		Usr 0 00:00:47, Sys 0 00:00:01  -  Run Remote Usage
		Usr 0 00:00:00, Sys 0 00:00:00  -  Run Local Usage
		Usr 0 00:00:47, Sys 0 00:00:01  -  Total Remote Usage
		Usr 0 00:00:00, Sys 0 00:00:00  -  Total Local Usage
	5802  -  Run Bytes Sent By Job
	35628108  -  Run Bytes Received By Job
	5802  -  Total Bytes Sent By Job
	35628108  -  Total Bytes Received By Job
	Partitionable Resources :    Usage  Request Allocated 
	   Cpus                 :                 1         1 
	   Disk (KB)            :   257759   524288   1458998 
	   IoHeavy              :                           0 
	   Memory (MB)          :      462      512       512 

	Job terminated of its own accord at 2023-08-14T07:59:02Z with exit-code 0.
...
