000 (11930207.045.000) 2023-08-14 02:57:22 Job submitted from host: <128.104.101.92:9618?addrs=128.104.101.92-9618+[2607-f388-107c-501-a236-9fff-fe3c-caa8]-9618&alias=submit2.chtc.wisc.edu&noUDP&sock=schedd_1879732_618e>
...
040 (11930207.045.000) 2023-08-14 02:57:58 Started transferring input files
	Transferring to host: <128.105.69.190:9618?addrs=128.105.69.190-9618+[2607-f388-2200-100-1270-fdff-fe56-c2fc]-9618&alias=e4043.chtc.wisc.edu&noUDP&sock=slot1_21_22997_3780_9772>
...
040 (11930207.045.000) 2023-08-14 02:57:59 Finished transferring input files
...
001 (11930207.045.000) 2023-08-14 02:58:00 Job executing on host: <128.105.69.190:9618?addrs=128.105.69.190-9618+[2607-f388-2200-100-1270-fdff-fe56-c2fc]-9618&alias=e4043.chtc.wisc.edu&noUDP&sock=startd_22855_351d>
	SlotName: slot1_21@e4043.chtc.wisc.edu
	CondorScratchDir = "/var/lib/condor/execute/slot1/dir_3882321"
	Cpus = 1
	Disk = 1208198
	IoHeavy = 0
	Memory = 512
...
006 (11930207.045.000) 2023-08-14 02:58:09 Image size of job updated: 524288
	461  -  MemoryUsage of job (MB)
	472012  -  ResidentSetSize of job (KB)
...
006 (11930207.045.000) 2023-08-14 02:59:16 Image size of job updated: 524288
	464  -  MemoryUsage of job (MB)
	475084  -  ResidentSetSize of job (KB)
...
040 (11930207.045.000) 2023-08-14 02:59:16 Started transferring output files
...
040 (11930207.045.000) 2023-08-14 02:59:16 Finished transferring output files
...
005 (11930207.045.000) 2023-08-14 02:59:16 Job terminated.
	(1) Normal termination (return value 0)
		Usr 0 00:01:12, Sys 0 00:00:01  -  Run Remote Usage
		Usr 0 00:00:00, Sys 0 00:00:00  -  Run Local Usage
		Usr 0 00:01:12, Sys 0 00:00:01  -  Total Remote Usage
		Usr 0 00:00:00, Sys 0 00:00:00  -  Total Local Usage
	5883  -  Run Bytes Sent By Job
	35628108  -  Run Bytes Received By Job
	5883  -  Total Bytes Sent By Job
	35628108  -  Total Bytes Received By Job
	Partitionable Resources :    Usage  Request Allocated 
	   Cpus                 :                 1         1 
	   Disk (KB)            :   257758   524288   1208198 
	   IoHeavy              :                           0 
	   Memory (MB)          :      464      512       512 

	Job terminated of its own accord at 2023-08-14T07:59:16Z with exit-code 0.
...
