000 (11922357.141.000) 2023-08-13 20:46:22 Job submitted from host: <128.104.101.92:9618?addrs=128.104.101.92-9618+[2607-f388-107c-501-a236-9fff-fe3c-caa8]-9618&alias=submit2.chtc.wisc.edu&noUDP&sock=schedd_1879732_618e>
...
040 (11922357.141.000) 2023-08-13 20:47:38 Started transferring input files
	Transferring to host: <128.105.69.164:9618?addrs=128.105.69.164-9618+[2607-f388-2200-100-1270-fdff-fe56-c2ec]-9618&alias=e4097.chtc.wisc.edu&noUDP&sock=slot1_25_3584328_1455_123039>
...
040 (11922357.141.000) 2023-08-13 20:47:40 Finished transferring input files
...
001 (11922357.141.000) 2023-08-13 20:47:41 Job executing on host: <128.105.69.164:9618?addrs=128.105.69.164-9618+[2607-f388-2200-100-1270-fdff-fe56-c2ec]-9618&alias=e4097.chtc.wisc.edu&noUDP&sock=startd_16809_2784>
	SlotName: slot1_25@e4097.chtc.wisc.edu
	CondorScratchDir = "/var/lib/condor/execute/slot1/dir_3187517"
	Cpus = 1
	Disk = 1208198
	IoHeavy = 0
	Memory = 512
...
006 (11922357.141.000) 2023-08-13 20:47:50 Image size of job updated: 518032
	500  -  MemoryUsage of job (MB)
	511700  -  ResidentSetSize of job (KB)
...
040 (11922357.141.000) 2023-08-13 20:47:52 Started transferring output files
...
040 (11922357.141.000) 2023-08-13 20:47:52 Finished transferring output files
...
005 (11922357.141.000) 2023-08-13 20:47:52 Job terminated.
	(1) Normal termination (return value 0)
		Usr 0 00:00:09, Sys 0 00:00:00  -  Run Remote Usage
		Usr 0 00:00:00, Sys 0 00:00:00  -  Run Local Usage
		Usr 0 00:00:09, Sys 0 00:00:00  -  Total Remote Usage
		Usr 0 00:00:00, Sys 0 00:00:00  -  Total Local Usage
	5573  -  Run Bytes Sent By Job
	35628504  -  Run Bytes Received By Job
	5573  -  Total Bytes Sent By Job
	35628504  -  Total Bytes Received By Job
	Partitionable Resources :    Usage  Request Allocated 
	   Cpus                 :        0        1         1 
	   Disk (KB)            :   257767   524288   1208198 
	   IoHeavy              :                           0 
	   Memory (MB)          :      500      512       512 

	Job terminated of its own accord at 2023-08-14T01:47:52Z with exit-code 0.
...
