000 (11933708.015.000) 2023-08-14 03:20:36 Job submitted from host: <128.104.101.92:9618?addrs=128.104.101.92-9618+[2607-f388-107c-501-a236-9fff-fe3c-caa8]-9618&alias=submit2.chtc.wisc.edu&noUDP&sock=schedd_1879732_618e>
...
040 (11933708.015.000) 2023-08-14 03:23:49 Started transferring input files
	Transferring to host: <128.105.69.108:9618?addrs=128.105.69.108-9618+[2607-f388-2200-100-1270-fdff-fe56-3214]-9618&alias=e4057.chtc.wisc.edu&noUDP&sock=slot1_44_108112_6f25_111531>
...
040 (11933708.015.000) 2023-08-14 03:23:52 Finished transferring input files
...
001 (11933708.015.000) 2023-08-14 03:23:53 Job executing on host: <128.105.69.108:9618?addrs=128.105.69.108-9618+[2607-f388-2200-100-1270-fdff-fe56-3214]-9618&alias=e4057.chtc.wisc.edu&noUDP&sock=startd_3617919_163d>
	SlotName: slot1_44@e4057.chtc.wisc.edu
	CondorScratchDir = "/var/lib/condor/execute/slot1/dir_2132418"
	Cpus = 1
	Disk = 1208198
	IoHeavy = 0
	Memory = 512
...
006 (11933708.015.000) 2023-08-14 03:24:01 Image size of job updated: 524288
	497  -  MemoryUsage of job (MB)
	508900  -  ResidentSetSize of job (KB)
...
040 (11933708.015.000) 2023-08-14 03:27:55 Started transferring output files
...
040 (11933708.015.000) 2023-08-14 03:27:55 Finished transferring output files
...
005 (11933708.015.000) 2023-08-14 03:27:55 Job terminated.
	(1) Normal termination (return value 0)
		Usr 0 00:03:53, Sys 0 00:00:05  -  Run Remote Usage
		Usr 0 00:00:00, Sys 0 00:00:00  -  Run Local Usage
		Usr 0 00:03:53, Sys 0 00:00:05  -  Total Remote Usage
		Usr 0 00:00:00, Sys 0 00:00:00  -  Total Local Usage
	5851  -  Run Bytes Sent By Job
	35628052  -  Run Bytes Received By Job
	5851  -  Total Bytes Sent By Job
	35628052  -  Total Bytes Received By Job
	Partitionable Resources :     Usage  Request Allocated 
	   Cpus                 :      0.99        1         1 
	   Disk (KB)            : 257767      524288   1208198 
	   IoHeavy              :                            0 
	   Memory (MB)          :    497         512       512 

	Job terminated of its own accord at 2023-08-14T08:27:55Z with exit-code 0.
...
