000 (11922361.038.000) 2023-08-13 21:26:14 Job submitted from host: <128.104.101.92:9618?addrs=128.104.101.92-9618+[2607-f388-107c-501-a236-9fff-fe3c-caa8]-9618&alias=submit2.chtc.wisc.edu&noUDP&sock=schedd_1879732_618e>
...
040 (11922361.038.000) 2023-08-13 21:27:24 Started transferring input files
	Transferring to host: <128.105.69.201:9618?addrs=128.105.69.201-9618+[2607-f388-2200-100-1270-fdff-fe56-62e4]-9618&alias=e4030.chtc.wisc.edu&noUDP&sock=slot1_2_1163599_826e_106472>
...
040 (11922361.038.000) 2023-08-13 21:27:25 Finished transferring input files
...
001 (11922361.038.000) 2023-08-13 21:27:27 Job executing on host: <128.105.69.201:9618?addrs=128.105.69.201-9618+[2607-f388-2200-100-1270-fdff-fe56-62e4]-9618&alias=e4030.chtc.wisc.edu&noUDP&sock=startd_15524_c051>
	SlotName: slot1_2@e4030.chtc.wisc.edu
	CondorScratchDir = "/var/lib/condor/execute/slot1/dir_3086827"
	Cpus = 1
	Disk = 1208198
	IoHeavy = 0
	Memory = 512
...
006 (11922361.038.000) 2023-08-13 21:27:35 Image size of job updated: 481292
	448  -  MemoryUsage of job (MB)
	457984  -  ResidentSetSize of job (KB)
...
006 (11922361.038.000) 2023-08-13 21:28:05 Image size of job updated: 524288
	448  -  MemoryUsage of job (MB)
	457984  -  ResidentSetSize of job (KB)
...
040 (11922361.038.000) 2023-08-13 21:28:05 Started transferring output files
...
040 (11922361.038.000) 2023-08-13 21:28:05 Finished transferring output files
...
005 (11922361.038.000) 2023-08-13 21:28:05 Job terminated.
	(1) Normal termination (return value 0)
		Usr 0 00:00:36, Sys 0 00:00:00  -  Run Remote Usage
		Usr 0 00:00:00, Sys 0 00:00:00  -  Run Local Usage
		Usr 0 00:00:36, Sys 0 00:00:00  -  Total Remote Usage
		Usr 0 00:00:00, Sys 0 00:00:00  -  Total Local Usage
	5885  -  Run Bytes Sent By Job
	35628456  -  Run Bytes Received By Job
	5885  -  Total Bytes Sent By Job
	35628456  -  Total Bytes Received By Job
	Partitionable Resources :    Usage  Request Allocated 
	   Cpus                 :                 1         1 
	   Disk (KB)            :   257759   524288   1208198 
	   IoHeavy              :                           0 
	   Memory (MB)          :      448      512       512 

	Job terminated of its own accord at 2023-08-14T02:28:05Z with exit-code 0.
...
