000 (11922357.046.000) 2023-08-13 20:46:22 Job submitted from host: <128.104.101.92:9618?addrs=128.104.101.92-9618+[2607-f388-107c-501-a236-9fff-fe3c-caa8]-9618&alias=submit2.chtc.wisc.edu&noUDP&sock=schedd_1879732_618e>
...
040 (11922357.046.000) 2023-08-13 20:47:28 Started transferring input files
	Transferring to host: <128.105.69.112:9618?addrs=128.105.69.112-9618+[2607-f388-2200-100-1270-fdff-fe56-c354]-9618&alias=e4061.chtc.wisc.edu&noUDP&sock=slot1_23_3226916_fe0f_112287>
...
040 (11922357.046.000) 2023-08-13 20:47:30 Finished transferring input files
...
001 (11922357.046.000) 2023-08-13 20:47:31 Job executing on host: <128.105.69.112:9618?addrs=128.105.69.112-9618+[2607-f388-2200-100-1270-fdff-fe56-c354]-9618&alias=e4061.chtc.wisc.edu&noUDP&sock=startd_16968_3713>
	SlotName: slot1_23@e4061.chtc.wisc.edu
	CondorScratchDir = "/var/lib/condor/execute/slot1/dir_420706"
	Cpus = 1
	Disk = 1208198
	IoHeavy = 0
	Memory = 512
...
006 (11922357.046.000) 2023-08-13 20:47:40 Image size of job updated: 524288
	498  -  MemoryUsage of job (MB)
	509152  -  ResidentSetSize of job (KB)
...
040 (11922357.046.000) 2023-08-13 20:48:54 Started transferring output files
...
040 (11922357.046.000) 2023-08-13 20:48:54 Finished transferring output files
...
005 (11922357.046.000) 2023-08-13 20:48:54 Job terminated.
	(1) Normal termination (return value 0)
		Usr 0 00:01:20, Sys 0 00:00:01  -  Run Remote Usage
		Usr 0 00:00:00, Sys 0 00:00:00  -  Run Local Usage
		Usr 0 00:01:20, Sys 0 00:00:01  -  Total Remote Usage
		Usr 0 00:00:00, Sys 0 00:00:00  -  Total Local Usage
	5875  -  Run Bytes Sent By Job
	35628504  -  Run Bytes Received By Job
	5875  -  Total Bytes Sent By Job
	35628504  -  Total Bytes Received By Job
	Partitionable Resources :    Usage  Request Allocated 
	   Cpus                 :                 1         1 
	   Disk (KB)            :   257759   524288   1208198 
	   IoHeavy              :                           0 
	   Memory (MB)          :      498      512       512 

	Job terminated of its own accord at 2023-08-14T01:48:54Z with exit-code 0.
...
