000 (11922362.004.000) 2023-08-13 21:33:16 Job submitted from host: <128.104.101.92:9618?addrs=128.104.101.92-9618+[2607-f388-107c-501-a236-9fff-fe3c-caa8]-9618&alias=submit2.chtc.wisc.edu&noUDP&sock=schedd_1879732_618e>
...
040 (11922362.004.000) 2023-08-13 21:34:21 Started transferring input files
	Transferring to host: <128.105.69.229:9618?addrs=128.105.69.229-9618+[2607-f388-2200-100-eaeb-d3ff-fe40-1104]-9618&alias=e2612.chtc.wisc.edu&noUDP&sock=slot1_13_61344_25b8_111674>
...
040 (11922362.004.000) 2023-08-13 21:34:23 Finished transferring input files
...
001 (11922362.004.000) 2023-08-13 21:34:24 Job executing on host: <128.105.69.229:9618?addrs=128.105.69.229-9618+[2607-f388-2200-100-eaeb-d3ff-fe40-1104]-9618&alias=e2612.chtc.wisc.edu&noUDP&sock=startd_18685_ef2f>
	SlotName: slot1_13@e2612.chtc.wisc.edu
	CondorScratchDir = "/var/lib/condor/execute/slot1/dir_261382"
	Cpus = 1
	Disk = 1458998
	IoHeavy = 0
	Memory = 512
...
006 (11922362.004.000) 2023-08-13 21:34:32 Image size of job updated: 524288
	511  -  MemoryUsage of job (MB)
	523248  -  ResidentSetSize of job (KB)
...
007 (11922362.004.000) 2023-08-13 21:35:29 Shadow exception!
	Error from slot1_13@e2612.chtc.wisc.edu: Job has gone over memory limit of 512 megabytes. Peak usage: 512 megabytes.
	0  -  Run Bytes Sent By Job
	35628408  -  Run Bytes Received By Job
...
012 (11922362.004.000) 2023-08-13 21:35:29 Job was held.
	Error from slot1_13@e2612.chtc.wisc.edu: Job has gone over memory limit of 512 megabytes. Peak usage: 512 megabytes.
	Code 34 Subcode 0
...
009 (11922362.004.000) 2023-08-13 21:38:01 Job was aborted.
	via condor_rm (by user mzheng54)
...
