000 (11922363.003.000) 2023-08-13 21:38:46 Job submitted from host: <128.104.101.92:9618?addrs=128.104.101.92-9618+[2607-f388-107c-501-a236-9fff-fe3c-caa8]-9618&alias=submit2.chtc.wisc.edu&noUDP&sock=schedd_1879732_618e>
...
040 (11922363.003.000) 2023-08-13 21:39:20 Started transferring input files
	Transferring to host: <128.105.69.140:9618?addrs=128.105.69.140-9618+[2607-f388-2200-100-1270-fdff-fe56-ca7c]-9618&alias=e4017.chtc.wisc.edu&noUDP&sock=slot1_12_417353_b1a5_118163>
...
040 (11922363.003.000) 2023-08-13 21:39:22 Finished transferring input files
...
001 (11922363.003.000) 2023-08-13 21:39:23 Job executing on host: <128.105.69.140:9618?addrs=128.105.69.140-9618+[2607-f388-2200-100-1270-fdff-fe56-ca7c]-9618&alias=e4017.chtc.wisc.edu&noUDP&sock=startd_11656_9ffe>
	SlotName: slot1_12@e4017.chtc.wisc.edu
	CondorScratchDir = "/var/lib/condor/execute/slot1/dir_606689"
	Cpus = 1
	Disk = 1208198
	IoHeavy = 0
	Memory = 512
...
006 (11922363.003.000) 2023-08-13 21:39:32 Image size of job updated: 524288
	512  -  MemoryUsage of job (MB)
	524152  -  ResidentSetSize of job (KB)
...
006 (11922363.003.000) 2023-08-13 21:40:32 Image size of job updated: 524288
	512  -  MemoryUsage of job (MB)
	524256  -  ResidentSetSize of job (KB)
...
040 (11922363.003.000) 2023-08-13 21:40:32 Started transferring output files
...
040 (11922363.003.000) 2023-08-13 21:40:32 Finished transferring output files
...
005 (11922363.003.000) 2023-08-13 21:40:32 Job terminated.
	(1) Normal termination (return value 0)
		Usr 0 00:01:05, Sys 0 00:00:01  -  Run Remote Usage
		Usr 0 00:00:00, Sys 0 00:00:00  -  Run Local Usage
		Usr 0 00:01:05, Sys 0 00:00:01  -  Total Remote Usage
		Usr 0 00:00:00, Sys 0 00:00:00  -  Total Local Usage
	5792  -  Run Bytes Sent By Job
	35628388  -  Run Bytes Received By Job
	5792  -  Total Bytes Sent By Job
	35628388  -  Total Bytes Received By Job
	Partitionable Resources :     Usage  Request Allocated 
	   Cpus                 :      0.99        1         1 
	   Disk (KB)            : 257767      524288   1208198 
	   IoHeavy              :                            0 
	   Memory (MB)          :    512         512       512 

	Job terminated of its own accord at 2023-08-14T02:40:32Z with exit-code 0.
...
