000 (11922362.120.000) 2023-08-13 21:33:16 Job submitted from host: <128.104.101.92:9618?addrs=128.104.101.92-9618+[2607-f388-107c-501-a236-9fff-fe3c-caa8]-9618&alias=submit2.chtc.wisc.edu&noUDP&sock=schedd_1879732_618e>
...
040 (11922362.120.000) 2023-08-13 21:34:34 Started transferring input files
	Transferring to host: <128.105.69.217:9618?addrs=128.105.69.217-9618&alias=e2600.chtc.wisc.edu&noUDP&sock=slot1_13_2971346_ceb6_124297>
...
040 (11922362.120.000) 2023-08-13 21:34:35 Finished transferring input files
...
001 (11922362.120.000) 2023-08-13 21:34:37 Job executing on host: <128.105.69.217:9618?addrs=128.105.69.217-9618&alias=e2600.chtc.wisc.edu&noUDP&sock=startd_19081_8eb0>
	SlotName: slot1_13@e2600.chtc.wisc.edu
	CondorScratchDir = "/var/lib/condor/execute/slot1/dir_1088515"
	Cpus = 1
	Disk = 1458998
	IoHeavy = 0
	Memory = 512
...
006 (11922362.120.000) 2023-08-13 21:34:44 Image size of job updated: 509976
	181  -  MemoryUsage of job (MB)
	184684  -  ResidentSetSize of job (KB)
...
040 (11922362.120.000) 2023-08-13 21:34:44 Started transferring output files
...
040 (11922362.120.000) 2023-08-13 21:34:44 Finished transferring output files
...
005 (11922362.120.000) 2023-08-13 21:34:44 Job terminated.
	(1) Normal termination (return value 0)
		Usr 0 00:00:06, Sys 0 00:00:00  -  Run Remote Usage
		Usr 0 00:00:00, Sys 0 00:00:00  -  Run Local Usage
		Usr 0 00:00:06, Sys 0 00:00:00  -  Total Remote Usage
		Usr 0 00:00:00, Sys 0 00:00:00  -  Total Local Usage
	5542  -  Run Bytes Sent By Job
	35628408  -  Run Bytes Received By Job
	5542  -  Total Bytes Sent By Job
	35628408  -  Total Bytes Received By Job
	Partitionable Resources :    Usage  Request Allocated 
	   Cpus                 :                 1         1 
	   Disk (KB)            :   257758   524288   1458998 
	   IoHeavy              :                           0 
	   Memory (MB)          :      181      512       512 

	Job terminated of its own accord at 2023-08-14T02:34:44Z with exit-code 0.
...
