000 (11922362.081.000) 2023-08-13 21:33:16 Job submitted from host: <128.104.101.92:9618?addrs=128.104.101.92-9618+[2607-f388-107c-501-a236-9fff-fe3c-caa8]-9618&alias=submit2.chtc.wisc.edu&noUDP&sock=schedd_1879732_618e>
...
040 (11922362.081.000) 2023-08-13 21:34:30 Started transferring input files
	Transferring to host: <128.105.69.128:9618?addrs=128.105.69.128-9618+[2607-f388-2200-100-1270-fdff-fe56-642c]-9618&alias=e4077.chtc.wisc.edu&noUDP&sock=slot1_22_356625_52ff_112555>
...
040 (11922362.081.000) 2023-08-13 21:34:31 Finished transferring input files
...
001 (11922362.081.000) 2023-08-13 21:34:32 Job executing on host: <128.105.69.128:9618?addrs=128.105.69.128-9618+[2607-f388-2200-100-1270-fdff-fe56-642c]-9618&alias=e4077.chtc.wisc.edu&noUDP&sock=startd_17017_d337>
	SlotName: slot1_22@e4077.chtc.wisc.edu
	CondorScratchDir = "/var/lib/condor/execute/slot1/dir_4142541"
	Cpus = 1
	Disk = 1208198
	IoHeavy = 0
	Memory = 512
...
006 (11922362.081.000) 2023-08-13 21:34:41 Image size of job updated: 510860
	490  -  MemoryUsage of job (MB)
	501160  -  ResidentSetSize of job (KB)
...
006 (11922362.081.000) 2023-08-13 21:34:46 Image size of job updated: 518564
	490  -  MemoryUsage of job (MB)
	501160  -  ResidentSetSize of job (KB)
...
040 (11922362.081.000) 2023-08-13 21:34:46 Started transferring output files
...
040 (11922362.081.000) 2023-08-13 21:34:46 Finished transferring output files
...
005 (11922362.081.000) 2023-08-13 21:34:46 Job terminated.
	(1) Normal termination (return value 0)
		Usr 0 00:00:12, Sys 0 00:00:00  -  Run Remote Usage
		Usr 0 00:00:00, Sys 0 00:00:00  -  Run Local Usage
		Usr 0 00:00:12, Sys 0 00:00:00  -  Total Remote Usage
		Usr 0 00:00:00, Sys 0 00:00:00  -  Total Local Usage
	5682  -  Run Bytes Sent By Job
	35628408  -  Run Bytes Received By Job
	5682  -  Total Bytes Sent By Job
	35628408  -  Total Bytes Received By Job
	Partitionable Resources :    Usage  Request Allocated 
	   Cpus                 :                 1         1 
	   Disk (KB)            :   257758   524288   1208198 
	   IoHeavy              :                           0 
	   Memory (MB)          :      490      512       512 

	Job terminated of its own accord at 2023-08-14T02:34:46Z with exit-code 0.
...
