000 (11922357.138.000) 2023-08-13 20:46:22 Job submitted from host: <128.104.101.92:9618?addrs=128.104.101.92-9618+[2607-f388-107c-501-a236-9fff-fe3c-caa8]-9618&alias=submit2.chtc.wisc.edu&noUDP&sock=schedd_1879732_618e>
...
040 (11922357.138.000) 2023-08-13 20:47:43 Started transferring input files
	Transferring to host: <128.105.69.94:9618?addrs=128.105.69.94-9618+[2607-f388-2200-100-1270-fdff-fe56-3dcc]-9618&alias=e4005.chtc.wisc.edu&noUDP&sock=slot1_25_1730252_cf51_120164>
...
040 (11922357.138.000) 2023-08-13 20:47:45 Finished transferring input files
...
001 (11922357.138.000) 2023-08-13 20:47:46 Job executing on host: <128.105.69.94:9618?addrs=128.105.69.94-9618+[2607-f388-2200-100-1270-fdff-fe56-3dcc]-9618&alias=e4005.chtc.wisc.edu&noUDP&sock=startd_14681_85fb>
	SlotName: slot1_25@e4005.chtc.wisc.edu
	CondorScratchDir = "/var/lib/condor/execute/slot1/dir_1254255"
	Cpus = 1
	Disk = 1268229
	IoHeavy = 0
	Memory = 512
...
006 (11922357.138.000) 2023-08-13 20:47:54 Image size of job updated: 410676
	397  -  MemoryUsage of job (MB)
	406112  -  ResidentSetSize of job (KB)
...
006 (11922357.138.000) 2023-08-13 20:48:04 Image size of job updated: 411060
	397  -  MemoryUsage of job (MB)
	406112  -  ResidentSetSize of job (KB)
...
040 (11922357.138.000) 2023-08-13 20:48:04 Started transferring output files
...
040 (11922357.138.000) 2023-08-13 20:48:04 Finished transferring output files
...
005 (11922357.138.000) 2023-08-13 20:48:04 Job terminated.
	(1) Normal termination (return value 0)
		Usr 0 00:00:16, Sys 0 00:00:01  -  Run Remote Usage
		Usr 0 00:00:00, Sys 0 00:00:00  -  Run Local Usage
		Usr 0 00:00:16, Sys 0 00:00:01  -  Total Remote Usage
		Usr 0 00:00:00, Sys 0 00:00:00  -  Total Local Usage
	5712  -  Run Bytes Sent By Job
	35628504  -  Run Bytes Received By Job
	5712  -  Total Bytes Sent By Job
	35628504  -  Total Bytes Received By Job
	Partitionable Resources :    Usage  Request Allocated 
	   Cpus                 :                 1         1 
	   Disk (KB)            :   257742   524288   1268229 
	   IoHeavy              :                           0 
	   Memory (MB)          :      397      512       512 

	Job terminated of its own accord at 2023-08-14T01:48:04Z with exit-code 0.
...
