000 (11922361.168.000) 2023-08-13 21:26:14 Job submitted from host: <128.104.101.92:9618?addrs=128.104.101.92-9618+[2607-f388-107c-501-a236-9fff-fe3c-caa8]-9618&alias=submit2.chtc.wisc.edu&noUDP&sock=schedd_1879732_618e>
...
040 (11922361.168.000) 2023-08-13 21:27:38 Started transferring input files
	Transferring to host: <128.105.69.209:9618?addrs=128.105.69.209-9618+[2607-f388-2200-100-eaeb-d3ff-fe40-1564]-9618&alias=e2592.chtc.wisc.edu&noUDP&sock=slot1_17_280612_4a0c_110601>
...
040 (11922361.168.000) 2023-08-13 21:27:39 Finished transferring input files
...
001 (11922361.168.000) 2023-08-13 21:27:40 Job executing on host: <128.105.69.209:9618?addrs=128.105.69.209-9618+[2607-f388-2200-100-eaeb-d3ff-fe40-1564]-9618&alias=e2592.chtc.wisc.edu&noUDP&sock=startd_11725_f407>
	SlotName: slot1_17@e2592.chtc.wisc.edu
	CondorScratchDir = "/var/lib/condor/execute/slot1/dir_3651184"
	Cpus = 1
	Disk = 1458998
	IoHeavy = 0
	Memory = 512
...
006 (11922361.168.000) 2023-08-13 21:27:47 Image size of job updated: 509508
	180  -  MemoryUsage of job (MB)
	184132  -  ResidentSetSize of job (KB)
...
040 (11922361.168.000) 2023-08-13 21:27:48 Started transferring output files
...
040 (11922361.168.000) 2023-08-13 21:27:48 Finished transferring output files
...
005 (11922361.168.000) 2023-08-13 21:27:48 Job terminated.
	(1) Normal termination (return value 0)
		Usr 0 00:00:05, Sys 0 00:00:00  -  Run Remote Usage
		Usr 0 00:00:00, Sys 0 00:00:00  -  Run Local Usage
		Usr 0 00:00:05, Sys 0 00:00:00  -  Total Remote Usage
		Usr 0 00:00:00, Sys 0 00:00:00  -  Total Local Usage
	5409  -  Run Bytes Sent By Job
	35628456  -  Run Bytes Received By Job
	5409  -  Total Bytes Sent By Job
	35628456  -  Total Bytes Received By Job
	Partitionable Resources :    Usage  Request Allocated 
	   Cpus                 :                 1         1 
	   Disk (KB)            :   257758   524288   1458998 
	   IoHeavy              :                           0 
	   Memory (MB)          :      180      512       512 

	Job terminated of its own accord at 2023-08-14T02:27:47Z with exit-code 0.
...
