000 (11922357.053.000) 2023-08-13 20:46:22 Job submitted from host: <128.104.101.92:9618?addrs=128.104.101.92-9618+[2607-f388-107c-501-a236-9fff-fe3c-caa8]-9618&alias=submit2.chtc.wisc.edu&noUDP&sock=schedd_1879732_618e>
...
040 (11922357.053.000) 2023-08-13 20:47:29 Started transferring input files
	Transferring to host: <128.105.69.134:9618?addrs=128.105.69.134-9618+[2607-f388-2200-100-1270-fdff-fe56-7644]-9618&alias=e4083.chtc.wisc.edu&noUDP&sock=slot1_19_3345204_96d9_129449>
...
040 (11922357.053.000) 2023-08-13 20:47:30 Finished transferring input files
...
001 (11922357.053.000) 2023-08-13 20:47:31 Job executing on host: <128.105.69.134:9618?addrs=128.105.69.134-9618+[2607-f388-2200-100-1270-fdff-fe56-7644]-9618&alias=e4083.chtc.wisc.edu&noUDP&sock=startd_19018_5839>
	SlotName: slot1_19@e4083.chtc.wisc.edu
	CondorScratchDir = "/var/lib/condor/execute/slot1/dir_225951"
	Cpus = 1
	Disk = 1208198
	IoHeavy = 0
	Memory = 512
...
006 (11922357.053.000) 2023-08-13 20:47:40 Image size of job updated: 524288
	470  -  MemoryUsage of job (MB)
	481280  -  ResidentSetSize of job (KB)
...
040 (11922357.053.000) 2023-08-13 20:48:16 Started transferring output files
...
040 (11922357.053.000) 2023-08-13 20:48:16 Finished transferring output files
...
005 (11922357.053.000) 2023-08-13 20:48:16 Job terminated.
	(1) Normal termination (return value 0)
		Usr 0 00:00:42, Sys 0 00:00:01  -  Run Remote Usage
		Usr 0 00:00:00, Sys 0 00:00:00  -  Run Local Usage
		Usr 0 00:00:42, Sys 0 00:00:01  -  Total Remote Usage
		Usr 0 00:00:00, Sys 0 00:00:00  -  Total Local Usage
	5884  -  Run Bytes Sent By Job
	35628504  -  Run Bytes Received By Job
	5884  -  Total Bytes Sent By Job
	35628504  -  Total Bytes Received By Job
	Partitionable Resources :     Usage  Request Allocated 
	   Cpus                 :      0.99        1         1 
	   Disk (KB)            : 257768      524288   1208198 
	   IoHeavy              :                            0 
	   Memory (MB)          :    470         512       512 

	Job terminated of its own accord at 2023-08-14T01:48:16Z with exit-code 0.
...
