000 (11930207.068.000) 2023-08-14 02:57:22 Job submitted from host: <128.104.101.92:9618?addrs=128.104.101.92-9618+[2607-f388-107c-501-a236-9fff-fe3c-caa8]-9618&alias=submit2.chtc.wisc.edu&noUDP&sock=schedd_1879732_618e>
...
040 (11930207.068.000) 2023-08-14 02:58:15 Started transferring input files
	Transferring to host: <128.105.69.168:9618?addrs=128.105.69.168-9618+[2607-f388-2200-100-1270-fdff-fe56-768c]-9618&alias=e2551.chtc.wisc.edu&noUDP&sock=slot1_72_2837716_623c_118792>
...
040 (11930207.068.000) 2023-08-14 02:58:17 Finished transferring input files
...
001 (11930207.068.000) 2023-08-14 02:58:18 Job executing on host: <128.105.69.168:9618?addrs=128.105.69.168-9618+[2607-f388-2200-100-1270-fdff-fe56-768c]-9618&alias=e2551.chtc.wisc.edu&noUDP&sock=startd_12968_8c3f>
	SlotName: slot1_72@e2551.chtc.wisc.edu
	CondorScratchDir = "/var/lib/condor/execute/slot1/dir_11310"
	Cpus = 1
	Disk = 1208198
	IoHeavy = 0
	Memory = 512
...
006 (11930207.068.000) 2023-08-14 02:58:27 Image size of job updated: 524288
	512  -  MemoryUsage of job (MB)
	524240  -  ResidentSetSize of job (KB)
...
006 (11930207.068.000) 2023-08-14 02:59:07 Image size of job updated: 524288
	512  -  MemoryUsage of job (MB)
	524252  -  ResidentSetSize of job (KB)
...
040 (11930207.068.000) 2023-08-14 02:59:08 Started transferring output files
...
040 (11930207.068.000) 2023-08-14 02:59:09 Finished transferring output files
...
005 (11930207.068.000) 2023-08-14 02:59:10 Job terminated.
	(1) Normal termination (return value 0)
		Usr 0 00:00:46, Sys 0 00:00:01  -  Run Remote Usage
		Usr 0 00:00:00, Sys 0 00:00:00  -  Run Local Usage
		Usr 0 00:00:46, Sys 0 00:00:01  -  Total Remote Usage
		Usr 0 00:00:00, Sys 0 00:00:00  -  Total Local Usage
	5888  -  Run Bytes Sent By Job
	35628108  -  Run Bytes Received By Job
	5888  -  Total Bytes Sent By Job
	35628108  -  Total Bytes Received By Job
	Partitionable Resources :    Usage  Request Allocated 
	   Cpus                 :                 1         1 
	   Disk (KB)            :   257759   524288   1208198 
	   IoHeavy              :                           0 
	   Memory (MB)          :      512      512       512 

	Job terminated of its own accord at 2023-08-14T07:59:07Z with exit-code 0.
...
