000 (11922361.165.000) 2023-08-13 21:26:14 Job submitted from host: <128.104.101.92:9618?addrs=128.104.101.92-9618+[2607-f388-107c-501-a236-9fff-fe3c-caa8]-9618&alias=submit2.chtc.wisc.edu&noUDP&sock=schedd_1879732_618e>
...
040 (11922361.165.000) 2023-08-13 21:27:35 Started transferring input files
	Transferring to host: <128.105.69.121:9618?addrs=128.105.69.121-9618+[2607-f388-2200-100-1270-fdff-fe56-672c]-9618&alias=e4070.chtc.wisc.edu&noUDP&sock=slot1_28_3104173_71ef_111064>
...
040 (11922361.165.000) 2023-08-13 21:27:37 Finished transferring input files
...
001 (11922361.165.000) 2023-08-13 21:27:38 Job executing on host: <128.105.69.121:9618?addrs=128.105.69.121-9618+[2607-f388-2200-100-1270-fdff-fe56-672c]-9618&alias=e4070.chtc.wisc.edu&noUDP&sock=startd_17133_6433>
	SlotName: slot1_28@e4070.chtc.wisc.edu
	CondorScratchDir = "/var/lib/condor/execute/slot1/dir_1919735"
	Cpus = 1
	Disk = 1208198
	IoHeavy = 0
	Memory = 512
...
006 (11922361.165.000) 2023-08-13 21:27:47 Image size of job updated: 505460
	494  -  MemoryUsage of job (MB)
	505440  -  ResidentSetSize of job (KB)
...
006 (11922361.165.000) 2023-08-13 21:27:48 Image size of job updated: 506532
	494  -  MemoryUsage of job (MB)
	505440  -  ResidentSetSize of job (KB)
...
040 (11922361.165.000) 2023-08-13 21:27:48 Started transferring output files
...
040 (11922361.165.000) 2023-08-13 21:27:48 Finished transferring output files
...
005 (11922361.165.000) 2023-08-13 21:27:48 Job terminated.
	(1) Normal termination (return value 0)
		Usr 0 00:00:08, Sys 0 00:00:00  -  Run Remote Usage
		Usr 0 00:00:00, Sys 0 00:00:00  -  Run Local Usage
		Usr 0 00:00:08, Sys 0 00:00:00  -  Total Remote Usage
		Usr 0 00:00:00, Sys 0 00:00:00  -  Total Local Usage
	5540  -  Run Bytes Sent By Job
	35628456  -  Run Bytes Received By Job
	5540  -  Total Bytes Sent By Job
	35628456  -  Total Bytes Received By Job
	Partitionable Resources :    Usage  Request Allocated 
	   Cpus                 :        0        1         1 
	   Disk (KB)            :   257767   524288   1208198 
	   IoHeavy              :                           0 
	   Memory (MB)          :      494      512       512 

	Job terminated of its own accord at 2023-08-14T02:27:48Z with exit-code 0.
...
