000 (11922363.038.000) 2023-08-13 21:38:46 Job submitted from host: <128.104.101.92:9618?addrs=128.104.101.92-9618+[2607-f388-107c-501-a236-9fff-fe3c-caa8]-9618&alias=submit2.chtc.wisc.edu&noUDP&sock=schedd_1879732_618e>
...
040 (11922363.038.000) 2023-08-13 21:39:24 Started transferring input files
	Transferring to host: <128.105.69.103:9618?addrs=128.105.69.103-9618+[2607-f388-2200-100-1270-fdff-fe56-4614]-9618&alias=e4031.chtc.wisc.edu&noUDP&sock=slot1_14_4081652_d3d4_111553>
...
040 (11922363.038.000) 2023-08-13 21:39:26 Finished transferring input files
...
001 (11922363.038.000) 2023-08-13 21:39:27 Job executing on host: <128.105.69.103:9618?addrs=128.105.69.103-9618+[2607-f388-2200-100-1270-fdff-fe56-4614]-9618&alias=e4031.chtc.wisc.edu&noUDP&sock=startd_15676_02b6>
	SlotName: slot1_14@e4031.chtc.wisc.edu
	CondorScratchDir = "/var/lib/condor/execute/slot1/dir_1085322"
	Cpus = 1
	Disk = 1208198
	IoHeavy = 0
	Memory = 512
...
006 (11922363.038.000) 2023-08-13 21:39:35 Image size of job updated: 403880
	392  -  MemoryUsage of job (MB)
	400636  -  ResidentSetSize of job (KB)
...
006 (11922363.038.000) 2023-08-13 21:39:57 Image size of job updated: 476436
	392  -  MemoryUsage of job (MB)
	400636  -  ResidentSetSize of job (KB)
...
040 (11922363.038.000) 2023-08-13 21:39:58 Started transferring output files
...
040 (11922363.038.000) 2023-08-13 21:39:58 Finished transferring output files
...
005 (11922363.038.000) 2023-08-13 21:39:58 Job terminated.
	(1) Normal termination (return value 0)
		Usr 0 00:00:28, Sys 0 00:00:00  -  Run Remote Usage
		Usr 0 00:00:00, Sys 0 00:00:00  -  Run Local Usage
		Usr 0 00:00:28, Sys 0 00:00:00  -  Total Remote Usage
		Usr 0 00:00:00, Sys 0 00:00:00  -  Total Local Usage
	5902  -  Run Bytes Sent By Job
	35628388  -  Run Bytes Received By Job
	5902  -  Total Bytes Sent By Job
	35628388  -  Total Bytes Received By Job
	Partitionable Resources :    Usage  Request Allocated 
	   Cpus                 :                 1         1 
	   Disk (KB)            :   257759   524288   1208198 
	   IoHeavy              :                           0 
	   Memory (MB)          :      392      512       512 

	Job terminated of its own accord at 2023-08-14T02:39:57Z with exit-code 0.
...
