000 (11922363.088.000) 2023-08-13 21:38:46 Job submitted from host: <128.104.101.92:9618?addrs=128.104.101.92-9618+[2607-f388-107c-501-a236-9fff-fe3c-caa8]-9618&alias=submit2.chtc.wisc.edu&noUDP&sock=schedd_1879732_618e>
...
040 (11922363.088.000) 2023-08-13 21:39:28 Started transferring input files
	Transferring to host: <128.105.69.216:9618?addrs=128.105.69.216-9618&alias=e2599.chtc.wisc.edu&noUDP&sock=slot1_8_1030921_db1b_119022>
...
040 (11922363.088.000) 2023-08-13 21:39:30 Finished transferring input files
...
001 (11922363.088.000) 2023-08-13 21:39:31 Job executing on host: <128.105.69.216:9618?addrs=128.105.69.216-9618&alias=e2599.chtc.wisc.edu&noUDP&sock=startd_18846_5def>
	SlotName: slot1_8@e2599.chtc.wisc.edu
	CondorScratchDir = "/var/lib/condor/execute/slot1/dir_2824453"
	Cpus = 1
	Disk = 749021
	IoHeavy = 0
	Memory = 512
...
006 (11922363.088.000) 2023-08-13 21:39:40 Image size of job updated: 508948
	494  -  MemoryUsage of job (MB)
	505288  -  ResidentSetSize of job (KB)
...
006 (11922363.088.000) 2023-08-13 21:39:48 Image size of job updated: 514180
	494  -  MemoryUsage of job (MB)
	505288  -  ResidentSetSize of job (KB)
...
040 (11922363.088.000) 2023-08-13 21:39:48 Started transferring output files
...
040 (11922363.088.000) 2023-08-13 21:39:48 Finished transferring output files
...
005 (11922363.088.000) 2023-08-13 21:39:48 Job terminated.
	(1) Normal termination (return value 0)
		Usr 0 00:00:15, Sys 0 00:00:00  -  Run Remote Usage
		Usr 0 00:00:00, Sys 0 00:00:00  -  Run Local Usage
		Usr 0 00:00:15, Sys 0 00:00:00  -  Total Remote Usage
		Usr 0 00:00:00, Sys 0 00:00:00  -  Total Local Usage
	5605  -  Run Bytes Sent By Job
	35628388  -  Run Bytes Received By Job
	5605  -  Total Bytes Sent By Job
	35628388  -  Total Bytes Received By Job
	Partitionable Resources :     Usage  Request Allocated 
	   Cpus                 :      0.78        1         1 
	   Disk (KB)            : 257767      524288    749021 
	   IoHeavy              :                            0 
	   Memory (MB)          :    494         512       512 

	Job terminated of its own accord at 2023-08-14T02:39:48Z with exit-code 0.
...
