000 (11930207.030.000) 2023-08-14 02:57:22 Job submitted from host: <128.104.101.92:9618?addrs=128.104.101.92-9618+[2607-f388-107c-501-a236-9fff-fe3c-caa8]-9618&alias=submit2.chtc.wisc.edu&noUDP&sock=schedd_1879732_618e>
...
040 (11930207.030.000) 2023-08-14 02:57:57 Started transferring input files
	Transferring to host: <128.105.69.134:9618?addrs=128.105.69.134-9618+[2607-f388-2200-100-1270-fdff-fe56-7644]-9618&alias=e4083.chtc.wisc.edu&noUDP&sock=slot1_51_3345204_96d9_130348>
...
040 (11930207.030.000) 2023-08-14 02:57:59 Finished transferring input files
...
001 (11930207.030.000) 2023-08-14 02:58:00 Job executing on host: <128.105.69.134:9618?addrs=128.105.69.134-9618+[2607-f388-2200-100-1270-fdff-fe56-7644]-9618&alias=e4083.chtc.wisc.edu&noUDP&sock=startd_19018_5839>
	SlotName: slot1_51@e4083.chtc.wisc.edu
	CondorScratchDir = "/var/lib/condor/execute/slot1/dir_2512103"
	Cpus = 1
	Disk = 1208198
	IoHeavy = 0
	Memory = 512
...
006 (11930207.030.000) 2023-08-14 02:58:08 Image size of job updated: 524292
	465  -  MemoryUsage of job (MB)
	475772  -  ResidentSetSize of job (KB)
...
040 (11930207.030.000) 2023-08-14 02:59:41 Started transferring output files
...
040 (11930207.030.000) 2023-08-14 02:59:41 Finished transferring output files
...
005 (11930207.030.000) 2023-08-14 02:59:41 Job terminated.
	(1) Normal termination (return value 0)
		Usr 0 00:01:37, Sys 0 00:00:01  -  Run Remote Usage
		Usr 0 00:00:00, Sys 0 00:00:00  -  Run Local Usage
		Usr 0 00:01:37, Sys 0 00:00:01  -  Total Remote Usage
		Usr 0 00:00:00, Sys 0 00:00:00  -  Total Local Usage
	5889  -  Run Bytes Sent By Job
	35628108  -  Run Bytes Received By Job
	5889  -  Total Bytes Sent By Job
	35628108  -  Total Bytes Received By Job
	Partitionable Resources :    Usage  Request Allocated 
	   Cpus                 :                 1         1 
	   Disk (KB)            :   257758   524288   1208198 
	   IoHeavy              :                           0 
	   Memory (MB)          :      465      512       512 

	Job terminated of its own accord at 2023-08-14T07:59:41Z with exit-code 0.
...
