000 (11930207.057.000) 2023-08-14 02:57:22 Job submitted from host: <128.104.101.92:9618?addrs=128.104.101.92-9618+[2607-f388-107c-501-a236-9fff-fe3c-caa8]-9618&alias=submit2.chtc.wisc.edu&noUDP&sock=schedd_1879732_618e>
...
040 (11930207.057.000) 2023-08-14 02:58:07 Started transferring input files
	Transferring to host: <128.105.69.146:9618?addrs=128.105.69.146-9618+[2607-f388-2200-100-1270-fdff-fe56-773c]-9618&alias=e4023.chtc.wisc.edu&noUDP&sock=slot1_44_2458848_9a8d_124993>
...
040 (11930207.057.000) 2023-08-14 02:58:09 Finished transferring input files
...
001 (11930207.057.000) 2023-08-14 02:58:10 Job executing on host: <128.105.69.146:9618?addrs=128.105.69.146-9618+[2607-f388-2200-100-1270-fdff-fe56-773c]-9618&alias=e4023.chtc.wisc.edu&noUDP&sock=startd_16217_1773>
	SlotName: slot1_44@e4023.chtc.wisc.edu
	CondorScratchDir = "/var/lib/condor/execute/slot1/dir_682326"
	Cpus = 1
	Disk = 1208198
	IoHeavy = 0
	Memory = 512
...
006 (11930207.057.000) 2023-08-14 02:58:18 Image size of job updated: 488736
	478  -  MemoryUsage of job (MB)
	488676  -  ResidentSetSize of job (KB)
...
006 (11930207.057.000) 2023-08-14 02:58:50 Image size of job updated: 521768
	478  -  MemoryUsage of job (MB)
	488676  -  ResidentSetSize of job (KB)
...
040 (11930207.057.000) 2023-08-14 02:58:50 Started transferring output files
...
040 (11930207.057.000) 2023-08-14 02:58:50 Finished transferring output files
...
005 (11930207.057.000) 2023-08-14 02:58:50 Job terminated.
	(1) Normal termination (return value 0)
		Usr 0 00:00:38, Sys 0 00:00:00  -  Run Remote Usage
		Usr 0 00:00:00, Sys 0 00:00:00  -  Run Local Usage
		Usr 0 00:00:38, Sys 0 00:00:00  -  Total Remote Usage
		Usr 0 00:00:00, Sys 0 00:00:00  -  Total Local Usage
	5830  -  Run Bytes Sent By Job
	35628108  -  Run Bytes Received By Job
	5830  -  Total Bytes Sent By Job
	35628108  -  Total Bytes Received By Job
	Partitionable Resources :    Usage  Request Allocated 
	   Cpus                 :                 1         1 
	   Disk (KB)            :   257759   524288   1208198 
	   IoHeavy              :                           0 
	   Memory (MB)          :      478      512       512 

	Job terminated of its own accord at 2023-08-14T07:58:50Z with exit-code 0.
...
