000 (11922357.196.000) 2023-08-13 20:46:22 Job submitted from host: <128.104.101.92:9618?addrs=128.104.101.92-9618+[2607-f388-107c-501-a236-9fff-fe3c-caa8]-9618&alias=submit2.chtc.wisc.edu&noUDP&sock=schedd_1879732_618e>
...
040 (11922357.196.000) 2023-08-13 20:47:44 Started transferring input files
	Transferring to host: <128.105.69.144:9618?addrs=128.105.69.144-9618+[2607-f388-2200-100-1270-fdff-fe56-7714]-9618&alias=e4021.chtc.wisc.edu&noUDP&sock=slot1_16_580209_7a83_117267>
...
040 (11922357.196.000) 2023-08-13 20:47:46 Finished transferring input files
...
001 (11922357.196.000) 2023-08-13 20:47:47 Job executing on host: <128.105.69.144:9618?addrs=128.105.69.144-9618+[2607-f388-2200-100-1270-fdff-fe56-7714]-9618&alias=e4021.chtc.wisc.edu&noUDP&sock=startd_15985_f57a>
	SlotName: slot1_16@e4021.chtc.wisc.edu
	CondorScratchDir = "/var/lib/condor/execute/slot1/dir_1824436"
	Cpus = 1
	Disk = 1208198
	IoHeavy = 0
	Memory = 512
...
006 (11922357.196.000) 2023-08-13 20:47:55 Image size of job updated: 499580
	477  -  MemoryUsage of job (MB)
	488248  -  ResidentSetSize of job (KB)
...
006 (11922357.196.000) 2023-08-13 20:47:58 Image size of job updated: 506424
	484  -  MemoryUsage of job (MB)
	494648  -  ResidentSetSize of job (KB)
...
040 (11922357.196.000) 2023-08-13 20:47:58 Started transferring output files
...
040 (11922357.196.000) 2023-08-13 20:47:58 Finished transferring output files
...
005 (11922357.196.000) 2023-08-13 20:47:58 Job terminated.
	(1) Normal termination (return value 0)
		Usr 0 00:00:09, Sys 0 00:00:00  -  Run Remote Usage
		Usr 0 00:00:00, Sys 0 00:00:00  -  Run Local Usage
		Usr 0 00:00:09, Sys 0 00:00:00  -  Total Remote Usage
		Usr 0 00:00:00, Sys 0 00:00:00  -  Total Local Usage
	5682  -  Run Bytes Sent By Job
	35628504  -  Run Bytes Received By Job
	5682  -  Total Bytes Sent By Job
	35628504  -  Total Bytes Received By Job
	Partitionable Resources :    Usage  Request Allocated 
	   Cpus                 :                 1         1 
	   Disk (KB)            :   257759   524288   1208198 
	   IoHeavy              :                           0 
	   Memory (MB)          :      484      512       512 

	Job terminated of its own accord at 2023-08-14T01:47:58Z with exit-code 0.
...
