000 (11922361.053.000) 2023-08-13 21:26:14 Job submitted from host: <128.104.101.92:9618?addrs=128.104.101.92-9618+[2607-f388-107c-501-a236-9fff-fe3c-caa8]-9618&alias=submit2.chtc.wisc.edu&noUDP&sock=schedd_1879732_618e>
...
040 (11922361.053.000) 2023-08-13 21:27:25 Started transferring input files
	Transferring to host: <128.105.69.126:9618?addrs=128.105.69.126-9618+[2607-f388-2200-100-1270-fdff-fe56-ca5c]-9618&alias=e4075.chtc.wisc.edu&noUDP&sock=slot1_3_3831580_7b1b_128395>
...
040 (11922361.053.000) 2023-08-13 21:27:27 Finished transferring input files
...
001 (11922361.053.000) 2023-08-13 21:27:28 Job executing on host: <128.105.69.126:9618?addrs=128.105.69.126-9618+[2607-f388-2200-100-1270-fdff-fe56-ca5c]-9618&alias=e4075.chtc.wisc.edu&noUDP&sock=startd_19068_a3f5>
	SlotName: slot1_3@e4075.chtc.wisc.edu
	CondorScratchDir = "/var/lib/condor/execute/slot1/dir_2083869"
	Cpus = 1
	Disk = 1208198
	IoHeavy = 0
	Memory = 512
...
006 (11922361.053.000) 2023-08-13 21:27:36 Image size of job updated: 524288
	512  -  MemoryUsage of job (MB)
	524212  -  ResidentSetSize of job (KB)
...
040 (11922361.053.000) 2023-08-13 21:27:48 Started transferring output files
...
040 (11922361.053.000) 2023-08-13 21:27:48 Finished transferring output files
...
005 (11922361.053.000) 2023-08-13 21:27:48 Job terminated.
	(1) Normal termination (return value 0)
		Usr 0 00:00:18, Sys 0 00:00:00  -  Run Remote Usage
		Usr 0 00:00:00, Sys 0 00:00:00  -  Run Local Usage
		Usr 0 00:00:18, Sys 0 00:00:00  -  Total Remote Usage
		Usr 0 00:00:00, Sys 0 00:00:00  -  Total Local Usage
	5879  -  Run Bytes Sent By Job
	35628456  -  Run Bytes Received By Job
	5879  -  Total Bytes Sent By Job
	35628456  -  Total Bytes Received By Job
	Partitionable Resources :    Usage  Request Allocated 
	   Cpus                 :                 1         1 
	   Disk (KB)            :   257759   524288   1208198 
	   IoHeavy              :                           0 
	   Memory (MB)          :      512      512       512 

	Job terminated of its own accord at 2023-08-14T02:27:48Z with exit-code 0.
...
