000 (11922362.082.000) 2023-08-13 21:33:16 Job submitted from host: <128.104.101.92:9618?addrs=128.104.101.92-9618+[2607-f388-107c-501-a236-9fff-fe3c-caa8]-9618&alias=submit2.chtc.wisc.edu&noUDP&sock=schedd_1879732_618e>
...
040 (11922362.082.000) 2023-08-13 21:34:30 Started transferring input files
	Transferring to host: <128.105.69.231:9618?addrs=128.105.69.231-9618+[2607-f388-2200-100-eaeb-d3ff-fe3f-fbfc]-9618&alias=e2614.chtc.wisc.edu&noUDP&sock=slot1_16_1949178_fb58_105661>
...
040 (11922362.082.000) 2023-08-13 21:34:31 Finished transferring input files
...
001 (11922362.082.000) 2023-08-13 21:34:33 Job executing on host: <128.105.69.231:9618?addrs=128.105.69.231-9618+[2607-f388-2200-100-eaeb-d3ff-fe3f-fbfc]-9618&alias=e2614.chtc.wisc.edu&noUDP&sock=startd_11686_33d5>
	SlotName: slot1_16@e2614.chtc.wisc.edu
	CondorScratchDir = "/var/lib/condor/execute/slot1/dir_3136016"
	Cpus = 1
	Disk = 1458998
	IoHeavy = 0
	Memory = 512
...
006 (11922362.082.000) 2023-08-13 21:34:41 Image size of job updated: 413512
	404  -  MemoryUsage of job (MB)
	413512  -  ResidentSetSize of job (KB)
...
040 (11922362.082.000) 2023-08-13 21:34:43 Started transferring output files
...
040 (11922362.082.000) 2023-08-13 21:34:43 Finished transferring output files
...
005 (11922362.082.000) 2023-08-13 21:34:43 Job terminated.
	(1) Normal termination (return value 0)
		Usr 0 00:00:09, Sys 0 00:00:00  -  Run Remote Usage
		Usr 0 00:00:00, Sys 0 00:00:00  -  Run Local Usage
		Usr 0 00:00:09, Sys 0 00:00:00  -  Total Remote Usage
		Usr 0 00:00:00, Sys 0 00:00:00  -  Total Local Usage
	5572  -  Run Bytes Sent By Job
	35628408  -  Run Bytes Received By Job
	5572  -  Total Bytes Sent By Job
	35628408  -  Total Bytes Received By Job
	Partitionable Resources :    Usage  Request Allocated 
	   Cpus                 :                 1         1 
	   Disk (KB)            :   257758   524288   1458998 
	   IoHeavy              :                           0 
	   Memory (MB)          :      404      512       512 

	Job terminated of its own accord at 2023-08-14T02:34:43Z with exit-code 0.
...
