000 (11922362.023.000) 2023-08-13 21:33:16 Job submitted from host: <128.104.101.92:9618?addrs=128.104.101.92-9618+[2607-f388-107c-501-a236-9fff-fe3c-caa8]-9618&alias=submit2.chtc.wisc.edu&noUDP&sock=schedd_1879732_618e>
...
040 (11922362.023.000) 2023-08-13 21:34:24 Started transferring input files
	Transferring to host: <128.105.69.161:9618?addrs=128.105.69.161-9618+[2607-f388-2200-100-1270-fdff-fe56-bf5c]-9618&alias=e4094.chtc.wisc.edu&noUDP&sock=slot1_9_1367360_912c_113755>
...
040 (11922362.023.000) 2023-08-13 21:34:25 Finished transferring input files
...
001 (11922362.023.000) 2023-08-13 21:34:27 Job executing on host: <128.105.69.161:9618?addrs=128.105.69.161-9618+[2607-f388-2200-100-1270-fdff-fe56-bf5c]-9618&alias=e4094.chtc.wisc.edu&noUDP&sock=startd_11680_1644>
	SlotName: slot1_9@e4094.chtc.wisc.edu
	CondorScratchDir = "/var/lib/condor/execute/slot1/dir_3171873"
	Cpus = 1
	Disk = 1208198
	IoHeavy = 0
	Memory = 512
...
006 (11922362.023.000) 2023-08-13 21:34:35 Image size of job updated: 498092
	440  -  MemoryUsage of job (MB)
	449564  -  ResidentSetSize of job (KB)
...
006 (11922362.023.000) 2023-08-13 21:35:05 Image size of job updated: 511312
	440  -  MemoryUsage of job (MB)
	449564  -  ResidentSetSize of job (KB)
...
040 (11922362.023.000) 2023-08-13 21:35:05 Started transferring output files
...
040 (11922362.023.000) 2023-08-13 21:35:05 Finished transferring output files
...
005 (11922362.023.000) 2023-08-13 21:35:05 Job terminated.
	(1) Normal termination (return value 0)
		Usr 0 00:00:36, Sys 0 00:00:01  -  Run Remote Usage
		Usr 0 00:00:00, Sys 0 00:00:00  -  Run Local Usage
		Usr 0 00:00:36, Sys 0 00:00:01  -  Total Remote Usage
		Usr 0 00:00:00, Sys 0 00:00:00  -  Total Local Usage
	5895  -  Run Bytes Sent By Job
	35628408  -  Run Bytes Received By Job
	5895  -  Total Bytes Sent By Job
	35628408  -  Total Bytes Received By Job
	Partitionable Resources :    Usage  Request Allocated 
	   Cpus                 :                 1         1 
	   Disk (KB)            :   257759   524288   1208198 
	   IoHeavy              :                           0 
	   Memory (MB)          :      440      512       512 

	Job terminated of its own accord at 2023-08-14T02:35:05Z with exit-code 0.
...
