000 (11922357.054.000) 2023-08-13 20:46:22 Job submitted from host: <128.104.101.92:9618?addrs=128.104.101.92-9618+[2607-f388-107c-501-a236-9fff-fe3c-caa8]-9618&alias=submit2.chtc.wisc.edu&noUDP&sock=schedd_1879732_618e>
...
040 (11922357.054.000) 2023-08-13 20:47:29 Started transferring input files
	Transferring to host: <128.105.69.141:9618?addrs=128.105.69.141-9618+[2607-f388-2200-100-1270-fdff-fe56-767c]-9618&alias=e4018.chtc.wisc.edu&noUDP&sock=slot1_20_155969_0520_108003>
...
040 (11922357.054.000) 2023-08-13 20:47:31 Finished transferring input files
...
001 (11922357.054.000) 2023-08-13 20:47:32 Job executing on host: <128.105.69.141:9618?addrs=128.105.69.141-9618+[2607-f388-2200-100-1270-fdff-fe56-767c]-9618&alias=e4018.chtc.wisc.edu&noUDP&sock=startd_11781_5d54>
	SlotName: slot1_20@e4018.chtc.wisc.edu
	CondorScratchDir = "/var/lib/condor/execute/slot1/dir_267610"
	Cpus = 1
	Disk = 1208198
	IoHeavy = 0
	Memory = 512
...
006 (11922357.054.000) 2023-08-13 20:47:40 Image size of job updated: 524288
	512  -  MemoryUsage of job (MB)
	524268  -  ResidentSetSize of job (KB)
...
040 (11922357.054.000) 2023-08-13 20:48:14 Started transferring output files
...
040 (11922357.054.000) 2023-08-13 20:48:14 Finished transferring output files
...
005 (11922357.054.000) 2023-08-13 20:48:14 Job terminated.
	(1) Normal termination (return value 0)
		Usr 0 00:00:40, Sys 0 00:00:01  -  Run Remote Usage
		Usr 0 00:00:00, Sys 0 00:00:00  -  Run Local Usage
		Usr 0 00:00:40, Sys 0 00:00:01  -  Total Remote Usage
		Usr 0 00:00:00, Sys 0 00:00:00  -  Total Local Usage
	5895  -  Run Bytes Sent By Job
	35628504  -  Run Bytes Received By Job
	5895  -  Total Bytes Sent By Job
	35628504  -  Total Bytes Received By Job
	Partitionable Resources :    Usage  Request Allocated 
	   Cpus                 :                 1         1 
	   Disk (KB)            :   257759   524288   1208198 
	   IoHeavy              :                           0 
	   Memory (MB)          :      512      512       512 

	Job terminated of its own accord at 2023-08-14T01:48:14Z with exit-code 0.
...
