000 (11922363.068.000) 2023-08-13 21:38:46 Job submitted from host: <128.104.101.92:9618?addrs=128.104.101.92-9618+[2607-f388-107c-501-a236-9fff-fe3c-caa8]-9618&alias=submit2.chtc.wisc.edu&noUDP&sock=schedd_1879732_618e>
...
040 (11922363.068.000) 2023-08-13 21:39:27 Started transferring input files
	Transferring to host: <128.105.69.167:9618?addrs=128.105.69.167-9618+[2607-f388-2200-100-1270-fdff-fe56-686c]-9618&alias=e2550.chtc.wisc.edu&noUDP&sock=slot1_39_1133814_4853_117025>
...
040 (11922363.068.000) 2023-08-13 21:39:30 Finished transferring input files
...
001 (11922363.068.000) 2023-08-13 21:39:31 Job executing on host: <128.105.69.167:9618?addrs=128.105.69.167-9618+[2607-f388-2200-100-1270-fdff-fe56-686c]-9618&alias=e2550.chtc.wisc.edu&noUDP&sock=startd_13345_2373>
	SlotName: slot1_39@e2550.chtc.wisc.edu
	CondorScratchDir = "/var/lib/condor/execute/slot1/dir_2025990"
	Cpus = 1
	Disk = 1208198
	IoHeavy = 0
	Memory = 512
...
006 (11922363.068.000) 2023-08-13 21:39:39 Image size of job updated: 516196
	471  -  MemoryUsage of job (MB)
	481552  -  ResidentSetSize of job (KB)
...
006 (11922363.068.000) 2023-08-13 21:39:48 Image size of job updated: 519504
	471  -  MemoryUsage of job (MB)
	481552  -  ResidentSetSize of job (KB)
...
040 (11922363.068.000) 2023-08-13 21:39:48 Started transferring output files
...
040 (11922363.068.000) 2023-08-13 21:39:48 Finished transferring output files
...
005 (11922363.068.000) 2023-08-13 21:39:48 Job terminated.
	(1) Normal termination (return value 0)
		Usr 0 00:00:15, Sys 0 00:00:00  -  Run Remote Usage
		Usr 0 00:00:00, Sys 0 00:00:00  -  Run Local Usage
		Usr 0 00:00:15, Sys 0 00:00:00  -  Total Remote Usage
		Usr 0 00:00:00, Sys 0 00:00:00  -  Total Local Usage
	5684  -  Run Bytes Sent By Job
	35628388  -  Run Bytes Received By Job
	5684  -  Total Bytes Sent By Job
	35628388  -  Total Bytes Received By Job
	Partitionable Resources :    Usage  Request Allocated 
	   Cpus                 :                 1         1 
	   Disk (KB)            :   257759   524288   1208198 
	   IoHeavy              :                           0 
	   Memory (MB)          :      471      512       512 

	Job terminated of its own accord at 2023-08-14T02:39:48Z with exit-code 0.
...
