000 (11922363.043.000) 2023-08-13 21:38:46 Job submitted from host: <128.104.101.92:9618?addrs=128.104.101.92-9618+[2607-f388-107c-501-a236-9fff-fe3c-caa8]-9618&alias=submit2.chtc.wisc.edu&noUDP&sock=schedd_1879732_618e>
...
040 (11922363.043.000) 2023-08-13 21:39:24 Started transferring input files
	Transferring to host: <128.105.69.124:9618?addrs=128.105.69.124-9618+[2607-f388-2200-100-1270-fdff-fe56-7b5c]-9618&alias=e4073.chtc.wisc.edu&noUDP&sock=slot1_6_2379618_e6b7_116223>
...
040 (11922363.043.000) 2023-08-13 21:39:26 Finished transferring input files
...
001 (11922363.043.000) 2023-08-13 21:39:27 Job executing on host: <128.105.69.124:9618?addrs=128.105.69.124-9618+[2607-f388-2200-100-1270-fdff-fe56-7b5c]-9618&alias=e4073.chtc.wisc.edu&noUDP&sock=startd_16825_2108>
	SlotName: slot1_6@e4073.chtc.wisc.edu
	CondorScratchDir = "/var/lib/condor/execute/slot1/dir_2729650"
	Cpus = 1
	Disk = 1208198
	IoHeavy = 0
	Memory = 512
...
006 (11922363.043.000) 2023-08-13 21:39:36 Image size of job updated: 524288
	512  -  MemoryUsage of job (MB)
	523952  -  ResidentSetSize of job (KB)
...
040 (11922363.043.000) 2023-08-13 21:39:49 Started transferring output files
...
040 (11922363.043.000) 2023-08-13 21:39:49 Finished transferring output files
...
005 (11922363.043.000) 2023-08-13 21:39:49 Job terminated.
	(1) Normal termination (return value 0)
		Usr 0 00:00:20, Sys 0 00:00:00  -  Run Remote Usage
		Usr 0 00:00:00, Sys 0 00:00:00  -  Run Local Usage
		Usr 0 00:00:20, Sys 0 00:00:00  -  Total Remote Usage
		Usr 0 00:00:00, Sys 0 00:00:00  -  Total Local Usage
	5886  -  Run Bytes Sent By Job
	35628388  -  Run Bytes Received By Job
	5886  -  Total Bytes Sent By Job
	35628388  -  Total Bytes Received By Job
	Partitionable Resources :    Usage  Request Allocated 
	   Cpus                 :                 1         1 
	   Disk (KB)            :   257759   524288   1208198 
	   IoHeavy              :                           0 
	   Memory (MB)          :      512      512       512 

	Job terminated of its own accord at 2023-08-14T02:39:49Z with exit-code 0.
...
