000 (11922362.148.000) 2023-08-13 21:33:16 Job submitted from host: <128.104.101.92:9618?addrs=128.104.101.92-9618+[2607-f388-107c-501-a236-9fff-fe3c-caa8]-9618&alias=submit2.chtc.wisc.edu&noUDP&sock=schedd_1879732_618e>
...
040 (11922362.148.000) 2023-08-13 21:34:37 Started transferring input files
	Transferring to host: <128.105.69.209:9618?addrs=128.105.69.209-9618+[2607-f388-2200-100-eaeb-d3ff-fe40-1564]-9618&alias=e2592.chtc.wisc.edu&noUDP&sock=slot1_17_280612_4a0c_110618>
...
040 (11922362.148.000) 2023-08-13 21:34:40 Finished transferring input files
...
001 (11922362.148.000) 2023-08-13 21:34:41 Job executing on host: <128.105.69.209:9618?addrs=128.105.69.209-9618+[2607-f388-2200-100-eaeb-d3ff-fe40-1564]-9618&alias=e2592.chtc.wisc.edu&noUDP&sock=startd_11725_f407>
	SlotName: slot1_17@e2592.chtc.wisc.edu
	CondorScratchDir = "/var/lib/condor/execute/slot1/dir_3652362"
	Cpus = 1
	Disk = 1458998
	IoHeavy = 0
	Memory = 512
...
006 (11922362.148.000) 2023-08-13 21:34:49 Image size of job updated: 505288
	494  -  MemoryUsage of job (MB)
	505288  -  ResidentSetSize of job (KB)
...
006 (11922362.148.000) 2023-08-13 21:34:51 Image size of job updated: 508616
	494  -  MemoryUsage of job (MB)
	505288  -  ResidentSetSize of job (KB)
...
040 (11922362.148.000) 2023-08-13 21:34:51 Started transferring output files
...
040 (11922362.148.000) 2023-08-13 21:34:51 Finished transferring output files
...
005 (11922362.148.000) 2023-08-13 21:34:51 Job terminated.
	(1) Normal termination (return value 0)
		Usr 0 00:00:08, Sys 0 00:00:00  -  Run Remote Usage
		Usr 0 00:00:00, Sys 0 00:00:00  -  Run Local Usage
		Usr 0 00:00:08, Sys 0 00:00:00  -  Total Remote Usage
		Usr 0 00:00:00, Sys 0 00:00:00  -  Total Local Usage
	5772  -  Run Bytes Sent By Job
	35628408  -  Run Bytes Received By Job
	5772  -  Total Bytes Sent By Job
	35628408  -  Total Bytes Received By Job
	Partitionable Resources :    Usage  Request Allocated 
	   Cpus                 :                 1         1 
	   Disk (KB)            :   257758   524288   1458998 
	   IoHeavy              :                           0 
	   Memory (MB)          :      494      512       512 

	Job terminated of its own accord at 2023-08-14T02:34:51Z with exit-code 0.
...
