000 (11922361.130.000) 2023-08-13 21:26:14 Job submitted from host: <128.104.101.92:9618?addrs=128.104.101.92-9618+[2607-f388-107c-501-a236-9fff-fe3c-caa8]-9618&alias=submit2.chtc.wisc.edu&noUDP&sock=schedd_1879732_618e>
...
040 (11922361.130.000) 2023-08-13 21:27:32 Started transferring input files
	Transferring to host: <128.105.69.218:9618?addrs=128.105.69.218-9618&alias=e2601.chtc.wisc.edu&noUDP&sock=slot1_12_3204662_0946_116383>
...
040 (11922361.130.000) 2023-08-13 21:27:35 Finished transferring input files
...
001 (11922361.130.000) 2023-08-13 21:27:36 Job executing on host: <128.105.69.218:9618?addrs=128.105.69.218-9618&alias=e2601.chtc.wisc.edu&noUDP&sock=startd_19055_b93a>
	SlotName: slot1_12@e2601.chtc.wisc.edu
	CondorScratchDir = "/var/lib/condor/execute/slot1/dir_845560"
	Cpus = 1
	Disk = 1458998
	IoHeavy = 0
	Memory = 512
...
006 (11922361.130.000) 2023-08-13 21:27:44 Image size of job updated: 502764
	475  -  MemoryUsage of job (MB)
	485392  -  ResidentSetSize of job (KB)
...
040 (11922361.130.000) 2023-08-13 21:27:45 Started transferring output files
...
040 (11922361.130.000) 2023-08-13 21:27:45 Finished transferring output files
...
005 (11922361.130.000) 2023-08-13 21:27:45 Job terminated.
	(1) Normal termination (return value 0)
		Usr 0 00:00:07, Sys 0 00:00:00  -  Run Remote Usage
		Usr 0 00:00:00, Sys 0 00:00:00  -  Run Local Usage
		Usr 0 00:00:07, Sys 0 00:00:00  -  Total Remote Usage
		Usr 0 00:00:00, Sys 0 00:00:00  -  Total Local Usage
	5269  -  Run Bytes Sent By Job
	35628456  -  Run Bytes Received By Job
	5269  -  Total Bytes Sent By Job
	35628456  -  Total Bytes Received By Job
	Partitionable Resources :    Usage  Request Allocated 
	   Cpus                 :                 1         1 
	   Disk (KB)            :   257758   524288   1458998 
	   IoHeavy              :                           0 
	   Memory (MB)          :      475      512       512 

	Job terminated of its own accord at 2023-08-14T02:27:45Z with exit-code 0.
...
