000 (11922361.166.000) 2023-08-13 21:26:14 Job submitted from host: <128.104.101.92:9618?addrs=128.104.101.92-9618+[2607-f388-107c-501-a236-9fff-fe3c-caa8]-9618&alias=submit2.chtc.wisc.edu&noUDP&sock=schedd_1879732_618e>
...
040 (11922361.166.000) 2023-08-13 21:27:36 Started transferring input files
	Transferring to host: <128.105.69.216:9618?addrs=128.105.69.216-9618&alias=e2599.chtc.wisc.edu&noUDP&sock=slot1_10_1030921_db1b_118986>
...
040 (11922361.166.000) 2023-08-13 21:27:37 Finished transferring input files
...
001 (11922361.166.000) 2023-08-13 21:27:38 Job executing on host: <128.105.69.216:9618?addrs=128.105.69.216-9618&alias=e2599.chtc.wisc.edu&noUDP&sock=startd_18846_5def>
	SlotName: slot1_10@e2599.chtc.wisc.edu
	CondorScratchDir = "/var/lib/condor/execute/slot1/dir_2820184"
	Cpus = 1
	Disk = 749021
	IoHeavy = 0
	Memory = 512
...
006 (11922361.166.000) 2023-08-13 21:27:46 Image size of job updated: 504708
	181  -  MemoryUsage of job (MB)
	185064  -  ResidentSetSize of job (KB)
...
040 (11922361.166.000) 2023-08-13 21:27:46 Started transferring output files
...
040 (11922361.166.000) 2023-08-13 21:27:46 Finished transferring output files
...
005 (11922361.166.000) 2023-08-13 21:27:46 Job terminated.
	(1) Normal termination (return value 0)
		Usr 0 00:00:06, Sys 0 00:00:00  -  Run Remote Usage
		Usr 0 00:00:00, Sys 0 00:00:00  -  Run Local Usage
		Usr 0 00:00:06, Sys 0 00:00:00  -  Total Remote Usage
		Usr 0 00:00:00, Sys 0 00:00:00  -  Total Local Usage
	5463  -  Run Bytes Sent By Job
	35628456  -  Run Bytes Received By Job
	5463  -  Total Bytes Sent By Job
	35628456  -  Total Bytes Received By Job
	Partitionable Resources :    Usage  Request Allocated 
	   Cpus                 :                 1         1 
	   Disk (KB)            :   257758   524288    749021 
	   IoHeavy              :                           0 
	   Memory (MB)          :      181      512       512 

	Job terminated of its own accord at 2023-08-14T02:27:46Z with exit-code 0.
...
