000 (11933708.012.000) 2023-08-14 03:20:36 Job submitted from host: <128.104.101.92:9618?addrs=128.104.101.92-9618+[2607-f388-107c-501-a236-9fff-fe3c-caa8]-9618&alias=submit2.chtc.wisc.edu&noUDP&sock=schedd_1879732_618e>
...
040 (11933708.012.000) 2023-08-14 03:23:24 Started transferring input files
	Transferring to host: <128.105.69.167:9618?addrs=128.105.69.167-9618+[2607-f388-2200-100-1270-fdff-fe56-686c]-9618&alias=e2550.chtc.wisc.edu&noUDP&sock=slot1_68_1133814_4853_117815>
...
040 (11933708.012.000) 2023-08-14 03:23:26 Finished transferring input files
...
001 (11933708.012.000) 2023-08-14 03:23:27 Job executing on host: <128.105.69.167:9618?addrs=128.105.69.167-9618+[2607-f388-2200-100-1270-fdff-fe56-686c]-9618&alias=e2550.chtc.wisc.edu&noUDP&sock=startd_13345_2373>
	SlotName: slot1_68@e2550.chtc.wisc.edu
	CondorScratchDir = "/var/lib/condor/execute/slot1/dir_1361453"
	Cpus = 1
	Disk = 1208198
	IoHeavy = 0
	Memory = 512
...
006 (11933708.012.000) 2023-08-14 03:23:36 Image size of job updated: 524288
	448  -  MemoryUsage of job (MB)
	458252  -  ResidentSetSize of job (KB)
...
040 (11933708.012.000) 2023-08-14 03:26:44 Started transferring output files
...
040 (11933708.012.000) 2023-08-14 03:26:44 Finished transferring output files
...
005 (11933708.012.000) 2023-08-14 03:26:44 Job terminated.
	(1) Normal termination (return value 0)
		Usr 0 00:03:10, Sys 0 00:00:04  -  Run Remote Usage
		Usr 0 00:00:00, Sys 0 00:00:00  -  Run Local Usage
		Usr 0 00:03:10, Sys 0 00:00:04  -  Total Remote Usage
		Usr 0 00:00:00, Sys 0 00:00:00  -  Total Local Usage
	5855  -  Run Bytes Sent By Job
	35628052  -  Run Bytes Received By Job
	5855  -  Total Bytes Sent By Job
	35628052  -  Total Bytes Received By Job
	Partitionable Resources :     Usage  Request Allocated 
	   Cpus                 :      0.94        1         1 
	   Disk (KB)            : 257768      524288   1208198 
	   IoHeavy              :                            0 
	   Memory (MB)          :    448         512       512 

	Job terminated of its own accord at 2023-08-14T08:26:44Z with exit-code 0.
...
