000 (11922361.071.000) 2023-08-13 21:26:14 Job submitted from host: <128.104.101.92:9618?addrs=128.104.101.92-9618+[2607-f388-107c-501-a236-9fff-fe3c-caa8]-9618&alias=submit2.chtc.wisc.edu&noUDP&sock=schedd_1879732_618e>
...
040 (11922361.071.000) 2023-08-13 21:27:26 Started transferring input files
	Transferring to host: <128.105.69.155:9618?addrs=128.105.69.155-9618+[2607-f388-2200-100-1270-fdff-fe56-476c]-9618&alias=e4088.chtc.wisc.edu&noUDP&sock=slot1_14_1846058_9cf6_123523>
...
040 (11922361.071.000) 2023-08-13 21:27:28 Finished transferring input files
...
001 (11922361.071.000) 2023-08-13 21:27:29 Job executing on host: <128.105.69.155:9618?addrs=128.105.69.155-9618+[2607-f388-2200-100-1270-fdff-fe56-476c]-9618&alias=e4088.chtc.wisc.edu&noUDP&sock=startd_18901_17a4>
	SlotName: slot1_14@e4088.chtc.wisc.edu
	CondorScratchDir = "/var/lib/condor/execute/slot1/dir_1804143"
	Cpus = 1
	Disk = 1208198
	IoHeavy = 0
	Memory = 512
...
006 (11922361.071.000) 2023-08-13 21:27:38 Image size of job updated: 515572
	499  -  MemoryUsage of job (MB)
	510024  -  ResidentSetSize of job (KB)
...
006 (11922361.071.000) 2023-08-13 21:27:49 Image size of job updated: 524288
	499  -  MemoryUsage of job (MB)
	510024  -  ResidentSetSize of job (KB)
...
040 (11922361.071.000) 2023-08-13 21:27:50 Started transferring output files
...
040 (11922361.071.000) 2023-08-13 21:27:50 Finished transferring output files
...
005 (11922361.071.000) 2023-08-13 21:27:50 Job terminated.
	(1) Normal termination (return value 0)
		Usr 0 00:00:19, Sys 0 00:00:00  -  Run Remote Usage
		Usr 0 00:00:00, Sys 0 00:00:00  -  Run Local Usage
		Usr 0 00:00:19, Sys 0 00:00:00  -  Total Remote Usage
		Usr 0 00:00:00, Sys 0 00:00:00  -  Total Local Usage
	5886  -  Run Bytes Sent By Job
	35628456  -  Run Bytes Received By Job
	5886  -  Total Bytes Sent By Job
	35628456  -  Total Bytes Received By Job
	Partitionable Resources :    Usage  Request Allocated 
	   Cpus                 :                 1         1 
	   Disk (KB)            :   257759   524288   1208198 
	   IoHeavy              :                           0 
	   Memory (MB)          :      499      512       512 

	Job terminated of its own accord at 2023-08-14T02:27:49Z with exit-code 0.
...
