000 (11933708.038.000) 2023-08-14 03:20:36 Job submitted from host: <128.104.101.92:9618?addrs=128.104.101.92-9618+[2607-f388-107c-501-a236-9fff-fe3c-caa8]-9618&alias=submit2.chtc.wisc.edu&noUDP&sock=schedd_1879732_618e>
...
040 (11933708.038.000) 2023-08-14 03:26:03 Started transferring input files
	Transferring to host: <128.105.69.166:9618?addrs=128.105.69.166-9618+[2607-f388-2200-100-1270-fdff-fe56-717c]-9618&alias=e2549.chtc.wisc.edu&noUDP&sock=slot1_17_2966415_78cd_120349>
...
040 (11933708.038.000) 2023-08-14 03:26:05 Finished transferring input files
...
001 (11933708.038.000) 2023-08-14 03:26:06 Job executing on host: <128.105.69.166:9618?addrs=128.105.69.166-9618+[2607-f388-2200-100-1270-fdff-fe56-717c]-9618&alias=e2549.chtc.wisc.edu&noUDP&sock=startd_12925_0dac>
	SlotName: slot1_17@e2549.chtc.wisc.edu
	CondorScratchDir = "/var/lib/condor/execute/slot1/dir_3564175"
	Cpus = 1
	Disk = 1208198
	IoHeavy = 0
	Memory = 512
...
006 (11933708.038.000) 2023-08-14 03:26:14 Image size of job updated: 481124
	470  -  MemoryUsage of job (MB)
	481124  -  ResidentSetSize of job (KB)
...
006 (11933708.038.000) 2023-08-14 03:26:57 Image size of job updated: 519568
	470  -  MemoryUsage of job (MB)
	481124  -  ResidentSetSize of job (KB)
...
040 (11933708.038.000) 2023-08-14 03:26:58 Started transferring output files
...
040 (11933708.038.000) 2023-08-14 03:26:58 Finished transferring output files
...
005 (11933708.038.000) 2023-08-14 03:26:58 Job terminated.
	(1) Normal termination (return value 0)
		Usr 0 00:00:48, Sys 0 00:00:01  -  Run Remote Usage
		Usr 0 00:00:00, Sys 0 00:00:00  -  Run Local Usage
		Usr 0 00:00:48, Sys 0 00:00:01  -  Total Remote Usage
		Usr 0 00:00:00, Sys 0 00:00:00  -  Total Local Usage
	5891  -  Run Bytes Sent By Job
	35628052  -  Run Bytes Received By Job
	5891  -  Total Bytes Sent By Job
	35628052  -  Total Bytes Received By Job
	Partitionable Resources :    Usage  Request Allocated 
	   Cpus                 :                 1         1 
	   Disk (KB)            :   257759   524288   1208198 
	   IoHeavy              :                           0 
	   Memory (MB)          :      470      512       512 

	Job terminated of its own accord at 2023-08-14T08:26:57Z with exit-code 0.
...
