000 (11922361.008.000) 2023-08-13 21:26:14 Job submitted from host: <128.104.101.92:9618?addrs=128.104.101.92-9618+[2607-f388-107c-501-a236-9fff-fe3c-caa8]-9618&alias=submit2.chtc.wisc.edu&noUDP&sock=schedd_1879732_618e>
...
040 (11922361.008.000) 2023-08-13 21:27:08 Started transferring input files
	Transferring to host: <128.105.69.149:9618?addrs=128.105.69.149-9618+[2607-f388-2200-100-1270-fdff-fe56-63bc]-9618&alias=e4026.chtc.wisc.edu&noUDP&sock=slot1_3_2128608_a618_104310>
...
040 (11922361.008.000) 2023-08-13 21:27:10 Finished transferring input files
...
001 (11922361.008.000) 2023-08-13 21:27:11 Job executing on host: <128.105.69.149:9618?addrs=128.105.69.149-9618+[2607-f388-2200-100-1270-fdff-fe56-63bc]-9618&alias=e4026.chtc.wisc.edu&noUDP&sock=startd_15915_f1d9>
	SlotName: slot1_3@e4026.chtc.wisc.edu
	CondorScratchDir = "/var/lib/condor/execute/slot1/dir_471368"
	Cpus = 1
	Disk = 1208198
	IoHeavy = 0
	Memory = 512
...
006 (11922361.008.000) 2023-08-13 21:27:19 Image size of job updated: 524288
	488  -  MemoryUsage of job (MB)
	499252  -  ResidentSetSize of job (KB)
...
006 (11922361.008.000) 2023-08-13 21:27:20 Image size of job updated: 524288
	496  -  MemoryUsage of job (MB)
	507700  -  ResidentSetSize of job (KB)
...
007 (11922361.008.000) 2023-08-13 21:27:20 Shadow exception!
	Error from slot1_3@e4026.chtc.wisc.edu: Job has gone over memory limit of 512 megabytes. Peak usage: 512 megabytes.
	0  -  Run Bytes Sent By Job
	35628456  -  Run Bytes Received By Job
...
012 (11922361.008.000) 2023-08-13 21:27:22 Job was held.
	Error from slot1_3@e4026.chtc.wisc.edu: Job has gone over memory limit of 512 megabytes. Peak usage: 512 megabytes.
	Code 34 Subcode 0
...
