000 (11922362.133.000) 2023-08-13 21:33:16 Job submitted from host: <128.104.101.92:9618?addrs=128.104.101.92-9618+[2607-f388-107c-501-a236-9fff-fe3c-caa8]-9618&alias=submit2.chtc.wisc.edu&noUDP&sock=schedd_1879732_618e>
...
040 (11922362.133.000) 2023-08-13 21:34:40 Started transferring input files
	Transferring to host: <128.105.69.94:9618?addrs=128.105.69.94-9618+[2607-f388-2200-100-1270-fdff-fe56-3dcc]-9618&alias=e4005.chtc.wisc.edu&noUDP&sock=slot1_25_1730252_cf51_120254>
...
040 (11922362.133.000) 2023-08-13 21:34:42 Finished transferring input files
...
001 (11922362.133.000) 2023-08-13 21:34:43 Job executing on host: <128.105.69.94:9618?addrs=128.105.69.94-9618+[2607-f388-2200-100-1270-fdff-fe56-3dcc]-9618&alias=e4005.chtc.wisc.edu&noUDP&sock=startd_14681_85fb>
	SlotName: slot1_25@e4005.chtc.wisc.edu
	CondorScratchDir = "/var/lib/condor/execute/slot1/dir_1465965"
	Cpus = 1
	Disk = 1268229
	IoHeavy = 0
	Memory = 512
...
006 (11922362.133.000) 2023-08-13 21:34:52 Image size of job updated: 507980
	497  -  MemoryUsage of job (MB)
	507980  -  ResidentSetSize of job (KB)
...
006 (11922362.133.000) 2023-08-13 21:34:55 Image size of job updated: 507984
	497  -  MemoryUsage of job (MB)
	507980  -  ResidentSetSize of job (KB)
...
040 (11922362.133.000) 2023-08-13 21:34:55 Started transferring output files
...
040 (11922362.133.000) 2023-08-13 21:34:55 Finished transferring output files
...
005 (11922362.133.000) 2023-08-13 21:34:55 Job terminated.
	(1) Normal termination (return value 0)
		Usr 0 00:00:10, Sys 0 00:00:00  -  Run Remote Usage
		Usr 0 00:00:00, Sys 0 00:00:00  -  Run Local Usage
		Usr 0 00:00:10, Sys 0 00:00:00  -  Total Remote Usage
		Usr 0 00:00:00, Sys 0 00:00:00  -  Total Local Usage
	5418  -  Run Bytes Sent By Job
	35628408  -  Run Bytes Received By Job
	5418  -  Total Bytes Sent By Job
	35628408  -  Total Bytes Received By Job
	Partitionable Resources :    Usage  Request Allocated 
	   Cpus                 :                 1         1 
	   Disk (KB)            :   257742   524288   1268229 
	   IoHeavy              :                           0 
	   Memory (MB)          :      497      512       512 

	Job terminated of its own accord at 2023-08-14T02:34:55Z with exit-code 0.
...
