000 (11922363.023.000) 2023-08-13 21:38:46 Job submitted from host: <128.104.101.92:9618?addrs=128.104.101.92-9618+[2607-f388-107c-501-a236-9fff-fe3c-caa8]-9618&alias=submit2.chtc.wisc.edu&noUDP&sock=schedd_1879732_618e>
...
040 (11922363.023.000) 2023-08-13 21:39:23 Started transferring input files
	Transferring to host: <128.105.69.114:9618?addrs=128.105.69.114-9618+[2607-f388-2200-100-1270-fdff-fe56-470c]-9618&alias=e4063.chtc.wisc.edu&noUDP&sock=slot1_11_433666_ad9c_132591>
...
040 (11922363.023.000) 2023-08-13 21:39:25 Finished transferring input files
...
001 (11922363.023.000) 2023-08-13 21:39:26 Job executing on host: <128.105.69.114:9618?addrs=128.105.69.114-9618+[2607-f388-2200-100-1270-fdff-fe56-470c]-9618&alias=e4063.chtc.wisc.edu&noUDP&sock=startd_18888_2ce9>
	SlotName: slot1_11@e4063.chtc.wisc.edu
	CondorScratchDir = "/var/lib/condor/execute/slot1/dir_769864"
	Cpus = 1
	Disk = 1208198
	IoHeavy = 0
	Memory = 512
...
006 (11922363.023.000) 2023-08-13 21:39:35 Image size of job updated: 524288
	512  -  MemoryUsage of job (MB)
	523768  -  ResidentSetSize of job (KB)
...
040 (11922363.023.000) 2023-08-13 21:40:10 Started transferring output files
...
040 (11922363.023.000) 2023-08-13 21:40:10 Finished transferring output files
...
005 (11922363.023.000) 2023-08-13 21:40:10 Job terminated.
	(1) Normal termination (return value 0)
		Usr 0 00:00:41, Sys 0 00:00:01  -  Run Remote Usage
		Usr 0 00:00:00, Sys 0 00:00:00  -  Run Local Usage
		Usr 0 00:00:41, Sys 0 00:00:01  -  Total Remote Usage
		Usr 0 00:00:00, Sys 0 00:00:00  -  Total Local Usage
	5885  -  Run Bytes Sent By Job
	35628388  -  Run Bytes Received By Job
	5885  -  Total Bytes Sent By Job
	35628388  -  Total Bytes Received By Job
	Partitionable Resources :    Usage  Request Allocated 
	   Cpus                 :        0        1         1 
	   Disk (KB)            :   257767   524288   1208198 
	   IoHeavy              :                           0 
	   Memory (MB)          :      512      512       512 

	Job terminated of its own accord at 2023-08-14T02:40:10Z with exit-code 0.
...
