000 (11922357.102.000) 2023-08-13 20:46:22 Job submitted from host: <128.104.101.92:9618?addrs=128.104.101.92-9618+[2607-f388-107c-501-a236-9fff-fe3c-caa8]-9618&alias=submit2.chtc.wisc.edu&noUDP&sock=schedd_1879732_618e>
...
040 (11922357.102.000) 2023-08-13 20:47:34 Started transferring input files
	Transferring to host: <128.105.69.164:9618?addrs=128.105.69.164-9618+[2607-f388-2200-100-1270-fdff-fe56-c2ec]-9618&alias=e4097.chtc.wisc.edu&noUDP&sock=slot1_22_3584328_1455_123029>
...
040 (11922357.102.000) 2023-08-13 20:47:35 Finished transferring input files
...
001 (11922357.102.000) 2023-08-13 20:47:36 Job executing on host: <128.105.69.164:9618?addrs=128.105.69.164-9618+[2607-f388-2200-100-1270-fdff-fe56-c2ec]-9618&alias=e4097.chtc.wisc.edu&noUDP&sock=startd_16809_2784>
	SlotName: slot1_22@e4097.chtc.wisc.edu
	CondorScratchDir = "/var/lib/condor/execute/slot1/dir_3160574"
	Cpus = 1
	Disk = 1208198
	IoHeavy = 0
	Memory = 512
...
006 (11922357.102.000) 2023-08-13 20:47:45 Image size of job updated: 524288
	485  -  MemoryUsage of job (MB)
	496584  -  ResidentSetSize of job (KB)
...
040 (11922357.102.000) 2023-08-13 20:47:54 Started transferring output files
...
040 (11922357.102.000) 2023-08-13 20:47:54 Finished transferring output files
...
005 (11922357.102.000) 2023-08-13 20:47:54 Job terminated.
	(1) Normal termination (return value 0)
		Usr 0 00:00:16, Sys 0 00:00:00  -  Run Remote Usage
		Usr 0 00:00:00, Sys 0 00:00:00  -  Run Local Usage
		Usr 0 00:00:16, Sys 0 00:00:00  -  Total Remote Usage
		Usr 0 00:00:00, Sys 0 00:00:00  -  Total Local Usage
	5993  -  Run Bytes Sent By Job
	35628504  -  Run Bytes Received By Job
	5993  -  Total Bytes Sent By Job
	35628504  -  Total Bytes Received By Job
	Partitionable Resources :     Usage  Request Allocated 
	   Cpus                 :      0.19        1         1 
	   Disk (KB)            : 257768      524288   1208198 
	   IoHeavy              :                            0 
	   Memory (MB)          :    485         512       512 

	Job terminated of its own accord at 2023-08-14T01:47:54Z with exit-code 0.
...
