000 (11922363.100.000) 2023-08-13 21:38:46 Job submitted from host: <128.104.101.92:9618?addrs=128.104.101.92-9618+[2607-f388-107c-501-a236-9fff-fe3c-caa8]-9618&alias=submit2.chtc.wisc.edu&noUDP&sock=schedd_1879732_618e>
...
040 (11922363.100.000) 2023-08-13 21:39:29 Started transferring input files
	Transferring to host: <128.105.69.103:9618?addrs=128.105.69.103-9618+[2607-f388-2200-100-1270-fdff-fe56-4614]-9618&alias=e4031.chtc.wisc.edu&noUDP&sock=slot1_18_4081652_d3d4_111554>
...
040 (11922363.100.000) 2023-08-13 21:39:31 Finished transferring input files
...
001 (11922363.100.000) 2023-08-13 21:39:32 Job executing on host: <128.105.69.103:9618?addrs=128.105.69.103-9618+[2607-f388-2200-100-1270-fdff-fe56-4614]-9618&alias=e4031.chtc.wisc.edu&noUDP&sock=startd_15676_02b6>
	SlotName: slot1_18@e4031.chtc.wisc.edu
	CondorScratchDir = "/var/lib/condor/execute/slot1/dir_1085357"
	Cpus = 1
	Disk = 1208198
	IoHeavy = 0
	Memory = 512
...
006 (11922363.100.000) 2023-08-13 21:39:41 Image size of job updated: 504060
	487  -  MemoryUsage of job (MB)
	498368  -  ResidentSetSize of job (KB)
...
006 (11922363.100.000) 2023-08-13 21:39:43 Image size of job updated: 507808
	487  -  MemoryUsage of job (MB)
	498368  -  ResidentSetSize of job (KB)
...
040 (11922363.100.000) 2023-08-13 21:39:43 Started transferring output files
...
040 (11922363.100.000) 2023-08-13 21:39:43 Finished transferring output files
...
005 (11922363.100.000) 2023-08-13 21:39:43 Job terminated.
	(1) Normal termination (return value 0)
		Usr 0 00:00:09, Sys 0 00:00:00  -  Run Remote Usage
		Usr 0 00:00:00, Sys 0 00:00:00  -  Run Local Usage
		Usr 0 00:00:09, Sys 0 00:00:00  -  Total Remote Usage
		Usr 0 00:00:00, Sys 0 00:00:00  -  Total Local Usage
	5503  -  Run Bytes Sent By Job
	35628388  -  Run Bytes Received By Job
	5503  -  Total Bytes Sent By Job
	35628388  -  Total Bytes Received By Job
	Partitionable Resources :    Usage  Request Allocated 
	   Cpus                 :                 1         1 
	   Disk (KB)            :   257758   524288   1208198 
	   IoHeavy              :                           0 
	   Memory (MB)          :      487      512       512 

	Job terminated of its own accord at 2023-08-14T02:39:43Z with exit-code 0.
...
