000 (11922361.103.000) 2023-08-13 21:26:14 Job submitted from host: <128.104.101.92:9618?addrs=128.104.101.92-9618+[2607-f388-107c-501-a236-9fff-fe3c-caa8]-9618&alias=submit2.chtc.wisc.edu&noUDP&sock=schedd_1879732_618e>
...
040 (11922361.103.000) 2023-08-13 21:27:30 Started transferring input files
	Transferring to host: <128.105.69.216:9618?addrs=128.105.69.216-9618&alias=e2599.chtc.wisc.edu&noUDP&sock=slot1_8_1030921_db1b_118985>
...
040 (11922361.103.000) 2023-08-13 21:27:31 Finished transferring input files
...
001 (11922361.103.000) 2023-08-13 21:27:33 Job executing on host: <128.105.69.216:9618?addrs=128.105.69.216-9618&alias=e2599.chtc.wisc.edu&noUDP&sock=startd_18846_5def>
	SlotName: slot1_8@e2599.chtc.wisc.edu
	CondorScratchDir = "/var/lib/condor/execute/slot1/dir_2820142"
	Cpus = 1
	Disk = 749021
	IoHeavy = 0
	Memory = 512
...
006 (11922361.103.000) 2023-08-13 21:27:41 Image size of job updated: 510928
	496  -  MemoryUsage of job (MB)
	507092  -  ResidentSetSize of job (KB)
...
006 (11922361.103.000) 2023-08-13 21:27:49 Image size of job updated: 516732
	496  -  MemoryUsage of job (MB)
	507092  -  ResidentSetSize of job (KB)
...
040 (11922361.103.000) 2023-08-13 21:27:49 Started transferring output files
...
040 (11922361.103.000) 2023-08-13 21:27:49 Finished transferring output files
...
005 (11922361.103.000) 2023-08-13 21:27:49 Job terminated.
	(1) Normal termination (return value 0)
		Usr 0 00:00:15, Sys 0 00:00:00  -  Run Remote Usage
		Usr 0 00:00:00, Sys 0 00:00:00  -  Run Local Usage
		Usr 0 00:00:15, Sys 0 00:00:00  -  Total Remote Usage
		Usr 0 00:00:00, Sys 0 00:00:00  -  Total Local Usage
	5896  -  Run Bytes Sent By Job
	35628456  -  Run Bytes Received By Job
	5896  -  Total Bytes Sent By Job
	35628456  -  Total Bytes Received By Job
	Partitionable Resources :    Usage  Request Allocated 
	   Cpus                 :                 1         1 
	   Disk (KB)            :   257758   524288    749021 
	   IoHeavy              :                           0 
	   Memory (MB)          :      496      512       512 

	Job terminated of its own accord at 2023-08-14T02:27:49Z with exit-code 0.
...
