000 (11922357.118.000) 2023-08-13 20:46:22 Job submitted from host: <128.104.101.92:9618?addrs=128.104.101.92-9618+[2607-f388-107c-501-a236-9fff-fe3c-caa8]-9618&alias=submit2.chtc.wisc.edu&noUDP&sock=schedd_1879732_618e>
...
040 (11922357.118.000) 2023-08-13 20:47:36 Started transferring input files
	Transferring to host: <128.105.69.121:9618?addrs=128.105.69.121-9618+[2607-f388-2200-100-1270-fdff-fe56-672c]-9618&alias=e4070.chtc.wisc.edu&noUDP&sock=slot1_33_3104173_71ef_110987>
...
040 (11922357.118.000) 2023-08-13 20:47:37 Finished transferring input files
...
001 (11922357.118.000) 2023-08-13 20:47:39 Job executing on host: <128.105.69.121:9618?addrs=128.105.69.121-9618+[2607-f388-2200-100-1270-fdff-fe56-672c]-9618&alias=e4070.chtc.wisc.edu&noUDP&sock=startd_17133_6433>
	SlotName: slot1_33@e4070.chtc.wisc.edu
	CondorScratchDir = "/var/lib/condor/execute/slot1/dir_3123014"
	Cpus = 1
	Disk = 1208198
	IoHeavy = 0
	Memory = 512
...
006 (11922357.118.000) 2023-08-13 20:47:47 Image size of job updated: 508820
	478  -  MemoryUsage of job (MB)
	488800  -  ResidentSetSize of job (KB)
...
006 (11922357.118.000) 2023-08-13 20:47:52 Image size of job updated: 510116
	484  -  MemoryUsage of job (MB)
	494944  -  ResidentSetSize of job (KB)
...
040 (11922357.118.000) 2023-08-13 20:47:52 Started transferring output files
...
040 (11922357.118.000) 2023-08-13 20:47:52 Finished transferring output files
...
005 (11922357.118.000) 2023-08-13 20:47:52 Job terminated.
	(1) Normal termination (return value 0)
		Usr 0 00:00:11, Sys 0 00:00:00  -  Run Remote Usage
		Usr 0 00:00:00, Sys 0 00:00:00  -  Run Local Usage
		Usr 0 00:00:11, Sys 0 00:00:00  -  Total Remote Usage
		Usr 0 00:00:00, Sys 0 00:00:00  -  Total Local Usage
	5675  -  Run Bytes Sent By Job
	35628504  -  Run Bytes Received By Job
	5675  -  Total Bytes Sent By Job
	35628504  -  Total Bytes Received By Job
	Partitionable Resources :     Usage  Request Allocated 
	   Cpus                 :      1.00        1         1 
	   Disk (KB)            : 257768      524288   1208198 
	   IoHeavy              :                            0 
	   Memory (MB)          :    484         512       512 

	Job terminated of its own accord at 2023-08-14T01:47:52Z with exit-code 0.
...
