000 (11922357.034.000) 2023-08-13 20:46:22 Job submitted from host: <128.104.101.92:9618?addrs=128.104.101.92-9618+[2607-f388-107c-501-a236-9fff-fe3c-caa8]-9618&alias=submit2.chtc.wisc.edu&noUDP&sock=schedd_1879732_618e>
...
040 (11922357.034.000) 2023-08-13 20:47:27 Started transferring input files
	Transferring to host: <128.105.69.235:9618?addrs=128.105.69.235-9618+[2607-f388-2200-100-eaeb-d3ff-fe40-1eec]-9618&alias=e2618.chtc.wisc.edu&noUDP&sock=slot1_27_3591035_c485_107542>
...
040 (11922357.034.000) 2023-08-13 20:47:29 Finished transferring input files
...
001 (11922357.034.000) 2023-08-13 20:47:30 Job executing on host: <128.105.69.235:9618?addrs=128.105.69.235-9618+[2607-f388-2200-100-eaeb-d3ff-fe40-1eec]-9618&alias=e2618.chtc.wisc.edu&noUDP&sock=startd_18889_dc81>
	SlotName: slot1_27@e2618.chtc.wisc.edu
	CondorScratchDir = "/var/lib/condor/execute/slot1/dir_3139144"
	Cpus = 1
	Disk = 1458998
	IoHeavy = 0
	Memory = 512
...
006 (11922357.034.000) 2023-08-13 20:47:38 Image size of job updated: 524288
	511  -  MemoryUsage of job (MB)
	523088  -  ResidentSetSize of job (KB)
...
040 (11922357.034.000) 2023-08-13 20:48:32 Started transferring output files
...
040 (11922357.034.000) 2023-08-13 20:48:32 Finished transferring output files
...
005 (11922357.034.000) 2023-08-13 20:48:32 Job terminated.
	(1) Normal termination (return value 0)
		Usr 0 00:00:59, Sys 0 00:00:01  -  Run Remote Usage
		Usr 0 00:00:00, Sys 0 00:00:00  -  Run Local Usage
		Usr 0 00:00:59, Sys 0 00:00:01  -  Total Remote Usage
		Usr 0 00:00:00, Sys 0 00:00:00  -  Total Local Usage
	5843  -  Run Bytes Sent By Job
	35628504  -  Run Bytes Received By Job
	5843  -  Total Bytes Sent By Job
	35628504  -  Total Bytes Received By Job
	Partitionable Resources :    Usage  Request Allocated 
	   Cpus                 :                 1         1 
	   Disk (KB)            :   257759   524288   1458998 
	   IoHeavy              :                           0 
	   Memory (MB)          :      511      512       512 

	Job terminated of its own accord at 2023-08-14T01:48:32Z with exit-code 0.
...
