000 (11922363.013.000) 2023-08-13 21:38:46 Job submitted from host: <128.104.101.92:9618?addrs=128.104.101.92-9618+[2607-f388-107c-501-a236-9fff-fe3c-caa8]-9618&alias=submit2.chtc.wisc.edu&noUDP&sock=schedd_1879732_618e>
...
040 (11922363.013.000) 2023-08-13 21:39:22 Started transferring input files
	Transferring to host: <128.105.69.214:9618?addrs=128.105.69.214-9618+[2607-f388-2200-100-eaeb-d3ff-fe3f-fbf4]-9618&alias=e2597.chtc.wisc.edu&noUDP&sock=slot1_16_4076455_1221_126367>
...
040 (11922363.013.000) 2023-08-13 21:39:23 Finished transferring input files
...
001 (11922363.013.000) 2023-08-13 21:39:24 Job executing on host: <128.105.69.214:9618?addrs=128.105.69.214-9618+[2607-f388-2200-100-eaeb-d3ff-fe3f-fbf4]-9618&alias=e2597.chtc.wisc.edu&noUDP&sock=startd_18862_5773>
	SlotName: slot1_16@e2597.chtc.wisc.edu
	CondorScratchDir = "/var/lib/condor/execute/slot1/dir_1635332"
	Cpus = 1
	Disk = 1458998
	IoHeavy = 0
	Memory = 512
...
006 (11922363.013.000) 2023-08-13 21:39:33 Image size of job updated: 524288
	512  -  MemoryUsage of job (MB)
	524160  -  ResidentSetSize of job (KB)
...
040 (11922363.013.000) 2023-08-13 21:39:59 Started transferring output files
...
040 (11922363.013.000) 2023-08-13 21:39:59 Finished transferring output files
...
005 (11922363.013.000) 2023-08-13 21:39:59 Job terminated.
	(1) Normal termination (return value 0)
		Usr 0 00:00:33, Sys 0 00:00:00  -  Run Remote Usage
		Usr 0 00:00:00, Sys 0 00:00:00  -  Run Local Usage
		Usr 0 00:00:33, Sys 0 00:00:00  -  Total Remote Usage
		Usr 0 00:00:00, Sys 0 00:00:00  -  Total Local Usage
	5903  -  Run Bytes Sent By Job
	35628388  -  Run Bytes Received By Job
	5903  -  Total Bytes Sent By Job
	35628388  -  Total Bytes Received By Job
	Partitionable Resources :    Usage  Request Allocated 
	   Cpus                 :                 1         1 
	   Disk (KB)            :   257759   524288   1458998 
	   IoHeavy              :                           0 
	   Memory (MB)          :      512      512       512 

	Job terminated of its own accord at 2023-08-14T02:39:59Z with exit-code 0.
...
