000 (11922361.086.000) 2023-08-13 21:26:14 Job submitted from host: <128.104.101.92:9618?addrs=128.104.101.92-9618+[2607-f388-107c-501-a236-9fff-fe3c-caa8]-9618&alias=submit2.chtc.wisc.edu&noUDP&sock=schedd_1879732_618e>
...
040 (11922361.086.000) 2023-08-13 21:27:28 Started transferring input files
	Transferring to host: <128.105.69.125:9618?addrs=128.105.69.125-9618+[2607-f388-2200-100-1270-fdff-fe56-79f4]-9618&alias=e4074.chtc.wisc.edu&noUDP&sock=slot1_12_932987_7e4d_109538>
...
040 (11922361.086.000) 2023-08-13 21:27:29 Finished transferring input files
...
001 (11922361.086.000) 2023-08-13 21:27:31 Job executing on host: <128.105.69.125:9618?addrs=128.105.69.125-9618+[2607-f388-2200-100-1270-fdff-fe56-79f4]-9618&alias=e4074.chtc.wisc.edu&noUDP&sock=startd_17118_1a48>
	SlotName: slot1_12@e4074.chtc.wisc.edu
	CondorScratchDir = "/var/lib/condor/execute/slot1/dir_198347"
	Cpus = 1
	Disk = 1208198
	IoHeavy = 0
	Memory = 512
...
006 (11922361.086.000) 2023-08-13 21:27:39 Image size of job updated: 515948
	493  -  MemoryUsage of job (MB)
	504320  -  ResidentSetSize of job (KB)
...
006 (11922361.086.000) 2023-08-13 21:27:48 Image size of job updated: 519336
	493  -  MemoryUsage of job (MB)
	504320  -  ResidentSetSize of job (KB)
...
040 (11922361.086.000) 2023-08-13 21:27:48 Started transferring output files
...
040 (11922361.086.000) 2023-08-13 21:27:48 Finished transferring output files
...
005 (11922361.086.000) 2023-08-13 21:27:48 Job terminated.
	(1) Normal termination (return value 0)
		Usr 0 00:00:15, Sys 0 00:00:00  -  Run Remote Usage
		Usr 0 00:00:00, Sys 0 00:00:00  -  Run Local Usage
		Usr 0 00:00:15, Sys 0 00:00:00  -  Total Remote Usage
		Usr 0 00:00:00, Sys 0 00:00:00  -  Total Local Usage
	5653  -  Run Bytes Sent By Job
	35628456  -  Run Bytes Received By Job
	5653  -  Total Bytes Sent By Job
	35628456  -  Total Bytes Received By Job
	Partitionable Resources :     Usage  Request Allocated 
	   Cpus                 :      0.88        1         1 
	   Disk (KB)            : 257767      524288   1208198 
	   IoHeavy              :                            0 
	   Memory (MB)          :    493         512       512 

	Job terminated of its own accord at 2023-08-14T02:27:48Z with exit-code 0.
...
