000 (11922361.180.000) 2023-08-13 21:26:14 Job submitted from host: <128.104.101.92:9618?addrs=128.104.101.92-9618+[2607-f388-107c-501-a236-9fff-fe3c-caa8]-9618&alias=submit2.chtc.wisc.edu&noUDP&sock=schedd_1879732_618e>
...
040 (11922361.180.000) 2023-08-13 21:27:37 Started transferring input files
	Transferring to host: <128.105.69.227:9618?addrs=128.105.69.227-9618+[2607-f388-2200-100-eaeb-d3ff-fe40-155c]-9618&alias=e2610.chtc.wisc.edu&noUDP&sock=slot1_19_4008194_0569_110277>
...
040 (11922361.180.000) 2023-08-13 21:27:39 Finished transferring input files
...
001 (11922361.180.000) 2023-08-13 21:27:40 Job executing on host: <128.105.69.227:9618?addrs=128.105.69.227-9618+[2607-f388-2200-100-eaeb-d3ff-fe40-155c]-9618&alias=e2610.chtc.wisc.edu&noUDP&sock=startd_18808_4d56>
	SlotName: slot1_19@e2610.chtc.wisc.edu
	CondorScratchDir = "/var/lib/condor/execute/slot1/dir_3972679"
	Cpus = 1
	Disk = 1458998
	IoHeavy = 0
	Memory = 512
...
006 (11922361.180.000) 2023-08-13 21:27:47 Image size of job updated: 403096
	77  -  MemoryUsage of job (MB)
	77828  -  ResidentSetSize of job (KB)
...
040 (11922361.180.000) 2023-08-13 21:27:47 Started transferring output files
...
040 (11922361.180.000) 2023-08-13 21:27:47 Finished transferring output files
...
005 (11922361.180.000) 2023-08-13 21:27:47 Job terminated.
	(1) Normal termination (return value 0)
		Usr 0 00:00:05, Sys 0 00:00:00  -  Run Remote Usage
		Usr 0 00:00:00, Sys 0 00:00:00  -  Run Local Usage
		Usr 0 00:00:05, Sys 0 00:00:00  -  Total Remote Usage
		Usr 0 00:00:00, Sys 0 00:00:00  -  Total Local Usage
	5429  -  Run Bytes Sent By Job
	35628456  -  Run Bytes Received By Job
	5429  -  Total Bytes Sent By Job
	35628456  -  Total Bytes Received By Job
	Partitionable Resources :    Usage  Request Allocated 
	   Cpus                 :                 1         1 
	   Disk (KB)            :   257758   524288   1458998 
	   IoHeavy              :                           0 
	   Memory (MB)          :       77      512       512 

	Job terminated of its own accord at 2023-08-14T02:27:47Z with exit-code 0.
...
