000 (11933708.045.000) 2023-08-14 03:20:36 Job submitted from host: <128.104.101.92:9618?addrs=128.104.101.92-9618+[2607-f388-107c-501-a236-9fff-fe3c-caa8]-9618&alias=submit2.chtc.wisc.edu&noUDP&sock=schedd_1879732_618e>
...
040 (11933708.045.000) 2023-08-14 03:26:47 Started transferring input files
	Transferring to host: <128.105.69.96:9618?addrs=128.105.69.96-9618+[2607-f388-2200-100-1270-fdff-fe56-c75c]-9618&alias=e4007.chtc.wisc.edu&noUDP&sock=slot1_42_3191673_1c55_115725>
...
040 (11933708.045.000) 2023-08-14 03:26:48 Finished transferring input files
...
001 (11933708.045.000) 2023-08-14 03:26:49 Job executing on host: <128.105.69.96:9618?addrs=128.105.69.96-9618+[2607-f388-2200-100-1270-fdff-fe56-c75c]-9618&alias=e4007.chtc.wisc.edu&noUDP&sock=startd_15642_b07e>
	SlotName: slot1_42@e4007.chtc.wisc.edu
	CondorScratchDir = "/var/lib/condor/execute/slot1/dir_2377753"
	Cpus = 1
	Disk = 1208198
	IoHeavy = 0
	Memory = 512
...
006 (11933708.045.000) 2023-08-14 03:26:58 Image size of job updated: 524288
	500  -  MemoryUsage of job (MB)
	511196  -  ResidentSetSize of job (KB)
...
040 (11933708.045.000) 2023-08-14 03:27:37 Started transferring output files
...
040 (11933708.045.000) 2023-08-14 03:27:37 Finished transferring output files
...
005 (11933708.045.000) 2023-08-14 03:27:37 Job terminated.
	(1) Normal termination (return value 0)
		Usr 0 00:00:45, Sys 0 00:00:01  -  Run Remote Usage
		Usr 0 00:00:00, Sys 0 00:00:00  -  Run Local Usage
		Usr 0 00:00:45, Sys 0 00:00:01  -  Total Remote Usage
		Usr 0 00:00:00, Sys 0 00:00:00  -  Total Local Usage
	5829  -  Run Bytes Sent By Job
	35628052  -  Run Bytes Received By Job
	5829  -  Total Bytes Sent By Job
	35628052  -  Total Bytes Received By Job
	Partitionable Resources :     Usage  Request Allocated 
	   Cpus                 :      0.99        1         1 
	   Disk (KB)            : 257767      524288   1208198 
	   IoHeavy              :                            0 
	   Memory (MB)          :    500         512       512 

	Job terminated of its own accord at 2023-08-14T08:27:37Z with exit-code 0.
...
