000 (11922357.025.000) 2023-08-13 20:46:22 Job submitted from host: <128.104.101.92:9618?addrs=128.104.101.92-9618+[2607-f388-107c-501-a236-9fff-fe3c-caa8]-9618&alias=submit2.chtc.wisc.edu&noUDP&sock=schedd_1879732_618e>
...
040 (11922357.025.000) 2023-08-13 20:47:26 Started transferring input files
	Transferring to host: <128.105.69.150:9618?addrs=128.105.69.150-9618+[2607-f388-2200-100-1270-fdff-fe56-732c]-9618&alias=e4027.chtc.wisc.edu&noUDP&sock=slot1_15_3323874_acb5_120373>
...
040 (11922357.025.000) 2023-08-13 20:47:28 Finished transferring input files
...
001 (11922357.025.000) 2023-08-13 20:47:29 Job executing on host: <128.105.69.150:9618?addrs=128.105.69.150-9618+[2607-f388-2200-100-1270-fdff-fe56-732c]-9618&alias=e4027.chtc.wisc.edu&noUDP&sock=startd_15988_0443>
	SlotName: slot1_15@e4027.chtc.wisc.edu
	CondorScratchDir = "/var/lib/condor/execute/slot1/dir_2695164"
	Cpus = 1
	Disk = 1208198
	IoHeavy = 0
	Memory = 512
...
006 (11922357.025.000) 2023-08-13 20:47:38 Image size of job updated: 524288
	469  -  MemoryUsage of job (MB)
	480132  -  ResidentSetSize of job (KB)
...
007 (11922357.025.000) 2023-08-13 20:49:41 Shadow exception!
	Error from slot1_15@e4027.chtc.wisc.edu: Job has gone over memory limit of 512 megabytes. Peak usage: 512 megabytes.
	0  -  Run Bytes Sent By Job
	35628504  -  Run Bytes Received By Job
...
012 (11922357.025.000) 2023-08-13 20:49:41 Job was held.
	Error from slot1_15@e4027.chtc.wisc.edu: Job has gone over memory limit of 512 megabytes. Peak usage: 512 megabytes.
	Code 34 Subcode 0
...
009 (11922357.025.000) 2023-08-13 21:26:36 Job was aborted.
	via condor_rm (by user mzheng54)
...
