000 (11922357.143.000) 2023-08-13 20:46:22 Job submitted from host: <128.104.101.92:9618?addrs=128.104.101.92-9618+[2607-f388-107c-501-a236-9fff-fe3c-caa8]-9618&alias=submit2.chtc.wisc.edu&noUDP&sock=schedd_1879732_618e>
...
040 (11922357.143.000) 2023-08-13 20:47:38 Started transferring input files
	Transferring to host: <128.105.69.213:9618?addrs=128.105.69.213-9618+[2607-f388-2200-100-eaeb-d3ff-fe40-894]-9618&alias=e2596.chtc.wisc.edu&noUDP&sock=slot1_19_2277354_a979_107614>
...
040 (11922357.143.000) 2023-08-13 20:47:40 Finished transferring input files
...
001 (11922357.143.000) 2023-08-13 20:47:41 Job executing on host: <128.105.69.213:9618?addrs=128.105.69.213-9618+[2607-f388-2200-100-eaeb-d3ff-fe40-894]-9618&alias=e2596.chtc.wisc.edu&noUDP&sock=startd_17297_e1bb>
	SlotName: slot1_19@e2596.chtc.wisc.edu
	CondorScratchDir = "/var/lib/condor/execute/slot1/dir_1949495"
	Cpus = 1
	Disk = 1458998
	IoHeavy = 0
	Memory = 512
...
006 (11922357.143.000) 2023-08-13 20:47:50 Image size of job updated: 508852
	488  -  MemoryUsage of job (MB)
	499480  -  ResidentSetSize of job (KB)
...
006 (11922357.143.000) 2023-08-13 20:48:01 Image size of job updated: 510712
	488  -  MemoryUsage of job (MB)
	499480  -  ResidentSetSize of job (KB)
...
040 (11922357.143.000) 2023-08-13 20:48:01 Started transferring output files
...
040 (11922357.143.000) 2023-08-13 20:48:01 Finished transferring output files
...
005 (11922357.143.000) 2023-08-13 20:48:01 Job terminated.
	(1) Normal termination (return value 0)
		Usr 0 00:00:17, Sys 0 00:00:00  -  Run Remote Usage
		Usr 0 00:00:00, Sys 0 00:00:00  -  Run Local Usage
		Usr 0 00:00:17, Sys 0 00:00:00  -  Total Remote Usage
		Usr 0 00:00:00, Sys 0 00:00:00  -  Total Local Usage
	5682  -  Run Bytes Sent By Job
	35628504  -  Run Bytes Received By Job
	5682  -  Total Bytes Sent By Job
	35628504  -  Total Bytes Received By Job
	Partitionable Resources :    Usage  Request Allocated 
	   Cpus                 :                 1         1 
	   Disk (KB)            :   257759   524288   1458998 
	   IoHeavy              :                           0 
	   Memory (MB)          :      488      512       512 

	Job terminated of its own accord at 2023-08-14T01:48:01Z with exit-code 0.
...
