000 (11922362.001.000) 2023-08-13 21:33:16 Job submitted from host: <128.104.101.92:9618?addrs=128.104.101.92-9618+[2607-f388-107c-501-a236-9fff-fe3c-caa8]-9618&alias=submit2.chtc.wisc.edu&noUDP&sock=schedd_1879732_618e>
...
040 (11922362.001.000) 2023-08-13 21:34:20 Started transferring input files
	Transferring to host: <128.105.69.167:9618?addrs=128.105.69.167-9618+[2607-f388-2200-100-1270-fdff-fe56-686c]-9618&alias=e2550.chtc.wisc.edu&noUDP&sock=slot1_38_1133814_4853_117015>
...
040 (11922362.001.000) 2023-08-13 21:34:22 Finished transferring input files
...
001 (11922362.001.000) 2023-08-13 21:34:23 Job executing on host: <128.105.69.167:9618?addrs=128.105.69.167-9618+[2607-f388-2200-100-1270-fdff-fe56-686c]-9618&alias=e2550.chtc.wisc.edu&noUDP&sock=startd_13345_2373>
	SlotName: slot1_38@e2550.chtc.wisc.edu
	CondorScratchDir = "/var/lib/condor/execute/slot1/dir_1959422"
	Cpus = 1
	Disk = 1208198
	IoHeavy = 0
	Memory = 512
...
006 (11922362.001.000) 2023-08-13 21:34:31 Image size of job updated: 524292
	512  -  MemoryUsage of job (MB)
	524204  -  ResidentSetSize of job (KB)
...
006 (11922362.001.000) 2023-08-13 21:38:01 Image size of job updated: 524292
	512  -  MemoryUsage of job (MB)
	524288  -  ResidentSetSize of job (KB)
...
004 (11922362.001.000) 2023-08-13 21:38:01 Job was evicted.
	(0) CPU times
		Usr 0 00:00:11, Sys 0 00:03:22  -  Run Remote Usage
		Usr 0 00:00:00, Sys 0 00:00:00  -  Run Local Usage
	0  -  Run Bytes Sent By Job
	35628408  -  Run Bytes Received By Job
	Partitionable Resources :    Usage  Request Allocated 
	   Cpus                 :                 1         1 
	   Disk (KB)            :   257754   524288   1208198 
	   IoHeavy              :                           0 
	   Memory (MB)          :      512      512       512 
...
009 (11922362.001.000) 2023-08-13 21:38:01 Job was aborted.
	via condor_rm (by user mzheng54)
...
