000 (11922357.145.000) 2023-08-13 20:46:22 Job submitted from host: <128.104.101.92:9618?addrs=128.104.101.92-9618+[2607-f388-107c-501-a236-9fff-fe3c-caa8]-9618&alias=submit2.chtc.wisc.edu&noUDP&sock=schedd_1879732_618e>
...
040 (11922357.145.000) 2023-08-13 20:47:39 Started transferring input files
	Transferring to host: <128.105.69.101:9618?addrs=128.105.69.101-9618+[2607-f388-2200-100-1270-fdff-fe56-bae4]-9618&alias=e4012.chtc.wisc.edu&noUDP&sock=slot1_25_3576311_60af_104264>
...
040 (11922357.145.000) 2023-08-13 20:47:40 Finished transferring input files
...
001 (11922357.145.000) 2023-08-13 20:47:42 Job executing on host: <128.105.69.101:9618?addrs=128.105.69.101-9618+[2607-f388-2200-100-1270-fdff-fe56-bae4]-9618&alias=e4012.chtc.wisc.edu&noUDP&sock=startd_15697_6a33>
	SlotName: slot1_25@e4012.chtc.wisc.edu
	CondorScratchDir = "/var/lib/condor/execute/slot1/dir_1027642"
	Cpus = 1
	Disk = 1208198
	IoHeavy = 0
	Memory = 512
...
006 (11922357.145.000) 2023-08-13 20:47:50 Image size of job updated: 404764
	370  -  MemoryUsage of job (MB)
	378108  -  ResidentSetSize of job (KB)
...
006 (11922357.145.000) 2023-08-13 20:48:03 Image size of job updated: 407412
	370  -  MemoryUsage of job (MB)
	378108  -  ResidentSetSize of job (KB)
...
040 (11922357.145.000) 2023-08-13 20:48:03 Started transferring output files
...
040 (11922357.145.000) 2023-08-13 20:48:03 Finished transferring output files
...
005 (11922357.145.000) 2023-08-13 20:48:03 Job terminated.
	(1) Normal termination (return value 0)
		Usr 0 00:00:18, Sys 0 00:00:01  -  Run Remote Usage
		Usr 0 00:00:00, Sys 0 00:00:00  -  Run Local Usage
		Usr 0 00:00:18, Sys 0 00:00:01  -  Total Remote Usage
		Usr 0 00:00:00, Sys 0 00:00:00  -  Total Local Usage
	5720  -  Run Bytes Sent By Job
	35628504  -  Run Bytes Received By Job
	5720  -  Total Bytes Sent By Job
	35628504  -  Total Bytes Received By Job
	Partitionable Resources :    Usage  Request Allocated 
	   Cpus                 :                 1         1 
	   Disk (KB)            :   257759   524288   1208198 
	   IoHeavy              :                           0 
	   Memory (MB)          :      370      512       512 

	Job terminated of its own accord at 2023-08-14T01:48:03Z with exit-code 0.
...
