000 (11933708.001.000) 2023-08-14 03:20:36 Job submitted from host: <128.104.101.92:9618?addrs=128.104.101.92-9618+[2607-f388-107c-501-a236-9fff-fe3c-caa8]-9618&alias=submit2.chtc.wisc.edu&noUDP&sock=schedd_1879732_618e>
...
040 (11933708.001.000) 2023-08-14 03:22:05 Started transferring input files
	Transferring to host: <128.105.69.109:9618?addrs=128.105.69.109-9618+[2607-f388-2200-100-1270-fdff-fe56-bf64]-9618&alias=e4058.chtc.wisc.edu&noUDP&sock=slot1_34_22731_cbb5_106185>
...
040 (11933708.001.000) 2023-08-14 03:22:07 Finished transferring input files
...
001 (11933708.001.000) 2023-08-14 03:22:08 Job executing on host: <128.105.69.109:9618?addrs=128.105.69.109-9618+[2607-f388-2200-100-1270-fdff-fe56-bf64]-9618&alias=e4058.chtc.wisc.edu&noUDP&sock=startd_16529_18ff>
	SlotName: slot1_34@e4058.chtc.wisc.edu
	CondorScratchDir = "/var/lib/condor/execute/slot1/dir_3197448"
	Cpus = 1
	Disk = 1208198
	IoHeavy = 0
	Memory = 512
...
006 (11933708.001.000) 2023-08-14 03:22:17 Image size of job updated: 503332
	492  -  MemoryUsage of job (MB)
	503332  -  ResidentSetSize of job (KB)
...
006 (11933708.001.000) 2023-08-14 03:22:19 Image size of job updated: 524292
	496  -  MemoryUsage of job (MB)
	507684  -  ResidentSetSize of job (KB)
...
007 (11933708.001.000) 2023-08-14 03:22:19 Shadow exception!
	Error from slot1_34@e4058.chtc.wisc.edu: Job has gone over memory limit of 512 megabytes. Peak usage: 512 megabytes.
	0  -  Run Bytes Sent By Job
	35628052  -  Run Bytes Received By Job
...
012 (11933708.001.000) 2023-08-14 03:22:19 Job was held.
	Error from slot1_34@e4058.chtc.wisc.edu: Job has gone over memory limit of 512 megabytes. Peak usage: 512 megabytes.
	Code 34 Subcode 0
...
