000 (11922362.072.000) 2023-08-13 21:33:16 Job submitted from host: <128.104.101.92:9618?addrs=128.104.101.92-9618+[2607-f388-107c-501-a236-9fff-fe3c-caa8]-9618&alias=submit2.chtc.wisc.edu&noUDP&sock=schedd_1879732_618e>
...
040 (11922362.072.000) 2023-08-13 21:34:33 Started transferring input files
	Transferring to host: <128.105.69.94:9618?addrs=128.105.69.94-9618+[2607-f388-2200-100-1270-fdff-fe56-3dcc]-9618&alias=e4005.chtc.wisc.edu&noUDP&sock=slot1_24_1730252_cf51_120253>
...
040 (11922362.072.000) 2023-08-13 21:34:35 Finished transferring input files
...
001 (11922362.072.000) 2023-08-13 21:34:36 Job executing on host: <128.105.69.94:9618?addrs=128.105.69.94-9618+[2607-f388-2200-100-1270-fdff-fe56-3dcc]-9618&alias=e4005.chtc.wisc.edu&noUDP&sock=startd_14681_85fb>
	SlotName: slot1_24@e4005.chtc.wisc.edu
	CondorScratchDir = "/var/lib/condor/execute/slot1/dir_1464282"
	Cpus = 1
	Disk = 1268229
	IoHeavy = 0
	Memory = 512
...
006 (11922362.072.000) 2023-08-13 21:34:45 Image size of job updated: 511096
	491  -  MemoryUsage of job (MB)
	502728  -  ResidentSetSize of job (KB)
...
006 (11922362.072.000) 2023-08-13 21:34:52 Image size of job updated: 520956
	491  -  MemoryUsage of job (MB)
	502728  -  ResidentSetSize of job (KB)
...
040 (11922362.072.000) 2023-08-13 21:34:52 Started transferring output files
...
040 (11922362.072.000) 2023-08-13 21:34:52 Finished transferring output files
...
005 (11922362.072.000) 2023-08-13 21:34:52 Job terminated.
	(1) Normal termination (return value 0)
		Usr 0 00:00:13, Sys 0 00:00:00  -  Run Remote Usage
		Usr 0 00:00:00, Sys 0 00:00:00  -  Run Local Usage
		Usr 0 00:00:13, Sys 0 00:00:00  -  Total Remote Usage
		Usr 0 00:00:00, Sys 0 00:00:00  -  Total Local Usage
	5649  -  Run Bytes Sent By Job
	35628408  -  Run Bytes Received By Job
	5649  -  Total Bytes Sent By Job
	35628408  -  Total Bytes Received By Job
	Partitionable Resources :     Usage  Request Allocated 
	   Cpus                 :      0.01        1         1 
	   Disk (KB)            : 257751      524288   1268229 
	   IoHeavy              :                            0 
	   Memory (MB)          :    491         512       512 

	Job terminated of its own accord at 2023-08-14T02:34:52Z with exit-code 0.
...
