000 (11922361.077.000) 2023-08-13 21:26:14 Job submitted from host: <128.104.101.92:9618?addrs=128.104.101.92-9618+[2607-f388-107c-501-a236-9fff-fe3c-caa8]-9618&alias=submit2.chtc.wisc.edu&noUDP&sock=schedd_1879732_618e>
...
040 (11922361.077.000) 2023-08-13 21:27:27 Started transferring input files
	Transferring to host: <128.105.69.98:9618?addrs=128.105.69.98-9618+[2607-f388-2200-100-1270-fdff-fe56-45f4]-9618&alias=e4009.chtc.wisc.edu&noUDP&sock=slot1_1_3988814_0ed5_119647>
...
040 (11922361.077.000) 2023-08-13 21:27:29 Finished transferring input files
...
001 (11922361.077.000) 2023-08-13 21:27:30 Job executing on host: <128.105.69.98:9618?addrs=128.105.69.98-9618+[2607-f388-2200-100-1270-fdff-fe56-45f4]-9618&alias=e4009.chtc.wisc.edu&noUDP&sock=startd_15856_79c2>
	SlotName: slot1_1@e4009.chtc.wisc.edu
	CondorScratchDir = "/var/lib/condor/execute/slot1/dir_688480"
	Cpus = 1
	Disk = 1208198
	IoHeavy = 0
	Memory = 512
...
006 (11922361.077.000) 2023-08-13 21:27:38 Image size of job updated: 524288
	498  -  MemoryUsage of job (MB)
	509484  -  ResidentSetSize of job (KB)
...
040 (11922361.077.000) 2023-08-13 21:27:50 Started transferring output files
...
040 (11922361.077.000) 2023-08-13 21:27:50 Finished transferring output files
...
005 (11922361.077.000) 2023-08-13 21:27:50 Job terminated.
	(1) Normal termination (return value 0)
		Usr 0 00:00:18, Sys 0 00:00:00  -  Run Remote Usage
		Usr 0 00:00:00, Sys 0 00:00:00  -  Run Local Usage
		Usr 0 00:00:18, Sys 0 00:00:00  -  Total Remote Usage
		Usr 0 00:00:00, Sys 0 00:00:00  -  Total Local Usage
	5875  -  Run Bytes Sent By Job
	35628456  -  Run Bytes Received By Job
	5875  -  Total Bytes Sent By Job
	35628456  -  Total Bytes Received By Job
	Partitionable Resources :    Usage  Request Allocated 
	   Cpus                 :                 1         1 
	   Disk (KB)            :   257759   524288   1208198 
	   IoHeavy              :                           0 
	   Memory (MB)          :      498      512       512 

	Job terminated of its own accord at 2023-08-14T02:27:50Z with exit-code 0.
...
