000 (11922363.083.000) 2023-08-13 21:38:46 Job submitted from host: <128.104.101.92:9618?addrs=128.104.101.92-9618+[2607-f388-107c-501-a236-9fff-fe3c-caa8]-9618&alias=submit2.chtc.wisc.edu&noUDP&sock=schedd_1879732_618e>
...
040 (11922363.083.000) 2023-08-13 21:39:28 Started transferring input files
	Transferring to host: <128.105.69.160:9618?addrs=128.105.69.160-9618+[2607-f388-2200-100-1270-fdff-fe56-c2cc]-9618&alias=e4093.chtc.wisc.edu&noUDP&sock=slot1_13_4068426_e9fa_113082>
...
040 (11922363.083.000) 2023-08-13 21:39:29 Finished transferring input files
...
001 (11922363.083.000) 2023-08-13 21:39:30 Job executing on host: <128.105.69.160:9618?addrs=128.105.69.160-9618+[2607-f388-2200-100-1270-fdff-fe56-c2cc]-9618&alias=e4093.chtc.wisc.edu&noUDP&sock=startd_18986_6531>
	SlotName: slot1_13@e4093.chtc.wisc.edu
	CondorScratchDir = "/var/lib/condor/execute/slot1/dir_3073566"
	Cpus = 1
	Disk = 1208198
	IoHeavy = 0
	Memory = 512
...
006 (11922363.083.000) 2023-08-13 21:39:39 Image size of job updated: 520272
	494  -  MemoryUsage of job (MB)
	505492  -  ResidentSetSize of job (KB)
...
040 (11922363.083.000) 2023-08-13 21:39:40 Started transferring output files
...
040 (11922363.083.000) 2023-08-13 21:39:40 Finished transferring output files
...
005 (11922363.083.000) 2023-08-13 21:39:40 Job terminated.
	(1) Normal termination (return value 0)
		Usr 0 00:00:08, Sys 0 00:00:00  -  Run Remote Usage
		Usr 0 00:00:00, Sys 0 00:00:00  -  Run Local Usage
		Usr 0 00:00:08, Sys 0 00:00:00  -  Total Remote Usage
		Usr 0 00:00:00, Sys 0 00:00:00  -  Total Local Usage
	5524  -  Run Bytes Sent By Job
	35628388  -  Run Bytes Received By Job
	5524  -  Total Bytes Sent By Job
	35628388  -  Total Bytes Received By Job
	Partitionable Resources :    Usage  Request Allocated 
	   Cpus                 :                 1         1 
	   Disk (KB)            :   257758   524288   1208198 
	   IoHeavy              :                           0 
	   Memory (MB)          :      494      512       512 

	Job terminated of its own accord at 2023-08-14T02:39:40Z with exit-code 0.
...
