000 (11922357.146.000) 2023-08-13 20:46:22 Job submitted from host: <128.104.101.92:9618?addrs=128.104.101.92-9618+[2607-f388-107c-501-a236-9fff-fe3c-caa8]-9618&alias=submit2.chtc.wisc.edu&noUDP&sock=schedd_1879732_618e>
...
040 (11922357.146.000) 2023-08-13 20:47:39 Started transferring input files
	Transferring to host: <128.105.69.207:9618?addrs=128.105.69.207-9618+[2607-f388-2200-100-eaeb-d3ff-fe40-2384]-9618&alias=e2590.chtc.wisc.edu&noUDP&sock=slot1_18_1655303_7589_117309>
...
040 (11922357.146.000) 2023-08-13 20:47:40 Finished transferring input files
...
001 (11922357.146.000) 2023-08-13 20:47:42 Job executing on host: <128.105.69.207:9618?addrs=128.105.69.207-9618+[2607-f388-2200-100-eaeb-d3ff-fe40-2384]-9618&alias=e2590.chtc.wisc.edu&noUDP&sock=startd_18795_629a>
	SlotName: slot1_18@e2590.chtc.wisc.edu
	CondorScratchDir = "/var/lib/condor/execute/slot1/dir_3978096"
	Cpus = 1
	Disk = 1458998
	IoHeavy = 0
	Memory = 512
...
006 (11922357.146.000) 2023-08-13 20:47:50 Image size of job updated: 508812
	485  -  MemoryUsage of job (MB)
	495768  -  ResidentSetSize of job (KB)
...
006 (11922357.146.000) 2023-08-13 20:47:55 Image size of job updated: 510680
	489  -  MemoryUsage of job (MB)
	500632  -  ResidentSetSize of job (KB)
...
040 (11922357.146.000) 2023-08-13 20:47:55 Started transferring output files
...
040 (11922357.146.000) 2023-08-13 20:47:55 Finished transferring output files
...
005 (11922357.146.000) 2023-08-13 20:47:55 Job terminated.
	(1) Normal termination (return value 0)
		Usr 0 00:00:12, Sys 0 00:00:00  -  Run Remote Usage
		Usr 0 00:00:00, Sys 0 00:00:00  -  Run Local Usage
		Usr 0 00:00:12, Sys 0 00:00:00  -  Total Remote Usage
		Usr 0 00:00:00, Sys 0 00:00:00  -  Total Local Usage
	5662  -  Run Bytes Sent By Job
	35628504  -  Run Bytes Received By Job
	5662  -  Total Bytes Sent By Job
	35628504  -  Total Bytes Received By Job
	Partitionable Resources :    Usage  Request Allocated 
	   Cpus                 :                 1         1 
	   Disk (KB)            :   257758   524288   1458998 
	   IoHeavy              :                           0 
	   Memory (MB)          :      489      512       512 

	Job terminated of its own accord at 2023-08-14T01:47:55Z with exit-code 0.
...
