000 (11922361.110.000) 2023-08-13 21:26:14 Job submitted from host: <128.104.101.92:9618?addrs=128.104.101.92-9618+[2607-f388-107c-501-a236-9fff-fe3c-caa8]-9618&alias=submit2.chtc.wisc.edu&noUDP&sock=schedd_1879732_618e>
...
040 (11922361.110.000) 2023-08-13 21:27:30 Started transferring input files
	Transferring to host: <128.105.69.171:9618?addrs=128.105.69.171-9618+[2607-f388-2200-100-1270-fdff-fe56-76ac]-9618&alias=e2554.chtc.wisc.edu&noUDP&sock=slot1_35_2358843_08cb_120986>
...
040 (11922361.110.000) 2023-08-13 21:27:33 Finished transferring input files
...
001 (11922361.110.000) 2023-08-13 21:27:34 Job executing on host: <128.105.69.171:9618?addrs=128.105.69.171-9618+[2607-f388-2200-100-1270-fdff-fe56-76ac]-9618&alias=e2554.chtc.wisc.edu&noUDP&sock=startd_14106_1f06>
	SlotName: slot1_35@e2554.chtc.wisc.edu
	CondorScratchDir = "/var/lib/condor/execute/slot1/dir_1329739"
	Cpus = 1
	Disk = 1208198
	IoHeavy = 0
	Memory = 512
...
006 (11922361.110.000) 2023-08-13 21:27:43 Image size of job updated: 407764
	381  -  MemoryUsage of job (MB)
	389468  -  ResidentSetSize of job (KB)
...
006 (11922361.110.000) 2023-08-13 21:27:51 Image size of job updated: 410780
	381  -  MemoryUsage of job (MB)
	389468  -  ResidentSetSize of job (KB)
...
040 (11922361.110.000) 2023-08-13 21:27:51 Started transferring output files
...
040 (11922361.110.000) 2023-08-13 21:27:51 Finished transferring output files
...
005 (11922361.110.000) 2023-08-13 21:27:51 Job terminated.
	(1) Normal termination (return value 0)
		Usr 0 00:00:14, Sys 0 00:00:00  -  Run Remote Usage
		Usr 0 00:00:00, Sys 0 00:00:00  -  Run Local Usage
		Usr 0 00:00:14, Sys 0 00:00:00  -  Total Remote Usage
		Usr 0 00:00:00, Sys 0 00:00:00  -  Total Local Usage
	5675  -  Run Bytes Sent By Job
	35628456  -  Run Bytes Received By Job
	5675  -  Total Bytes Sent By Job
	35628456  -  Total Bytes Received By Job
	Partitionable Resources :    Usage  Request Allocated 
	   Cpus                 :                 1         1 
	   Disk (KB)            :   257759   524288   1208198 
	   IoHeavy              :                           0 
	   Memory (MB)          :      381      512       512 

	Job terminated of its own accord at 2023-08-14T02:27:51Z with exit-code 0.
...
