000 (11922362.093.000) 2023-08-13 21:33:16 Job submitted from host: <128.104.101.92:9618?addrs=128.104.101.92-9618+[2607-f388-107c-501-a236-9fff-fe3c-caa8]-9618&alias=submit2.chtc.wisc.edu&noUDP&sock=schedd_1879732_618e>
...
040 (11922362.093.000) 2023-08-13 21:34:35 Started transferring input files
	Transferring to host: <128.105.69.203:9618?addrs=128.105.69.203-9618+[2607-f388-2200-100-1270-fdff-fe56-c37c]-9618&alias=e4034.chtc.wisc.edu&noUDP&sock=slot1_9_1090648_ee38_123571>
...
040 (11922362.093.000) 2023-08-13 21:34:36 Finished transferring input files
...
001 (11922362.093.000) 2023-08-13 21:34:38 Job executing on host: <128.105.69.203:9618?addrs=128.105.69.203-9618+[2607-f388-2200-100-1270-fdff-fe56-c37c]-9618&alias=e4034.chtc.wisc.edu&noUDP&sock=startd_15838_210e>
	SlotName: slot1_9@e4034.chtc.wisc.edu
	CondorScratchDir = "/var/lib/condor/execute/slot1/dir_254579"
	Cpus = 1
	Disk = 1208198
	IoHeavy = 0
	Memory = 512
...
006 (11922362.093.000) 2023-08-13 21:34:46 Image size of job updated: 512468
	486  -  MemoryUsage of job (MB)
	497040  -  ResidentSetSize of job (KB)
...
040 (11922362.093.000) 2023-08-13 21:34:57 Started transferring output files
...
040 (11922362.093.000) 2023-08-13 21:34:57 Finished transferring output files
...
005 (11922362.093.000) 2023-08-13 21:34:57 Job terminated.
	(1) Normal termination (return value 0)
		Usr 0 00:00:17, Sys 0 00:00:00  -  Run Remote Usage
		Usr 0 00:00:00, Sys 0 00:00:00  -  Run Local Usage
		Usr 0 00:00:17, Sys 0 00:00:00  -  Total Remote Usage
		Usr 0 00:00:00, Sys 0 00:00:00  -  Total Local Usage
	5712  -  Run Bytes Sent By Job
	35628408  -  Run Bytes Received By Job
	5712  -  Total Bytes Sent By Job
	35628408  -  Total Bytes Received By Job
	Partitionable Resources :    Usage  Request Allocated 
	   Cpus                 :                 1         1 
	   Disk (KB)            :   257758   524288   1208198 
	   IoHeavy              :                           0 
	   Memory (MB)          :      486      512       512 

	Job terminated of its own accord at 2023-08-14T02:34:57Z with exit-code 0.
...
