000 (11922362.137.000) 2023-08-13 21:33:16 Job submitted from host: <128.104.101.92:9618?addrs=128.104.101.92-9618+[2607-f388-107c-501-a236-9fff-fe3c-caa8]-9618&alias=submit2.chtc.wisc.edu&noUDP&sock=schedd_1879732_618e>
...
040 (11922362.137.000) 2023-08-13 21:34:36 Started transferring input files
	Transferring to host: <128.105.69.241:9618?addrs=128.105.69.241-9618+[2607-f388-2200-100-eaeb-d3ff-fe40-110c]-9618&alias=e2624.chtc.wisc.edu&noUDP&sock=slot1_22_1704477_fd99_121566>
...
040 (11922362.137.000) 2023-08-13 21:34:38 Finished transferring input files
...
001 (11922362.137.000) 2023-08-13 21:34:39 Job executing on host: <128.105.69.241:9618?addrs=128.105.69.241-9618+[2607-f388-2200-100-eaeb-d3ff-fe40-110c]-9618&alias=e2624.chtc.wisc.edu&noUDP&sock=startd_18661_78ea>
	SlotName: slot1_22@e2624.chtc.wisc.edu
	CondorScratchDir = "/var/lib/condor/execute/slot1/dir_612113"
	Cpus = 1
	Disk = 1458998
	IoHeavy = 0
	Memory = 512
...
006 (11922362.137.000) 2023-08-13 21:34:46 Image size of job updated: 401776
	77  -  MemoryUsage of job (MB)
	78128  -  ResidentSetSize of job (KB)
...
040 (11922362.137.000) 2023-08-13 21:34:46 Started transferring output files
...
040 (11922362.137.000) 2023-08-13 21:34:46 Finished transferring output files
...
005 (11922362.137.000) 2023-08-13 21:34:46 Job terminated.
	(1) Normal termination (return value 0)
		Usr 0 00:00:06, Sys 0 00:00:00  -  Run Remote Usage
		Usr 0 00:00:00, Sys 0 00:00:00  -  Run Local Usage
		Usr 0 00:00:06, Sys 0 00:00:00  -  Total Remote Usage
		Usr 0 00:00:00, Sys 0 00:00:00  -  Total Local Usage
	5329  -  Run Bytes Sent By Job
	35628408  -  Run Bytes Received By Job
	5329  -  Total Bytes Sent By Job
	35628408  -  Total Bytes Received By Job
	Partitionable Resources :    Usage  Request Allocated 
	   Cpus                 :                 1         1 
	   Disk (KB)            :   257758   524288   1458998 
	   IoHeavy              :                           0 
	   Memory (MB)          :       77      512       512 

	Job terminated of its own accord at 2023-08-14T02:34:46Z with exit-code 0.
...
