000 (11922363.001.000) 2023-08-13 21:38:46 Job submitted from host: <128.104.101.92:9618?addrs=128.104.101.92-9618+[2607-f388-107c-501-a236-9fff-fe3c-caa8]-9618&alias=submit2.chtc.wisc.edu&noUDP&sock=schedd_1879732_618e>
...
040 (11922363.001.000) 2023-08-13 21:39:20 Started transferring input files
	Transferring to host: <128.105.69.180:9618?addrs=128.105.69.180-9618+[2607-f388-2200-100-1270-fdff-fe56-6844]-9618&alias=e2563.chtc.wisc.edu&noUDP&sock=slot1_30_1638361_4998_115147>
...
040 (11922363.001.000) 2023-08-13 21:39:23 Finished transferring input files
...
001 (11922363.001.000) 2023-08-13 21:39:24 Job executing on host: <128.105.69.180:9618?addrs=128.105.69.180-9618+[2607-f388-2200-100-1270-fdff-fe56-6844]-9618&alias=e2563.chtc.wisc.edu&noUDP&sock=startd_13448_c9b5>
	SlotName: slot1_30@e2563.chtc.wisc.edu
	CondorScratchDir = "/var/lib/condor/execute/slot1/dir_3507724"
	Cpus = 1
	Disk = 1208198
	IoHeavy = 0
	Memory = 512
...
006 (11922363.001.000) 2023-08-13 21:39:32 Image size of job updated: 524288
	512  -  MemoryUsage of job (MB)
	524260  -  ResidentSetSize of job (KB)
...
007 (11922363.001.000) 2023-08-13 21:39:34 Shadow exception!
	Error from slot1_30@e2563.chtc.wisc.edu: Job has gone over memory limit of 512 megabytes. Peak usage: 512 megabytes.
	0  -  Run Bytes Sent By Job
	35628388  -  Run Bytes Received By Job
...
012 (11922363.001.000) 2023-08-13 21:39:34 Job was held.
	Error from slot1_30@e2563.chtc.wisc.edu: Job has gone over memory limit of 512 megabytes. Peak usage: 512 megabytes.
	Code 34 Subcode 0
...
009 (11922363.001.000) 2023-08-14 02:04:42 Job was aborted.
	via condor_rm (by user mzheng54)
...
