000 (11922361.107.000) 2023-08-13 21:26:14 Job submitted from host: <128.104.101.92:9618?addrs=128.104.101.92-9618+[2607-f388-107c-501-a236-9fff-fe3c-caa8]-9618&alias=submit2.chtc.wisc.edu&noUDP&sock=schedd_1879732_618e>
...
040 (11922361.107.000) 2023-08-13 21:27:30 Started transferring input files
	Transferring to host: <128.105.69.225:9618?addrs=128.105.69.225-9618+[2607-f388-2200-100-eaeb-d3ff-fe40-112c]-9618&alias=e2608.chtc.wisc.edu&noUDP&sock=slot1_10_1600247_86cb_120887>
...
040 (11922361.107.000) 2023-08-13 21:27:32 Finished transferring input files
...
001 (11922361.107.000) 2023-08-13 21:27:33 Job executing on host: <128.105.69.225:9618?addrs=128.105.69.225-9618+[2607-f388-2200-100-eaeb-d3ff-fe40-112c]-9618&alias=e2608.chtc.wisc.edu&noUDP&sock=startd_18726_0e91>
	SlotName: slot1_10@e2608.chtc.wisc.edu
	CondorScratchDir = "/var/lib/condor/execute/slot1/dir_1673597"
	Cpus = 1
	Disk = 1458998
	IoHeavy = 0
	Memory = 512
...
006 (11922361.107.000) 2023-08-13 21:27:41 Image size of job updated: 517512
	493  -  MemoryUsage of job (MB)
	503864  -  ResidentSetSize of job (KB)
...
040 (11922361.107.000) 2023-08-13 21:27:53 Started transferring output files
...
040 (11922361.107.000) 2023-08-13 21:27:53 Finished transferring output files
...
005 (11922361.107.000) 2023-08-13 21:27:53 Job terminated.
	(1) Normal termination (return value 0)
		Usr 0 00:00:18, Sys 0 00:00:00  -  Run Remote Usage
		Usr 0 00:00:00, Sys 0 00:00:00  -  Run Local Usage
		Usr 0 00:00:18, Sys 0 00:00:00  -  Total Remote Usage
		Usr 0 00:00:00, Sys 0 00:00:00  -  Total Local Usage
	5563  -  Run Bytes Sent By Job
	35628456  -  Run Bytes Received By Job
	5563  -  Total Bytes Sent By Job
	35628456  -  Total Bytes Received By Job
	Partitionable Resources :    Usage  Request Allocated 
	   Cpus                 :                 1         1 
	   Disk (KB)            :   257758   524288   1458998 
	   IoHeavy              :                           0 
	   Memory (MB)          :      493      512       512 

	Job terminated of its own accord at 2023-08-14T02:27:53Z with exit-code 0.
...
