000 (11922363.072.000) 2023-08-13 21:38:46 Job submitted from host: <128.104.101.92:9618?addrs=128.104.101.92-9618+[2607-f388-107c-501-a236-9fff-fe3c-caa8]-9618&alias=submit2.chtc.wisc.edu&noUDP&sock=schedd_1879732_618e>
...
040 (11922363.072.000) 2023-08-13 21:39:27 Started transferring input files
	Transferring to host: <128.105.69.224:9618?addrs=128.105.69.224-9618+[2607-f388-2200-100-eaeb-d3ff-fe40-1574]-9618&alias=e2607.chtc.wisc.edu&noUDP&sock=slot1_11_3156497_6fbf_110479>
...
040 (11922363.072.000) 2023-08-13 21:39:29 Finished transferring input files
...
001 (11922363.072.000) 2023-08-13 21:39:30 Job executing on host: <128.105.69.224:9618?addrs=128.105.69.224-9618+[2607-f388-2200-100-eaeb-d3ff-fe40-1574]-9618&alias=e2607.chtc.wisc.edu&noUDP&sock=startd_11673_491a>
	SlotName: slot1_11@e2607.chtc.wisc.edu
	CondorScratchDir = "/var/lib/condor/execute/slot1/dir_2311762"
	Cpus = 1
	Disk = 1458998
	IoHeavy = 0
	Memory = 512
...
006 (11922363.072.000) 2023-08-13 21:39:38 Image size of job updated: 515224
	504  -  MemoryUsage of job (MB)
	515224  -  ResidentSetSize of job (KB)
...
006 (11922363.072.000) 2023-08-13 21:39:41 Image size of job updated: 521272
	504  -  MemoryUsage of job (MB)
	515224  -  ResidentSetSize of job (KB)
...
040 (11922363.072.000) 2023-08-13 21:39:41 Started transferring output files
...
040 (11922363.072.000) 2023-08-13 21:39:41 Finished transferring output files
...
005 (11922363.072.000) 2023-08-13 21:39:41 Job terminated.
	(1) Normal termination (return value 0)
		Usr 0 00:00:10, Sys 0 00:00:00  -  Run Remote Usage
		Usr 0 00:00:00, Sys 0 00:00:00  -  Run Local Usage
		Usr 0 00:00:10, Sys 0 00:00:00  -  Total Remote Usage
		Usr 0 00:00:00, Sys 0 00:00:00  -  Total Local Usage
	5556  -  Run Bytes Sent By Job
	35628388  -  Run Bytes Received By Job
	5556  -  Total Bytes Sent By Job
	35628388  -  Total Bytes Received By Job
	Partitionable Resources :    Usage  Request Allocated 
	   Cpus                 :                 1         1 
	   Disk (KB)            :   257758   524288   1458998 
	   IoHeavy              :                           0 
	   Memory (MB)          :      504      512       512 

	Job terminated of its own accord at 2023-08-14T02:39:41Z with exit-code 0.
...
