000 (11922357.121.000) 2023-08-13 20:46:22 Job submitted from host: <128.104.101.92:9618?addrs=128.104.101.92-9618+[2607-f388-107c-501-a236-9fff-fe3c-caa8]-9618&alias=submit2.chtc.wisc.edu&noUDP&sock=schedd_1879732_618e>
...
040 (11922357.121.000) 2023-08-13 20:47:36 Started transferring input files
	Transferring to host: <128.105.69.205:9618?addrs=128.105.69.205-9618+[2607-f388-2200-100-eaeb-d3ff-fe40-294c]-9618&alias=e2588.chtc.wisc.edu&noUDP&sock=slot1_29_3681644_014a_112895>
...
040 (11922357.121.000) 2023-08-13 20:47:38 Finished transferring input files
...
001 (11922357.121.000) 2023-08-13 20:47:39 Job executing on host: <128.105.69.205:9618?addrs=128.105.69.205-9618+[2607-f388-2200-100-eaeb-d3ff-fe40-294c]-9618&alias=e2588.chtc.wisc.edu&noUDP&sock=startd_16569_88c9>
	SlotName: slot1_29@e2588.chtc.wisc.edu
	CondorScratchDir = "/var/lib/condor/execute/slot1/dir_1150561"
	Cpus = 1
	Disk = 1458998
	IoHeavy = 0
	Memory = 512
...
006 (11922357.121.000) 2023-08-13 20:47:48 Image size of job updated: 509404
	469  -  MemoryUsage of job (MB)
	480192  -  ResidentSetSize of job (KB)
...
006 (11922357.121.000) 2023-08-13 20:47:57 Image size of job updated: 511112
	472  -  MemoryUsage of job (MB)
	483008  -  ResidentSetSize of job (KB)
...
040 (11922357.121.000) 2023-08-13 20:47:57 Started transferring output files
...
040 (11922357.121.000) 2023-08-13 20:47:57 Finished transferring output files
...
005 (11922357.121.000) 2023-08-13 20:47:57 Job terminated.
	(1) Normal termination (return value 0)
		Usr 0 00:00:15, Sys 0 00:00:00  -  Run Remote Usage
		Usr 0 00:00:00, Sys 0 00:00:00  -  Run Local Usage
		Usr 0 00:00:15, Sys 0 00:00:00  -  Total Remote Usage
		Usr 0 00:00:00, Sys 0 00:00:00  -  Total Local Usage
	5671  -  Run Bytes Sent By Job
	35628504  -  Run Bytes Received By Job
	5671  -  Total Bytes Sent By Job
	35628504  -  Total Bytes Received By Job
	Partitionable Resources :    Usage  Request Allocated 
	   Cpus                 :                 1         1 
	   Disk (KB)            :   257758   524288   1458998 
	   IoHeavy              :                           0 
	   Memory (MB)          :      472      512       512 

	Job terminated of its own accord at 2023-08-14T01:47:57Z with exit-code 0.
...
