000 (11933708.039.000) 2023-08-14 03:20:36 Job submitted from host: <128.104.101.92:9618?addrs=128.104.101.92-9618+[2607-f388-107c-501-a236-9fff-fe3c-caa8]-9618&alias=submit2.chtc.wisc.edu&noUDP&sock=schedd_1879732_618e>
...
040 (11933708.039.000) 2023-08-14 03:26:31 Started transferring input files
	Transferring to host: <128.105.69.131:9618?addrs=128.105.69.131-9618+[2607-f388-2200-100-1270-fdff-fe56-6724]-9618&alias=e4080.chtc.wisc.edu&noUDP&sock=slot1_49_1055847_7a51_115088>
...
040 (11933708.039.000) 2023-08-14 03:26:33 Finished transferring input files
...
001 (11933708.039.000) 2023-08-14 03:26:34 Job executing on host: <128.105.69.131:9618?addrs=128.105.69.131-9618+[2607-f388-2200-100-1270-fdff-fe56-6724]-9618&alias=e4080.chtc.wisc.edu&noUDP&sock=startd_16638_dcd2>
	SlotName: slot1_49@e4080.chtc.wisc.edu
	CondorScratchDir = "/var/lib/condor/execute/slot1/dir_1652447"
	Cpus = 1
	Disk = 1208198
	IoHeavy = 0
	Memory = 512
...
006 (11933708.039.000) 2023-08-14 03:26:42 Image size of job updated: 494812
	484  -  MemoryUsage of job (MB)
	494812  -  ResidentSetSize of job (KB)
...
006 (11933708.039.000) 2023-08-14 03:27:14 Image size of job updated: 510548
	484  -  MemoryUsage of job (MB)
	494812  -  ResidentSetSize of job (KB)
...
040 (11933708.039.000) 2023-08-14 03:27:14 Started transferring output files
...
040 (11933708.039.000) 2023-08-14 03:27:14 Finished transferring output files
...
005 (11933708.039.000) 2023-08-14 03:27:14 Job terminated.
	(1) Normal termination (return value 0)
		Usr 0 00:00:37, Sys 0 00:00:01  -  Run Remote Usage
		Usr 0 00:00:00, Sys 0 00:00:00  -  Run Local Usage
		Usr 0 00:00:37, Sys 0 00:00:01  -  Total Remote Usage
		Usr 0 00:00:00, Sys 0 00:00:00  -  Total Local Usage
	5831  -  Run Bytes Sent By Job
	35628052  -  Run Bytes Received By Job
	5831  -  Total Bytes Sent By Job
	35628052  -  Total Bytes Received By Job
	Partitionable Resources :    Usage  Request Allocated 
	   Cpus                 :                 1         1 
	   Disk (KB)            :   257759   524288   1208198 
	   IoHeavy              :                           0 
	   Memory (MB)          :      484      512       512 

	Job terminated of its own accord at 2023-08-14T08:27:14Z with exit-code 0.
...
