000 (11922362.035.000) 2023-08-13 21:33:16 Job submitted from host: <128.104.101.92:9618?addrs=128.104.101.92-9618+[2607-f388-107c-501-a236-9fff-fe3c-caa8]-9618&alias=submit2.chtc.wisc.edu&noUDP&sock=schedd_1879732_618e>
...
040 (11922362.035.000) 2023-08-13 21:34:25 Started transferring input files
	Transferring to host: <128.105.69.152:9618?addrs=128.105.69.152-9618+[2607-f388-2200-100-1270-fdff-fe56-c8d4]-9618&alias=e4085.chtc.wisc.edu&noUDP&sock=slot1_13_2948455_06f3_114638>
...
040 (11922362.035.000) 2023-08-13 21:34:27 Finished transferring input files
...
001 (11922362.035.000) 2023-08-13 21:34:29 Job executing on host: <128.105.69.152:9618?addrs=128.105.69.152-9618+[2607-f388-2200-100-1270-fdff-fe56-c8d4]-9618&alias=e4085.chtc.wisc.edu&noUDP&sock=startd_17191_2cb1>
	SlotName: slot1_13@e4085.chtc.wisc.edu
	CondorScratchDir = "/var/lib/condor/execute/slot1/dir_2960394"
	Cpus = 1
	Disk = 1208198
	IoHeavy = 0
	Memory = 512
...
006 (11922362.035.000) 2023-08-13 21:34:37 Image size of job updated: 524288
	500  -  MemoryUsage of job (MB)
	511364  -  ResidentSetSize of job (KB)
...
040 (11922362.035.000) 2023-08-13 21:35:07 Started transferring output files
...
040 (11922362.035.000) 2023-08-13 21:35:07 Finished transferring output files
...
005 (11922362.035.000) 2023-08-13 21:35:07 Job terminated.
	(1) Normal termination (return value 0)
		Usr 0 00:00:35, Sys 0 00:00:01  -  Run Remote Usage
		Usr 0 00:00:00, Sys 0 00:00:00  -  Run Local Usage
		Usr 0 00:00:35, Sys 0 00:00:01  -  Total Remote Usage
		Usr 0 00:00:00, Sys 0 00:00:00  -  Total Local Usage
	5884  -  Run Bytes Sent By Job
	35628408  -  Run Bytes Received By Job
	5884  -  Total Bytes Sent By Job
	35628408  -  Total Bytes Received By Job
	Partitionable Resources :    Usage  Request Allocated 
	   Cpus                 :                 1         1 
	   Disk (KB)            :   257759   524288   1208198 
	   IoHeavy              :                           0 
	   Memory (MB)          :      500      512       512 

	Job terminated of its own accord at 2023-08-14T02:35:06Z with exit-code 0.
...
