000 (11922357.171.000) 2023-08-13 20:46:22 Job submitted from host: <128.104.101.92:9618?addrs=128.104.101.92-9618+[2607-f388-107c-501-a236-9fff-fe3c-caa8]-9618&alias=submit2.chtc.wisc.edu&noUDP&sock=schedd_1879732_618e>
...
040 (11922357.171.000) 2023-08-13 20:47:41 Started transferring input files
	Transferring to host: <128.105.69.211:9618?addrs=128.105.69.211-9618+[2607-f388-2200-100-eaeb-d3ff-fe40-8bc]-9618&alias=e2594.chtc.wisc.edu&noUDP&sock=slot1_19_1970157_95cd_119889>
...
040 (11922357.171.000) 2023-08-13 20:47:43 Finished transferring input files
...
001 (11922357.171.000) 2023-08-13 20:47:44 Job executing on host: <128.105.69.211:9618?addrs=128.105.69.211-9618+[2607-f388-2200-100-eaeb-d3ff-fe40-8bc]-9618&alias=e2594.chtc.wisc.edu&noUDP&sock=startd_18787_e5d8>
	SlotName: slot1_19@e2594.chtc.wisc.edu
	CondorScratchDir = "/var/lib/condor/execute/slot1/dir_4076965"
	Cpus = 1
	Disk = 1458998
	IoHeavy = 0
	Memory = 512
...
006 (11922357.171.000) 2023-08-13 20:47:53 Image size of job updated: 507720
	496  -  MemoryUsage of job (MB)
	507720  -  ResidentSetSize of job (KB)
...
006 (11922357.171.000) 2023-08-13 20:47:54 Image size of job updated: 508228
	496  -  MemoryUsage of job (MB)
	507720  -  ResidentSetSize of job (KB)
...
040 (11922357.171.000) 2023-08-13 20:47:54 Started transferring output files
...
040 (11922357.171.000) 2023-08-13 20:47:54 Finished transferring output files
...
005 (11922357.171.000) 2023-08-13 20:47:54 Job terminated.
	(1) Normal termination (return value 0)
		Usr 0 00:00:08, Sys 0 00:00:00  -  Run Remote Usage
		Usr 0 00:00:00, Sys 0 00:00:00  -  Run Local Usage
		Usr 0 00:00:08, Sys 0 00:00:00  -  Total Remote Usage
		Usr 0 00:00:00, Sys 0 00:00:00  -  Total Local Usage
	5484  -  Run Bytes Sent By Job
	35628504  -  Run Bytes Received By Job
	5484  -  Total Bytes Sent By Job
	35628504  -  Total Bytes Received By Job
	Partitionable Resources :    Usage  Request Allocated 
	   Cpus                 :                 1         1 
	   Disk (KB)            :   257758   524288   1458998 
	   IoHeavy              :                           0 
	   Memory (MB)          :      496      512       512 

	Job terminated of its own accord at 2023-08-14T01:47:54Z with exit-code 0.
...
