000 (11922357.014.000) 2023-08-13 20:46:22 Job submitted from host: <128.104.101.92:9618?addrs=128.104.101.92-9618+[2607-f388-107c-501-a236-9fff-fe3c-caa8]-9618&alias=submit2.chtc.wisc.edu&noUDP&sock=schedd_1879732_618e>
...
040 (11922357.014.000) 2023-08-13 20:47:25 Started transferring input files
	Transferring to host: <128.105.69.219:9618?addrs=128.105.69.219-9618&alias=e2602.chtc.wisc.edu&noUDP&sock=slot1_26_2200493_2263_117322>
...
040 (11922357.014.000) 2023-08-13 20:47:27 Finished transferring input files
...
001 (11922357.014.000) 2023-08-13 20:47:28 Job executing on host: <128.105.69.219:9618?addrs=128.105.69.219-9618&alias=e2602.chtc.wisc.edu&noUDP&sock=startd_18812_0bb7>
	SlotName: slot1_26@e2602.chtc.wisc.edu
	CondorScratchDir = "/var/lib/condor/execute/slot1/dir_1077358"
	Cpus = 1
	Disk = 1458998
	IoHeavy = 0
	Memory = 512
...
006 (11922357.014.000) 2023-08-13 20:47:36 Image size of job updated: 524288
	512  -  MemoryUsage of job (MB)
	524288  -  ResidentSetSize of job (KB)
...
006 (11922357.014.000) 2023-08-13 20:52:36 Image size of job updated: 524292
	512  -  MemoryUsage of job (MB)
	524288  -  ResidentSetSize of job (KB)
...
004 (11922357.014.000) 2023-08-13 21:26:36 Job was evicted.
	(0) CPU times
		Usr 0 00:00:05, Sys 0 00:38:32  -  Run Remote Usage
		Usr 0 00:00:00, Sys 0 00:00:00  -  Run Local Usage
	0  -  Run Bytes Sent By Job
	35628504  -  Run Bytes Received By Job
	Partitionable Resources :     Usage  Request Allocated 
	   Cpus                 :      0.99        1         1 
	   Disk (KB)            : 257762      524288   1458998 
	   IoHeavy              :                            0 
	   Memory (MB)          :    512         512       512 
...
009 (11922357.014.000) 2023-08-13 21:26:36 Job was aborted.
	via condor_rm (by user mzheng54)
...
