000 (11930207.001.000) 2023-08-14 02:57:22 Job submitted from host: <128.104.101.92:9618?addrs=128.104.101.92-9618+[2607-f388-107c-501-a236-9fff-fe3c-caa8]-9618&alias=submit2.chtc.wisc.edu&noUDP&sock=schedd_1879732_618e>
...
040 (11930207.001.000) 2023-08-14 02:57:52 Started transferring input files
	Transferring to host: <128.105.69.168:9618?addrs=128.105.69.168-9618+[2607-f388-2200-100-1270-fdff-fe56-768c]-9618&alias=e2551.chtc.wisc.edu&noUDP&sock=slot1_72_2837716_623c_118788>
...
040 (11930207.001.000) 2023-08-14 02:57:54 Finished transferring input files
...
001 (11930207.001.000) 2023-08-14 02:57:55 Job executing on host: <128.105.69.168:9618?addrs=128.105.69.168-9618+[2607-f388-2200-100-1270-fdff-fe56-768c]-9618&alias=e2551.chtc.wisc.edu&noUDP&sock=startd_12968_8c3f>
	SlotName: slot1_72@e2551.chtc.wisc.edu
	CondorScratchDir = "/var/lib/condor/execute/slot1/dir_10283"
	Cpus = 1
	Disk = 1208198
	IoHeavy = 0
	Memory = 512
...
006 (11930207.001.000) 2023-08-14 02:58:03 Image size of job updated: 456960
	446  -  MemoryUsage of job (MB)
	456600  -  ResidentSetSize of job (KB)
...
006 (11930207.001.000) 2023-08-14 02:58:14 Image size of job updated: 524288
	446  -  MemoryUsage of job (MB)
	456600  -  ResidentSetSize of job (KB)
...
007 (11930207.001.000) 2023-08-14 02:58:14 Shadow exception!
	Error from slot1_72@e2551.chtc.wisc.edu: Job has gone over memory limit of 512 megabytes. Peak usage: 512 megabytes.
	0  -  Run Bytes Sent By Job
	35628108  -  Run Bytes Received By Job
...
012 (11930207.001.000) 2023-08-14 02:58:14 Job was held.
	Error from slot1_72@e2551.chtc.wisc.edu: Job has gone over memory limit of 512 megabytes. Peak usage: 512 megabytes.
	Code 34 Subcode 0
...
009 (11930207.001.000) 2023-08-14 03:20:17 Job was aborted.
	via condor_rm (by user mzheng54)
...
