000 (11930207.049.000) 2023-08-14 02:57:22 Job submitted from host: <128.104.101.92:9618?addrs=128.104.101.92-9618+[2607-f388-107c-501-a236-9fff-fe3c-caa8]-9618&alias=submit2.chtc.wisc.edu&noUDP&sock=schedd_1879732_618e>
...
040 (11930207.049.000) 2023-08-14 02:57:58 Started transferring input files
	Transferring to host: <128.105.69.236:9618?addrs=128.105.69.236-9618+[2607-f388-2200-100-eaeb-d3ff-fe40-2044]-9618&alias=e2619.chtc.wisc.edu&noUDP&sock=slot1_34_3347923_5ee7_128310>
...
040 (11930207.049.000) 2023-08-14 02:58:01 Finished transferring input files
...
001 (11930207.049.000) 2023-08-14 02:58:02 Job executing on host: <128.105.69.236:9618?addrs=128.105.69.236-9618+[2607-f388-2200-100-eaeb-d3ff-fe40-2044]-9618&alias=e2619.chtc.wisc.edu&noUDP&sock=startd_18724_af61>
	SlotName: slot1_34@e2619.chtc.wisc.edu
	CondorScratchDir = "/var/lib/condor/execute/slot1/dir_1814917"
	Cpus = 1
	Disk = 1458998
	IoHeavy = 0
	Memory = 512
...
006 (11930207.049.000) 2023-08-14 02:58:10 Image size of job updated: 482748
	446  -  MemoryUsage of job (MB)
	456208  -  ResidentSetSize of job (KB)
...
006 (11930207.049.000) 2023-08-14 02:58:44 Image size of job updated: 499680
	446  -  MemoryUsage of job (MB)
	456208  -  ResidentSetSize of job (KB)
...
040 (11930207.049.000) 2023-08-14 02:58:44 Started transferring output files
...
040 (11930207.049.000) 2023-08-14 02:58:44 Finished transferring output files
...
005 (11930207.049.000) 2023-08-14 02:58:44 Job terminated.
	(1) Normal termination (return value 0)
		Usr 0 00:00:40, Sys 0 00:00:01  -  Run Remote Usage
		Usr 0 00:00:00, Sys 0 00:00:00  -  Run Local Usage
		Usr 0 00:00:40, Sys 0 00:00:01  -  Total Remote Usage
		Usr 0 00:00:00, Sys 0 00:00:00  -  Total Local Usage
	5884  -  Run Bytes Sent By Job
	35628108  -  Run Bytes Received By Job
	5884  -  Total Bytes Sent By Job
	35628108  -  Total Bytes Received By Job
	Partitionable Resources :    Usage  Request Allocated 
	   Cpus                 :                 1         1 
	   Disk (KB)            :   257758   524288   1458998 
	   IoHeavy              :                           0 
	   Memory (MB)          :      446      512       512 

	Job terminated of its own accord at 2023-08-14T07:58:44Z with exit-code 0.
...
