000 (11930207.055.000) 2023-08-14 02:57:22 Job submitted from host: <128.104.101.92:9618?addrs=128.104.101.92-9618+[2607-f388-107c-501-a236-9fff-fe3c-caa8]-9618&alias=submit2.chtc.wisc.edu&noUDP&sock=schedd_1879732_618e>
...
040 (11930207.055.000) 2023-08-14 02:58:07 Started transferring input files
	Transferring to host: <128.105.69.200:9618?addrs=128.105.69.200-9618+[2607-f388-2200-100-1270-fdff-fe36-581c]-9618&alias=e4029.chtc.wisc.edu&noUDP&sock=slot1_19_3542147_bfc1_116757>
...
040 (11930207.055.000) 2023-08-14 02:58:09 Finished transferring input files
...
001 (11930207.055.000) 2023-08-14 02:58:10 Job executing on host: <128.105.69.200:9618?addrs=128.105.69.200-9618+[2607-f388-2200-100-1270-fdff-fe36-581c]-9618&alias=e4029.chtc.wisc.edu&noUDP&sock=startd_15873_22df>
	SlotName: slot1_19@e4029.chtc.wisc.edu
	CondorScratchDir = "/var/lib/condor/execute/slot1/dir_3298659"
	Cpus = 1
	Disk = 1208198
	IoHeavy = 0
	Memory = 512
...
006 (11930207.055.000) 2023-08-14 02:58:18 Image size of job updated: 524288
	496  -  MemoryUsage of job (MB)
	507552  -  ResidentSetSize of job (KB)
...
040 (11930207.055.000) 2023-08-14 02:59:03 Started transferring output files
...
040 (11930207.055.000) 2023-08-14 02:59:03 Finished transferring output files
...
005 (11930207.055.000) 2023-08-14 02:59:06 Job terminated.
	(1) Normal termination (return value 0)
		Usr 0 00:00:48, Sys 0 00:00:01  -  Run Remote Usage
		Usr 0 00:00:00, Sys 0 00:00:00  -  Run Local Usage
		Usr 0 00:00:48, Sys 0 00:00:01  -  Total Remote Usage
		Usr 0 00:00:00, Sys 0 00:00:00  -  Total Local Usage
	5899  -  Run Bytes Sent By Job
	35628108  -  Run Bytes Received By Job
	5899  -  Total Bytes Sent By Job
	35628108  -  Total Bytes Received By Job
	Partitionable Resources :     Usage  Request Allocated 
	   Cpus                 :      0.99        1         1 
	   Disk (KB)            : 257768      524288   1208198 
	   IoHeavy              :                            0 
	   Memory (MB)          :    496         512       512 

	Job terminated of its own accord at 2023-08-14T07:59:02Z with exit-code 0.
...
