000 (11922357.162.000) 2023-08-13 20:46:22 Job submitted from host: <128.104.101.92:9618?addrs=128.104.101.92-9618+[2607-f388-107c-501-a236-9fff-fe3c-caa8]-9618&alias=submit2.chtc.wisc.edu&noUDP&sock=schedd_1879732_618e>
...
040 (11922357.162.000) 2023-08-13 20:47:40 Started transferring input files
	Transferring to host: <128.105.69.218:9618?addrs=128.105.69.218-9618&alias=e2601.chtc.wisc.edu&noUDP&sock=slot1_15_3204662_0946_116274>
...
040 (11922357.162.000) 2023-08-13 20:47:42 Finished transferring input files
...
001 (11922357.162.000) 2023-08-13 20:47:43 Job executing on host: <128.105.69.218:9618?addrs=128.105.69.218-9618&alias=e2601.chtc.wisc.edu&noUDP&sock=startd_19055_b93a>
	SlotName: slot1_15@e2601.chtc.wisc.edu
	CondorScratchDir = "/var/lib/condor/execute/slot1/dir_241112"
	Cpus = 1
	Disk = 1458998
	IoHeavy = 0
	Memory = 512
...
006 (11922357.162.000) 2023-08-13 20:47:52 Image size of job updated: 505700
	494  -  MemoryUsage of job (MB)
	505700  -  ResidentSetSize of job (KB)
...
006 (11922357.162.000) 2023-08-13 20:47:53 Image size of job updated: 506716
	494  -  MemoryUsage of job (MB)
	505700  -  ResidentSetSize of job (KB)
...
040 (11922357.162.000) 2023-08-13 20:47:53 Started transferring output files
...
040 (11922357.162.000) 2023-08-13 20:47:53 Finished transferring output files
...
005 (11922357.162.000) 2023-08-13 20:47:53 Job terminated.
	(1) Normal termination (return value 0)
		Usr 0 00:00:08, Sys 0 00:00:00  -  Run Remote Usage
		Usr 0 00:00:00, Sys 0 00:00:00  -  Run Local Usage
		Usr 0 00:00:08, Sys 0 00:00:00  -  Total Remote Usage
		Usr 0 00:00:00, Sys 0 00:00:00  -  Total Local Usage
	5365  -  Run Bytes Sent By Job
	35628504  -  Run Bytes Received By Job
	5365  -  Total Bytes Sent By Job
	35628504  -  Total Bytes Received By Job
	Partitionable Resources :    Usage  Request Allocated 
	   Cpus                 :                 1         1 
	   Disk (KB)            :   257758   524288   1458998 
	   IoHeavy              :                           0 
	   Memory (MB)          :      494      512       512 

	Job terminated of its own accord at 2023-08-14T01:47:53Z with exit-code 0.
...
