000 (11922357.176.000) 2023-08-13 20:46:22 Job submitted from host: <128.104.101.92:9618?addrs=128.104.101.92-9618+[2607-f388-107c-501-a236-9fff-fe3c-caa8]-9618&alias=submit2.chtc.wisc.edu&noUDP&sock=schedd_1879732_618e>
...
040 (11922357.176.000) 2023-08-13 20:47:42 Started transferring input files
	Transferring to host: <128.105.69.101:9618?addrs=128.105.69.101-9618+[2607-f388-2200-100-1270-fdff-fe56-bae4]-9618&alias=e4012.chtc.wisc.edu&noUDP&sock=slot1_38_3576311_60af_104265>
...
040 (11922357.176.000) 2023-08-13 20:47:44 Finished transferring input files
...
001 (11922357.176.000) 2023-08-13 20:47:45 Job executing on host: <128.105.69.101:9618?addrs=128.105.69.101-9618+[2607-f388-2200-100-1270-fdff-fe56-bae4]-9618&alias=e4012.chtc.wisc.edu&noUDP&sock=startd_15697_6a33>
	SlotName: slot1_38@e4012.chtc.wisc.edu
	CondorScratchDir = "/var/lib/condor/execute/slot1/dir_1027673"
	Cpus = 1
	Disk = 1208198
	IoHeavy = 0
	Memory = 512
...
006 (11922357.176.000) 2023-08-13 20:47:53 Image size of job updated: 505764
	180  -  MemoryUsage of job (MB)
	184188  -  ResidentSetSize of job (KB)
...
040 (11922357.176.000) 2023-08-13 20:47:54 Started transferring output files
...
040 (11922357.176.000) 2023-08-13 20:47:54 Finished transferring output files
...
005 (11922357.176.000) 2023-08-13 20:47:54 Job terminated.
	(1) Normal termination (return value 0)
		Usr 0 00:00:07, Sys 0 00:00:00  -  Run Remote Usage
		Usr 0 00:00:00, Sys 0 00:00:00  -  Run Local Usage
		Usr 0 00:00:07, Sys 0 00:00:00  -  Total Remote Usage
		Usr 0 00:00:00, Sys 0 00:00:00  -  Total Local Usage
	5486  -  Run Bytes Sent By Job
	35628504  -  Run Bytes Received By Job
	5486  -  Total Bytes Sent By Job
	35628504  -  Total Bytes Received By Job
	Partitionable Resources :    Usage  Request Allocated 
	   Cpus                 :                 1         1 
	   Disk (KB)            :   257758   524288   1208198 
	   IoHeavy              :                           0 
	   Memory (MB)          :      180      512       512 

	Job terminated of its own accord at 2023-08-14T01:47:53Z with exit-code 0.
...
