000 (11922362.063.000) 2023-08-13 21:33:16 Job submitted from host: <128.104.101.92:9618?addrs=128.104.101.92-9618+[2607-f388-107c-501-a236-9fff-fe3c-caa8]-9618&alias=submit2.chtc.wisc.edu&noUDP&sock=schedd_1879732_618e>
...
040 (11922362.063.000) 2023-08-13 21:34:28 Started transferring input files
	Transferring to host: <128.105.69.188:9618?addrs=128.105.69.188-9618+[2607-f388-2200-100-1270-fdff-fe56-bf54]-9618&alias=e4040.chtc.wisc.edu&noUDP&sock=slot1_7_940684_b9e6_112978>
...
040 (11922362.063.000) 2023-08-13 21:34:29 Finished transferring input files
...
001 (11922362.063.000) 2023-08-13 21:34:30 Job executing on host: <128.105.69.188:9618?addrs=128.105.69.188-9618+[2607-f388-2200-100-1270-fdff-fe56-bf54]-9618&alias=e4040.chtc.wisc.edu&noUDP&sock=startd_15998_e035>
	SlotName: slot1_7@e4040.chtc.wisc.edu
	CondorScratchDir = "/var/lib/condor/execute/slot1/dir_476222"
	Cpus = 1
	Disk = 1208198
	IoHeavy = 0
	Memory = 512
...
006 (11922362.063.000) 2023-08-13 21:34:40 Image size of job updated: 518524
	477  -  MemoryUsage of job (MB)
	488328  -  ResidentSetSize of job (KB)
...
006 (11922362.063.000) 2023-08-13 21:34:48 Image size of job updated: 524288
	492  -  MemoryUsage of job (MB)
	502920  -  ResidentSetSize of job (KB)
...
040 (11922362.063.000) 2023-08-13 21:34:48 Started transferring output files
...
040 (11922362.063.000) 2023-08-13 21:34:48 Finished transferring output files
...
005 (11922362.063.000) 2023-08-13 21:34:48 Job terminated.
	(1) Normal termination (return value 0)
		Usr 0 00:00:16, Sys 0 00:00:00  -  Run Remote Usage
		Usr 0 00:00:00, Sys 0 00:00:00  -  Run Local Usage
		Usr 0 00:00:16, Sys 0 00:00:00  -  Total Remote Usage
		Usr 0 00:00:00, Sys 0 00:00:00  -  Total Local Usage
	5895  -  Run Bytes Sent By Job
	35628408  -  Run Bytes Received By Job
	5895  -  Total Bytes Sent By Job
	35628408  -  Total Bytes Received By Job
	Partitionable Resources :    Usage  Request Allocated 
	   Cpus                 :                 1         1 
	   Disk (KB)            :   257759   524288   1208198 
	   IoHeavy              :                           0 
	   Memory (MB)          :      492      512       512 

	Job terminated of its own accord at 2023-08-14T02:34:48Z with exit-code 0.
...
