000 (11922362.078.000) 2023-08-13 21:33:16 Job submitted from host: <128.104.101.92:9618?addrs=128.104.101.92-9618+[2607-f388-107c-501-a236-9fff-fe3c-caa8]-9618&alias=submit2.chtc.wisc.edu&noUDP&sock=schedd_1879732_618e>
...
040 (11922362.078.000) 2023-08-13 21:34:29 Started transferring input files
	Transferring to host: <128.105.69.89:9618?addrs=128.105.69.89-9618+[2607-f388-2200-100-1270-fdff-fe56-41cc]-9618&alias=build4000.chtc.wisc.edu&noUDP&sock=slot3_11_2515835_19bb_110461>
...
040 (11922362.078.000) 2023-08-13 21:34:31 Finished transferring input files
...
001 (11922362.078.000) 2023-08-13 21:34:32 Job executing on host: <128.105.69.89:9618?addrs=128.105.69.89-9618+[2607-f388-2200-100-1270-fdff-fe56-41cc]-9618&alias=build4000.chtc.wisc.edu&noUDP&sock=startd_16084_dd5a>
	SlotName: slot3_11@build4000.chtc.wisc.edu
	CondorScratchDir = "/var/lib/condor/execute/slot3/dir_521183"
	Cpus = 1
	Disk = 1208198
	IoHeavy = 0
	Memory = 512
...
006 (11922362.078.000) 2023-08-13 21:34:40 Image size of job updated: 509080
	491  -  MemoryUsage of job (MB)
	502040  -  ResidentSetSize of job (KB)
...
006 (11922362.078.000) 2023-08-13 21:34:43 Image size of job updated: 510452
	491  -  MemoryUsage of job (MB)
	502040  -  ResidentSetSize of job (KB)
...
040 (11922362.078.000) 2023-08-13 21:34:43 Started transferring output files
...
040 (11922362.078.000) 2023-08-13 21:34:43 Finished transferring output files
...
005 (11922362.078.000) 2023-08-13 21:34:43 Job terminated.
	(1) Normal termination (return value 0)
		Usr 0 00:00:10, Sys 0 00:00:00  -  Run Remote Usage
		Usr 0 00:00:00, Sys 0 00:00:00  -  Run Local Usage
		Usr 0 00:00:10, Sys 0 00:00:00  -  Total Remote Usage
		Usr 0 00:00:00, Sys 0 00:00:00  -  Total Local Usage
	5515  -  Run Bytes Sent By Job
	35628408  -  Run Bytes Received By Job
	5515  -  Total Bytes Sent By Job
	35628408  -  Total Bytes Received By Job
	Partitionable Resources :    Usage  Request Allocated 
	   Cpus                 :                 1         1 
	   Disk (KB)            :   257759   524288   1208198 
	   IoHeavy              :                           0 
	   Memory (MB)          :      491      512       512 

	Job terminated of its own accord at 2023-08-14T02:34:43Z with exit-code 0.
...
