000 (11922363.107.000) 2023-08-13 21:38:46 Job submitted from host: <128.104.101.92:9618?addrs=128.104.101.92-9618+[2607-f388-107c-501-a236-9fff-fe3c-caa8]-9618&alias=submit2.chtc.wisc.edu&noUDP&sock=schedd_1879732_618e>
...
040 (11922363.107.000) 2023-08-13 21:39:30 Started transferring input files
	Transferring to host: <128.105.69.129:9618?addrs=128.105.69.129-9618+[2607-f388-2200-100-1270-fdff-fe56-6734]-9618&alias=e4078.chtc.wisc.edu&noUDP&sock=slot1_8_503042_58a1_101609>
...
040 (11922363.107.000) 2023-08-13 21:39:33 Finished transferring input files
...
001 (11922363.107.000) 2023-08-13 21:39:34 Job executing on host: <128.105.69.129:9618?addrs=128.105.69.129-9618+[2607-f388-2200-100-1270-fdff-fe56-6734]-9618&alias=e4078.chtc.wisc.edu&noUDP&sock=startd_16790_1f37>
	SlotName: slot1_8@e4078.chtc.wisc.edu
	CondorScratchDir = "/var/lib/condor/execute/slot1/dir_3001286"
	Cpus = 1
	Disk = 1208198
	IoHeavy = 0
	Memory = 512
...
006 (11922363.107.000) 2023-08-13 21:39:42 Image size of job updated: 507124
	181  -  MemoryUsage of job (MB)
	184892  -  ResidentSetSize of job (KB)
...
040 (11922363.107.000) 2023-08-13 21:39:42 Started transferring output files
...
040 (11922363.107.000) 2023-08-13 21:39:42 Finished transferring output files
...
005 (11922363.107.000) 2023-08-13 21:39:42 Job terminated.
	(1) Normal termination (return value 0)
		Usr 0 00:00:06, Sys 0 00:00:00  -  Run Remote Usage
		Usr 0 00:00:00, Sys 0 00:00:00  -  Run Local Usage
		Usr 0 00:00:06, Sys 0 00:00:00  -  Total Remote Usage
		Usr 0 00:00:00, Sys 0 00:00:00  -  Total Local Usage
	5375  -  Run Bytes Sent By Job
	35628388  -  Run Bytes Received By Job
	5375  -  Total Bytes Sent By Job
	35628388  -  Total Bytes Received By Job
	Partitionable Resources :    Usage  Request Allocated 
	   Cpus                 :                 1         1 
	   Disk (KB)            :   257758   524288   1208198 
	   IoHeavy              :                           0 
	   Memory (MB)          :      181      512       512 

	Job terminated of its own accord at 2023-08-14T02:39:42Z with exit-code 0.
...
