000 (11922363.025.000) 2023-08-13 21:38:46 Job submitted from host: <128.104.101.92:9618?addrs=128.104.101.92-9618+[2607-f388-107c-501-a236-9fff-fe3c-caa8]-9618&alias=submit2.chtc.wisc.edu&noUDP&sock=schedd_1879732_618e>
...
040 (11922363.025.000) 2023-08-13 21:39:23 Started transferring input files
	Transferring to host: <128.105.69.161:9618?addrs=128.105.69.161-9618+[2607-f388-2200-100-1270-fdff-fe56-bf5c]-9618&alias=e4094.chtc.wisc.edu&noUDP&sock=slot1_9_1367360_912c_113771>
...
040 (11922363.025.000) 2023-08-13 21:39:24 Finished transferring input files
...
001 (11922363.025.000) 2023-08-13 21:39:26 Job executing on host: <128.105.69.161:9618?addrs=128.105.69.161-9618+[2607-f388-2200-100-1270-fdff-fe56-bf5c]-9618&alias=e4094.chtc.wisc.edu&noUDP&sock=startd_11680_1644>
	SlotName: slot1_9@e4094.chtc.wisc.edu
	CondorScratchDir = "/var/lib/condor/execute/slot1/dir_3520845"
	Cpus = 1
	Disk = 1208198
	IoHeavy = 0
	Memory = 512
...
006 (11922363.025.000) 2023-08-13 21:39:34 Image size of job updated: 524292
	483  -  MemoryUsage of job (MB)
	494004  -  ResidentSetSize of job (KB)
...
040 (11922363.025.000) 2023-08-13 21:40:03 Started transferring output files
...
040 (11922363.025.000) 2023-08-13 21:40:03 Finished transferring output files
...
005 (11922363.025.000) 2023-08-13 21:40:03 Job terminated.
	(1) Normal termination (return value 0)
		Usr 0 00:00:36, Sys 0 00:00:01  -  Run Remote Usage
		Usr 0 00:00:00, Sys 0 00:00:00  -  Run Local Usage
		Usr 0 00:00:36, Sys 0 00:00:01  -  Total Remote Usage
		Usr 0 00:00:00, Sys 0 00:00:00  -  Total Local Usage
	5896  -  Run Bytes Sent By Job
	35628388  -  Run Bytes Received By Job
	5896  -  Total Bytes Sent By Job
	35628388  -  Total Bytes Received By Job
	Partitionable Resources :    Usage  Request Allocated 
	   Cpus                 :                 1         1 
	   Disk (KB)            :   257759   524288   1208198 
	   IoHeavy              :                           0 
	   Memory (MB)          :      483      512       512 

	Job terminated of its own accord at 2023-08-14T02:40:03Z with exit-code 0.
...
