000 (11922362.016.000) 2023-08-13 21:33:16 Job submitted from host: <128.104.101.92:9618?addrs=128.104.101.92-9618+[2607-f388-107c-501-a236-9fff-fe3c-caa8]-9618&alias=submit2.chtc.wisc.edu&noUDP&sock=schedd_1879732_618e>
...
040 (11922362.016.000) 2023-08-13 21:34:23 Started transferring input files
	Transferring to host: <128.105.69.228:9618?addrs=128.105.69.228-9618+[2607-f388-2200-100-eaeb-d3ff-fe40-1124]-9618&alias=e2611.chtc.wisc.edu&noUDP&sock=slot1_14_1521301_ed80_129740>
...
040 (11922362.016.000) 2023-08-13 21:34:25 Finished transferring input files
...
001 (11922362.016.000) 2023-08-13 21:34:26 Job executing on host: <128.105.69.228:9618?addrs=128.105.69.228-9618+[2607-f388-2200-100-eaeb-d3ff-fe40-1124]-9618&alias=e2611.chtc.wisc.edu&noUDP&sock=startd_18798_7163>
	SlotName: slot1_14@e2611.chtc.wisc.edu
	CondorScratchDir = "/var/lib/condor/execute/slot1/dir_3314504"
	Cpus = 1
	Disk = 1458998
	IoHeavy = 0
	Memory = 512
...
006 (11922362.016.000) 2023-08-13 21:34:34 Image size of job updated: 524288
	480  -  MemoryUsage of job (MB)
	491012  -  ResidentSetSize of job (KB)
...
040 (11922362.016.000) 2023-08-13 21:35:43 Started transferring output files
...
040 (11922362.016.000) 2023-08-13 21:35:43 Finished transferring output files
...
005 (11922362.016.000) 2023-08-13 21:35:43 Job terminated.
	(1) Normal termination (return value 0)
		Usr 0 00:01:13, Sys 0 00:00:01  -  Run Remote Usage
		Usr 0 00:00:00, Sys 0 00:00:00  -  Run Local Usage
		Usr 0 00:01:13, Sys 0 00:00:01  -  Total Remote Usage
		Usr 0 00:00:00, Sys 0 00:00:00  -  Total Local Usage
	5841  -  Run Bytes Sent By Job
	35628408  -  Run Bytes Received By Job
	5841  -  Total Bytes Sent By Job
	35628408  -  Total Bytes Received By Job
	Partitionable Resources :    Usage  Request Allocated 
	   Cpus                 :                 1         1 
	   Disk (KB)            :   257759   524288   1458998 
	   IoHeavy              :                           0 
	   Memory (MB)          :      480      512       512 

	Job terminated of its own accord at 2023-08-14T02:35:43Z with exit-code 0.
...
