000 (11922362.021.000) 2023-08-13 21:33:16 Job submitted from host: <128.104.101.92:9618?addrs=128.104.101.92-9618+[2607-f388-107c-501-a236-9fff-fe3c-caa8]-9618&alias=submit2.chtc.wisc.edu&noUDP&sock=schedd_1879732_618e>
...
040 (11922362.021.000) 2023-08-13 21:34:23 Started transferring input files
	Transferring to host: <128.105.69.114:9618?addrs=128.105.69.114-9618+[2607-f388-2200-100-1270-fdff-fe56-470c]-9618&alias=e4063.chtc.wisc.edu&noUDP&sock=slot1_11_433666_ad9c_132584>
...
040 (11922362.021.000) 2023-08-13 21:34:25 Finished transferring input files
...
001 (11922362.021.000) 2023-08-13 21:34:26 Job executing on host: <128.105.69.114:9618?addrs=128.105.69.114-9618+[2607-f388-2200-100-1270-fdff-fe56-470c]-9618&alias=e4063.chtc.wisc.edu&noUDP&sock=startd_18888_2ce9>
	SlotName: slot1_11@e4063.chtc.wisc.edu
	CondorScratchDir = "/var/lib/condor/execute/slot1/dir_769269"
	Cpus = 1
	Disk = 1208198
	IoHeavy = 0
	Memory = 512
...
006 (11922362.021.000) 2023-08-13 21:34:35 Image size of job updated: 524288
	502  -  MemoryUsage of job (MB)
	513960  -  ResidentSetSize of job (KB)
...
040 (11922362.021.000) 2023-08-13 21:35:09 Started transferring output files
...
040 (11922362.021.000) 2023-08-13 21:35:09 Finished transferring output files
...
005 (11922362.021.000) 2023-08-13 21:35:09 Job terminated.
	(1) Normal termination (return value 0)
		Usr 0 00:00:40, Sys 0 00:00:01  -  Run Remote Usage
		Usr 0 00:00:00, Sys 0 00:00:00  -  Run Local Usage
		Usr 0 00:00:40, Sys 0 00:00:01  -  Total Remote Usage
		Usr 0 00:00:00, Sys 0 00:00:00  -  Total Local Usage
	5897  -  Run Bytes Sent By Job
	35628408  -  Run Bytes Received By Job
	5897  -  Total Bytes Sent By Job
	35628408  -  Total Bytes Received By Job
	Partitionable Resources :    Usage  Request Allocated 
	   Cpus                 :                 1         1 
	   Disk (KB)            :   257759   524288   1208198 
	   IoHeavy              :                           0 
	   Memory (MB)          :      502      512       512 

	Job terminated of its own accord at 2023-08-14T02:35:09Z with exit-code 0.
...
