000 (11922363.044.000) 2023-08-13 21:38:46 Job submitted from host: <128.104.101.92:9618?addrs=128.104.101.92-9618+[2607-f388-107c-501-a236-9fff-fe3c-caa8]-9618&alias=submit2.chtc.wisc.edu&noUDP&sock=schedd_1879732_618e>
...
040 (11922363.044.000) 2023-08-13 21:39:24 Started transferring input files
	Transferring to host: <128.105.69.237:9618?addrs=128.105.69.237-9618+[2607-f388-2200-100-eaeb-d3ff-fe40-230c]-9618&alias=e2620.chtc.wisc.edu&noUDP&sock=slot1_4_1960490_4f24_116477>
...
040 (11922363.044.000) 2023-08-13 21:39:26 Finished transferring input files
...
001 (11922363.044.000) 2023-08-13 21:39:27 Job executing on host: <128.105.69.237:9618?addrs=128.105.69.237-9618+[2607-f388-2200-100-eaeb-d3ff-fe40-230c]-9618&alias=e2620.chtc.wisc.edu&noUDP&sock=startd_11763_04a0>
	SlotName: slot1_4@e2620.chtc.wisc.edu
	CondorScratchDir = "/var/lib/condor/execute/slot1/dir_1256394"
	Cpus = 1
	Disk = 1458998
	IoHeavy = 0
	Memory = 512
...
006 (11922363.044.000) 2023-08-13 21:39:36 Image size of job updated: 514436
	477  -  MemoryUsage of job (MB)
	487940  -  ResidentSetSize of job (KB)
...
006 (11922363.044.000) 2023-08-13 21:39:59 Image size of job updated: 524288
	486  -  MemoryUsage of job (MB)
	497156  -  ResidentSetSize of job (KB)
...
040 (11922363.044.000) 2023-08-13 21:39:59 Started transferring output files
...
040 (11922363.044.000) 2023-08-13 21:39:59 Finished transferring output files
...
005 (11922363.044.000) 2023-08-13 21:39:59 Job terminated.
	(1) Normal termination (return value 0)
		Usr 0 00:00:30, Sys 0 00:00:01  -  Run Remote Usage
		Usr 0 00:00:00, Sys 0 00:00:00  -  Run Local Usage
		Usr 0 00:00:30, Sys 0 00:00:01  -  Total Remote Usage
		Usr 0 00:00:00, Sys 0 00:00:00  -  Total Local Usage
	5895  -  Run Bytes Sent By Job
	35628388  -  Run Bytes Received By Job
	5895  -  Total Bytes Sent By Job
	35628388  -  Total Bytes Received By Job
	Partitionable Resources :    Usage  Request Allocated 
	   Cpus                 :                 1         1 
	   Disk (KB)            :   257759   524288   1458998 
	   IoHeavy              :                           0 
	   Memory (MB)          :      486      512       512 

	Job terminated of its own accord at 2023-08-14T02:39:59Z with exit-code 0.
...
