000 (11922357.041.000) 2023-08-13 20:46:22 Job submitted from host: <128.104.101.92:9618?addrs=128.104.101.92-9618+[2607-f388-107c-501-a236-9fff-fe3c-caa8]-9618&alias=submit2.chtc.wisc.edu&noUDP&sock=schedd_1879732_618e>
...
040 (11922357.041.000) 2023-08-13 20:47:28 Started transferring input files
	Transferring to host: <128.105.69.188:9618?addrs=128.105.69.188-9618+[2607-f388-2200-100-1270-fdff-fe56-bf54]-9618&alias=e4040.chtc.wisc.edu&noUDP&sock=slot1_13_940684_b9e6_112886>
...
040 (11922357.041.000) 2023-08-13 20:47:29 Finished transferring input files
...
001 (11922357.041.000) 2023-08-13 20:47:30 Job executing on host: <128.105.69.188:9618?addrs=128.105.69.188-9618+[2607-f388-2200-100-1270-fdff-fe56-bf54]-9618&alias=e4040.chtc.wisc.edu&noUDP&sock=startd_15998_e035>
	SlotName: slot1_13@e4040.chtc.wisc.edu
	CondorScratchDir = "/var/lib/condor/execute/slot1/dir_3052432"
	Cpus = 1
	Disk = 1208198
	IoHeavy = 0
	Memory = 512
...
006 (11922357.041.000) 2023-08-13 20:47:39 Image size of job updated: 524288
	487  -  MemoryUsage of job (MB)
	498468  -  ResidentSetSize of job (KB)
...
040 (11922357.041.000) 2023-08-13 20:48:44 Started transferring output files
...
040 (11922357.041.000) 2023-08-13 20:48:44 Finished transferring output files
...
005 (11922357.041.000) 2023-08-13 20:48:44 Job terminated.
	(1) Normal termination (return value 0)
		Usr 0 00:01:10, Sys 0 00:00:01  -  Run Remote Usage
		Usr 0 00:00:00, Sys 0 00:00:00  -  Run Local Usage
		Usr 0 00:01:10, Sys 0 00:00:01  -  Total Remote Usage
		Usr 0 00:00:00, Sys 0 00:00:00  -  Total Local Usage
	5898  -  Run Bytes Sent By Job
	35628504  -  Run Bytes Received By Job
	5898  -  Total Bytes Sent By Job
	35628504  -  Total Bytes Received By Job
	Partitionable Resources :     Usage  Request Allocated 
	   Cpus                 :      0.99        1         1 
	   Disk (KB)            : 257768      524288   1208198 
	   IoHeavy              :                            0 
	   Memory (MB)          :    487         512       512 

	Job terminated of its own accord at 2023-08-14T01:48:44Z with exit-code 0.
...
