000 (11922361.085.000) 2023-08-13 21:26:14 Job submitted from host: <128.104.101.92:9618?addrs=128.104.101.92-9618+[2607-f388-107c-501-a236-9fff-fe3c-caa8]-9618&alias=submit2.chtc.wisc.edu&noUDP&sock=schedd_1879732_618e>
...
040 (11922361.085.000) 2023-08-13 21:27:28 Started transferring input files
	Transferring to host: <128.105.69.131:9618?addrs=128.105.69.131-9618+[2607-f388-2200-100-1270-fdff-fe56-6724]-9618&alias=e4080.chtc.wisc.edu&noUDP&sock=slot1_11_1055847_7a51_114280>
...
040 (11922361.085.000) 2023-08-13 21:27:29 Finished transferring input files
...
001 (11922361.085.000) 2023-08-13 21:27:30 Job executing on host: <128.105.69.131:9618?addrs=128.105.69.131-9618+[2607-f388-2200-100-1270-fdff-fe56-6724]-9618&alias=e4080.chtc.wisc.edu&noUDP&sock=startd_16638_dcd2>
	SlotName: slot1_11@e4080.chtc.wisc.edu
	CondorScratchDir = "/var/lib/condor/execute/slot1/dir_1840163"
	Cpus = 1
	Disk = 1208198
	IoHeavy = 0
	Memory = 512
...
006 (11922361.085.000) 2023-08-13 21:27:39 Image size of job updated: 415368
	381  -  MemoryUsage of job (MB)
	389876  -  ResidentSetSize of job (KB)
...
006 (11922361.085.000) 2023-08-13 21:27:42 Image size of job updated: 415368
	382  -  MemoryUsage of job (MB)
	390900  -  ResidentSetSize of job (KB)
...
040 (11922361.085.000) 2023-08-13 21:27:42 Started transferring output files
...
040 (11922361.085.000) 2023-08-13 21:27:42 Finished transferring output files
...
005 (11922361.085.000) 2023-08-13 21:27:42 Job terminated.
	(1) Normal termination (return value 0)
		Usr 0 00:00:10, Sys 0 00:00:00  -  Run Remote Usage
		Usr 0 00:00:00, Sys 0 00:00:00  -  Run Local Usage
		Usr 0 00:00:10, Sys 0 00:00:00  -  Total Remote Usage
		Usr 0 00:00:00, Sys 0 00:00:00  -  Total Local Usage
	5500  -  Run Bytes Sent By Job
	35628456  -  Run Bytes Received By Job
	5500  -  Total Bytes Sent By Job
	35628456  -  Total Bytes Received By Job
	Partitionable Resources :    Usage  Request Allocated 
	   Cpus                 :                 1         1 
	   Disk (KB)            :   257758   524288   1208198 
	   IoHeavy              :                           0 
	   Memory (MB)          :      382      512       512 

	Job terminated of its own accord at 2023-08-14T02:27:42Z with exit-code 0.
...
