000 (11930207.026.000) 2023-08-14 02:57:22 Job submitted from host: <128.104.101.92:9618?addrs=128.104.101.92-9618+[2607-f388-107c-501-a236-9fff-fe3c-caa8]-9618&alias=submit2.chtc.wisc.edu&noUDP&sock=schedd_1879732_618e>
...
040 (11930207.026.000) 2023-08-14 02:57:56 Started transferring input files
	Transferring to host: <128.105.69.117:9618?addrs=128.105.69.117-9618+[2607-f388-2200-100-1270-fdff-fe56-7b34]-9618&alias=e4066.chtc.wisc.edu&noUDP&sock=slot1_12_2463415_77e7_128238>
...
040 (11930207.026.000) 2023-08-14 02:57:57 Finished transferring input files
...
001 (11930207.026.000) 2023-08-14 02:57:58 Job executing on host: <128.105.69.117:9618?addrs=128.105.69.117-9618+[2607-f388-2200-100-1270-fdff-fe56-7b34]-9618&alias=e4066.chtc.wisc.edu&noUDP&sock=startd_18717_e237>
	SlotName: slot1_12@e4066.chtc.wisc.edu
	CondorScratchDir = "/var/lib/condor/execute/slot1/dir_1268791"
	Cpus = 1
	Disk = 1208198
	IoHeavy = 0
	Memory = 512
...
006 (11930207.026.000) 2023-08-14 02:58:07 Image size of job updated: 524292
	482  -  MemoryUsage of job (MB)
	493344  -  ResidentSetSize of job (KB)
...
040 (11930207.026.000) 2023-08-14 03:00:54 Started transferring output files
...
040 (11930207.026.000) 2023-08-14 03:00:54 Finished transferring output files
...
005 (11930207.026.000) 2023-08-14 03:00:55 Job terminated.
	(1) Normal termination (return value 0)
		Usr 0 00:02:49, Sys 0 00:00:02  -  Run Remote Usage
		Usr 0 00:00:00, Sys 0 00:00:00  -  Run Local Usage
		Usr 0 00:02:49, Sys 0 00:00:02  -  Total Remote Usage
		Usr 0 00:00:00, Sys 0 00:00:00  -  Total Local Usage
	5883  -  Run Bytes Sent By Job
	35628108  -  Run Bytes Received By Job
	5883  -  Total Bytes Sent By Job
	35628108  -  Total Bytes Received By Job
	Partitionable Resources :     Usage  Request Allocated 
	   Cpus                 :      0.99        1         1 
	   Disk (KB)            : 257768      524288   1208198 
	   IoHeavy              :                            0 
	   Memory (MB)          :    482         512       512 

	Job terminated of its own accord at 2023-08-14T08:00:53Z with exit-code 0.
...
