000 (11922361.119.000) 2023-08-13 21:26:14 Job submitted from host: <128.104.101.92:9618?addrs=128.104.101.92-9618+[2607-f388-107c-501-a236-9fff-fe3c-caa8]-9618&alias=submit2.chtc.wisc.edu&noUDP&sock=schedd_1879732_618e>
...
040 (11922361.119.000) 2023-08-13 21:27:31 Started transferring input files
	Transferring to host: <128.105.69.152:9618?addrs=128.105.69.152-9618+[2607-f388-2200-100-1270-fdff-fe56-c8d4]-9618&alias=e4085.chtc.wisc.edu&noUDP&sock=slot1_14_2948455_06f3_114623>
...
040 (11922361.119.000) 2023-08-13 21:27:32 Finished transferring input files
...
001 (11922361.119.000) 2023-08-13 21:27:33 Job executing on host: <128.105.69.152:9618?addrs=128.105.69.152-9618+[2607-f388-2200-100-1270-fdff-fe56-c8d4]-9618&alias=e4085.chtc.wisc.edu&noUDP&sock=startd_17191_2cb1>
	SlotName: slot1_14@e4085.chtc.wisc.edu
	CondorScratchDir = "/var/lib/condor/execute/slot1/dir_2959471"
	Cpus = 1
	Disk = 1208198
	IoHeavy = 0
	Memory = 512
...
006 (11922361.119.000) 2023-08-13 21:27:43 Image size of job updated: 410832
	391  -  MemoryUsage of job (MB)
	399872  -  ResidentSetSize of job (KB)
...
040 (11922361.119.000) 2023-08-13 21:27:44 Started transferring output files
...
040 (11922361.119.000) 2023-08-13 21:27:44 Finished transferring output files
...
005 (11922361.119.000) 2023-08-13 21:27:44 Job terminated.
	(1) Normal termination (return value 0)
		Usr 0 00:00:09, Sys 0 00:00:00  -  Run Remote Usage
		Usr 0 00:00:00, Sys 0 00:00:00  -  Run Local Usage
		Usr 0 00:00:09, Sys 0 00:00:00  -  Total Remote Usage
		Usr 0 00:00:00, Sys 0 00:00:00  -  Total Local Usage
	5587  -  Run Bytes Sent By Job
	35628456  -  Run Bytes Received By Job
	5587  -  Total Bytes Sent By Job
	35628456  -  Total Bytes Received By Job
	Partitionable Resources :     Usage  Request Allocated 
	   Cpus                 :      0.99        1         1 
	   Disk (KB)            : 257767      524288   1208198 
	   IoHeavy              :                            0 
	   Memory (MB)          :    391         512       512 

	Job terminated of its own accord at 2023-08-14T02:27:44Z with exit-code 0.
...
