000 (11922362.051.000) 2023-08-13 21:33:16 Job submitted from host: <128.104.101.92:9618?addrs=128.104.101.92-9618+[2607-f388-107c-501-a236-9fff-fe3c-caa8]-9618&alias=submit2.chtc.wisc.edu&noUDP&sock=schedd_1879732_618e>
...
040 (11922362.051.000) 2023-08-13 21:34:27 Started transferring input files
	Transferring to host: <128.105.69.190:9618?addrs=128.105.69.190-9618+[2607-f388-2200-100-1270-fdff-fe56-c2fc]-9618&alias=e4043.chtc.wisc.edu&noUDP&sock=slot1_11_22997_3780_9029>
...
040 (11922362.051.000) 2023-08-13 21:34:28 Finished transferring input files
...
001 (11922362.051.000) 2023-08-13 21:34:30 Job executing on host: <128.105.69.190:9618?addrs=128.105.69.190-9618+[2607-f388-2200-100-1270-fdff-fe56-c2fc]-9618&alias=e4043.chtc.wisc.edu&noUDP&sock=startd_22855_351d>
	SlotName: slot1_11@e4043.chtc.wisc.edu
	CondorScratchDir = "/var/lib/condor/execute/slot1/dir_1439520"
	Cpus = 1
	Disk = 1208198
	IoHeavy = 0
	Memory = 512
...
006 (11922362.051.000) 2023-08-13 21:34:38 Image size of job updated: 524288
	485  -  MemoryUsage of job (MB)
	496320  -  ResidentSetSize of job (KB)
...
040 (11922362.051.000) 2023-08-13 21:34:49 Started transferring output files
...
040 (11922362.051.000) 2023-08-13 21:34:49 Finished transferring output files
...
005 (11922362.051.000) 2023-08-13 21:34:49 Job terminated.
	(1) Normal termination (return value 0)
		Usr 0 00:00:17, Sys 0 00:00:00  -  Run Remote Usage
		Usr 0 00:00:00, Sys 0 00:00:00  -  Run Local Usage
		Usr 0 00:00:17, Sys 0 00:00:00  -  Total Remote Usage
		Usr 0 00:00:00, Sys 0 00:00:00  -  Total Local Usage
	5898  -  Run Bytes Sent By Job
	35628408  -  Run Bytes Received By Job
	5898  -  Total Bytes Sent By Job
	35628408  -  Total Bytes Received By Job
	Partitionable Resources :    Usage  Request Allocated 
	   Cpus                 :                 1         1 
	   Disk (KB)            :   257758   524288   1208198 
	   IoHeavy              :                           0 
	   Memory (MB)          :      485      512       512 

	Job terminated of its own accord at 2023-08-14T02:34:49Z with exit-code 0.
...
