000 (11922362.157.000) 2023-08-13 21:33:16 Job submitted from host: <128.104.101.92:9618?addrs=128.104.101.92-9618+[2607-f388-107c-501-a236-9fff-fe3c-caa8]-9618&alias=submit2.chtc.wisc.edu&noUDP&sock=schedd_1879732_618e>
...
040 (11922362.157.000) 2023-08-13 21:34:38 Started transferring input files
	Transferring to host: <128.105.69.197:9618?addrs=128.105.69.197-9618+[2607-f388-2200-100-1270-fdff-fe56-6efc]-9618&alias=e4050.chtc.wisc.edu&noUDP&sock=slot1_9_3416771_03d7_104735>
...
040 (11922362.157.000) 2023-08-13 21:34:40 Finished transferring input files
...
001 (11922362.157.000) 2023-08-13 21:34:41 Job executing on host: <128.105.69.197:9618?addrs=128.105.69.197-9618+[2607-f388-2200-100-1270-fdff-fe56-6efc]-9618&alias=e4050.chtc.wisc.edu&noUDP&sock=startd_11754_d846>
	SlotName: slot1_9@e4050.chtc.wisc.edu
	CondorScratchDir = "/var/lib/condor/execute/slot1/dir_448100"
	Cpus = 1
	Disk = 1208198
	IoHeavy = 0
	Memory = 512
...
006 (11922362.157.000) 2023-08-13 21:34:48 Image size of job updated: 400568
	77  -  MemoryUsage of job (MB)
	77868  -  ResidentSetSize of job (KB)
...
040 (11922362.157.000) 2023-08-13 21:34:48 Started transferring output files
...
040 (11922362.157.000) 2023-08-13 21:34:48 Finished transferring output files
...
005 (11922362.157.000) 2023-08-13 21:34:48 Job terminated.
	(1) Normal termination (return value 0)
		Usr 0 00:00:05, Sys 0 00:00:00  -  Run Remote Usage
		Usr 0 00:00:00, Sys 0 00:00:00  -  Run Local Usage
		Usr 0 00:00:05, Sys 0 00:00:00  -  Total Remote Usage
		Usr 0 00:00:00, Sys 0 00:00:00  -  Total Local Usage
	5386  -  Run Bytes Sent By Job
	35628408  -  Run Bytes Received By Job
	5386  -  Total Bytes Sent By Job
	35628408  -  Total Bytes Received By Job
	Partitionable Resources :    Usage  Request Allocated 
	   Cpus                 :                 1         1 
	   Disk (KB)            :   257758   524288   1208198 
	   IoHeavy              :                           0 
	   Memory (MB)          :       77      512       512 

	Job terminated of its own accord at 2023-08-14T02:34:48Z with exit-code 0.
...
