000 (11922357.028.000) 2023-08-13 20:46:22 Job submitted from host: <128.104.101.92:9618?addrs=128.104.101.92-9618+[2607-f388-107c-501-a236-9fff-fe3c-caa8]-9618&alias=submit2.chtc.wisc.edu&noUDP&sock=schedd_1879732_618e>
...
040 (11922357.028.000) 2023-08-13 20:47:26 Started transferring input files
	Transferring to host: <128.105.69.222:9618?addrs=128.105.69.222-9618+[2607-f388-2200-100-eaeb-d3ff-fe40-1d3c]-9618&alias=e2605.chtc.wisc.edu&noUDP&sock=slot1_13_2354722_6ac3_115756>
...
040 (11922357.028.000) 2023-08-13 20:47:28 Finished transferring input files
...
001 (11922357.028.000) 2023-08-13 20:47:29 Job executing on host: <128.105.69.222:9618?addrs=128.105.69.222-9618+[2607-f388-2200-100-eaeb-d3ff-fe40-1d3c]-9618&alias=e2605.chtc.wisc.edu&noUDP&sock=startd_11791_3947>
	SlotName: slot1_13@e2605.chtc.wisc.edu
	CondorScratchDir = "/var/lib/condor/execute/slot1/dir_58067"
	Cpus = 1
	Disk = 1458998
	IoHeavy = 0
	Memory = 512
...
006 (11922357.028.000) 2023-08-13 20:47:38 Image size of job updated: 524288
	450  -  MemoryUsage of job (MB)
	460712  -  ResidentSetSize of job (KB)
...
006 (11922357.028.000) 2023-08-13 20:52:40 Image size of job updated: 524288
	512  -  MemoryUsage of job (MB)
	524196  -  ResidentSetSize of job (KB)
...
006 (11922357.028.000) 2023-08-13 20:57:40 Image size of job updated: 524292
	512  -  MemoryUsage of job (MB)
	524288  -  ResidentSetSize of job (KB)
...
007 (11922357.028.000) 2023-08-13 20:58:42 Shadow exception!
	Error from slot1_13@e2605.chtc.wisc.edu: Job has gone over memory limit of 512 megabytes. Peak usage: 512 megabytes.
	0  -  Run Bytes Sent By Job
	35628504  -  Run Bytes Received By Job
...
012 (11922357.028.000) 2023-08-13 20:58:42 Job was held.
	Error from slot1_13@e2605.chtc.wisc.edu: Job has gone over memory limit of 512 megabytes. Peak usage: 512 megabytes.
	Code 34 Subcode 0
...
009 (11922357.028.000) 2023-08-13 21:26:36 Job was aborted.
	via condor_rm (by user mzheng54)
...
