000 (11922362.108.000) 2023-08-13 21:33:16 Job submitted from host: <128.104.101.92:9618?addrs=128.104.101.92-9618+[2607-f388-107c-501-a236-9fff-fe3c-caa8]-9618&alias=submit2.chtc.wisc.edu&noUDP&sock=schedd_1879732_618e>
...
040 (11922362.108.000) 2023-08-13 21:34:33 Started transferring input files
	Transferring to host: <128.105.69.200:9618?addrs=128.105.69.200-9618+[2607-f388-2200-100-1270-fdff-fe36-581c]-9618&alias=e4029.chtc.wisc.edu&noUDP&sock=slot1_16_3542147_bfc1_115998>
...
040 (11922362.108.000) 2023-08-13 21:34:34 Finished transferring input files
...
001 (11922362.108.000) 2023-08-13 21:34:35 Job executing on host: <128.105.69.200:9618?addrs=128.105.69.200-9618+[2607-f388-2200-100-1270-fdff-fe36-581c]-9618&alias=e4029.chtc.wisc.edu&noUDP&sock=startd_15873_22df>
	SlotName: slot1_16@e4029.chtc.wisc.edu
	CondorScratchDir = "/var/lib/condor/execute/slot1/dir_2254394"
	Cpus = 1
	Disk = 1208198
	IoHeavy = 0
	Memory = 512
...
006 (11922362.108.000) 2023-08-13 21:34:44 Image size of job updated: 509072
	181  -  MemoryUsage of job (MB)
	184836  -  ResidentSetSize of job (KB)
...
040 (11922362.108.000) 2023-08-13 21:34:44 Started transferring output files
...
040 (11922362.108.000) 2023-08-13 21:34:44 Finished transferring output files
...
005 (11922362.108.000) 2023-08-13 21:34:44 Job terminated.
	(1) Normal termination (return value 0)
		Usr 0 00:00:07, Sys 0 00:00:00  -  Run Remote Usage
		Usr 0 00:00:00, Sys 0 00:00:00  -  Run Local Usage
		Usr 0 00:00:07, Sys 0 00:00:00  -  Total Remote Usage
		Usr 0 00:00:00, Sys 0 00:00:00  -  Total Local Usage
	5386  -  Run Bytes Sent By Job
	35628408  -  Run Bytes Received By Job
	5386  -  Total Bytes Sent By Job
	35628408  -  Total Bytes Received By Job
	Partitionable Resources :    Usage  Request Allocated 
	   Cpus                 :                 1         1 
	   Disk (KB)            :   257758   524288   1208198 
	   IoHeavy              :                           0 
	   Memory (MB)          :      181      512       512 

	Job terminated of its own accord at 2023-08-14T02:34:44Z with exit-code 0.
...
