000 (11922357.047.000) 2023-08-13 20:46:22 Job submitted from host: <128.104.101.92:9618?addrs=128.104.101.92-9618+[2607-f388-107c-501-a236-9fff-fe3c-caa8]-9618&alias=submit2.chtc.wisc.edu&noUDP&sock=schedd_1879732_618e>
...
040 (11922357.047.000) 2023-08-13 20:47:28 Started transferring input files
	Transferring to host: <128.105.69.213:9618?addrs=128.105.69.213-9618+[2607-f388-2200-100-eaeb-d3ff-fe40-894]-9618&alias=e2596.chtc.wisc.edu&noUDP&sock=slot1_16_2277354_a979_107612>
...
040 (11922357.047.000) 2023-08-13 20:47:30 Finished transferring input files
...
001 (11922357.047.000) 2023-08-13 20:47:31 Job executing on host: <128.105.69.213:9618?addrs=128.105.69.213-9618+[2607-f388-2200-100-eaeb-d3ff-fe40-894]-9618&alias=e2596.chtc.wisc.edu&noUDP&sock=startd_17297_e1bb>
	SlotName: slot1_16@e2596.chtc.wisc.edu
	CondorScratchDir = "/var/lib/condor/execute/slot1/dir_1941700"
	Cpus = 1
	Disk = 1458998
	IoHeavy = 0
	Memory = 512
...
006 (11922357.047.000) 2023-08-13 20:47:40 Image size of job updated: 482876
	393  -  MemoryUsage of job (MB)
	401848  -  ResidentSetSize of job (KB)
...
006 (11922357.047.000) 2023-08-13 20:48:30 Image size of job updated: 509204
	405  -  MemoryUsage of job (MB)
	414136  -  ResidentSetSize of job (KB)
...
040 (11922357.047.000) 2023-08-13 20:48:30 Started transferring output files
...
040 (11922357.047.000) 2023-08-13 20:48:30 Finished transferring output files
...
005 (11922357.047.000) 2023-08-13 20:48:30 Job terminated.
	(1) Normal termination (return value 0)
		Usr 0 00:00:55, Sys 0 00:00:01  -  Run Remote Usage
		Usr 0 00:00:00, Sys 0 00:00:00  -  Run Local Usage
		Usr 0 00:00:55, Sys 0 00:00:01  -  Total Remote Usage
		Usr 0 00:00:00, Sys 0 00:00:00  -  Total Local Usage
	5902  -  Run Bytes Sent By Job
	35628504  -  Run Bytes Received By Job
	5902  -  Total Bytes Sent By Job
	35628504  -  Total Bytes Received By Job
	Partitionable Resources :    Usage  Request Allocated 
	   Cpus                 :                 1         1 
	   Disk (KB)            :   257759   524288   1458998 
	   IoHeavy              :                           0 
	   Memory (MB)          :      405      512       512 

	Job terminated of its own accord at 2023-08-14T01:48:30Z with exit-code 0.
...
