000 (11930207.011.000) 2023-08-14 02:57:22 Job submitted from host: <128.104.101.92:9618?addrs=128.104.101.92-9618+[2607-f388-107c-501-a236-9fff-fe3c-caa8]-9618&alias=submit2.chtc.wisc.edu&noUDP&sock=schedd_1879732_618e>
...
040 (11930207.011.000) 2023-08-14 02:57:54 Started transferring input files
	Transferring to host: <128.105.69.142:9618?addrs=128.105.69.142-9618+[2607-f388-2200-100-1270-fdff-fe56-747c]-9618&alias=e4019.chtc.wisc.edu&noUDP&sock=slot1_23_2348287_609d_127093>
...
040 (11930207.011.000) 2023-08-14 02:57:55 Finished transferring input files
...
001 (11930207.011.000) 2023-08-14 02:57:57 Job executing on host: <128.105.69.142:9618?addrs=128.105.69.142-9618+[2607-f388-2200-100-1270-fdff-fe56-747c]-9618&alias=e4019.chtc.wisc.edu&noUDP&sock=startd_15796_5214>
	SlotName: slot1_23@e4019.chtc.wisc.edu
	CondorScratchDir = "/var/lib/condor/execute/slot1/dir_2687473"
	Cpus = 1
	Disk = 1208198
	IoHeavy = 0
	Memory = 512
...
006 (11930207.011.000) 2023-08-14 02:58:05 Image size of job updated: 524288
	493  -  MemoryUsage of job (MB)
	504176  -  ResidentSetSize of job (KB)
...
006 (11930207.011.000) 2023-08-14 03:03:05 Image size of job updated: 524292
	512  -  MemoryUsage of job (MB)
	524276  -  ResidentSetSize of job (KB)
...
006 (11930207.011.000) 2023-08-14 03:08:05 Image size of job updated: 524292
	512  -  MemoryUsage of job (MB)
	524288  -  ResidentSetSize of job (KB)
...
004 (11930207.011.000) 2023-08-14 03:20:17 Job was evicted.
	(0) CPU times
		Usr 0 00:00:08, Sys 0 00:21:19  -  Run Remote Usage
		Usr 0 00:00:00, Sys 0 00:00:00  -  Run Local Usage
	0  -  Run Bytes Sent By Job
	35628108  -  Run Bytes Received By Job
	Partitionable Resources :     Usage  Request Allocated 
	   Cpus                 :      0.96        1         1 
	   Disk (KB)            : 257762      524288   1208198 
	   IoHeavy              :                            0 
	   Memory (MB)          :    512         512       512 
...
009 (11930207.011.000) 2023-08-14 03:20:17 Job was aborted.
	via condor_rm (by user mzheng54)
...
