000 (11922362.024.000) 2023-08-13 21:33:16 Job submitted from host: <128.104.101.92:9618?addrs=128.104.101.92-9618+[2607-f388-107c-501-a236-9fff-fe3c-caa8]-9618&alias=submit2.chtc.wisc.edu&noUDP&sock=schedd_1879732_618e>
...
040 (11922362.024.000) 2023-08-13 21:34:24 Started transferring input files
	Transferring to host: <128.105.69.216:9618?addrs=128.105.69.216-9618&alias=e2599.chtc.wisc.edu&noUDP&sock=slot1_7_1030921_db1b_119011>
...
040 (11922362.024.000) 2023-08-13 21:34:26 Finished transferring input files
...
001 (11922362.024.000) 2023-08-13 21:34:27 Job executing on host: <128.105.69.216:9618?addrs=128.105.69.216-9618&alias=e2599.chtc.wisc.edu&noUDP&sock=startd_18846_5def>
	SlotName: slot1_7@e2599.chtc.wisc.edu
	CondorScratchDir = "/var/lib/condor/execute/slot1/dir_2823531"
	Cpus = 1
	Disk = 749021
	IoHeavy = 0
	Memory = 512
...
006 (11922362.024.000) 2023-08-13 21:34:35 Image size of job updated: 524292
	512  -  MemoryUsage of job (MB)
	524148  -  ResidentSetSize of job (KB)
...
040 (11922362.024.000) 2023-08-13 21:35:07 Started transferring output files
...
040 (11922362.024.000) 2023-08-13 21:35:07 Finished transferring output files
...
005 (11922362.024.000) 2023-08-13 21:35:07 Job terminated.
	(1) Normal termination (return value 0)
		Usr 0 00:00:38, Sys 0 00:00:01  -  Run Remote Usage
		Usr 0 00:00:00, Sys 0 00:00:00  -  Run Local Usage
		Usr 0 00:00:38, Sys 0 00:00:01  -  Total Remote Usage
		Usr 0 00:00:00, Sys 0 00:00:00  -  Total Local Usage
	5890  -  Run Bytes Sent By Job
	35628408  -  Run Bytes Received By Job
	5890  -  Total Bytes Sent By Job
	35628408  -  Total Bytes Received By Job
	Partitionable Resources :     Usage  Request Allocated 
	   Cpus                 :      0.99        1         1 
	   Disk (KB)            : 257767      524288    749021 
	   IoHeavy              :                            0 
	   Memory (MB)          :    512         512       512 

	Job terminated of its own accord at 2023-08-14T02:35:07Z with exit-code 0.
...
