000 (11188617.030.000) 2023-07-28 07:00:37 Job submitted from host: <128.104.101.92:9618?addrs=128.104.101.92-9618+[2607-f388-107c-501-a236-9fff-fe3c-caa8]-9618&alias=submit2.chtc.wisc.edu&noUDP&sock=schedd_1879732_618e>
...
040 (11188617.030.000) 2023-07-28 07:01:35 Started transferring input files
	Transferring to host: <128.105.69.168:9618?addrs=128.105.69.168-9618+[2607-f388-2200-100-1270-fdff-fe56-768c]-9618&alias=e2551.chtc.wisc.edu&noUDP&sock=slot1_12_2837716_623c_56589>
...
040 (11188617.030.000) 2023-07-28 07:01:37 Finished transferring input files
...
001 (11188617.030.000) 2023-07-28 07:01:38 Job executing on host: <128.105.69.168:9618?addrs=128.105.69.168-9618+[2607-f388-2200-100-1270-fdff-fe56-768c]-9618&alias=e2551.chtc.wisc.edu&noUDP&sock=startd_12968_8c3f>
	SlotName: slot1_12@e2551.chtc.wisc.edu
	CondorScratchDir = "/var/lib/condor/execute/slot1/dir_3951887"
	Cpus = 1
	Disk = 1208198
	IoHeavy = 0
	Memory = 512
...
006 (11188617.030.000) 2023-07-28 07:01:47 Image size of job updated: 393444
	268  -  MemoryUsage of job (MB)
	274432  -  ResidentSetSize of job (KB)
...
040 (11188617.030.000) 2023-07-28 07:03:01 Started transferring output files
...
040 (11188617.030.000) 2023-07-28 07:03:01 Finished transferring output files
...
005 (11188617.030.000) 2023-07-28 07:03:01 Job terminated.
	(1) Normal termination (return value 0)
		Usr 0 00:01:19, Sys 0 00:00:01  -  Run Remote Usage
		Usr 0 00:00:00, Sys 0 00:00:00  -  Run Local Usage
		Usr 0 00:01:19, Sys 0 00:00:01  -  Total Remote Usage
		Usr 0 00:00:00, Sys 0 00:00:00  -  Total Local Usage
	56077  -  Run Bytes Sent By Job
	32668696  -  Run Bytes Received By Job
	56077  -  Total Bytes Sent By Job
	32668696  -  Total Bytes Received By Job
	Partitionable Resources :    Usage  Request Allocated 
	   Cpus                 :                 1         1 
	   Disk (KB)            :   255067   524288   1208198 
	   IoHeavy              :                           0 
	   Memory (MB)          :      268      512       512 

	Job terminated of its own accord at 2023-07-28T12:03:01Z with exit-code 0.
...
