000 (11208757.037.000) 2023-07-28 13:36:58 Job submitted from host: <128.104.101.92:9618?addrs=128.104.101.92-9618+[2607-f388-107c-501-a236-9fff-fe3c-caa8]-9618&alias=submit2.chtc.wisc.edu&noUDP&sock=schedd_1879732_618e>
...
040 (11208757.037.000) 2023-07-28 13:37:51 Started transferring input files
	Transferring to host: <128.105.69.213:9618?addrs=128.105.69.213-9618+[2607-f388-2200-100-eaeb-d3ff-fe40-894]-9618&alias=e2596.chtc.wisc.edu&noUDP&sock=slot1_14_2277354_a979_45777>
...
040 (11208757.037.000) 2023-07-28 13:37:52 Finished transferring input files
...
001 (11208757.037.000) 2023-07-28 13:37:53 Job executing on host: <128.105.69.213:9618?addrs=128.105.69.213-9618+[2607-f388-2200-100-eaeb-d3ff-fe40-894]-9618&alias=e2596.chtc.wisc.edu&noUDP&sock=startd_17297_e1bb>
	SlotName: slot1_14@e2596.chtc.wisc.edu
	CondorScratchDir = "/var/lib/condor/execute/slot1/dir_3618417"
	Cpus = 1
	Disk = 1458998
	IoHeavy = 0
	Memory = 512
...
006 (11208757.037.000) 2023-07-28 13:38:02 Image size of job updated: 384140
	319  -  MemoryUsage of job (MB)
	326284  -  ResidentSetSize of job (KB)
...
040 (11208757.037.000) 2023-07-28 13:40:38 Started transferring output files
...
040 (11208757.037.000) 2023-07-28 13:40:38 Finished transferring output files
...
005 (11208757.037.000) 2023-07-28 13:40:38 Job terminated.
	(1) Normal termination (return value 0)
		Usr 0 00:02:41, Sys 0 00:00:01  -  Run Remote Usage
		Usr 0 00:00:00, Sys 0 00:00:00  -  Run Local Usage
		Usr 0 00:02:41, Sys 0 00:00:01  -  Total Remote Usage
		Usr 0 00:00:00, Sys 0 00:00:00  -  Total Local Usage
	57106  -  Run Bytes Sent By Job
	32669180  -  Run Bytes Received By Job
	57106  -  Total Bytes Sent By Job
	32669180  -  Total Bytes Received By Job
	Partitionable Resources :    Usage  Request Allocated 
	   Cpus                 :                 1         1 
	   Disk (KB)            :   255069   524288   1458998 
	   IoHeavy              :                           0 
	   Memory (MB)          :      319      512       512 

	Job terminated of its own accord at 2023-07-28T18:40:38Z with exit-code 0.
...
