000 (11208756.056.000) 2023-07-28 13:34:16 Job submitted from host: <128.104.101.92:9618?addrs=128.104.101.92-9618+[2607-f388-107c-501-a236-9fff-fe3c-caa8]-9618&alias=submit2.chtc.wisc.edu&noUDP&sock=schedd_1879732_618e>
...
040 (11208756.056.000) 2023-07-28 13:35:50 Started transferring input files
	Transferring to host: <128.105.69.234:9618?addrs=128.105.69.234-9618+[2607-f388-2200-100-eaeb-d3ff-fe40-1efc]-9618&alias=e2617.chtc.wisc.edu&noUDP&sock=slot1_20_403651_6537_51602>
...
040 (11208756.056.000) 2023-07-28 13:35:53 Finished transferring input files
...
001 (11208756.056.000) 2023-07-28 13:35:54 Job executing on host: <128.105.69.234:9618?addrs=128.105.69.234-9618+[2607-f388-2200-100-eaeb-d3ff-fe40-1efc]-9618&alias=e2617.chtc.wisc.edu&noUDP&sock=startd_18732_2c23>
	SlotName: slot1_20@e2617.chtc.wisc.edu
	CondorScratchDir = "/var/lib/condor/execute/slot1/dir_1902232"
	Cpus = 1
	Disk = 1458998
	IoHeavy = 0
	Memory = 512
...
006 (11208756.056.000) 2023-07-28 13:35:58 Image size of job updated: 391148
	191  -  MemoryUsage of job (MB)
	195336  -  ResidentSetSize of job (KB)
...
040 (11208756.056.000) 2023-07-28 13:35:59 Started transferring output files
...
040 (11208756.056.000) 2023-07-28 13:35:59 Finished transferring output files
...
005 (11208756.056.000) 2023-07-28 13:35:59 Job terminated.
	(1) Normal termination (return value 1)
		Usr 0 00:00:03, Sys 0 00:00:00  -  Run Remote Usage
		Usr 0 00:00:00, Sys 0 00:00:00  -  Run Local Usage
		Usr 0 00:00:03, Sys 0 00:00:00  -  Total Remote Usage
		Usr 0 00:00:00, Sys 0 00:00:00  -  Total Local Usage
	2579  -  Run Bytes Sent By Job
	32669186  -  Run Bytes Received By Job
	2579  -  Total Bytes Sent By Job
	32669186  -  Total Bytes Received By Job
	Partitionable Resources :    Usage  Request Allocated 
	   Cpus                 :                 1         1 
	   Disk (KB)            :   255015   524288   1458998 
	   IoHeavy              :                           0 
	   Memory (MB)          :      191      512       512 

	Job terminated of its own accord at 2023-07-28T18:35:58Z with exit-code 1.
...
