000 (11188617.048.000) 2023-07-28 07:00:37 Job submitted from host: <128.104.101.92:9618?addrs=128.104.101.92-9618+[2607-f388-107c-501-a236-9fff-fe3c-caa8]-9618&alias=submit2.chtc.wisc.edu&noUDP&sock=schedd_1879732_618e>
...
040 (11188617.048.000) 2023-07-28 07:01:38 Started transferring input files
	Transferring to host: <128.105.69.230:9618?addrs=128.105.69.230-9618+[2607-f388-2200-100-eaeb-d3ff-fe40-17bc]-9618&alias=e2613.chtc.wisc.edu&noUDP&sock=slot1_60_457915_4ad6_55960>
...
040 (11188617.048.000) 2023-07-28 07:01:39 Finished transferring input files
...
001 (11188617.048.000) 2023-07-28 07:01:41 Job executing on host: <128.105.69.230:9618?addrs=128.105.69.230-9618+[2607-f388-2200-100-eaeb-d3ff-fe40-17bc]-9618&alias=e2613.chtc.wisc.edu&noUDP&sock=startd_18882_0f58>
	SlotName: slot1_60@e2613.chtc.wisc.edu
	CondorScratchDir = "/var/lib/condor/execute/slot1/dir_1267435"
	Cpus = 1
	Disk = 1458998
	IoHeavy = 0
	Memory = 512
...
006 (11188617.048.000) 2023-07-28 07:01:49 Image size of job updated: 383900
	270  -  MemoryUsage of job (MB)
	276420  -  ResidentSetSize of job (KB)
...
006 (11188617.048.000) 2023-07-28 07:06:49 Image size of job updated: 383900
	325  -  MemoryUsage of job (MB)
	332548  -  ResidentSetSize of job (KB)
...
040 (11188617.048.000) 2023-07-28 07:10:24 Started transferring output files
...
040 (11188617.048.000) 2023-07-28 07:10:25 Finished transferring output files
...
005 (11188617.048.000) 2023-07-28 07:10:28 Job terminated.
	(1) Normal termination (return value 0)
		Usr 0 00:08:32, Sys 0 00:00:02  -  Run Remote Usage
		Usr 0 00:00:00, Sys 0 00:00:00  -  Run Local Usage
		Usr 0 00:08:32, Sys 0 00:00:02  -  Total Remote Usage
		Usr 0 00:00:00, Sys 0 00:00:00  -  Total Local Usage
	56079  -  Run Bytes Sent By Job
	32668696  -  Run Bytes Received By Job
	56079  -  Total Bytes Sent By Job
	32668696  -  Total Bytes Received By Job
	Partitionable Resources :     Usage  Request Allocated 
	   Cpus                 :      0.99        1         1 
	   Disk (KB)            : 255076      524288   1458998 
	   IoHeavy              :                            0 
	   Memory (MB)          :    325         512       512 

	Job terminated of its own accord at 2023-07-28T12:10:22Z with exit-code 0.
...
