000 (11208757.006.000) 2023-07-28 13:36:58 Job submitted from host: <128.104.101.92:9618?addrs=128.104.101.92-9618+[2607-f388-107c-501-a236-9fff-fe3c-caa8]-9618&alias=submit2.chtc.wisc.edu&noUDP&sock=schedd_1879732_618e>
...
040 (11208757.006.000) 2023-07-28 13:37:47 Started transferring input files
	Transferring to host: <128.105.69.237:9618?addrs=128.105.69.237-9618+[2607-f388-2200-100-eaeb-d3ff-fe40-230c]-9618&alias=e2620.chtc.wisc.edu&noUDP&sock=slot1_29_1960490_4f24_51040>
...
040 (11208757.006.000) 2023-07-28 13:37:49 Finished transferring input files
...
001 (11208757.006.000) 2023-07-28 13:37:50 Job executing on host: <128.105.69.237:9618?addrs=128.105.69.237-9618+[2607-f388-2200-100-eaeb-d3ff-fe40-230c]-9618&alias=e2620.chtc.wisc.edu&noUDP&sock=startd_11763_04a0>
	SlotName: slot1_29@e2620.chtc.wisc.edu
	CondorScratchDir = "/var/lib/condor/execute/slot1/dir_616006"
	Cpus = 1
	Disk = 1458998
	IoHeavy = 0
	Memory = 512
...
006 (11208757.006.000) 2023-07-28 13:37:58 Image size of job updated: 277368
	163  -  MemoryUsage of job (MB)
	166136  -  ResidentSetSize of job (KB)
...
006 (11208757.006.000) 2023-07-28 13:42:58 Image size of job updated: 277368
	234  -  MemoryUsage of job (MB)
	238848  -  ResidentSetSize of job (KB)
...
006 (11208757.006.000) 2023-07-28 13:48:00 Image size of job updated: 277368
	237  -  MemoryUsage of job (MB)
	241824  -  ResidentSetSize of job (KB)
...
006 (11208757.006.000) 2023-07-28 13:58:00 Image size of job updated: 277368
	238  -  MemoryUsage of job (MB)
	243104  -  ResidentSetSize of job (KB)
...
040 (11208757.006.000) 2023-07-28 14:00:27 Started transferring output files
...
040 (11208757.006.000) 2023-07-28 14:00:27 Finished transferring output files
...
005 (11208757.006.000) 2023-07-28 14:00:27 Job terminated.
	(1) Normal termination (return value 0)
		Usr 0 00:22:13, Sys 0 00:00:03  -  Run Remote Usage
		Usr 0 00:00:00, Sys 0 00:00:00  -  Run Local Usage
		Usr 0 00:22:13, Sys 0 00:00:03  -  Total Remote Usage
		Usr 0 00:00:00, Sys 0 00:00:00  -  Total Local Usage
	56057  -  Run Bytes Sent By Job
	32669180  -  Run Bytes Received By Job
	56057  -  Total Bytes Sent By Job
	32669180  -  Total Bytes Received By Job
	Partitionable Resources :     Usage  Request Allocated 
	   Cpus                 :      0.98        1         1 
	   Disk (KB)            : 255076      524288   1458998 
	   IoHeavy              :                            0 
	   Memory (MB)          :    238         512       512 

	Job terminated of its own accord at 2023-07-28T19:00:27Z with exit-code 0.
...
