000 (11188617.045.000) 2023-07-28 07:00:37 Job submitted from host: <128.104.101.92:9618?addrs=128.104.101.92-9618+[2607-f388-107c-501-a236-9fff-fe3c-caa8]-9618&alias=submit2.chtc.wisc.edu&noUDP&sock=schedd_1879732_618e>
...
040 (11188617.045.000) 2023-07-28 07:01:38 Started transferring input files
	Transferring to host: <128.105.69.173:9618?addrs=128.105.69.173-9618+[2607-f388-2200-100-1270-fdff-fe56-6fbc]-9618&alias=e2556.chtc.wisc.edu&noUDP&sock=slot1_59_2705793_b227_44424>
...
040 (11188617.045.000) 2023-07-28 07:01:39 Finished transferring input files
...
001 (11188617.045.000) 2023-07-28 07:01:41 Job executing on host: <128.105.69.173:9618?addrs=128.105.69.173-9618+[2607-f388-2200-100-1270-fdff-fe56-6fbc]-9618&alias=e2556.chtc.wisc.edu&noUDP&sock=startd_13671_bf53>
	SlotName: slot1_59@e2556.chtc.wisc.edu
	CondorScratchDir = "/var/lib/condor/execute/slot1/dir_613193"
	Cpus = 1
	Disk = 1208198
	IoHeavy = 0
	Memory = 512
...
006 (11188617.045.000) 2023-07-28 07:01:49 Image size of job updated: 388768
	263  -  MemoryUsage of job (MB)
	268516  -  ResidentSetSize of job (KB)
...
040 (11188617.045.000) 2023-07-28 07:02:44 Started transferring output files
...
040 (11188617.045.000) 2023-07-28 07:02:44 Finished transferring output files
...
005 (11188617.045.000) 2023-07-28 07:02:44 Job terminated.
	(1) Normal termination (return value 0)
		Usr 0 00:01:00, Sys 0 00:00:01  -  Run Remote Usage
		Usr 0 00:00:00, Sys 0 00:00:00  -  Run Local Usage
		Usr 0 00:01:00, Sys 0 00:00:01  -  Total Remote Usage
		Usr 0 00:00:00, Sys 0 00:00:00  -  Total Local Usage
	56372  -  Run Bytes Sent By Job
	32668696  -  Run Bytes Received By Job
	56372  -  Total Bytes Sent By Job
	32668696  -  Total Bytes Received By Job
	Partitionable Resources :     Usage  Request Allocated 
	   Cpus                 :      0.99        1         1 
	   Disk (KB)            : 255077      524288   1208198 
	   IoHeavy              :                            0 
	   Memory (MB)          :    263         512       512 

	Job terminated of its own accord at 2023-07-28T12:02:44Z with exit-code 0.
...
