000 (11188596.054.000) 2023-07-27 22:50:50 Job submitted from host: <128.104.101.92:9618?addrs=128.104.101.92-9618+[2607-f388-107c-501-a236-9fff-fe3c-caa8]-9618&alias=submit2.chtc.wisc.edu&noUDP&sock=schedd_1879732_618e>
...
040 (11188596.054.000) 2023-07-27 22:53:46 Started transferring input files
	Transferring to host: <128.105.69.189:9618?addrs=128.105.69.189-9618+[2607-f388-2200-100-1270-fdff-fe56-644c]-9618&alias=e4042.chtc.wisc.edu&noUDP&sock=slot1_10_2084910_7467_39150>
...
040 (11188596.054.000) 2023-07-27 22:53:48 Finished transferring input files
...
001 (11188596.054.000) 2023-07-27 22:53:49 Job executing on host: <128.105.69.189:9618?addrs=128.105.69.189-9618+[2607-f388-2200-100-1270-fdff-fe56-644c]-9618&alias=e4042.chtc.wisc.edu&noUDP&sock=startd_15959_2004>
	SlotName: slot1_10@e4042.chtc.wisc.edu
	CondorScratchDir = "/var/lib/condor/execute/slot1/dir_399306"
	Cpus = 1
	Disk = 1208198
	IoHeavy = 0
	Memory = 512
...
006 (11188596.054.000) 2023-07-27 22:53:58 Image size of job updated: 278252
	248  -  MemoryUsage of job (MB)
	253668  -  ResidentSetSize of job (KB)
...
006 (11188596.054.000) 2023-07-27 22:55:38 Image size of job updated: 278252
	250  -  MemoryUsage of job (MB)
	255200  -  ResidentSetSize of job (KB)
...
040 (11188596.054.000) 2023-07-27 22:55:38 Started transferring output files
...
040 (11188596.054.000) 2023-07-27 22:55:38 Finished transferring output files
...
005 (11188596.054.000) 2023-07-27 22:55:39 Job terminated.
	(1) Normal termination (return value 0)
		Usr 0 00:01:43, Sys 0 00:00:01  -  Run Remote Usage
		Usr 0 00:00:00, Sys 0 00:00:00  -  Run Local Usage
		Usr 0 00:01:43, Sys 0 00:00:01  -  Total Remote Usage
		Usr 0 00:00:00, Sys 0 00:00:00  -  Total Local Usage
	57306  -  Run Bytes Sent By Job
	32668040  -  Run Bytes Received By Job
	57306  -  Total Bytes Sent By Job
	32668040  -  Total Bytes Received By Job
	Partitionable Resources :     Usage  Request Allocated 
	   Cpus                 :      0.99        1         1 
	   Disk (KB)            : 256341      524288   1208198 
	   IoHeavy              :                            0 
	   Memory (MB)          :    250         512       512 

	Job terminated of its own accord at 2023-07-28T03:55:38Z with exit-code 0.
...
