000 (11188617.037.000) 2023-07-28 07:00:37 Job submitted from host: <128.104.101.92:9618?addrs=128.104.101.92-9618+[2607-f388-107c-501-a236-9fff-fe3c-caa8]-9618&alias=submit2.chtc.wisc.edu&noUDP&sock=schedd_1879732_618e>
...
040 (11188617.037.000) 2023-07-28 07:01:36 Started transferring input files
	Transferring to host: <128.105.69.133:9618?addrs=128.105.69.133-9618+[2607-f388-2200-100-1270-fdff-fe56-70f4]-9618&alias=e4082.chtc.wisc.edu&noUDP&sock=slot1_98_1181635_80cc_50310>
...
040 (11188617.037.000) 2023-07-28 07:01:38 Finished transferring input files
...
001 (11188617.037.000) 2023-07-28 07:01:40 Job executing on host: <128.105.69.133:9618?addrs=128.105.69.133-9618+[2607-f388-2200-100-1270-fdff-fe56-70f4]-9618&alias=e4082.chtc.wisc.edu&noUDP&sock=startd_11675_a84a>
	SlotName: slot1_98@e4082.chtc.wisc.edu
	CondorScratchDir = "/var/lib/condor/execute/slot1/dir_644737"
	Cpus = 1
	Disk = 1208198
	IoHeavy = 0
	Memory = 512
...
006 (11188617.037.000) 2023-07-28 07:01:48 Image size of job updated: 382200
	255  -  MemoryUsage of job (MB)
	260152  -  ResidentSetSize of job (KB)
...
040 (11188617.037.000) 2023-07-28 07:03:04 Started transferring output files
...
040 (11188617.037.000) 2023-07-28 07:03:04 Finished transferring output files
...
005 (11188617.037.000) 2023-07-28 07:03:04 Job terminated.
	(1) Normal termination (return value 0)
		Usr 0 00:01:21, Sys 0 00:00:01  -  Run Remote Usage
		Usr 0 00:00:00, Sys 0 00:00:00  -  Run Local Usage
		Usr 0 00:01:21, Sys 0 00:00:01  -  Total Remote Usage
		Usr 0 00:00:00, Sys 0 00:00:00  -  Total Local Usage
	56325  -  Run Bytes Sent By Job
	32668696  -  Run Bytes Received By Job
	56325  -  Total Bytes Sent By Job
	32668696  -  Total Bytes Received By Job
	Partitionable Resources :     Usage  Request Allocated 
	   Cpus                 :      0.99        1         1 
	   Disk (KB)            : 255077      524288   1208198 
	   IoHeavy              :                            0 
	   Memory (MB)          :    255         512       512 

	Job terminated of its own accord at 2023-07-28T12:03:04Z with exit-code 0.
...
