000 (11208757.028.000) 2023-07-28 13:36:58 Job submitted from host: <128.104.101.92:9618?addrs=128.104.101.92-9618+[2607-f388-107c-501-a236-9fff-fe3c-caa8]-9618&alias=submit2.chtc.wisc.edu&noUDP&sock=schedd_1879732_618e>
...
040 (11208757.028.000) 2023-07-28 13:37:50 Started transferring input files
	Transferring to host: <128.105.69.216:9618?addrs=128.105.69.216-9618&alias=e2599.chtc.wisc.edu&noUDP&sock=slot1_17_1030921_db1b_58714>
...
040 (11208757.028.000) 2023-07-28 13:37:52 Finished transferring input files
...
001 (11208757.028.000) 2023-07-28 13:37:53 Job executing on host: <128.105.69.216:9618?addrs=128.105.69.216-9618&alias=e2599.chtc.wisc.edu&noUDP&sock=startd_18846_5def>
	SlotName: slot1_17@e2599.chtc.wisc.edu
	CondorScratchDir = "/var/lib/condor/execute/slot1/dir_1842838"
	Cpus = 1
	Disk = 749021
	IoHeavy = 0
	Memory = 512
...
006 (11208757.028.000) 2023-07-28 13:38:01 Image size of job updated: 384028
	261  -  MemoryUsage of job (MB)
	266904  -  ResidentSetSize of job (KB)
...
040 (11208757.028.000) 2023-07-28 13:39:58 Started transferring output files
...
040 (11208757.028.000) 2023-07-28 13:39:58 Finished transferring output files
...
005 (11208757.028.000) 2023-07-28 13:39:58 Job terminated.
	(1) Normal termination (return value 0)
		Usr 0 00:02:02, Sys 0 00:00:01  -  Run Remote Usage
		Usr 0 00:00:00, Sys 0 00:00:00  -  Run Local Usage
		Usr 0 00:02:02, Sys 0 00:00:01  -  Total Remote Usage
		Usr 0 00:00:00, Sys 0 00:00:00  -  Total Local Usage
	57105  -  Run Bytes Sent By Job
	32669180  -  Run Bytes Received By Job
	57105  -  Total Bytes Sent By Job
	32669180  -  Total Bytes Received By Job
	Partitionable Resources :     Usage  Request Allocated 
	   Cpus                 :      0.99        1         1 
	   Disk (KB)            : 255077      524288    749021 
	   IoHeavy              :                            0 
	   Memory (MB)          :    261         512       512 

	Job terminated of its own accord at 2023-07-28T18:39:58Z with exit-code 0.
...
