000 (11208756.022.000) 2023-07-28 13:34:16 Job submitted from host: <128.104.101.92:9618?addrs=128.104.101.92-9618+[2607-f388-107c-501-a236-9fff-fe3c-caa8]-9618&alias=submit2.chtc.wisc.edu&noUDP&sock=schedd_1879732_618e>
...
040 (11208756.022.000) 2023-07-28 13:35:51 Started transferring input files
	Transferring to host: <128.105.69.92:9618?addrs=128.105.69.92-9618+[2607-f388-2200-100-1270-fdff-fe56-689c]-9618&alias=e4003.chtc.wisc.edu&noUDP&sock=slot1_28_3137456_5459_56724>
...
040 (11208756.022.000) 2023-07-28 13:35:52 Finished transferring input files
...
001 (11208756.022.000) 2023-07-28 13:35:53 Job executing on host: <128.105.69.92:9618?addrs=128.105.69.92-9618+[2607-f388-2200-100-1270-fdff-fe56-689c]-9618&alias=e4003.chtc.wisc.edu&noUDP&sock=startd_14115_4b60>
	SlotName: slot1_28@e4003.chtc.wisc.edu
	CondorScratchDir = "/var/lib/condor/execute/slot1/dir_413756"
	Cpus = 1
	Disk = 1268229
	IoHeavy = 0
	Memory = 512
...
006 (11208756.022.000) 2023-07-28 13:35:58 Image size of job updated: 387180
	187  -  MemoryUsage of job (MB)
	190472  -  ResidentSetSize of job (KB)
...
040 (11208756.022.000) 2023-07-28 13:35:58 Started transferring output files
...
040 (11208756.022.000) 2023-07-28 13:35:58 Finished transferring output files
...
005 (11208756.022.000) 2023-07-28 13:35:58 Job terminated.
	(1) Normal termination (return value 1)
		Usr 0 00:00:02, Sys 0 00:00:00  -  Run Remote Usage
		Usr 0 00:00:00, Sys 0 00:00:00  -  Run Local Usage
		Usr 0 00:00:02, Sys 0 00:00:00  -  Total Remote Usage
		Usr 0 00:00:00, Sys 0 00:00:00  -  Total Local Usage
	2575  -  Run Bytes Sent By Job
	32669186  -  Run Bytes Received By Job
	2575  -  Total Bytes Sent By Job
	32669186  -  Total Bytes Received By Job
	Partitionable Resources :    Usage  Request Allocated 
	   Cpus                 :                 1         1 
	   Disk (KB)            :   254998   524288   1268229 
	   IoHeavy              :                           0 
	   Memory (MB)          :      187      512       512 

	Job terminated of its own accord at 2023-07-28T18:35:58Z with exit-code 1.
...
