000 (11188617.046.000) 2023-07-28 07:00:37 Job submitted from host: <128.104.101.92:9618?addrs=128.104.101.92-9618+[2607-f388-107c-501-a236-9fff-fe3c-caa8]-9618&alias=submit2.chtc.wisc.edu&noUDP&sock=schedd_1879732_618e>
...
040 (11188617.046.000) 2023-07-28 07:01:38 Started transferring input files
	Transferring to host: <128.105.69.224:9618?addrs=128.105.69.224-9618+[2607-f388-2200-100-eaeb-d3ff-fe40-1574]-9618&alias=e2607.chtc.wisc.edu&noUDP&sock=slot1_62_3156497_6fbf_44803>
...
040 (11188617.046.000) 2023-07-28 07:01:39 Finished transferring input files
...
001 (11188617.046.000) 2023-07-28 07:01:41 Job executing on host: <128.105.69.224:9618?addrs=128.105.69.224-9618+[2607-f388-2200-100-eaeb-d3ff-fe40-1574]-9618&alias=e2607.chtc.wisc.edu&noUDP&sock=startd_11673_491a>
	SlotName: slot1_62@e2607.chtc.wisc.edu
	CondorScratchDir = "/var/lib/condor/execute/slot1/dir_4134422"
	Cpus = 1
	Disk = 1458998
	IoHeavy = 0
	Memory = 512
...
006 (11188617.046.000) 2023-07-28 07:01:49 Image size of job updated: 389920
	266  -  MemoryUsage of job (MB)
	272152  -  ResidentSetSize of job (KB)
...
040 (11188617.046.000) 2023-07-28 07:02:48 Started transferring output files
...
040 (11188617.046.000) 2023-07-28 07:02:48 Finished transferring output files
...
005 (11188617.046.000) 2023-07-28 07:02:51 Job terminated.
	(1) Normal termination (return value 0)
		Usr 0 00:01:04, Sys 0 00:00:01  -  Run Remote Usage
		Usr 0 00:00:00, Sys 0 00:00:00  -  Run Local Usage
		Usr 0 00:01:04, Sys 0 00:00:01  -  Total Remote Usage
		Usr 0 00:00:00, Sys 0 00:00:00  -  Total Local Usage
	56231  -  Run Bytes Sent By Job
	32668696  -  Run Bytes Received By Job
	56231  -  Total Bytes Sent By Job
	32668696  -  Total Bytes Received By Job
	Partitionable Resources :     Usage  Request Allocated 
	   Cpus                 :      0.99        1         1 
	   Disk (KB)            : 255076      524288   1458998 
	   IoHeavy              :                            0 
	   Memory (MB)          :    266         512       512 

	Job terminated of its own accord at 2023-07-28T12:02:48Z with exit-code 0.
...
