000 (11208757.053.000) 2023-07-28 13:36:58 Job submitted from host: <128.104.101.92:9618?addrs=128.104.101.92-9618+[2607-f388-107c-501-a236-9fff-fe3c-caa8]-9618&alias=submit2.chtc.wisc.edu&noUDP&sock=schedd_1879732_618e>
...
040 (11208757.053.000) 2023-07-28 13:37:52 Started transferring input files
	Transferring to host: <128.105.69.164:9618?addrs=128.105.69.164-9618+[2607-f388-2200-100-1270-fdff-fe56-c2ec]-9618&alias=e4097.chtc.wisc.edu&noUDP&sock=slot1_22_3584328_1455_62246>
...
040 (11208757.053.000) 2023-07-28 13:37:54 Finished transferring input files
...
001 (11208757.053.000) 2023-07-28 13:37:55 Job executing on host: <128.105.69.164:9618?addrs=128.105.69.164-9618+[2607-f388-2200-100-1270-fdff-fe56-c2ec]-9618&alias=e4097.chtc.wisc.edu&noUDP&sock=startd_16809_2784>
	SlotName: slot1_22@e4097.chtc.wisc.edu
	CondorScratchDir = "/var/lib/condor/execute/slot1/dir_671108"
	Cpus = 1
	Disk = 1208198
	IoHeavy = 0
	Memory = 512
...
006 (11208757.053.000) 2023-07-28 13:38:03 Image size of job updated: 388712
	323  -  MemoryUsage of job (MB)
	330172  -  ResidentSetSize of job (KB)
...
040 (11208757.053.000) 2023-07-28 13:39:04 Started transferring output files
...
040 (11208757.053.000) 2023-07-28 13:39:04 Finished transferring output files
...
005 (11208757.053.000) 2023-07-28 13:39:04 Job terminated.
	(1) Normal termination (return value 0)
		Usr 0 00:01:07, Sys 0 00:00:00  -  Run Remote Usage
		Usr 0 00:00:00, Sys 0 00:00:00  -  Run Local Usage
		Usr 0 00:01:07, Sys 0 00:00:00  -  Total Remote Usage
		Usr 0 00:00:00, Sys 0 00:00:00  -  Total Local Usage
	56923  -  Run Bytes Sent By Job
	32669180  -  Run Bytes Received By Job
	56923  -  Total Bytes Sent By Job
	32669180  -  Total Bytes Received By Job
	Partitionable Resources :    Usage  Request Allocated 
	   Cpus                 :                 1         1 
	   Disk (KB)            :   255068   524288   1208198 
	   IoHeavy              :                           0 
	   Memory (MB)          :      323      512       512 

	Job terminated of its own accord at 2023-07-28T18:39:04Z with exit-code 0.
...
