000 (11188596.010.000) 2023-07-27 22:50:50 Job submitted from host: <128.104.101.92:9618?addrs=128.104.101.92-9618+[2607-f388-107c-501-a236-9fff-fe3c-caa8]-9618&alias=submit2.chtc.wisc.edu&noUDP&sock=schedd_1879732_618e>
...
040 (11188596.010.000) 2023-07-27 22:53:36 Started transferring input files
	Transferring to host: <128.105.69.229:9618?addrs=128.105.69.229-9618+[2607-f388-2200-100-eaeb-d3ff-fe40-1104]-9618&alias=e2612.chtc.wisc.edu&noUDP&sock=slot1_50_61344_25b8_52669>
...
040 (11188596.010.000) 2023-07-27 22:53:40 Finished transferring input files
...
001 (11188596.010.000) 2023-07-27 22:53:45 Job executing on host: <128.105.69.229:9618?addrs=128.105.69.229-9618+[2607-f388-2200-100-eaeb-d3ff-fe40-1104]-9618&alias=e2612.chtc.wisc.edu&noUDP&sock=startd_18685_ef2f>
	SlotName: slot1_50@e2612.chtc.wisc.edu
	CondorScratchDir = "/var/lib/condor/execute/slot1/dir_4176069"
	Cpus = 1
	Disk = 1458998
	IoHeavy = 0
	Memory = 512
...
006 (11188596.010.000) 2023-07-27 22:53:53 Image size of job updated: 266276
	260  -  MemoryUsage of job (MB)
	266064  -  ResidentSetSize of job (KB)
...
006 (11188596.010.000) 2023-07-27 22:58:53 Image size of job updated: 382872
	321  -  MemoryUsage of job (MB)
	328244  -  ResidentSetSize of job (KB)
...
006 (11188596.010.000) 2023-07-27 23:03:54 Image size of job updated: 382872
	326  -  MemoryUsage of job (MB)
	333376  -  ResidentSetSize of job (KB)
...
006 (11188596.010.000) 2023-07-27 23:08:54 Image size of job updated: 382872
	327  -  MemoryUsage of job (MB)
	334400  -  ResidentSetSize of job (KB)
...
006 (11188596.010.000) 2023-07-27 23:18:55 Image size of job updated: 382872
	338  -  MemoryUsage of job (MB)
	345424  -  ResidentSetSize of job (KB)
...
006 (11188596.010.000) 2023-07-27 23:33:56 Image size of job updated: 382872
	338  -  MemoryUsage of job (MB)
	345560  -  ResidentSetSize of job (KB)
...
040 (11188596.010.000) 2023-07-27 23:48:41 Started transferring output files
...
040 (11188596.010.000) 2023-07-27 23:48:41 Finished transferring output files
...
005 (11188596.010.000) 2023-07-27 23:48:41 Job terminated.
	(1) Normal termination (return value 0)
		Usr 0 00:53:49, Sys 0 00:00:30  -  Run Remote Usage
		Usr 0 00:00:00, Sys 0 00:00:00  -  Run Local Usage
		Usr 0 00:53:49, Sys 0 00:00:30  -  Total Remote Usage
		Usr 0 00:00:00, Sys 0 00:00:00  -  Total Local Usage
	57899  -  Run Bytes Sent By Job
	32668040  -  Run Bytes Received By Job
	57899  -  Total Bytes Sent By Job
	32668040  -  Total Bytes Received By Job
	Partitionable Resources :     Usage  Request Allocated 
	   Cpus                 :      1.00        1         1 
	   Disk (KB)            : 255768      524288   1458998 
	   IoHeavy              :                            0 
	   Memory (MB)          :    338         512       512 

	Job terminated of its own accord at 2023-07-28T04:48:41Z with exit-code 0.
...
