000 (11208757.019.000) 2023-07-28 13:36:58 Job submitted from host: <128.104.101.92:9618?addrs=128.104.101.92-9618+[2607-f388-107c-501-a236-9fff-fe3c-caa8]-9618&alias=submit2.chtc.wisc.edu&noUDP&sock=schedd_1879732_618e>
...
040 (11208757.019.000) 2023-07-28 13:37:49 Started transferring input files
	Transferring to host: <128.105.69.141:9618?addrs=128.105.69.141-9618+[2607-f388-2200-100-1270-fdff-fe56-767c]-9618&alias=e4018.chtc.wisc.edu&noUDP&sock=slot1_20_155969_0520_45252>
...
040 (11208757.019.000) 2023-07-28 13:37:50 Finished transferring input files
...
001 (11208757.019.000) 2023-07-28 13:37:52 Job executing on host: <128.105.69.141:9618?addrs=128.105.69.141-9618+[2607-f388-2200-100-1270-fdff-fe56-767c]-9618&alias=e4018.chtc.wisc.edu&noUDP&sock=startd_11781_5d54>
	SlotName: slot1_20@e4018.chtc.wisc.edu
	CondorScratchDir = "/var/lib/condor/execute/slot1/dir_310183"
	Cpus = 1
	Disk = 1208198
	IoHeavy = 0
	Memory = 512
...
006 (11208757.019.000) 2023-07-28 13:38:00 Image size of job updated: 383436
	266  -  MemoryUsage of job (MB)
	271656  -  ResidentSetSize of job (KB)
...
006 (11208757.019.000) 2023-07-28 13:43:00 Image size of job updated: 383436
	326  -  MemoryUsage of job (MB)
	332992  -  ResidentSetSize of job (KB)
...
040 (11208757.019.000) 2023-07-28 13:43:59 Started transferring output files
...
040 (11208757.019.000) 2023-07-28 13:43:59 Finished transferring output files
...
005 (11208757.019.000) 2023-07-28 13:43:59 Job terminated.
	(1) Normal termination (return value 0)
		Usr 0 00:06:02, Sys 0 00:00:01  -  Run Remote Usage
		Usr 0 00:00:00, Sys 0 00:00:00  -  Run Local Usage
		Usr 0 00:06:02, Sys 0 00:00:01  -  Total Remote Usage
		Usr 0 00:00:00, Sys 0 00:00:00  -  Total Local Usage
	57085  -  Run Bytes Sent By Job
	32669180  -  Run Bytes Received By Job
	57085  -  Total Bytes Sent By Job
	32669180  -  Total Bytes Received By Job
	Partitionable Resources :     Usage  Request Allocated 
	   Cpus                 :      0.99        1         1 
	   Disk (KB)            : 255078      524288   1208198 
	   IoHeavy              :                            0 
	   Memory (MB)          :    326         512       512 

	Job terminated of its own accord at 2023-07-28T18:43:59Z with exit-code 0.
...
