000 (11188617.009.000) 2023-07-28 07:00:37 Job submitted from host: <128.104.101.92:9618?addrs=128.104.101.92-9618+[2607-f388-107c-501-a236-9fff-fe3c-caa8]-9618&alias=submit2.chtc.wisc.edu&noUDP&sock=schedd_1879732_618e>
...
040 (11188617.009.000) 2023-07-28 07:01:28 Started transferring input files
	Transferring to host: <128.105.69.237:9618?addrs=128.105.69.237-9618+[2607-f388-2200-100-eaeb-d3ff-fe40-230c]-9618&alias=e2620.chtc.wisc.edu&noUDP&sock=slot1_66_1960490_4f24_49658>
...
040 (11188617.009.000) 2023-07-28 07:01:30 Finished transferring input files
...
001 (11188617.009.000) 2023-07-28 07:01:32 Job executing on host: <128.105.69.237:9618?addrs=128.105.69.237-9618+[2607-f388-2200-100-eaeb-d3ff-fe40-230c]-9618&alias=e2620.chtc.wisc.edu&noUDP&sock=startd_11763_04a0>
	SlotName: slot1_66@e2620.chtc.wisc.edu
	CondorScratchDir = "/var/lib/condor/execute/slot1/dir_9566"
	Cpus = 1
	Disk = 1458998
	IoHeavy = 0
	Memory = 512
...
006 (11188617.009.000) 2023-07-28 07:01:41 Image size of job updated: 388320
	274  -  MemoryUsage of job (MB)
	280216  -  ResidentSetSize of job (KB)
...
006 (11188617.009.000) 2023-07-28 07:06:42 Image size of job updated: 388320
	337  -  MemoryUsage of job (MB)
	344460  -  ResidentSetSize of job (KB)
...
040 (11188617.009.000) 2023-07-28 07:12:45 Started transferring output files
...
040 (11188617.009.000) 2023-07-28 07:12:45 Finished transferring output files
...
005 (11188617.009.000) 2023-07-28 07:12:45 Job terminated.
	(1) Normal termination (return value 0)
		Usr 0 00:10:48, Sys 0 00:00:03  -  Run Remote Usage
		Usr 0 00:00:00, Sys 0 00:00:00  -  Run Local Usage
		Usr 0 00:10:48, Sys 0 00:00:03  -  Total Remote Usage
		Usr 0 00:00:00, Sys 0 00:00:00  -  Total Local Usage
	57062  -  Run Bytes Sent By Job
	32668696  -  Run Bytes Received By Job
	57062  -  Total Bytes Sent By Job
	32668696  -  Total Bytes Received By Job
	Partitionable Resources :     Usage  Request Allocated 
	   Cpus                 :      0.95        1         1 
	   Disk (KB)            : 255077      524288   1458998 
	   IoHeavy              :                            0 
	   Memory (MB)          :    337         512       512 

	Job terminated of its own accord at 2023-07-28T12:12:45Z with exit-code 0.
...
