000 (11188596.042.000) 2023-07-27 22:50:50 Job submitted from host: <128.104.101.92:9618?addrs=128.104.101.92-9618+[2607-f388-107c-501-a236-9fff-fe3c-caa8]-9618&alias=submit2.chtc.wisc.edu&noUDP&sock=schedd_1879732_618e>
...
040 (11188596.042.000) 2023-07-27 22:53:37 Started transferring input files
	Transferring to host: <128.105.69.204:9618?addrs=128.105.69.204-9618+[2607-f388-2200-100-1270-fdff-fe56-b85c]-9618&alias=e4035.chtc.wisc.edu&noUDP&sock=slot1_122_364591_1783_48947>
...
001 (11188596.042.000) 2023-07-27 22:53:43 Job executing on host: <128.105.69.204:9618?addrs=128.105.69.204-9618+[2607-f388-2200-100-1270-fdff-fe56-b85c]-9618&alias=e4035.chtc.wisc.edu&noUDP&sock=startd_11684_d4a5>
	SlotName: slot1_122@e4035.chtc.wisc.edu
	CondorScratchDir = "/var/lib/condor/execute/slot1/dir_423620"
	Cpus = 1
	Disk = 1208198
	IoHeavy = 0
	Memory = 512
...
040 (11188596.042.000) 2023-07-27 22:53:43 Finished transferring input files
...
006 (11188596.042.000) 2023-07-27 22:53:52 Image size of job updated: 382912
	241  -  MemoryUsage of job (MB)
	246428  -  ResidentSetSize of job (KB)
...
040 (11188596.042.000) 2023-07-27 22:57:25 Started transferring output files
...
040 (11188596.042.000) 2023-07-27 22:57:25 Finished transferring output files
...
005 (11188596.042.000) 2023-07-27 22:57:26 Job terminated.
	(1) Normal termination (return value 0)
		Usr 0 00:03:32, Sys 0 00:00:01  -  Run Remote Usage
		Usr 0 00:00:00, Sys 0 00:00:00  -  Run Local Usage
		Usr 0 00:03:32, Sys 0 00:00:01  -  Total Remote Usage
		Usr 0 00:00:00, Sys 0 00:00:00  -  Total Local Usage
	57814  -  Run Bytes Sent By Job
	32668040  -  Run Bytes Received By Job
	57814  -  Total Bytes Sent By Job
	32668040  -  Total Bytes Received By Job
	Partitionable Resources :     Usage  Request Allocated 
	   Cpus                 :      0.99        1         1 
	   Disk (KB)            : 255175      524288   1208198 
	   IoHeavy              :                            0 
	   Memory (MB)          :    241         512       512 

	Job terminated of its own accord at 2023-07-28T03:57:23Z with exit-code 0.
...
