000 (11238961.013.000) 2023-07-28 19:56:05 Job submitted from host: <128.104.101.92:9618?addrs=128.104.101.92-9618+[2607-f388-107c-501-a236-9fff-fe3c-caa8]-9618&alias=submit2.chtc.wisc.edu&noUDP&sock=schedd_1879732_618e>
...
040 (11238961.013.000) 2023-07-28 19:57:44 Started transferring input files
	Transferring to host: <128.105.69.94:9618?addrs=128.105.69.94-9618+[2607-f388-2200-100-1270-fdff-fe56-3dcc]-9618&alias=e4005.chtc.wisc.edu&noUDP&sock=slot1_36_1730252_cf51_60560>
...
040 (11238961.013.000) 2023-07-28 19:57:45 Finished transferring input files
...
001 (11238961.013.000) 2023-07-28 19:57:46 Job executing on host: <128.105.69.94:9618?addrs=128.105.69.94-9618+[2607-f388-2200-100-1270-fdff-fe56-3dcc]-9618&alias=e4005.chtc.wisc.edu&noUDP&sock=startd_14681_85fb>
	SlotName: slot1_36@e4005.chtc.wisc.edu
	CondorScratchDir = "/var/lib/condor/execute/slot1/dir_775623"
	Cpus = 1
	Disk = 1268229
	IoHeavy = 0
	Memory = 512
...
006 (11238961.013.000) 2023-07-28 19:57:55 Image size of job updated: 385920
	327  -  MemoryUsage of job (MB)
	334192  -  ResidentSetSize of job (KB)
...
006 (11238961.013.000) 2023-07-28 20:02:56 Image size of job updated: 385920
	332  -  MemoryUsage of job (MB)
	339144  -  ResidentSetSize of job (KB)
...
040 (11238961.013.000) 2023-07-28 20:03:33 Started transferring output files
...
040 (11238961.013.000) 2023-07-28 20:03:33 Finished transferring output files
...
005 (11238961.013.000) 2023-07-28 20:03:33 Job terminated.
	(1) Normal termination (return value 0)
		Usr 0 00:05:40, Sys 0 00:00:02  -  Run Remote Usage
		Usr 0 00:00:00, Sys 0 00:00:00  -  Run Local Usage
		Usr 0 00:05:40, Sys 0 00:00:02  -  Total Remote Usage
		Usr 0 00:00:00, Sys 0 00:00:00  -  Total Local Usage
	56026  -  Run Bytes Sent By Job
	32668232  -  Run Bytes Received By Job
	56026  -  Total Bytes Sent By Job
	32668232  -  Total Bytes Received By Job
	Partitionable Resources :     Usage  Request Allocated 
	   Cpus                 :      0.99        1         1 
	   Disk (KB)            : 255059      524288   1268229 
	   IoHeavy              :                            0 
	   Memory (MB)          :    332         512       512 

	Job terminated of its own accord at 2023-07-29T01:03:33Z with exit-code 0.
...
