000 (11188617.061.000) 2023-07-28 07:00:37 Job submitted from host: <128.104.101.92:9618?addrs=128.104.101.92-9618+[2607-f388-107c-501-a236-9fff-fe3c-caa8]-9618&alias=submit2.chtc.wisc.edu&noUDP&sock=schedd_1879732_618e>
...
040 (11188617.061.000) 2023-07-28 07:01:44 Started transferring input files
	Transferring to host: <128.105.69.92:9618?addrs=128.105.69.92-9618+[2607-f388-2200-100-1270-fdff-fe56-689c]-9618&alias=e4003.chtc.wisc.edu&noUDP&sock=slot1_52_3137456_5459_55217>
...
040 (11188617.061.000) 2023-07-28 07:01:45 Finished transferring input files
...
001 (11188617.061.000) 2023-07-28 07:01:48 Job executing on host: <128.105.69.92:9618?addrs=128.105.69.92-9618+[2607-f388-2200-100-1270-fdff-fe56-689c]-9618&alias=e4003.chtc.wisc.edu&noUDP&sock=startd_14115_4b60>
	SlotName: slot1_52@e4003.chtc.wisc.edu
	CondorScratchDir = "/var/lib/condor/execute/slot1/dir_1517073"
	Cpus = 1
	Disk = 1268229
	IoHeavy = 0
	Memory = 512
...
006 (11188617.061.000) 2023-07-28 07:01:56 Image size of job updated: 278424
	214  -  MemoryUsage of job (MB)
	218268  -  ResidentSetSize of job (KB)
...
040 (11188617.061.000) 2023-07-28 07:02:58 Started transferring output files
...
040 (11188617.061.000) 2023-07-28 07:02:58 Finished transferring output files
...
005 (11188617.061.000) 2023-07-28 07:02:58 Job terminated.
	(1) Normal termination (return value 0)
		Usr 0 00:01:07, Sys 0 00:00:00  -  Run Remote Usage
		Usr 0 00:00:00, Sys 0 00:00:00  -  Run Local Usage
		Usr 0 00:01:07, Sys 0 00:00:00  -  Total Remote Usage
		Usr 0 00:00:00, Sys 0 00:00:00  -  Total Local Usage
	56397  -  Run Bytes Sent By Job
	32668696  -  Run Bytes Received By Job
	56397  -  Total Bytes Sent By Job
	32668696  -  Total Bytes Received By Job
	Partitionable Resources :     Usage  Request Allocated 
	   Cpus                 :      0.62        1         1 
	   Disk (KB)            : 255060      524288   1268229 
	   IoHeavy              :                            0 
	   Memory (MB)          :    214         512       512 

	Job terminated of its own accord at 2023-07-28T12:02:58Z with exit-code 0.
...
