000 (11208756.037.000) 2023-07-28 13:34:16 Job submitted from host: <128.104.101.92:9618?addrs=128.104.101.92-9618+[2607-f388-107c-501-a236-9fff-fe3c-caa8]-9618&alias=submit2.chtc.wisc.edu&noUDP&sock=schedd_1879732_618e>
...
040 (11208756.037.000) 2023-07-28 13:35:48 Started transferring input files
	Transferring to host: <128.105.69.123:9618?addrs=128.105.69.123-9618+[2607-f388-2200-100-1270-fdff-fe56-7324]-9618&alias=e4072.chtc.wisc.edu&noUDP&sock=slot1_22_1822831_1726_57982>
...
040 (11208756.037.000) 2023-07-28 13:35:50 Finished transferring input files
...
001 (11208756.037.000) 2023-07-28 13:35:51 Job executing on host: <128.105.69.123:9618?addrs=128.105.69.123-9618+[2607-f388-2200-100-1270-fdff-fe56-7324]-9618&alias=e4072.chtc.wisc.edu&noUDP&sock=startd_17358_b902>
	SlotName: slot1_22@e4072.chtc.wisc.edu
	CondorScratchDir = "/var/lib/condor/execute/slot1/dir_2811988"
	Cpus = 1
	Disk = 1208198
	IoHeavy = 0
	Memory = 512
...
006 (11208756.037.000) 2023-07-28 13:35:57 Image size of job updated: 384836
	185  -  MemoryUsage of job (MB)
	189120  -  ResidentSetSize of job (KB)
...
040 (11208756.037.000) 2023-07-28 13:35:57 Started transferring output files
...
040 (11208756.037.000) 2023-07-28 13:35:57 Finished transferring output files
...
005 (11208756.037.000) 2023-07-28 13:35:57 Job terminated.
	(1) Normal termination (return value 1)
		Usr 0 00:00:03, Sys 0 00:00:00  -  Run Remote Usage
		Usr 0 00:00:00, Sys 0 00:00:00  -  Run Local Usage
		Usr 0 00:00:03, Sys 0 00:00:00  -  Total Remote Usage
		Usr 0 00:00:00, Sys 0 00:00:00  -  Total Local Usage
	2579  -  Run Bytes Sent By Job
	32669186  -  Run Bytes Received By Job
	2579  -  Total Bytes Sent By Job
	32669186  -  Total Bytes Received By Job
	Partitionable Resources :    Usage  Request Allocated 
	   Cpus                 :                 1         1 
	   Disk (KB)            :   255015   524288   1208198 
	   IoHeavy              :                           0 
	   Memory (MB)          :      185      512       512 

	Job terminated of its own accord at 2023-07-28T18:35:57Z with exit-code 1.
...
