000 (11188596.066.000) 2023-07-27 22:50:50 Job submitted from host: <128.104.101.92:9618?addrs=128.104.101.92-9618+[2607-f388-107c-501-a236-9fff-fe3c-caa8]-9618&alias=submit2.chtc.wisc.edu&noUDP&sock=schedd_1879732_618e>
...
040 (11188596.066.000) 2023-07-27 22:53:46 Started transferring input files
	Transferring to host: <128.105.69.152:9618?addrs=128.105.69.152-9618+[2607-f388-2200-100-1270-fdff-fe56-c8d4]-9618&alias=e4085.chtc.wisc.edu&noUDP&sock=slot1_12_2948455_06f3_47496>
...
040 (11188596.066.000) 2023-07-27 22:53:48 Finished transferring input files
...
001 (11188596.066.000) 2023-07-27 22:53:50 Job executing on host: <128.105.69.152:9618?addrs=128.105.69.152-9618+[2607-f388-2200-100-1270-fdff-fe56-c8d4]-9618&alias=e4085.chtc.wisc.edu&noUDP&sock=startd_17191_2cb1>
	SlotName: slot1_12@e4085.chtc.wisc.edu
	CondorScratchDir = "/var/lib/condor/execute/slot1/dir_2342483"
	Cpus = 1
	Disk = 1208198
	IoHeavy = 0
	Memory = 512
...
006 (11188596.066.000) 2023-07-27 22:53:58 Image size of job updated: 391848
	371  -  MemoryUsage of job (MB)
	379380  -  ResidentSetSize of job (KB)
...
040 (11188596.066.000) 2023-07-27 22:55:43 Started transferring output files
...
040 (11188596.066.000) 2023-07-27 22:55:43 Finished transferring output files
...
005 (11188596.066.000) 2023-07-27 22:55:43 Job terminated.
	(1) Normal termination (return value 0)
		Usr 0 00:01:48, Sys 0 00:00:01  -  Run Remote Usage
		Usr 0 00:00:00, Sys 0 00:00:00  -  Run Local Usage
		Usr 0 00:01:48, Sys 0 00:00:01  -  Total Remote Usage
		Usr 0 00:00:00, Sys 0 00:00:00  -  Total Local Usage
	57756  -  Run Bytes Sent By Job
	32668040  -  Run Bytes Received By Job
	57756  -  Total Bytes Sent By Job
	32668040  -  Total Bytes Received By Job
	Partitionable Resources :    Usage  Request Allocated 
	   Cpus                 :        0        1         1 
	   Disk (KB)            :   256353   524288   1208198 
	   IoHeavy              :                           0 
	   Memory (MB)          :      371      512       512 

	Job terminated of its own accord at 2023-07-28T03:55:42Z with exit-code 0.
...
