000 (11238961.036.000) 2023-07-28 19:56:05 Job submitted from host: <128.104.101.92:9618?addrs=128.104.101.92-9618+[2607-f388-107c-501-a236-9fff-fe3c-caa8]-9618&alias=submit2.chtc.wisc.edu&noUDP&sock=schedd_1879732_618e>
...
040 (11238961.036.000) 2023-07-28 19:57:40 Started transferring input files
	Transferring to host: <128.105.69.104:9618?addrs=128.105.69.104-9618+[2607-f388-2200-100-1270-fdff-fe56-bccc]-9618&alias=e4032.chtc.wisc.edu&noUDP&sock=slot1_4_1625022_c15a_44164>
...
040 (11238961.036.000) 2023-07-28 19:57:41 Finished transferring input files
...
001 (11238961.036.000) 2023-07-28 19:57:42 Job executing on host: <128.105.69.104:9618?addrs=128.105.69.104-9618+[2607-f388-2200-100-1270-fdff-fe56-bccc]-9618&alias=e4032.chtc.wisc.edu&noUDP&sock=startd_15767_6dd5>
	SlotName: slot1_4@e4032.chtc.wisc.edu
	CondorScratchDir = "/var/lib/condor/execute/slot1/dir_4130868"
	Cpus = 1
	Disk = 1208198
	IoHeavy = 0
	Memory = 512
...
006 (11238961.036.000) 2023-07-28 19:57:51 Image size of job updated: 283152
	219  -  MemoryUsage of job (MB)
	224016  -  ResidentSetSize of job (KB)
...
040 (11238961.036.000) 2023-07-28 19:58:56 Started transferring output files
...
040 (11238961.036.000) 2023-07-28 19:58:56 Finished transferring output files
...
005 (11238961.036.000) 2023-07-28 19:58:56 Job terminated.
	(1) Normal termination (return value 0)
		Usr 0 00:01:11, Sys 0 00:00:01  -  Run Remote Usage
		Usr 0 00:00:00, Sys 0 00:00:00  -  Run Local Usage
		Usr 0 00:01:11, Sys 0 00:00:01  -  Total Remote Usage
		Usr 0 00:00:00, Sys 0 00:00:00  -  Total Local Usage
	56934  -  Run Bytes Sent By Job
	32668232  -  Run Bytes Received By Job
	56934  -  Total Bytes Sent By Job
	32668232  -  Total Bytes Received By Job
	Partitionable Resources :     Usage  Request Allocated 
	   Cpus                 :      0.99        1         1 
	   Disk (KB)            : 255077      524288   1208198 
	   IoHeavy              :                            0 
	   Memory (MB)          :    219         512       512 

	Job terminated of its own accord at 2023-07-29T00:58:56Z with exit-code 0.
...
