000 (11188617.033.000) 2023-07-28 07:00:37 Job submitted from host: <128.104.101.92:9618?addrs=128.104.101.92-9618+[2607-f388-107c-501-a236-9fff-fe3c-caa8]-9618&alias=submit2.chtc.wisc.edu&noUDP&sock=schedd_1879732_618e>
...
040 (11188617.033.000) 2023-07-28 07:01:35 Started transferring input files
	Transferring to host: <128.105.69.218:9618?addrs=128.105.69.218-9618&alias=e2601.chtc.wisc.edu&noUDP&sock=slot1_50_3204662_0946_52709>
...
040 (11188617.033.000) 2023-07-28 07:01:41 Finished transferring input files
...
001 (11188617.033.000) 2023-07-28 07:01:43 Job executing on host: <128.105.69.218:9618?addrs=128.105.69.218-9618&alias=e2601.chtc.wisc.edu&noUDP&sock=startd_19055_b93a>
	SlotName: slot1_50@e2601.chtc.wisc.edu
	CondorScratchDir = "/var/lib/condor/execute/slot1/dir_3598855"
	Cpus = 1
	Disk = 1458998
	IoHeavy = 0
	Memory = 512
...
006 (11188617.033.000) 2023-07-28 07:01:52 Image size of job updated: 342316
	335  -  MemoryUsage of job (MB)
	342316  -  ResidentSetSize of job (KB)
...
006 (11188617.033.000) 2023-07-28 07:05:50 Image size of job updated: 382508
	339  -  MemoryUsage of job (MB)
	346728  -  ResidentSetSize of job (KB)
...
040 (11188617.033.000) 2023-07-28 07:05:50 Started transferring output files
...
040 (11188617.033.000) 2023-07-28 07:05:50 Finished transferring output files
...
005 (11188617.033.000) 2023-07-28 07:05:50 Job terminated.
	(1) Normal termination (return value 0)
		Usr 0 00:03:56, Sys 0 00:00:05  -  Run Remote Usage
		Usr 0 00:00:00, Sys 0 00:00:00  -  Run Local Usage
		Usr 0 00:03:56, Sys 0 00:00:05  -  Total Remote Usage
		Usr 0 00:00:00, Sys 0 00:00:00  -  Total Local Usage
	56383  -  Run Bytes Sent By Job
	32668696  -  Run Bytes Received By Job
	56383  -  Total Bytes Sent By Job
	32668696  -  Total Bytes Received By Job
	Partitionable Resources :     Usage  Request Allocated 
	   Cpus                 :      0.98        1         1 
	   Disk (KB)            : 256013      524288   1458998 
	   IoHeavy              :                            0 
	   Memory (MB)          :    339         512       512 

	Job terminated of its own accord at 2023-07-28T12:05:50Z with exit-code 0.
...
