000 (11208756.026.000) 2023-07-28 13:34:16 Job submitted from host: <128.104.101.92:9618?addrs=128.104.101.92-9618+[2607-f388-107c-501-a236-9fff-fe3c-caa8]-9618&alias=submit2.chtc.wisc.edu&noUDP&sock=schedd_1879732_618e>
...
040 (11208756.026.000) 2023-07-28 13:35:47 Started transferring input files
	Transferring to host: <128.105.69.183:9618?addrs=128.105.69.183-9618+[2607-f388-2200-100-1270-fdff-fe56-b9c4]-9618&alias=e2566.chtc.wisc.edu&noUDP&sock=slot1_11_574966_4f8e_69997>
...
040 (11208756.026.000) 2023-07-28 13:35:49 Finished transferring input files
...
001 (11208756.026.000) 2023-07-28 13:35:50 Job executing on host: <128.105.69.183:9618?addrs=128.105.69.183-9618+[2607-f388-2200-100-1270-fdff-fe56-b9c4]-9618&alias=e2566.chtc.wisc.edu&noUDP&sock=startd_13813_25c6>
	SlotName: slot1_11@e2566.chtc.wisc.edu
...
006 (11208756.026.000) 2023-07-28 13:35:55 Image size of job updated: 140056
	0  -  MemoryUsage of job (MB)
	0  -  ResidentSetSize of job (KB)
...
040 (11208756.026.000) 2023-07-28 13:35:55 Started transferring output files
...
040 (11208756.026.000) 2023-07-28 13:35:55 Finished transferring output files
...
005 (11208756.026.000) 2023-07-28 13:35:55 Job terminated.
	(1) Normal termination (return value 1)
		Usr 0 00:00:03, Sys 0 00:00:00  -  Run Remote Usage
		Usr 0 00:00:00, Sys 0 00:00:00  -  Run Local Usage
		Usr 0 00:00:03, Sys 0 00:00:00  -  Total Remote Usage
		Usr 0 00:00:00, Sys 0 00:00:00  -  Total Local Usage
	2579  -  Run Bytes Sent By Job
	32669186  -  Run Bytes Received By Job
	2579  -  Total Bytes Sent By Job
	32669186  -  Total Bytes Received By Job
	Partitionable Resources :    Usage  Request Allocated 
	   Cpus                 :                 1         1 
	   Disk (KB)            :   255015   524288   1208198 
	   IoHeavy              :                           0 
	   Memory (MB)          :        0      512       512 

	Job terminated of its own accord at 2023-07-28T18:35:55Z with exit-code 1.
...
