000 (11188596.008.000) 2023-07-27 22:50:50 Job submitted from host: <128.104.101.92:9618?addrs=128.104.101.92-9618+[2607-f388-107c-501-a236-9fff-fe3c-caa8]-9618&alias=submit2.chtc.wisc.edu&noUDP&sock=schedd_1879732_618e>
...
040 (11188596.008.000) 2023-07-27 22:53:36 Started transferring input files
	Transferring to host: <128.105.69.101:9618?addrs=128.105.69.101-9618+[2607-f388-2200-100-1270-fdff-fe56-bae4]-9618&alias=e4012.chtc.wisc.edu&noUDP&sock=slot1_116_3576311_60af_42151>
...
040 (11188596.008.000) 2023-07-27 22:53:38 Finished transferring input files
...
001 (11188596.008.000) 2023-07-27 22:53:44 Job executing on host: <128.105.69.101:9618?addrs=128.105.69.101-9618+[2607-f388-2200-100-1270-fdff-fe56-bae4]-9618&alias=e4012.chtc.wisc.edu&noUDP&sock=startd_15697_6a33>
	SlotName: slot1_116@e4012.chtc.wisc.edu
	CondorScratchDir = "/var/lib/condor/execute/slot1/dir_3138329"
	Cpus = 1
	Disk = 1208198
	IoHeavy = 0
	Memory = 512
...
006 (11188596.008.000) 2023-07-27 22:53:52 Image size of job updated: 227908
	215  -  MemoryUsage of job (MB)
	220028  -  ResidentSetSize of job (KB)
...
006 (11188596.008.000) 2023-07-27 22:58:52 Image size of job updated: 277008
	221  -  MemoryUsage of job (MB)
	225748  -  ResidentSetSize of job (KB)
...
006 (11188596.008.000) 2023-07-27 23:03:53 Image size of job updated: 277008
	225  -  MemoryUsage of job (MB)
	229464  -  ResidentSetSize of job (KB)
...
006 (11188596.008.000) 2023-07-27 23:08:53 Image size of job updated: 277008
	230  -  MemoryUsage of job (MB)
	234888  -  ResidentSetSize of job (KB)
...
040 (11188596.008.000) 2023-07-27 23:25:39 Started transferring output files
...
040 (11188596.008.000) 2023-07-27 23:25:39 Finished transferring output files
...
005 (11188596.008.000) 2023-07-27 23:25:39 Job terminated.
	(1) Normal termination (return value 0)
		Usr 0 00:31:25, Sys 0 00:00:11  -  Run Remote Usage
		Usr 0 00:00:00, Sys 0 00:00:00  -  Run Local Usage
		Usr 0 00:31:25, Sys 0 00:00:11  -  Total Remote Usage
		Usr 0 00:00:00, Sys 0 00:00:00  -  Total Local Usage
	56872  -  Run Bytes Sent By Job
	32668040  -  Run Bytes Received By Job
	56872  -  Total Bytes Sent By Job
	32668040  -  Total Bytes Received By Job
	Partitionable Resources :     Usage  Request Allocated 
	   Cpus                 :      0.99        1         1 
	   Disk (KB)            : 255907      524288   1208198 
	   IoHeavy              :                            0 
	   Memory (MB)          :    230         512       512 

	Job terminated of its own accord at 2023-07-28T04:25:39Z with exit-code 0.
...
