000 (11188596.057.000) 2023-07-27 22:50:50 Job submitted from host: <128.104.101.92:9618?addrs=128.104.101.92-9618+[2607-f388-107c-501-a236-9fff-fe3c-caa8]-9618&alias=submit2.chtc.wisc.edu&noUDP&sock=schedd_1879732_618e>
...
040 (11188596.057.000) 2023-07-27 22:53:47 Started transferring input files
	Transferring to host: <128.105.69.95:9618?addrs=128.105.69.95-9618+[2607-f388-2200-100-1270-fdff-fe56-bff4]-9618&alias=e4006.chtc.wisc.edu&noUDP&sock=slot1_48_3683970_e1e9_51915>
...
040 (11188596.057.000) 2023-07-27 22:53:50 Finished transferring input files
...
001 (11188596.057.000) 2023-07-27 22:53:56 Job executing on host: <128.105.69.95:9618?addrs=128.105.69.95-9618+[2607-f388-2200-100-1270-fdff-fe56-bff4]-9618&alias=e4006.chtc.wisc.edu&noUDP&sock=startd_2383497_450b>
	SlotName: slot1_48@e4006.chtc.wisc.edu
	CondorScratchDir = "/var/lib/condor/execute/slot1/dir_1602598"
	Cpus = 1
	Disk = 1208198
	IoHeavy = 0
	Memory = 512
...
006 (11188596.057.000) 2023-07-27 22:54:04 Image size of job updated: 291708
	285  -  MemoryUsage of job (MB)
	291708  -  ResidentSetSize of job (KB)
...
006 (11188596.057.000) 2023-07-27 22:59:04 Image size of job updated: 390808
	324  -  MemoryUsage of job (MB)
	331776  -  ResidentSetSize of job (KB)
...
040 (11188596.057.000) 2023-07-27 23:03:37 Started transferring output files
...
040 (11188596.057.000) 2023-07-27 23:03:38 Finished transferring output files
...
005 (11188596.057.000) 2023-07-27 23:03:46 Job terminated.
	(1) Normal termination (return value 0)
		Usr 0 00:09:24, Sys 0 00:00:06  -  Run Remote Usage
		Usr 0 00:00:00, Sys 0 00:00:00  -  Run Local Usage
		Usr 0 00:09:24, Sys 0 00:00:06  -  Total Remote Usage
		Usr 0 00:00:00, Sys 0 00:00:00  -  Total Local Usage
	57242  -  Run Bytes Sent By Job
	32668040  -  Run Bytes Received By Job
	57242  -  Total Bytes Sent By Job
	32668040  -  Total Bytes Received By Job
	Partitionable Resources :     Usage  Request Allocated 
	   Cpus                 :      0.99        1         1 
	   Disk (KB)            : 255791      524288   1208198 
	   IoHeavy              :                            0 
	   Memory (MB)          :    324         512       512 

	Job terminated of its own accord at 2023-07-28T04:03:35Z with exit-code 0.
...
