000 (11238961.021.000) 2023-07-28 19:56:05 Job submitted from host: <128.104.101.92:9618?addrs=128.104.101.92-9618+[2607-f388-107c-501-a236-9fff-fe3c-caa8]-9618&alias=submit2.chtc.wisc.edu&noUDP&sock=schedd_1879732_618e>
...
040 (11238961.021.000) 2023-07-28 19:57:39 Started transferring input files
	Transferring to host: <128.105.69.97:9618?addrs=128.105.69.97-9618+[2607-f388-2200-100-1270-fdff-fe56-6e54]-9618&alias=e4008.chtc.wisc.edu&noUDP&sock=slot1_33_2951577_c232_51347>
...
040 (11238961.021.000) 2023-07-28 19:57:40 Finished transferring input files
...
001 (11238961.021.000) 2023-07-28 19:57:41 Job executing on host: <128.105.69.97:9618?addrs=128.105.69.97-9618+[2607-f388-2200-100-1270-fdff-fe56-6e54]-9618&alias=e4008.chtc.wisc.edu&noUDP&sock=startd_813426_2817>
	SlotName: slot1_33@e4008.chtc.wisc.edu
	CondorScratchDir = "/var/lib/condor/execute/slot1/dir_1947066"
	Cpus = 1
	Disk = 1208198
	IoHeavy = 0
	Memory = 512
...
006 (11238961.021.000) 2023-07-28 19:57:50 Image size of job updated: 405964
	341  -  MemoryUsage of job (MB)
	349040  -  ResidentSetSize of job (KB)
...
040 (11238961.021.000) 2023-07-28 20:00:33 Started transferring output files
...
040 (11238961.021.000) 2023-07-28 20:00:33 Finished transferring output files
...
005 (11238961.021.000) 2023-07-28 20:00:33 Job terminated.
	(1) Normal termination (return value 0)
		Usr 0 00:02:47, Sys 0 00:00:01  -  Run Remote Usage
		Usr 0 00:00:00, Sys 0 00:00:00  -  Run Local Usage
		Usr 0 00:02:47, Sys 0 00:00:01  -  Total Remote Usage
		Usr 0 00:00:00, Sys 0 00:00:00  -  Total Local Usage
	56999  -  Run Bytes Sent By Job
	32668232  -  Run Bytes Received By Job
	56999  -  Total Bytes Sent By Job
	32668232  -  Total Bytes Received By Job
	Partitionable Resources :     Usage  Request Allocated 
	   Cpus                 :      0.99        1         1 
	   Disk (KB)            : 255077      524288   1208198 
	   IoHeavy              :                            0 
	   Memory (MB)          :    341         512       512 

	Job terminated of its own accord at 2023-07-29T01:00:33Z with exit-code 0.
...
