000 (11208757.004.000) 2023-07-28 13:36:58 Job submitted from host: <128.104.101.92:9618?addrs=128.104.101.92-9618+[2607-f388-107c-501-a236-9fff-fe3c-caa8]-9618&alias=submit2.chtc.wisc.edu&noUDP&sock=schedd_1879732_618e>
...
040 (11208757.004.000) 2023-07-28 13:37:39 Started transferring input files
	Transferring to host: <128.105.69.151:9618?addrs=128.105.69.151-9618+[2607-f388-2200-100-1270-fdff-fe56-7334]-9618&alias=e4028.chtc.wisc.edu&noUDP&sock=slot1_48_466780_7c9f_57712>
...
040 (11208757.004.000) 2023-07-28 13:37:41 Finished transferring input files
...
001 (11208757.004.000) 2023-07-28 13:37:42 Job executing on host: <128.105.69.151:9618?addrs=128.105.69.151-9618+[2607-f388-2200-100-1270-fdff-fe56-7334]-9618&alias=e4028.chtc.wisc.edu&noUDP&sock=startd_15849_ac99>
	SlotName: slot1_48@e4028.chtc.wisc.edu
	CondorScratchDir = "/var/lib/condor/execute/slot1/dir_4099101"
	Cpus = 1
	Disk = 1208198
	IoHeavy = 0
	Memory = 512
...
006 (11208757.004.000) 2023-07-28 13:37:51 Image size of job updated: 381904
	268  -  MemoryUsage of job (MB)
	273864  -  ResidentSetSize of job (KB)
...
006 (11208757.004.000) 2023-07-28 13:42:52 Image size of job updated: 381904
	330  -  MemoryUsage of job (MB)
	337404  -  ResidentSetSize of job (KB)
...
006 (11208757.004.000) 2023-07-28 13:47:52 Image size of job updated: 381904
	334  -  MemoryUsage of job (MB)
	341396  -  ResidentSetSize of job (KB)
...
040 (11208757.004.000) 2023-07-28 14:02:46 Started transferring output files
...
040 (11208757.004.000) 2023-07-28 14:02:46 Finished transferring output files
...
005 (11208757.004.000) 2023-07-28 14:02:46 Job terminated.
	(1) Normal termination (return value 0)
		Usr 0 00:24:39, Sys 0 00:00:05  -  Run Remote Usage
		Usr 0 00:00:00, Sys 0 00:00:00  -  Run Local Usage
		Usr 0 00:24:39, Sys 0 00:00:05  -  Total Remote Usage
		Usr 0 00:00:00, Sys 0 00:00:00  -  Total Local Usage
	56037  -  Run Bytes Sent By Job
	32669180  -  Run Bytes Received By Job
	56037  -  Total Bytes Sent By Job
	32669180  -  Total Bytes Received By Job
	Partitionable Resources :     Usage  Request Allocated 
	   Cpus                 :      0.99        1         1 
	   Disk (KB)            : 255076      524288   1208198 
	   IoHeavy              :                            0 
	   Memory (MB)          :    334         512       512 

	Job terminated of its own accord at 2023-07-28T19:02:46Z with exit-code 0.
...
