000 (11238961.038.000) 2023-07-28 19:56:05 Job submitted from host: <128.104.101.92:9618?addrs=128.104.101.92-9618+[2607-f388-107c-501-a236-9fff-fe3c-caa8]-9618&alias=submit2.chtc.wisc.edu&noUDP&sock=schedd_1879732_618e>
...
040 (11238961.038.000) 2023-07-28 19:57:40 Started transferring input files
	Transferring to host: <128.105.69.213:9618?addrs=128.105.69.213-9618+[2607-f388-2200-100-eaeb-d3ff-fe40-894]-9618&alias=e2596.chtc.wisc.edu&noUDP&sock=slot1_20_2277354_a979_46629>
...
040 (11238961.038.000) 2023-07-28 19:57:42 Finished transferring input files
...
001 (11238961.038.000) 2023-07-28 19:57:43 Job executing on host: <128.105.69.213:9618?addrs=128.105.69.213-9618+[2607-f388-2200-100-eaeb-d3ff-fe40-894]-9618&alias=e2596.chtc.wisc.edu&noUDP&sock=startd_17297_e1bb>
	SlotName: slot1_20@e2596.chtc.wisc.edu
	CondorScratchDir = "/var/lib/condor/execute/slot1/dir_3886165"
	Cpus = 1
	Disk = 1458998
	IoHeavy = 0
	Memory = 512
...
006 (11238961.038.000) 2023-07-28 19:57:51 Image size of job updated: 385140
	260  -  MemoryUsage of job (MB)
	265732  -  ResidentSetSize of job (KB)
...
040 (11238961.038.000) 2023-07-28 20:00:05 Started transferring output files
...
040 (11238961.038.000) 2023-07-28 20:00:05 Finished transferring output files
...
005 (11238961.038.000) 2023-07-28 20:00:05 Job terminated.
	(1) Normal termination (return value 0)
		Usr 0 00:02:18, Sys 0 00:00:01  -  Run Remote Usage
		Usr 0 00:00:00, Sys 0 00:00:00  -  Run Local Usage
		Usr 0 00:02:18, Sys 0 00:00:01  -  Total Remote Usage
		Usr 0 00:00:00, Sys 0 00:00:00  -  Total Local Usage
	55543  -  Run Bytes Sent By Job
	32668232  -  Run Bytes Received By Job
	55543  -  Total Bytes Sent By Job
	32668232  -  Total Bytes Received By Job
	Partitionable Resources :    Usage  Request Allocated 
	   Cpus                 :                 1         1 
	   Disk (KB)            :   255066   524288   1458998 
	   IoHeavy              :                           0 
	   Memory (MB)          :      260      512       512 

	Job terminated of its own accord at 2023-07-29T01:00:05Z with exit-code 0.
...
