000 (11208757.001.000) 2023-07-28 13:36:58 Job submitted from host: <128.104.101.92:9618?addrs=128.104.101.92-9618+[2607-f388-107c-501-a236-9fff-fe3c-caa8]-9618&alias=submit2.chtc.wisc.edu&noUDP&sock=schedd_1879732_618e>
...
040 (11208757.001.000) 2023-07-28 13:37:39 Started transferring input files
	Transferring to host: <128.105.69.151:9618?addrs=128.105.69.151-9618+[2607-f388-2200-100-1270-fdff-fe56-7334]-9618&alias=e4028.chtc.wisc.edu&noUDP&sock=slot1_5_466780_7c9f_57710>
...
040 (11208757.001.000) 2023-07-28 13:37:41 Finished transferring input files
...
001 (11208757.001.000) 2023-07-28 13:37:42 Job executing on host: <128.105.69.151:9618?addrs=128.105.69.151-9618+[2607-f388-2200-100-1270-fdff-fe56-7334]-9618&alias=e4028.chtc.wisc.edu&noUDP&sock=startd_15849_ac99>
	SlotName: slot1_5@e4028.chtc.wisc.edu
	CondorScratchDir = "/var/lib/condor/execute/slot1/dir_4099094"
	Cpus = 1
	Disk = 1208198
	IoHeavy = 0
	Memory = 512
...
006 (11208757.001.000) 2023-07-28 13:37:50 Image size of job updated: 275356
	138  -  MemoryUsage of job (MB)
	141116  -  ResidentSetSize of job (KB)
...
006 (11208757.001.000) 2023-07-28 13:42:50 Image size of job updated: 275356
	235  -  MemoryUsage of job (MB)
	240312  -  ResidentSetSize of job (KB)
...
006 (11208757.001.000) 2023-07-28 13:47:51 Image size of job updated: 275356
	236  -  MemoryUsage of job (MB)
	240744  -  ResidentSetSize of job (KB)
...
006 (11208757.001.000) 2023-07-28 13:52:51 Image size of job updated: 275356
	247  -  MemoryUsage of job (MB)
	252356  -  ResidentSetSize of job (KB)
...
040 (11208757.001.000) 2023-07-28 14:34:58 Started transferring output files
...
040 (11208757.001.000) 2023-07-28 14:34:58 Finished transferring output files
...
005 (11208757.001.000) 2023-07-28 14:34:58 Job terminated.
	(1) Normal termination (return value 0)
		Usr 0 00:56:25, Sys 0 00:00:10  -  Run Remote Usage
		Usr 0 00:00:00, Sys 0 00:00:00  -  Run Local Usage
		Usr 0 00:56:25, Sys 0 00:00:10  -  Total Remote Usage
		Usr 0 00:00:00, Sys 0 00:00:00  -  Total Local Usage
	56071  -  Run Bytes Sent By Job
	32669180  -  Run Bytes Received By Job
	56071  -  Total Bytes Sent By Job
	32669180  -  Total Bytes Received By Job
	Partitionable Resources :     Usage  Request Allocated 
	   Cpus                 :      0.99        1         1 
	   Disk (KB)            : 255077      524288   1208198 
	   IoHeavy              :                            0 
	   Memory (MB)          :    247         512       512 

	Job terminated of its own accord at 2023-07-28T19:34:58Z with exit-code 0.
...
