000 (11238961.003.000) 2023-07-28 19:56:05 Job submitted from host: <128.104.101.92:9618?addrs=128.104.101.92-9618+[2607-f388-107c-501-a236-9fff-fe3c-caa8]-9618&alias=submit2.chtc.wisc.edu&noUDP&sock=schedd_1879732_618e>
...
040 (11238961.003.000) 2023-07-28 19:57:36 Started transferring input files
	Transferring to host: <128.105.69.109:9618?addrs=128.105.69.109-9618+[2607-f388-2200-100-1270-fdff-fe56-bf64]-9618&alias=e4058.chtc.wisc.edu&noUDP&sock=slot1_25_22731_cbb5_42910>
...
040 (11238961.003.000) 2023-07-28 19:57:38 Finished transferring input files
...
001 (11238961.003.000) 2023-07-28 19:57:39 Job executing on host: <128.105.69.109:9618?addrs=128.105.69.109-9618+[2607-f388-2200-100-1270-fdff-fe56-bf64]-9618&alias=e4058.chtc.wisc.edu&noUDP&sock=startd_16529_18ff>
	SlotName: slot1_25@e4058.chtc.wisc.edu
	CondorScratchDir = "/var/lib/condor/execute/slot1/dir_1261719"
	Cpus = 1
	Disk = 1208198
	IoHeavy = 0
	Memory = 512
...
006 (11238961.003.000) 2023-07-28 19:57:48 Image size of job updated: 385624
	280  -  MemoryUsage of job (MB)
	286176  -  ResidentSetSize of job (KB)
...
006 (11238961.003.000) 2023-07-28 20:02:49 Image size of job updated: 385624
	331  -  MemoryUsage of job (MB)
	338096  -  ResidentSetSize of job (KB)
...
006 (11238961.003.000) 2023-07-28 20:07:49 Image size of job updated: 385624
	343  -  MemoryUsage of job (MB)
	351100  -  ResidentSetSize of job (KB)
...
040 (11238961.003.000) 2023-07-28 20:13:10 Started transferring output files
...
040 (11238961.003.000) 2023-07-28 20:13:10 Finished transferring output files
...
005 (11238961.003.000) 2023-07-28 20:13:10 Job terminated.
	(1) Normal termination (return value 0)
		Usr 0 00:15:13, Sys 0 00:00:04  -  Run Remote Usage
		Usr 0 00:00:00, Sys 0 00:00:00  -  Run Local Usage
		Usr 0 00:15:13, Sys 0 00:00:04  -  Total Remote Usage
		Usr 0 00:00:00, Sys 0 00:00:00  -  Total Local Usage
	56084  -  Run Bytes Sent By Job
	32668232  -  Run Bytes Received By Job
	56084  -  Total Bytes Sent By Job
	32668232  -  Total Bytes Received By Job
	Partitionable Resources :     Usage  Request Allocated 
	   Cpus                 :      0.99        1         1 
	   Disk (KB)            : 255076      524288   1208198 
	   IoHeavy              :                            0 
	   Memory (MB)          :    343         512       512 

	Job terminated of its own accord at 2023-07-29T01:13:10Z with exit-code 0.
...
