000 (11208756.002.000) 2023-07-28 13:34:16 Job submitted from host: <128.104.101.92:9618?addrs=128.104.101.92-9618+[2607-f388-107c-501-a236-9fff-fe3c-caa8]-9618&alias=submit2.chtc.wisc.edu&noUDP&sock=schedd_1879732_618e>
...
040 (11208756.002.000) 2023-07-28 13:35:35 Started transferring input files
	Transferring to host: <128.105.69.111:9618?addrs=128.105.69.111-9618+[2607-f388-2200-100-1270-fdff-fe56-cecc]-9618&alias=e4060.chtc.wisc.edu&noUDP&sock=slot1_23_3933612_4150_51970>
...
040 (11208756.002.000) 2023-07-28 13:35:37 Finished transferring input files
...
001 (11208756.002.000) 2023-07-28 13:35:38 Job executing on host: <128.105.69.111:9618?addrs=128.105.69.111-9618+[2607-f388-2200-100-1270-fdff-fe56-cecc]-9618&alias=e4060.chtc.wisc.edu&noUDP&sock=startd_18821_3811>
	SlotName: slot1_23@e4060.chtc.wisc.edu
	CondorScratchDir = "/var/lib/condor/execute/slot1/dir_2293455"
	Cpus = 1
	Disk = 1208198
	IoHeavy = 0
	Memory = 512
...
006 (11208756.002.000) 2023-07-28 13:35:47 Image size of job updated: 276232
	249  -  MemoryUsage of job (MB)
	254612  -  ResidentSetSize of job (KB)
...
006 (11208756.002.000) 2023-07-28 13:35:49 Image size of job updated: 276232
	256  -  MemoryUsage of job (MB)
	261268  -  ResidentSetSize of job (KB)
...
040 (11208756.002.000) 2023-07-28 13:35:50 Started transferring output files
...
040 (11208756.002.000) 2023-07-28 13:35:50 Finished transferring output files
...
005 (11208756.002.000) 2023-07-28 13:35:50 Job terminated.
	(1) Normal termination (return value 1)
		Usr 0 00:00:07, Sys 0 00:00:01  -  Run Remote Usage
		Usr 0 00:00:00, Sys 0 00:00:00  -  Run Local Usage
		Usr 0 00:00:07, Sys 0 00:00:01  -  Total Remote Usage
		Usr 0 00:00:00, Sys 0 00:00:00  -  Total Local Usage
	2579  -  Run Bytes Sent By Job
	32669186  -  Run Bytes Received By Job
	2579  -  Total Bytes Sent By Job
	32669186  -  Total Bytes Received By Job
	Partitionable Resources :    Usage  Request Allocated 
	   Cpus                 :                 1         1 
	   Disk (KB)            :   256019   524288   1208198 
	   IoHeavy              :                           0 
	   Memory (MB)          :      256      512       512 

	Job terminated of its own accord at 2023-07-28T18:35:49Z with exit-code 1.
...
