000 (11188596.047.000) 2023-07-27 22:50:50 Job submitted from host: <128.104.101.92:9618?addrs=128.104.101.92-9618+[2607-f388-107c-501-a236-9fff-fe3c-caa8]-9618&alias=submit2.chtc.wisc.edu&noUDP&sock=schedd_1879732_618e>
...
040 (11188596.047.000) 2023-07-27 22:53:38 Started transferring input files
	Transferring to host: <128.105.69.188:9618?addrs=128.105.69.188-9618+[2607-f388-2200-100-1270-fdff-fe56-bf54]-9618&alias=e4040.chtc.wisc.edu&noUDP&sock=slot1_101_940684_b9e6_48673>
...
001 (11188596.047.000) 2023-07-27 22:53:44 Job executing on host: <128.105.69.188:9618?addrs=128.105.69.188-9618+[2607-f388-2200-100-1270-fdff-fe56-bf54]-9618&alias=e4040.chtc.wisc.edu&noUDP&sock=startd_15998_e035>
	SlotName: slot1_101@e4040.chtc.wisc.edu
	CondorScratchDir = "/var/lib/condor/execute/slot1/dir_1391060"
	Cpus = 1
	Disk = 1208198
	IoHeavy = 0
	Memory = 512
...
040 (11188596.047.000) 2023-07-27 22:53:44 Finished transferring input files
...
006 (11188596.047.000) 2023-07-27 22:53:53 Image size of job updated: 276504
	149  -  MemoryUsage of job (MB)
	151792  -  ResidentSetSize of job (KB)
...
006 (11188596.047.000) 2023-07-27 22:55:56 Image size of job updated: 276504
	149  -  MemoryUsage of job (MB)
	152048  -  ResidentSetSize of job (KB)
...
040 (11188596.047.000) 2023-07-27 22:55:57 Started transferring output files
...
040 (11188596.047.000) 2023-07-27 22:55:58 Finished transferring output files
...
005 (11188596.047.000) 2023-07-27 22:56:00 Job terminated.
	(1) Normal termination (return value 0)
		Usr 0 00:02:06, Sys 0 00:00:01  -  Run Remote Usage
		Usr 0 00:00:00, Sys 0 00:00:00  -  Run Local Usage
		Usr 0 00:02:06, Sys 0 00:00:01  -  Total Remote Usage
		Usr 0 00:00:00, Sys 0 00:00:00  -  Total Local Usage
	57346  -  Run Bytes Sent By Job
	32668040  -  Run Bytes Received By Job
	57346  -  Total Bytes Sent By Job
	32668040  -  Total Bytes Received By Job
	Partitionable Resources :     Usage  Request Allocated 
	   Cpus                 :      0.99        1         1 
	   Disk (KB)            : 255175      524288   1208198 
	   IoHeavy              :                            0 
	   Memory (MB)          :    149         512       512 

	Job terminated of its own accord at 2023-07-28T03:55:56Z with exit-code 0.
...
