000 (11238961.004.000) 2023-07-28 19:56:05 Job submitted from host: <128.104.101.92:9618?addrs=128.104.101.92-9618+[2607-f388-107c-501-a236-9fff-fe3c-caa8]-9618&alias=submit2.chtc.wisc.edu&noUDP&sock=schedd_1879732_618e>
...
040 (11238961.004.000) 2023-07-28 19:57:37 Started transferring input files
	Transferring to host: <128.105.69.167:9618?addrs=128.105.69.167-9618+[2607-f388-2200-100-1270-fdff-fe56-686c]-9618&alias=e2550.chtc.wisc.edu&noUDP&sock=slot1_22_1133814_4853_59764>
...
040 (11238961.004.000) 2023-07-28 19:57:39 Finished transferring input files
...
001 (11238961.004.000) 2023-07-28 19:57:40 Job executing on host: <128.105.69.167:9618?addrs=128.105.69.167-9618+[2607-f388-2200-100-1270-fdff-fe56-686c]-9618&alias=e2550.chtc.wisc.edu&noUDP&sock=startd_13345_2373>
	SlotName: slot1_22@e2550.chtc.wisc.edu
	CondorScratchDir = "/var/lib/condor/execute/slot1/dir_655487"
	Cpus = 1
	Disk = 1208198
	IoHeavy = 0
	Memory = 512
...
006 (11238961.004.000) 2023-07-28 19:57:49 Image size of job updated: 383336
	280  -  MemoryUsage of job (MB)
	286560  -  ResidentSetSize of job (KB)
...
006 (11238961.004.000) 2023-07-28 20:02:50 Image size of job updated: 383336
	330  -  MemoryUsage of job (MB)
	336984  -  ResidentSetSize of job (KB)
...
006 (11238961.004.000) 2023-07-28 20:07:50 Image size of job updated: 383336
	335  -  MemoryUsage of job (MB)
	342508  -  ResidentSetSize of job (KB)
...
040 (11238961.004.000) 2023-07-28 20:08:31 Started transferring output files
...
040 (11238961.004.000) 2023-07-28 20:08:31 Finished transferring output files
...
005 (11238961.004.000) 2023-07-28 20:08:31 Job terminated.
	(1) Normal termination (return value 0)
		Usr 0 00:10:37, Sys 0 00:00:03  -  Run Remote Usage
		Usr 0 00:00:00, Sys 0 00:00:00  -  Run Local Usage
		Usr 0 00:10:37, Sys 0 00:00:03  -  Total Remote Usage
		Usr 0 00:00:00, Sys 0 00:00:00  -  Total Local Usage
	56067  -  Run Bytes Sent By Job
	32668232  -  Run Bytes Received By Job
	56067  -  Total Bytes Sent By Job
	32668232  -  Total Bytes Received By Job
	Partitionable Resources :     Usage  Request Allocated 
	   Cpus                 :      0.98        1         1 
	   Disk (KB)            : 255076      524288   1208198 
	   IoHeavy              :                            0 
	   Memory (MB)          :    335         512       512 

	Job terminated of its own accord at 2023-07-29T01:08:31Z with exit-code 0.
...
