000 (11208757.002.000) 2023-07-28 13:36:58 Job submitted from host: <128.104.101.92:9618?addrs=128.104.101.92-9618+[2607-f388-107c-501-a236-9fff-fe3c-caa8]-9618&alias=submit2.chtc.wisc.edu&noUDP&sock=schedd_1879732_618e>
...
040 (11208757.002.000) 2023-07-28 13:37:39 Started transferring input files
	Transferring to host: <128.105.69.111:9618?addrs=128.105.69.111-9618+[2607-f388-2200-100-1270-fdff-fe56-cecc]-9618&alias=e4060.chtc.wisc.edu&noUDP&sock=slot1_23_3933612_4150_51971>
...
040 (11208757.002.000) 2023-07-28 13:37:41 Finished transferring input files
...
001 (11208757.002.000) 2023-07-28 13:37:42 Job executing on host: <128.105.69.111:9618?addrs=128.105.69.111-9618+[2607-f388-2200-100-1270-fdff-fe56-cecc]-9618&alias=e4060.chtc.wisc.edu&noUDP&sock=startd_18821_3811>
	SlotName: slot1_23@e4060.chtc.wisc.edu
	CondorScratchDir = "/var/lib/condor/execute/slot1/dir_2293656"
	Cpus = 1
	Disk = 1208198
	IoHeavy = 0
	Memory = 512
...
006 (11208757.002.000) 2023-07-28 13:37:51 Image size of job updated: 381812
	372  -  MemoryUsage of job (MB)
	379908  -  ResidentSetSize of job (KB)
...
006 (11208757.002.000) 2023-07-28 13:42:52 Image size of job updated: 381812
	372  -  MemoryUsage of job (MB)
	380164  -  ResidentSetSize of job (KB)
...
040 (11208757.002.000) 2023-07-28 14:15:37 Started transferring output files
...
040 (11208757.002.000) 2023-07-28 14:15:37 Finished transferring output files
...
005 (11208757.002.000) 2023-07-28 14:15:37 Job terminated.
	(1) Normal termination (return value 0)
		Usr 0 00:37:10, Sys 0 00:00:15  -  Run Remote Usage
		Usr 0 00:00:00, Sys 0 00:00:00  -  Run Local Usage
		Usr 0 00:37:10, Sys 0 00:00:15  -  Total Remote Usage
		Usr 0 00:00:00, Sys 0 00:00:00  -  Total Local Usage
	56074  -  Run Bytes Sent By Job
	32669180  -  Run Bytes Received By Job
	56074  -  Total Bytes Sent By Job
	32669180  -  Total Bytes Received By Job
	Partitionable Resources :     Usage  Request Allocated 
	   Cpus                 :      0.99        1         1 
	   Disk (KB)            : 256010      524288   1208198 
	   IoHeavy              :                            0 
	   Memory (MB)          :    372         512       512 

	Job terminated of its own accord at 2023-07-28T19:15:37Z with exit-code 0.
...
