000 (11188617.047.000) 2023-07-28 07:00:37 Job submitted from host: <128.104.101.92:9618?addrs=128.104.101.92-9618+[2607-f388-107c-501-a236-9fff-fe3c-caa8]-9618&alias=submit2.chtc.wisc.edu&noUDP&sock=schedd_1879732_618e>
...
040 (11188617.047.000) 2023-07-28 07:01:38 Started transferring input files
	Transferring to host: <128.105.69.123:9618?addrs=128.105.69.123-9618+[2607-f388-2200-100-1270-fdff-fe56-7324]-9618&alias=e4072.chtc.wisc.edu&noUDP&sock=slot1_65_1822831_1726_56834>
...
040 (11188617.047.000) 2023-07-28 07:01:39 Finished transferring input files
...
001 (11188617.047.000) 2023-07-28 07:01:41 Job executing on host: <128.105.69.123:9618?addrs=128.105.69.123-9618+[2607-f388-2200-100-1270-fdff-fe56-7324]-9618&alias=e4072.chtc.wisc.edu&noUDP&sock=startd_17358_b902>
	SlotName: slot1_65@e4072.chtc.wisc.edu
	CondorScratchDir = "/var/lib/condor/execute/slot1/dir_2372445"
	Cpus = 1
	Disk = 1208198
	IoHeavy = 0
	Memory = 512
...
006 (11188617.047.000) 2023-07-28 07:01:49 Image size of job updated: 383028
	277  -  MemoryUsage of job (MB)
	283576  -  ResidentSetSize of job (KB)
...
006 (11188617.047.000) 2023-07-28 07:06:49 Image size of job updated: 383028
	340  -  MemoryUsage of job (MB)
	347324  -  ResidentSetSize of job (KB)
...
040 (11188617.047.000) 2023-07-28 07:21:10 Started transferring output files
...
040 (11188617.047.000) 2023-07-28 07:21:10 Finished transferring output files
...
005 (11188617.047.000) 2023-07-28 07:21:10 Job terminated.
	(1) Normal termination (return value 0)
		Usr 0 00:19:12, Sys 0 00:00:04  -  Run Remote Usage
		Usr 0 00:00:00, Sys 0 00:00:00  -  Run Local Usage
		Usr 0 00:19:12, Sys 0 00:00:04  -  Total Remote Usage
		Usr 0 00:00:00, Sys 0 00:00:00  -  Total Local Usage
	56041  -  Run Bytes Sent By Job
	32668696  -  Run Bytes Received By Job
	56041  -  Total Bytes Sent By Job
	32668696  -  Total Bytes Received By Job
	Partitionable Resources :     Usage  Request Allocated 
	   Cpus                 :      1.00        1         1 
	   Disk (KB)            : 255076      524288   1208198 
	   IoHeavy              :                            0 
	   Memory (MB)          :    340         512       512 

	Job terminated of its own accord at 2023-07-28T12:21:09Z with exit-code 0.
...
