000 (11208757.055.000) 2023-07-28 13:36:58 Job submitted from host: <128.104.101.92:9618?addrs=128.104.101.92-9618+[2607-f388-107c-501-a236-9fff-fe3c-caa8]-9618&alias=submit2.chtc.wisc.edu&noUDP&sock=schedd_1879732_618e>
...
040 (11208757.055.000) 2023-07-28 13:37:52 Started transferring input files
	Transferring to host: <128.105.69.199:9618?addrs=128.105.69.199-9618+[2607-f388-2200-100-1270-fdff-fe56-70ec]-9618&alias=e4052.chtc.wisc.edu&noUDP&sock=slot1_23_135734_a1c9_56890>
...
040 (11208757.055.000) 2023-07-28 13:37:54 Finished transferring input files
...
001 (11208757.055.000) 2023-07-28 13:37:55 Job executing on host: <128.105.69.199:9618?addrs=128.105.69.199-9618+[2607-f388-2200-100-1270-fdff-fe56-70ec]-9618&alias=e4052.chtc.wisc.edu&noUDP&sock=startd_11742_9d23>
	SlotName: slot1_23@e4052.chtc.wisc.edu
	CondorScratchDir = "/var/lib/condor/execute/slot1/dir_2393278"
	Cpus = 1
	Disk = 1208198
	IoHeavy = 0
	Memory = 512
...
006 (11208757.055.000) 2023-07-28 13:38:03 Image size of job updated: 385464
	320  -  MemoryUsage of job (MB)
	327092  -  ResidentSetSize of job (KB)
...
040 (11208757.055.000) 2023-07-28 13:39:06 Started transferring output files
...
040 (11208757.055.000) 2023-07-28 13:39:06 Finished transferring output files
...
005 (11208757.055.000) 2023-07-28 13:39:06 Job terminated.
	(1) Normal termination (return value 0)
		Usr 0 00:01:08, Sys 0 00:00:00  -  Run Remote Usage
		Usr 0 00:00:00, Sys 0 00:00:00  -  Run Local Usage
		Usr 0 00:01:08, Sys 0 00:00:00  -  Total Remote Usage
		Usr 0 00:00:00, Sys 0 00:00:00  -  Total Local Usage
	56845  -  Run Bytes Sent By Job
	32669180  -  Run Bytes Received By Job
	56845  -  Total Bytes Sent By Job
	32669180  -  Total Bytes Received By Job
	Partitionable Resources :    Usage  Request Allocated 
	   Cpus                 :                 1         1 
	   Disk (KB)            :   255068   524288   1208198 
	   IoHeavy              :                           0 
	   Memory (MB)          :      320      512       512 

	Job terminated of its own accord at 2023-07-28T18:39:05Z with exit-code 0.
...
