000 (11238961.039.000) 2023-07-28 19:56:05 Job submitted from host: <128.104.101.92:9618?addrs=128.104.101.92-9618+[2607-f388-107c-501-a236-9fff-fe3c-caa8]-9618&alias=submit2.chtc.wisc.edu&noUDP&sock=schedd_1879732_618e>
...
040 (11238961.039.000) 2023-07-28 19:57:40 Started transferring input files
	Transferring to host: <128.105.69.145:9618?addrs=128.105.69.145-9618+[2607-f388-2200-100-1270-fdff-fe56-636c]-9618&alias=e4022.chtc.wisc.edu&noUDP&sock=slot1_46_4104173_e8c8_48330>
...
040 (11238961.039.000) 2023-07-28 19:57:42 Finished transferring input files
...
001 (11238961.039.000) 2023-07-28 19:57:43 Job executing on host: <128.105.69.145:9618?addrs=128.105.69.145-9618+[2607-f388-2200-100-1270-fdff-fe56-636c]-9618&alias=e4022.chtc.wisc.edu&noUDP&sock=startd_15926_7d64>
	SlotName: slot1_46@e4022.chtc.wisc.edu
	CondorScratchDir = "/var/lib/condor/execute/slot1/dir_2192030"
	Cpus = 1
	Disk = 1208198
	IoHeavy = 0
	Memory = 512
...
006 (11238961.039.000) 2023-07-28 19:57:51 Image size of job updated: 401980
	345  -  MemoryUsage of job (MB)
	352556  -  ResidentSetSize of job (KB)
...
040 (11238961.039.000) 2023-07-28 20:04:06 Started transferring output files
...
040 (11238961.039.000) 2023-07-28 20:04:06 Finished transferring output files
...
005 (11238961.039.000) 2023-07-28 20:04:06 Job terminated.
	(1) Normal termination (return value 0)
		Usr 0 00:06:16, Sys 0 00:00:02  -  Run Remote Usage
		Usr 0 00:00:00, Sys 0 00:00:00  -  Run Local Usage
		Usr 0 00:06:16, Sys 0 00:00:02  -  Total Remote Usage
		Usr 0 00:00:00, Sys 0 00:00:00  -  Total Local Usage
	56020  -  Run Bytes Sent By Job
	32668232  -  Run Bytes Received By Job
	56020  -  Total Bytes Sent By Job
	32668232  -  Total Bytes Received By Job
	Partitionable Resources :     Usage  Request Allocated 
	   Cpus                 :      0.99        1         1 
	   Disk (KB)            : 255076      524288   1208198 
	   IoHeavy              :                            0 
	   Memory (MB)          :    345         512       512 

	Job terminated of its own accord at 2023-07-29T01:04:06Z with exit-code 0.
...
