000 (11208757.011.000) 2023-07-28 13:36:58 Job submitted from host: <128.104.101.92:9618?addrs=128.104.101.92-9618+[2607-f388-107c-501-a236-9fff-fe3c-caa8]-9618&alias=submit2.chtc.wisc.edu&noUDP&sock=schedd_1879732_618e>
...
040 (11208757.011.000) 2023-07-28 13:37:47 Started transferring input files
	Transferring to host: <128.105.69.150:9618?addrs=128.105.69.150-9618+[2607-f388-2200-100-1270-fdff-fe56-732c]-9618&alias=e4027.chtc.wisc.edu&noUDP&sock=slot1_9_3323874_acb5_60243>
...
040 (11208757.011.000) 2023-07-28 13:37:49 Finished transferring input files
...
001 (11208757.011.000) 2023-07-28 13:37:50 Job executing on host: <128.105.69.150:9618?addrs=128.105.69.150-9618+[2607-f388-2200-100-1270-fdff-fe56-732c]-9618&alias=e4027.chtc.wisc.edu&noUDP&sock=startd_15988_0443>
	SlotName: slot1_9@e4027.chtc.wisc.edu
	CondorScratchDir = "/var/lib/condor/execute/slot1/dir_2858936"
	Cpus = 1
	Disk = 1208198
	IoHeavy = 0
	Memory = 512
...
006 (11208757.011.000) 2023-07-28 13:37:59 Image size of job updated: 381952
	273  -  MemoryUsage of job (MB)
	278776  -  ResidentSetSize of job (KB)
...
006 (11208757.011.000) 2023-07-28 13:43:00 Image size of job updated: 381952
	327  -  MemoryUsage of job (MB)
	333896  -  ResidentSetSize of job (KB)
...
040 (11208757.011.000) 2023-07-28 13:50:24 Started transferring output files
...
040 (11208757.011.000) 2023-07-28 13:50:24 Finished transferring output files
...
005 (11208757.011.000) 2023-07-28 13:50:24 Job terminated.
	(1) Normal termination (return value 0)
		Usr 0 00:12:23, Sys 0 00:00:03  -  Run Remote Usage
		Usr 0 00:00:00, Sys 0 00:00:00  -  Run Local Usage
		Usr 0 00:12:23, Sys 0 00:00:03  -  Total Remote Usage
		Usr 0 00:00:00, Sys 0 00:00:00  -  Total Local Usage
	56075  -  Run Bytes Sent By Job
	32669180  -  Run Bytes Received By Job
	56075  -  Total Bytes Sent By Job
	32669180  -  Total Bytes Received By Job
	Partitionable Resources :     Usage  Request Allocated 
	   Cpus                 :      0.99        1         1 
	   Disk (KB)            : 255077      524288   1208198 
	   IoHeavy              :                            0 
	   Memory (MB)          :    327         512       512 

	Job terminated of its own accord at 2023-07-28T18:50:24Z with exit-code 0.
...
