035 (11208757.-01.000) 2023-07-28 13:36:58 Cluster submitted from host: <128.104.101.92:9618?addrs=128.104.101.92-9618+[2607-f388-107c-501-a236-9fff-fe3c-caa8]-9618&alias=submit2.chtc.wisc.edu&noUDP&sock=schedd_1879732_618e>
...
000 (11208757.000.000) 2023-07-28 13:36:58 Job submitted from host: <128.104.101.92:9618?addrs=128.104.101.92-9618+[2607-f388-107c-501-a236-9fff-fe3c-caa8]-9618&alias=submit2.chtc.wisc.edu&noUDP&sock=schedd_1879732_618e>
...
040 (11208757.000.000) 2023-07-28 13:37:39 Started transferring input files
	Transferring to host: <128.105.69.168:9618?addrs=128.105.69.168-9618+[2607-f388-2200-100-1270-fdff-fe56-768c]-9618&alias=e2551.chtc.wisc.edu&noUDP&sock=slot1_55_2837716_623c_57888>
...
040 (11208757.000.000) 2023-07-28 13:37:41 Finished transferring input files
...
001 (11208757.000.000) 2023-07-28 13:37:42 Job executing on host: <128.105.69.168:9618?addrs=128.105.69.168-9618+[2607-f388-2200-100-1270-fdff-fe56-768c]-9618&alias=e2551.chtc.wisc.edu&noUDP&sock=startd_12968_8c3f>
	SlotName: slot1_55@e2551.chtc.wisc.edu
	CondorScratchDir = "/var/lib/condor/execute/slot1/dir_2995837"
	Cpus = 1
	Disk = 1208198
	IoHeavy = 0
	Memory = 512
...
006 (11208757.000.000) 2023-07-28 13:37:50 Image size of job updated: 382108
	244  -  MemoryUsage of job (MB)
	248884  -  ResidentSetSize of job (KB)
...
006 (11208757.000.000) 2023-07-28 13:42:50 Image size of job updated: 382108
	335  -  MemoryUsage of job (MB)
	342484  -  ResidentSetSize of job (KB)
...
006 (11208757.000.000) 2023-07-28 13:52:51 Image size of job updated: 382108
	338  -  MemoryUsage of job (MB)
	345180  -  ResidentSetSize of job (KB)
...
006 (11208757.000.000) 2023-07-28 14:02:51 Image size of job updated: 382108
	339  -  MemoryUsage of job (MB)
	346796  -  ResidentSetSize of job (KB)
...
006 (11208757.000.000) 2023-07-28 14:12:52 Image size of job updated: 382108
	347  -  MemoryUsage of job (MB)
	354956  -  ResidentSetSize of job (KB)
...
040 (11208757.000.000) 2023-07-28 14:29:25 Started transferring output files
...
040 (11208757.000.000) 2023-07-28 14:29:25 Finished transferring output files
...
005 (11208757.000.000) 2023-07-28 14:29:25 Job terminated.
	(1) Normal termination (return value 0)
		Usr 0 00:50:58, Sys 0 00:00:09  -  Run Remote Usage
		Usr 0 00:00:00, Sys 0 00:00:00  -  Run Local Usage
		Usr 0 00:50:58, Sys 0 00:00:09  -  Total Remote Usage
		Usr 0 00:00:00, Sys 0 00:00:00  -  Total Local Usage
	56090  -  Run Bytes Sent By Job
	32669180  -  Run Bytes Received By Job
	56090  -  Total Bytes Sent By Job
	32669180  -  Total Bytes Received By Job
	Partitionable Resources :     Usage  Request Allocated 
	   Cpus                 :      0.99        1         1 
	   Disk (KB)            : 255077      524288   1208198 
	   IoHeavy              :                            0 
	   Memory (MB)          :    347         512       512 

	Job terminated of its own accord at 2023-07-28T19:29:25Z with exit-code 0.
...
036 (11208757.-01.000) 2023-07-28 14:34:58 Cluster removed
	Materialized 60 jobs from -1 items.	Complete
...
