000 (11188596.006.000) 2023-07-27 22:50:50 Job submitted from host: <128.104.101.92:9618?addrs=128.104.101.92-9618+[2607-f388-107c-501-a236-9fff-fe3c-caa8]-9618&alias=submit2.chtc.wisc.edu&noUDP&sock=schedd_1879732_618e>
...
040 (11188596.006.000) 2023-07-27 22:53:35 Started transferring input files
	Transferring to host: <128.105.69.204:9618?addrs=128.105.69.204-9618+[2607-f388-2200-100-1270-fdff-fe56-b85c]-9618&alias=e4035.chtc.wisc.edu&noUDP&sock=slot1_12_364591_1783_48933>
...
040 (11188596.006.000) 2023-07-27 22:53:37 Finished transferring input files
...
001 (11188596.006.000) 2023-07-27 22:53:43 Job executing on host: <128.105.69.204:9618?addrs=128.105.69.204-9618+[2607-f388-2200-100-1270-fdff-fe56-b85c]-9618&alias=e4035.chtc.wisc.edu&noUDP&sock=startd_11684_d4a5>
	SlotName: slot1_12@e4035.chtc.wisc.edu
	CondorScratchDir = "/var/lib/condor/execute/slot1/dir_423594"
	Cpus = 1
	Disk = 1208198
	IoHeavy = 0
	Memory = 512
...
006 (11188596.006.000) 2023-07-27 22:53:52 Image size of job updated: 383000
	248  -  MemoryUsage of job (MB)
	252984  -  ResidentSetSize of job (KB)
...
006 (11188596.006.000) 2023-07-27 22:58:53 Image size of job updated: 383000
	334  -  MemoryUsage of job (MB)
	341352  -  ResidentSetSize of job (KB)
...
006 (11188596.006.000) 2023-07-27 23:28:55 Image size of job updated: 383000
	341  -  MemoryUsage of job (MB)
	348788  -  ResidentSetSize of job (KB)
...
006 (11188596.006.000) 2023-07-27 23:33:56 Image size of job updated: 383000
	343  -  MemoryUsage of job (MB)
	351224  -  ResidentSetSize of job (KB)
...
040 (11188596.006.000) 2023-07-27 23:44:58 Started transferring output files
...
040 (11188596.006.000) 2023-07-27 23:45:00 Finished transferring output files
...
005 (11188596.006.000) 2023-07-27 23:45:04 Job terminated.
	(1) Normal termination (return value 0)
		Usr 0 00:50:02, Sys 0 00:00:09  -  Run Remote Usage
		Usr 0 00:00:00, Sys 0 00:00:00  -  Run Local Usage
		Usr 0 00:50:02, Sys 0 00:00:09  -  Total Remote Usage
		Usr 0 00:00:00, Sys 0 00:00:00  -  Total Local Usage
	56899  -  Run Bytes Sent By Job
	32668040  -  Run Bytes Received By Job
	56899  -  Total Bytes Sent By Job
	32668040  -  Total Bytes Received By Job
	Partitionable Resources :     Usage  Request Allocated 
	   Cpus                 :      0.92        1         1 
	   Disk (KB)            : 255174      524288   1208198 
	   IoHeavy              :                            0 
	   Memory (MB)          :    343         512       512 

	Job terminated of its own accord at 2023-07-28T04:44:52Z with exit-code 0.
...
