000 (11238961.019.000) 2023-07-28 19:56:05 Job submitted from host: <128.104.101.92:9618?addrs=128.104.101.92-9618+[2607-f388-107c-501-a236-9fff-fe3c-caa8]-9618&alias=submit2.chtc.wisc.edu&noUDP&sock=schedd_1879732_618e>
...
040 (11238961.019.000) 2023-07-28 19:57:39 Started transferring input files
	Transferring to host: <128.105.69.165:9618?addrs=128.105.69.165-9618+[2607-f388-2200-100-1270-fdff-fe56-7194]-9618&alias=e2548.chtc.wisc.edu&noUDP&sock=slot1_32_2989058_8386_48377>
...
040 (11238961.019.000) 2023-07-28 19:57:41 Finished transferring input files
...
001 (11238961.019.000) 2023-07-28 19:57:42 Job executing on host: <128.105.69.165:9618?addrs=128.105.69.165-9618+[2607-f388-2200-100-1270-fdff-fe56-7194]-9618&alias=e2548.chtc.wisc.edu&noUDP&sock=startd_13958_9b02>
	SlotName: slot1_32@e2548.chtc.wisc.edu
	CondorScratchDir = "/var/lib/condor/execute/slot1/dir_3133621"
	Cpus = 1
	Disk = 1208198
	IoHeavy = 0
	Memory = 512
...
006 (11238961.019.000) 2023-07-28 19:57:51 Image size of job updated: 384452
	322  -  MemoryUsage of job (MB)
	329124  -  ResidentSetSize of job (KB)
...
040 (11238961.019.000) 2023-07-28 20:00:24 Started transferring output files
...
040 (11238961.019.000) 2023-07-28 20:00:24 Finished transferring output files
...
005 (11238961.019.000) 2023-07-28 20:00:24 Job terminated.
	(1) Normal termination (return value 0)
		Usr 0 00:02:37, Sys 0 00:00:01  -  Run Remote Usage
		Usr 0 00:00:00, Sys 0 00:00:00  -  Run Local Usage
		Usr 0 00:02:37, Sys 0 00:00:01  -  Total Remote Usage
		Usr 0 00:00:00, Sys 0 00:00:00  -  Total Local Usage
	57039  -  Run Bytes Sent By Job
	32668232  -  Run Bytes Received By Job
	57039  -  Total Bytes Sent By Job
	32668232  -  Total Bytes Received By Job
	Partitionable Resources :     Usage  Request Allocated 
	   Cpus                 :      0.99        1         1 
	   Disk (KB)            : 255077      524288   1208198 
	   IoHeavy              :                            0 
	   Memory (MB)          :    322         512       512 

	Job terminated of its own accord at 2023-07-29T01:00:24Z with exit-code 0.
...
