000 (11188617.012.000) 2023-07-28 07:00:37 Job submitted from host: <128.104.101.92:9618?addrs=128.104.101.92-9618+[2607-f388-107c-501-a236-9fff-fe3c-caa8]-9618&alias=submit2.chtc.wisc.edu&noUDP&sock=schedd_1879732_618e>
...
040 (11188617.012.000) 2023-07-28 07:01:29 Started transferring input files
	Transferring to host: <128.105.69.229:9618?addrs=128.105.69.229-9618+[2607-f388-2200-100-eaeb-d3ff-fe40-1104]-9618&alias=e2612.chtc.wisc.edu&noUDP&sock=slot1_73_61344_25b8_53718>
...
040 (11188617.012.000) 2023-07-28 07:01:32 Finished transferring input files
...
001 (11188617.012.000) 2023-07-28 07:01:34 Job executing on host: <128.105.69.229:9618?addrs=128.105.69.229-9618+[2607-f388-2200-100-eaeb-d3ff-fe40-1104]-9618&alias=e2612.chtc.wisc.edu&noUDP&sock=startd_18685_ef2f>
	SlotName: slot1_73@e2612.chtc.wisc.edu
	CondorScratchDir = "/var/lib/condor/execute/slot1/dir_281907"
	Cpus = 1
	Disk = 1458998
	IoHeavy = 0
	Memory = 512
...
006 (11188617.012.000) 2023-07-28 07:01:42 Image size of job updated: 381520
	373  -  MemoryUsage of job (MB)
	381512  -  ResidentSetSize of job (KB)
...
006 (11188617.012.000) 2023-07-28 07:06:43 Image size of job updated: 382156
	373  -  MemoryUsage of job (MB)
	381512  -  ResidentSetSize of job (KB)
...
040 (11188617.012.000) 2023-07-28 07:08:53 Started transferring output files
...
040 (11188617.012.000) 2023-07-28 07:08:54 Finished transferring output files
...
005 (11188617.012.000) 2023-07-28 07:08:57 Job terminated.
	(1) Normal termination (return value 0)
		Usr 0 00:07:08, Sys 0 00:00:05  -  Run Remote Usage
		Usr 0 00:00:00, Sys 0 00:00:00  -  Run Local Usage
		Usr 0 00:07:08, Sys 0 00:00:05  -  Total Remote Usage
		Usr 0 00:00:00, Sys 0 00:00:00  -  Total Local Usage
	57034  -  Run Bytes Sent By Job
	32668696  -  Run Bytes Received By Job
	57034  -  Total Bytes Sent By Job
	32668696  -  Total Bytes Received By Job
	Partitionable Resources :     Usage  Request Allocated 
	   Cpus                 :      0.99        1         1 
	   Disk (KB)            : 256023      524288   1458998 
	   IoHeavy              :                            0 
	   Memory (MB)          :    373         512       512 

	Job terminated of its own accord at 2023-07-28T12:08:51Z with exit-code 0.
...
