000 (11188617.002.000) 2023-07-28 07:00:37 Job submitted from host: <128.104.101.92:9618?addrs=128.104.101.92-9618+[2607-f388-107c-501-a236-9fff-fe3c-caa8]-9618&alias=submit2.chtc.wisc.edu&noUDP&sock=schedd_1879732_618e>
...
040 (11188617.002.000) 2023-07-28 07:01:28 Started transferring input files
	Transferring to host: <128.105.69.237:9618?addrs=128.105.69.237-9618+[2607-f388-2200-100-eaeb-d3ff-fe40-230c]-9618&alias=e2620.chtc.wisc.edu&noUDP&sock=slot1_49_1960490_4f24_49656>
...
040 (11188617.002.000) 2023-07-28 07:01:29 Finished transferring input files
...
001 (11188617.002.000) 2023-07-28 07:01:32 Job executing on host: <128.105.69.237:9618?addrs=128.105.69.237-9618+[2607-f388-2200-100-eaeb-d3ff-fe40-230c]-9618&alias=e2620.chtc.wisc.edu&noUDP&sock=startd_11763_04a0>
	SlotName: slot1_49@e2620.chtc.wisc.edu
	CondorScratchDir = "/var/lib/condor/execute/slot1/dir_9555"
	Cpus = 1
	Disk = 1458998
	IoHeavy = 0
	Memory = 512
...
006 (11188617.002.000) 2023-07-28 07:01:41 Image size of job updated: 382200
	317  -  MemoryUsage of job (MB)
	323740  -  ResidentSetSize of job (KB)
...
006 (11188617.002.000) 2023-07-28 07:06:42 Image size of job updated: 382200
	334  -  MemoryUsage of job (MB)
	341104  -  ResidentSetSize of job (KB)
...
006 (11188617.002.000) 2023-07-28 07:11:43 Image size of job updated: 382200
	340  -  MemoryUsage of job (MB)
	347980  -  ResidentSetSize of job (KB)
...
006 (11188617.002.000) 2023-07-28 07:21:44 Image size of job updated: 382200
	350  -  MemoryUsage of job (MB)
	357596  -  ResidentSetSize of job (KB)
...
040 (11188617.002.000) 2023-07-28 07:43:55 Started transferring output files
...
040 (11188617.002.000) 2023-07-28 07:43:56 Finished transferring output files
...
005 (11188617.002.000) 2023-07-28 07:43:56 Job terminated.
	(1) Normal termination (return value 0)
		Usr 0 00:41:41, Sys 0 00:00:05  -  Run Remote Usage
		Usr 0 00:00:00, Sys 0 00:00:00  -  Run Local Usage
		Usr 0 00:41:41, Sys 0 00:00:05  -  Total Remote Usage
		Usr 0 00:00:00, Sys 0 00:00:00  -  Total Local Usage
	56080  -  Run Bytes Sent By Job
	32668696  -  Run Bytes Received By Job
	56080  -  Total Bytes Sent By Job
	32668696  -  Total Bytes Received By Job
	Partitionable Resources :     Usage  Request Allocated 
	   Cpus                 :      0.99        1         1 
	   Disk (KB)            : 255076      524288   1458998 
	   IoHeavy              :                            0 
	   Memory (MB)          :    350         512       512 

	Job terminated of its own accord at 2023-07-28T12:43:55Z with exit-code 0.
...
