000 (11238961.005.000) 2023-07-28 19:56:05 Job submitted from host: <128.104.101.92:9618?addrs=128.104.101.92-9618+[2607-f388-107c-501-a236-9fff-fe3c-caa8]-9618&alias=submit2.chtc.wisc.edu&noUDP&sock=schedd_1879732_618e>
...
040 (11238961.005.000) 2023-07-28 19:57:37 Started transferring input files
	Transferring to host: <128.105.69.177:9618?addrs=128.105.69.177-9618+[2607-f388-2200-100-1270-fdff-fe56-7684]-9618&alias=e2560.chtc.wisc.edu&noUDP&sock=slot1_64_3055978_b527_55265>
...
040 (11238961.005.000) 2023-07-28 19:57:40 Finished transferring input files
...
001 (11238961.005.000) 2023-07-28 19:57:41 Job executing on host: <128.105.69.177:9618?addrs=128.105.69.177-9618+[2607-f388-2200-100-1270-fdff-fe56-7684]-9618&alias=e2560.chtc.wisc.edu&noUDP&sock=startd_13864_211a>
	SlotName: slot1_64@e2560.chtc.wisc.edu
	CondorScratchDir = "/var/lib/condor/execute/slot1/dir_2754071"
	Cpus = 1
	Disk = 1208198
	IoHeavy = 0
	Memory = 512
...
006 (11238961.005.000) 2023-07-28 19:57:50 Image size of job updated: 278636
	170  -  MemoryUsage of job (MB)
	173832  -  ResidentSetSize of job (KB)
...
006 (11238961.005.000) 2023-07-28 20:02:51 Image size of job updated: 278636
	230  -  MemoryUsage of job (MB)
	235236  -  ResidentSetSize of job (KB)
...
040 (11238961.005.000) 2023-07-28 20:10:03 Started transferring output files
...
040 (11238961.005.000) 2023-07-28 20:10:03 Finished transferring output files
...
005 (11238961.005.000) 2023-07-28 20:10:03 Job terminated.
	(1) Normal termination (return value 0)
		Usr 0 00:12:06, Sys 0 00:00:04  -  Run Remote Usage
		Usr 0 00:00:00, Sys 0 00:00:00  -  Run Local Usage
		Usr 0 00:12:06, Sys 0 00:00:04  -  Total Remote Usage
		Usr 0 00:00:00, Sys 0 00:00:00  -  Total Local Usage
	56043  -  Run Bytes Sent By Job
	32668232  -  Run Bytes Received By Job
	56043  -  Total Bytes Sent By Job
	32668232  -  Total Bytes Received By Job
	Partitionable Resources :     Usage  Request Allocated 
	   Cpus                 :      0.99        1         1 
	   Disk (KB)            : 255076      524288   1208198 
	   IoHeavy              :                            0 
	   Memory (MB)          :    230         512       512 

	Job terminated of its own accord at 2023-07-29T01:10:03Z with exit-code 0.
...
