000 (11208756.014.000) 2023-07-28 13:34:16 Job submitted from host: <128.104.101.92:9618?addrs=128.104.101.92-9618+[2607-f388-107c-501-a236-9fff-fe3c-caa8]-9618&alias=submit2.chtc.wisc.edu&noUDP&sock=schedd_1879732_618e>
...
040 (11208756.014.000) 2023-07-28 13:35:46 Started transferring input files
	Transferring to host: <128.105.69.192:9618?addrs=128.105.69.192-9618+[2607-f388-2200-100-1270-fdff-fe56-bc04]-9618&alias=build4002.chtc.wisc.edu&noUDP&sock=slot3_26_862941_bfec_51511>
...
040 (11208756.014.000) 2023-07-28 13:35:48 Finished transferring input files
...
001 (11208756.014.000) 2023-07-28 13:35:49 Job executing on host: <128.105.69.192:9618?addrs=128.105.69.192-9618+[2607-f388-2200-100-1270-fdff-fe56-bc04]-9618&alias=build4002.chtc.wisc.edu&noUDP&sock=startd_15801_c00d>
	SlotName: slot3_26@build4002.chtc.wisc.edu
	CondorScratchDir = "/var/lib/condor/execute/slot3/dir_12422"
	Cpus = 1
	Disk = 1208198
	IoHeavy = 0
	Memory = 512
...
006 (11208756.014.000) 2023-07-28 13:35:57 Image size of job updated: 384112
	185  -  MemoryUsage of job (MB)
	188508  -  ResidentSetSize of job (KB)
...
006 (11208756.014.000) 2023-07-28 13:35:57 Image size of job updated: 384112
	192  -  MemoryUsage of job (MB)
	196096  -  ResidentSetSize of job (KB)
...
040 (11208756.014.000) 2023-07-28 13:35:57 Started transferring output files
...
040 (11208756.014.000) 2023-07-28 13:35:57 Finished transferring output files
...
005 (11208756.014.000) 2023-07-28 13:35:57 Job terminated.
	(1) Normal termination (return value 1)
		Usr 0 00:00:06, Sys 0 00:00:01  -  Run Remote Usage
		Usr 0 00:00:00, Sys 0 00:00:00  -  Run Local Usage
		Usr 0 00:00:06, Sys 0 00:00:01  -  Total Remote Usage
		Usr 0 00:00:00, Sys 0 00:00:00  -  Total Local Usage
	2571  -  Run Bytes Sent By Job
	32669186  -  Run Bytes Received By Job
	2571  -  Total Bytes Sent By Job
	32669186  -  Total Bytes Received By Job
	Partitionable Resources :    Usage  Request Allocated 
	   Cpus                 :                 1         1 
	   Disk (KB)            :   255015   524288   1208198 
	   IoHeavy              :                           0 
	   Memory (MB)          :      192      512       512 

	Job terminated of its own accord at 2023-07-28T18:35:57Z with exit-code 1.
...
