000 (11188617.031.000) 2023-07-28 07:00:37 Job submitted from host: <128.104.101.92:9618?addrs=128.104.101.92-9618+[2607-f388-107c-501-a236-9fff-fe3c-caa8]-9618&alias=submit2.chtc.wisc.edu&noUDP&sock=schedd_1879732_618e>
...
040 (11188617.031.000) 2023-07-28 07:01:36 Started transferring input files
	Transferring to host: <128.105.69.125:9618?addrs=128.105.69.125-9618+[2607-f388-2200-100-1270-fdff-fe56-79f4]-9618&alias=e4074.chtc.wisc.edu&noUDP&sock=slot1_80_932987_7e4d_45308>
...
040 (11188617.031.000) 2023-07-28 07:01:42 Finished transferring input files
...
001 (11188617.031.000) 2023-07-28 07:01:44 Job executing on host: <128.105.69.125:9618?addrs=128.105.69.125-9618+[2607-f388-2200-100-1270-fdff-fe56-79f4]-9618&alias=e4074.chtc.wisc.edu&noUDP&sock=startd_17118_1a48>
	SlotName: slot1_80@e4074.chtc.wisc.edu
	CondorScratchDir = "/var/lib/condor/execute/slot1/dir_817859"
	Cpus = 1
	Disk = 1208198
	IoHeavy = 0
	Memory = 512
...
006 (11188617.031.000) 2023-07-28 07:01:54 Image size of job updated: 170860
	167  -  MemoryUsage of job (MB)
	170860  -  ResidentSetSize of job (KB)
...
006 (11188617.031.000) 2023-07-28 07:05:29 Image size of job updated: 276224
	179  -  MemoryUsage of job (MB)
	182336  -  ResidentSetSize of job (KB)
...
040 (11188617.031.000) 2023-07-28 07:05:29 Started transferring output files
...
040 (11188617.031.000) 2023-07-28 07:05:29 Finished transferring output files
...
005 (11188617.031.000) 2023-07-28 07:05:29 Job terminated.
	(1) Normal termination (return value 0)
		Usr 0 00:03:33, Sys 0 00:00:07  -  Run Remote Usage
		Usr 0 00:00:00, Sys 0 00:00:00  -  Run Local Usage
		Usr 0 00:03:33, Sys 0 00:00:07  -  Total Remote Usage
		Usr 0 00:00:00, Sys 0 00:00:00  -  Total Local Usage
	56470  -  Run Bytes Sent By Job
	32668696  -  Run Bytes Received By Job
	56470  -  Total Bytes Sent By Job
	32668696  -  Total Bytes Received By Job
	Partitionable Resources :     Usage  Request Allocated 
	   Cpus                 :      0.99        1         1 
	   Disk (KB)            : 255800      524288   1208198 
	   IoHeavy              :                            0 
	   Memory (MB)          :    179         512       512 

	Job terminated of its own accord at 2023-07-28T12:05:29Z with exit-code 0.
...
