000 (11238961.002.000) 2023-07-28 19:56:05 Job submitted from host: <128.104.101.92:9618?addrs=128.104.101.92-9618+[2607-f388-107c-501-a236-9fff-fe3c-caa8]-9618&alias=submit2.chtc.wisc.edu&noUDP&sock=schedd_1879732_618e>
...
040 (11238961.002.000) 2023-07-28 19:57:38 Started transferring input files
	Transferring to host: <128.105.69.218:9618?addrs=128.105.69.218-9618&alias=e2601.chtc.wisc.edu&noUDP&sock=slot1_54_3204662_0946_54940>
...
040 (11238961.002.000) 2023-07-28 19:57:41 Finished transferring input files
...
001 (11238961.002.000) 2023-07-28 19:57:42 Job executing on host: <128.105.69.218:9618?addrs=128.105.69.218-9618&alias=e2601.chtc.wisc.edu&noUDP&sock=startd_19055_b93a>
	SlotName: slot1_54@e2601.chtc.wisc.edu
	CondorScratchDir = "/var/lib/condor/execute/slot1/dir_155902"
	Cpus = 1
	Disk = 1458998
	IoHeavy = 0
	Memory = 512
...
006 (11238961.002.000) 2023-07-28 19:57:51 Image size of job updated: 382616
	350  -  MemoryUsage of job (MB)
	357772  -  ResidentSetSize of job (KB)
...
006 (11238961.002.000) 2023-07-28 20:02:52 Image size of job updated: 382616
	352  -  MemoryUsage of job (MB)
	359752  -  ResidentSetSize of job (KB)
...
040 (11238961.002.000) 2023-07-28 20:22:54 Started transferring output files
...
040 (11238961.002.000) 2023-07-28 20:22:54 Finished transferring output files
...
005 (11238961.002.000) 2023-07-28 20:22:54 Job terminated.
	(1) Normal termination (return value 0)
		Usr 0 00:24:41, Sys 0 00:00:14  -  Run Remote Usage
		Usr 0 00:00:00, Sys 0 00:00:00  -  Run Local Usage
		Usr 0 00:24:41, Sys 0 00:00:14  -  Total Remote Usage
		Usr 0 00:00:00, Sys 0 00:00:00  -  Total Local Usage
	56057  -  Run Bytes Sent By Job
	32668232  -  Run Bytes Received By Job
	56057  -  Total Bytes Sent By Job
	32668232  -  Total Bytes Received By Job
	Partitionable Resources :     Usage  Request Allocated 
	   Cpus                 :      0.99        1         1 
	   Disk (KB)            : 256048      524288   1458998 
	   IoHeavy              :                            0 
	   Memory (MB)          :    352         512       512 

	Job terminated of its own accord at 2023-07-29T01:22:54Z with exit-code 0.
...
