000 (11188596.007.000) 2023-07-27 22:50:50 Job submitted from host: <128.104.101.92:9618?addrs=128.104.101.92-9618+[2607-f388-107c-501-a236-9fff-fe3c-caa8]-9618&alias=submit2.chtc.wisc.edu&noUDP&sock=schedd_1879732_618e>
...
040 (11188596.007.000) 2023-07-27 22:53:36 Started transferring input files
	Transferring to host: <128.105.69.188:9618?addrs=128.105.69.188-9618+[2607-f388-2200-100-1270-fdff-fe56-bf54]-9618&alias=e4040.chtc.wisc.edu&noUDP&sock=slot1_35_940684_b9e6_48657>
...
040 (11188596.007.000) 2023-07-27 22:53:37 Finished transferring input files
...
001 (11188596.007.000) 2023-07-27 22:53:43 Job executing on host: <128.105.69.188:9618?addrs=128.105.69.188-9618+[2607-f388-2200-100-1270-fdff-fe56-bf54]-9618&alias=e4040.chtc.wisc.edu&noUDP&sock=startd_15998_e035>
	SlotName: slot1_35@e4040.chtc.wisc.edu
	CondorScratchDir = "/var/lib/condor/execute/slot1/dir_1391033"
	Cpus = 1
	Disk = 1208198
	IoHeavy = 0
	Memory = 512
...
006 (11188596.007.000) 2023-07-27 22:53:52 Image size of job updated: 276320
	112  -  MemoryUsage of job (MB)
	114264  -  ResidentSetSize of job (KB)
...
006 (11188596.007.000) 2023-07-27 22:58:53 Image size of job updated: 276320
	218  -  MemoryUsage of job (MB)
	222844  -  ResidentSetSize of job (KB)
...
006 (11188596.007.000) 2023-07-27 23:03:53 Image size of job updated: 276320
	225  -  MemoryUsage of job (MB)
	229424  -  ResidentSetSize of job (KB)
...
006 (11188596.007.000) 2023-07-27 23:08:54 Image size of job updated: 276320
	230  -  MemoryUsage of job (MB)
	235476  -  ResidentSetSize of job (KB)
...
006 (11188596.007.000) 2023-07-27 23:13:54 Image size of job updated: 276320
	233  -  MemoryUsage of job (MB)
	238092  -  ResidentSetSize of job (KB)
...
040 (11188596.007.000) 2023-07-27 23:16:49 Started transferring output files
...
040 (11188596.007.000) 2023-07-27 23:16:49 Finished transferring output files
...
005 (11188596.007.000) 2023-07-27 23:16:49 Job terminated.
	(1) Normal termination (return value 0)
		Usr 0 00:22:37, Sys 0 00:00:07  -  Run Remote Usage
		Usr 0 00:00:00, Sys 0 00:00:00  -  Run Local Usage
		Usr 0 00:22:37, Sys 0 00:00:07  -  Total Remote Usage
		Usr 0 00:00:00, Sys 0 00:00:00  -  Total Local Usage
	56927  -  Run Bytes Sent By Job
	32668040  -  Run Bytes Received By Job
	56927  -  Total Bytes Sent By Job
	32668040  -  Total Bytes Received By Job
	Partitionable Resources :     Usage  Request Allocated 
	   Cpus                 :      0.99        1         1 
	   Disk (KB)            : 255174      524288   1208198 
	   IoHeavy              :                            0 
	   Memory (MB)          :    233         512       512 

	Job terminated of its own accord at 2023-07-28T04:16:49Z with exit-code 0.
...
