000 (11208756.052.000) 2023-07-28 13:34:16 Job submitted from host: <128.104.101.92:9618?addrs=128.104.101.92-9618+[2607-f388-107c-501-a236-9fff-fe3c-caa8]-9618&alias=submit2.chtc.wisc.edu&noUDP&sock=schedd_1879732_618e>
...
040 (11208756.052.000) 2023-07-28 13:35:50 Started transferring input files
	Transferring to host: <128.105.69.213:9618?addrs=128.105.69.213-9618+[2607-f388-2200-100-eaeb-d3ff-fe40-894]-9618&alias=e2596.chtc.wisc.edu&noUDP&sock=slot1_14_2277354_a979_45763>
...
040 (11208756.052.000) 2023-07-28 13:35:51 Finished transferring input files
...
001 (11208756.052.000) 2023-07-28 13:35:52 Job executing on host: <128.105.69.213:9618?addrs=128.105.69.213-9618+[2607-f388-2200-100-eaeb-d3ff-fe40-894]-9618&alias=e2596.chtc.wisc.edu&noUDP&sock=startd_17297_e1bb>
	SlotName: slot1_14@e2596.chtc.wisc.edu
	CondorScratchDir = "/var/lib/condor/execute/slot1/dir_3616052"
	Cpus = 1
	Disk = 1458998
	IoHeavy = 0
	Memory = 512
...
006 (11208756.052.000) 2023-07-28 13:35:58 Image size of job updated: 385760
	187  -  MemoryUsage of job (MB)
	191172  -  ResidentSetSize of job (KB)
...
040 (11208756.052.000) 2023-07-28 13:35:58 Started transferring output files
...
040 (11208756.052.000) 2023-07-28 13:35:58 Finished transferring output files
...
005 (11208756.052.000) 2023-07-28 13:35:58 Job terminated.
	(1) Normal termination (return value 1)
		Usr 0 00:00:03, Sys 0 00:00:00  -  Run Remote Usage
		Usr 0 00:00:00, Sys 0 00:00:00  -  Run Local Usage
		Usr 0 00:00:03, Sys 0 00:00:00  -  Total Remote Usage
		Usr 0 00:00:00, Sys 0 00:00:00  -  Total Local Usage
	2579  -  Run Bytes Sent By Job
	32669186  -  Run Bytes Received By Job
	2579  -  Total Bytes Sent By Job
	32669186  -  Total Bytes Received By Job
	Partitionable Resources :    Usage  Request Allocated 
	   Cpus                 :                 1         1 
	   Disk (KB)            :   255015   524288   1458998 
	   IoHeavy              :                           0 
	   Memory (MB)          :      187      512       512 

	Job terminated of its own accord at 2023-07-28T18:35:58Z with exit-code 1.
...
