000 (11208757.031.000) 2023-07-28 13:36:58 Job submitted from host: <128.104.101.92:9618?addrs=128.104.101.92-9618+[2607-f388-107c-501-a236-9fff-fe3c-caa8]-9618&alias=submit2.chtc.wisc.edu&noUDP&sock=schedd_1879732_618e>
...
040 (11208757.031.000) 2023-07-28 13:37:50 Started transferring input files
	Transferring to host: <128.105.69.95:9618?addrs=128.105.69.95-9618+[2607-f388-2200-100-1270-fdff-fe56-bff4]-9618&alias=e4006.chtc.wisc.edu&noUDP&sock=slot1_9_3683970_e1e9_53871>
...
040 (11208757.031.000) 2023-07-28 13:37:52 Finished transferring input files
...
001 (11208757.031.000) 2023-07-28 13:37:53 Job executing on host: <128.105.69.95:9618?addrs=128.105.69.95-9618+[2607-f388-2200-100-1270-fdff-fe56-bff4]-9618&alias=e4006.chtc.wisc.edu&noUDP&sock=startd_2383497_450b>
	SlotName: slot1_9@e4006.chtc.wisc.edu
	CondorScratchDir = "/var/lib/condor/execute/slot1/dir_1999565"
	Cpus = 1
	Disk = 1208198
	IoHeavy = 0
	Memory = 512
...
006 (11208757.031.000) 2023-07-28 13:38:02 Image size of job updated: 383344
	263  -  MemoryUsage of job (MB)
	269080  -  ResidentSetSize of job (KB)
...
040 (11208757.031.000) 2023-07-28 13:41:09 Started transferring output files
...
040 (11208757.031.000) 2023-07-28 13:41:09 Finished transferring output files
...
005 (11208757.031.000) 2023-07-28 13:41:09 Job terminated.
	(1) Normal termination (return value 0)
		Usr 0 00:03:11, Sys 0 00:00:01  -  Run Remote Usage
		Usr 0 00:00:00, Sys 0 00:00:00  -  Run Local Usage
		Usr 0 00:03:11, Sys 0 00:00:01  -  Total Remote Usage
		Usr 0 00:00:00, Sys 0 00:00:00  -  Total Local Usage
	57105  -  Run Bytes Sent By Job
	32669180  -  Run Bytes Received By Job
	57105  -  Total Bytes Sent By Job
	32669180  -  Total Bytes Received By Job
	Partitionable Resources :     Usage  Request Allocated 
	   Cpus                 :      0.99        1         1 
	   Disk (KB)            : 255077      524288   1208198 
	   IoHeavy              :                            0 
	   Memory (MB)          :    263         512       512 

	Job terminated of its own accord at 2023-07-28T18:41:09Z with exit-code 0.
...
