000 (11208756.044.000) 2023-07-28 13:34:16 Job submitted from host: <128.104.101.92:9618?addrs=128.104.101.92-9618+[2607-f388-107c-501-a236-9fff-fe3c-caa8]-9618&alias=submit2.chtc.wisc.edu&noUDP&sock=schedd_1879732_618e>
...
040 (11208756.044.000) 2023-07-28 13:35:53 Started transferring input files
	Transferring to host: <128.105.69.94:9618?addrs=128.105.69.94-9618+[2607-f388-2200-100-1270-fdff-fe56-3dcc]-9618&alias=e4005.chtc.wisc.edu&noUDP&sock=slot1_30_1730252_cf51_59287>
...
040 (11208756.044.000) 2023-07-28 13:35:54 Finished transferring input files
...
001 (11208756.044.000) 2023-07-28 13:35:55 Job executing on host: <128.105.69.94:9618?addrs=128.105.69.94-9618+[2607-f388-2200-100-1270-fdff-fe56-3dcc]-9618&alias=e4005.chtc.wisc.edu&noUDP&sock=startd_14681_85fb>
	SlotName: slot1_30@e4005.chtc.wisc.edu
	CondorScratchDir = "/var/lib/condor/execute/slot1/dir_4032011"
	Cpus = 1
	Disk = 1268229
	IoHeavy = 0
	Memory = 512
...
006 (11208756.044.000) 2023-07-28 13:36:00 Image size of job updated: 387592
	185  -  MemoryUsage of job (MB)
	189284  -  ResidentSetSize of job (KB)
...
040 (11208756.044.000) 2023-07-28 13:36:00 Started transferring output files
...
040 (11208756.044.000) 2023-07-28 13:36:00 Finished transferring output files
...
005 (11208756.044.000) 2023-07-28 13:36:00 Job terminated.
	(1) Normal termination (return value 1)
		Usr 0 00:00:02, Sys 0 00:00:00  -  Run Remote Usage
		Usr 0 00:00:00, Sys 0 00:00:00  -  Run Local Usage
		Usr 0 00:00:02, Sys 0 00:00:00  -  Total Remote Usage
		Usr 0 00:00:00, Sys 0 00:00:00  -  Total Local Usage
	2579  -  Run Bytes Sent By Job
	32669186  -  Run Bytes Received By Job
	2579  -  Total Bytes Sent By Job
	32669186  -  Total Bytes Received By Job
	Partitionable Resources :    Usage  Request Allocated 
	   Cpus                 :                 1         1 
	   Disk (KB)            :   254998   524288   1268229 
	   IoHeavy              :                           0 
	   Memory (MB)          :      185      512       512 

	Job terminated of its own accord at 2023-07-28T18:36:00Z with exit-code 1.
...
