000 (11208757.010.000) 2023-07-28 13:36:58 Job submitted from host: <128.104.101.92:9618?addrs=128.104.101.92-9618+[2607-f388-107c-501-a236-9fff-fe3c-caa8]-9618&alias=submit2.chtc.wisc.edu&noUDP&sock=schedd_1879732_618e>
...
040 (11208757.010.000) 2023-07-28 13:37:47 Started transferring input files
	Transferring to host: <128.105.69.218:9618?addrs=128.105.69.218-9618&alias=e2601.chtc.wisc.edu&noUDP&sock=slot1_36_3204662_0946_54046>
...
040 (11208757.010.000) 2023-07-28 13:37:50 Finished transferring input files
...
001 (11208757.010.000) 2023-07-28 13:37:51 Job executing on host: <128.105.69.218:9618?addrs=128.105.69.218-9618&alias=e2601.chtc.wisc.edu&noUDP&sock=startd_19055_b93a>
	SlotName: slot1_36@e2601.chtc.wisc.edu
	CondorScratchDir = "/var/lib/condor/execute/slot1/dir_4057918"
	Cpus = 1
	Disk = 1458998
	IoHeavy = 0
	Memory = 512
...
006 (11208757.010.000) 2023-07-28 13:37:59 Image size of job updated: 381724
	373  -  MemoryUsage of job (MB)
	381724  -  ResidentSetSize of job (KB)
...
006 (11208757.010.000) 2023-07-28 13:42:59 Image size of job updated: 382444
	373  -  MemoryUsage of job (MB)
	381724  -  ResidentSetSize of job (KB)
...
040 (11208757.010.000) 2023-07-28 13:55:17 Started transferring output files
...
040 (11208757.010.000) 2023-07-28 13:55:17 Finished transferring output files
...
005 (11208757.010.000) 2023-07-28 13:55:17 Job terminated.
	(1) Normal termination (return value 0)
		Usr 0 00:17:05, Sys 0 00:00:08  -  Run Remote Usage
		Usr 0 00:00:00, Sys 0 00:00:00  -  Run Local Usage
		Usr 0 00:17:05, Sys 0 00:00:08  -  Total Remote Usage
		Usr 0 00:00:00, Sys 0 00:00:00  -  Total Local Usage
	56084  -  Run Bytes Sent By Job
	32669180  -  Run Bytes Received By Job
	56084  -  Total Bytes Sent By Job
	32669180  -  Total Bytes Received By Job
	Partitionable Resources :     Usage  Request Allocated 
	   Cpus                 :      0.99        1         1 
	   Disk (KB)            : 256033      524288   1458998 
	   IoHeavy              :                            0 
	   Memory (MB)          :    373         512       512 

	Job terminated of its own accord at 2023-07-28T18:55:17Z with exit-code 0.
...
