000 (11188617.015.000) 2023-07-28 07:00:37 Job submitted from host: <128.104.101.92:9618?addrs=128.104.101.92-9618+[2607-f388-107c-501-a236-9fff-fe3c-caa8]-9618&alias=submit2.chtc.wisc.edu&noUDP&sock=schedd_1879732_618e>
...
040 (11188617.015.000) 2023-07-28 07:01:31 Started transferring input files
	Transferring to host: <128.105.69.229:9618?addrs=128.105.69.229-9618+[2607-f388-2200-100-eaeb-d3ff-fe40-1104]-9618&alias=e2612.chtc.wisc.edu&noUDP&sock=slot1_96_61344_25b8_53719>
...
040 (11188617.015.000) 2023-07-28 07:01:33 Finished transferring input files
...
001 (11188617.015.000) 2023-07-28 07:01:35 Job executing on host: <128.105.69.229:9618?addrs=128.105.69.229-9618+[2607-f388-2200-100-eaeb-d3ff-fe40-1104]-9618&alias=e2612.chtc.wisc.edu&noUDP&sock=startd_18685_ef2f>
	SlotName: slot1_96@e2612.chtc.wisc.edu
	CondorScratchDir = "/var/lib/condor/execute/slot1/dir_281912"
	Cpus = 1
	Disk = 1458998
	IoHeavy = 0
	Memory = 512
...
006 (11188617.015.000) 2023-07-28 07:01:43 Image size of job updated: 199412
	191  -  MemoryUsage of job (MB)
	195072  -  ResidentSetSize of job (KB)
...
006 (11188617.015.000) 2023-07-28 07:06:43 Image size of job updated: 275936
	223  -  MemoryUsage of job (MB)
	228068  -  ResidentSetSize of job (KB)
...
006 (11188617.015.000) 2023-07-28 07:16:44 Image size of job updated: 275936
	226  -  MemoryUsage of job (MB)
	231012  -  ResidentSetSize of job (KB)
...
040 (11188617.015.000) 2023-07-28 07:17:06 Started transferring output files
...
040 (11188617.015.000) 2023-07-28 07:17:06 Finished transferring output files
...
005 (11188617.015.000) 2023-07-28 07:17:06 Job terminated.
	(1) Normal termination (return value 0)
		Usr 0 00:15:08, Sys 0 00:00:08  -  Run Remote Usage
		Usr 0 00:00:00, Sys 0 00:00:00  -  Run Local Usage
		Usr 0 00:15:08, Sys 0 00:00:08  -  Total Remote Usage
		Usr 0 00:00:00, Sys 0 00:00:00  -  Total Local Usage
	57100  -  Run Bytes Sent By Job
	32668696  -  Run Bytes Received By Job
	57100  -  Total Bytes Sent By Job
	32668696  -  Total Bytes Received By Job
	Partitionable Resources :     Usage  Request Allocated 
	   Cpus                 :      0.99        1         1 
	   Disk (KB)            : 255800      524288   1458998 
	   IoHeavy              :                            0 
	   Memory (MB)          :    226         512       512 

	Job terminated of its own accord at 2023-07-28T12:17:05Z with exit-code 0.
...
