000 (11238961.024.000) 2023-07-28 19:56:05 Job submitted from host: <128.104.101.92:9618?addrs=128.104.101.92-9618+[2607-f388-107c-501-a236-9fff-fe3c-caa8]-9618&alias=submit2.chtc.wisc.edu&noUDP&sock=schedd_1879732_618e>
...
040 (11238961.024.000) 2023-07-28 19:57:39 Started transferring input files
	Transferring to host: <128.105.69.130:9618?addrs=128.105.69.130-9618+[2607-f388-2200-100-1270-fdff-fe56-c364]-9618&alias=e4079.chtc.wisc.edu&noUDP&sock=slot1_6_4039807_3d4f_65920>
...
040 (11238961.024.000) 2023-07-28 19:57:42 Finished transferring input files
...
001 (11238961.024.000) 2023-07-28 19:57:43 Job executing on host: <128.105.69.130:9618?addrs=128.105.69.130-9618+[2607-f388-2200-100-1270-fdff-fe56-c364]-9618&alias=e4079.chtc.wisc.edu&noUDP&sock=startd_11790_89ae>
	SlotName: slot1_6@e4079.chtc.wisc.edu
	CondorScratchDir = "/var/lib/condor/execute/slot1/dir_4029672"
	Cpus = 1
	Disk = 1208198
	IoHeavy = 0
	Memory = 512
...
006 (11238961.024.000) 2023-07-28 19:57:51 Image size of job updated: 383016
	316  -  MemoryUsage of job (MB)
	323084  -  ResidentSetSize of job (KB)
...
040 (11238961.024.000) 2023-07-28 19:58:55 Started transferring output files
...
040 (11238961.024.000) 2023-07-28 19:58:55 Finished transferring output files
...
005 (11238961.024.000) 2023-07-28 19:58:55 Job terminated.
	(1) Normal termination (return value 0)
		Usr 0 00:01:09, Sys 0 00:00:01  -  Run Remote Usage
		Usr 0 00:00:00, Sys 0 00:00:00  -  Run Local Usage
		Usr 0 00:01:09, Sys 0 00:00:01  -  Total Remote Usage
		Usr 0 00:00:00, Sys 0 00:00:00  -  Total Local Usage
	56210  -  Run Bytes Sent By Job
	32668232  -  Run Bytes Received By Job
	56210  -  Total Bytes Sent By Job
	32668232  -  Total Bytes Received By Job
	Partitionable Resources :     Usage  Request Allocated 
	   Cpus                 :      0.07        1         1 
	   Disk (KB)            : 255076      524288   1208198 
	   IoHeavy              :                            0 
	   Memory (MB)          :    316         512       512 

	Job terminated of its own accord at 2023-07-29T00:58:55Z with exit-code 0.
...
