000 (11188617.063.000) 2023-07-28 07:00:37 Job submitted from host: <128.104.101.92:9618?addrs=128.104.101.92-9618+[2607-f388-107c-501-a236-9fff-fe3c-caa8]-9618&alias=submit2.chtc.wisc.edu&noUDP&sock=schedd_1879732_618e>
...
040 (11188617.063.000) 2023-07-28 07:01:40 Started transferring input files
	Transferring to host: <128.105.69.89:9618?addrs=128.105.69.89-9618+[2607-f388-2200-100-1270-fdff-fe56-41cc]-9618&alias=build4000.chtc.wisc.edu&noUDP&sock=slot3_30_2515835_19bb_46128>
...
040 (11188617.063.000) 2023-07-28 07:01:41 Finished transferring input files
...
001 (11188617.063.000) 2023-07-28 07:01:44 Job executing on host: <128.105.69.89:9618?addrs=128.105.69.89-9618+[2607-f388-2200-100-1270-fdff-fe56-41cc]-9618&alias=build4000.chtc.wisc.edu&noUDP&sock=startd_16084_dd5a>
	SlotName: slot3_30@build4000.chtc.wisc.edu
	CondorScratchDir = "/var/lib/condor/execute/slot3/dir_32469"
	Cpus = 1
	Disk = 1208198
	IoHeavy = 0
	Memory = 512
...
006 (11188617.063.000) 2023-07-28 07:01:53 Image size of job updated: 382240
	317  -  MemoryUsage of job (MB)
	323744  -  ResidentSetSize of job (KB)
...
040 (11188617.063.000) 2023-07-28 07:02:51 Started transferring output files
...
040 (11188617.063.000) 2023-07-28 07:02:51 Finished transferring output files
...
005 (11188617.063.000) 2023-07-28 07:02:53 Job terminated.
	(1) Normal termination (return value 0)
		Usr 0 00:01:03, Sys 0 00:00:00  -  Run Remote Usage
		Usr 0 00:00:00, Sys 0 00:00:00  -  Run Local Usage
		Usr 0 00:01:03, Sys 0 00:00:00  -  Total Remote Usage
		Usr 0 00:00:00, Sys 0 00:00:00  -  Total Local Usage
	56422  -  Run Bytes Sent By Job
	32668696  -  Run Bytes Received By Job
	56422  -  Total Bytes Sent By Job
	32668696  -  Total Bytes Received By Job
	Partitionable Resources :     Usage  Request Allocated 
	   Cpus                 :      0.99        1         1 
	   Disk (KB)            : 255077      524288   1208198 
	   IoHeavy              :                            0 
	   Memory (MB)          :    317         512       512 

	Job terminated of its own accord at 2023-07-28T12:02:50Z with exit-code 0.
...
