035 (11208756.-01.000) 2023-07-28 13:34:16 Cluster submitted from host: <128.104.101.92:9618?addrs=128.104.101.92-9618+[2607-f388-107c-501-a236-9fff-fe3c-caa8]-9618&alias=submit2.chtc.wisc.edu&noUDP&sock=schedd_1879732_618e>
...
000 (11208756.000.000) 2023-07-28 13:34:16 Job submitted from host: <128.104.101.92:9618?addrs=128.104.101.92-9618+[2607-f388-107c-501-a236-9fff-fe3c-caa8]-9618&alias=submit2.chtc.wisc.edu&noUDP&sock=schedd_1879732_618e>
...
040 (11208756.000.000) 2023-07-28 13:35:35 Started transferring input files
	Transferring to host: <128.105.69.168:9618?addrs=128.105.69.168-9618+[2607-f388-2200-100-1270-fdff-fe56-768c]-9618&alias=e2551.chtc.wisc.edu&noUDP&sock=slot1_55_2837716_623c_57874>
...
040 (11208756.000.000) 2023-07-28 13:35:36 Finished transferring input files
...
001 (11208756.000.000) 2023-07-28 13:35:37 Job executing on host: <128.105.69.168:9618?addrs=128.105.69.168-9618+[2607-f388-2200-100-1270-fdff-fe56-768c]-9618&alias=e2551.chtc.wisc.edu&noUDP&sock=startd_12968_8c3f>
	SlotName: slot1_55@e2551.chtc.wisc.edu
	CondorScratchDir = "/var/lib/condor/execute/slot1/dir_2980474"
	Cpus = 1
	Disk = 1208198
	IoHeavy = 0
	Memory = 512
...
006 (11208756.000.000) 2023-07-28 13:35:45 Image size of job updated: 392904
	191  -  MemoryUsage of job (MB)
	195300  -  ResidentSetSize of job (KB)
...
040 (11208756.000.000) 2023-07-28 13:35:46 Started transferring output files
...
040 (11208756.000.000) 2023-07-28 13:35:46 Finished transferring output files
...
005 (11208756.000.000) 2023-07-28 13:35:47 Job terminated.
	(1) Normal termination (return value 1)
		Usr 0 00:00:05, Sys 0 00:00:01  -  Run Remote Usage
		Usr 0 00:00:00, Sys 0 00:00:00  -  Run Local Usage
		Usr 0 00:00:05, Sys 0 00:00:01  -  Total Remote Usage
		Usr 0 00:00:00, Sys 0 00:00:00  -  Total Local Usage
	2579  -  Run Bytes Sent By Job
	32669186  -  Run Bytes Received By Job
	2579  -  Total Bytes Sent By Job
	32669186  -  Total Bytes Received By Job
	Partitionable Resources :    Usage  Request Allocated 
	   Cpus                 :                 1         1 
	   Disk (KB)            :   255016   524288   1208198 
	   IoHeavy              :                           0 
	   Memory (MB)          :      191      512       512 

	Job terminated of its own accord at 2023-07-28T18:35:45Z with exit-code 1.
...
036 (11208756.-01.000) 2023-07-28 13:36:06 Cluster removed
	Materialized 60 jobs from -1 items.	Complete
...
