000 (11188596.023.000) 2023-07-27 22:50:50 Job submitted from host: <128.104.101.92:9618?addrs=128.104.101.92-9618+[2607-f388-107c-501-a236-9fff-fe3c-caa8]-9618&alias=submit2.chtc.wisc.edu&noUDP&sock=schedd_1879732_618e>
...
040 (11188596.023.000) 2023-07-27 22:53:36 Started transferring input files
	Transferring to host: <128.105.69.204:9618?addrs=128.105.69.204-9618+[2607-f388-2200-100-1270-fdff-fe56-b85c]-9618&alias=e4035.chtc.wisc.edu&noUDP&sock=slot1_112_364591_1783_48938>
...
040 (11188596.023.000) 2023-07-27 22:53:38 Finished transferring input files
...
001 (11188596.023.000) 2023-07-27 22:53:44 Job executing on host: <128.105.69.204:9618?addrs=128.105.69.204-9618+[2607-f388-2200-100-1270-fdff-fe56-b85c]-9618&alias=e4035.chtc.wisc.edu&noUDP&sock=startd_11684_d4a5>
	SlotName: slot1_112@e4035.chtc.wisc.edu
	CondorScratchDir = "/var/lib/condor/execute/slot1/dir_423602"
	Cpus = 1
	Disk = 1208198
	IoHeavy = 0
	Memory = 512
...
006 (11188596.023.000) 2023-07-27 22:53:52 Image size of job updated: 276112
	222  -  MemoryUsage of job (MB)
	226712  -  ResidentSetSize of job (KB)
...
006 (11188596.023.000) 2023-07-27 22:58:52 Image size of job updated: 276112
	226  -  MemoryUsage of job (MB)
	230792  -  ResidentSetSize of job (KB)
...
040 (11188596.023.000) 2023-07-27 23:00:57 Started transferring output files
...
040 (11188596.023.000) 2023-07-27 23:00:57 Finished transferring output files
...
005 (11188596.023.000) 2023-07-27 23:00:57 Job terminated.
	(1) Normal termination (return value 0)
		Usr 0 00:07:01, Sys 0 00:00:02  -  Run Remote Usage
		Usr 0 00:00:00, Sys 0 00:00:00  -  Run Local Usage
		Usr 0 00:07:01, Sys 0 00:00:02  -  Total Remote Usage
		Usr 0 00:00:00, Sys 0 00:00:00  -  Total Local Usage
	57952  -  Run Bytes Sent By Job
	32668040  -  Run Bytes Received By Job
	57952  -  Total Bytes Sent By Job
	32668040  -  Total Bytes Received By Job
	Partitionable Resources :     Usage  Request Allocated 
	   Cpus                 :      0.99        1         1 
	   Disk (KB)            : 256343      524288   1208198 
	   IoHeavy              :                            0 
	   Memory (MB)          :    226         512       512 

	Job terminated of its own accord at 2023-07-28T04:00:56Z with exit-code 0.
...
