000 (11188596.033.000) 2023-07-27 22:50:50 Job submitted from host: <128.104.101.92:9618?addrs=128.104.101.92-9618+[2607-f388-107c-501-a236-9fff-fe3c-caa8]-9618&alias=submit2.chtc.wisc.edu&noUDP&sock=schedd_1879732_618e>
...
040 (11188596.033.000) 2023-07-27 22:53:36 Started transferring input files
	Transferring to host: <128.105.69.188:9618?addrs=128.105.69.188-9618+[2607-f388-2200-100-1270-fdff-fe56-bf54]-9618&alias=e4040.chtc.wisc.edu&noUDP&sock=slot1_94_940684_b9e6_48666>
...
001 (11188596.033.000) 2023-07-27 22:53:42 Job executing on host: <128.105.69.188:9618?addrs=128.105.69.188-9618+[2607-f388-2200-100-1270-fdff-fe56-bf54]-9618&alias=e4040.chtc.wisc.edu&noUDP&sock=startd_15998_e035>
	SlotName: slot1_94@e4040.chtc.wisc.edu
	CondorScratchDir = "/var/lib/condor/execute/slot1/dir_1391045"
	Cpus = 1
	Disk = 1208198
	IoHeavy = 0
	Memory = 512
...
040 (11188596.033.000) 2023-07-27 22:53:42 Finished transferring input files
...
006 (11188596.033.000) 2023-07-27 22:53:51 Image size of job updated: 275900
	137  -  MemoryUsage of job (MB)
	139712  -  ResidentSetSize of job (KB)
...
040 (11188596.033.000) 2023-07-27 22:58:04 Started transferring output files
...
040 (11188596.033.000) 2023-07-27 22:58:04 Finished transferring output files
...
005 (11188596.033.000) 2023-07-27 22:58:04 Job terminated.
	(1) Normal termination (return value 0)
		Usr 0 00:04:14, Sys 0 00:00:02  -  Run Remote Usage
		Usr 0 00:00:00, Sys 0 00:00:00  -  Run Local Usage
		Usr 0 00:04:14, Sys 0 00:00:02  -  Total Remote Usage
		Usr 0 00:00:00, Sys 0 00:00:00  -  Total Local Usage
	57937  -  Run Bytes Sent By Job
	32668040  -  Run Bytes Received By Job
	57937  -  Total Bytes Sent By Job
	32668040  -  Total Bytes Received By Job
	Partitionable Resources :     Usage  Request Allocated 
	   Cpus                 :      0.99        1         1 
	   Disk (KB)            : 255175      524288   1208198 
	   IoHeavy              :                            0 
	   Memory (MB)          :    137         512       512 

	Job terminated of its own accord at 2023-07-28T03:58:04Z with exit-code 0.
...
