000 (11188617.049.000) 2023-07-28 07:00:37 Job submitted from host: <128.104.101.92:9618?addrs=128.104.101.92-9618+[2607-f388-107c-501-a236-9fff-fe3c-caa8]-9618&alias=submit2.chtc.wisc.edu&noUDP&sock=schedd_1879732_618e>
...
040 (11188617.049.000) 2023-07-28 07:01:38 Started transferring input files
	Transferring to host: <128.105.69.238:9618?addrs=128.105.69.238-9618+[2607-f388-2200-100-eaeb-d3ff-fe40-1ef4]-9618&alias=e2621.chtc.wisc.edu&noUDP&sock=slot1_56_1879405_9762_46120>
...
040 (11188617.049.000) 2023-07-28 07:01:40 Finished transferring input files
...
001 (11188617.049.000) 2023-07-28 07:01:41 Job executing on host: <128.105.69.238:9618?addrs=128.105.69.238-9618+[2607-f388-2200-100-eaeb-d3ff-fe40-1ef4]-9618&alias=e2621.chtc.wisc.edu&noUDP&sock=startd_18697_2a52>
	SlotName: slot1_56@e2621.chtc.wisc.edu
	CondorScratchDir = "/var/lib/condor/execute/slot1/dir_1082438"
	Cpus = 1
	Disk = 1458998
	IoHeavy = 0
	Memory = 512
...
006 (11188617.049.000) 2023-07-28 07:01:50 Image size of job updated: 278696
	215  -  MemoryUsage of job (MB)
	219440  -  ResidentSetSize of job (KB)
...
006 (11188617.049.000) 2023-07-28 07:06:51 Image size of job updated: 278696
	228  -  MemoryUsage of job (MB)
	233048  -  ResidentSetSize of job (KB)
...
040 (11188617.049.000) 2023-07-28 07:10:24 Started transferring output files
...
040 (11188617.049.000) 2023-07-28 07:10:25 Finished transferring output files
...
005 (11188617.049.000) 2023-07-28 07:10:28 Job terminated.
	(1) Normal termination (return value 0)
		Usr 0 00:08:32, Sys 0 00:00:02  -  Run Remote Usage
		Usr 0 00:00:00, Sys 0 00:00:00  -  Run Local Usage
		Usr 0 00:08:32, Sys 0 00:00:02  -  Total Remote Usage
		Usr 0 00:00:00, Sys 0 00:00:00  -  Total Local Usage
	56037  -  Run Bytes Sent By Job
	32668696  -  Run Bytes Received By Job
	56037  -  Total Bytes Sent By Job
	32668696  -  Total Bytes Received By Job
	Partitionable Resources :     Usage  Request Allocated 
	   Cpus                 :      0.99        1         1 
	   Disk (KB)            : 255076      524288   1458998 
	   IoHeavy              :                            0 
	   Memory (MB)          :    228         512       512 

	Job terminated of its own accord at 2023-07-28T12:10:22Z with exit-code 0.
...
