000 (11188596.004.000) 2023-07-27 22:50:50 Job submitted from host: <128.104.101.92:9618?addrs=128.104.101.92-9618+[2607-f388-107c-501-a236-9fff-fe3c-caa8]-9618&alias=submit2.chtc.wisc.edu&noUDP&sock=schedd_1879732_618e>
...
040 (11188596.004.000) 2023-07-27 22:53:35 Started transferring input files
	Transferring to host: <128.105.69.187:9618?addrs=128.105.69.187-9618+[2607-f388-2200-100-1270-fdff-fe56-b86c]-9618&alias=e4039.chtc.wisc.edu&noUDP&sock=slot1_76_3589331_2540_56842>
...
040 (11188596.004.000) 2023-07-27 22:53:37 Finished transferring input files
...
001 (11188596.004.000) 2023-07-27 22:53:43 Job executing on host: <128.105.69.187:9618?addrs=128.105.69.187-9618+[2607-f388-2200-100-1270-fdff-fe56-b86c]-9618&alias=e4039.chtc.wisc.edu&noUDP&sock=startd_15786_7621>
	SlotName: slot1_76@e4039.chtc.wisc.edu
	CondorScratchDir = "/var/lib/condor/execute/slot1/dir_2205785"
	Cpus = 1
	Disk = 1208198
	IoHeavy = 0
	Memory = 512
...
006 (11188596.004.000) 2023-07-27 22:53:52 Image size of job updated: 281104
	179  -  MemoryUsage of job (MB)
	182956  -  ResidentSetSize of job (KB)
...
006 (11188596.004.000) 2023-07-27 22:58:53 Image size of job updated: 281104
	223  -  MemoryUsage of job (MB)
	227524  -  ResidentSetSize of job (KB)
...
006 (11188596.004.000) 2023-07-27 23:08:54 Image size of job updated: 281104
	248  -  MemoryUsage of job (MB)
	253304  -  ResidentSetSize of job (KB)
...
040 (11188596.004.000) 2023-07-27 23:38:32 Started transferring output files
...
040 (11188596.004.000) 2023-07-27 23:38:33 Finished transferring output files
...
005 (11188596.004.000) 2023-07-27 23:38:33 Job terminated.
	(1) Normal termination (return value 0)
		Usr 0 00:43:57, Sys 0 00:00:11  -  Run Remote Usage
		Usr 0 00:00:00, Sys 0 00:00:00  -  Run Local Usage
		Usr 0 00:43:57, Sys 0 00:00:11  -  Total Remote Usage
		Usr 0 00:00:00, Sys 0 00:00:00  -  Total Local Usage
	56919  -  Run Bytes Sent By Job
	32668040  -  Run Bytes Received By Job
	56919  -  Total Bytes Sent By Job
	32668040  -  Total Bytes Received By Job
	Partitionable Resources :     Usage  Request Allocated 
	   Cpus                 :      0.99        1         1 
	   Disk (KB)            : 255175      524288   1208198 
	   IoHeavy              :                            0 
	   Memory (MB)          :    248         512       512 

	Job terminated of its own accord at 2023-07-28T04:38:30Z with exit-code 0.
...
