000 (11188617.017.000) 2023-07-28 07:00:37 Job submitted from host: <128.104.101.92:9618?addrs=128.104.101.92-9618+[2607-f388-107c-501-a236-9fff-fe3c-caa8]-9618&alias=submit2.chtc.wisc.edu&noUDP&sock=schedd_1879732_618e>
...
040 (11188617.017.000) 2023-07-28 07:01:30 Started transferring input files
	Transferring to host: <128.105.69.151:9618?addrs=128.105.69.151-9618+[2607-f388-2200-100-1270-fdff-fe56-7334]-9618&alias=e4028.chtc.wisc.edu&noUDP&sock=slot1_86_466780_7c9f_56451>
...
040 (11188617.017.000) 2023-07-28 07:01:32 Finished transferring input files
...
001 (11188617.017.000) 2023-07-28 07:01:34 Job executing on host: <128.105.69.151:9618?addrs=128.105.69.151-9618+[2607-f388-2200-100-1270-fdff-fe56-7334]-9618&alias=e4028.chtc.wisc.edu&noUDP&sock=startd_15849_ac99>
	SlotName: slot1_86@e4028.chtc.wisc.edu
	CondorScratchDir = "/var/lib/condor/execute/slot1/dir_3498133"
	Cpus = 1
	Disk = 1208198
	IoHeavy = 0
	Memory = 512
...
006 (11188617.017.000) 2023-07-28 07:01:42 Image size of job updated: 381480
	256  -  MemoryUsage of job (MB)
	261976  -  ResidentSetSize of job (KB)
...
006 (11188617.017.000) 2023-07-28 07:06:42 Image size of job updated: 381480
	326  -  MemoryUsage of job (MB)
	333388  -  ResidentSetSize of job (KB)
...
040 (11188617.017.000) 2023-07-28 07:07:16 Started transferring output files
...
040 (11188617.017.000) 2023-07-28 07:07:16 Finished transferring output files
...
005 (11188617.017.000) 2023-07-28 07:07:16 Job terminated.
	(1) Normal termination (return value 0)
		Usr 0 00:05:33, Sys 0 00:00:01  -  Run Remote Usage
		Usr 0 00:00:00, Sys 0 00:00:00  -  Run Local Usage
		Usr 0 00:05:33, Sys 0 00:00:01  -  Total Remote Usage
		Usr 0 00:00:00, Sys 0 00:00:00  -  Total Local Usage
	57093  -  Run Bytes Sent By Job
	32668696  -  Run Bytes Received By Job
	57093  -  Total Bytes Sent By Job
	32668696  -  Total Bytes Received By Job
	Partitionable Resources :     Usage  Request Allocated 
	   Cpus                 :      0.98        1         1 
	   Disk (KB)            : 255077      524288   1208198 
	   IoHeavy              :                            0 
	   Memory (MB)          :    326         512       512 

	Job terminated of its own accord at 2023-07-28T12:07:16Z with exit-code 0.
...
