000 (11238961.006.000) 2023-07-28 19:56:05 Job submitted from host: <128.104.101.92:9618?addrs=128.104.101.92-9618+[2607-f388-107c-501-a236-9fff-fe3c-caa8]-9618&alias=submit2.chtc.wisc.edu&noUDP&sock=schedd_1879732_618e>
...
040 (11238961.006.000) 2023-07-28 19:57:38 Started transferring input files
	Transferring to host: <128.105.69.169:9618?addrs=128.105.69.169-9618+[2607-f388-2200-100-1270-fdff-fe56-710c]-9618&alias=e2552.chtc.wisc.edu&noUDP&sock=slot1_48_756208_b218_46187>
...
040 (11238961.006.000) 2023-07-28 19:57:39 Finished transferring input files
...
001 (11238961.006.000) 2023-07-28 19:57:41 Job executing on host: <128.105.69.169:9618?addrs=128.105.69.169-9618+[2607-f388-2200-100-1270-fdff-fe56-710c]-9618&alias=e2552.chtc.wisc.edu&noUDP&sock=startd_13465_72d1>
	SlotName: slot1_48@e2552.chtc.wisc.edu
	CondorScratchDir = "/var/lib/condor/execute/slot1/dir_3710485"
	Cpus = 1
	Disk = 1208198
	IoHeavy = 0
	Memory = 512
...
006 (11238961.006.000) 2023-07-28 19:57:49 Image size of job updated: 390960
	228  -  MemoryUsage of job (MB)
	232780  -  ResidentSetSize of job (KB)
...
006 (11238961.006.000) 2023-07-28 20:02:49 Image size of job updated: 390960
	331  -  MemoryUsage of job (MB)
	338620  -  ResidentSetSize of job (KB)
...
006 (11238961.006.000) 2023-07-28 20:07:50 Image size of job updated: 390960
	338  -  MemoryUsage of job (MB)
	345264  -  ResidentSetSize of job (KB)
...
040 (11238961.006.000) 2023-07-28 20:10:16 Started transferring output files
...
040 (11238961.006.000) 2023-07-28 20:10:16 Finished transferring output files
...
005 (11238961.006.000) 2023-07-28 20:10:16 Job terminated.
	(1) Normal termination (return value 0)
		Usr 0 00:12:20, Sys 0 00:00:03  -  Run Remote Usage
		Usr 0 00:00:00, Sys 0 00:00:00  -  Run Local Usage
		Usr 0 00:12:20, Sys 0 00:00:03  -  Total Remote Usage
		Usr 0 00:00:00, Sys 0 00:00:00  -  Total Local Usage
	56072  -  Run Bytes Sent By Job
	32668232  -  Run Bytes Received By Job
	56072  -  Total Bytes Sent By Job
	32668232  -  Total Bytes Received By Job
	Partitionable Resources :     Usage  Request Allocated 
	   Cpus                 :      0.99        1         1 
	   Disk (KB)            : 255076      524288   1208198 
	   IoHeavy              :                            0 
	   Memory (MB)          :    338         512       512 

	Job terminated of its own accord at 2023-07-29T01:10:16Z with exit-code 0.
...
