000 (11208757.034.000) 2023-07-28 13:36:58 Job submitted from host: <128.104.101.92:9618?addrs=128.104.101.92-9618+[2607-f388-107c-501-a236-9fff-fe3c-caa8]-9618&alias=submit2.chtc.wisc.edu&noUDP&sock=schedd_1879732_618e>
...
040 (11208757.034.000) 2023-07-28 13:37:53 Started transferring input files
	Transferring to host: <128.105.69.112:9618?addrs=128.105.69.112-9618+[2607-f388-2200-100-1270-fdff-fe56-c354]-9618&alias=e4061.chtc.wisc.edu&noUDP&sock=slot1_23_3226916_fe0f_52530>
...
040 (11208757.034.000) 2023-07-28 13:37:55 Finished transferring input files
...
001 (11208757.034.000) 2023-07-28 13:37:56 Job executing on host: <128.105.69.112:9618?addrs=128.105.69.112-9618+[2607-f388-2200-100-1270-fdff-fe56-c354]-9618&alias=e4061.chtc.wisc.edu&noUDP&sock=startd_16968_3713>
	SlotName: slot1_23@e4061.chtc.wisc.edu
	CondorScratchDir = "/var/lib/condor/execute/slot1/dir_566677"
	Cpus = 1
	Disk = 1208198
	IoHeavy = 0
	Memory = 512
...
006 (11208757.034.000) 2023-07-28 13:38:05 Image size of job updated: 386024
	323  -  MemoryUsage of job (MB)
	330140  -  ResidentSetSize of job (KB)
...
040 (11208757.034.000) 2023-07-28 13:40:03 Started transferring output files
...
040 (11208757.034.000) 2023-07-28 13:40:03 Finished transferring output files
...
005 (11208757.034.000) 2023-07-28 13:40:03 Job terminated.
	(1) Normal termination (return value 0)
		Usr 0 00:02:03, Sys 0 00:00:01  -  Run Remote Usage
		Usr 0 00:00:00, Sys 0 00:00:00  -  Run Local Usage
		Usr 0 00:02:03, Sys 0 00:00:01  -  Total Remote Usage
		Usr 0 00:00:00, Sys 0 00:00:00  -  Total Local Usage
	57070  -  Run Bytes Sent By Job
	32669180  -  Run Bytes Received By Job
	57070  -  Total Bytes Sent By Job
	32669180  -  Total Bytes Received By Job
	Partitionable Resources :    Usage  Request Allocated 
	   Cpus                 :                 1         1 
	   Disk (KB)            :   255069   524288   1208198 
	   IoHeavy              :                           0 
	   Memory (MB)          :      323      512       512 

	Job terminated of its own accord at 2023-07-28T18:40:03Z with exit-code 0.
...
