000 (11188617.006.000) 2023-07-28 07:00:37 Job submitted from host: <128.104.101.92:9618?addrs=128.104.101.92-9618+[2607-f388-107c-501-a236-9fff-fe3c-caa8]-9618&alias=submit2.chtc.wisc.edu&noUDP&sock=schedd_1879732_618e>
...
040 (11188617.006.000) 2023-07-28 07:01:28 Started transferring input files
	Transferring to host: <128.105.69.237:9618?addrs=128.105.69.237-9618+[2607-f388-2200-100-eaeb-d3ff-fe40-230c]-9618&alias=e2620.chtc.wisc.edu&noUDP&sock=slot1_63_1960490_4f24_49657>
...
040 (11188617.006.000) 2023-07-28 07:01:30 Finished transferring input files
...
001 (11188617.006.000) 2023-07-28 07:01:32 Job executing on host: <128.105.69.237:9618?addrs=128.105.69.237-9618+[2607-f388-2200-100-eaeb-d3ff-fe40-230c]-9618&alias=e2620.chtc.wisc.edu&noUDP&sock=startd_11763_04a0>
	SlotName: slot1_63@e2620.chtc.wisc.edu
	CondorScratchDir = "/var/lib/condor/execute/slot1/dir_9557"
	Cpus = 1
	Disk = 1458998
	IoHeavy = 0
	Memory = 512
...
006 (11188617.006.000) 2023-07-28 07:01:41 Image size of job updated: 381724
	276  -  MemoryUsage of job (MB)
	281768  -  ResidentSetSize of job (KB)
...
006 (11188617.006.000) 2023-07-28 07:06:42 Image size of job updated: 381724
	337  -  MemoryUsage of job (MB)
	344544  -  ResidentSetSize of job (KB)
...
006 (11188617.006.000) 2023-07-28 07:11:42 Image size of job updated: 381724
	337  -  MemoryUsage of job (MB)
	344608  -  ResidentSetSize of job (KB)
...
006 (11188617.006.000) 2023-07-28 07:21:44 Image size of job updated: 381724
	342  -  MemoryUsage of job (MB)
	349996  -  ResidentSetSize of job (KB)
...
040 (11188617.006.000) 2023-07-28 07:22:59 Started transferring output files
...
040 (11188617.006.000) 2023-07-28 07:22:59 Finished transferring output files
...
005 (11188617.006.000) 2023-07-28 07:22:59 Job terminated.
	(1) Normal termination (return value 0)
		Usr 0 00:20:44, Sys 0 00:00:05  -  Run Remote Usage
		Usr 0 00:00:00, Sys 0 00:00:00  -  Run Local Usage
		Usr 0 00:20:44, Sys 0 00:00:05  -  Total Remote Usage
		Usr 0 00:00:00, Sys 0 00:00:00  -  Total Local Usage
	56066  -  Run Bytes Sent By Job
	32668696  -  Run Bytes Received By Job
	56066  -  Total Bytes Sent By Job
	32668696  -  Total Bytes Received By Job
	Partitionable Resources :     Usage  Request Allocated 
	   Cpus                 :      0.97        1         1 
	   Disk (KB)            : 255076      524288   1458998 
	   IoHeavy              :                            0 
	   Memory (MB)          :    342         512       512 

	Job terminated of its own accord at 2023-07-28T12:22:58Z with exit-code 0.
...
