000 (11208757.033.000) 2023-07-28 13:36:58 Job submitted from host: <128.104.101.92:9618?addrs=128.104.101.92-9618+[2607-f388-107c-501-a236-9fff-fe3c-caa8]-9618&alias=submit2.chtc.wisc.edu&noUDP&sock=schedd_1879732_618e>
...
040 (11208757.033.000) 2023-07-28 13:37:50 Started transferring input files
	Transferring to host: <128.105.69.193:9618?addrs=128.105.69.193-9618+[2607-f388-2200-100-1270-fdff-fe56-4604]-9618&alias=e4046.chtc.wisc.edu&noUDP&sock=slot1_32_1422684_5476_45505>
...
040 (11208757.033.000) 2023-07-28 13:37:52 Finished transferring input files
...
001 (11208757.033.000) 2023-07-28 13:37:53 Job executing on host: <128.105.69.193:9618?addrs=128.105.69.193-9618+[2607-f388-2200-100-1270-fdff-fe56-4604]-9618&alias=e4046.chtc.wisc.edu&noUDP&sock=startd_15967_9cc6>
	SlotName: slot1_32@e4046.chtc.wisc.edu
	CondorScratchDir = "/var/lib/condor/execute/slot1/dir_3363128"
	Cpus = 1
	Disk = 1208198
	IoHeavy = 0
	Memory = 512
...
006 (11208757.033.000) 2023-07-28 13:38:02 Image size of job updated: 383092
	321  -  MemoryUsage of job (MB)
	328216  -  ResidentSetSize of job (KB)
...
040 (11208757.033.000) 2023-07-28 13:40:10 Started transferring output files
...
040 (11208757.033.000) 2023-07-28 13:40:10 Finished transferring output files
...
005 (11208757.033.000) 2023-07-28 13:40:10 Job terminated.
	(1) Normal termination (return value 0)
		Usr 0 00:02:12, Sys 0 00:00:01  -  Run Remote Usage
		Usr 0 00:00:00, Sys 0 00:00:00  -  Run Local Usage
		Usr 0 00:02:12, Sys 0 00:00:01  -  Total Remote Usage
		Usr 0 00:00:00, Sys 0 00:00:00  -  Total Local Usage
	57063  -  Run Bytes Sent By Job
	32669180  -  Run Bytes Received By Job
	57063  -  Total Bytes Sent By Job
	32669180  -  Total Bytes Received By Job
	Partitionable Resources :     Usage  Request Allocated 
	   Cpus                 :      0.36        1         1 
	   Disk (KB)            : 255078      524288   1208198 
	   IoHeavy              :                            0 
	   Memory (MB)          :    321         512       512 

	Job terminated of its own accord at 2023-07-28T18:40:09Z with exit-code 0.
...
