000 (11188596.056.000) 2023-07-27 22:50:50 Job submitted from host: <128.104.101.92:9618?addrs=128.104.101.92-9618+[2607-f388-107c-501-a236-9fff-fe3c-caa8]-9618&alias=submit2.chtc.wisc.edu&noUDP&sock=schedd_1879732_618e>
...
040 (11188596.056.000) 2023-07-27 22:53:46 Started transferring input files
	Transferring to host: <128.105.69.120:9618?addrs=128.105.69.120-9618+[2607-f388-2200-100-1270-fdff-fe56-67bc]-9618&alias=e4069.chtc.wisc.edu&noUDP&sock=slot1_24_340513_f670_47625>
...
040 (11188596.056.000) 2023-07-27 22:53:49 Finished transferring input files
...
001 (11188596.056.000) 2023-07-27 22:53:53 Job executing on host: <128.105.69.120:9618?addrs=128.105.69.120-9618+[2607-f388-2200-100-1270-fdff-fe56-67bc]-9618&alias=e4069.chtc.wisc.edu&noUDP&sock=startd_16955_4c58>
	SlotName: slot1_24@e4069.chtc.wisc.edu
	CondorScratchDir = "/var/lib/condor/execute/slot1/dir_2941375"
	Cpus = 1
	Disk = 1208198
	IoHeavy = 0
	Memory = 512
...
006 (11188596.056.000) 2023-07-27 22:54:01 Image size of job updated: 280624
	152  -  MemoryUsage of job (MB)
	155320  -  ResidentSetSize of job (KB)
...
006 (11188596.056.000) 2023-07-27 22:55:25 Image size of job updated: 280624
	153  -  MemoryUsage of job (MB)
	155832  -  ResidentSetSize of job (KB)
...
040 (11188596.056.000) 2023-07-27 22:55:25 Started transferring output files
...
040 (11188596.056.000) 2023-07-27 22:55:25 Finished transferring output files
...
005 (11188596.056.000) 2023-07-27 22:55:25 Job terminated.
	(1) Normal termination (return value 0)
		Usr 0 00:01:28, Sys 0 00:00:01  -  Run Remote Usage
		Usr 0 00:00:00, Sys 0 00:00:00  -  Run Local Usage
		Usr 0 00:01:28, Sys 0 00:00:01  -  Total Remote Usage
		Usr 0 00:00:00, Sys 0 00:00:00  -  Total Local Usage
	57509  -  Run Bytes Sent By Job
	32668040  -  Run Bytes Received By Job
	57509  -  Total Bytes Sent By Job
	32668040  -  Total Bytes Received By Job
	Partitionable Resources :     Usage  Request Allocated 
	   Cpus                 :      0.08        1         1 
	   Disk (KB)            : 255175      524288   1208198 
	   IoHeavy              :                            0 
	   Memory (MB)          :    153         512       512 

	Job terminated of its own accord at 2023-07-28T03:55:25Z with exit-code 0.
...
