000 (11238961.034.000) 2023-07-28 19:56:05 Job submitted from host: <128.104.101.92:9618?addrs=128.104.101.92-9618+[2607-f388-107c-501-a236-9fff-fe3c-caa8]-9618&alias=submit2.chtc.wisc.edu&noUDP&sock=schedd_1879732_618e>
...
040 (11238961.034.000) 2023-07-28 19:57:40 Started transferring input files
	Transferring to host: <128.105.69.137:9618?addrs=128.105.69.137-9618+[2607-f388-2200-100-1270-fdff-fe56-d12c]-9618&alias=e4014.chtc.wisc.edu&noUDP&sock=slot1_23_3520931_2863_48608>
...
040 (11238961.034.000) 2023-07-28 19:57:41 Finished transferring input files
...
001 (11238961.034.000) 2023-07-28 19:57:42 Job executing on host: <128.105.69.137:9618?addrs=128.105.69.137-9618+[2607-f388-2200-100-1270-fdff-fe56-d12c]-9618&alias=e4014.chtc.wisc.edu&noUDP&sock=startd_15862_9754>
	SlotName: slot1_23@e4014.chtc.wisc.edu
	CondorScratchDir = "/var/lib/condor/execute/slot1/dir_984177"
	Cpus = 1
	Disk = 1208198
	IoHeavy = 0
	Memory = 512
...
006 (11238961.034.000) 2023-07-28 19:57:51 Image size of job updated: 384004
	318  -  MemoryUsage of job (MB)
	324900  -  ResidentSetSize of job (KB)
...
040 (11238961.034.000) 2023-07-28 19:58:58 Started transferring output files
...
040 (11238961.034.000) 2023-07-28 19:58:58 Finished transferring output files
...
005 (11238961.034.000) 2023-07-28 19:58:58 Job terminated.
	(1) Normal termination (return value 0)
		Usr 0 00:01:12, Sys 0 00:00:00  -  Run Remote Usage
		Usr 0 00:00:00, Sys 0 00:00:00  -  Run Local Usage
		Usr 0 00:01:12, Sys 0 00:00:00  -  Total Remote Usage
		Usr 0 00:00:00, Sys 0 00:00:00  -  Total Local Usage
	56978  -  Run Bytes Sent By Job
	32668232  -  Run Bytes Received By Job
	56978  -  Total Bytes Sent By Job
	32668232  -  Total Bytes Received By Job
	Partitionable Resources :    Usage  Request Allocated 
	   Cpus                 :                 1         1 
	   Disk (KB)            :   255068   524288   1208198 
	   IoHeavy              :                           0 
	   Memory (MB)          :      318      512       512 

	Job terminated of its own accord at 2023-07-29T00:58:58Z with exit-code 0.
...
