000 (11208757.008.000) 2023-07-28 13:36:58 Job submitted from host: <128.104.101.92:9618?addrs=128.104.101.92-9618+[2607-f388-107c-501-a236-9fff-fe3c-caa8]-9618&alias=submit2.chtc.wisc.edu&noUDP&sock=schedd_1879732_618e>
...
040 (11208757.008.000) 2023-07-28 13:37:47 Started transferring input files
	Transferring to host: <128.105.69.192:9618?addrs=128.105.69.192-9618+[2607-f388-2200-100-1270-fdff-fe56-bc04]-9618&alias=build4002.chtc.wisc.edu&noUDP&sock=slot3_26_862941_bfec_51515>
...
040 (11208757.008.000) 2023-07-28 13:37:49 Finished transferring input files
...
001 (11208757.008.000) 2023-07-28 13:37:50 Job executing on host: <128.105.69.192:9618?addrs=128.105.69.192-9618+[2607-f388-2200-100-1270-fdff-fe56-bc04]-9618&alias=build4002.chtc.wisc.edu&noUDP&sock=startd_15801_c00d>
	SlotName: slot3_26@build4002.chtc.wisc.edu
	CondorScratchDir = "/var/lib/condor/execute/slot3/dir_12987"
	Cpus = 1
	Disk = 1208198
	IoHeavy = 0
	Memory = 512
...
006 (11208757.008.000) 2023-07-28 13:37:59 Image size of job updated: 383208
	239  -  MemoryUsage of job (MB)
	244276  -  ResidentSetSize of job (KB)
...
006 (11208757.008.000) 2023-07-28 13:43:00 Image size of job updated: 383208
	328  -  MemoryUsage of job (MB)
	335260  -  ResidentSetSize of job (KB)
...
006 (11208757.008.000) 2023-07-28 13:48:01 Image size of job updated: 383208
	333  -  MemoryUsage of job (MB)
	340844  -  ResidentSetSize of job (KB)
...
006 (11208757.008.000) 2023-07-28 13:49:31 Image size of job updated: 383208
	334  -  MemoryUsage of job (MB)
	341100  -  ResidentSetSize of job (KB)
...
040 (11208757.008.000) 2023-07-28 13:49:31 Started transferring output files
...
040 (11208757.008.000) 2023-07-28 13:49:31 Finished transferring output files
...
005 (11208757.008.000) 2023-07-28 13:49:31 Job terminated.
	(1) Normal termination (return value 0)
		Usr 0 00:11:27, Sys 0 00:00:03  -  Run Remote Usage
		Usr 0 00:00:00, Sys 0 00:00:00  -  Run Local Usage
		Usr 0 00:11:27, Sys 0 00:00:03  -  Total Remote Usage
		Usr 0 00:00:00, Sys 0 00:00:00  -  Total Local Usage
	56073  -  Run Bytes Sent By Job
	32669180  -  Run Bytes Received By Job
	56073  -  Total Bytes Sent By Job
	32669180  -  Total Bytes Received By Job
	Partitionable Resources :     Usage  Request Allocated 
	   Cpus                 :      0.99        1         1 
	   Disk (KB)            : 255077      524288   1208198 
	   IoHeavy              :                            0 
	   Memory (MB)          :    334         512       512 

	Job terminated of its own accord at 2023-07-28T18:49:31Z with exit-code 0.
...
