000 (11238961.035.000) 2023-07-28 19:56:05 Job submitted from host: <128.104.101.92:9618?addrs=128.104.101.92-9618+[2607-f388-107c-501-a236-9fff-fe3c-caa8]-9618&alias=submit2.chtc.wisc.edu&noUDP&sock=schedd_1879732_618e>
...
040 (11238961.035.000) 2023-07-28 19:57:40 Started transferring input files
	Transferring to host: <128.105.69.181:9618?addrs=128.105.69.181-9618+[2607-f388-2200-100-1270-fdff-fe56-bd24]-9618&alias=e2564.chtc.wisc.edu&noUDP&sock=slot1_35_3212919_d6f5_51798>
...
040 (11238961.035.000) 2023-07-28 19:57:41 Finished transferring input files
...
001 (11238961.035.000) 2023-07-28 19:57:42 Job executing on host: <128.105.69.181:9618?addrs=128.105.69.181-9618+[2607-f388-2200-100-1270-fdff-fe56-bd24]-9618&alias=e2564.chtc.wisc.edu&noUDP&sock=startd_12944_15f9>
	SlotName: slot1_35@e2564.chtc.wisc.edu
	CondorScratchDir = "/var/lib/condor/execute/slot1/dir_1859066"
	Cpus = 1
	Disk = 1208198
	IoHeavy = 0
	Memory = 512
...
006 (11238961.035.000) 2023-07-28 19:57:51 Image size of job updated: 387480
	322  -  MemoryUsage of job (MB)
	329332  -  ResidentSetSize of job (KB)
...
040 (11238961.035.000) 2023-07-28 19:59:04 Started transferring output files
...
040 (11238961.035.000) 2023-07-28 19:59:04 Finished transferring output files
...
005 (11238961.035.000) 2023-07-28 19:59:04 Job terminated.
	(1) Normal termination (return value 0)
		Usr 0 00:01:18, Sys 0 00:00:01  -  Run Remote Usage
		Usr 0 00:00:00, Sys 0 00:00:00  -  Run Local Usage
		Usr 0 00:01:18, Sys 0 00:00:01  -  Total Remote Usage
		Usr 0 00:00:00, Sys 0 00:00:00  -  Total Local Usage
	56865  -  Run Bytes Sent By Job
	32668232  -  Run Bytes Received By Job
	56865  -  Total Bytes Sent By Job
	32668232  -  Total Bytes Received By Job
	Partitionable Resources :    Usage  Request Allocated 
	   Cpus                 :                 1         1 
	   Disk (KB)            :   255067   524288   1208198 
	   IoHeavy              :                           0 
	   Memory (MB)          :      322      512       512 

	Job terminated of its own accord at 2023-07-29T00:59:04Z with exit-code 0.
...
