000 (11188617.053.000) 2023-07-28 07:00:37 Job submitted from host: <128.104.101.92:9618?addrs=128.104.101.92-9618+[2607-f388-107c-501-a236-9fff-fe3c-caa8]-9618&alias=submit2.chtc.wisc.edu&noUDP&sock=schedd_1879732_618e>
...
040 (11188617.053.000) 2023-07-28 07:01:38 Started transferring input files
	Transferring to host: <128.105.69.241:9618?addrs=128.105.69.241-9618+[2607-f388-2200-100-eaeb-d3ff-fe40-110c]-9618&alias=e2624.chtc.wisc.edu&noUDP&sock=slot1_62_1704477_fd99_53540>
...
040 (11188617.053.000) 2023-07-28 07:01:40 Finished transferring input files
...
001 (11188617.053.000) 2023-07-28 07:01:42 Job executing on host: <128.105.69.241:9618?addrs=128.105.69.241-9618+[2607-f388-2200-100-eaeb-d3ff-fe40-110c]-9618&alias=e2624.chtc.wisc.edu&noUDP&sock=startd_18661_78ea>
	SlotName: slot1_62@e2624.chtc.wisc.edu
	CondorScratchDir = "/var/lib/condor/execute/slot1/dir_3057881"
	Cpus = 1
	Disk = 1458998
	IoHeavy = 0
	Memory = 512
...
006 (11188617.053.000) 2023-07-28 07:01:51 Image size of job updated: 396528
	329  -  MemoryUsage of job (MB)
	336568  -  ResidentSetSize of job (KB)
...
040 (11188617.053.000) 2023-07-28 07:06:29 Started transferring output files
...
040 (11188617.053.000) 2023-07-28 07:06:29 Finished transferring output files
...
005 (11188617.053.000) 2023-07-28 07:06:29 Job terminated.
	(1) Normal termination (return value 0)
		Usr 0 00:04:41, Sys 0 00:00:01  -  Run Remote Usage
		Usr 0 00:00:00, Sys 0 00:00:00  -  Run Local Usage
		Usr 0 00:04:41, Sys 0 00:00:01  -  Total Remote Usage
		Usr 0 00:00:00, Sys 0 00:00:00  -  Total Local Usage
	56103  -  Run Bytes Sent By Job
	32668696  -  Run Bytes Received By Job
	56103  -  Total Bytes Sent By Job
	32668696  -  Total Bytes Received By Job
	Partitionable Resources :     Usage  Request Allocated 
	   Cpus                 :      0.99        1         1 
	   Disk (KB)            : 255076      524288   1458998 
	   IoHeavy              :                            0 
	   Memory (MB)          :    329         512       512 

	Job terminated of its own accord at 2023-07-28T12:06:29Z with exit-code 0.
...
