000 (11208757.035.000) 2023-07-28 13:36:58 Job submitted from host: <128.104.101.92:9618?addrs=128.104.101.92-9618+[2607-f388-107c-501-a236-9fff-fe3c-caa8]-9618&alias=submit2.chtc.wisc.edu&noUDP&sock=schedd_1879732_618e>
...
040 (11208757.035.000) 2023-07-28 13:37:50 Started transferring input files
	Transferring to host: <128.105.69.205:9618?addrs=128.105.69.205-9618+[2607-f388-2200-100-eaeb-d3ff-fe40-294c]-9618&alias=e2588.chtc.wisc.edu&noUDP&sock=slot1_14_3681644_014a_47761>
...
040 (11208757.035.000) 2023-07-28 13:37:52 Finished transferring input files
...
001 (11208757.035.000) 2023-07-28 13:37:53 Job executing on host: <128.105.69.205:9618?addrs=128.105.69.205-9618+[2607-f388-2200-100-eaeb-d3ff-fe40-294c]-9618&alias=e2588.chtc.wisc.edu&noUDP&sock=startd_16569_88c9>
	SlotName: slot1_14@e2588.chtc.wisc.edu
	CondorScratchDir = "/var/lib/condor/execute/slot1/dir_2626113"
	Cpus = 1
	Disk = 1458998
	IoHeavy = 0
	Memory = 512
...
006 (11208757.035.000) 2023-07-28 13:38:02 Image size of job updated: 277032
	218  -  MemoryUsage of job (MB)
	222224  -  ResidentSetSize of job (KB)
...
040 (11208757.035.000) 2023-07-28 13:40:02 Started transferring output files
...
040 (11208757.035.000) 2023-07-28 13:40:02 Finished transferring output files
...
005 (11208757.035.000) 2023-07-28 13:40:02 Job terminated.
	(1) Normal termination (return value 0)
		Usr 0 00:02:06, Sys 0 00:00:01  -  Run Remote Usage
		Usr 0 00:00:00, Sys 0 00:00:00  -  Run Local Usage
		Usr 0 00:02:06, Sys 0 00:00:01  -  Total Remote Usage
		Usr 0 00:00:00, Sys 0 00:00:00  -  Total Local Usage
	57087  -  Run Bytes Sent By Job
	32669180  -  Run Bytes Received By Job
	57087  -  Total Bytes Sent By Job
	32669180  -  Total Bytes Received By Job
	Partitionable Resources :     Usage  Request Allocated 
	   Cpus                 :      0.99        1         1 
	   Disk (KB)            : 255078      524288   1458998 
	   IoHeavy              :                            0 
	   Memory (MB)          :    218         512       512 

	Job terminated of its own accord at 2023-07-28T18:40:02Z with exit-code 0.
...
