000 (11238961.030.000) 2023-07-28 19:56:05 Job submitted from host: <128.104.101.92:9618?addrs=128.104.101.92-9618+[2607-f388-107c-501-a236-9fff-fe3c-caa8]-9618&alias=submit2.chtc.wisc.edu&noUDP&sock=schedd_1879732_618e>
...
040 (11238961.030.000) 2023-07-28 19:57:39 Started transferring input files
	Transferring to host: <128.105.69.206:9618?addrs=128.105.69.206-9618+[2607-f388-2200-100-eaeb-d3ff-fe40-2844]-9618&alias=e2589.chtc.wisc.edu&noUDP&sock=slot1_28_12425_4952_65322>
...
040 (11238961.030.000) 2023-07-28 19:57:41 Finished transferring input files
...
001 (11238961.030.000) 2023-07-28 19:57:42 Job executing on host: <128.105.69.206:9618?addrs=128.105.69.206-9618+[2607-f388-2200-100-eaeb-d3ff-fe40-2844]-9618&alias=e2589.chtc.wisc.edu&noUDP&sock=startd_18780_18af>
	SlotName: slot1_28@e2589.chtc.wisc.edu
	CondorScratchDir = "/var/lib/condor/execute/slot1/dir_1772116"
	Cpus = 1
	Disk = 1458998
	IoHeavy = 0
	Memory = 512
...
006 (11238961.030.000) 2023-07-28 19:57:51 Image size of job updated: 397324
	278  -  MemoryUsage of job (MB)
	284380  -  ResidentSetSize of job (KB)
...
006 (11238961.030.000) 2023-07-28 19:59:27 Image size of job updated: 397324
	293  -  MemoryUsage of job (MB)
	299484  -  ResidentSetSize of job (KB)
...
040 (11238961.030.000) 2023-07-28 19:59:27 Started transferring output files
...
040 (11238961.030.000) 2023-07-28 19:59:27 Finished transferring output files
...
005 (11238961.030.000) 2023-07-28 19:59:27 Job terminated.
	(1) Normal termination (return value 0)
		Usr 0 00:01:41, Sys 0 00:00:01  -  Run Remote Usage
		Usr 0 00:00:00, Sys 0 00:00:00  -  Run Local Usage
		Usr 0 00:01:41, Sys 0 00:00:01  -  Total Remote Usage
		Usr 0 00:00:00, Sys 0 00:00:00  -  Total Local Usage
	56963  -  Run Bytes Sent By Job
	32668232  -  Run Bytes Received By Job
	56963  -  Total Bytes Sent By Job
	32668232  -  Total Bytes Received By Job
	Partitionable Resources :    Usage  Request Allocated 
	   Cpus                 :                 1         1 
	   Disk (KB)            :   255068   524288   1458998 
	   IoHeavy              :                           0 
	   Memory (MB)          :      293      512       512 

	Job terminated of its own accord at 2023-07-29T00:59:27Z with exit-code 0.
...
