000 (11188596.009.000) 2023-07-27 22:50:50 Job submitted from host: <128.104.101.92:9618?addrs=128.104.101.92-9618+[2607-f388-107c-501-a236-9fff-fe3c-caa8]-9618&alias=submit2.chtc.wisc.edu&noUDP&sock=schedd_1879732_618e>
...
040 (11188596.009.000) 2023-07-27 22:53:36 Started transferring input files
	Transferring to host: <128.105.69.125:9618?addrs=128.105.69.125-9618+[2607-f388-2200-100-1270-fdff-fe56-79f4]-9618&alias=e4074.chtc.wisc.edu&noUDP&sock=slot1_77_932987_7e4d_44383>
...
040 (11188596.009.000) 2023-07-27 22:53:41 Finished transferring input files
...
001 (11188596.009.000) 2023-07-27 22:53:45 Job executing on host: <128.105.69.125:9618?addrs=128.105.69.125-9618+[2607-f388-2200-100-1270-fdff-fe56-79f4]-9618&alias=e4074.chtc.wisc.edu&noUDP&sock=startd_17118_1a48>
	SlotName: slot1_77@e4074.chtc.wisc.edu
	CondorScratchDir = "/var/lib/condor/execute/slot1/dir_619775"
	Cpus = 1
	Disk = 1208198
	IoHeavy = 0
	Memory = 512
...
006 (11188596.009.000) 2023-07-27 22:53:54 Image size of job updated: 158344
	152  -  MemoryUsage of job (MB)
	155616  -  ResidentSetSize of job (KB)
...
006 (11188596.009.000) 2023-07-27 22:58:54 Image size of job updated: 276800
	233  -  MemoryUsage of job (MB)
	238304  -  ResidentSetSize of job (KB)
...
040 (11188596.009.000) 2023-07-28 00:10:31 Started transferring output files
...
040 (11188596.009.000) 2023-07-28 00:10:31 Finished transferring output files
...
005 (11188596.009.000) 2023-07-28 00:10:31 Job terminated.
	(1) Normal termination (return value 0)
		Usr 0 01:15:24, Sys 0 00:00:25  -  Run Remote Usage
		Usr 0 00:00:00, Sys 0 00:00:00  -  Run Local Usage
		Usr 0 01:15:24, Sys 0 00:00:25  -  Total Remote Usage
		Usr 0 00:00:00, Sys 0 00:00:00  -  Total Local Usage
	57863  -  Run Bytes Sent By Job
	32668040  -  Run Bytes Received By Job
	57863  -  Total Bytes Sent By Job
	32668040  -  Total Bytes Received By Job
	Partitionable Resources :     Usage  Request Allocated 
	   Cpus                 :      0.99        1         1 
	   Disk (KB)            : 255752      524288   1208198 
	   IoHeavy              :                            0 
	   Memory (MB)          :    233         512       512 

	Job terminated of its own accord at 2023-07-28T05:10:30Z with exit-code 0.
...
