000 (11208757.048.000) 2023-07-28 13:36:58 Job submitted from host: <128.104.101.92:9618?addrs=128.104.101.92-9618+[2607-f388-107c-501-a236-9fff-fe3c-caa8]-9618&alias=submit2.chtc.wisc.edu&noUDP&sock=schedd_1879732_618e>
...
040 (11208757.048.000) 2023-07-28 13:37:52 Started transferring input files
	Transferring to host: <128.105.69.105:9618?addrs=128.105.69.105-9618+[2607-f388-2200-100-1270-fdff-fe56-460c]-9618&alias=e4054.chtc.wisc.edu&noUDP&sock=slot1_20_3569719_b7a3_46844>
...
040 (11208757.048.000) 2023-07-28 13:37:53 Finished transferring input files
...
001 (11208757.048.000) 2023-07-28 13:37:54 Job executing on host: <128.105.69.105:9618?addrs=128.105.69.105-9618+[2607-f388-2200-100-1270-fdff-fe56-460c]-9618&alias=e4054.chtc.wisc.edu&noUDP&sock=startd_11813_505c>
	SlotName: slot1_20@e4054.chtc.wisc.edu
	CondorScratchDir = "/var/lib/condor/execute/slot1/dir_2367157"
	Cpus = 1
	Disk = 1208198
	IoHeavy = 0
	Memory = 512
...
006 (11208757.048.000) 2023-07-28 13:38:03 Image size of job updated: 387984
	322  -  MemoryUsage of job (MB)
	329348  -  ResidentSetSize of job (KB)
...
040 (11208757.048.000) 2023-07-28 13:38:54 Started transferring output files
...
040 (11208757.048.000) 2023-07-28 13:38:54 Finished transferring output files
...
005 (11208757.048.000) 2023-07-28 13:38:54 Job terminated.
	(1) Normal termination (return value 0)
		Usr 0 00:00:57, Sys 0 00:00:00  -  Run Remote Usage
		Usr 0 00:00:00, Sys 0 00:00:00  -  Run Local Usage
		Usr 0 00:00:57, Sys 0 00:00:00  -  Total Remote Usage
		Usr 0 00:00:00, Sys 0 00:00:00  -  Total Local Usage
	56381  -  Run Bytes Sent By Job
	32669180  -  Run Bytes Received By Job
	56381  -  Total Bytes Sent By Job
	32669180  -  Total Bytes Received By Job
	Partitionable Resources :    Usage  Request Allocated 
	   Cpus                 :                 1         1 
	   Disk (KB)            :   255068   524288   1208198 
	   IoHeavy              :                           0 
	   Memory (MB)          :      322      512       512 

	Job terminated of its own accord at 2023-07-28T18:38:54Z with exit-code 0.
...
