000 (11208756.046.000) 2023-07-28 13:34:16 Job submitted from host: <128.104.101.92:9618?addrs=128.104.101.92-9618+[2607-f388-107c-501-a236-9fff-fe3c-caa8]-9618&alias=submit2.chtc.wisc.edu&noUDP&sock=schedd_1879732_618e>
...
040 (11208756.046.000) 2023-07-28 13:35:49 Started transferring input files
	Transferring to host: <128.105.69.89:9618?addrs=128.105.69.89-9618+[2607-f388-2200-100-1270-fdff-fe56-41cc]-9618&alias=build4000.chtc.wisc.edu&noUDP&sock=slot3_13_2515835_19bb_47264>
...
040 (11208756.046.000) 2023-07-28 13:35:51 Finished transferring input files
...
001 (11208756.046.000) 2023-07-28 13:35:52 Job executing on host: <128.105.69.89:9618?addrs=128.105.69.89-9618+[2607-f388-2200-100-1270-fdff-fe56-41cc]-9618&alias=build4000.chtc.wisc.edu&noUDP&sock=startd_16084_dd5a>
	SlotName: slot3_13@build4000.chtc.wisc.edu
	CondorScratchDir = "/var/lib/condor/execute/slot3/dir_447467"
	Cpus = 1
	Disk = 1208198
	IoHeavy = 0
	Memory = 512
...
006 (11208756.046.000) 2023-07-28 13:35:56 Image size of job updated: 384528
	184  -  MemoryUsage of job (MB)
	188408  -  ResidentSetSize of job (KB)
...
040 (11208756.046.000) 2023-07-28 13:35:56 Started transferring output files
...
040 (11208756.046.000) 2023-07-28 13:35:56 Finished transferring output files
...
005 (11208756.046.000) 2023-07-28 13:35:56 Job terminated.
	(1) Normal termination (return value 1)
		Usr 0 00:00:03, Sys 0 00:00:00  -  Run Remote Usage
		Usr 0 00:00:00, Sys 0 00:00:00  -  Run Local Usage
		Usr 0 00:00:03, Sys 0 00:00:00  -  Total Remote Usage
		Usr 0 00:00:00, Sys 0 00:00:00  -  Total Local Usage
	2575  -  Run Bytes Sent By Job
	32669186  -  Run Bytes Received By Job
	2575  -  Total Bytes Sent By Job
	32669186  -  Total Bytes Received By Job
	Partitionable Resources :    Usage  Request Allocated 
	   Cpus                 :                 1         1 
	   Disk (KB)            :   255015   524288   1208198 
	   IoHeavy              :                           0 
	   Memory (MB)          :      184      512       512 

	Job terminated of its own accord at 2023-07-28T18:35:56Z with exit-code 1.
...
