000 (11208756.008.000) 2023-07-28 13:34:16 Job submitted from host: <128.104.101.92:9618?addrs=128.104.101.92-9618+[2607-f388-107c-501-a236-9fff-fe3c-caa8]-9618&alias=submit2.chtc.wisc.edu&noUDP&sock=schedd_1879732_618e>
...
040 (11208756.008.000) 2023-07-28 13:35:36 Started transferring input files
	Transferring to host: <128.105.69.237:9618?addrs=128.105.69.237-9618+[2607-f388-2200-100-eaeb-d3ff-fe40-230c]-9618&alias=e2620.chtc.wisc.edu&noUDP&sock=slot1_56_1960490_4f24_51037>
...
040 (11208756.008.000) 2023-07-28 13:35:37 Finished transferring input files
...
001 (11208756.008.000) 2023-07-28 13:35:38 Job executing on host: <128.105.69.237:9618?addrs=128.105.69.237-9618+[2607-f388-2200-100-eaeb-d3ff-fe40-230c]-9618&alias=e2620.chtc.wisc.edu&noUDP&sock=startd_11763_04a0>
	SlotName: slot1_56@e2620.chtc.wisc.edu
	CondorScratchDir = "/var/lib/condor/execute/slot1/dir_615024"
	Cpus = 1
	Disk = 1458998
	IoHeavy = 0
	Memory = 512
...
006 (11208756.008.000) 2023-07-28 13:35:46 Image size of job updated: 382940
	182  -  MemoryUsage of job (MB)
	185448  -  ResidentSetSize of job (KB)
...
040 (11208756.008.000) 2023-07-28 13:35:46 Started transferring output files
...
040 (11208756.008.000) 2023-07-28 13:35:46 Finished transferring output files
...
005 (11208756.008.000) 2023-07-28 13:35:48 Job terminated.
	(1) Normal termination (return value 1)
		Usr 0 00:00:05, Sys 0 00:00:00  -  Run Remote Usage
		Usr 0 00:00:00, Sys 0 00:00:00  -  Run Local Usage
		Usr 0 00:00:05, Sys 0 00:00:00  -  Total Remote Usage
		Usr 0 00:00:00, Sys 0 00:00:00  -  Total Local Usage
	2575  -  Run Bytes Sent By Job
	32669186  -  Run Bytes Received By Job
	2575  -  Total Bytes Sent By Job
	32669186  -  Total Bytes Received By Job
	Partitionable Resources :    Usage  Request Allocated 
	   Cpus                 :                 1         1 
	   Disk (KB)            :   255015   524288   1458998 
	   IoHeavy              :                           0 
	   Memory (MB)          :      182      512       512 

	Job terminated of its own accord at 2023-07-28T18:35:46Z with exit-code 1.
...
