000 (11188596.003.000) 2023-07-27 22:50:50 Job submitted from host: <128.104.101.92:9618?addrs=128.104.101.92-9618+[2607-f388-107c-501-a236-9fff-fe3c-caa8]-9618&alias=submit2.chtc.wisc.edu&noUDP&sock=schedd_1879732_618e>
...
040 (11188596.003.000) 2023-07-27 22:53:35 Started transferring input files
	Transferring to host: <128.105.69.229:9618?addrs=128.105.69.229-9618+[2607-f388-2200-100-eaeb-d3ff-fe40-1104]-9618&alias=e2612.chtc.wisc.edu&noUDP&sock=slot1_24_61344_25b8_52668>
...
040 (11188596.003.000) 2023-07-27 22:53:39 Finished transferring input files
...
001 (11188596.003.000) 2023-07-27 22:53:45 Job executing on host: <128.105.69.229:9618?addrs=128.105.69.229-9618+[2607-f388-2200-100-eaeb-d3ff-fe40-1104]-9618&alias=e2612.chtc.wisc.edu&noUDP&sock=startd_18685_ef2f>
	SlotName: slot1_24@e2612.chtc.wisc.edu
	CondorScratchDir = "/var/lib/condor/execute/slot1/dir_4176068"
	Cpus = 1
	Disk = 1458998
	IoHeavy = 0
	Memory = 512
...
006 (11188596.003.000) 2023-07-27 22:53:53 Image size of job updated: 264028
	256  -  MemoryUsage of job (MB)
	261532  -  ResidentSetSize of job (KB)
...
006 (11188596.003.000) 2023-07-27 22:58:53 Image size of job updated: 382940
	335  -  MemoryUsage of job (MB)
	342164  -  ResidentSetSize of job (KB)
...
006 (11188596.003.000) 2023-07-27 23:03:54 Image size of job updated: 382940
	335  -  MemoryUsage of job (MB)
	342420  -  ResidentSetSize of job (KB)
...
006 (11188596.003.000) 2023-07-27 23:33:57 Image size of job updated: 382940
	338  -  MemoryUsage of job (MB)
	345308  -  ResidentSetSize of job (KB)
...
006 (11188596.003.000) 2023-07-28 00:09:02 Image size of job updated: 382940
	339  -  MemoryUsage of job (MB)
	346360  -  ResidentSetSize of job (KB)
...
