000 (11188596.005.000) 2023-07-27 22:50:50 Job submitted from host: <128.104.101.92:9618?addrs=128.104.101.92-9618+[2607-f388-107c-501-a236-9fff-fe3c-caa8]-9618&alias=submit2.chtc.wisc.edu&noUDP&sock=schedd_1879732_618e>
...
040 (11188596.005.000) 2023-07-27 22:53:35 Started transferring input files
	Transferring to host: <128.105.69.188:9618?addrs=128.105.69.188-9618+[2607-f388-2200-100-1270-fdff-fe56-bf54]-9618&alias=e4040.chtc.wisc.edu&noUDP&sock=slot1_16_940684_b9e6_48656>
...
040 (11188596.005.000) 2023-07-27 22:53:37 Finished transferring input files
...
001 (11188596.005.000) 2023-07-27 22:53:43 Job executing on host: <128.105.69.188:9618?addrs=128.105.69.188-9618+[2607-f388-2200-100-1270-fdff-fe56-bf54]-9618&alias=e4040.chtc.wisc.edu&noUDP&sock=startd_15998_e035>
	SlotName: slot1_16@e4040.chtc.wisc.edu
	CondorScratchDir = "/var/lib/condor/execute/slot1/dir_1391032"
	Cpus = 1
	Disk = 1208198
	IoHeavy = 0
	Memory = 512
...
006 (11188596.005.000) 2023-07-27 22:53:52 Image size of job updated: 275856
	134  -  MemoryUsage of job (MB)
	136852  -  ResidentSetSize of job (KB)
...
006 (11188596.005.000) 2023-07-27 22:58:53 Image size of job updated: 275856
	224  -  MemoryUsage of job (MB)
	228764  -  ResidentSetSize of job (KB)
...
006 (11188596.005.000) 2023-07-27 23:08:54 Image size of job updated: 275856
	232  -  MemoryUsage of job (MB)
	237132  -  ResidentSetSize of job (KB)
...
006 (11188596.005.000) 2023-07-27 23:13:55 Image size of job updated: 275856
	234  -  MemoryUsage of job (MB)
	239088  -  ResidentSetSize of job (KB)
...
040 (11188596.005.000) 2023-07-27 23:44:33 Started transferring output files
...
040 (11188596.005.000) 2023-07-27 23:44:33 Finished transferring output files
...
005 (11188596.005.000) 2023-07-27 23:44:33 Job terminated.
	(1) Normal termination (return value 0)
		Usr 0 00:49:51, Sys 0 00:00:10  -  Run Remote Usage
		Usr 0 00:00:00, Sys 0 00:00:00  -  Run Local Usage
		Usr 0 00:49:51, Sys 0 00:00:10  -  Total Remote Usage
		Usr 0 00:00:00, Sys 0 00:00:00  -  Total Local Usage
	56886  -  Run Bytes Sent By Job
	32668040  -  Run Bytes Received By Job
	56886  -  Total Bytes Sent By Job
	32668040  -  Total Bytes Received By Job
	Partitionable Resources :     Usage  Request Allocated 
	   Cpus                 :      0.99        1         1 
	   Disk (KB)            : 255174      524288   1208198 
	   IoHeavy              :                            0 
	   Memory (MB)          :    234         512       512 

	Job terminated of its own accord at 2023-07-28T04:44:33Z with exit-code 0.
...
