000 (11188617.041.000) 2023-07-28 07:00:37 Job submitted from host: <128.104.101.92:9618?addrs=128.104.101.92-9618+[2607-f388-107c-501-a236-9fff-fe3c-caa8]-9618&alias=submit2.chtc.wisc.edu&noUDP&sock=schedd_1879732_618e>
...
040 (11188617.041.000) 2023-07-28 07:01:37 Started transferring input files
	Transferring to host: <128.105.69.193:9618?addrs=128.105.69.193-9618+[2607-f388-2200-100-1270-fdff-fe56-4604]-9618&alias=e4046.chtc.wisc.edu&noUDP&sock=slot1_94_1422684_5476_44366>
...
040 (11188617.041.000) 2023-07-28 07:01:39 Finished transferring input files
...
001 (11188617.041.000) 2023-07-28 07:01:40 Job executing on host: <128.105.69.193:9618?addrs=128.105.69.193-9618+[2607-f388-2200-100-1270-fdff-fe56-4604]-9618&alias=e4046.chtc.wisc.edu&noUDP&sock=startd_15967_9cc6>
	SlotName: slot1_94@e4046.chtc.wisc.edu
	CondorScratchDir = "/var/lib/condor/execute/slot1/dir_2925341"
	Cpus = 1
	Disk = 1208198
	IoHeavy = 0
	Memory = 512
...
006 (11188617.041.000) 2023-07-28 07:01:49 Image size of job updated: 388524
	265  -  MemoryUsage of job (MB)
	271048  -  ResidentSetSize of job (KB)
...
040 (11188617.041.000) 2023-07-28 07:03:10 Started transferring output files
...
040 (11188617.041.000) 2023-07-28 07:03:10 Finished transferring output files
...
005 (11188617.041.000) 2023-07-28 07:03:10 Job terminated.
	(1) Normal termination (return value 0)
		Usr 0 00:01:25, Sys 0 00:00:01  -  Run Remote Usage
		Usr 0 00:00:00, Sys 0 00:00:00  -  Run Local Usage
		Usr 0 00:01:25, Sys 0 00:00:01  -  Total Remote Usage
		Usr 0 00:00:00, Sys 0 00:00:00  -  Total Local Usage
	56291  -  Run Bytes Sent By Job
	32668696  -  Run Bytes Received By Job
	56291  -  Total Bytes Sent By Job
	32668696  -  Total Bytes Received By Job
	Partitionable Resources :     Usage  Request Allocated 
	   Cpus                 :      0.99        1         1 
	   Disk (KB)            : 255077      524288   1208198 
	   IoHeavy              :                            0 
	   Memory (MB)          :    265         512       512 

	Job terminated of its own accord at 2023-07-28T12:03:10Z with exit-code 0.
...
