000 (11188617.020.000) 2023-07-28 07:00:37 Job submitted from host: <128.104.101.92:9618?addrs=128.104.101.92-9618+[2607-f388-107c-501-a236-9fff-fe3c-caa8]-9618&alias=submit2.chtc.wisc.edu&noUDP&sock=schedd_1879732_618e>
...
040 (11188617.020.000) 2023-07-28 07:01:32 Started transferring input files
	Transferring to host: <128.105.69.237:9618?addrs=128.105.69.237-9618+[2607-f388-2200-100-eaeb-d3ff-fe40-230c]-9618&alias=e2620.chtc.wisc.edu&noUDP&sock=slot1_74_1960490_4f24_49663>
...
040 (11188617.020.000) 2023-07-28 07:01:34 Finished transferring input files
...
001 (11188617.020.000) 2023-07-28 07:01:35 Job executing on host: <128.105.69.237:9618?addrs=128.105.69.237-9618+[2607-f388-2200-100-eaeb-d3ff-fe40-230c]-9618&alias=e2620.chtc.wisc.edu&noUDP&sock=startd_11763_04a0>
	SlotName: slot1_74@e2620.chtc.wisc.edu
	CondorScratchDir = "/var/lib/condor/execute/slot1/dir_9665"
	Cpus = 1
	Disk = 1458998
	IoHeavy = 0
	Memory = 512
...
006 (11188617.020.000) 2023-07-28 07:01:44 Image size of job updated: 275372
	155  -  MemoryUsage of job (MB)
	157784  -  ResidentSetSize of job (KB)
...
040 (11188617.020.000) 2023-07-28 07:04:35 Started transferring output files
...
040 (11188617.020.000) 2023-07-28 07:04:35 Finished transferring output files
...
005 (11188617.020.000) 2023-07-28 07:04:35 Job terminated.
	(1) Normal termination (return value 0)
		Usr 0 00:02:53, Sys 0 00:00:01  -  Run Remote Usage
		Usr 0 00:00:00, Sys 0 00:00:00  -  Run Local Usage
		Usr 0 00:02:53, Sys 0 00:00:01  -  Total Remote Usage
		Usr 0 00:00:00, Sys 0 00:00:00  -  Total Local Usage
	57067  -  Run Bytes Sent By Job
	32668696  -  Run Bytes Received By Job
	57067  -  Total Bytes Sent By Job
	32668696  -  Total Bytes Received By Job
	Partitionable Resources :     Usage  Request Allocated 
	   Cpus                 :      0.99        1         1 
	   Disk (KB)            : 255077      524288   1458998 
	   IoHeavy              :                            0 
	   Memory (MB)          :    155         512       512 

	Job terminated of its own accord at 2023-07-28T12:04:35Z with exit-code 0.
...
