000 (11188617.051.000) 2023-07-28 07:00:37 Job submitted from host: <128.104.101.92:9618?addrs=128.104.101.92-9618+[2607-f388-107c-501-a236-9fff-fe3c-caa8]-9618&alias=submit2.chtc.wisc.edu&noUDP&sock=schedd_1879732_618e>
...
040 (11188617.051.000) 2023-07-28 07:01:38 Started transferring input files
	Transferring to host: <128.105.69.136:9618?addrs=128.105.69.136-9618+[2607-f388-2200-100-1270-fdff-fe56-c8dc]-9618&alias=e4041.chtc.wisc.edu&noUDP&sock=slot1_59_1608905_deeb_50129>
...
040 (11188617.051.000) 2023-07-28 07:01:40 Finished transferring input files
...
001 (11188617.051.000) 2023-07-28 07:01:42 Job executing on host: <128.105.69.136:9618?addrs=128.105.69.136-9618+[2607-f388-2200-100-1270-fdff-fe56-c8dc]-9618&alias=e4041.chtc.wisc.edu&noUDP&sock=startd_15863_46ec>
	SlotName: slot1_59@e4041.chtc.wisc.edu
	CondorScratchDir = "/var/lib/condor/execute/slot1/dir_2125013"
	Cpus = 1
	Disk = 1208198
	IoHeavy = 0
	Memory = 512
...
006 (11188617.051.000) 2023-07-28 07:01:50 Image size of job updated: 385324
	267  -  MemoryUsage of job (MB)
	273364  -  ResidentSetSize of job (KB)
...
040 (11188617.051.000) 2023-07-28 07:06:08 Started transferring output files
...
040 (11188617.051.000) 2023-07-28 07:06:08 Finished transferring output files
...
005 (11188617.051.000) 2023-07-28 07:06:08 Job terminated.
	(1) Normal termination (return value 0)
		Usr 0 00:04:20, Sys 0 00:00:01  -  Run Remote Usage
		Usr 0 00:00:00, Sys 0 00:00:00  -  Run Local Usage
		Usr 0 00:04:20, Sys 0 00:00:01  -  Total Remote Usage
		Usr 0 00:00:00, Sys 0 00:00:00  -  Total Local Usage
	56045  -  Run Bytes Sent By Job
	32668696  -  Run Bytes Received By Job
	56045  -  Total Bytes Sent By Job
	32668696  -  Total Bytes Received By Job
	Partitionable Resources :     Usage  Request Allocated 
	   Cpus                 :      0.99        1         1 
	   Disk (KB)            : 255076      524288   1208198 
	   IoHeavy              :                            0 
	   Memory (MB)          :    267         512       512 

	Job terminated of its own accord at 2023-07-28T12:06:07Z with exit-code 0.
...
