000 (11188596.060.000) 2023-07-27 22:50:50 Job submitted from host: <128.104.101.92:9618?addrs=128.104.101.92-9618+[2607-f388-107c-501-a236-9fff-fe3c-caa8]-9618&alias=submit2.chtc.wisc.edu&noUDP&sock=schedd_1879732_618e>
...
040 (11188596.060.000) 2023-07-27 22:53:55 Started transferring input files
	Transferring to host: <128.105.69.91:9618?addrs=128.105.69.91-9618+[2607-f388-2200-100-1270-fdff-fe56-41c4]-9618&alias=e4002.chtc.wisc.edu&noUDP&sock=slot1_42_2067452_b6e1_61740>
...
040 (11188596.060.000) 2023-07-27 22:53:58 Finished transferring input files
...
001 (11188596.060.000) 2023-07-27 22:54:01 Job executing on host: <128.105.69.91:9618?addrs=128.105.69.91-9618+[2607-f388-2200-100-1270-fdff-fe56-41c4]-9618&alias=e4002.chtc.wisc.edu&noUDP&sock=startd_14707_5b71>
	SlotName: slot1_42@e4002.chtc.wisc.edu
	CondorScratchDir = "/var/lib/condor/execute/slot1/dir_301030"
	Cpus = 1
	Disk = 1268229
	IoHeavy = 0
	Memory = 512
...
006 (11188596.060.000) 2023-07-27 22:54:10 Image size of job updated: 295072
	170  -  MemoryUsage of job (MB)
	174068  -  ResidentSetSize of job (KB)
...
040 (11188596.060.000) 2023-07-27 22:55:39 Started transferring output files
...
040 (11188596.060.000) 2023-07-27 22:55:39 Finished transferring output files
...
005 (11188596.060.000) 2023-07-27 22:55:39 Job terminated.
	(1) Normal termination (return value 0)
		Usr 0 00:01:33, Sys 0 00:00:01  -  Run Remote Usage
		Usr 0 00:00:00, Sys 0 00:00:00  -  Run Local Usage
		Usr 0 00:01:33, Sys 0 00:00:01  -  Total Remote Usage
		Usr 0 00:00:00, Sys 0 00:00:00  -  Total Local Usage
	57415  -  Run Bytes Sent By Job
	32668040  -  Run Bytes Received By Job
	57415  -  Total Bytes Sent By Job
	32668040  -  Total Bytes Received By Job
	Partitionable Resources :     Usage  Request Allocated 
	   Cpus                 :      0.99        1         1 
	   Disk (KB)            : 255158      524288   1268229 
	   IoHeavy              :                            0 
	   Memory (MB)          :    170         512       512 

	Job terminated of its own accord at 2023-07-28T03:55:39Z with exit-code 0.
...
