000 (11188596.036.000) 2023-07-27 22:50:50 Job submitted from host: <128.104.101.92:9618?addrs=128.104.101.92-9618+[2607-f388-107c-501-a236-9fff-fe3c-caa8]-9618&alias=submit2.chtc.wisc.edu&noUDP&sock=schedd_1879732_618e>
...
040 (11188596.036.000) 2023-07-27 22:53:36 Started transferring input files
	Transferring to host: <128.105.69.204:9618?addrs=128.105.69.204-9618+[2607-f388-2200-100-1270-fdff-fe56-b85c]-9618&alias=e4035.chtc.wisc.edu&noUDP&sock=slot1_119_364591_1783_48944>
...
001 (11188596.036.000) 2023-07-27 22:53:43 Job executing on host: <128.105.69.204:9618?addrs=128.105.69.204-9618+[2607-f388-2200-100-1270-fdff-fe56-b85c]-9618&alias=e4035.chtc.wisc.edu&noUDP&sock=startd_11684_d4a5>
	SlotName: slot1_119@e4035.chtc.wisc.edu
	CondorScratchDir = "/var/lib/condor/execute/slot1/dir_423614"
	Cpus = 1
	Disk = 1208198
	IoHeavy = 0
	Memory = 512
...
040 (11188596.036.000) 2023-07-27 22:53:43 Finished transferring input files
...
006 (11188596.036.000) 2023-07-27 22:53:51 Image size of job updated: 277000
	239  -  MemoryUsage of job (MB)
	244352  -  ResidentSetSize of job (KB)
...
006 (11188596.036.000) 2023-07-27 22:57:40 Image size of job updated: 277000
	250  -  MemoryUsage of job (MB)
	255512  -  ResidentSetSize of job (KB)
...
040 (11188596.036.000) 2023-07-27 22:57:45 Started transferring output files
...
040 (11188596.036.000) 2023-07-27 22:57:46 Finished transferring output files
...
005 (11188596.036.000) 2023-07-27 22:57:49 Job terminated.
	(1) Normal termination (return value 0)
		Usr 0 00:03:50, Sys 0 00:00:01  -  Run Remote Usage
		Usr 0 00:00:00, Sys 0 00:00:00  -  Run Local Usage
		Usr 0 00:03:50, Sys 0 00:00:01  -  Total Remote Usage
		Usr 0 00:00:00, Sys 0 00:00:00  -  Total Local Usage
	57944  -  Run Bytes Sent By Job
	32668040  -  Run Bytes Received By Job
	57944  -  Total Bytes Sent By Job
	32668040  -  Total Bytes Received By Job
	Partitionable Resources :     Usage  Request Allocated 
	   Cpus                 :      0.98        1         1 
	   Disk (KB)            : 256343      524288   1208198 
	   IoHeavy              :                            0 
	   Memory (MB)          :    250         512       512 

	Job terminated of its own accord at 2023-07-28T03:57:40Z with exit-code 0.
...
