000 (11208757.007.000) 2023-07-28 13:36:58 Job submitted from host: <128.104.101.92:9618?addrs=128.104.101.92-9618+[2607-f388-107c-501-a236-9fff-fe3c-caa8]-9618&alias=submit2.chtc.wisc.edu&noUDP&sock=schedd_1879732_618e>
...
040 (11208757.007.000) 2023-07-28 13:37:47 Started transferring input files
	Transferring to host: <128.105.69.125:9618?addrs=128.105.69.125-9618+[2607-f388-2200-100-1270-fdff-fe56-79f4]-9618&alias=e4074.chtc.wisc.edu&noUDP&sock=slot1_81_932987_7e4d_46519>
...
040 (11208757.007.000) 2023-07-28 13:37:49 Finished transferring input files
...
001 (11208757.007.000) 2023-07-28 13:37:50 Job executing on host: <128.105.69.125:9618?addrs=128.105.69.125-9618+[2607-f388-2200-100-1270-fdff-fe56-79f4]-9618&alias=e4074.chtc.wisc.edu&noUDP&sock=startd_17118_1a48>
	SlotName: slot1_81@e4074.chtc.wisc.edu
	CondorScratchDir = "/var/lib/condor/execute/slot1/dir_1273058"
	Cpus = 1
	Disk = 1208198
	IoHeavy = 0
	Memory = 512
...
006 (11208757.007.000) 2023-07-28 13:37:59 Image size of job updated: 382052
	319  -  MemoryUsage of job (MB)
	325712  -  ResidentSetSize of job (KB)
...
006 (11208757.007.000) 2023-07-28 13:43:00 Image size of job updated: 382052
	332  -  MemoryUsage of job (MB)
	339512  -  ResidentSetSize of job (KB)
...
006 (11208757.007.000) 2023-07-28 13:48:00 Image size of job updated: 382052
	337  -  MemoryUsage of job (MB)
	344624  -  ResidentSetSize of job (KB)
...
006 (11208757.007.000) 2023-07-28 13:53:01 Image size of job updated: 382052
	342  -  MemoryUsage of job (MB)
	349812  -  ResidentSetSize of job (KB)
...
040 (11208757.007.000) 2023-07-28 14:31:27 Started transferring output files
...
040 (11208757.007.000) 2023-07-28 14:31:27 Finished transferring output files
...
005 (11208757.007.000) 2023-07-28 14:31:27 Job terminated.
	(1) Normal termination (return value 0)
		Usr 0 00:52:48, Sys 0 00:00:11  -  Run Remote Usage
		Usr 0 00:00:00, Sys 0 00:00:00  -  Run Local Usage
		Usr 0 00:52:48, Sys 0 00:00:11  -  Total Remote Usage
		Usr 0 00:00:00, Sys 0 00:00:00  -  Total Local Usage
	56082  -  Run Bytes Sent By Job
	32669180  -  Run Bytes Received By Job
	56082  -  Total Bytes Sent By Job
	32669180  -  Total Bytes Received By Job
	Partitionable Resources :     Usage  Request Allocated 
	   Cpus                 :      0.99        1         1 
	   Disk (KB)            : 256050      524288   1208198 
	   IoHeavy              :                            0 
	   Memory (MB)          :    342         512       512 

	Job terminated of its own accord at 2023-07-28T19:31:27Z with exit-code 0.
...
