000 (11188596.061.000) 2023-07-27 22:50:50 Job submitted from host: <128.104.101.92:9618?addrs=128.104.101.92-9618+[2607-f388-107c-501-a236-9fff-fe3c-caa8]-9618&alias=submit2.chtc.wisc.edu&noUDP&sock=schedd_1879732_618e>
...
040 (11188596.061.000) 2023-07-27 22:53:46 Started transferring input files
	Transferring to host: <128.105.69.223:9618?addrs=128.105.69.223-9618+[2607-f388-2200-100-eaeb-d3ff-fe3f-fef4]-9618&alias=e2606.chtc.wisc.edu&noUDP&sock=slot1_54_1358996_5f58_49525>
...
040 (11188596.061.000) 2023-07-27 22:53:49 Finished transferring input files
...
001 (11188596.061.000) 2023-07-27 22:53:53 Job executing on host: <128.105.69.223:9618?addrs=128.105.69.223-9618+[2607-f388-2200-100-eaeb-d3ff-fe3f-fef4]-9618&alias=e2606.chtc.wisc.edu&noUDP&sock=startd_18848_bd1f>
	SlotName: slot1_54@e2606.chtc.wisc.edu
	CondorScratchDir = "/var/lib/condor/execute/slot1/dir_1674243"
	Cpus = 1
	Disk = 1458998
	IoHeavy = 0
	Memory = 512
...
006 (11188596.061.000) 2023-07-27 22:54:01 Image size of job updated: 387792
	253  -  MemoryUsage of job (MB)
	258604  -  ResidentSetSize of job (KB)
...
006 (11188596.061.000) 2023-07-27 22:55:37 Image size of job updated: 387792
	254  -  MemoryUsage of job (MB)
	259628  -  ResidentSetSize of job (KB)
...
040 (11188596.061.000) 2023-07-27 22:55:38 Started transferring output files
...
040 (11188596.061.000) 2023-07-27 22:55:38 Finished transferring output files
...
005 (11188596.061.000) 2023-07-27 22:55:39 Job terminated.
	(1) Normal termination (return value 0)
		Usr 0 00:01:40, Sys 0 00:00:01  -  Run Remote Usage
		Usr 0 00:00:00, Sys 0 00:00:00  -  Run Local Usage
		Usr 0 00:01:40, Sys 0 00:00:01  -  Total Remote Usage
		Usr 0 00:00:00, Sys 0 00:00:00  -  Total Local Usage
	57351  -  Run Bytes Sent By Job
	32668040  -  Run Bytes Received By Job
	57351  -  Total Bytes Sent By Job
	32668040  -  Total Bytes Received By Job
	Partitionable Resources :     Usage  Request Allocated 
	   Cpus                 :      0.94        1         1 
	   Disk (KB)            : 255174      524288   1458998 
	   IoHeavy              :                            0 
	   Memory (MB)          :    254         512       512 

	Job terminated of its own accord at 2023-07-28T03:55:37Z with exit-code 0.
...
