000 (11208756.012.000) 2023-07-28 13:34:16 Job submitted from host: <128.104.101.92:9618?addrs=128.104.101.92-9618+[2607-f388-107c-501-a236-9fff-fe3c-caa8]-9618&alias=submit2.chtc.wisc.edu&noUDP&sock=schedd_1879732_618e>
...
040 (11208756.012.000) 2023-07-28 13:35:45 Started transferring input files
	Transferring to host: <128.105.69.125:9618?addrs=128.105.69.125-9618+[2607-f388-2200-100-1270-fdff-fe56-79f4]-9618&alias=e4074.chtc.wisc.edu&noUDP&sock=slot1_90_932987_7e4d_46513>
...
040 (11208756.012.000) 2023-07-28 13:35:49 Finished transferring input files
...
001 (11208756.012.000) 2023-07-28 13:35:50 Job executing on host: <128.105.69.125:9618?addrs=128.105.69.125-9618+[2607-f388-2200-100-1270-fdff-fe56-79f4]-9618&alias=e4074.chtc.wisc.edu&noUDP&sock=startd_17118_1a48>
	SlotName: slot1_90@e4074.chtc.wisc.edu
	CondorScratchDir = "/var/lib/condor/execute/slot1/dir_1268278"
	Cpus = 1
	Disk = 1208198
	IoHeavy = 0
	Memory = 512
...
006 (11208756.012.000) 2023-07-28 13:35:58 Image size of job updated: 382524
	334  -  MemoryUsage of job (MB)
	341524  -  ResidentSetSize of job (KB)
...
006 (11208756.012.000) 2023-07-28 13:36:03 Image size of job updated: 382524
	350  -  MemoryUsage of job (MB)
	357652  -  ResidentSetSize of job (KB)
...
040 (11208756.012.000) 2023-07-28 13:36:03 Started transferring output files
...
040 (11208756.012.000) 2023-07-28 13:36:04 Finished transferring output files
...
005 (11208756.012.000) 2023-07-28 13:36:04 Job terminated.
	(1) Normal termination (return value 1)
		Usr 0 00:00:10, Sys 0 00:00:02  -  Run Remote Usage
		Usr 0 00:00:00, Sys 0 00:00:00  -  Run Local Usage
		Usr 0 00:00:10, Sys 0 00:00:02  -  Total Remote Usage
		Usr 0 00:00:00, Sys 0 00:00:00  -  Total Local Usage
	2579  -  Run Bytes Sent By Job
	32669186  -  Run Bytes Received By Job
	2579  -  Total Bytes Sent By Job
	32669186  -  Total Bytes Received By Job
	Partitionable Resources :    Usage  Request Allocated 
	   Cpus                 :        0        1         1 
	   Disk (KB)            :   256059   524288   1208198 
	   IoHeavy              :                           0 
	   Memory (MB)          :      350      512       512 

	Job terminated of its own accord at 2023-07-28T18:36:03Z with exit-code 1.
...
