000 (11208757.021.000) 2023-07-28 13:36:58 Job submitted from host: <128.104.101.92:9618?addrs=128.104.101.92-9618+[2607-f388-107c-501-a236-9fff-fe3c-caa8]-9618&alias=submit2.chtc.wisc.edu&noUDP&sock=schedd_1879732_618e>
...
040 (11208757.021.000) 2023-07-28 13:37:49 Started transferring input files
	Transferring to host: <128.105.69.148:9618?addrs=128.105.69.148-9618+[2607-f388-2200-100-1270-fdff-fe56-ceec]-9618&alias=build4001.chtc.wisc.edu&noUDP&sock=slot3_11_3662029_768c_53636>
...
040 (11208757.021.000) 2023-07-28 13:37:51 Finished transferring input files
...
001 (11208757.021.000) 2023-07-28 13:37:52 Job executing on host: <128.105.69.148:9618?addrs=128.105.69.148-9618+[2607-f388-2200-100-1270-fdff-fe56-ceec]-9618&alias=build4001.chtc.wisc.edu&noUDP&sock=startd_16163_0d56>
	SlotName: slot3_11@build4001.chtc.wisc.edu
	CondorScratchDir = "/var/lib/condor/execute/slot3/dir_4036916"
	Cpus = 1
	Disk = 1208198
	IoHeavy = 0
	Memory = 512
...
006 (11208757.021.000) 2023-07-28 13:38:00 Image size of job updated: 382684
	265  -  MemoryUsage of job (MB)
	271056  -  ResidentSetSize of job (KB)
...
040 (11208757.021.000) 2023-07-28 13:42:41 Started transferring output files
...
040 (11208757.021.000) 2023-07-28 13:42:41 Finished transferring output files
...
005 (11208757.021.000) 2023-07-28 13:42:41 Job terminated.
	(1) Normal termination (return value 0)
		Usr 0 00:04:43, Sys 0 00:00:01  -  Run Remote Usage
		Usr 0 00:00:00, Sys 0 00:00:00  -  Run Local Usage
		Usr 0 00:04:43, Sys 0 00:00:01  -  Total Remote Usage
		Usr 0 00:00:00, Sys 0 00:00:00  -  Total Local Usage
	57038  -  Run Bytes Sent By Job
	32669180  -  Run Bytes Received By Job
	57038  -  Total Bytes Sent By Job
	32669180  -  Total Bytes Received By Job
	Partitionable Resources :     Usage  Request Allocated 
	   Cpus                 :      0.99        1         1 
	   Disk (KB)            : 255078      524288   1208198 
	   IoHeavy              :                            0 
	   Memory (MB)          :    265         512       512 

	Job terminated of its own accord at 2023-07-28T18:42:41Z with exit-code 0.
...
