000 (11188596.063.000) 2023-07-27 22:50:50 Job submitted from host: <128.104.101.92:9618?addrs=128.104.101.92-9618+[2607-f388-107c-501-a236-9fff-fe3c-caa8]-9618&alias=submit2.chtc.wisc.edu&noUDP&sock=schedd_1879732_618e>
...
040 (11188596.063.000) 2023-07-27 22:53:47 Started transferring input files
	Transferring to host: <128.105.69.155:9618?addrs=128.105.69.155-9618+[2607-f388-2200-100-1270-fdff-fe56-476c]-9618&alias=e4088.chtc.wisc.edu&noUDP&sock=slot1_52_1846058_9cf6_56197>
...
040 (11188596.063.000) 2023-07-27 22:53:48 Finished transferring input files
...
001 (11188596.063.000) 2023-07-27 22:53:50 Job executing on host: <128.105.69.155:9618?addrs=128.105.69.155-9618+[2607-f388-2200-100-1270-fdff-fe56-476c]-9618&alias=e4088.chtc.wisc.edu&noUDP&sock=startd_18901_17a4>
	SlotName: slot1_52@e4088.chtc.wisc.edu
	CondorScratchDir = "/var/lib/condor/execute/slot1/dir_1585845"
	Cpus = 1
	Disk = 1208198
	IoHeavy = 0
	Memory = 512
...
006 (11188596.063.000) 2023-07-27 22:53:58 Image size of job updated: 424500
	277  -  MemoryUsage of job (MB)
	282892  -  ResidentSetSize of job (KB)
...
040 (11188596.063.000) 2023-07-27 22:55:15 Started transferring output files
...
040 (11188596.063.000) 2023-07-27 22:55:15 Finished transferring output files
...
005 (11188596.063.000) 2023-07-27 22:55:15 Job terminated.
	(1) Normal termination (return value 0)
		Usr 0 00:01:21, Sys 0 00:00:01  -  Run Remote Usage
		Usr 0 00:00:00, Sys 0 00:00:00  -  Run Local Usage
		Usr 0 00:01:21, Sys 0 00:00:01  -  Total Remote Usage
		Usr 0 00:00:00, Sys 0 00:00:00  -  Total Local Usage
	57397  -  Run Bytes Sent By Job
	32668040  -  Run Bytes Received By Job
	57397  -  Total Bytes Sent By Job
	32668040  -  Total Bytes Received By Job
	Partitionable Resources :     Usage  Request Allocated 
	   Cpus                 :      0.99        1         1 
	   Disk (KB)            : 255175      524288   1208198 
	   IoHeavy              :                            0 
	   Memory (MB)          :    277         512       512 

	Job terminated of its own accord at 2023-07-28T03:55:15Z with exit-code 0.
...
