000 (11188617.023.000) 2023-07-28 07:00:37 Job submitted from host: <128.104.101.92:9618?addrs=128.104.101.92-9618+[2607-f388-107c-501-a236-9fff-fe3c-caa8]-9618&alias=submit2.chtc.wisc.edu&noUDP&sock=schedd_1879732_618e>
...
040 (11188617.023.000) 2023-07-28 07:01:33 Started transferring input files
	Transferring to host: <128.105.69.151:9618?addrs=128.105.69.151-9618+[2607-f388-2200-100-1270-fdff-fe56-7334]-9618&alias=e4028.chtc.wisc.edu&noUDP&sock=slot1_89_466780_7c9f_56454>
...
040 (11188617.023.000) 2023-07-28 07:01:34 Finished transferring input files
...
001 (11188617.023.000) 2023-07-28 07:01:36 Job executing on host: <128.105.69.151:9618?addrs=128.105.69.151-9618+[2607-f388-2200-100-1270-fdff-fe56-7334]-9618&alias=e4028.chtc.wisc.edu&noUDP&sock=startd_15849_ac99>
	SlotName: slot1_89@e4028.chtc.wisc.edu
	CondorScratchDir = "/var/lib/condor/execute/slot1/dir_3498209"
	Cpus = 1
	Disk = 1208198
	IoHeavy = 0
	Memory = 512
...
006 (11188617.023.000) 2023-07-28 07:01:45 Image size of job updated: 381480
	258  -  MemoryUsage of job (MB)
	263852  -  ResidentSetSize of job (KB)
...
040 (11188617.023.000) 2023-07-28 07:04:30 Started transferring output files
...
040 (11188617.023.000) 2023-07-28 07:04:30 Finished transferring output files
...
005 (11188617.023.000) 2023-07-28 07:04:30 Job terminated.
	(1) Normal termination (return value 0)
		Usr 0 00:02:48, Sys 0 00:00:01  -  Run Remote Usage
		Usr 0 00:00:00, Sys 0 00:00:00  -  Run Local Usage
		Usr 0 00:02:48, Sys 0 00:00:01  -  Total Remote Usage
		Usr 0 00:00:00, Sys 0 00:00:00  -  Total Local Usage
	57086  -  Run Bytes Sent By Job
	32668696  -  Run Bytes Received By Job
	57086  -  Total Bytes Sent By Job
	32668696  -  Total Bytes Received By Job
	Partitionable Resources :     Usage  Request Allocated 
	   Cpus                 :      0.99        1         1 
	   Disk (KB)            : 255077      524288   1208198 
	   IoHeavy              :                            0 
	   Memory (MB)          :    258         512       512 

	Job terminated of its own accord at 2023-07-28T12:04:30Z with exit-code 0.
...
