000 (11238961.033.000) 2023-07-28 19:56:05 Job submitted from host: <128.104.101.92:9618?addrs=128.104.101.92-9618+[2607-f388-107c-501-a236-9fff-fe3c-caa8]-9618&alias=submit2.chtc.wisc.edu&noUDP&sock=schedd_1879732_618e>
...
040 (11238961.033.000) 2023-07-28 19:57:40 Started transferring input files
	Transferring to host: <128.105.69.161:9618?addrs=128.105.69.161-9618+[2607-f388-2200-100-1270-fdff-fe56-bf5c]-9618&alias=e4094.chtc.wisc.edu&noUDP&sock=slot1_45_1367360_912c_47738>
...
040 (11238961.033.000) 2023-07-28 19:57:41 Finished transferring input files
...
001 (11238961.033.000) 2023-07-28 19:57:42 Job executing on host: <128.105.69.161:9618?addrs=128.105.69.161-9618+[2607-f388-2200-100-1270-fdff-fe56-bf5c]-9618&alias=e4094.chtc.wisc.edu&noUDP&sock=startd_11680_1644>
	SlotName: slot1_45@e4094.chtc.wisc.edu
	CondorScratchDir = "/var/lib/condor/execute/slot1/dir_3190"
	Cpus = 1
	Disk = 1208198
	IoHeavy = 0
	Memory = 512
...
006 (11238961.033.000) 2023-07-28 19:57:51 Image size of job updated: 383884
	317  -  MemoryUsage of job (MB)
	323908  -  ResidentSetSize of job (KB)
...
040 (11238961.033.000) 2023-07-28 19:59:25 Started transferring output files
...
040 (11238961.033.000) 2023-07-28 19:59:25 Finished transferring output files
...
005 (11238961.033.000) 2023-07-28 19:59:25 Job terminated.
	(1) Normal termination (return value 0)
		Usr 0 00:01:39, Sys 0 00:00:01  -  Run Remote Usage
		Usr 0 00:00:00, Sys 0 00:00:00  -  Run Local Usage
		Usr 0 00:01:39, Sys 0 00:00:01  -  Total Remote Usage
		Usr 0 00:00:00, Sys 0 00:00:00  -  Total Local Usage
	56934  -  Run Bytes Sent By Job
	32668232  -  Run Bytes Received By Job
	56934  -  Total Bytes Sent By Job
	32668232  -  Total Bytes Received By Job
	Partitionable Resources :    Usage  Request Allocated 
	   Cpus                 :                 1         1 
	   Disk (KB)            :   255067   524288   1208198 
	   IoHeavy              :                           0 
	   Memory (MB)          :      317      512       512 

	Job terminated of its own accord at 2023-07-29T00:59:25Z with exit-code 0.
...
