000 (11208757.059.000) 2023-07-28 13:36:58 Job submitted from host: <128.104.101.92:9618?addrs=128.104.101.92-9618+[2607-f388-107c-501-a236-9fff-fe3c-caa8]-9618&alias=submit2.chtc.wisc.edu&noUDP&sock=schedd_1879732_618e>
...
040 (11208757.059.000) 2023-07-28 13:37:53 Started transferring input files
	Transferring to host: <128.105.69.138:9618?addrs=128.105.69.138-9618+[2607-f388-2200-100-1270-fdff-fe56-ca54]-9618&alias=e4015.chtc.wisc.edu&noUDP&sock=slot1_12_1397492_4976_64500>
...
040 (11208757.059.000) 2023-07-28 13:37:54 Finished transferring input files
...
001 (11208757.059.000) 2023-07-28 13:37:55 Job executing on host: <128.105.69.138:9618?addrs=128.105.69.138-9618+[2607-f388-2200-100-1270-fdff-fe56-ca54]-9618&alias=e4015.chtc.wisc.edu&noUDP&sock=startd_15841_2fd7>
	SlotName: slot1_12@e4015.chtc.wisc.edu
	CondorScratchDir = "/var/lib/condor/execute/slot1/dir_1422944"
	Cpus = 1
	Disk = 1208198
	IoHeavy = 0
	Memory = 512
...
006 (11208757.059.000) 2023-07-28 13:38:04 Image size of job updated: 386044
	319  -  MemoryUsage of job (MB)
	325844  -  ResidentSetSize of job (KB)
...
040 (11208757.059.000) 2023-07-28 13:39:18 Started transferring output files
...
040 (11208757.059.000) 2023-07-28 13:39:18 Finished transferring output files
...
005 (11208757.059.000) 2023-07-28 13:39:18 Job terminated.
	(1) Normal termination (return value 0)
		Usr 0 00:01:20, Sys 0 00:00:00  -  Run Remote Usage
		Usr 0 00:00:00, Sys 0 00:00:00  -  Run Local Usage
		Usr 0 00:01:20, Sys 0 00:00:00  -  Total Remote Usage
		Usr 0 00:00:00, Sys 0 00:00:00  -  Total Local Usage
	56950  -  Run Bytes Sent By Job
	32669180  -  Run Bytes Received By Job
	56950  -  Total Bytes Sent By Job
	32669180  -  Total Bytes Received By Job
	Partitionable Resources :     Usage  Request Allocated 
	   Cpus                 :      1.00        1         1 
	   Disk (KB)            : 255078      524288   1208198 
	   IoHeavy              :                            0 
	   Memory (MB)          :    319         512       512 

	Job terminated of its own accord at 2023-07-28T18:39:18Z with exit-code 0.
...
