000 (11188596.016.000) 2023-07-27 22:50:50 Job submitted from host: <128.104.101.92:9618?addrs=128.104.101.92-9618+[2607-f388-107c-501-a236-9fff-fe3c-caa8]-9618&alias=submit2.chtc.wisc.edu&noUDP&sock=schedd_1879732_618e>
...
040 (11188596.016.000) 2023-07-27 22:53:36 Started transferring input files
	Transferring to host: <128.105.69.188:9618?addrs=128.105.69.188-9618+[2607-f388-2200-100-1270-fdff-fe56-bf54]-9618&alias=e4040.chtc.wisc.edu&noUDP&sock=slot1_47_940684_b9e6_48659>
...
040 (11188596.016.000) 2023-07-27 22:53:39 Finished transferring input files
...
001 (11188596.016.000) 2023-07-27 22:53:44 Job executing on host: <128.105.69.188:9618?addrs=128.105.69.188-9618+[2607-f388-2200-100-1270-fdff-fe56-bf54]-9618&alias=e4040.chtc.wisc.edu&noUDP&sock=startd_15998_e035>
	SlotName: slot1_47@e4040.chtc.wisc.edu
	CondorScratchDir = "/var/lib/condor/execute/slot1/dir_1391035"
	Cpus = 1
	Disk = 1208198
	IoHeavy = 0
	Memory = 512
...
006 (11188596.016.000) 2023-07-27 22:53:54 Image size of job updated: 383172
	239  -  MemoryUsage of job (MB)
	243716  -  ResidentSetSize of job (KB)
...
006 (11188596.016.000) 2023-07-27 22:58:54 Image size of job updated: 383172
	326  -  MemoryUsage of job (MB)
	333344  -  ResidentSetSize of job (KB)
...
006 (11188596.016.000) 2023-07-27 23:03:54 Image size of job updated: 383172
	327  -  MemoryUsage of job (MB)
	334452  -  ResidentSetSize of job (KB)
...
040 (11188596.016.000) 2023-07-27 23:07:16 Started transferring output files
...
040 (11188596.016.000) 2023-07-27 23:07:18 Finished transferring output files
...
005 (11188596.016.000) 2023-07-27 23:07:20 Job terminated.
	(1) Normal termination (return value 0)
		Usr 0 00:13:10, Sys 0 00:00:03  -  Run Remote Usage
		Usr 0 00:00:00, Sys 0 00:00:00  -  Run Local Usage
		Usr 0 00:13:10, Sys 0 00:00:03  -  Total Remote Usage
		Usr 0 00:00:00, Sys 0 00:00:00  -  Total Local Usage
	57837  -  Run Bytes Sent By Job
	32668040  -  Run Bytes Received By Job
	57837  -  Total Bytes Sent By Job
	32668040  -  Total Bytes Received By Job
	Partitionable Resources :     Usage  Request Allocated 
	   Cpus                 :      0.98        1         1 
	   Disk (KB)            : 255175      524288   1208198 
	   IoHeavy              :                            0 
	   Memory (MB)          :    327         512       512 

	Job terminated of its own accord at 2023-07-28T04:07:14Z with exit-code 0.
...
