000 (11188596.062.000) 2023-07-27 22:50:50 Job submitted from host: <128.104.101.92:9618?addrs=128.104.101.92-9618+[2607-f388-107c-501-a236-9fff-fe3c-caa8]-9618&alias=submit2.chtc.wisc.edu&noUDP&sock=schedd_1879732_618e>
...
040 (11188596.062.000) 2023-07-27 22:53:47 Started transferring input files
	Transferring to host: <128.105.69.107:9618?addrs=128.105.69.107-9618+[2607-f388-2200-100-1270-fdff-fe56-bfe4]-9618&alias=e4056.chtc.wisc.edu&noUDP&sock=slot1_22_830381_48c0_52332>
...
040 (11188596.062.000) 2023-07-27 22:53:51 Finished transferring input files
...
001 (11188596.062.000) 2023-07-27 22:53:58 Job executing on host: <128.105.69.107:9618?addrs=128.105.69.107-9618+[2607-f388-2200-100-1270-fdff-fe56-bfe4]-9618&alias=e4056.chtc.wisc.edu&noUDP&sock=startd_18765_cec3>
	SlotName: slot1_22@e4056.chtc.wisc.edu
	CondorScratchDir = "/var/lib/condor/execute/slot1/dir_3116667"
	Cpus = 1
	Disk = 1208198
	IoHeavy = 0
	Memory = 512
...
006 (11188596.062.000) 2023-07-27 22:54:06 Image size of job updated: 264788
	259  -  MemoryUsage of job (MB)
	264528  -  ResidentSetSize of job (KB)
...
006 (11188596.062.000) 2023-07-27 22:58:50 Image size of job updated: 421692
	259  -  MemoryUsage of job (MB)
	264528  -  ResidentSetSize of job (KB)
...
040 (11188596.062.000) 2023-07-27 22:58:50 Started transferring output files
...
040 (11188596.062.000) 2023-07-27 22:58:50 Finished transferring output files
...
005 (11188596.062.000) 2023-07-27 22:58:50 Job terminated.
	(1) Normal termination (return value 0)
		Usr 0 00:04:40, Sys 0 00:00:10  -  Run Remote Usage
		Usr 0 00:00:00, Sys 0 00:00:00  -  Run Local Usage
		Usr 0 00:04:40, Sys 0 00:00:10  -  Total Remote Usage
		Usr 0 00:00:00, Sys 0 00:00:00  -  Total Local Usage
	57243  -  Run Bytes Sent By Job
	32668040  -  Run Bytes Received By Job
	57243  -  Total Bytes Sent By Job
	32668040  -  Total Bytes Received By Job
	Partitionable Resources :     Usage  Request Allocated 
	   Cpus                 :      0.99        1         1 
	   Disk (KB)            : 255755      524288   1208198 
	   IoHeavy              :                            0 
	   Memory (MB)          :    259         512       512 

	Job terminated of its own accord at 2023-07-28T03:58:50Z with exit-code 0.
...
