000 (11208756.016.000) 2023-07-28 13:34:16 Job submitted from host: <128.104.101.92:9618?addrs=128.104.101.92-9618+[2607-f388-107c-501-a236-9fff-fe3c-caa8]-9618&alias=submit2.chtc.wisc.edu&noUDP&sock=schedd_1879732_618e>
...
040 (11208756.016.000) 2023-07-28 13:35:46 Started transferring input files
	Transferring to host: <128.105.69.218:9618?addrs=128.105.69.218-9618&alias=e2601.chtc.wisc.edu&noUDP&sock=slot1_36_3204662_0946_54041>
...
040 (11208756.016.000) 2023-07-28 13:35:49 Finished transferring input files
...
001 (11208756.016.000) 2023-07-28 13:35:50 Job executing on host: <128.105.69.218:9618?addrs=128.105.69.218-9618&alias=e2601.chtc.wisc.edu&noUDP&sock=startd_19055_b93a>
	SlotName: slot1_36@e2601.chtc.wisc.edu
	CondorScratchDir = "/var/lib/condor/execute/slot1/dir_4057656"
	Cpus = 1
	Disk = 1458998
	IoHeavy = 0
	Memory = 512
...
006 (11208756.016.000) 2023-07-28 13:35:58 Image size of job updated: 276376
	251  -  MemoryUsage of job (MB)
	257004  -  ResidentSetSize of job (KB)
...
006 (11208756.016.000) 2023-07-28 13:36:00 Image size of job updated: 276376
	253  -  MemoryUsage of job (MB)
	258052  -  ResidentSetSize of job (KB)
...
040 (11208756.016.000) 2023-07-28 13:36:01 Started transferring output files
...
040 (11208756.016.000) 2023-07-28 13:36:01 Finished transferring output files
...
005 (11208756.016.000) 2023-07-28 13:36:01 Job terminated.
	(1) Normal termination (return value 1)
		Usr 0 00:00:07, Sys 0 00:00:01  -  Run Remote Usage
		Usr 0 00:00:00, Sys 0 00:00:00  -  Run Local Usage
		Usr 0 00:00:07, Sys 0 00:00:01  -  Total Remote Usage
		Usr 0 00:00:00, Sys 0 00:00:00  -  Total Local Usage
	2579  -  Run Bytes Sent By Job
	32669186  -  Run Bytes Received By Job
	2579  -  Total Bytes Sent By Job
	32669186  -  Total Bytes Received By Job
	Partitionable Resources :    Usage  Request Allocated 
	   Cpus                 :                 1         1 
	   Disk (KB)            :   256019   524288   1458998 
	   IoHeavy              :                           0 
	   Memory (MB)          :      253      512       512 

	Job terminated of its own accord at 2023-07-28T18:36:00Z with exit-code 1.
...
