000 (11208757.045.000) 2023-07-28 13:36:58 Job submitted from host: <128.104.101.92:9618?addrs=128.104.101.92-9618+[2607-f388-107c-501-a236-9fff-fe3c-caa8]-9618&alias=submit2.chtc.wisc.edu&noUDP&sock=schedd_1879732_618e>
...
040 (11208757.045.000) 2023-07-28 13:37:51 Started transferring input files
	Transferring to host: <128.105.69.221:9618?addrs=128.105.69.221-9618+[2607-f388-2200-100-eaeb-d3ff-fe40-2304]-9618&alias=e2604.chtc.wisc.edu&noUDP&sock=slot1_30_4039286_25d9_64805>
...
040 (11208757.045.000) 2023-07-28 13:37:53 Finished transferring input files
...
001 (11208757.045.000) 2023-07-28 13:37:54 Job executing on host: <128.105.69.221:9618?addrs=128.105.69.221-9618+[2607-f388-2200-100-eaeb-d3ff-fe40-2304]-9618&alias=e2604.chtc.wisc.edu&noUDP&sock=startd_18650_ed5f>
	SlotName: slot1_30@e2604.chtc.wisc.edu
	CondorScratchDir = "/var/lib/condor/execute/slot1/dir_3847235"
	Cpus = 1
	Disk = 1458998
	IoHeavy = 0
	Memory = 512
...
006 (11208757.045.000) 2023-07-28 13:38:02 Image size of job updated: 395832
	333  -  MemoryUsage of job (MB)
	340312  -  ResidentSetSize of job (KB)
...
040 (11208757.045.000) 2023-07-28 13:39:08 Started transferring output files
...
040 (11208757.045.000) 2023-07-28 13:39:08 Finished transferring output files
...
005 (11208757.045.000) 2023-07-28 13:39:08 Job terminated.
	(1) Normal termination (return value 0)
		Usr 0 00:01:11, Sys 0 00:00:00  -  Run Remote Usage
		Usr 0 00:00:00, Sys 0 00:00:00  -  Run Local Usage
		Usr 0 00:01:11, Sys 0 00:00:00  -  Total Remote Usage
		Usr 0 00:00:00, Sys 0 00:00:00  -  Total Local Usage
	56792  -  Run Bytes Sent By Job
	32669180  -  Run Bytes Received By Job
	56792  -  Total Bytes Sent By Job
	32669180  -  Total Bytes Received By Job
	Partitionable Resources :     Usage  Request Allocated 
	   Cpus                 :      0.99        1         1 
	   Disk (KB)            : 255078      524288   1458998 
	   IoHeavy              :                            0 
	   Memory (MB)          :    333         512       512 

	Job terminated of its own accord at 2023-07-28T18:39:08Z with exit-code 0.
...
