000 (11188617.044.000) 2023-07-28 07:00:37 Job submitted from host: <128.104.101.92:9618?addrs=128.104.101.92-9618+[2607-f388-107c-501-a236-9fff-fe3c-caa8]-9618&alias=submit2.chtc.wisc.edu&noUDP&sock=schedd_1879732_618e>
...
040 (11188617.044.000) 2023-07-28 07:01:38 Started transferring input files
	Transferring to host: <128.105.69.107:9618?addrs=128.105.69.107-9618+[2607-f388-2200-100-1270-fdff-fe56-bfe4]-9618&alias=e4056.chtc.wisc.edu&noUDP&sock=slot1_18_830381_48c0_53404>
...
040 (11188617.044.000) 2023-07-28 07:01:40 Finished transferring input files
...
001 (11188617.044.000) 2023-07-28 07:01:42 Job executing on host: <128.105.69.107:9618?addrs=128.105.69.107-9618+[2607-f388-2200-100-1270-fdff-fe56-bfe4]-9618&alias=e4056.chtc.wisc.edu&noUDP&sock=startd_18765_cec3>
	SlotName: slot1_18@e4056.chtc.wisc.edu
	CondorScratchDir = "/var/lib/condor/execute/slot1/dir_3432141"
	Cpus = 1
	Disk = 1208198
	IoHeavy = 0
	Memory = 512
...
006 (11188617.044.000) 2023-07-28 07:01:50 Image size of job updated: 382436
	367  -  MemoryUsage of job (MB)
	375040  -  ResidentSetSize of job (KB)
...
040 (11188617.044.000) 2023-07-28 07:03:54 Started transferring output files
...
040 (11188617.044.000) 2023-07-28 07:03:54 Finished transferring output files
...
005 (11188617.044.000) 2023-07-28 07:03:56 Job terminated.
	(1) Normal termination (return value 0)
		Usr 0 00:02:06, Sys 0 00:00:02  -  Run Remote Usage
		Usr 0 00:00:00, Sys 0 00:00:00  -  Run Local Usage
		Usr 0 00:02:06, Sys 0 00:00:02  -  Total Remote Usage
		Usr 0 00:00:00, Sys 0 00:00:00  -  Total Local Usage
	56290  -  Run Bytes Sent By Job
	32668696  -  Run Bytes Received By Job
	56290  -  Total Bytes Sent By Job
	32668696  -  Total Bytes Received By Job
	Partitionable Resources :    Usage  Request Allocated 
	   Cpus                 :                 1         1 
	   Disk (KB)            :   256019   524288   1208198 
	   IoHeavy              :                           0 
	   Memory (MB)          :      367      512       512 

	Job terminated of its own accord at 2023-07-28T12:03:53Z with exit-code 0.
...
