000 (11238961.011.000) 2023-07-28 19:56:05 Job submitted from host: <128.104.101.92:9618?addrs=128.104.101.92-9618+[2607-f388-107c-501-a236-9fff-fe3c-caa8]-9618&alias=submit2.chtc.wisc.edu&noUDP&sock=schedd_1879732_618e>
...
040 (11238961.011.000) 2023-07-28 19:57:38 Started transferring input files
	Transferring to host: <128.105.69.180:9618?addrs=128.105.69.180-9618+[2607-f388-2200-100-1270-fdff-fe56-6844]-9618&alias=e2563.chtc.wisc.edu&noUDP&sock=slot1_104_1638361_4998_56182>
...
040 (11238961.011.000) 2023-07-28 19:57:39 Finished transferring input files
...
001 (11238961.011.000) 2023-07-28 19:57:41 Job executing on host: <128.105.69.180:9618?addrs=128.105.69.180-9618+[2607-f388-2200-100-1270-fdff-fe56-6844]-9618&alias=e2563.chtc.wisc.edu&noUDP&sock=startd_13448_c9b5>
	SlotName: slot1_104@e2563.chtc.wisc.edu
	CondorScratchDir = "/var/lib/condor/execute/slot1/dir_906145"
	Cpus = 1
	Disk = 1208198
	IoHeavy = 0
	Memory = 512
...
006 (11238961.011.000) 2023-07-28 19:57:49 Image size of job updated: 385536
	268  -  MemoryUsage of job (MB)
	274300  -  ResidentSetSize of job (KB)
...
006 (11238961.011.000) 2023-07-28 20:02:49 Image size of job updated: 385536
	328  -  MemoryUsage of job (MB)
	334904  -  ResidentSetSize of job (KB)
...
040 (11238961.011.000) 2023-07-28 20:03:37 Started transferring output files
...
040 (11238961.011.000) 2023-07-28 20:03:37 Finished transferring output files
...
005 (11238961.011.000) 2023-07-28 20:03:37 Job terminated.
	(1) Normal termination (return value 0)
		Usr 0 00:05:48, Sys 0 00:00:01  -  Run Remote Usage
		Usr 0 00:00:00, Sys 0 00:00:00  -  Run Local Usage
		Usr 0 00:05:48, Sys 0 00:00:01  -  Total Remote Usage
		Usr 0 00:00:00, Sys 0 00:00:00  -  Total Local Usage
	56027  -  Run Bytes Sent By Job
	32668232  -  Run Bytes Received By Job
	56027  -  Total Bytes Sent By Job
	32668232  -  Total Bytes Received By Job
	Partitionable Resources :     Usage  Request Allocated 
	   Cpus                 :      0.98        1         1 
	   Disk (KB)            : 255076      524288   1208198 
	   IoHeavy              :                            0 
	   Memory (MB)          :    328         512       512 

	Job terminated of its own accord at 2023-07-29T01:03:37Z with exit-code 0.
...
