000 (11188596.017.000) 2023-07-27 22:50:50 Job submitted from host: <128.104.101.92:9618?addrs=128.104.101.92-9618+[2607-f388-107c-501-a236-9fff-fe3c-caa8]-9618&alias=submit2.chtc.wisc.edu&noUDP&sock=schedd_1879732_618e>
...
040 (11188596.017.000) 2023-07-27 22:53:36 Started transferring input files
	Transferring to host: <128.105.69.229:9618?addrs=128.105.69.229-9618+[2607-f388-2200-100-eaeb-d3ff-fe40-1104]-9618&alias=e2612.chtc.wisc.edu&noUDP&sock=slot1_64_61344_25b8_52671>
...
040 (11188596.017.000) 2023-07-27 22:53:40 Finished transferring input files
...
001 (11188596.017.000) 2023-07-27 22:53:45 Job executing on host: <128.105.69.229:9618?addrs=128.105.69.229-9618+[2607-f388-2200-100-eaeb-d3ff-fe40-1104]-9618&alias=e2612.chtc.wisc.edu&noUDP&sock=startd_18685_ef2f>
	SlotName: slot1_64@e2612.chtc.wisc.edu
	CondorScratchDir = "/var/lib/condor/execute/slot1/dir_4176071"
	Cpus = 1
	Disk = 1458998
	IoHeavy = 0
	Memory = 512
...
006 (11188596.017.000) 2023-07-27 22:53:54 Image size of job updated: 264424
	256  -  MemoryUsage of job (MB)
	261424  -  ResidentSetSize of job (KB)
...
006 (11188596.017.000) 2023-07-27 22:58:55 Image size of job updated: 383132
	317  -  MemoryUsage of job (MB)
	323648  -  ResidentSetSize of job (KB)
...
006 (11188596.017.000) 2023-07-27 23:03:55 Image size of job updated: 383132
	324  -  MemoryUsage of job (MB)
	331244  -  ResidentSetSize of job (KB)
...
006 (11188596.017.000) 2023-07-27 23:08:55 Image size of job updated: 383132
	334  -  MemoryUsage of job (MB)
	341132  -  ResidentSetSize of job (KB)
...
040 (11188596.017.000) 2023-07-27 23:34:57 Started transferring output files
...
040 (11188596.017.000) 2023-07-27 23:34:57 Finished transferring output files
...
005 (11188596.017.000) 2023-07-27 23:34:57 Job terminated.
	(1) Normal termination (return value 0)
		Usr 0 00:40:24, Sys 0 00:00:17  -  Run Remote Usage
		Usr 0 00:00:00, Sys 0 00:00:00  -  Run Local Usage
		Usr 0 00:40:24, Sys 0 00:00:17  -  Total Remote Usage
		Usr 0 00:00:00, Sys 0 00:00:00  -  Total Local Usage
	57852  -  Run Bytes Sent By Job
	32668040  -  Run Bytes Received By Job
	57852  -  Total Bytes Sent By Job
	32668040  -  Total Bytes Received By Job
	Partitionable Resources :     Usage  Request Allocated 
	   Cpus                 :      0.99        1         1 
	   Disk (KB)            : 255752      524288   1458998 
	   IoHeavy              :                            0 
	   Memory (MB)          :    334         512       512 

	Job terminated of its own accord at 2023-07-28T04:34:57Z with exit-code 0.
...
