000 (11208757.012.000) 2023-07-28 13:36:58 Job submitted from host: <128.104.101.92:9618?addrs=128.104.101.92-9618+[2607-f388-107c-501-a236-9fff-fe3c-caa8]-9618&alias=submit2.chtc.wisc.edu&noUDP&sock=schedd_1879732_618e>
...
040 (11208757.012.000) 2023-07-28 13:37:47 Started transferring input files
	Transferring to host: <128.105.69.231:9618?addrs=128.105.69.231-9618+[2607-f388-2200-100-eaeb-d3ff-fe3f-fbfc]-9618&alias=e2614.chtc.wisc.edu&noUDP&sock=slot1_33_1949178_fb58_42455>
...
040 (11208757.012.000) 2023-07-28 13:37:49 Finished transferring input files
...
001 (11208757.012.000) 2023-07-28 13:37:50 Job executing on host: <128.105.69.231:9618?addrs=128.105.69.231-9618+[2607-f388-2200-100-eaeb-d3ff-fe3f-fbfc]-9618&alias=e2614.chtc.wisc.edu&noUDP&sock=startd_11686_33d5>
	SlotName: slot1_33@e2614.chtc.wisc.edu
	CondorScratchDir = "/var/lib/condor/execute/slot1/dir_621342"
	Cpus = 1
	Disk = 1458998
	IoHeavy = 0
	Memory = 512
...
006 (11208757.012.000) 2023-07-28 13:37:59 Image size of job updated: 384288
	269  -  MemoryUsage of job (MB)
	275172  -  ResidentSetSize of job (KB)
...
006 (11208757.012.000) 2023-07-28 13:43:00 Image size of job updated: 384288
	329  -  MemoryUsage of job (MB)
	335944  -  ResidentSetSize of job (KB)
...
040 (11208757.012.000) 2023-07-28 13:48:04 Started transferring output files
...
040 (11208757.012.000) 2023-07-28 13:48:04 Finished transferring output files
...
005 (11208757.012.000) 2023-07-28 13:48:04 Job terminated.
	(1) Normal termination (return value 0)
		Usr 0 00:10:04, Sys 0 00:00:02  -  Run Remote Usage
		Usr 0 00:00:00, Sys 0 00:00:00  -  Run Local Usage
		Usr 0 00:10:04, Sys 0 00:00:02  -  Total Remote Usage
		Usr 0 00:00:00, Sys 0 00:00:00  -  Total Local Usage
	56080  -  Run Bytes Sent By Job
	32669180  -  Run Bytes Received By Job
	56080  -  Total Bytes Sent By Job
	32669180  -  Total Bytes Received By Job
	Partitionable Resources :     Usage  Request Allocated 
	   Cpus                 :      0.99        1         1 
	   Disk (KB)            : 255077      524288   1458998 
	   IoHeavy              :                            0 
	   Memory (MB)          :    329         512       512 

	Job terminated of its own accord at 2023-07-28T18:48:04Z with exit-code 0.
...
