000 (11238961.020.000) 2023-07-28 19:56:05 Job submitted from host: <128.104.101.92:9618?addrs=128.104.101.92-9618+[2607-f388-107c-501-a236-9fff-fe3c-caa8]-9618&alias=submit2.chtc.wisc.edu&noUDP&sock=schedd_1879732_618e>
...
040 (11238961.020.000) 2023-07-28 19:57:39 Started transferring input files
	Transferring to host: <128.105.69.89:9618?addrs=128.105.69.89-9618+[2607-f388-2200-100-1270-fdff-fe56-41cc]-9618&alias=build4000.chtc.wisc.edu&noUDP&sock=slot3_16_2515835_19bb_48124>
...
040 (11238961.020.000) 2023-07-28 19:57:40 Finished transferring input files
...
001 (11238961.020.000) 2023-07-28 19:57:41 Job executing on host: <128.105.69.89:9618?addrs=128.105.69.89-9618+[2607-f388-2200-100-1270-fdff-fe56-41cc]-9618&alias=build4000.chtc.wisc.edu&noUDP&sock=startd_16084_dd5a>
	SlotName: slot3_16@build4000.chtc.wisc.edu
	CondorScratchDir = "/var/lib/condor/execute/slot3/dir_641414"
	Cpus = 1
	Disk = 1208198
	IoHeavy = 0
	Memory = 512
...
006 (11238961.020.000) 2023-07-28 19:57:50 Image size of job updated: 382984
	325  -  MemoryUsage of job (MB)
	332312  -  ResidentSetSize of job (KB)
...
040 (11238961.020.000) 2023-07-28 19:59:59 Started transferring output files
...
040 (11238961.020.000) 2023-07-28 19:59:59 Finished transferring output files
...
005 (11238961.020.000) 2023-07-28 19:59:59 Job terminated.
	(1) Normal termination (return value 0)
		Usr 0 00:02:14, Sys 0 00:00:01  -  Run Remote Usage
		Usr 0 00:00:00, Sys 0 00:00:00  -  Run Local Usage
		Usr 0 00:02:14, Sys 0 00:00:01  -  Total Remote Usage
		Usr 0 00:00:00, Sys 0 00:00:00  -  Total Local Usage
	56996  -  Run Bytes Sent By Job
	32668232  -  Run Bytes Received By Job
	56996  -  Total Bytes Sent By Job
	32668232  -  Total Bytes Received By Job
	Partitionable Resources :     Usage  Request Allocated 
	   Cpus                 :      0.99        1         1 
	   Disk (KB)            : 255077      524288   1208198 
	   IoHeavy              :                            0 
	   Memory (MB)          :    325         512       512 

	Job terminated of its own accord at 2023-07-29T00:59:59Z with exit-code 0.
...
