000 (11188596.055.000) 2023-07-27 22:50:50 Job submitted from host: <128.104.101.92:9618?addrs=128.104.101.92-9618+[2607-f388-107c-501-a236-9fff-fe3c-caa8]-9618&alias=submit2.chtc.wisc.edu&noUDP&sock=schedd_1879732_618e>
...
040 (11188596.055.000) 2023-07-27 22:53:47 Started transferring input files
	Transferring to host: <128.105.69.186:9618?addrs=128.105.69.186-9618+[2607-f388-2200-100-1270-fdff-fe56-c3b4]-9618&alias=e4038.chtc.wisc.edu&noUDP&sock=slot1_22_2795919_9db8_55823>
...
040 (11188596.055.000) 2023-07-27 22:53:49 Finished transferring input files
...
001 (11188596.055.000) 2023-07-27 22:53:54 Job executing on host: <128.105.69.186:9618?addrs=128.105.69.186-9618+[2607-f388-2200-100-1270-fdff-fe56-c3b4]-9618&alias=e4038.chtc.wisc.edu&noUDP&sock=startd_15951_a342>
	SlotName: slot1_22@e4038.chtc.wisc.edu
	CondorScratchDir = "/var/lib/condor/execute/slot1/dir_472653"
	Cpus = 1
	Disk = 1208198
	IoHeavy = 0
	Memory = 512
...
006 (11188596.055.000) 2023-07-27 22:54:03 Image size of job updated: 384908
	239  -  MemoryUsage of job (MB)
	244616  -  ResidentSetSize of job (KB)
...
006 (11188596.055.000) 2023-07-27 22:55:42 Image size of job updated: 384908
	240  -  MemoryUsage of job (MB)
	244872  -  ResidentSetSize of job (KB)
...
040 (11188596.055.000) 2023-07-27 22:55:42 Started transferring output files
...
040 (11188596.055.000) 2023-07-27 22:55:42 Finished transferring output files
...
005 (11188596.055.000) 2023-07-27 22:55:42 Job terminated.
	(1) Normal termination (return value 0)
		Usr 0 00:01:43, Sys 0 00:00:01  -  Run Remote Usage
		Usr 0 00:00:00, Sys 0 00:00:00  -  Run Local Usage
		Usr 0 00:01:43, Sys 0 00:00:01  -  Total Remote Usage
		Usr 0 00:00:00, Sys 0 00:00:00  -  Total Local Usage
	57259  -  Run Bytes Sent By Job
	32668040  -  Run Bytes Received By Job
	57259  -  Total Bytes Sent By Job
	32668040  -  Total Bytes Received By Job
	Partitionable Resources :     Usage  Request Allocated 
	   Cpus                 :      0.98        1         1 
	   Disk (KB)            : 255175      524288   1208198 
	   IoHeavy              :                            0 
	   Memory (MB)          :    240         512       512 

	Job terminated of its own accord at 2023-07-28T03:55:42Z with exit-code 0.
...
