000 (11188596.059.000) 2023-07-27 22:50:50 Job submitted from host: <128.104.101.92:9618?addrs=128.104.101.92-9618+[2607-f388-107c-501-a236-9fff-fe3c-caa8]-9618&alias=submit2.chtc.wisc.edu&noUDP&sock=schedd_1879732_618e>
...
040 (11188596.059.000) 2023-07-27 22:53:46 Started transferring input files
	Transferring to host: <128.105.69.193:9618?addrs=128.105.69.193-9618+[2607-f388-2200-100-1270-fdff-fe56-4604]-9618&alias=e4046.chtc.wisc.edu&noUDP&sock=slot1_3_1422684_5476_42739>
...
040 (11188596.059.000) 2023-07-27 22:53:48 Finished transferring input files
...
001 (11188596.059.000) 2023-07-27 22:53:50 Job executing on host: <128.105.69.193:9618?addrs=128.105.69.193-9618+[2607-f388-2200-100-1270-fdff-fe56-4604]-9618&alias=e4046.chtc.wisc.edu&noUDP&sock=startd_15967_9cc6>
	SlotName: slot1_3@e4046.chtc.wisc.edu
	CondorScratchDir = "/var/lib/condor/execute/slot1/dir_2177477"
	Cpus = 1
	Disk = 1208198
	IoHeavy = 0
	Memory = 512
...
006 (11188596.059.000) 2023-07-27 22:53:58 Image size of job updated: 289812
	146  -  MemoryUsage of job (MB)
	148896  -  ResidentSetSize of job (KB)
...
040 (11188596.059.000) 2023-07-27 22:56:01 Started transferring output files
...
040 (11188596.059.000) 2023-07-27 22:56:01 Finished transferring output files
...
005 (11188596.059.000) 2023-07-27 22:56:02 Job terminated.
	(1) Normal termination (return value 0)
		Usr 0 00:02:06, Sys 0 00:00:01  -  Run Remote Usage
		Usr 0 00:00:00, Sys 0 00:00:00  -  Run Local Usage
		Usr 0 00:02:06, Sys 0 00:00:01  -  Total Remote Usage
		Usr 0 00:00:00, Sys 0 00:00:00  -  Total Local Usage
	57477  -  Run Bytes Sent By Job
	32668040  -  Run Bytes Received By Job
	57477  -  Total Bytes Sent By Job
	32668040  -  Total Bytes Received By Job
	Partitionable Resources :    Usage  Request Allocated 
	   Cpus                 :        0        1         1 
	   Disk (KB)            :   255175   524288   1208198 
	   IoHeavy              :                           0 
	   Memory (MB)          :      146      512       512 

	Job terminated of its own accord at 2023-07-28T03:56:00Z with exit-code 0.
...
