035 (11238961.-01.000) 2023-07-28 19:56:05 Cluster submitted from host: <128.104.101.92:9618?addrs=128.104.101.92-9618+[2607-f388-107c-501-a236-9fff-fe3c-caa8]-9618&alias=submit2.chtc.wisc.edu&noUDP&sock=schedd_1879732_618e>
...
000 (11238961.000.000) 2023-07-28 19:56:05 Job submitted from host: <128.104.101.92:9618?addrs=128.104.101.92-9618+[2607-f388-107c-501-a236-9fff-fe3c-caa8]-9618&alias=submit2.chtc.wisc.edu&noUDP&sock=schedd_1879732_618e>
...
040 (11238961.000.000) 2023-07-28 19:57:28 Started transferring input files
	Transferring to host: <128.105.69.237:9618?addrs=128.105.69.237-9618+[2607-f388-2200-100-eaeb-d3ff-fe40-230c]-9618&alias=e2620.chtc.wisc.edu&noUDP&sock=slot1_34_1960490_4f24_52569>
...
040 (11238961.000.000) 2023-07-28 19:57:30 Finished transferring input files
...
001 (11238961.000.000) 2023-07-28 19:57:31 Job executing on host: <128.105.69.237:9618?addrs=128.105.69.237-9618+[2607-f388-2200-100-eaeb-d3ff-fe40-230c]-9618&alias=e2620.chtc.wisc.edu&noUDP&sock=startd_11763_04a0>
	SlotName: slot1_34@e2620.chtc.wisc.edu
	CondorScratchDir = "/var/lib/condor/execute/slot1/dir_924481"
	Cpus = 1
	Disk = 1458998
	IoHeavy = 0
	Memory = 512
...
006 (11238961.000.000) 2023-07-28 19:57:40 Image size of job updated: 384868
	278  -  MemoryUsage of job (MB)
	283892  -  ResidentSetSize of job (KB)
...
006 (11238961.000.000) 2023-07-28 20:02:41 Image size of job updated: 384868
	337  -  MemoryUsage of job (MB)
	344272  -  ResidentSetSize of job (KB)
...
006 (11238961.000.000) 2023-07-28 20:07:41 Image size of job updated: 384868
	341  -  MemoryUsage of job (MB)
	348204  -  ResidentSetSize of job (KB)
...
040 (11238961.000.000) 2023-07-28 20:25:28 Started transferring output files
...
040 (11238961.000.000) 2023-07-28 20:25:28 Finished transferring output files
...
005 (11238961.000.000) 2023-07-28 20:25:29 Job terminated.
	(1) Normal termination (return value 0)
		Usr 0 00:27:17, Sys 0 00:00:04  -  Run Remote Usage
		Usr 0 00:00:00, Sys 0 00:00:00  -  Run Local Usage
		Usr 0 00:27:17, Sys 0 00:00:04  -  Total Remote Usage
		Usr 0 00:00:00, Sys 0 00:00:00  -  Total Local Usage
	56036  -  Run Bytes Sent By Job
	32668232  -  Run Bytes Received By Job
	56036  -  Total Bytes Sent By Job
	32668232  -  Total Bytes Received By Job
	Partitionable Resources :     Usage  Request Allocated 
	   Cpus                 :      0.99        1         1 
	   Disk (KB)            : 255076      524288   1458998 
	   IoHeavy              :                            0 
	   Memory (MB)          :    341         512       512 

	Job terminated of its own accord at 2023-07-29T01:25:27Z with exit-code 0.
...
036 (11238961.-01.000) 2023-07-28 20:29:05 Cluster removed
	Materialized 41 jobs from -1 items.	Complete
...
