000 (11238961.001.000) 2023-07-28 19:56:05 Job submitted from host: <128.104.101.92:9618?addrs=128.104.101.92-9618+[2607-f388-107c-501-a236-9fff-fe3c-caa8]-9618&alias=submit2.chtc.wisc.edu&noUDP&sock=schedd_1879732_618e>
...
040 (11238961.001.000) 2023-07-28 19:57:36 Started transferring input files
	Transferring to host: <128.105.69.168:9618?addrs=128.105.69.168-9618+[2607-f388-2200-100-1270-fdff-fe56-768c]-9618&alias=e2551.chtc.wisc.edu&noUDP&sock=slot1_46_2837716_623c_59657>
...
040 (11238961.001.000) 2023-07-28 19:57:38 Finished transferring input files
...
001 (11238961.001.000) 2023-07-28 19:57:39 Job executing on host: <128.105.69.168:9618?addrs=128.105.69.168-9618+[2607-f388-2200-100-1270-fdff-fe56-768c]-9618&alias=e2551.chtc.wisc.edu&noUDP&sock=startd_12968_8c3f>
	SlotName: slot1_46@e2551.chtc.wisc.edu
	CondorScratchDir = "/var/lib/condor/execute/slot1/dir_1031430"
	Cpus = 1
	Disk = 1208198
	IoHeavy = 0
	Memory = 512
...
006 (11238961.001.000) 2023-07-28 19:57:48 Image size of job updated: 276940
	164  -  MemoryUsage of job (MB)
	167828  -  ResidentSetSize of job (KB)
...
006 (11238961.001.000) 2023-07-28 20:02:49 Image size of job updated: 276940
	233  -  MemoryUsage of job (MB)
	237680  -  ResidentSetSize of job (KB)
...
006 (11238961.001.000) 2023-07-28 20:12:49 Image size of job updated: 276940
	241  -  MemoryUsage of job (MB)
	245812  -  ResidentSetSize of job (KB)
...
040 (11238961.001.000) 2023-07-28 20:29:04 Started transferring output files
...
040 (11238961.001.000) 2023-07-28 20:29:04 Finished transferring output files
...
005 (11238961.001.000) 2023-07-28 20:29:05 Job terminated.
	(1) Normal termination (return value 0)
		Usr 0 00:30:55, Sys 0 00:00:08  -  Run Remote Usage
		Usr 0 00:00:00, Sys 0 00:00:00  -  Run Local Usage
		Usr 0 00:30:55, Sys 0 00:00:08  -  Total Remote Usage
		Usr 0 00:00:00, Sys 0 00:00:00  -  Total Local Usage
	56043  -  Run Bytes Sent By Job
	32668232  -  Run Bytes Received By Job
	56043  -  Total Bytes Sent By Job
	32668232  -  Total Bytes Received By Job
	Partitionable Resources :     Usage  Request Allocated 
	   Cpus                 :      0.99        1         1 
	   Disk (KB)            : 255076      524288   1208198 
	   IoHeavy              :                            0 
	   Memory (MB)          :    241         512       512 

	Job terminated of its own accord at 2023-07-29T01:29:04Z with exit-code 0.
...
