035 (11208755.-01.000) 2023-07-28 13:32:44 Cluster submitted from host: <128.104.101.92:9618?addrs=128.104.101.92-9618+[2607-f388-107c-501-a236-9fff-fe3c-caa8]-9618&alias=submit2.chtc.wisc.edu&noUDP&sock=schedd_1879732_618e>
...
000 (11208755.000.000) 2023-07-28 13:32:44 Job submitted from host: <128.104.101.92:9618?addrs=128.104.101.92-9618+[2607-f388-107c-501-a236-9fff-fe3c-caa8]-9618&alias=submit2.chtc.wisc.edu&noUDP&sock=schedd_1879732_618e>
...
040 (11208755.000.000) 2023-07-28 13:33:35 Started transferring input files
	Transferring to host: <128.104.58.127:9618?addrs=128.104.58.127-9618+[2607-f388-1086-0-67d-7bff-fe41-5e19]-9618&alias=e1544.chtc.wisc.edu&noUDP&sock=slot1_9_428729_1d73_31332>
...
040 (11208755.000.000) 2023-07-28 13:33:37 Finished transferring input files
...
001 (11208755.000.000) 2023-07-28 13:33:38 Job executing on host: <128.104.58.127:9618?addrs=128.104.58.127-9618+[2607-f388-1086-0-67d-7bff-fe41-5e19]-9618&alias=e1544.chtc.wisc.edu&noUDP&sock=startd_8148_6dc2>
	SlotName: slot1_9@e1544.chtc.wisc.edu
	CondorScratchDir = "/var/lib/condor/execute/slot1/dir_2242956"
	Cpus = 1
	Disk = 13546674
	IoHeavy = 0
	Memory = 512
...
006 (11208755.000.000) 2023-07-28 13:33:47 Image size of job updated: 382384
	329  -  MemoryUsage of job (MB)
	336036  -  ResidentSetSize of job (KB)
...
006 (11208755.000.000) 2023-07-28 13:33:49 Image size of job updated: 382384
	338  -  MemoryUsage of job (MB)
	346020  -  ResidentSetSize of job (KB)
...
040 (11208755.000.000) 2023-07-28 13:33:49 Started transferring output files
...
040 (11208755.000.000) 2023-07-28 13:33:49 Finished transferring output files
...
005 (11208755.000.000) 2023-07-28 13:33:49 Job terminated.
	(1) Normal termination (return value 0)
		Usr 0 00:00:08, Sys 0 00:00:02  -  Run Remote Usage
		Usr 0 00:00:00, Sys 0 00:00:00  -  Run Local Usage
		Usr 0 00:00:08, Sys 0 00:00:02  -  Total Remote Usage
		Usr 0 00:00:00, Sys 0 00:00:00  -  Total Local Usage
	3665  -  Run Bytes Sent By Job
	32631692  -  Run Bytes Received By Job
	3665  -  Total Bytes Sent By Job
	32631692  -  Total Bytes Received By Job
	Partitionable Resources :    Usage  Request Allocated 
	   Cpus                 :                 1         1 
	   Disk (KB)            :   256305   524288  13546674 
	   IoHeavy              :                           0 
	   Memory (MB)          :      338      512       512 

	Job terminated of its own accord at 2023-07-28T18:33:49Z with exit-code 0.
...
036 (11208755.-01.000) 2023-07-28 13:33:49 Cluster removed
	Materialized 1 jobs from 0 items.	Complete
...
