035 (11208754.-01.000) 2023-07-28 13:30:28 Cluster submitted from host: <128.104.101.92:9618?addrs=128.104.101.92-9618+[2607-f388-107c-501-a236-9fff-fe3c-caa8]-9618&alias=submit2.chtc.wisc.edu&noUDP&sock=schedd_1879732_618e>
...
000 (11208754.000.000) 2023-07-28 13:30:28 Job submitted from host: <128.104.101.92:9618?addrs=128.104.101.92-9618+[2607-f388-107c-501-a236-9fff-fe3c-caa8]-9618&alias=submit2.chtc.wisc.edu&noUDP&sock=schedd_1879732_618e>
...
040 (11208754.000.000) 2023-07-28 13:31:18 Started transferring input files
	Transferring to host: <128.104.58.127:9618?addrs=128.104.58.127-9618+[2607-f388-1086-0-67d-7bff-fe41-5e19]-9618&alias=e1544.chtc.wisc.edu&noUDP&sock=slot1_9_428729_1d73_31327>
...
040 (11208754.000.000) 2023-07-28 13:31:21 Finished transferring input files
...
001 (11208754.000.000) 2023-07-28 13:31:22 Job executing on host: <128.104.58.127:9618?addrs=128.104.58.127-9618+[2607-f388-1086-0-67d-7bff-fe41-5e19]-9618&alias=e1544.chtc.wisc.edu&noUDP&sock=startd_8148_6dc2>
	SlotName: slot1_9@e1544.chtc.wisc.edu
	CondorScratchDir = "/var/lib/condor/execute/slot1/dir_2241132"
	Cpus = 1
	Disk = 13546674
	IoHeavy = 0
	Memory = 512
...
006 (11208754.000.000) 2023-07-28 13:31:30 Image size of job updated: 275144
	223  -  MemoryUsage of job (MB)
	228176  -  ResidentSetSize of job (KB)
...
006 (11208754.000.000) 2023-07-28 13:31:33 Image size of job updated: 275808
	224  -  MemoryUsage of job (MB)
	228612  -  ResidentSetSize of job (KB)
...
040 (11208754.000.000) 2023-07-28 13:31:33 Started transferring output files
...
040 (11208754.000.000) 2023-07-28 13:31:33 Finished transferring output files
...
005 (11208754.000.000) 2023-07-28 13:31:33 Job terminated.
	(1) Normal termination (return value 0)
		Usr 0 00:00:07, Sys 0 00:00:01  -  Run Remote Usage
		Usr 0 00:00:00, Sys 0 00:00:00  -  Run Local Usage
		Usr 0 00:00:07, Sys 0 00:00:01  -  Total Remote Usage
		Usr 0 00:00:00, Sys 0 00:00:00  -  Total Local Usage
	3665  -  Run Bytes Sent By Job
	32631696  -  Run Bytes Received By Job
	3665  -  Total Bytes Sent By Job
	32631696  -  Total Bytes Received By Job
	Partitionable Resources :    Usage  Request Allocated 
	   Cpus                 :                 1         1 
	   Disk (KB)            :   255991   524288  13546674 
	   IoHeavy              :                           0 
	   Memory (MB)          :      224      512       512 

	Job terminated of its own accord at 2023-07-28T18:31:33Z with exit-code 0.
...
036 (11208754.-01.000) 2023-07-28 13:31:33 Cluster removed
	Materialized 1 jobs from 0 items.	Complete
...
