035 (11238955.-01.000) 2023-07-28 19:47:11 Cluster submitted from host: <128.104.101.92:9618?addrs=128.104.101.92-9618+[2607-f388-107c-501-a236-9fff-fe3c-caa8]-9618&alias=submit2.chtc.wisc.edu&noUDP&sock=schedd_1879732_618e>
...
000 (11238955.000.000) 2023-07-28 19:47:11 Job submitted from host: <128.104.101.92:9618?addrs=128.104.101.92-9618+[2607-f388-107c-501-a236-9fff-fe3c-caa8]-9618&alias=submit2.chtc.wisc.edu&noUDP&sock=schedd_1879732_618e>
...
040 (11238955.000.000) 2023-07-28 19:48:15 Started transferring input files
	Transferring to host: <128.105.69.173:9618?addrs=128.105.69.173-9618+[2607-f388-2200-100-1270-fdff-fe56-6fbc]-9618&alias=e2556.chtc.wisc.edu&noUDP&sock=slot1_68_2705793_b227_47425>
...
040 (11238955.000.000) 2023-07-28 19:48:16 Finished transferring input files
...
001 (11238955.000.000) 2023-07-28 19:48:17 Job executing on host: <128.105.69.173:9618?addrs=128.105.69.173-9618+[2607-f388-2200-100-1270-fdff-fe56-6fbc]-9618&alias=e2556.chtc.wisc.edu&noUDP&sock=startd_13671_bf53>
	SlotName: slot1_68@e2556.chtc.wisc.edu
	CondorScratchDir = "/var/lib/condor/execute/slot1/dir_2028261"
	Cpus = 1
	Disk = 1208198
	IoHeavy = 0
	Memory = 512
...
006 (11238955.000.000) 2023-07-28 19:48:26 Image size of job updated: 384180
	182  -  MemoryUsage of job (MB)
	185724  -  ResidentSetSize of job (KB)
...
040 (11238955.000.000) 2023-07-28 19:48:26 Started transferring output files
...
040 (11238955.000.000) 2023-07-28 19:48:26 Finished transferring output files
...
005 (11238955.000.000) 2023-07-28 19:48:26 Job terminated.
	(1) Normal termination (return value 0)
		Usr 0 00:00:05, Sys 0 00:00:01  -  Run Remote Usage
		Usr 0 00:00:00, Sys 0 00:00:00  -  Run Local Usage
		Usr 0 00:00:05, Sys 0 00:00:01  -  Total Remote Usage
		Usr 0 00:00:00, Sys 0 00:00:00  -  Total Local Usage
	3726  -  Run Bytes Sent By Job
	32632080  -  Run Bytes Received By Job
	3726  -  Total Bytes Sent By Job
	32632080  -  Total Bytes Received By Job
	Partitionable Resources :    Usage  Request Allocated 
	   Cpus                 :                 1         1 
	   Disk (KB)            :   255078   524288   1208198 
	   IoHeavy              :                           0 
	   Memory (MB)          :      182      512       512 

	Job terminated of its own accord at 2023-07-29T00:48:26Z with exit-code 0.
...
036 (11238955.-01.000) 2023-07-28 19:48:27 Cluster removed
	Materialized 1 jobs from 0 items.	Complete
...
