035 (11178239.-01.000) 2023-07-27 10:38:47 Cluster submitted from host: <128.104.101.92:9618?addrs=128.104.101.92-9618+[2607-f388-107c-501-a236-9fff-fe3c-caa8]-9618&alias=submit2.chtc.wisc.edu&noUDP&sock=schedd_1879732_618e>
...
000 (11178239.000.000) 2023-07-27 10:38:47 Job submitted from host: <128.104.101.92:9618?addrs=128.104.101.92-9618+[2607-f388-107c-501-a236-9fff-fe3c-caa8]-9618&alias=submit2.chtc.wisc.edu&noUDP&sock=schedd_1879732_618e>
...
040 (11178239.000.000) 2023-07-27 10:40:56 Started transferring input files
	Transferring to host: <128.105.69.133:9618?addrs=128.105.69.133-9618+[2607-f388-2200-100-1270-fdff-fe56-70f4]-9618&alias=e4082.chtc.wisc.edu&noUDP&sock=slot1_216_1181635_80cc_46540>
...
040 (11178239.000.000) 2023-07-27 10:41:00 Finished transferring input files
...
001 (11178239.000.000) 2023-07-27 10:41:01 Job executing on host: <128.105.69.133:9618?addrs=128.105.69.133-9618+[2607-f388-2200-100-1270-fdff-fe56-70f4]-9618&alias=e4082.chtc.wisc.edu&noUDP&sock=startd_11675_a84a>
	SlotName: slot1_216@e4082.chtc.wisc.edu
	CondorScratchDir = "/var/lib/condor/execute/slot1/dir_2965592"
	Cpus = 1
	Disk = 1208198
	IoHeavy = 0
	Memory = 512
...
006 (11178239.000.000) 2023-07-27 10:41:09 Image size of job updated: 409056
	400  -  MemoryUsage of job (MB)
	408868  -  ResidentSetSize of job (KB)
...
006 (11178239.000.000) 2023-07-27 10:41:17 Image size of job updated: 416768
	400  -  MemoryUsage of job (MB)
	408868  -  ResidentSetSize of job (KB)
...
040 (11178239.000.000) 2023-07-27 10:41:17 Started transferring output files
...
040 (11178239.000.000) 2023-07-27 10:41:17 Finished transferring output files
...
005 (11178239.000.000) 2023-07-27 10:41:18 Job terminated.
	(1) Normal termination (return value 0)
		Usr 0 00:00:12, Sys 0 00:00:03  -  Run Remote Usage
		Usr 0 00:00:00, Sys 0 00:00:00  -  Run Local Usage
		Usr 0 00:00:12, Sys 0 00:00:03  -  Total Remote Usage
		Usr 0 00:00:00, Sys 0 00:00:00  -  Total Local Usage
	3568  -  Run Bytes Sent By Job
	32631512  -  Run Bytes Received By Job
	3568  -  Total Bytes Sent By Job
	32631512  -  Total Bytes Received By Job
	Partitionable Resources :    Usage  Request Allocated 
	   Cpus                 :                 1         1 
	   Disk (KB)            :   255974   524288   1208198 
	   IoHeavy              :                           0 
	   Memory (MB)          :      400      512       512 

	Job terminated of its own accord at 2023-07-27T15:41:17Z with exit-code 0.
...
036 (11178239.-01.000) 2023-07-27 10:41:18 Cluster removed
	Materialized 1 jobs from 0 items.	Complete
...
