000 (11188619.016.000) 2023-07-28 07:05:09 Job submitted from host: <128.104.101.92:9618?addrs=128.104.101.92-9618+[2607-f388-107c-501-a236-9fff-fe3c-caa8]-9618&alias=submit2.chtc.wisc.edu&noUDP&sock=schedd_1879732_618e>
...
040 (11188619.016.000) 2023-07-28 07:06:00 Started transferring input files
	Transferring to host: <128.105.69.125:9618?addrs=128.105.69.125-9618+[2607-f388-2200-100-1270-fdff-fe56-79f4]-9618&alias=e4074.chtc.wisc.edu&noUDP&sock=slot1_8_932987_7e4d_45313>
...
040 (11188619.016.000) 2023-07-28 07:06:06 Finished transferring input files
...
001 (11188619.016.000) 2023-07-28 07:06:07 Job executing on host: <128.105.69.125:9618?addrs=128.105.69.125-9618+[2607-f388-2200-100-1270-fdff-fe56-79f4]-9618&alias=e4074.chtc.wisc.edu&noUDP&sock=startd_17118_1a48>
	SlotName: slot1_8@e4074.chtc.wisc.edu
	CondorScratchDir = "/var/lib/condor/execute/slot1/dir_821670"
	Cpus = 1
	Disk = 1208198
	IoHeavy = 0
	Memory = 512
...
006 (11188619.016.000) 2023-07-28 07:06:16 Image size of job updated: 329640
	322  -  MemoryUsage of job (MB)
	329560  -  ResidentSetSize of job (KB)
...
006 (11188619.016.000) 2023-07-28 07:11:17 Image size of job updated: 381948
	325  -  MemoryUsage of job (MB)
	332376  -  ResidentSetSize of job (KB)
...
006 (11188619.016.000) 2023-07-28 07:16:18 Image size of job updated: 381948
	334  -  MemoryUsage of job (MB)
	341712  -  ResidentSetSize of job (KB)
...
006 (11188619.016.000) 2023-07-28 07:26:19 Image size of job updated: 381948
	335  -  MemoryUsage of job (MB)
	342416  -  ResidentSetSize of job (KB)
...
040 (11188619.016.000) 2023-07-28 07:29:01 Started transferring output files
...
040 (11188619.016.000) 2023-07-28 07:29:01 Finished transferring output files
...
005 (11188619.016.000) 2023-07-28 07:29:01 Job terminated.
	(1) Normal termination (return value 0)
		Usr 0 00:22:23, Sys 0 00:00:13  -  Run Remote Usage
		Usr 0 00:00:00, Sys 0 00:00:00  -  Run Local Usage
		Usr 0 00:22:23, Sys 0 00:00:13  -  Total Remote Usage
		Usr 0 00:00:00, Sys 0 00:00:00  -  Total Local Usage
	57016  -  Run Bytes Sent By Job
	32668728  -  Run Bytes Received By Job
	57016  -  Total Bytes Sent By Job
	32668728  -  Total Bytes Received By Job
	Partitionable Resources :     Usage  Request Allocated 
	   Cpus                 :      0.99        1         1 
	   Disk (KB)            : 255858      524288   1208198 
	   IoHeavy              :                            0 
	   Memory (MB)          :    335         512       512 

	Job terminated of its own accord at 2023-07-28T12:29:00Z with exit-code 0.
...
