000 (11188619.004.000) 2023-07-28 07:05:09 Job submitted from host: <128.104.101.92:9618?addrs=128.104.101.92-9618+[2607-f388-107c-501-a236-9fff-fe3c-caa8]-9618&alias=submit2.chtc.wisc.edu&noUDP&sock=schedd_1879732_618e>
...
040 (11188619.004.000) 2023-07-28 07:05:52 Started transferring input files
	Transferring to host: <128.105.69.237:9618?addrs=128.105.69.237-9618+[2607-f388-2200-100-eaeb-d3ff-fe40-230c]-9618&alias=e2620.chtc.wisc.edu&noUDP&sock=slot1_74_1960490_4f24_49675>
...
040 (11188619.004.000) 2023-07-28 07:05:53 Finished transferring input files
...
001 (11188619.004.000) 2023-07-28 07:05:54 Job executing on host: <128.105.69.237:9618?addrs=128.105.69.237-9618+[2607-f388-2200-100-eaeb-d3ff-fe40-230c]-9618&alias=e2620.chtc.wisc.edu&noUDP&sock=startd_11763_04a0>
	SlotName: slot1_74@e2620.chtc.wisc.edu
	CondorScratchDir = "/var/lib/condor/execute/slot1/dir_13753"
	Cpus = 1
	Disk = 1458998
	IoHeavy = 0
	Memory = 512
...
006 (11188619.004.000) 2023-07-28 07:06:03 Image size of job updated: 382448
	295  -  MemoryUsage of job (MB)
	301784  -  ResidentSetSize of job (KB)
...
006 (11188619.004.000) 2023-07-28 07:11:04 Image size of job updated: 382448
	339  -  MemoryUsage of job (MB)
	346528  -  ResidentSetSize of job (KB)
...
006 (11188619.004.000) 2023-07-28 07:31:05 Image size of job updated: 382448
	340  -  MemoryUsage of job (MB)
	347240  -  ResidentSetSize of job (KB)
...
006 (11188619.004.000) 2023-07-28 07:36:06 Image size of job updated: 382448
	340  -  MemoryUsage of job (MB)
	347896  -  ResidentSetSize of job (KB)
...
006 (11188619.004.000) 2023-07-28 07:41:07 Image size of job updated: 382448
	346  -  MemoryUsage of job (MB)
	353888  -  ResidentSetSize of job (KB)
...
