000 (11188619.019.000) 2023-07-28 07:05:09 Job submitted from host: <128.104.101.92:9618?addrs=128.104.101.92-9618+[2607-f388-107c-501-a236-9fff-fe3c-caa8]-9618&alias=submit2.chtc.wisc.edu&noUDP&sock=schedd_1879732_618e>
...
040 (11188619.019.000) 2023-07-28 07:05:59 Started transferring input files
	Transferring to host: <128.105.69.133:9618?addrs=128.105.69.133-9618+[2607-f388-2200-100-1270-fdff-fe56-70f4]-9618&alias=e4082.chtc.wisc.edu&noUDP&sock=slot1_98_1181635_80cc_50320>
...
040 (11188619.019.000) 2023-07-28 07:06:01 Finished transferring input files
...
001 (11188619.019.000) 2023-07-28 07:06:03 Job executing on host: <128.105.69.133:9618?addrs=128.105.69.133-9618+[2607-f388-2200-100-1270-fdff-fe56-70f4]-9618&alias=e4082.chtc.wisc.edu&noUDP&sock=startd_11675_a84a>
	SlotName: slot1_98@e4082.chtc.wisc.edu
	CondorScratchDir = "/var/lib/condor/execute/slot1/dir_650900"
	Cpus = 1
	Disk = 1208198
	IoHeavy = 0
	Memory = 512
...
006 (11188619.019.000) 2023-07-28 07:06:11 Image size of job updated: 382580
	259  -  MemoryUsage of job (MB)
	264624  -  ResidentSetSize of job (KB)
...
040 (11188619.019.000) 2023-07-28 07:10:44 Started transferring output files
...
040 (11188619.019.000) 2023-07-28 07:10:44 Finished transferring output files
...
005 (11188619.019.000) 2023-07-28 07:10:44 Job terminated.
	(1) Normal termination (return value 0)
		Usr 0 00:04:36, Sys 0 00:00:01  -  Run Remote Usage
		Usr 0 00:00:00, Sys 0 00:00:00  -  Run Local Usage
		Usr 0 00:04:36, Sys 0 00:00:01  -  Total Remote Usage
		Usr 0 00:00:00, Sys 0 00:00:00  -  Total Local Usage
	57067  -  Run Bytes Sent By Job
	32668728  -  Run Bytes Received By Job
	57067  -  Total Bytes Sent By Job
	32668728  -  Total Bytes Received By Job
	Partitionable Resources :     Usage  Request Allocated 
	   Cpus                 :      1.01        1         1 
	   Disk (KB)            : 255077      524288   1208198 
	   IoHeavy              :                            0 
	   Memory (MB)          :    259         512       512 

	Job terminated of its own accord at 2023-07-28T12:10:44Z with exit-code 0.
...
