000 (11188619.010.000) 2023-07-28 07:05:09 Job submitted from host: <128.104.101.92:9618?addrs=128.104.101.92-9618+[2607-f388-107c-501-a236-9fff-fe3c-caa8]-9618&alias=submit2.chtc.wisc.edu&noUDP&sock=schedd_1879732_618e>
...
040 (11188619.010.000) 2023-07-28 07:05:52 Started transferring input files
	Transferring to host: <128.105.69.151:9618?addrs=128.105.69.151-9618+[2607-f388-2200-100-1270-fdff-fe56-7334]-9618&alias=e4028.chtc.wisc.edu&noUDP&sock=slot1_91_466780_7c9f_56474>
...
040 (11188619.010.000) 2023-07-28 07:05:54 Finished transferring input files
...
001 (11188619.010.000) 2023-07-28 07:05:55 Job executing on host: <128.105.69.151:9618?addrs=128.105.69.151-9618+[2607-f388-2200-100-1270-fdff-fe56-7334]-9618&alias=e4028.chtc.wisc.edu&noUDP&sock=startd_15849_ac99>
	SlotName: slot1_91@e4028.chtc.wisc.edu
	CondorScratchDir = "/var/lib/condor/execute/slot1/dir_3504012"
	Cpus = 1
	Disk = 1208198
	IoHeavy = 0
	Memory = 512
...
006 (11188619.010.000) 2023-07-28 07:06:04 Image size of job updated: 275076
	164  -  MemoryUsage of job (MB)
	167928  -  ResidentSetSize of job (KB)
...
006 (11188619.010.000) 2023-07-28 07:11:05 Image size of job updated: 275076
	230  -  MemoryUsage of job (MB)
	234640  -  ResidentSetSize of job (KB)
...
006 (11188619.010.000) 2023-07-28 07:16:05 Image size of job updated: 275076
	236  -  MemoryUsage of job (MB)
	241424  -  ResidentSetSize of job (KB)
...
006 (11188619.010.000) 2023-07-28 07:31:06 Image size of job updated: 275076
	237  -  MemoryUsage of job (MB)
	242404  -  ResidentSetSize of job (KB)
...
040 (11188619.010.000) 2023-07-28 07:33:19 Started transferring output files
...
040 (11188619.010.000) 2023-07-28 07:33:19 Finished transferring output files
...
005 (11188619.010.000) 2023-07-28 07:33:21 Job terminated.
	(1) Normal termination (return value 0)
		Usr 0 00:26:54, Sys 0 00:00:03  -  Run Remote Usage
		Usr 0 00:00:00, Sys 0 00:00:00  -  Run Local Usage
		Usr 0 00:26:54, Sys 0 00:00:03  -  Total Remote Usage
		Usr 0 00:00:00, Sys 0 00:00:00  -  Total Local Usage
	57053  -  Run Bytes Sent By Job
	32668728  -  Run Bytes Received By Job
	57053  -  Total Bytes Sent By Job
	32668728  -  Total Bytes Received By Job
	Partitionable Resources :     Usage  Request Allocated 
	   Cpus                 :      0.98        1         1 
	   Disk (KB)            : 255077      524288   1208198 
	   IoHeavy              :                            0 
	   Memory (MB)          :    237         512       512 

	Job terminated of its own accord at 2023-07-28T12:33:17Z with exit-code 0.
...
