000 (11188619.029.000) 2023-07-28 07:05:09 Job submitted from host: <128.104.101.92:9618?addrs=128.104.101.92-9618+[2607-f388-107c-501-a236-9fff-fe3c-caa8]-9618&alias=submit2.chtc.wisc.edu&noUDP&sock=schedd_1879732_618e>
...
040 (11188619.029.000) 2023-07-28 07:06:00 Started transferring input files
	Transferring to host: <128.105.69.123:9618?addrs=128.105.69.123-9618+[2607-f388-2200-100-1270-fdff-fe56-7324]-9618&alias=e4072.chtc.wisc.edu&noUDP&sock=slot1_69_1822831_1726_56842>
...
040 (11188619.029.000) 2023-07-28 07:06:03 Finished transferring input files
...
001 (11188619.029.000) 2023-07-28 07:06:04 Job executing on host: <128.105.69.123:9618?addrs=128.105.69.123-9618+[2607-f388-2200-100-1270-fdff-fe56-7324]-9618&alias=e4072.chtc.wisc.edu&noUDP&sock=startd_17358_b902>
	SlotName: slot1_69@e4072.chtc.wisc.edu
	CondorScratchDir = "/var/lib/condor/execute/slot1/dir_2375653"
	Cpus = 1
	Disk = 1208198
	IoHeavy = 0
	Memory = 512
...
006 (11188619.029.000) 2023-07-28 07:06:13 Image size of job updated: 275592
	160  -  MemoryUsage of job (MB)
	163584  -  ResidentSetSize of job (KB)
...
006 (11188619.029.000) 2023-07-28 07:11:14 Image size of job updated: 275592
	222  -  MemoryUsage of job (MB)
	227288  -  ResidentSetSize of job (KB)
...
040 (11188619.029.000) 2023-07-28 07:11:21 Started transferring output files
...
040 (11188619.029.000) 2023-07-28 07:11:21 Finished transferring output files
...
005 (11188619.029.000) 2023-07-28 07:11:21 Job terminated.
	(1) Normal termination (return value 0)
		Usr 0 00:05:11, Sys 0 00:00:01  -  Run Remote Usage
		Usr 0 00:00:00, Sys 0 00:00:00  -  Run Local Usage
		Usr 0 00:05:11, Sys 0 00:00:01  -  Total Remote Usage
		Usr 0 00:00:00, Sys 0 00:00:00  -  Total Local Usage
	57088  -  Run Bytes Sent By Job
	32668728  -  Run Bytes Received By Job
	57088  -  Total Bytes Sent By Job
	32668728  -  Total Bytes Received By Job
	Partitionable Resources :     Usage  Request Allocated 
	   Cpus                 :      0.99        1         1 
	   Disk (KB)            : 255077      524288   1208198 
	   IoHeavy              :                            0 
	   Memory (MB)          :    222         512       512 

	Job terminated of its own accord at 2023-07-28T12:11:21Z with exit-code 0.
...
