Installing packages into '/var/lib/condor/execute/slot1/dir_1521099/packages'
(as 'lib' is unspecified)
trying URL 'https://cloud.r-project.org/src/contrib/wbs_1.4.tar.gz'
Content type 'application/x-gzip' length 14147 bytes (13 KB)
==================================================
downloaded 13 KB

trying URL 'https://cloud.r-project.org/src/contrib/usedist_0.4.0.tar.gz'
Content type 'application/x-gzip' length 31701 bytes (30 KB)
==================================================
downloaded 30 KB

* installing *source* package 'wbs' ...
** package 'wbs' successfully unpacked and MD5 sums checked
** using staged installation
** libs
installing to /var/lib/condor/execute/slot1/dir_1521099/packages/00LOCK-wbs/00new/wbs/libs
** R
** byte-compile and prepare package for lazy loading
** help
*** installing help indices
** building package indices
** testing if installed package can be loaded from temporary location
** checking absolute paths in shared objects and dynamic libraries
** testing if installed package can be loaded from final location
** testing if installed package keeps a record of temporary installation path
* DONE (wbs)
* installing *source* package 'usedist' ...
** package 'usedist' successfully unpacked and MD5 sums checked
** using staged installation
** R
** byte-compile and prepare package for lazy loading
** help
*** installing help indices
** building package indices
** testing if installed package can be loaded from temporary location
** testing if installed package can be loaded from final location
** testing if installed package keeps a record of temporary installation path
* DONE (usedist)

The downloaded source packages are in
	'/tmp/RtmpQfEOc6/downloaded_packages'

Attaching package: 'igraph'

The following objects are masked from 'package:stats':

    decompose, spectrum

The following object is masked from 'package:base':

    union

Loading required package: usedist
