000 (11188619.013.000) 2023-07-28 07:05:09 Job submitted from host: <128.104.101.92:9618?addrs=128.104.101.92-9618+[2607-f388-107c-501-a236-9fff-fe3c-caa8]-9618&alias=submit2.chtc.wisc.edu&noUDP&sock=schedd_1879732_618e>
...
040 (11188619.013.000) 2023-07-28 07:05:53 Started transferring input files
	Transferring to host: <128.105.69.237:9618?addrs=128.105.69.237-9618+[2607-f388-2200-100-eaeb-d3ff-fe40-230c]-9618&alias=e2620.chtc.wisc.edu&noUDP&sock=slot1_82_1960490_4f24_49681>
...
040 (11188619.013.000) 2023-07-28 07:05:55 Finished transferring input files
...
001 (11188619.013.000) 2023-07-28 07:05:56 Job executing on host: <128.105.69.237:9618?addrs=128.105.69.237-9618+[2607-f388-2200-100-eaeb-d3ff-fe40-230c]-9618&alias=e2620.chtc.wisc.edu&noUDP&sock=startd_11763_04a0>
	SlotName: slot1_82@e2620.chtc.wisc.edu
	CondorScratchDir = "/var/lib/condor/execute/slot1/dir_13825"
	Cpus = 1
	Disk = 1458998
	IoHeavy = 0
	Memory = 512
...
006 (11188619.013.000) 2023-07-28 07:06:04 Image size of job updated: 382264
	265  -  MemoryUsage of job (MB)
	270912  -  ResidentSetSize of job (KB)
...
006 (11188619.013.000) 2023-07-28 07:11:04 Image size of job updated: 382264
	330  -  MemoryUsage of job (MB)
	337688  -  ResidentSetSize of job (KB)
...
040 (11188619.013.000) 2023-07-28 07:18:42 Started transferring output files
...
040 (11188619.013.000) 2023-07-28 07:18:42 Finished transferring output files
...
005 (11188619.013.000) 2023-07-28 07:18:42 Job terminated.
	(1) Normal termination (return value 0)
		Usr 0 00:12:31, Sys 0 00:00:03  -  Run Remote Usage
		Usr 0 00:00:00, Sys 0 00:00:00  -  Run Local Usage
		Usr 0 00:12:31, Sys 0 00:00:03  -  Total Remote Usage
		Usr 0 00:00:00, Sys 0 00:00:00  -  Total Local Usage
	57050  -  Run Bytes Sent By Job
	32668728  -  Run Bytes Received By Job
	57050  -  Total Bytes Sent By Job
	32668728  -  Total Bytes Received By Job
	Partitionable Resources :     Usage  Request Allocated 
	   Cpus                 :      0.99        1         1 
	   Disk (KB)            : 255077      524288   1458998 
	   IoHeavy              :                            0 
	   Memory (MB)          :    330         512       512 

	Job terminated of its own accord at 2023-07-28T12:18:42Z with exit-code 0.
...
