000 (11188619.022.000) 2023-07-28 07:05:09 Job submitted from host: <128.104.101.92:9618?addrs=128.104.101.92-9618+[2607-f388-107c-501-a236-9fff-fe3c-caa8]-9618&alias=submit2.chtc.wisc.edu&noUDP&sock=schedd_1879732_618e>
...
040 (11188619.022.000) 2023-07-28 07:06:00 Started transferring input files
	Transferring to host: <128.105.69.204:9618?addrs=128.105.69.204-9618+[2607-f388-2200-100-1270-fdff-fe56-b85c]-9618&alias=e4035.chtc.wisc.edu&noUDP&sock=slot1_18_364591_1783_50542>
...
040 (11188619.022.000) 2023-07-28 07:06:01 Finished transferring input files
...
001 (11188619.022.000) 2023-07-28 07:06:03 Job executing on host: <128.105.69.204:9618?addrs=128.105.69.204-9618+[2607-f388-2200-100-1270-fdff-fe56-b85c]-9618&alias=e4035.chtc.wisc.edu&noUDP&sock=startd_11684_d4a5>
	SlotName: slot1_18@e4035.chtc.wisc.edu
	CondorScratchDir = "/var/lib/condor/execute/slot1/dir_1148171"
	Cpus = 1
	Disk = 1208198
	IoHeavy = 0
	Memory = 512
...
006 (11188619.022.000) 2023-07-28 07:06:12 Image size of job updated: 383580
	264  -  MemoryUsage of job (MB)
	269420  -  ResidentSetSize of job (KB)
...
040 (11188619.022.000) 2023-07-28 07:11:01 Started transferring output files
...
040 (11188619.022.000) 2023-07-28 07:11:01 Finished transferring output files
...
005 (11188619.022.000) 2023-07-28 07:11:05 Job terminated.
	(1) Normal termination (return value 0)
		Usr 0 00:04:48, Sys 0 00:00:01  -  Run Remote Usage
		Usr 0 00:00:00, Sys 0 00:00:00  -  Run Local Usage
		Usr 0 00:04:48, Sys 0 00:00:01  -  Total Remote Usage
		Usr 0 00:00:00, Sys 0 00:00:00  -  Total Local Usage
	57092  -  Run Bytes Sent By Job
	32668728  -  Run Bytes Received By Job
	57092  -  Total Bytes Sent By Job
	32668728  -  Total Bytes Received By Job
	Partitionable Resources :     Usage  Request Allocated 
	   Cpus                 :      0.99        1         1 
	   Disk (KB)            : 255077      524288   1208198 
	   IoHeavy              :                            0 
	   Memory (MB)          :    264         512       512 

	Job terminated of its own accord at 2023-07-28T12:10:58Z with exit-code 0.
...
