000 (11188617.060.000) 2023-07-28 07:00:37 Job submitted from host: <128.104.101.92:9618?addrs=128.104.101.92-9618+[2607-f388-107c-501-a236-9fff-fe3c-caa8]-9618&alias=submit2.chtc.wisc.edu&noUDP&sock=schedd_1879732_618e>
...
040 (11188617.060.000) 2023-07-28 07:01:39 Started transferring input files
	Transferring to host: <128.105.69.141:9618?addrs=128.105.69.141-9618+[2607-f388-2200-100-1270-fdff-fe56-767c]-9618&alias=e4018.chtc.wisc.edu&noUDP&sock=slot1_53_155969_0520_44020>
...
040 (11188617.060.000) 2023-07-28 07:01:41 Finished transferring input files
...
001 (11188617.060.000) 2023-07-28 07:01:44 Job executing on host: <128.105.69.141:9618?addrs=128.105.69.141-9618+[2607-f388-2200-100-1270-fdff-fe56-767c]-9618&alias=e4018.chtc.wisc.edu&noUDP&sock=startd_11781_5d54>
	SlotName: slot1_53@e4018.chtc.wisc.edu
	CondorScratchDir = "/var/lib/condor/execute/slot1/dir_3987340"
	Cpus = 1
	Disk = 1208198
	IoHeavy = 0
	Memory = 512
...
006 (11188617.060.000) 2023-07-28 07:01:52 Image size of job updated: 422284
	300  -  MemoryUsage of job (MB)
	306800  -  ResidentSetSize of job (KB)
...
040 (11188617.060.000) 2023-07-28 07:03:09 Started transferring output files
...
040 (11188617.060.000) 2023-07-28 07:03:09 Finished transferring output files
...
005 (11188617.060.000) 2023-07-28 07:03:09 Job terminated.
	(1) Normal termination (return value 0)
		Usr 0 00:01:22, Sys 0 00:00:00  -  Run Remote Usage
		Usr 0 00:00:00, Sys 0 00:00:00  -  Run Local Usage
		Usr 0 00:01:22, Sys 0 00:00:00  -  Total Remote Usage
		Usr 0 00:00:00, Sys 0 00:00:00  -  Total Local Usage
	56477  -  Run Bytes Sent By Job
	32668696  -  Run Bytes Received By Job
	56477  -  Total Bytes Sent By Job
	32668696  -  Total Bytes Received By Job
	Partitionable Resources :     Usage  Request Allocated 
	   Cpus                 :      0.99        1         1 
	   Disk (KB)            : 255077      524288   1208198 
	   IoHeavy              :                            0 
	   Memory (MB)          :    300         512       512 

	Job terminated of its own accord at 2023-07-28T12:03:09Z with exit-code 0.
...
