000 (11188619.051.000) 2023-07-28 07:05:09 Job submitted from host: <128.104.101.92:9618?addrs=128.104.101.92-9618+[2607-f388-107c-501-a236-9fff-fe3c-caa8]-9618&alias=submit2.chtc.wisc.edu&noUDP&sock=schedd_1879732_618e>
...
040 (11188619.051.000) 2023-07-28 07:06:04 Started transferring input files
	Transferring to host: <128.105.69.227:9618?addrs=128.105.69.227-9618+[2607-f388-2200-100-eaeb-d3ff-fe40-155c]-9618&alias=e2610.chtc.wisc.edu&noUDP&sock=slot1_67_4008194_0569_48039>
...
040 (11188619.051.000) 2023-07-28 07:06:06 Finished transferring input files
...
001 (11188619.051.000) 2023-07-28 07:06:08 Job executing on host: <128.105.69.227:9618?addrs=128.105.69.227-9618+[2607-f388-2200-100-eaeb-d3ff-fe40-155c]-9618&alias=e2610.chtc.wisc.edu&noUDP&sock=startd_18808_4d56>
	SlotName: slot1_67@e2610.chtc.wisc.edu
	CondorScratchDir = "/var/lib/condor/execute/slot1/dir_949261"
	Cpus = 1
	Disk = 1458998
	IoHeavy = 0
	Memory = 512
...
006 (11188619.051.000) 2023-07-28 07:06:16 Image size of job updated: 383456
	317  -  MemoryUsage of job (MB)
	323620  -  ResidentSetSize of job (KB)
...
040 (11188619.051.000) 2023-07-28 07:07:21 Started transferring output files
...
040 (11188619.051.000) 2023-07-28 07:07:21 Finished transferring output files
...
005 (11188619.051.000) 2023-07-28 07:07:21 Job terminated.
	(1) Normal termination (return value 0)
		Usr 0 00:01:10, Sys 0 00:00:00  -  Run Remote Usage
		Usr 0 00:00:00, Sys 0 00:00:00  -  Run Local Usage
		Usr 0 00:01:10, Sys 0 00:00:00  -  Total Remote Usage
		Usr 0 00:00:00, Sys 0 00:00:00  -  Total Local Usage
	56508  -  Run Bytes Sent By Job
	32668728  -  Run Bytes Received By Job
	56508  -  Total Bytes Sent By Job
	32668728  -  Total Bytes Received By Job
	Partitionable Resources :     Usage  Request Allocated 
	   Cpus                 :      0.99        1         1 
	   Disk (KB)            : 255077      524288   1458998 
	   IoHeavy              :                            0 
	   Memory (MB)          :    317         512       512 

	Job terminated of its own accord at 2023-07-28T12:07:21Z with exit-code 0.
...
