000 (11188619.039.000) 2023-07-28 07:05:09 Job submitted from host: <128.104.101.92:9618?addrs=128.104.101.92-9618+[2607-f388-107c-501-a236-9fff-fe3c-caa8]-9618&alias=submit2.chtc.wisc.edu&noUDP&sock=schedd_1879732_618e>
...
040 (11188619.039.000) 2023-07-28 07:06:03 Started transferring input files
	Transferring to host: <128.105.69.242:9618?addrs=128.105.69.242-9618+[2607-f388-2200-100-eaeb-d3ff-fe40-111c]-9618&alias=e2625.chtc.wisc.edu&noUDP&sock=slot1_64_3544121_9c52_50966>
...
040 (11188619.039.000) 2023-07-28 07:06:04 Finished transferring input files
...
001 (11188619.039.000) 2023-07-28 07:06:06 Job executing on host: <128.105.69.242:9618?addrs=128.105.69.242-9618+[2607-f388-2200-100-eaeb-d3ff-fe40-111c]-9618&alias=e2625.chtc.wisc.edu&noUDP&sock=startd_18594_8411>
	SlotName: slot1_64@e2625.chtc.wisc.edu
	CondorScratchDir = "/var/lib/condor/execute/slot1/dir_301978"
	Cpus = 1
	Disk = 1458998
	IoHeavy = 0
	Memory = 512
...
006 (11188619.039.000) 2023-07-28 07:06:14 Image size of job updated: 383048
	261  -  MemoryUsage of job (MB)
	266524  -  ResidentSetSize of job (KB)
...
040 (11188619.039.000) 2023-07-28 07:08:34 Started transferring output files
...
040 (11188619.039.000) 2023-07-28 07:08:34 Finished transferring output files
...
005 (11188619.039.000) 2023-07-28 07:08:34 Job terminated.
	(1) Normal termination (return value 0)
		Usr 0 00:02:25, Sys 0 00:00:01  -  Run Remote Usage
		Usr 0 00:00:00, Sys 0 00:00:00  -  Run Local Usage
		Usr 0 00:02:25, Sys 0 00:00:01  -  Total Remote Usage
		Usr 0 00:00:00, Sys 0 00:00:00  -  Total Local Usage
	57070  -  Run Bytes Sent By Job
	32668728  -  Run Bytes Received By Job
	57070  -  Total Bytes Sent By Job
	32668728  -  Total Bytes Received By Job
	Partitionable Resources :     Usage  Request Allocated 
	   Cpus                 :      0.99        1         1 
	   Disk (KB)            : 255077      524288   1458998 
	   IoHeavy              :                            0 
	   Memory (MB)          :    261         512       512 

	Job terminated of its own accord at 2023-07-28T12:08:34Z with exit-code 0.
...
