000 (11188619.058.000) 2023-07-28 07:05:09 Job submitted from host: <128.104.101.92:9618?addrs=128.104.101.92-9618+[2607-f388-107c-501-a236-9fff-fe3c-caa8]-9618&alias=submit2.chtc.wisc.edu&noUDP&sock=schedd_1879732_618e>
...
040 (11188619.058.000) 2023-07-28 07:06:04 Started transferring input files
	Transferring to host: <128.105.69.169:9618?addrs=128.105.69.169-9618+[2607-f388-2200-100-1270-fdff-fe56-710c]-9618&alias=e2552.chtc.wisc.edu&noUDP&sock=slot1_40_756208_b218_43590>
...
040 (11188619.058.000) 2023-07-28 07:06:07 Finished transferring input files
...
001 (11188619.058.000) 2023-07-28 07:06:08 Job executing on host: <128.105.69.169:9618?addrs=128.105.69.169-9618+[2607-f388-2200-100-1270-fdff-fe56-710c]-9618&alias=e2552.chtc.wisc.edu&noUDP&sock=startd_13465_72d1>
	SlotName: slot1_40@e2552.chtc.wisc.edu
	CondorScratchDir = "/var/lib/condor/execute/slot1/dir_3920632"
	Cpus = 1
	Disk = 1208198
	IoHeavy = 0
	Memory = 512
...
006 (11188619.058.000) 2023-07-28 07:06:17 Image size of job updated: 383288
	318  -  MemoryUsage of job (MB)
	324880  -  ResidentSetSize of job (KB)
...
040 (11188619.058.000) 2023-07-28 07:07:16 Started transferring output files
...
040 (11188619.058.000) 2023-07-28 07:07:16 Finished transferring output files
...
005 (11188619.058.000) 2023-07-28 07:07:17 Job terminated.
	(1) Normal termination (return value 0)
		Usr 0 00:01:05, Sys 0 00:00:00  -  Run Remote Usage
		Usr 0 00:00:00, Sys 0 00:00:00  -  Run Local Usage
		Usr 0 00:01:05, Sys 0 00:00:00  -  Total Remote Usage
		Usr 0 00:00:00, Sys 0 00:00:00  -  Total Local Usage
	56534  -  Run Bytes Sent By Job
	32668728  -  Run Bytes Received By Job
	56534  -  Total Bytes Sent By Job
	32668728  -  Total Bytes Received By Job
	Partitionable Resources :     Usage  Request Allocated 
	   Cpus                 :      0.99        1         1 
	   Disk (KB)            : 255077      524288   1208198 
	   IoHeavy              :                            0 
	   Memory (MB)          :    318         512       512 

	Job terminated of its own accord at 2023-07-28T12:07:16Z with exit-code 0.
...
