000 (11188619.057.000) 2023-07-28 07:05:09 Job submitted from host: <128.104.101.92:9618?addrs=128.104.101.92-9618+[2607-f388-107c-501-a236-9fff-fe3c-caa8]-9618&alias=submit2.chtc.wisc.edu&noUDP&sock=schedd_1879732_618e>
...
040 (11188619.057.000) 2023-07-28 07:06:04 Started transferring input files
	Transferring to host: <128.105.69.228:9618?addrs=128.105.69.228-9618+[2607-f388-2200-100-eaeb-d3ff-fe40-1124]-9618&alias=e2611.chtc.wisc.edu&noUDP&sock=slot1_87_1521301_ed80_63924>
...
040 (11188619.057.000) 2023-07-28 07:06:06 Finished transferring input files
...
001 (11188619.057.000) 2023-07-28 07:06:07 Job executing on host: <128.105.69.228:9618?addrs=128.105.69.228-9618+[2607-f388-2200-100-eaeb-d3ff-fe40-1124]-9618&alias=e2611.chtc.wisc.edu&noUDP&sock=startd_18798_7163>
	SlotName: slot1_87@e2611.chtc.wisc.edu
	CondorScratchDir = "/var/lib/condor/execute/slot1/dir_1235156"
	Cpus = 1
	Disk = 1458998
	IoHeavy = 0
	Memory = 512
...
006 (11188619.057.000) 2023-07-28 07:06:16 Image size of job updated: 386848
	322  -  MemoryUsage of job (MB)
	329044  -  ResidentSetSize of job (KB)
...
040 (11188619.057.000) 2023-07-28 07:07:29 Started transferring output files
...
040 (11188619.057.000) 2023-07-28 07:07:29 Finished transferring output files
...
005 (11188619.057.000) 2023-07-28 07:07:29 Job terminated.
	(1) Normal termination (return value 0)
		Usr 0 00:01:18, Sys 0 00:00:01  -  Run Remote Usage
		Usr 0 00:00:00, Sys 0 00:00:00  -  Run Local Usage
		Usr 0 00:01:18, Sys 0 00:00:01  -  Total Remote Usage
		Usr 0 00:00:00, Sys 0 00:00:00  -  Total Local Usage
	56358  -  Run Bytes Sent By Job
	32668728  -  Run Bytes Received By Job
	56358  -  Total Bytes Sent By Job
	32668728  -  Total Bytes Received By Job
	Partitionable Resources :     Usage  Request Allocated 
	   Cpus                 :      0.99        1         1 
	   Disk (KB)            : 255077      524288   1458998 
	   IoHeavy              :                            0 
	   Memory (MB)          :    322         512       512 

	Job terminated of its own accord at 2023-07-28T12:07:29Z with exit-code 0.
...
