000 (11188617.042.000) 2023-07-28 07:00:37 Job submitted from host: <128.104.101.92:9618?addrs=128.104.101.92-9618+[2607-f388-107c-501-a236-9fff-fe3c-caa8]-9618&alias=submit2.chtc.wisc.edu&noUDP&sock=schedd_1879732_618e>
...
040 (11188617.042.000) 2023-07-28 07:01:37 Started transferring input files
	Transferring to host: <128.105.69.162:9618?addrs=128.105.69.162-9618+[2607-f388-2200-100-1270-fdff-fe56-bd0c]-9618&alias=e4095.chtc.wisc.edu&noUDP&sock=slot1_38_3408026_5f13_56831>
...
040 (11188617.042.000) 2023-07-28 07:01:39 Finished transferring input files
...
001 (11188617.042.000) 2023-07-28 07:01:40 Job executing on host: <128.105.69.162:9618?addrs=128.105.69.162-9618+[2607-f388-2200-100-1270-fdff-fe56-bd0c]-9618&alias=e4095.chtc.wisc.edu&noUDP&sock=startd_17175_332e>
	SlotName: slot1_38@e4095.chtc.wisc.edu
	CondorScratchDir = "/var/lib/condor/execute/slot1/dir_354331"
	Cpus = 1
	Disk = 1208198
	IoHeavy = 0
	Memory = 512
...
006 (11188617.042.000) 2023-07-28 07:01:49 Image size of job updated: 280404
	160  -  MemoryUsage of job (MB)
	163752  -  ResidentSetSize of job (KB)
...
040 (11188617.042.000) 2023-07-28 07:03:19 Started transferring output files
...
040 (11188617.042.000) 2023-07-28 07:03:20 Finished transferring output files
...
005 (11188617.042.000) 2023-07-28 07:03:20 Job terminated.
	(1) Normal termination (return value 0)
		Usr 0 00:01:35, Sys 0 00:00:01  -  Run Remote Usage
		Usr 0 00:00:00, Sys 0 00:00:00  -  Run Local Usage
		Usr 0 00:01:35, Sys 0 00:00:01  -  Total Remote Usage
		Usr 0 00:00:00, Sys 0 00:00:00  -  Total Local Usage
	56276  -  Run Bytes Sent By Job
	32668696  -  Run Bytes Received By Job
	56276  -  Total Bytes Sent By Job
	32668696  -  Total Bytes Received By Job
	Partitionable Resources :     Usage  Request Allocated 
	   Cpus                 :      0.99        1         1 
	   Disk (KB)            : 255076      524288   1208198 
	   IoHeavy              :                            0 
	   Memory (MB)          :    160         512       512 

	Job terminated of its own accord at 2023-07-28T12:03:19Z with exit-code 0.
...
