000 (11188619.049.000) 2023-07-28 07:05:09 Job submitted from host: <128.104.101.92:9618?addrs=128.104.101.92-9618+[2607-f388-107c-501-a236-9fff-fe3c-caa8]-9618&alias=submit2.chtc.wisc.edu&noUDP&sock=schedd_1879732_618e>
...
040 (11188619.049.000) 2023-07-28 07:06:04 Started transferring input files
	Transferring to host: <128.105.69.180:9618?addrs=128.105.69.180-9618+[2607-f388-2200-100-1270-fdff-fe56-6844]-9618&alias=e2563.chtc.wisc.edu&noUDP&sock=slot1_52_1638361_4998_53630>
...
040 (11188619.049.000) 2023-07-28 07:06:05 Finished transferring input files
...
001 (11188619.049.000) 2023-07-28 07:06:06 Job executing on host: <128.105.69.180:9618?addrs=128.105.69.180-9618+[2607-f388-2200-100-1270-fdff-fe56-6844]-9618&alias=e2563.chtc.wisc.edu&noUDP&sock=startd_13448_c9b5>
	SlotName: slot1_52@e2563.chtc.wisc.edu
	CondorScratchDir = "/var/lib/condor/execute/slot1/dir_1521099"
	Cpus = 1
	Disk = 1208198
	IoHeavy = 0
	Memory = 512
...
006 (11188619.049.000) 2023-07-28 07:06:15 Image size of job updated: 381816
	316  -  MemoryUsage of job (MB)
	323396  -  ResidentSetSize of job (KB)
...
040 (11188619.049.000) 2023-07-28 07:07:18 Started transferring output files
...
040 (11188619.049.000) 2023-07-28 07:07:19 Finished transferring output files
...
005 (11188619.049.000) 2023-07-28 07:07:19 Job terminated.
	(1) Normal termination (return value 0)
		Usr 0 00:01:09, Sys 0 00:00:01  -  Run Remote Usage
		Usr 0 00:00:00, Sys 0 00:00:00  -  Run Local Usage
		Usr 0 00:01:09, Sys 0 00:00:01  -  Total Remote Usage
		Usr 0 00:00:00, Sys 0 00:00:00  -  Total Local Usage
	56583  -  Run Bytes Sent By Job
	32668728  -  Run Bytes Received By Job
	56583  -  Total Bytes Sent By Job
	32668728  -  Total Bytes Received By Job
	Partitionable Resources :     Usage  Request Allocated 
	   Cpus                 :      1.00        1         1 
	   Disk (KB)            : 255077      524288   1208198 
	   IoHeavy              :                            0 
	   Memory (MB)          :    316         512       512 

	Job terminated of its own accord at 2023-07-28T12:07:18Z with exit-code 0.
...
