000 (11188619.018.000) 2023-07-28 07:05:09 Job submitted from host: <128.104.101.92:9618?addrs=128.104.101.92-9618+[2607-f388-107c-501-a236-9fff-fe3c-caa8]-9618&alias=submit2.chtc.wisc.edu&noUDP&sock=schedd_1879732_618e>
...
040 (11188619.018.000) 2023-07-28 07:06:05 Started transferring input files
	Transferring to host: <128.105.69.218:9618?addrs=128.105.69.218-9618&alias=e2601.chtc.wisc.edu&noUDP&sock=slot1_54_3204662_0946_52716>
...
040 (11188619.018.000) 2023-07-28 07:06:12 Finished transferring input files
...
001 (11188619.018.000) 2023-07-28 07:06:13 Job executing on host: <128.105.69.218:9618?addrs=128.105.69.218-9618&alias=e2601.chtc.wisc.edu&noUDP&sock=startd_19055_b93a>
	SlotName: slot1_54@e2601.chtc.wisc.edu
	CondorScratchDir = "/var/lib/condor/execute/slot1/dir_3600075"
	Cpus = 1
	Disk = 1458998
	IoHeavy = 0
	Memory = 512
...
006 (11188619.018.000) 2023-07-28 07:06:21 Image size of job updated: 264792
	256  -  MemoryUsage of job (MB)
	261884  -  ResidentSetSize of job (KB)
...
006 (11188619.018.000) 2023-07-28 07:11:21 Image size of job updated: 381820
	333  -  MemoryUsage of job (MB)
	340072  -  ResidentSetSize of job (KB)
...
040 (11188619.018.000) 2023-07-28 07:24:38 Started transferring output files
...
040 (11188619.018.000) 2023-07-28 07:24:39 Finished transferring output files
...
005 (11188619.018.000) 2023-07-28 07:24:39 Job terminated.
	(1) Normal termination (return value 0)
		Usr 0 00:18:00, Sys 0 00:00:12  -  Run Remote Usage
		Usr 0 00:00:00, Sys 0 00:00:00  -  Run Local Usage
		Usr 0 00:18:00, Sys 0 00:00:12  -  Total Remote Usage
		Usr 0 00:00:00, Sys 0 00:00:00  -  Total Local Usage
	57031  -  Run Bytes Sent By Job
	32668728  -  Run Bytes Received By Job
	57031  -  Total Bytes Sent By Job
	32668728  -  Total Bytes Received By Job
	Partitionable Resources :     Usage  Request Allocated 
	   Cpus                 :      0.99        1         1 
	   Disk (KB)            : 255752      524288   1458998 
	   IoHeavy              :                            0 
	   Memory (MB)          :    333         512       512 

	Job terminated of its own accord at 2023-07-28T12:24:38Z with exit-code 0.
...
