000 (11188619.056.000) 2023-07-28 07:05:09 Job submitted from host: <128.104.101.92:9618?addrs=128.104.101.92-9618+[2607-f388-107c-501-a236-9fff-fe3c-caa8]-9618&alias=submit2.chtc.wisc.edu&noUDP&sock=schedd_1879732_618e>
...
040 (11188619.056.000) 2023-07-28 07:06:04 Started transferring input files
	Transferring to host: <128.105.69.171:9618?addrs=128.105.69.171-9618+[2607-f388-2200-100-1270-fdff-fe56-76ac]-9618&alias=e2554.chtc.wisc.edu&noUDP&sock=slot1_18_2358843_08cb_57194>
...
040 (11188619.056.000) 2023-07-28 07:06:06 Finished transferring input files
...
001 (11188619.056.000) 2023-07-28 07:06:07 Job executing on host: <128.105.69.171:9618?addrs=128.105.69.171-9618+[2607-f388-2200-100-1270-fdff-fe56-76ac]-9618&alias=e2554.chtc.wisc.edu&noUDP&sock=startd_14106_1f06>
	SlotName: slot1_18@e2554.chtc.wisc.edu
	CondorScratchDir = "/var/lib/condor/execute/slot1/dir_3704950"
	Cpus = 1
	Disk = 1208198
	IoHeavy = 0
	Memory = 512
...
006 (11188619.056.000) 2023-07-28 07:06:16 Image size of job updated: 382296
	317  -  MemoryUsage of job (MB)
	323856  -  ResidentSetSize of job (KB)
...
040 (11188619.056.000) 2023-07-28 07:07:11 Started transferring output files
...
040 (11188619.056.000) 2023-07-28 07:07:11 Finished transferring output files
...
005 (11188619.056.000) 2023-07-28 07:07:11 Job terminated.
	(1) Normal termination (return value 0)
		Usr 0 00:01:00, Sys 0 00:00:00  -  Run Remote Usage
		Usr 0 00:00:00, Sys 0 00:00:00  -  Run Local Usage
		Usr 0 00:01:00, Sys 0 00:00:00  -  Total Remote Usage
		Usr 0 00:00:00, Sys 0 00:00:00  -  Total Local Usage
	56536  -  Run Bytes Sent By Job
	32668728  -  Run Bytes Received By Job
	56536  -  Total Bytes Sent By Job
	32668728  -  Total Bytes Received By Job
	Partitionable Resources :     Usage  Request Allocated 
	   Cpus                 :      0.99        1         1 
	   Disk (KB)            : 255077      524288   1208198 
	   IoHeavy              :                            0 
	   Memory (MB)          :    317         512       512 

	Job terminated of its own accord at 2023-07-28T12:07:11Z with exit-code 0.
...
