000 (11188619.045.000) 2023-07-28 07:05:09 Job submitted from host: <128.104.101.92:9618?addrs=128.104.101.92-9618+[2607-f388-107c-501-a236-9fff-fe3c-caa8]-9618&alias=submit2.chtc.wisc.edu&noUDP&sock=schedd_1879732_618e>
...
040 (11188619.045.000) 2023-07-28 07:06:03 Started transferring input files
	Transferring to host: <128.105.69.176:9618?addrs=128.105.69.176-9618+[2607-f388-2200-100-1270-fdff-fe56-771c]-9618&alias=e2559.chtc.wisc.edu&noUDP&sock=slot1_36_1707561_f296_56785>
...
040 (11188619.045.000) 2023-07-28 07:06:05 Finished transferring input files
...
001 (11188619.045.000) 2023-07-28 07:06:06 Job executing on host: <128.105.69.176:9618?addrs=128.105.69.176-9618+[2607-f388-2200-100-1270-fdff-fe56-771c]-9618&alias=e2559.chtc.wisc.edu&noUDP&sock=startd_12913_d28a>
	SlotName: slot1_36@e2559.chtc.wisc.edu
	CondorScratchDir = "/var/lib/condor/execute/slot1/dir_2688751"
	Cpus = 1
	Disk = 1208198
	IoHeavy = 0
	Memory = 512
...
006 (11188619.045.000) 2023-07-28 07:06:15 Image size of job updated: 382244
	317  -  MemoryUsage of job (MB)
	324608  -  ResidentSetSize of job (KB)
...
040 (11188619.045.000) 2023-07-28 07:08:30 Started transferring output files
...
040 (11188619.045.000) 2023-07-28 07:08:31 Finished transferring output files
...
005 (11188619.045.000) 2023-07-28 07:08:31 Job terminated.
	(1) Normal termination (return value 0)
		Usr 0 00:02:19, Sys 0 00:00:01  -  Run Remote Usage
		Usr 0 00:00:00, Sys 0 00:00:00  -  Run Local Usage
		Usr 0 00:02:19, Sys 0 00:00:01  -  Total Remote Usage
		Usr 0 00:00:00, Sys 0 00:00:00  -  Total Local Usage
	56981  -  Run Bytes Sent By Job
	32668728  -  Run Bytes Received By Job
	56981  -  Total Bytes Sent By Job
	32668728  -  Total Bytes Received By Job
	Partitionable Resources :     Usage  Request Allocated 
	   Cpus                 :      0.99        1         1 
	   Disk (KB)            : 255077      524288   1208198 
	   IoHeavy              :                            0 
	   Memory (MB)          :    317         512       512 

	Job terminated of its own accord at 2023-07-28T12:08:30Z with exit-code 0.
...
