000 (11188619.024.000) 2023-07-28 07:05:09 Job submitted from host: <128.104.101.92:9618?addrs=128.104.101.92-9618+[2607-f388-107c-501-a236-9fff-fe3c-caa8]-9618&alias=submit2.chtc.wisc.edu&noUDP&sock=schedd_1879732_618e>
...
040 (11188619.024.000) 2023-07-28 07:06:00 Started transferring input files
	Transferring to host: <128.105.69.164:9618?addrs=128.105.69.164-9618+[2607-f388-2200-100-1270-fdff-fe56-c2ec]-9618&alias=e4097.chtc.wisc.edu&noUDP&sock=slot1_12_3584328_1455_61124>
...
040 (11188619.024.000) 2023-07-28 07:06:02 Finished transferring input files
...
001 (11188619.024.000) 2023-07-28 07:06:03 Job executing on host: <128.105.69.164:9618?addrs=128.105.69.164-9618+[2607-f388-2200-100-1270-fdff-fe56-c2ec]-9618&alias=e4097.chtc.wisc.edu&noUDP&sock=startd_16809_2784>
	SlotName: slot1_12@e4097.chtc.wisc.edu
	CondorScratchDir = "/var/lib/condor/execute/slot1/dir_247116"
	Cpus = 1
	Disk = 1208198
	IoHeavy = 0
	Memory = 512
...
006 (11188619.024.000) 2023-07-28 07:06:12 Image size of job updated: 382868
	240  -  MemoryUsage of job (MB)
	245220  -  ResidentSetSize of job (KB)
...
006 (11188619.024.000) 2023-07-28 07:11:13 Image size of job updated: 382868
	322  -  MemoryUsage of job (MB)
	329036  -  ResidentSetSize of job (KB)
...
040 (11188619.024.000) 2023-07-28 07:11:28 Started transferring output files
...
040 (11188619.024.000) 2023-07-28 07:11:28 Finished transferring output files
...
005 (11188619.024.000) 2023-07-28 07:11:28 Job terminated.
	(1) Normal termination (return value 0)
		Usr 0 00:05:17, Sys 0 00:00:02  -  Run Remote Usage
		Usr 0 00:00:00, Sys 0 00:00:00  -  Run Local Usage
		Usr 0 00:05:17, Sys 0 00:00:02  -  Total Remote Usage
		Usr 0 00:00:00, Sys 0 00:00:00  -  Total Local Usage
	57080  -  Run Bytes Sent By Job
	32668728  -  Run Bytes Received By Job
	57080  -  Total Bytes Sent By Job
	32668728  -  Total Bytes Received By Job
	Partitionable Resources :     Usage  Request Allocated 
	   Cpus                 :      0.99        1         1 
	   Disk (KB)            : 255077      524288   1208198 
	   IoHeavy              :                            0 
	   Memory (MB)          :    322         512       512 

	Job terminated of its own accord at 2023-07-28T12:11:28Z with exit-code 0.
...
