000 (11188619.015.000) 2023-07-28 07:05:09 Job submitted from host: <128.104.101.92:9618?addrs=128.104.101.92-9618+[2607-f388-107c-501-a236-9fff-fe3c-caa8]-9618&alias=submit2.chtc.wisc.edu&noUDP&sock=schedd_1879732_618e>
...
040 (11188619.015.000) 2023-07-28 07:05:59 Started transferring input files
	Transferring to host: <128.105.69.219:9618?addrs=128.105.69.219-9618&alias=e2602.chtc.wisc.edu&noUDP&sock=slot1_3_2200493_2263_49207>
...
040 (11188619.015.000) 2023-07-28 07:06:01 Finished transferring input files
...
001 (11188619.015.000) 2023-07-28 07:06:03 Job executing on host: <128.105.69.219:9618?addrs=128.105.69.219-9618&alias=e2602.chtc.wisc.edu&noUDP&sock=startd_18812_0bb7>
	SlotName: slot1_3@e2602.chtc.wisc.edu
	CondorScratchDir = "/var/lib/condor/execute/slot1/dir_2716997"
	Cpus = 1
	Disk = 1458998
	IoHeavy = 0
	Memory = 512
...
006 (11188619.015.000) 2023-07-28 07:06:11 Image size of job updated: 381748
	256  -  MemoryUsage of job (MB)
	261856  -  ResidentSetSize of job (KB)
...
006 (11188619.015.000) 2023-07-28 07:11:11 Image size of job updated: 381748
	333  -  MemoryUsage of job (MB)
	340480  -  ResidentSetSize of job (KB)
...
040 (11188619.015.000) 2023-07-28 07:18:15 Started transferring output files
...
040 (11188619.015.000) 2023-07-28 07:18:15 Finished transferring output files
...
005 (11188619.015.000) 2023-07-28 07:18:16 Job terminated.
	(1) Normal termination (return value 0)
		Usr 0 00:11:58, Sys 0 00:00:04  -  Run Remote Usage
		Usr 0 00:00:00, Sys 0 00:00:00  -  Run Local Usage
		Usr 0 00:11:58, Sys 0 00:00:04  -  Total Remote Usage
		Usr 0 00:00:00, Sys 0 00:00:00  -  Total Local Usage
	57039  -  Run Bytes Sent By Job
	32668728  -  Run Bytes Received By Job
	57039  -  Total Bytes Sent By Job
	32668728  -  Total Bytes Received By Job
	Partitionable Resources :     Usage  Request Allocated 
	   Cpus                 :      0.99        1         1 
	   Disk (KB)            : 255076      524288   1458998 
	   IoHeavy              :                            0 
	   Memory (MB)          :    333         512       512 

	Job terminated of its own accord at 2023-07-28T12:18:15Z with exit-code 0.
...
