000 (11188619.008.000) 2023-07-28 07:05:09 Job submitted from host: <128.104.101.92:9618?addrs=128.104.101.92-9618+[2607-f388-107c-501-a236-9fff-fe3c-caa8]-9618&alias=submit2.chtc.wisc.edu&noUDP&sock=schedd_1879732_618e>
...
040 (11188619.008.000) 2023-07-28 07:05:52 Started transferring input files
	Transferring to host: <128.105.69.151:9618?addrs=128.105.69.151-9618+[2607-f388-2200-100-1270-fdff-fe56-7334]-9618&alias=e4028.chtc.wisc.edu&noUDP&sock=slot1_89_466780_7c9f_56473>
...
040 (11188619.008.000) 2023-07-28 07:05:54 Finished transferring input files
...
001 (11188619.008.000) 2023-07-28 07:05:55 Job executing on host: <128.105.69.151:9618?addrs=128.105.69.151-9618+[2607-f388-2200-100-1270-fdff-fe56-7334]-9618&alias=e4028.chtc.wisc.edu&noUDP&sock=startd_15849_ac99>
	SlotName: slot1_89@e4028.chtc.wisc.edu
	CondorScratchDir = "/var/lib/condor/execute/slot1/dir_3504008"
	Cpus = 1
	Disk = 1208198
	IoHeavy = 0
	Memory = 512
...
006 (11188619.008.000) 2023-07-28 07:06:04 Image size of job updated: 275440
	148  -  MemoryUsage of job (MB)
	150592  -  ResidentSetSize of job (KB)
...
006 (11188619.008.000) 2023-07-28 07:11:05 Image size of job updated: 275440
	230  -  MemoryUsage of job (MB)
	235432  -  ResidentSetSize of job (KB)
...
006 (11188619.008.000) 2023-07-28 07:16:06 Image size of job updated: 275440
	232  -  MemoryUsage of job (MB)
	237096  -  ResidentSetSize of job (KB)
...
006 (11188619.008.000) 2023-07-28 07:21:06 Image size of job updated: 275440
	235  -  MemoryUsage of job (MB)
	240628  -  ResidentSetSize of job (KB)
...
040 (11188619.008.000) 2023-07-28 07:33:21 Started transferring output files
...
040 (11188619.008.000) 2023-07-28 07:33:21 Finished transferring output files
...
005 (11188619.008.000) 2023-07-28 07:33:23 Job terminated.
	(1) Normal termination (return value 0)
		Usr 0 00:26:55, Sys 0 00:00:04  -  Run Remote Usage
		Usr 0 00:00:00, Sys 0 00:00:00  -  Run Local Usage
		Usr 0 00:26:55, Sys 0 00:00:04  -  Total Remote Usage
		Usr 0 00:00:00, Sys 0 00:00:00  -  Total Local Usage
	56030  -  Run Bytes Sent By Job
	32668728  -  Run Bytes Received By Job
	56030  -  Total Bytes Sent By Job
	32668728  -  Total Bytes Received By Job
	Partitionable Resources :     Usage  Request Allocated 
	   Cpus                 :      0.99        1         1 
	   Disk (KB)            : 255076      524288   1208198 
	   IoHeavy              :                            0 
	   Memory (MB)          :    235         512       512 

	Job terminated of its own accord at 2023-07-28T12:33:20Z with exit-code 0.
...
