000 (11188619.003.000) 2023-07-28 07:05:09 Job submitted from host: <128.104.101.92:9618?addrs=128.104.101.92-9618+[2607-f388-107c-501-a236-9fff-fe3c-caa8]-9618&alias=submit2.chtc.wisc.edu&noUDP&sock=schedd_1879732_618e>
...
040 (11188619.003.000) 2023-07-28 07:05:52 Started transferring input files
	Transferring to host: <128.105.69.151:9618?addrs=128.105.69.151-9618+[2607-f388-2200-100-1270-fdff-fe56-7334]-9618&alias=e4028.chtc.wisc.edu&noUDP&sock=slot1_87_466780_7c9f_56471>
...
040 (11188619.003.000) 2023-07-28 07:05:53 Finished transferring input files
...
001 (11188619.003.000) 2023-07-28 07:05:54 Job executing on host: <128.105.69.151:9618?addrs=128.105.69.151-9618+[2607-f388-2200-100-1270-fdff-fe56-7334]-9618&alias=e4028.chtc.wisc.edu&noUDP&sock=startd_15849_ac99>
	SlotName: slot1_87@e4028.chtc.wisc.edu
	CondorScratchDir = "/var/lib/condor/execute/slot1/dir_3504000"
	Cpus = 1
	Disk = 1208198
	IoHeavy = 0
	Memory = 512
...
006 (11188619.003.000) 2023-07-28 07:06:03 Image size of job updated: 382056
	242  -  MemoryUsage of job (MB)
	247136  -  ResidentSetSize of job (KB)
...
006 (11188619.003.000) 2023-07-28 07:11:03 Image size of job updated: 382056
	330  -  MemoryUsage of job (MB)
	337356  -  ResidentSetSize of job (KB)
...
006 (11188619.003.000) 2023-07-28 07:16:03 Image size of job updated: 382056
	337  -  MemoryUsage of job (MB)
	344908  -  ResidentSetSize of job (KB)
...
006 (11188619.003.000) 2023-07-28 07:26:04 Image size of job updated: 382056
	338  -  MemoryUsage of job (MB)
	345608  -  ResidentSetSize of job (KB)
...
