000 (11188619.064.000) 2023-07-28 07:05:09 Job submitted from host: <128.104.101.92:9618?addrs=128.104.101.92-9618+[2607-f388-107c-501-a236-9fff-fe3c-caa8]-9618&alias=submit2.chtc.wisc.edu&noUDP&sock=schedd_1879732_618e>
...
040 (11188619.064.000) 2023-07-28 07:06:05 Started transferring input files
	Transferring to host: <128.105.69.205:9618?addrs=128.105.69.205-9618+[2607-f388-2200-100-eaeb-d3ff-fe40-294c]-9618&alias=e2588.chtc.wisc.edu&noUDP&sock=slot1_57_3681644_014a_46675>
...
040 (11188619.064.000) 2023-07-28 07:06:06 Finished transferring input files
...
001 (11188619.064.000) 2023-07-28 07:06:08 Job executing on host: <128.105.69.205:9618?addrs=128.105.69.205-9618+[2607-f388-2200-100-eaeb-d3ff-fe40-294c]-9618&alias=e2588.chtc.wisc.edu&noUDP&sock=startd_16569_88c9>
	SlotName: slot1_57@e2588.chtc.wisc.edu
	CondorScratchDir = "/var/lib/condor/execute/slot1/dir_2220165"
	Cpus = 1
	Disk = 1458998
	IoHeavy = 0
	Memory = 512
...
006 (11188619.064.000) 2023-07-28 07:06:16 Image size of job updated: 421000
	357  -  MemoryUsage of job (MB)
	365356  -  ResidentSetSize of job (KB)
...
040 (11188619.064.000) 2023-07-28 07:07:22 Started transferring output files
...
040 (11188619.064.000) 2023-07-28 07:07:22 Finished transferring output files
...
005 (11188619.064.000) 2023-07-28 07:07:22 Job terminated.
	(1) Normal termination (return value 0)
		Usr 0 00:01:10, Sys 0 00:00:00  -  Run Remote Usage
		Usr 0 00:00:00, Sys 0 00:00:00  -  Run Local Usage
		Usr 0 00:01:10, Sys 0 00:00:00  -  Total Remote Usage
		Usr 0 00:00:00, Sys 0 00:00:00  -  Total Local Usage
	56481  -  Run Bytes Sent By Job
	32668728  -  Run Bytes Received By Job
	56481  -  Total Bytes Sent By Job
	32668728  -  Total Bytes Received By Job
	Partitionable Resources :     Usage  Request Allocated 
	   Cpus                 :      0.99        1         1 
	   Disk (KB)            : 255077      524288   1458998 
	   IoHeavy              :                            0 
	   Memory (MB)          :    357         512       512 

	Job terminated of its own accord at 2023-07-28T12:07:22Z with exit-code 0.
...
