000 (11188617.038.000) 2023-07-28 07:00:37 Job submitted from host: <128.104.101.92:9618?addrs=128.104.101.92-9618+[2607-f388-107c-501-a236-9fff-fe3c-caa8]-9618&alias=submit2.chtc.wisc.edu&noUDP&sock=schedd_1879732_618e>
...
040 (11188617.038.000) 2023-07-28 07:01:36 Started transferring input files
	Transferring to host: <128.105.69.240:9618?addrs=128.105.69.240-9618+[2607-f388-2200-100-eaeb-d3ff-fe40-1544]-9618&alias=e2623.chtc.wisc.edu&noUDP&sock=slot1_82_69960_e616_55097>
...
040 (11188617.038.000) 2023-07-28 07:01:39 Finished transferring input files
...
001 (11188617.038.000) 2023-07-28 07:01:40 Job executing on host: <128.105.69.240:9618?addrs=128.105.69.240-9618+[2607-f388-2200-100-eaeb-d3ff-fe40-1544]-9618&alias=e2623.chtc.wisc.edu&noUDP&sock=startd_18675_133d>
	SlotName: slot1_82@e2623.chtc.wisc.edu
	CondorScratchDir = "/var/lib/condor/execute/slot1/dir_697151"
	Cpus = 1
	Disk = 1458998
	IoHeavy = 0
	Memory = 512
...
006 (11188617.038.000) 2023-07-28 07:01:49 Image size of job updated: 382456
	256  -  MemoryUsage of job (MB)
	261340  -  ResidentSetSize of job (KB)
...
040 (11188617.038.000) 2023-07-28 07:03:12 Started transferring output files
...
040 (11188617.038.000) 2023-07-28 07:03:12 Finished transferring output files
...
005 (11188617.038.000) 2023-07-28 07:03:13 Job terminated.
	(1) Normal termination (return value 0)
		Usr 0 00:01:28, Sys 0 00:00:01  -  Run Remote Usage
		Usr 0 00:00:00, Sys 0 00:00:00  -  Run Local Usage
		Usr 0 00:01:28, Sys 0 00:00:01  -  Total Remote Usage
		Usr 0 00:00:00, Sys 0 00:00:00  -  Total Local Usage
	56276  -  Run Bytes Sent By Job
	32668696  -  Run Bytes Received By Job
	56276  -  Total Bytes Sent By Job
	32668696  -  Total Bytes Received By Job
	Partitionable Resources :     Usage  Request Allocated 
	   Cpus                 :      0.99        1         1 
	   Disk (KB)            : 255076      524288   1458998 
	   IoHeavy              :                            0 
	   Memory (MB)          :    256         512       512 

	Job terminated of its own accord at 2023-07-28T12:03:12Z with exit-code 0.
...
