000 (11188619.014.000) 2023-07-28 07:05:09 Job submitted from host: <128.104.101.92:9618?addrs=128.104.101.92-9618+[2607-f388-107c-501-a236-9fff-fe3c-caa8]-9618&alias=submit2.chtc.wisc.edu&noUDP&sock=schedd_1879732_618e>
...
040 (11188619.014.000) 2023-07-28 07:05:59 Started transferring input files
	Transferring to host: <128.105.69.168:9618?addrs=128.105.69.168-9618+[2607-f388-2200-100-1270-fdff-fe56-768c]-9618&alias=e2551.chtc.wisc.edu&noUDP&sock=slot1_12_2837716_623c_56602>
...
040 (11188619.014.000) 2023-07-28 07:06:01 Finished transferring input files
...
001 (11188619.014.000) 2023-07-28 07:06:03 Job executing on host: <128.105.69.168:9618?addrs=128.105.69.168-9618+[2607-f388-2200-100-1270-fdff-fe56-768c]-9618&alias=e2551.chtc.wisc.edu&noUDP&sock=startd_12968_8c3f>
	SlotName: slot1_12@e2551.chtc.wisc.edu
	CondorScratchDir = "/var/lib/condor/execute/slot1/dir_3986067"
	Cpus = 1
	Disk = 1208198
	IoHeavy = 0
	Memory = 512
...
006 (11188619.014.000) 2023-07-28 07:06:11 Image size of job updated: 275040
	156  -  MemoryUsage of job (MB)
	159728  -  ResidentSetSize of job (KB)
...
006 (11188619.014.000) 2023-07-28 07:11:11 Image size of job updated: 275040
	226  -  MemoryUsage of job (MB)
	230976  -  ResidentSetSize of job (KB)
...
006 (11188619.014.000) 2023-07-28 07:16:12 Image size of job updated: 275040
	229  -  MemoryUsage of job (MB)
	234032  -  ResidentSetSize of job (KB)
...
040 (11188619.014.000) 2023-07-28 07:17:20 Started transferring output files
...
040 (11188619.014.000) 2023-07-28 07:17:20 Finished transferring output files
...
005 (11188619.014.000) 2023-07-28 07:17:20 Job terminated.
	(1) Normal termination (return value 0)
		Usr 0 00:11:04, Sys 0 00:00:03  -  Run Remote Usage
		Usr 0 00:00:00, Sys 0 00:00:00  -  Run Local Usage
		Usr 0 00:11:04, Sys 0 00:00:03  -  Total Remote Usage
		Usr 0 00:00:00, Sys 0 00:00:00  -  Total Local Usage
	57051  -  Run Bytes Sent By Job
	32668728  -  Run Bytes Received By Job
	57051  -  Total Bytes Sent By Job
	32668728  -  Total Bytes Received By Job
	Partitionable Resources :     Usage  Request Allocated 
	   Cpus                 :      1.01        1         1 
	   Disk (KB)            : 255077      524288   1208198 
	   IoHeavy              :                            0 
	   Memory (MB)          :    229         512       512 

	Job terminated of its own accord at 2023-07-28T12:17:20Z with exit-code 0.
...
