000 (11188619.044.000) 2023-07-28 07:05:09 Job submitted from host: <128.104.101.92:9618?addrs=128.104.101.92-9618+[2607-f388-107c-501-a236-9fff-fe3c-caa8]-9618&alias=submit2.chtc.wisc.edu&noUDP&sock=schedd_1879732_618e>
...
040 (11188619.044.000) 2023-07-28 07:06:06 Started transferring input files
	Transferring to host: <128.105.69.92:9618?addrs=128.105.69.92-9618+[2607-f388-2200-100-1270-fdff-fe56-689c]-9618&alias=e4003.chtc.wisc.edu&noUDP&sock=slot1_53_3137456_5459_55239>
...
040 (11188619.044.000) 2023-07-28 07:06:08 Finished transferring input files
...
001 (11188619.044.000) 2023-07-28 07:06:09 Job executing on host: <128.105.69.92:9618?addrs=128.105.69.92-9618+[2607-f388-2200-100-1270-fdff-fe56-689c]-9618&alias=e4003.chtc.wisc.edu&noUDP&sock=startd_14115_4b60>
	SlotName: slot1_53@e4003.chtc.wisc.edu
	CondorScratchDir = "/var/lib/condor/execute/slot1/dir_1542908"
	Cpus = 1
	Disk = 1268229
	IoHeavy = 0
	Memory = 512
...
006 (11188619.044.000) 2023-07-28 07:06:17 Image size of job updated: 386540
	323  -  MemoryUsage of job (MB)
	329912  -  ResidentSetSize of job (KB)
...
040 (11188619.044.000) 2023-07-28 07:08:24 Started transferring output files
...
040 (11188619.044.000) 2023-07-28 07:08:25 Finished transferring output files
...
005 (11188619.044.000) 2023-07-28 07:08:25 Job terminated.
	(1) Normal termination (return value 0)
		Usr 0 00:02:11, Sys 0 00:00:01  -  Run Remote Usage
		Usr 0 00:00:00, Sys 0 00:00:00  -  Run Local Usage
		Usr 0 00:02:11, Sys 0 00:00:01  -  Total Remote Usage
		Usr 0 00:00:00, Sys 0 00:00:00  -  Total Local Usage
	57039  -  Run Bytes Sent By Job
	32668728  -  Run Bytes Received By Job
	57039  -  Total Bytes Sent By Job
	32668728  -  Total Bytes Received By Job
	Partitionable Resources :     Usage  Request Allocated 
	   Cpus                 :      0.99        1         1 
	   Disk (KB)            : 255060      524288   1268229 
	   IoHeavy              :                            0 
	   Memory (MB)          :    323         512       512 

	Job terminated of its own accord at 2023-07-28T12:08:24Z with exit-code 0.
...
