000 (11188619.066.000) 2023-07-28 07:05:09 Job submitted from host: <128.104.101.92:9618?addrs=128.104.101.92-9618+[2607-f388-107c-501-a236-9fff-fe3c-caa8]-9618&alias=submit2.chtc.wisc.edu&noUDP&sock=schedd_1879732_618e>
...
040 (11188619.066.000) 2023-07-28 07:06:09 Started transferring input files
	Transferring to host: <128.105.69.91:9618?addrs=128.105.69.91-9618+[2607-f388-2200-100-1270-fdff-fe56-41c4]-9618&alias=e4002.chtc.wisc.edu&noUDP&sock=slot1_49_2067452_b6e1_63436>
...
040 (11188619.066.000) 2023-07-28 07:06:11 Finished transferring input files
...
001 (11188619.066.000) 2023-07-28 07:06:12 Job executing on host: <128.105.69.91:9618?addrs=128.105.69.91-9618+[2607-f388-2200-100-1270-fdff-fe56-41c4]-9618&alias=e4002.chtc.wisc.edu&noUDP&sock=startd_14707_5b71>
	SlotName: slot1_49@e4002.chtc.wisc.edu
	CondorScratchDir = "/var/lib/condor/execute/slot1/dir_121814"
	Cpus = 1
	Disk = 1268229
	IoHeavy = 0
	Memory = 512
...
006 (11188619.066.000) 2023-07-28 07:06:20 Image size of job updated: 386840
	321  -  MemoryUsage of job (MB)
	328568  -  ResidentSetSize of job (KB)
...
040 (11188619.066.000) 2023-07-28 07:07:22 Started transferring output files
...
040 (11188619.066.000) 2023-07-28 07:07:22 Finished transferring output files
...
005 (11188619.066.000) 2023-07-28 07:07:23 Job terminated.
	(1) Normal termination (return value 0)
		Usr 0 00:01:07, Sys 0 00:00:01  -  Run Remote Usage
		Usr 0 00:00:00, Sys 0 00:00:00  -  Run Local Usage
		Usr 0 00:01:07, Sys 0 00:00:01  -  Total Remote Usage
		Usr 0 00:00:00, Sys 0 00:00:00  -  Total Local Usage
	56768  -  Run Bytes Sent By Job
	32668728  -  Run Bytes Received By Job
	56768  -  Total Bytes Sent By Job
	32668728  -  Total Bytes Received By Job
	Partitionable Resources :     Usage  Request Allocated 
	   Cpus                 :      0.98        1         1 
	   Disk (KB)            : 255060      524288   1268229 
	   IoHeavy              :                            0 
	   Memory (MB)          :    321         512       512 

	Job terminated of its own accord at 2023-07-28T12:07:22Z with exit-code 0.
...
