000 (11188619.001.000) 2023-07-28 07:05:09 Job submitted from host: <128.104.101.92:9618?addrs=128.104.101.92-9618+[2607-f388-107c-501-a236-9fff-fe3c-caa8]-9618&alias=submit2.chtc.wisc.edu&noUDP&sock=schedd_1879732_618e>
...
040 (11188619.001.000) 2023-07-28 07:05:32 Started transferring input files
	Transferring to host: <128.105.69.125:9618?addrs=128.105.69.125-9618+[2607-f388-2200-100-1270-fdff-fe56-79f4]-9618&alias=e4074.chtc.wisc.edu&noUDP&sock=slot1_80_932987_7e4d_45311>
...
040 (11188619.001.000) 2023-07-28 07:05:36 Finished transferring input files
...
001 (11188619.001.000) 2023-07-28 07:05:37 Job executing on host: <128.105.69.125:9618?addrs=128.105.69.125-9618+[2607-f388-2200-100-1270-fdff-fe56-79f4]-9618&alias=e4074.chtc.wisc.edu&noUDP&sock=startd_17118_1a48>
	SlotName: slot1_80@e4074.chtc.wisc.edu
	CondorScratchDir = "/var/lib/condor/execute/slot1/dir_821351"
	Cpus = 1
	Disk = 1208198
	IoHeavy = 0
	Memory = 512
...
006 (11188619.001.000) 2023-07-28 07:05:46 Image size of job updated: 334460
	327  -  MemoryUsage of job (MB)
	334460  -  ResidentSetSize of job (KB)
...
006 (11188619.001.000) 2023-07-28 07:10:47 Image size of job updated: 382428
	342  -  MemoryUsage of job (MB)
	349480  -  ResidentSetSize of job (KB)
...
006 (11188619.001.000) 2023-07-28 07:20:48 Image size of job updated: 382428
	347  -  MemoryUsage of job (MB)
	355184  -  ResidentSetSize of job (KB)
...
006 (11188619.001.000) 2023-07-28 07:30:49 Image size of job updated: 382428
	352  -  MemoryUsage of job (MB)
	359632  -  ResidentSetSize of job (KB)
...
