000 (11188619.030.000) 2023-07-28 07:05:09 Job submitted from host: <128.104.101.92:9618?addrs=128.104.101.92-9618+[2607-f388-107c-501-a236-9fff-fe3c-caa8]-9618&alias=submit2.chtc.wisc.edu&noUDP&sock=schedd_1879732_618e>
...
040 (11188619.030.000) 2023-07-28 07:06:00 Started transferring input files
	Transferring to host: <128.105.69.230:9618?addrs=128.105.69.230-9618+[2607-f388-2200-100-eaeb-d3ff-fe40-17bc]-9618&alias=e2613.chtc.wisc.edu&noUDP&sock=slot1_61_457915_4ad6_55982>
...
040 (11188619.030.000) 2023-07-28 07:06:02 Finished transferring input files
...
001 (11188619.030.000) 2023-07-28 07:06:04 Job executing on host: <128.105.69.230:9618?addrs=128.105.69.230-9618+[2607-f388-2200-100-eaeb-d3ff-fe40-17bc]-9618&alias=e2613.chtc.wisc.edu&noUDP&sock=startd_18882_0f58>
	SlotName: slot1_61@e2613.chtc.wisc.edu
	CondorScratchDir = "/var/lib/condor/execute/slot1/dir_1276205"
	Cpus = 1
	Disk = 1458998
	IoHeavy = 0
	Memory = 512
...
006 (11188619.030.000) 2023-07-28 07:06:12 Image size of job updated: 382948
	257  -  MemoryUsage of job (MB)
	262264  -  ResidentSetSize of job (KB)
...
006 (11188619.030.000) 2023-07-28 07:08:28 Image size of job updated: 382948
	258  -  MemoryUsage of job (MB)
	263288  -  ResidentSetSize of job (KB)
...
040 (11188619.030.000) 2023-07-28 07:08:28 Started transferring output files
...
040 (11188619.030.000) 2023-07-28 07:08:28 Finished transferring output files
...
005 (11188619.030.000) 2023-07-28 07:08:28 Job terminated.
	(1) Normal termination (return value 0)
		Usr 0 00:02:20, Sys 0 00:00:01  -  Run Remote Usage
		Usr 0 00:00:00, Sys 0 00:00:00  -  Run Local Usage
		Usr 0 00:02:20, Sys 0 00:00:01  -  Total Remote Usage
		Usr 0 00:00:00, Sys 0 00:00:00  -  Total Local Usage
	56974  -  Run Bytes Sent By Job
	32668728  -  Run Bytes Received By Job
	56974  -  Total Bytes Sent By Job
	32668728  -  Total Bytes Received By Job
	Partitionable Resources :     Usage  Request Allocated 
	   Cpus                 :      0.99        1         1 
	   Disk (KB)            : 255077      524288   1458998 
	   IoHeavy              :                            0 
	   Memory (MB)          :    258         512       512 

	Job terminated of its own accord at 2023-07-28T12:08:28Z with exit-code 0.
...
