035 (11142057.-01.000) 2023-07-20 20:07:46 Cluster submitted from host: <128.104.101.92:9618?addrs=128.104.101.92-9618+[2607-f388-107c-501-a236-9fff-fe3c-caa8]-9618&alias=submit2.chtc.wisc.edu&noUDP&sock=schedd_1879732_618e>
...
000 (11142057.000.000) 2023-07-20 20:07:47 Job submitted from host: <128.104.101.92:9618?addrs=128.104.101.92-9618+[2607-f388-107c-501-a236-9fff-fe3c-caa8]-9618&alias=submit2.chtc.wisc.edu&noUDP&sock=schedd_1879732_618e>
...
040 (11142057.000.000) 2023-07-20 20:09:11 Started transferring input files
	Transferring to host: <128.105.69.173:9618?addrs=128.105.69.173-9618+[2607-f388-2200-100-1270-fdff-fe56-6fbc]-9618&alias=e2556.chtc.wisc.edu&noUDP&sock=slot1_22_2705793_b227_13628>
...
040 (11142057.000.000) 2023-07-20 20:09:15 Finished transferring input files
...
001 (11142057.000.000) 2023-07-20 20:09:16 Job executing on host: <128.105.69.173:9618?addrs=128.105.69.173-9618+[2607-f388-2200-100-1270-fdff-fe56-6fbc]-9618&alias=e2556.chtc.wisc.edu&noUDP&sock=startd_13671_bf53>
	SlotName: slot1_22@e2556.chtc.wisc.edu
	CondorScratchDir = "/var/lib/condor/execute/slot1/dir_81630"
	Cpus = 1
	Disk = 1208198
	IoHeavy = 0
	Memory = 512
...
006 (11142057.000.000) 2023-07-20 20:09:24 Image size of job updated: 276088
	215  -  MemoryUsage of job (MB)
	219812  -  ResidentSetSize of job (KB)
...
006 (11142057.000.000) 2023-07-20 20:09:37 Image size of job updated: 283396
	216  -  MemoryUsage of job (MB)
	220324  -  ResidentSetSize of job (KB)
...
040 (11142057.000.000) 2023-07-20 20:09:39 Started transferring output files
...
040 (11142057.000.000) 2023-07-20 20:09:40 Finished transferring output files
...
005 (11142057.000.000) 2023-07-20 20:09:46 Job terminated.
	(1) Normal termination (return value 0)
		Usr 0 00:00:14, Sys 0 00:00:04  -  Run Remote Usage
		Usr 0 00:00:00, Sys 0 00:00:00  -  Run Local Usage
		Usr 0 00:00:14, Sys 0 00:00:04  -  Total Remote Usage
		Usr 0 00:00:00, Sys 0 00:00:00  -  Total Local Usage
	3586  -  Run Bytes Sent By Job
	32631232  -  Run Bytes Received By Job
	3586  -  Total Bytes Sent By Job
	32631232  -  Total Bytes Received By Job
	Partitionable Resources :    Usage  Request Allocated 
	   Cpus                 :                 1         1 
	   Disk (KB)            :   256001   524288   1208198 
	   IoHeavy              :                           0 
	   Memory (MB)          :      216      512       512 

	Job terminated of its own accord at 2023-07-21T01:09:37Z with exit-code 0.
...
036 (11142057.-01.000) 2023-07-20 20:09:49 Cluster removed
	Materialized 1 jobs from 0 items.	Complete
...
