035 (11178196.-01.000) 2023-07-26 22:30:24 Cluster submitted from host: <128.104.101.92:9618?addrs=128.104.101.92-9618+[2607-f388-107c-501-a236-9fff-fe3c-caa8]-9618&alias=submit2.chtc.wisc.edu&noUDP&sock=schedd_1879732_618e>
...
000 (11178196.000.000) 2023-07-26 22:30:24 Job submitted from host: <128.104.101.92:9618?addrs=128.104.101.92-9618+[2607-f388-107c-501-a236-9fff-fe3c-caa8]-9618&alias=submit2.chtc.wisc.edu&noUDP&sock=schedd_1879732_618e>
...
040 (11178196.000.000) 2023-07-26 22:31:04 Started transferring input files
	Transferring to host: <128.105.69.204:9618?addrs=128.105.69.204-9618+[2607-f388-2200-100-1270-fdff-fe56-b85c]-9618&alias=e4035.chtc.wisc.edu&noUDP&sock=slot1_79_364591_1783_45230>
...
040 (11178196.000.000) 2023-07-26 22:31:07 Finished transferring input files
...
001 (11178196.000.000) 2023-07-26 22:31:08 Job executing on host: <128.105.69.204:9618?addrs=128.105.69.204-9618+[2607-f388-2200-100-1270-fdff-fe56-b85c]-9618&alias=e4035.chtc.wisc.edu&noUDP&sock=startd_11684_d4a5>
	SlotName: slot1_79@e4035.chtc.wisc.edu
	CondorScratchDir = "/var/lib/condor/execute/slot1/dir_3846191"
	Cpus = 1
	Disk = 1208198
	IoHeavy = 0
	Memory = 512
...
006 (11178196.000.000) 2023-07-26 22:31:16 Image size of job updated: 385556
	330  -  MemoryUsage of job (MB)
	337112  -  ResidentSetSize of job (KB)
...
006 (11178196.000.000) 2023-07-26 22:31:17 Image size of job updated: 385556
	337  -  MemoryUsage of job (MB)
	344536  -  ResidentSetSize of job (KB)
...
040 (11178196.000.000) 2023-07-26 22:31:17 Started transferring output files
...
040 (11178196.000.000) 2023-07-26 22:31:17 Finished transferring output files
...
005 (11178196.000.000) 2023-07-26 22:31:17 Job terminated.
	(1) Normal termination (return value 0)
		Usr 0 00:00:06, Sys 0 00:00:01  -  Run Remote Usage
		Usr 0 00:00:00, Sys 0 00:00:00  -  Run Local Usage
		Usr 0 00:00:06, Sys 0 00:00:01  -  Total Remote Usage
		Usr 0 00:00:00, Sys 0 00:00:00  -  Total Local Usage
	3461  -  Run Bytes Sent By Job
	32631600  -  Run Bytes Received By Job
	3461  -  Total Bytes Sent By Job
	32631600  -  Total Bytes Received By Job
	Partitionable Resources :     Usage  Request Allocated 
	   Cpus                 :      0.63        1         1 
	   Disk (KB)            : 256315      524288   1208198 
	   IoHeavy              :                            0 
	   Memory (MB)          :    337         512       512 

	Job terminated of its own accord at 2023-07-27T03:31:17Z with exit-code 0.
...
036 (11178196.-01.000) 2023-07-26 22:31:18 Cluster removed
	Materialized 1 jobs from 0 items.	Complete
...
