035 (11174991.-01.000) 2023-07-26 11:47:50 Cluster submitted from host: <128.104.101.92:9618?addrs=128.104.101.92-9618+[2607-f388-107c-501-a236-9fff-fe3c-caa8]-9618&alias=submit2.chtc.wisc.edu&noUDP&sock=schedd_1879732_618e>
...
000 (11174991.000.000) 2023-07-26 11:47:50 Job submitted from host: <128.104.101.92:9618?addrs=128.104.101.92-9618+[2607-f388-107c-501-a236-9fff-fe3c-caa8]-9618&alias=submit2.chtc.wisc.edu&noUDP&sock=schedd_1879732_618e>
...
040 (11174991.000.000) 2023-07-26 11:49:52 Started transferring input files
	Transferring to host: <128.105.69.189:9618?addrs=128.105.69.189-9618+[2607-f388-2200-100-1270-fdff-fe56-644c]-9618&alias=e4042.chtc.wisc.edu&noUDP&sock=slot1_69_2084910_7467_34320>
...
040 (11174991.000.000) 2023-07-26 11:49:54 Finished transferring input files
...
001 (11174991.000.000) 2023-07-26 11:49:55 Job executing on host: <128.105.69.189:9618?addrs=128.105.69.189-9618+[2607-f388-2200-100-1270-fdff-fe56-644c]-9618&alias=e4042.chtc.wisc.edu&noUDP&sock=startd_15959_2004>
	SlotName: slot1_69@e4042.chtc.wisc.edu
	CondorScratchDir = "/var/lib/condor/execute/slot1/dir_3342291"
	Cpus = 1
	Disk = 1208198
	IoHeavy = 0
	Memory = 512
...
006 (11174991.000.000) 2023-07-26 11:50:03 Image size of job updated: 405524
	378  -  MemoryUsage of job (MB)
	386492  -  ResidentSetSize of job (KB)
...
040 (11174991.000.000) 2023-07-26 11:50:04 Started transferring output files
...
040 (11174991.000.000) 2023-07-26 11:50:04 Finished transferring output files
...
005 (11174991.000.000) 2023-07-26 11:50:04 Job terminated.
	(1) Normal termination (return value 0)
		Usr 0 00:00:05, Sys 0 00:00:01  -  Run Remote Usage
		Usr 0 00:00:00, Sys 0 00:00:00  -  Run Local Usage
		Usr 0 00:00:05, Sys 0 00:00:01  -  Total Remote Usage
		Usr 0 00:00:00, Sys 0 00:00:00  -  Total Local Usage
	3583  -  Run Bytes Sent By Job
	32631600  -  Run Bytes Received By Job
	3583  -  Total Bytes Sent By Job
	32631600  -  Total Bytes Received By Job
	Partitionable Resources :    Usage  Request Allocated 
	   Cpus                 :                 1         1 
	   Disk (KB)            :   256308   524288   1208198 
	   IoHeavy              :                           0 
	   Memory (MB)          :      378      512       512 

	Job terminated of its own accord at 2023-07-26T16:50:03Z with exit-code 0.
...
036 (11174991.-01.000) 2023-07-26 11:50:05 Cluster removed
	Materialized 1 jobs from 0 items.	Complete
...
