035 (11392255.-01.000) 2023-08-02 20:39:43 Cluster submitted from host: <128.104.101.92:9618?addrs=128.104.101.92-9618+[2607-f388-107c-501-a236-9fff-fe3c-caa8]-9618&alias=submit2.chtc.wisc.edu&noUDP&sock=schedd_1879732_618e>
...
000 (11392255.000.000) 2023-08-02 20:39:43 Job submitted from host: <128.104.101.92:9618?addrs=128.104.101.92-9618+[2607-f388-107c-501-a236-9fff-fe3c-caa8]-9618&alias=submit2.chtc.wisc.edu&noUDP&sock=schedd_1879732_618e>
...
040 (11392255.000.000) 2023-08-02 20:41:18 Started transferring input files
	Transferring to host: <128.105.69.184:9618?addrs=128.105.69.184-9618+[2607-f388-2200-100-1270-fdff-fe56-bbfc]-9618&alias=e4036.chtc.wisc.edu&noUDP&sock=slot1_88_2525334_015d_73356>
...
040 (11392255.000.000) 2023-08-02 20:41:20 Finished transferring input files
...
001 (11392255.000.000) 2023-08-02 20:41:21 Job executing on host: <128.105.69.184:9618?addrs=128.105.69.184-9618+[2607-f388-2200-100-1270-fdff-fe56-bbfc]-9618&alias=e4036.chtc.wisc.edu&noUDP&sock=startd_15747_b5f0>
	SlotName: slot1_88@e4036.chtc.wisc.edu
	CondorScratchDir = "/var/lib/condor/execute/slot1/dir_373563"
	Cpus = 1
	Disk = 1208198
	IoHeavy = 0
	Memory = 512
...
006 (11392255.000.000) 2023-08-02 20:41:30 Image size of job updated: 414936
	267  -  MemoryUsage of job (MB)
	273104  -  ResidentSetSize of job (KB)
...
040 (11392255.000.000) 2023-08-02 20:41:31 Started transferring output files
...
040 (11392255.000.000) 2023-08-02 20:41:31 Finished transferring output files
...
005 (11392255.000.000) 2023-08-02 20:41:31 Job terminated.
	(1) Normal termination (return value 0)
		Usr 0 00:00:06, Sys 0 00:00:01  -  Run Remote Usage
		Usr 0 00:00:00, Sys 0 00:00:00  -  Run Local Usage
		Usr 0 00:00:06, Sys 0 00:00:01  -  Total Remote Usage
		Usr 0 00:00:00, Sys 0 00:00:00  -  Total Local Usage
	3783  -  Run Bytes Sent By Job
	32631608  -  Run Bytes Received By Job
	3783  -  Total Bytes Sent By Job
	32631608  -  Total Bytes Received By Job
	Partitionable Resources :    Usage  Request Allocated 
	   Cpus                 :                 1         1 
	   Disk (KB)            :   255077   524288   1208198 
	   IoHeavy              :                           0 
	   Memory (MB)          :      267      512       512 

	Job terminated of its own accord at 2023-08-03T01:41:30Z with exit-code 0.
...
036 (11392255.-01.000) 2023-08-02 20:41:31 Cluster removed
	Materialized 1 jobs from 0 items.	Complete
...
