035 (11392340.-01.000) 2023-08-03 09:05:00 Cluster submitted from host: <128.104.101.92:9618?addrs=128.104.101.92-9618+[2607-f388-107c-501-a236-9fff-fe3c-caa8]-9618&alias=submit2.chtc.wisc.edu&noUDP&sock=schedd_1879732_618e>
...
000 (11392340.000.000) 2023-08-03 09:05:00 Job submitted from host: <128.104.101.92:9618?addrs=128.104.101.92-9618+[2607-f388-107c-501-a236-9fff-fe3c-caa8]-9618&alias=submit2.chtc.wisc.edu&noUDP&sock=schedd_1879732_618e>
...
040 (11392340.000.000) 2023-08-03 09:06:16 Started transferring input files
	Transferring to host: <128.105.69.178:9618?addrs=128.105.69.178-9618+[2607-f388-2200-100-1270-fdff-fe56-c31c]-9618&alias=e2561.chtc.wisc.edu&noUDP&sock=slot1_42_3305409_6966_80544>
...
040 (11392340.000.000) 2023-08-03 09:06:18 Finished transferring input files
...
001 (11392340.000.000) 2023-08-03 09:06:19 Job executing on host: <128.105.69.178:9618?addrs=128.105.69.178-9618+[2607-f388-2200-100-1270-fdff-fe56-c31c]-9618&alias=e2561.chtc.wisc.edu&noUDP&sock=startd_13913_bd3e>
	SlotName: slot1_42@e2561.chtc.wisc.edu
	CondorScratchDir = "/var/lib/condor/execute/slot1/dir_450693"
	Cpus = 1
	Disk = 1208198
	IoHeavy = 0
	Memory = 512
...
006 (11392340.000.000) 2023-08-03 09:06:28 Image size of job updated: 287480
	89  -  MemoryUsage of job (MB)
	90164  -  ResidentSetSize of job (KB)
...
040 (11392340.000.000) 2023-08-03 09:06:28 Started transferring output files
...
040 (11392340.000.000) 2023-08-03 09:06:28 Finished transferring output files
...
005 (11392340.000.000) 2023-08-03 09:06:28 Job terminated.
	(1) Normal termination (return value 0)
		Usr 0 00:00:06, Sys 0 00:00:01  -  Run Remote Usage
		Usr 0 00:00:00, Sys 0 00:00:00  -  Run Local Usage
		Usr 0 00:00:06, Sys 0 00:00:01  -  Total Remote Usage
		Usr 0 00:00:00, Sys 0 00:00:00  -  Total Local Usage
	3724  -  Run Bytes Sent By Job
	32631612  -  Run Bytes Received By Job
	3724  -  Total Bytes Sent By Job
	32631612  -  Total Bytes Received By Job
	Partitionable Resources :    Usage  Request Allocated 
	   Cpus                 :                 1         1 
	   Disk (KB)            :   255078   524288   1208198 
	   IoHeavy              :                           0 
	   Memory (MB)          :       89      512       512 

	Job terminated of its own accord at 2023-08-03T14:06:28Z with exit-code 0.
...
036 (11392340.-01.000) 2023-08-03 09:06:28 Cluster removed
	Materialized 1 jobs from 0 items.	Complete
...
