035 (11178195.-01.000) 2023-07-26 22:29:12 Cluster submitted from host: <128.104.101.92:9618?addrs=128.104.101.92-9618+[2607-f388-107c-501-a236-9fff-fe3c-caa8]-9618&alias=submit2.chtc.wisc.edu&noUDP&sock=schedd_1879732_618e>
...
000 (11178195.000.000) 2023-07-26 22:29:12 Job submitted from host: <128.104.101.92:9618?addrs=128.104.101.92-9618+[2607-f388-107c-501-a236-9fff-fe3c-caa8]-9618&alias=submit2.chtc.wisc.edu&noUDP&sock=schedd_1879732_618e>
...
040 (11178195.000.000) 2023-07-26 22:31:04 Started transferring input files
	Transferring to host: <128.105.69.133:9618?addrs=128.105.69.133-9618+[2607-f388-2200-100-1270-fdff-fe56-70f4]-9618&alias=e4082.chtc.wisc.edu&noUDP&sock=slot1_177_1181635_80cc_44810>
...
040 (11178195.000.000) 2023-07-26 22:31:07 Finished transferring input files
...
001 (11178195.000.000) 2023-07-26 22:31:08 Job executing on host: <128.105.69.133:9618?addrs=128.105.69.133-9618+[2607-f388-2200-100-1270-fdff-fe56-70f4]-9618&alias=e4082.chtc.wisc.edu&noUDP&sock=startd_11675_a84a>
	SlotName: slot1_177@e4082.chtc.wisc.edu
	CondorScratchDir = "/var/lib/condor/execute/slot1/dir_2403054"
	Cpus = 1
	Disk = 1208198
	IoHeavy = 0
	Memory = 512
...
006 (11178195.000.000) 2023-07-26 22:31:16 Image size of job updated: 276092
	214  -  MemoryUsage of job (MB)
	218560  -  ResidentSetSize of job (KB)
...
006 (11178195.000.000) 2023-07-26 22:31:20 Image size of job updated: 276600
	219  -  MemoryUsage of job (MB)
	223924  -  ResidentSetSize of job (KB)
...
040 (11178195.000.000) 2023-07-26 22:31:20 Started transferring output files
...
040 (11178195.000.000) 2023-07-26 22:31:20 Finished transferring output files
...
005 (11178195.000.000) 2023-07-26 22:31:20 Job terminated.
	(1) Normal termination (return value 0)
		Usr 0 00:00:08, Sys 0 00:00:01  -  Run Remote Usage
		Usr 0 00:00:00, Sys 0 00:00:00  -  Run Local Usage
		Usr 0 00:00:08, Sys 0 00:00:01  -  Total Remote Usage
		Usr 0 00:00:00, Sys 0 00:00:00  -  Total Local Usage
	3461  -  Run Bytes Sent By Job
	32631600  -  Run Bytes Received By Job
	3461  -  Total Bytes Sent By Job
	32631600  -  Total Bytes Received By Job
	Partitionable Resources :    Usage  Request Allocated 
	   Cpus                 :                 1         1 
	   Disk (KB)            :   255956   524288   1208198 
	   IoHeavy              :                           0 
	   Memory (MB)          :      219      512       512 

	Job terminated of its own accord at 2023-07-27T03:31:20Z with exit-code 0.
...
036 (11178195.-01.000) 2023-07-26 22:31:20 Cluster removed
	Materialized 1 jobs from 0 items.	Complete
...
